[2023-10-29T01:01:03.455+0000] {processor.py:157} INFO - Started process (PID=3615) to work on /usr/local/lib/python3.10/dist-packages/airflow/example_dags/example_sensors.py
[2023-10-29T01:01:03.456+0000] {processor.py:829} INFO - Processing file /usr/local/lib/python3.10/dist-packages/airflow/example_dags/example_sensors.py for tasks to queue
[2023-10-29T01:01:03.456+0000] {logging_mixin.py:151} INFO - [2023-10-29T01:01:03.456+0000] {dagbag.py:536} INFO - Filling up the DagBag from /usr/local/lib/python3.10/dist-packages/airflow/example_dags/example_sensors.py
[2023-10-29T01:01:03.469+0000] {processor.py:839} INFO - DAG(s) dict_keys(['example_sensors']) retrieved from /usr/local/lib/python3.10/dist-packages/airflow/example_dags/example_sensors.py
[2023-10-29T01:01:03.694+0000] {logging_mixin.py:151} INFO - [2023-10-29T01:01:03.693+0000] {manager.py:499} INFO - Created Permission View: %s
[2023-10-29T01:01:03.706+0000] {logging_mixin.py:151} INFO - [2023-10-29T01:01:03.706+0000] {manager.py:499} INFO - Created Permission View: %s
[2023-10-29T01:01:03.716+0000] {logging_mixin.py:151} INFO - [2023-10-29T01:01:03.716+0000] {manager.py:499} INFO - Created Permission View: %s
[2023-10-29T01:01:03.717+0000] {logging_mixin.py:151} INFO - [2023-10-29T01:01:03.716+0000] {dag.py:2941} INFO - Sync 1 DAGs
[2023-10-29T01:01:03.727+0000] {logging_mixin.py:151} INFO - [2023-10-29T01:01:03.727+0000] {dag.py:2963} INFO - Creating ORM DAG for example_sensors
[2023-10-29T01:01:03.728+0000] {logging_mixin.py:151} INFO - [2023-10-29T01:01:03.728+0000] {dag.py:3722} INFO - Setting next_dagrun for example_sensors to None, run_after=None
[2023-10-29T01:01:03.750+0000] {processor.py:179} INFO - Processing /usr/local/lib/python3.10/dist-packages/airflow/example_dags/example_sensors.py took 0.298 seconds
[2023-10-29T01:01:55.444+0000] {processor.py:157} INFO - Started process (PID=3666) to work on /usr/local/lib/python3.10/dist-packages/airflow/example_dags/example_sensors.py
[2023-10-29T01:01:55.445+0000] {processor.py:829} INFO - Processing file /usr/local/lib/python3.10/dist-packages/airflow/example_dags/example_sensors.py for tasks to queue
[2023-10-29T01:01:55.446+0000] {logging_mixin.py:151} INFO - [2023-10-29T01:01:55.445+0000] {dagbag.py:536} INFO - Filling up the DagBag from /usr/local/lib/python3.10/dist-packages/airflow/example_dags/example_sensors.py
[2023-10-29T01:01:55.456+0000] {processor.py:839} INFO - DAG(s) dict_keys(['example_sensors']) retrieved from /usr/local/lib/python3.10/dist-packages/airflow/example_dags/example_sensors.py
[2023-10-29T01:01:55.477+0000] {logging_mixin.py:151} INFO - [2023-10-29T01:01:55.477+0000] {dag.py:2941} INFO - Sync 1 DAGs
[2023-10-29T01:01:55.489+0000] {logging_mixin.py:151} INFO - [2023-10-29T01:01:55.488+0000] {dag.py:3722} INFO - Setting next_dagrun for example_sensors to None, run_after=None
[2023-10-29T01:01:55.510+0000] {processor.py:179} INFO - Processing /usr/local/lib/python3.10/dist-packages/airflow/example_dags/example_sensors.py took 0.070 seconds
[2023-10-29T01:02:33.630+0000] {processor.py:157} INFO - Started process (PID=3703) to work on /usr/local/lib/python3.10/dist-packages/airflow/example_dags/example_sensors.py
[2023-10-29T01:02:33.632+0000] {processor.py:829} INFO - Processing file /usr/local/lib/python3.10/dist-packages/airflow/example_dags/example_sensors.py for tasks to queue
[2023-10-29T01:02:33.632+0000] {logging_mixin.py:151} INFO - [2023-10-29T01:02:33.632+0000] {dagbag.py:536} INFO - Filling up the DagBag from /usr/local/lib/python3.10/dist-packages/airflow/example_dags/example_sensors.py
[2023-10-29T01:02:33.644+0000] {processor.py:839} INFO - DAG(s) dict_keys(['example_sensors']) retrieved from /usr/local/lib/python3.10/dist-packages/airflow/example_dags/example_sensors.py
[2023-10-29T01:02:33.665+0000] {logging_mixin.py:151} INFO - [2023-10-29T01:02:33.664+0000] {dag.py:2941} INFO - Sync 1 DAGs
[2023-10-29T01:02:33.676+0000] {logging_mixin.py:151} INFO - [2023-10-29T01:02:33.676+0000] {dag.py:3722} INFO - Setting next_dagrun for example_sensors to None, run_after=None
[2023-10-29T01:02:33.698+0000] {processor.py:179} INFO - Processing /usr/local/lib/python3.10/dist-packages/airflow/example_dags/example_sensors.py took 0.072 seconds
[2023-10-29T01:03:14.975+0000] {processor.py:157} INFO - Started process (PID=3749) to work on /usr/local/lib/python3.10/dist-packages/airflow/example_dags/example_sensors.py
[2023-10-29T01:03:14.976+0000] {processor.py:829} INFO - Processing file /usr/local/lib/python3.10/dist-packages/airflow/example_dags/example_sensors.py for tasks to queue
[2023-10-29T01:03:14.977+0000] {logging_mixin.py:151} INFO - [2023-10-29T01:03:14.976+0000] {dagbag.py:536} INFO - Filling up the DagBag from /usr/local/lib/python3.10/dist-packages/airflow/example_dags/example_sensors.py
[2023-10-29T01:03:14.988+0000] {processor.py:839} INFO - DAG(s) dict_keys(['example_sensors']) retrieved from /usr/local/lib/python3.10/dist-packages/airflow/example_dags/example_sensors.py
[2023-10-29T01:03:15.009+0000] {logging_mixin.py:151} INFO - [2023-10-29T01:03:15.009+0000] {dag.py:2941} INFO - Sync 1 DAGs
[2023-10-29T01:03:15.020+0000] {logging_mixin.py:151} INFO - [2023-10-29T01:03:15.020+0000] {dag.py:3722} INFO - Setting next_dagrun for example_sensors to None, run_after=None
[2023-10-29T01:03:15.042+0000] {processor.py:179} INFO - Processing /usr/local/lib/python3.10/dist-packages/airflow/example_dags/example_sensors.py took 0.071 seconds
[2023-10-29T01:03:56.684+0000] {processor.py:157} INFO - Started process (PID=3792) to work on /usr/local/lib/python3.10/dist-packages/airflow/example_dags/example_sensors.py
[2023-10-29T01:03:56.685+0000] {processor.py:829} INFO - Processing file /usr/local/lib/python3.10/dist-packages/airflow/example_dags/example_sensors.py for tasks to queue
[2023-10-29T01:03:56.686+0000] {logging_mixin.py:151} INFO - [2023-10-29T01:03:56.686+0000] {dagbag.py:536} INFO - Filling up the DagBag from /usr/local/lib/python3.10/dist-packages/airflow/example_dags/example_sensors.py
[2023-10-29T01:03:56.697+0000] {processor.py:839} INFO - DAG(s) dict_keys(['example_sensors']) retrieved from /usr/local/lib/python3.10/dist-packages/airflow/example_dags/example_sensors.py
[2023-10-29T01:03:56.718+0000] {logging_mixin.py:151} INFO - [2023-10-29T01:03:56.718+0000] {dag.py:2941} INFO - Sync 1 DAGs
[2023-10-29T01:03:56.729+0000] {logging_mixin.py:151} INFO - [2023-10-29T01:03:56.729+0000] {dag.py:3722} INFO - Setting next_dagrun for example_sensors to None, run_after=None
[2023-10-29T01:03:56.752+0000] {processor.py:179} INFO - Processing /usr/local/lib/python3.10/dist-packages/airflow/example_dags/example_sensors.py took 0.071 seconds
[2023-10-29T01:04:37.561+0000] {processor.py:157} INFO - Started process (PID=3835) to work on /usr/local/lib/python3.10/dist-packages/airflow/example_dags/example_sensors.py
[2023-10-29T01:04:37.562+0000] {processor.py:829} INFO - Processing file /usr/local/lib/python3.10/dist-packages/airflow/example_dags/example_sensors.py for tasks to queue
[2023-10-29T01:04:37.563+0000] {logging_mixin.py:151} INFO - [2023-10-29T01:04:37.563+0000] {dagbag.py:536} INFO - Filling up the DagBag from /usr/local/lib/python3.10/dist-packages/airflow/example_dags/example_sensors.py
[2023-10-29T01:04:37.574+0000] {processor.py:839} INFO - DAG(s) dict_keys(['example_sensors']) retrieved from /usr/local/lib/python3.10/dist-packages/airflow/example_dags/example_sensors.py
[2023-10-29T01:04:37.594+0000] {logging_mixin.py:151} INFO - [2023-10-29T01:04:37.594+0000] {dag.py:2941} INFO - Sync 1 DAGs
[2023-10-29T01:04:37.606+0000] {logging_mixin.py:151} INFO - [2023-10-29T01:04:37.606+0000] {dag.py:3722} INFO - Setting next_dagrun for example_sensors to None, run_after=None
[2023-10-29T01:04:37.628+0000] {processor.py:179} INFO - Processing /usr/local/lib/python3.10/dist-packages/airflow/example_dags/example_sensors.py took 0.070 seconds
[2023-10-29T01:05:20.725+0000] {processor.py:157} INFO - Started process (PID=3881) to work on /usr/local/lib/python3.10/dist-packages/airflow/example_dags/example_sensors.py
[2023-10-29T01:05:20.726+0000] {processor.py:829} INFO - Processing file /usr/local/lib/python3.10/dist-packages/airflow/example_dags/example_sensors.py for tasks to queue
[2023-10-29T01:05:20.727+0000] {logging_mixin.py:151} INFO - [2023-10-29T01:05:20.727+0000] {dagbag.py:536} INFO - Filling up the DagBag from /usr/local/lib/python3.10/dist-packages/airflow/example_dags/example_sensors.py
[2023-10-29T01:05:20.738+0000] {processor.py:839} INFO - DAG(s) dict_keys(['example_sensors']) retrieved from /usr/local/lib/python3.10/dist-packages/airflow/example_dags/example_sensors.py
[2023-10-29T01:05:20.759+0000] {logging_mixin.py:151} INFO - [2023-10-29T01:05:20.758+0000] {dag.py:2941} INFO - Sync 1 DAGs
[2023-10-29T01:05:20.770+0000] {logging_mixin.py:151} INFO - [2023-10-29T01:05:20.770+0000] {dag.py:3722} INFO - Setting next_dagrun for example_sensors to None, run_after=None
[2023-10-29T01:05:20.792+0000] {processor.py:179} INFO - Processing /usr/local/lib/python3.10/dist-packages/airflow/example_dags/example_sensors.py took 0.070 seconds
[2023-10-29T01:06:05.471+0000] {processor.py:157} INFO - Started process (PID=3928) to work on /usr/local/lib/python3.10/dist-packages/airflow/example_dags/example_sensors.py
[2023-10-29T01:06:05.473+0000] {processor.py:829} INFO - Processing file /usr/local/lib/python3.10/dist-packages/airflow/example_dags/example_sensors.py for tasks to queue
[2023-10-29T01:06:05.473+0000] {logging_mixin.py:151} INFO - [2023-10-29T01:06:05.473+0000] {dagbag.py:536} INFO - Filling up the DagBag from /usr/local/lib/python3.10/dist-packages/airflow/example_dags/example_sensors.py
[2023-10-29T01:06:05.484+0000] {processor.py:839} INFO - DAG(s) dict_keys(['example_sensors']) retrieved from /usr/local/lib/python3.10/dist-packages/airflow/example_dags/example_sensors.py
[2023-10-29T01:06:05.505+0000] {logging_mixin.py:151} INFO - [2023-10-29T01:06:05.504+0000] {dag.py:2941} INFO - Sync 1 DAGs
[2023-10-29T01:06:05.516+0000] {logging_mixin.py:151} INFO - [2023-10-29T01:06:05.516+0000] {dag.py:3722} INFO - Setting next_dagrun for example_sensors to None, run_after=None
[2023-10-29T01:06:05.538+0000] {processor.py:179} INFO - Processing /usr/local/lib/python3.10/dist-packages/airflow/example_dags/example_sensors.py took 0.070 seconds
[2023-10-29T01:06:50.797+0000] {processor.py:157} INFO - Started process (PID=3976) to work on /usr/local/lib/python3.10/dist-packages/airflow/example_dags/example_sensors.py
[2023-10-29T01:06:50.798+0000] {processor.py:829} INFO - Processing file /usr/local/lib/python3.10/dist-packages/airflow/example_dags/example_sensors.py for tasks to queue
[2023-10-29T01:06:50.799+0000] {logging_mixin.py:151} INFO - [2023-10-29T01:06:50.798+0000] {dagbag.py:536} INFO - Filling up the DagBag from /usr/local/lib/python3.10/dist-packages/airflow/example_dags/example_sensors.py
[2023-10-29T01:06:50.809+0000] {processor.py:839} INFO - DAG(s) dict_keys(['example_sensors']) retrieved from /usr/local/lib/python3.10/dist-packages/airflow/example_dags/example_sensors.py
[2023-10-29T01:06:50.830+0000] {logging_mixin.py:151} INFO - [2023-10-29T01:06:50.830+0000] {dag.py:2941} INFO - Sync 1 DAGs
[2023-10-29T01:06:50.842+0000] {logging_mixin.py:151} INFO - [2023-10-29T01:06:50.842+0000] {dag.py:3722} INFO - Setting next_dagrun for example_sensors to None, run_after=None
[2023-10-29T01:06:50.864+0000] {processor.py:179} INFO - Processing /usr/local/lib/python3.10/dist-packages/airflow/example_dags/example_sensors.py took 0.070 seconds
[2023-10-29T01:07:29.308+0000] {processor.py:157} INFO - Started process (PID=4017) to work on /usr/local/lib/python3.10/dist-packages/airflow/example_dags/example_sensors.py
[2023-10-29T01:07:29.309+0000] {processor.py:829} INFO - Processing file /usr/local/lib/python3.10/dist-packages/airflow/example_dags/example_sensors.py for tasks to queue
[2023-10-29T01:07:29.310+0000] {logging_mixin.py:151} INFO - [2023-10-29T01:07:29.310+0000] {dagbag.py:536} INFO - Filling up the DagBag from /usr/local/lib/python3.10/dist-packages/airflow/example_dags/example_sensors.py
[2023-10-29T01:07:29.321+0000] {processor.py:839} INFO - DAG(s) dict_keys(['example_sensors']) retrieved from /usr/local/lib/python3.10/dist-packages/airflow/example_dags/example_sensors.py
[2023-10-29T01:07:29.342+0000] {logging_mixin.py:151} INFO - [2023-10-29T01:07:29.342+0000] {dag.py:2941} INFO - Sync 1 DAGs
[2023-10-29T01:07:29.354+0000] {logging_mixin.py:151} INFO - [2023-10-29T01:07:29.353+0000] {dag.py:3722} INFO - Setting next_dagrun for example_sensors to None, run_after=None
[2023-10-29T01:07:29.376+0000] {processor.py:179} INFO - Processing /usr/local/lib/python3.10/dist-packages/airflow/example_dags/example_sensors.py took 0.072 seconds
[2023-10-29T01:08:15.577+0000] {processor.py:157} INFO - Started process (PID=4063) to work on /usr/local/lib/python3.10/dist-packages/airflow/example_dags/example_sensors.py
[2023-10-29T01:08:15.578+0000] {processor.py:829} INFO - Processing file /usr/local/lib/python3.10/dist-packages/airflow/example_dags/example_sensors.py for tasks to queue
[2023-10-29T01:08:15.579+0000] {logging_mixin.py:151} INFO - [2023-10-29T01:08:15.579+0000] {dagbag.py:536} INFO - Filling up the DagBag from /usr/local/lib/python3.10/dist-packages/airflow/example_dags/example_sensors.py
[2023-10-29T01:08:15.589+0000] {processor.py:839} INFO - DAG(s) dict_keys(['example_sensors']) retrieved from /usr/local/lib/python3.10/dist-packages/airflow/example_dags/example_sensors.py
[2023-10-29T01:08:15.610+0000] {logging_mixin.py:151} INFO - [2023-10-29T01:08:15.610+0000] {dag.py:2941} INFO - Sync 1 DAGs
[2023-10-29T01:08:15.621+0000] {logging_mixin.py:151} INFO - [2023-10-29T01:08:15.621+0000] {dag.py:3722} INFO - Setting next_dagrun for example_sensors to None, run_after=None
[2023-10-29T01:08:15.643+0000] {processor.py:179} INFO - Processing /usr/local/lib/python3.10/dist-packages/airflow/example_dags/example_sensors.py took 0.070 seconds
[2023-10-29T01:08:51.299+0000] {processor.py:157} INFO - Started process (PID=4099) to work on /usr/local/lib/python3.10/dist-packages/airflow/example_dags/example_sensors.py
[2023-10-29T01:08:51.301+0000] {processor.py:829} INFO - Processing file /usr/local/lib/python3.10/dist-packages/airflow/example_dags/example_sensors.py for tasks to queue
[2023-10-29T01:08:51.301+0000] {logging_mixin.py:151} INFO - [2023-10-29T01:08:51.301+0000] {dagbag.py:536} INFO - Filling up the DagBag from /usr/local/lib/python3.10/dist-packages/airflow/example_dags/example_sensors.py
[2023-10-29T01:08:51.312+0000] {processor.py:839} INFO - DAG(s) dict_keys(['example_sensors']) retrieved from /usr/local/lib/python3.10/dist-packages/airflow/example_dags/example_sensors.py
[2023-10-29T01:08:51.333+0000] {logging_mixin.py:151} INFO - [2023-10-29T01:08:51.333+0000] {dag.py:2941} INFO - Sync 1 DAGs
[2023-10-29T01:08:51.345+0000] {logging_mixin.py:151} INFO - [2023-10-29T01:08:51.345+0000] {dag.py:3722} INFO - Setting next_dagrun for example_sensors to None, run_after=None
[2023-10-29T01:08:51.367+0000] {processor.py:179} INFO - Processing /usr/local/lib/python3.10/dist-packages/airflow/example_dags/example_sensors.py took 0.071 seconds
[2023-10-29T01:09:37.879+0000] {processor.py:157} INFO - Started process (PID=4147) to work on /usr/local/lib/python3.10/dist-packages/airflow/example_dags/example_sensors.py
[2023-10-29T01:09:37.880+0000] {processor.py:829} INFO - Processing file /usr/local/lib/python3.10/dist-packages/airflow/example_dags/example_sensors.py for tasks to queue
[2023-10-29T01:09:37.881+0000] {logging_mixin.py:151} INFO - [2023-10-29T01:09:37.881+0000] {dagbag.py:536} INFO - Filling up the DagBag from /usr/local/lib/python3.10/dist-packages/airflow/example_dags/example_sensors.py
[2023-10-29T01:09:37.891+0000] {processor.py:839} INFO - DAG(s) dict_keys(['example_sensors']) retrieved from /usr/local/lib/python3.10/dist-packages/airflow/example_dags/example_sensors.py
[2023-10-29T01:09:37.913+0000] {logging_mixin.py:151} INFO - [2023-10-29T01:09:37.912+0000] {dag.py:2941} INFO - Sync 1 DAGs
[2023-10-29T01:09:37.924+0000] {logging_mixin.py:151} INFO - [2023-10-29T01:09:37.924+0000] {dag.py:3722} INFO - Setting next_dagrun for example_sensors to None, run_after=None
[2023-10-29T01:09:37.946+0000] {processor.py:179} INFO - Processing /usr/local/lib/python3.10/dist-packages/airflow/example_dags/example_sensors.py took 0.070 seconds
[2023-10-29T01:10:25.263+0000] {processor.py:157} INFO - Started process (PID=4194) to work on /usr/local/lib/python3.10/dist-packages/airflow/example_dags/example_sensors.py
[2023-10-29T01:10:25.264+0000] {processor.py:829} INFO - Processing file /usr/local/lib/python3.10/dist-packages/airflow/example_dags/example_sensors.py for tasks to queue
[2023-10-29T01:10:25.265+0000] {logging_mixin.py:151} INFO - [2023-10-29T01:10:25.265+0000] {dagbag.py:536} INFO - Filling up the DagBag from /usr/local/lib/python3.10/dist-packages/airflow/example_dags/example_sensors.py
[2023-10-29T01:10:25.275+0000] {processor.py:839} INFO - DAG(s) dict_keys(['example_sensors']) retrieved from /usr/local/lib/python3.10/dist-packages/airflow/example_dags/example_sensors.py
[2023-10-29T01:10:25.296+0000] {logging_mixin.py:151} INFO - [2023-10-29T01:10:25.296+0000] {dag.py:2941} INFO - Sync 1 DAGs
[2023-10-29T01:10:25.308+0000] {logging_mixin.py:151} INFO - [2023-10-29T01:10:25.308+0000] {dag.py:3722} INFO - Setting next_dagrun for example_sensors to None, run_after=None
[2023-10-29T01:10:25.331+0000] {processor.py:179} INFO - Processing /usr/local/lib/python3.10/dist-packages/airflow/example_dags/example_sensors.py took 0.071 seconds
[2023-10-29T01:11:11.615+0000] {processor.py:157} INFO - Started process (PID=4241) to work on /usr/local/lib/python3.10/dist-packages/airflow/example_dags/example_sensors.py
[2023-10-29T01:11:11.616+0000] {processor.py:829} INFO - Processing file /usr/local/lib/python3.10/dist-packages/airflow/example_dags/example_sensors.py for tasks to queue
[2023-10-29T01:11:11.617+0000] {logging_mixin.py:151} INFO - [2023-10-29T01:11:11.617+0000] {dagbag.py:536} INFO - Filling up the DagBag from /usr/local/lib/python3.10/dist-packages/airflow/example_dags/example_sensors.py
[2023-10-29T01:11:11.628+0000] {processor.py:839} INFO - DAG(s) dict_keys(['example_sensors']) retrieved from /usr/local/lib/python3.10/dist-packages/airflow/example_dags/example_sensors.py
[2023-10-29T01:11:11.649+0000] {logging_mixin.py:151} INFO - [2023-10-29T01:11:11.649+0000] {dag.py:2941} INFO - Sync 1 DAGs
[2023-10-29T01:11:11.660+0000] {logging_mixin.py:151} INFO - [2023-10-29T01:11:11.660+0000] {dag.py:3722} INFO - Setting next_dagrun for example_sensors to None, run_after=None
[2023-10-29T01:11:11.683+0000] {processor.py:179} INFO - Processing /usr/local/lib/python3.10/dist-packages/airflow/example_dags/example_sensors.py took 0.071 seconds
[2023-10-29T01:11:58.164+0000] {processor.py:157} INFO - Started process (PID=4664) to work on /usr/local/lib/python3.10/dist-packages/airflow/example_dags/example_sensors.py
[2023-10-29T01:11:58.165+0000] {processor.py:829} INFO - Processing file /usr/local/lib/python3.10/dist-packages/airflow/example_dags/example_sensors.py for tasks to queue
[2023-10-29T01:11:58.166+0000] {logging_mixin.py:151} INFO - [2023-10-29T01:11:58.166+0000] {dagbag.py:536} INFO - Filling up the DagBag from /usr/local/lib/python3.10/dist-packages/airflow/example_dags/example_sensors.py
[2023-10-29T01:11:58.176+0000] {processor.py:839} INFO - DAG(s) dict_keys(['example_sensors']) retrieved from /usr/local/lib/python3.10/dist-packages/airflow/example_dags/example_sensors.py
[2023-10-29T01:11:58.198+0000] {logging_mixin.py:151} INFO - [2023-10-29T01:11:58.197+0000] {dag.py:2941} INFO - Sync 1 DAGs
[2023-10-29T01:11:58.210+0000] {logging_mixin.py:151} INFO - [2023-10-29T01:11:58.210+0000] {dag.py:3722} INFO - Setting next_dagrun for example_sensors to None, run_after=None
[2023-10-29T01:11:58.232+0000] {processor.py:179} INFO - Processing /usr/local/lib/python3.10/dist-packages/airflow/example_dags/example_sensors.py took 0.072 seconds
[2023-10-29T01:12:41.828+0000] {processor.py:157} INFO - Started process (PID=4715) to work on /usr/local/lib/python3.10/dist-packages/airflow/example_dags/example_sensors.py
[2023-10-29T01:12:41.829+0000] {processor.py:829} INFO - Processing file /usr/local/lib/python3.10/dist-packages/airflow/example_dags/example_sensors.py for tasks to queue
[2023-10-29T01:12:41.830+0000] {logging_mixin.py:151} INFO - [2023-10-29T01:12:41.830+0000] {dagbag.py:536} INFO - Filling up the DagBag from /usr/local/lib/python3.10/dist-packages/airflow/example_dags/example_sensors.py
[2023-10-29T01:12:41.840+0000] {processor.py:839} INFO - DAG(s) dict_keys(['example_sensors']) retrieved from /usr/local/lib/python3.10/dist-packages/airflow/example_dags/example_sensors.py
[2023-10-29T01:12:41.861+0000] {logging_mixin.py:151} INFO - [2023-10-29T01:12:41.861+0000] {dag.py:2941} INFO - Sync 1 DAGs
[2023-10-29T01:12:41.873+0000] {logging_mixin.py:151} INFO - [2023-10-29T01:12:41.873+0000] {dag.py:3722} INFO - Setting next_dagrun for example_sensors to None, run_after=None
[2023-10-29T01:12:41.896+0000] {processor.py:179} INFO - Processing /usr/local/lib/python3.10/dist-packages/airflow/example_dags/example_sensors.py took 0.071 seconds
[2023-10-29T01:13:20.733+0000] {processor.py:157} INFO - Started process (PID=4757) to work on /usr/local/lib/python3.10/dist-packages/airflow/example_dags/example_sensors.py
[2023-10-29T01:13:20.735+0000] {processor.py:829} INFO - Processing file /usr/local/lib/python3.10/dist-packages/airflow/example_dags/example_sensors.py for tasks to queue
[2023-10-29T01:13:20.736+0000] {logging_mixin.py:151} INFO - [2023-10-29T01:13:20.735+0000] {dagbag.py:536} INFO - Filling up the DagBag from /usr/local/lib/python3.10/dist-packages/airflow/example_dags/example_sensors.py
[2023-10-29T01:13:20.746+0000] {processor.py:839} INFO - DAG(s) dict_keys(['example_sensors']) retrieved from /usr/local/lib/python3.10/dist-packages/airflow/example_dags/example_sensors.py
[2023-10-29T01:13:20.767+0000] {logging_mixin.py:151} INFO - [2023-10-29T01:13:20.767+0000] {dag.py:2941} INFO - Sync 1 DAGs
[2023-10-29T01:13:20.779+0000] {logging_mixin.py:151} INFO - [2023-10-29T01:13:20.779+0000] {dag.py:3722} INFO - Setting next_dagrun for example_sensors to None, run_after=None
[2023-10-29T01:13:20.801+0000] {processor.py:179} INFO - Processing /usr/local/lib/python3.10/dist-packages/airflow/example_dags/example_sensors.py took 0.071 seconds
[2023-10-29T01:14:03.009+0000] {processor.py:157} INFO - Started process (PID=4803) to work on /usr/local/lib/python3.10/dist-packages/airflow/example_dags/example_sensors.py
[2023-10-29T01:14:03.010+0000] {processor.py:829} INFO - Processing file /usr/local/lib/python3.10/dist-packages/airflow/example_dags/example_sensors.py for tasks to queue
[2023-10-29T01:14:03.011+0000] {logging_mixin.py:151} INFO - [2023-10-29T01:14:03.011+0000] {dagbag.py:536} INFO - Filling up the DagBag from /usr/local/lib/python3.10/dist-packages/airflow/example_dags/example_sensors.py
[2023-10-29T01:14:03.021+0000] {processor.py:839} INFO - DAG(s) dict_keys(['example_sensors']) retrieved from /usr/local/lib/python3.10/dist-packages/airflow/example_dags/example_sensors.py
[2023-10-29T01:14:03.042+0000] {logging_mixin.py:151} INFO - [2023-10-29T01:14:03.042+0000] {dag.py:2941} INFO - Sync 1 DAGs
[2023-10-29T01:14:03.053+0000] {logging_mixin.py:151} INFO - [2023-10-29T01:14:03.053+0000] {dag.py:3722} INFO - Setting next_dagrun for example_sensors to None, run_after=None
[2023-10-29T01:14:03.076+0000] {processor.py:179} INFO - Processing /usr/local/lib/python3.10/dist-packages/airflow/example_dags/example_sensors.py took 0.070 seconds
[2023-10-29T01:14:46.029+0000] {processor.py:157} INFO - Started process (PID=4850) to work on /usr/local/lib/python3.10/dist-packages/airflow/example_dags/example_sensors.py
[2023-10-29T01:14:46.030+0000] {processor.py:829} INFO - Processing file /usr/local/lib/python3.10/dist-packages/airflow/example_dags/example_sensors.py for tasks to queue
[2023-10-29T01:14:46.031+0000] {logging_mixin.py:151} INFO - [2023-10-29T01:14:46.030+0000] {dagbag.py:536} INFO - Filling up the DagBag from /usr/local/lib/python3.10/dist-packages/airflow/example_dags/example_sensors.py
[2023-10-29T01:14:46.041+0000] {processor.py:839} INFO - DAG(s) dict_keys(['example_sensors']) retrieved from /usr/local/lib/python3.10/dist-packages/airflow/example_dags/example_sensors.py
[2023-10-29T01:14:46.063+0000] {logging_mixin.py:151} INFO - [2023-10-29T01:14:46.062+0000] {dag.py:2941} INFO - Sync 1 DAGs
[2023-10-29T01:14:46.074+0000] {logging_mixin.py:151} INFO - [2023-10-29T01:14:46.074+0000] {dag.py:3722} INFO - Setting next_dagrun for example_sensors to None, run_after=None
[2023-10-29T01:14:46.095+0000] {processor.py:179} INFO - Processing /usr/local/lib/python3.10/dist-packages/airflow/example_dags/example_sensors.py took 0.070 seconds
[2023-10-29T01:15:28.417+0000] {processor.py:157} INFO - Started process (PID=4893) to work on /usr/local/lib/python3.10/dist-packages/airflow/example_dags/example_sensors.py
[2023-10-29T01:15:28.418+0000] {processor.py:829} INFO - Processing file /usr/local/lib/python3.10/dist-packages/airflow/example_dags/example_sensors.py for tasks to queue
[2023-10-29T01:15:28.419+0000] {logging_mixin.py:151} INFO - [2023-10-29T01:15:28.419+0000] {dagbag.py:536} INFO - Filling up the DagBag from /usr/local/lib/python3.10/dist-packages/airflow/example_dags/example_sensors.py
[2023-10-29T01:15:28.430+0000] {processor.py:839} INFO - DAG(s) dict_keys(['example_sensors']) retrieved from /usr/local/lib/python3.10/dist-packages/airflow/example_dags/example_sensors.py
[2023-10-29T01:15:28.451+0000] {logging_mixin.py:151} INFO - [2023-10-29T01:15:28.451+0000] {dag.py:2941} INFO - Sync 1 DAGs
[2023-10-29T01:15:28.462+0000] {logging_mixin.py:151} INFO - [2023-10-29T01:15:28.462+0000] {dag.py:3722} INFO - Setting next_dagrun for example_sensors to None, run_after=None
[2023-10-29T01:15:28.484+0000] {processor.py:179} INFO - Processing /usr/local/lib/python3.10/dist-packages/airflow/example_dags/example_sensors.py took 0.070 seconds
[2023-10-29T01:16:13.296+0000] {processor.py:157} INFO - Started process (PID=4939) to work on /usr/local/lib/python3.10/dist-packages/airflow/example_dags/example_sensors.py
[2023-10-29T01:16:13.297+0000] {processor.py:829} INFO - Processing file /usr/local/lib/python3.10/dist-packages/airflow/example_dags/example_sensors.py for tasks to queue
[2023-10-29T01:16:13.298+0000] {logging_mixin.py:151} INFO - [2023-10-29T01:16:13.297+0000] {dagbag.py:536} INFO - Filling up the DagBag from /usr/local/lib/python3.10/dist-packages/airflow/example_dags/example_sensors.py
[2023-10-29T01:16:13.308+0000] {processor.py:839} INFO - DAG(s) dict_keys(['example_sensors']) retrieved from /usr/local/lib/python3.10/dist-packages/airflow/example_dags/example_sensors.py
[2023-10-29T01:16:13.329+0000] {logging_mixin.py:151} INFO - [2023-10-29T01:16:13.329+0000] {dag.py:2941} INFO - Sync 1 DAGs
[2023-10-29T01:16:13.340+0000] {logging_mixin.py:151} INFO - [2023-10-29T01:16:13.340+0000] {dag.py:3722} INFO - Setting next_dagrun for example_sensors to None, run_after=None
[2023-10-29T01:16:13.362+0000] {processor.py:179} INFO - Processing /usr/local/lib/python3.10/dist-packages/airflow/example_dags/example_sensors.py took 0.069 seconds
[2023-10-29T01:16:45.909+0000] {processor.py:157} INFO - Started process (PID=4972) to work on /usr/local/lib/python3.10/dist-packages/airflow/example_dags/example_sensors.py
[2023-10-29T01:16:45.910+0000] {processor.py:829} INFO - Processing file /usr/local/lib/python3.10/dist-packages/airflow/example_dags/example_sensors.py for tasks to queue
[2023-10-29T01:16:45.911+0000] {logging_mixin.py:151} INFO - [2023-10-29T01:16:45.910+0000] {dagbag.py:536} INFO - Filling up the DagBag from /usr/local/lib/python3.10/dist-packages/airflow/example_dags/example_sensors.py
[2023-10-29T01:16:45.922+0000] {processor.py:839} INFO - DAG(s) dict_keys(['example_sensors']) retrieved from /usr/local/lib/python3.10/dist-packages/airflow/example_dags/example_sensors.py
[2023-10-29T01:16:45.943+0000] {logging_mixin.py:151} INFO - [2023-10-29T01:16:45.942+0000] {dag.py:2941} INFO - Sync 1 DAGs
[2023-10-29T01:16:45.954+0000] {logging_mixin.py:151} INFO - [2023-10-29T01:16:45.954+0000] {dag.py:3722} INFO - Setting next_dagrun for example_sensors to None, run_after=None
[2023-10-29T01:16:45.975+0000] {processor.py:179} INFO - Processing /usr/local/lib/python3.10/dist-packages/airflow/example_dags/example_sensors.py took 0.070 seconds
[2023-10-29T01:17:20.769+0000] {processor.py:157} INFO - Started process (PID=5011) to work on /usr/local/lib/python3.10/dist-packages/airflow/example_dags/example_sensors.py
[2023-10-29T01:17:20.771+0000] {processor.py:829} INFO - Processing file /usr/local/lib/python3.10/dist-packages/airflow/example_dags/example_sensors.py for tasks to queue
[2023-10-29T01:17:20.771+0000] {logging_mixin.py:151} INFO - [2023-10-29T01:17:20.771+0000] {dagbag.py:536} INFO - Filling up the DagBag from /usr/local/lib/python3.10/dist-packages/airflow/example_dags/example_sensors.py
[2023-10-29T01:17:20.782+0000] {processor.py:839} INFO - DAG(s) dict_keys(['example_sensors']) retrieved from /usr/local/lib/python3.10/dist-packages/airflow/example_dags/example_sensors.py
[2023-10-29T01:17:20.803+0000] {logging_mixin.py:151} INFO - [2023-10-29T01:17:20.802+0000] {dag.py:2941} INFO - Sync 1 DAGs
[2023-10-29T01:17:20.814+0000] {logging_mixin.py:151} INFO - [2023-10-29T01:17:20.814+0000] {dag.py:3722} INFO - Setting next_dagrun for example_sensors to None, run_after=None
[2023-10-29T01:17:20.837+0000] {processor.py:179} INFO - Processing /usr/local/lib/python3.10/dist-packages/airflow/example_dags/example_sensors.py took 0.071 seconds
[2023-10-29T01:18:06.314+0000] {processor.py:157} INFO - Started process (PID=5057) to work on /usr/local/lib/python3.10/dist-packages/airflow/example_dags/example_sensors.py
[2023-10-29T01:18:06.315+0000] {processor.py:829} INFO - Processing file /usr/local/lib/python3.10/dist-packages/airflow/example_dags/example_sensors.py for tasks to queue
[2023-10-29T01:18:06.316+0000] {logging_mixin.py:151} INFO - [2023-10-29T01:18:06.316+0000] {dagbag.py:536} INFO - Filling up the DagBag from /usr/local/lib/python3.10/dist-packages/airflow/example_dags/example_sensors.py
[2023-10-29T01:18:06.326+0000] {processor.py:839} INFO - DAG(s) dict_keys(['example_sensors']) retrieved from /usr/local/lib/python3.10/dist-packages/airflow/example_dags/example_sensors.py
[2023-10-29T01:18:06.348+0000] {logging_mixin.py:151} INFO - [2023-10-29T01:18:06.348+0000] {dag.py:2941} INFO - Sync 1 DAGs
[2023-10-29T01:18:06.359+0000] {logging_mixin.py:151} INFO - [2023-10-29T01:18:06.359+0000] {dag.py:3722} INFO - Setting next_dagrun for example_sensors to None, run_after=None
[2023-10-29T01:18:06.381+0000] {processor.py:179} INFO - Processing /usr/local/lib/python3.10/dist-packages/airflow/example_dags/example_sensors.py took 0.070 seconds
[2023-10-29T01:18:52.813+0000] {processor.py:157} INFO - Started process (PID=5105) to work on /usr/local/lib/python3.10/dist-packages/airflow/example_dags/example_sensors.py
[2023-10-29T01:18:52.814+0000] {processor.py:829} INFO - Processing file /usr/local/lib/python3.10/dist-packages/airflow/example_dags/example_sensors.py for tasks to queue
[2023-10-29T01:18:52.815+0000] {logging_mixin.py:151} INFO - [2023-10-29T01:18:52.814+0000] {dagbag.py:536} INFO - Filling up the DagBag from /usr/local/lib/python3.10/dist-packages/airflow/example_dags/example_sensors.py
[2023-10-29T01:18:52.825+0000] {processor.py:839} INFO - DAG(s) dict_keys(['example_sensors']) retrieved from /usr/local/lib/python3.10/dist-packages/airflow/example_dags/example_sensors.py
[2023-10-29T01:18:52.846+0000] {logging_mixin.py:151} INFO - [2023-10-29T01:18:52.846+0000] {dag.py:2941} INFO - Sync 1 DAGs
[2023-10-29T01:18:52.858+0000] {logging_mixin.py:151} INFO - [2023-10-29T01:18:52.858+0000] {dag.py:3722} INFO - Setting next_dagrun for example_sensors to None, run_after=None
[2023-10-29T01:18:52.882+0000] {processor.py:179} INFO - Processing /usr/local/lib/python3.10/dist-packages/airflow/example_dags/example_sensors.py took 0.072 seconds
[2023-10-29T01:19:39.920+0000] {processor.py:157} INFO - Started process (PID=5152) to work on /usr/local/lib/python3.10/dist-packages/airflow/example_dags/example_sensors.py
[2023-10-29T01:19:39.921+0000] {processor.py:829} INFO - Processing file /usr/local/lib/python3.10/dist-packages/airflow/example_dags/example_sensors.py for tasks to queue
[2023-10-29T01:19:39.922+0000] {logging_mixin.py:151} INFO - [2023-10-29T01:19:39.922+0000] {dagbag.py:536} INFO - Filling up the DagBag from /usr/local/lib/python3.10/dist-packages/airflow/example_dags/example_sensors.py
[2023-10-29T01:19:39.933+0000] {processor.py:839} INFO - DAG(s) dict_keys(['example_sensors']) retrieved from /usr/local/lib/python3.10/dist-packages/airflow/example_dags/example_sensors.py
[2023-10-29T01:19:39.955+0000] {logging_mixin.py:151} INFO - [2023-10-29T01:19:39.955+0000] {dag.py:2941} INFO - Sync 1 DAGs
[2023-10-29T01:19:39.966+0000] {logging_mixin.py:151} INFO - [2023-10-29T01:19:39.966+0000] {dag.py:3722} INFO - Setting next_dagrun for example_sensors to None, run_after=None
[2023-10-29T01:19:39.988+0000] {processor.py:179} INFO - Processing /usr/local/lib/python3.10/dist-packages/airflow/example_dags/example_sensors.py took 0.071 seconds
[2023-10-29T01:20:25.501+0000] {processor.py:157} INFO - Started process (PID=5199) to work on /usr/local/lib/python3.10/dist-packages/airflow/example_dags/example_sensors.py
[2023-10-29T01:20:25.503+0000] {processor.py:829} INFO - Processing file /usr/local/lib/python3.10/dist-packages/airflow/example_dags/example_sensors.py for tasks to queue
[2023-10-29T01:20:25.503+0000] {logging_mixin.py:151} INFO - [2023-10-29T01:20:25.503+0000] {dagbag.py:536} INFO - Filling up the DagBag from /usr/local/lib/python3.10/dist-packages/airflow/example_dags/example_sensors.py
[2023-10-29T01:20:25.514+0000] {processor.py:839} INFO - DAG(s) dict_keys(['example_sensors']) retrieved from /usr/local/lib/python3.10/dist-packages/airflow/example_dags/example_sensors.py
[2023-10-29T01:20:25.535+0000] {logging_mixin.py:151} INFO - [2023-10-29T01:20:25.535+0000] {dag.py:2941} INFO - Sync 1 DAGs
[2023-10-29T01:20:25.547+0000] {logging_mixin.py:151} INFO - [2023-10-29T01:20:25.547+0000] {dag.py:3722} INFO - Setting next_dagrun for example_sensors to None, run_after=None
[2023-10-29T01:20:25.570+0000] {processor.py:179} INFO - Processing /usr/local/lib/python3.10/dist-packages/airflow/example_dags/example_sensors.py took 0.072 seconds
[2023-10-29T01:21:10.509+0000] {processor.py:157} INFO - Started process (PID=5246) to work on /usr/local/lib/python3.10/dist-packages/airflow/example_dags/example_sensors.py
[2023-10-29T01:21:10.510+0000] {processor.py:829} INFO - Processing file /usr/local/lib/python3.10/dist-packages/airflow/example_dags/example_sensors.py for tasks to queue
[2023-10-29T01:21:10.511+0000] {logging_mixin.py:151} INFO - [2023-10-29T01:21:10.510+0000] {dagbag.py:536} INFO - Filling up the DagBag from /usr/local/lib/python3.10/dist-packages/airflow/example_dags/example_sensors.py
[2023-10-29T01:21:10.521+0000] {processor.py:839} INFO - DAG(s) dict_keys(['example_sensors']) retrieved from /usr/local/lib/python3.10/dist-packages/airflow/example_dags/example_sensors.py
[2023-10-29T01:21:10.542+0000] {logging_mixin.py:151} INFO - [2023-10-29T01:21:10.542+0000] {dag.py:2941} INFO - Sync 1 DAGs
[2023-10-29T01:21:10.553+0000] {logging_mixin.py:151} INFO - [2023-10-29T01:21:10.553+0000] {dag.py:3722} INFO - Setting next_dagrun for example_sensors to None, run_after=None
[2023-10-29T01:21:10.577+0000] {processor.py:179} INFO - Processing /usr/local/lib/python3.10/dist-packages/airflow/example_dags/example_sensors.py took 0.071 seconds
[2023-10-29T01:21:59.791+0000] {processor.py:157} INFO - Started process (PID=5296) to work on /usr/local/lib/python3.10/dist-packages/airflow/example_dags/example_sensors.py
[2023-10-29T01:21:59.792+0000] {processor.py:829} INFO - Processing file /usr/local/lib/python3.10/dist-packages/airflow/example_dags/example_sensors.py for tasks to queue
[2023-10-29T01:21:59.793+0000] {logging_mixin.py:151} INFO - [2023-10-29T01:21:59.793+0000] {dagbag.py:536} INFO - Filling up the DagBag from /usr/local/lib/python3.10/dist-packages/airflow/example_dags/example_sensors.py
[2023-10-29T01:21:59.803+0000] {processor.py:839} INFO - DAG(s) dict_keys(['example_sensors']) retrieved from /usr/local/lib/python3.10/dist-packages/airflow/example_dags/example_sensors.py
[2023-10-29T01:21:59.824+0000] {logging_mixin.py:151} INFO - [2023-10-29T01:21:59.824+0000] {dag.py:2941} INFO - Sync 1 DAGs
[2023-10-29T01:21:59.836+0000] {logging_mixin.py:151} INFO - [2023-10-29T01:21:59.836+0000] {dag.py:3722} INFO - Setting next_dagrun for example_sensors to None, run_after=None
[2023-10-29T01:21:59.857+0000] {processor.py:179} INFO - Processing /usr/local/lib/python3.10/dist-packages/airflow/example_dags/example_sensors.py took 0.070 seconds
[2023-10-29T01:22:47.664+0000] {processor.py:157} INFO - Started process (PID=5346) to work on /usr/local/lib/python3.10/dist-packages/airflow/example_dags/example_sensors.py
[2023-10-29T01:22:47.665+0000] {processor.py:829} INFO - Processing file /usr/local/lib/python3.10/dist-packages/airflow/example_dags/example_sensors.py for tasks to queue
[2023-10-29T01:22:47.666+0000] {logging_mixin.py:151} INFO - [2023-10-29T01:22:47.666+0000] {dagbag.py:536} INFO - Filling up the DagBag from /usr/local/lib/python3.10/dist-packages/airflow/example_dags/example_sensors.py
[2023-10-29T01:22:47.677+0000] {processor.py:839} INFO - DAG(s) dict_keys(['example_sensors']) retrieved from /usr/local/lib/python3.10/dist-packages/airflow/example_dags/example_sensors.py
[2023-10-29T01:22:47.699+0000] {logging_mixin.py:151} INFO - [2023-10-29T01:22:47.698+0000] {dag.py:2941} INFO - Sync 1 DAGs
[2023-10-29T01:22:47.710+0000] {logging_mixin.py:151} INFO - [2023-10-29T01:22:47.710+0000] {dag.py:3722} INFO - Setting next_dagrun for example_sensors to None, run_after=None
[2023-10-29T01:22:47.732+0000] {processor.py:179} INFO - Processing /usr/local/lib/python3.10/dist-packages/airflow/example_dags/example_sensors.py took 0.072 seconds
[2023-10-29T01:23:35.813+0000] {processor.py:157} INFO - Started process (PID=5395) to work on /usr/local/lib/python3.10/dist-packages/airflow/example_dags/example_sensors.py
[2023-10-29T01:23:35.814+0000] {processor.py:829} INFO - Processing file /usr/local/lib/python3.10/dist-packages/airflow/example_dags/example_sensors.py for tasks to queue
[2023-10-29T01:23:35.815+0000] {logging_mixin.py:151} INFO - [2023-10-29T01:23:35.815+0000] {dagbag.py:536} INFO - Filling up the DagBag from /usr/local/lib/python3.10/dist-packages/airflow/example_dags/example_sensors.py
[2023-10-29T01:23:35.825+0000] {processor.py:839} INFO - DAG(s) dict_keys(['example_sensors']) retrieved from /usr/local/lib/python3.10/dist-packages/airflow/example_dags/example_sensors.py
[2023-10-29T01:23:35.846+0000] {logging_mixin.py:151} INFO - [2023-10-29T01:23:35.846+0000] {dag.py:2941} INFO - Sync 1 DAGs
[2023-10-29T01:23:35.858+0000] {logging_mixin.py:151} INFO - [2023-10-29T01:23:35.858+0000] {dag.py:3722} INFO - Setting next_dagrun for example_sensors to None, run_after=None
[2023-10-29T01:23:35.880+0000] {processor.py:179} INFO - Processing /usr/local/lib/python3.10/dist-packages/airflow/example_dags/example_sensors.py took 0.070 seconds
[2023-10-29T01:24:10.084+0000] {processor.py:157} INFO - Started process (PID=5430) to work on /usr/local/lib/python3.10/dist-packages/airflow/example_dags/example_sensors.py
[2023-10-29T01:24:10.087+0000] {processor.py:829} INFO - Processing file /usr/local/lib/python3.10/dist-packages/airflow/example_dags/example_sensors.py for tasks to queue
[2023-10-29T01:24:10.087+0000] {logging_mixin.py:151} INFO - [2023-10-29T01:24:10.087+0000] {dagbag.py:536} INFO - Filling up the DagBag from /usr/local/lib/python3.10/dist-packages/airflow/example_dags/example_sensors.py
[2023-10-29T01:24:10.098+0000] {processor.py:839} INFO - DAG(s) dict_keys(['example_sensors']) retrieved from /usr/local/lib/python3.10/dist-packages/airflow/example_dags/example_sensors.py
[2023-10-29T01:24:10.119+0000] {logging_mixin.py:151} INFO - [2023-10-29T01:24:10.119+0000] {dag.py:2941} INFO - Sync 1 DAGs
[2023-10-29T01:24:10.131+0000] {logging_mixin.py:151} INFO - [2023-10-29T01:24:10.130+0000] {dag.py:3722} INFO - Setting next_dagrun for example_sensors to None, run_after=None
[2023-10-29T01:24:10.153+0000] {processor.py:179} INFO - Processing /usr/local/lib/python3.10/dist-packages/airflow/example_dags/example_sensors.py took 0.073 seconds
[2023-10-29T01:24:44.024+0000] {processor.py:157} INFO - Started process (PID=5464) to work on /usr/local/lib/python3.10/dist-packages/airflow/example_dags/example_sensors.py
[2023-10-29T01:24:44.026+0000] {processor.py:829} INFO - Processing file /usr/local/lib/python3.10/dist-packages/airflow/example_dags/example_sensors.py for tasks to queue
[2023-10-29T01:24:44.027+0000] {logging_mixin.py:151} INFO - [2023-10-29T01:24:44.026+0000] {dagbag.py:536} INFO - Filling up the DagBag from /usr/local/lib/python3.10/dist-packages/airflow/example_dags/example_sensors.py
[2023-10-29T01:24:44.037+0000] {processor.py:839} INFO - DAG(s) dict_keys(['example_sensors']) retrieved from /usr/local/lib/python3.10/dist-packages/airflow/example_dags/example_sensors.py
[2023-10-29T01:24:44.058+0000] {logging_mixin.py:151} INFO - [2023-10-29T01:24:44.058+0000] {dag.py:2941} INFO - Sync 1 DAGs
[2023-10-29T01:24:44.070+0000] {logging_mixin.py:151} INFO - [2023-10-29T01:24:44.070+0000] {dag.py:3722} INFO - Setting next_dagrun for example_sensors to None, run_after=None
[2023-10-29T01:24:44.092+0000] {processor.py:179} INFO - Processing /usr/local/lib/python3.10/dist-packages/airflow/example_dags/example_sensors.py took 0.071 seconds
[2023-10-29T01:25:33.745+0000] {processor.py:157} INFO - Started process (PID=5514) to work on /usr/local/lib/python3.10/dist-packages/airflow/example_dags/example_sensors.py
[2023-10-29T01:25:33.747+0000] {processor.py:829} INFO - Processing file /usr/local/lib/python3.10/dist-packages/airflow/example_dags/example_sensors.py for tasks to queue
[2023-10-29T01:25:33.747+0000] {logging_mixin.py:151} INFO - [2023-10-29T01:25:33.747+0000] {dagbag.py:536} INFO - Filling up the DagBag from /usr/local/lib/python3.10/dist-packages/airflow/example_dags/example_sensors.py
[2023-10-29T01:25:33.758+0000] {processor.py:839} INFO - DAG(s) dict_keys(['example_sensors']) retrieved from /usr/local/lib/python3.10/dist-packages/airflow/example_dags/example_sensors.py
[2023-10-29T01:25:33.778+0000] {logging_mixin.py:151} INFO - [2023-10-29T01:25:33.778+0000] {dag.py:2941} INFO - Sync 1 DAGs
[2023-10-29T01:25:33.789+0000] {logging_mixin.py:151} INFO - [2023-10-29T01:25:33.789+0000] {dag.py:3722} INFO - Setting next_dagrun for example_sensors to None, run_after=None
[2023-10-29T01:25:33.810+0000] {processor.py:179} INFO - Processing /usr/local/lib/python3.10/dist-packages/airflow/example_dags/example_sensors.py took 0.068 seconds
