[2023-10-29T01:01:09.743+0000] {processor.py:157} INFO - Started process (PID=3620) to work on /usr/local/lib/python3.10/dist-packages/airflow/example_dags/example_xcomargs.py
[2023-10-29T01:01:09.744+0000] {processor.py:829} INFO - Processing file /usr/local/lib/python3.10/dist-packages/airflow/example_dags/example_xcomargs.py for tasks to queue
[2023-10-29T01:01:09.745+0000] {logging_mixin.py:151} INFO - [2023-10-29T01:01:09.744+0000] {dagbag.py:536} INFO - Filling up the DagBag from /usr/local/lib/python3.10/dist-packages/airflow/example_dags/example_xcomargs.py
[2023-10-29T01:01:09.756+0000] {processor.py:839} INFO - DAG(s) dict_keys(['example_xcom_args_with_operators', 'example_xcom_args']) retrieved from /usr/local/lib/python3.10/dist-packages/airflow/example_dags/example_xcomargs.py
[2023-10-29T01:01:09.974+0000] {logging_mixin.py:151} INFO - [2023-10-29T01:01:09.974+0000] {manager.py:499} INFO - Created Permission View: %s
[2023-10-29T01:01:09.987+0000] {logging_mixin.py:151} INFO - [2023-10-29T01:01:09.987+0000] {manager.py:499} INFO - Created Permission View: %s
[2023-10-29T01:01:09.997+0000] {logging_mixin.py:151} INFO - [2023-10-29T01:01:09.997+0000] {manager.py:499} INFO - Created Permission View: %s
[2023-10-29T01:01:10.025+0000] {logging_mixin.py:151} INFO - [2023-10-29T01:01:10.025+0000] {manager.py:499} INFO - Created Permission View: %s
[2023-10-29T01:01:10.036+0000] {logging_mixin.py:151} INFO - [2023-10-29T01:01:10.035+0000] {manager.py:499} INFO - Created Permission View: %s
[2023-10-29T01:01:10.048+0000] {logging_mixin.py:151} INFO - [2023-10-29T01:01:10.048+0000] {manager.py:499} INFO - Created Permission View: %s
[2023-10-29T01:01:10.048+0000] {logging_mixin.py:151} INFO - [2023-10-29T01:01:10.048+0000] {dag.py:2941} INFO - Sync 2 DAGs
[2023-10-29T01:01:10.058+0000] {logging_mixin.py:151} INFO - [2023-10-29T01:01:10.058+0000] {dag.py:2963} INFO - Creating ORM DAG for example_xcom_args
[2023-10-29T01:01:10.059+0000] {logging_mixin.py:151} INFO - [2023-10-29T01:01:10.059+0000] {dag.py:2963} INFO - Creating ORM DAG for example_xcom_args_with_operators
[2023-10-29T01:01:10.059+0000] {logging_mixin.py:151} INFO - [2023-10-29T01:01:10.059+0000] {dag.py:3722} INFO - Setting next_dagrun for example_xcom_args to None, run_after=None
[2023-10-29T01:01:10.060+0000] {logging_mixin.py:151} INFO - [2023-10-29T01:01:10.060+0000] {dag.py:3722} INFO - Setting next_dagrun for example_xcom_args_with_operators to None, run_after=None
[2023-10-29T01:01:10.082+0000] {processor.py:179} INFO - Processing /usr/local/lib/python3.10/dist-packages/airflow/example_dags/example_xcomargs.py took 0.342 seconds
[2023-10-29T01:02:00.464+0000] {processor.py:157} INFO - Started process (PID=3671) to work on /usr/local/lib/python3.10/dist-packages/airflow/example_dags/example_xcomargs.py
[2023-10-29T01:02:00.465+0000] {processor.py:829} INFO - Processing file /usr/local/lib/python3.10/dist-packages/airflow/example_dags/example_xcomargs.py for tasks to queue
[2023-10-29T01:02:00.466+0000] {logging_mixin.py:151} INFO - [2023-10-29T01:02:00.466+0000] {dagbag.py:536} INFO - Filling up the DagBag from /usr/local/lib/python3.10/dist-packages/airflow/example_dags/example_xcomargs.py
[2023-10-29T01:02:00.475+0000] {processor.py:839} INFO - DAG(s) dict_keys(['example_xcom_args_with_operators', 'example_xcom_args']) retrieved from /usr/local/lib/python3.10/dist-packages/airflow/example_dags/example_xcomargs.py
[2023-10-29T01:02:00.494+0000] {logging_mixin.py:151} INFO - [2023-10-29T01:02:00.494+0000] {dag.py:2941} INFO - Sync 2 DAGs
[2023-10-29T01:02:00.507+0000] {logging_mixin.py:151} INFO - [2023-10-29T01:02:00.506+0000] {dag.py:3722} INFO - Setting next_dagrun for example_xcom_args to None, run_after=None
[2023-10-29T01:02:00.509+0000] {logging_mixin.py:151} INFO - [2023-10-29T01:02:00.509+0000] {dag.py:3722} INFO - Setting next_dagrun for example_xcom_args_with_operators to None, run_after=None
[2023-10-29T01:02:00.528+0000] {processor.py:179} INFO - Processing /usr/local/lib/python3.10/dist-packages/airflow/example_dags/example_xcomargs.py took 0.067 seconds
[2023-10-29T01:02:46.145+0000] {processor.py:157} INFO - Started process (PID=3717) to work on /usr/local/lib/python3.10/dist-packages/airflow/example_dags/example_xcomargs.py
[2023-10-29T01:02:46.146+0000] {processor.py:829} INFO - Processing file /usr/local/lib/python3.10/dist-packages/airflow/example_dags/example_xcomargs.py for tasks to queue
[2023-10-29T01:02:46.147+0000] {logging_mixin.py:151} INFO - [2023-10-29T01:02:46.147+0000] {dagbag.py:536} INFO - Filling up the DagBag from /usr/local/lib/python3.10/dist-packages/airflow/example_dags/example_xcomargs.py
[2023-10-29T01:02:46.156+0000] {processor.py:839} INFO - DAG(s) dict_keys(['example_xcom_args_with_operators', 'example_xcom_args']) retrieved from /usr/local/lib/python3.10/dist-packages/airflow/example_dags/example_xcomargs.py
[2023-10-29T01:02:46.175+0000] {logging_mixin.py:151} INFO - [2023-10-29T01:02:46.175+0000] {dag.py:2941} INFO - Sync 2 DAGs
[2023-10-29T01:02:46.187+0000] {logging_mixin.py:151} INFO - [2023-10-29T01:02:46.186+0000] {dag.py:3722} INFO - Setting next_dagrun for example_xcom_args to None, run_after=None
[2023-10-29T01:02:46.189+0000] {logging_mixin.py:151} INFO - [2023-10-29T01:02:46.189+0000] {dag.py:3722} INFO - Setting next_dagrun for example_xcom_args_with_operators to None, run_after=None
[2023-10-29T01:02:46.210+0000] {processor.py:179} INFO - Processing /usr/local/lib/python3.10/dist-packages/airflow/example_dags/example_xcomargs.py took 0.068 seconds
[2023-10-29T01:03:26.052+0000] {processor.py:157} INFO - Started process (PID=3760) to work on /usr/local/lib/python3.10/dist-packages/airflow/example_dags/example_xcomargs.py
[2023-10-29T01:03:26.054+0000] {processor.py:829} INFO - Processing file /usr/local/lib/python3.10/dist-packages/airflow/example_dags/example_xcomargs.py for tasks to queue
[2023-10-29T01:03:26.055+0000] {logging_mixin.py:151} INFO - [2023-10-29T01:03:26.054+0000] {dagbag.py:536} INFO - Filling up the DagBag from /usr/local/lib/python3.10/dist-packages/airflow/example_dags/example_xcomargs.py
[2023-10-29T01:03:26.063+0000] {processor.py:839} INFO - DAG(s) dict_keys(['example_xcom_args_with_operators', 'example_xcom_args']) retrieved from /usr/local/lib/python3.10/dist-packages/airflow/example_dags/example_xcomargs.py
[2023-10-29T01:03:26.083+0000] {logging_mixin.py:151} INFO - [2023-10-29T01:03:26.083+0000] {dag.py:2941} INFO - Sync 2 DAGs
[2023-10-29T01:03:26.096+0000] {logging_mixin.py:151} INFO - [2023-10-29T01:03:26.096+0000] {dag.py:3722} INFO - Setting next_dagrun for example_xcom_args to None, run_after=None
[2023-10-29T01:03:26.099+0000] {logging_mixin.py:151} INFO - [2023-10-29T01:03:26.099+0000] {dag.py:3722} INFO - Setting next_dagrun for example_xcom_args_with_operators to None, run_after=None
[2023-10-29T01:03:26.120+0000] {processor.py:179} INFO - Processing /usr/local/lib/python3.10/dist-packages/airflow/example_dags/example_xcomargs.py took 0.070 seconds
[2023-10-29T01:04:09.541+0000] {processor.py:157} INFO - Started process (PID=3806) to work on /usr/local/lib/python3.10/dist-packages/airflow/example_dags/example_xcomargs.py
[2023-10-29T01:04:09.542+0000] {processor.py:829} INFO - Processing file /usr/local/lib/python3.10/dist-packages/airflow/example_dags/example_xcomargs.py for tasks to queue
[2023-10-29T01:04:09.543+0000] {logging_mixin.py:151} INFO - [2023-10-29T01:04:09.543+0000] {dagbag.py:536} INFO - Filling up the DagBag from /usr/local/lib/python3.10/dist-packages/airflow/example_dags/example_xcomargs.py
[2023-10-29T01:04:09.552+0000] {processor.py:839} INFO - DAG(s) dict_keys(['example_xcom_args', 'example_xcom_args_with_operators']) retrieved from /usr/local/lib/python3.10/dist-packages/airflow/example_dags/example_xcomargs.py
[2023-10-29T01:04:09.572+0000] {logging_mixin.py:151} INFO - [2023-10-29T01:04:09.571+0000] {dag.py:2941} INFO - Sync 2 DAGs
[2023-10-29T01:04:09.583+0000] {logging_mixin.py:151} INFO - [2023-10-29T01:04:09.583+0000] {dag.py:3722} INFO - Setting next_dagrun for example_xcom_args to None, run_after=None
[2023-10-29T01:04:09.586+0000] {logging_mixin.py:151} INFO - [2023-10-29T01:04:09.586+0000] {dag.py:3722} INFO - Setting next_dagrun for example_xcom_args_with_operators to None, run_after=None
[2023-10-29T01:04:09.607+0000] {processor.py:179} INFO - Processing /usr/local/lib/python3.10/dist-packages/airflow/example_dags/example_xcomargs.py took 0.068 seconds
[2023-10-29T01:04:49.740+0000] {processor.py:157} INFO - Started process (PID=3848) to work on /usr/local/lib/python3.10/dist-packages/airflow/example_dags/example_xcomargs.py
[2023-10-29T01:04:49.741+0000] {processor.py:829} INFO - Processing file /usr/local/lib/python3.10/dist-packages/airflow/example_dags/example_xcomargs.py for tasks to queue
[2023-10-29T01:04:49.742+0000] {logging_mixin.py:151} INFO - [2023-10-29T01:04:49.741+0000] {dagbag.py:536} INFO - Filling up the DagBag from /usr/local/lib/python3.10/dist-packages/airflow/example_dags/example_xcomargs.py
[2023-10-29T01:04:49.751+0000] {processor.py:839} INFO - DAG(s) dict_keys(['example_xcom_args_with_operators', 'example_xcom_args']) retrieved from /usr/local/lib/python3.10/dist-packages/airflow/example_dags/example_xcomargs.py
[2023-10-29T01:04:49.771+0000] {logging_mixin.py:151} INFO - [2023-10-29T01:04:49.770+0000] {dag.py:2941} INFO - Sync 2 DAGs
[2023-10-29T01:04:49.783+0000] {logging_mixin.py:151} INFO - [2023-10-29T01:04:49.782+0000] {dag.py:3722} INFO - Setting next_dagrun for example_xcom_args to None, run_after=None
[2023-10-29T01:04:49.786+0000] {logging_mixin.py:151} INFO - [2023-10-29T01:04:49.785+0000] {dag.py:3722} INFO - Setting next_dagrun for example_xcom_args_with_operators to None, run_after=None
[2023-10-29T01:04:49.806+0000] {processor.py:179} INFO - Processing /usr/local/lib/python3.10/dist-packages/airflow/example_dags/example_xcomargs.py took 0.069 seconds
[2023-10-29T01:05:36.213+0000] {processor.py:157} INFO - Started process (PID=3896) to work on /usr/local/lib/python3.10/dist-packages/airflow/example_dags/example_xcomargs.py
[2023-10-29T01:05:36.215+0000] {processor.py:829} INFO - Processing file /usr/local/lib/python3.10/dist-packages/airflow/example_dags/example_xcomargs.py for tasks to queue
[2023-10-29T01:05:36.216+0000] {logging_mixin.py:151} INFO - [2023-10-29T01:05:36.215+0000] {dagbag.py:536} INFO - Filling up the DagBag from /usr/local/lib/python3.10/dist-packages/airflow/example_dags/example_xcomargs.py
[2023-10-29T01:05:36.225+0000] {processor.py:839} INFO - DAG(s) dict_keys(['example_xcom_args', 'example_xcom_args_with_operators']) retrieved from /usr/local/lib/python3.10/dist-packages/airflow/example_dags/example_xcomargs.py
[2023-10-29T01:05:36.245+0000] {logging_mixin.py:151} INFO - [2023-10-29T01:05:36.245+0000] {dag.py:2941} INFO - Sync 2 DAGs
[2023-10-29T01:05:36.257+0000] {logging_mixin.py:151} INFO - [2023-10-29T01:05:36.257+0000] {dag.py:3722} INFO - Setting next_dagrun for example_xcom_args to None, run_after=None
[2023-10-29T01:05:36.260+0000] {logging_mixin.py:151} INFO - [2023-10-29T01:05:36.260+0000] {dag.py:3722} INFO - Setting next_dagrun for example_xcom_args_with_operators to None, run_after=None
[2023-10-29T01:05:36.280+0000] {processor.py:179} INFO - Processing /usr/local/lib/python3.10/dist-packages/airflow/example_dags/example_xcomargs.py took 0.070 seconds
[2023-10-29T01:06:20.351+0000] {processor.py:157} INFO - Started process (PID=3943) to work on /usr/local/lib/python3.10/dist-packages/airflow/example_dags/example_xcomargs.py
[2023-10-29T01:06:20.352+0000] {processor.py:829} INFO - Processing file /usr/local/lib/python3.10/dist-packages/airflow/example_dags/example_xcomargs.py for tasks to queue
[2023-10-29T01:06:20.353+0000] {logging_mixin.py:151} INFO - [2023-10-29T01:06:20.352+0000] {dagbag.py:536} INFO - Filling up the DagBag from /usr/local/lib/python3.10/dist-packages/airflow/example_dags/example_xcomargs.py
[2023-10-29T01:06:20.361+0000] {processor.py:839} INFO - DAG(s) dict_keys(['example_xcom_args_with_operators', 'example_xcom_args']) retrieved from /usr/local/lib/python3.10/dist-packages/airflow/example_dags/example_xcomargs.py
[2023-10-29T01:06:20.381+0000] {logging_mixin.py:151} INFO - [2023-10-29T01:06:20.381+0000] {dag.py:2941} INFO - Sync 2 DAGs
[2023-10-29T01:06:20.392+0000] {logging_mixin.py:151} INFO - [2023-10-29T01:06:20.392+0000] {dag.py:3722} INFO - Setting next_dagrun for example_xcom_args to None, run_after=None
[2023-10-29T01:06:20.395+0000] {logging_mixin.py:151} INFO - [2023-10-29T01:06:20.395+0000] {dag.py:3722} INFO - Setting next_dagrun for example_xcom_args_with_operators to None, run_after=None
[2023-10-29T01:06:20.416+0000] {processor.py:179} INFO - Processing /usr/local/lib/python3.10/dist-packages/airflow/example_dags/example_xcomargs.py took 0.069 seconds
[2023-10-29T01:07:02.431+0000] {processor.py:157} INFO - Started process (PID=3990) to work on /usr/local/lib/python3.10/dist-packages/airflow/example_dags/example_xcomargs.py
[2023-10-29T01:07:02.432+0000] {processor.py:829} INFO - Processing file /usr/local/lib/python3.10/dist-packages/airflow/example_dags/example_xcomargs.py for tasks to queue
[2023-10-29T01:07:02.433+0000] {logging_mixin.py:151} INFO - [2023-10-29T01:07:02.433+0000] {dagbag.py:536} INFO - Filling up the DagBag from /usr/local/lib/python3.10/dist-packages/airflow/example_dags/example_xcomargs.py
[2023-10-29T01:07:02.443+0000] {processor.py:839} INFO - DAG(s) dict_keys(['example_xcom_args_with_operators', 'example_xcom_args']) retrieved from /usr/local/lib/python3.10/dist-packages/airflow/example_dags/example_xcomargs.py
[2023-10-29T01:07:02.463+0000] {logging_mixin.py:151} INFO - [2023-10-29T01:07:02.463+0000] {dag.py:2941} INFO - Sync 2 DAGs
[2023-10-29T01:07:02.475+0000] {logging_mixin.py:151} INFO - [2023-10-29T01:07:02.475+0000] {dag.py:3722} INFO - Setting next_dagrun for example_xcom_args to None, run_after=None
[2023-10-29T01:07:02.478+0000] {logging_mixin.py:151} INFO - [2023-10-29T01:07:02.478+0000] {dag.py:3722} INFO - Setting next_dagrun for example_xcom_args_with_operators to None, run_after=None
[2023-10-29T01:07:02.499+0000] {processor.py:179} INFO - Processing /usr/local/lib/python3.10/dist-packages/airflow/example_dags/example_xcomargs.py took 0.071 seconds
[2023-10-29T01:07:43.601+0000] {processor.py:157} INFO - Started process (PID=4031) to work on /usr/local/lib/python3.10/dist-packages/airflow/example_dags/example_xcomargs.py
[2023-10-29T01:07:43.602+0000] {processor.py:829} INFO - Processing file /usr/local/lib/python3.10/dist-packages/airflow/example_dags/example_xcomargs.py for tasks to queue
[2023-10-29T01:07:43.603+0000] {logging_mixin.py:151} INFO - [2023-10-29T01:07:43.603+0000] {dagbag.py:536} INFO - Filling up the DagBag from /usr/local/lib/python3.10/dist-packages/airflow/example_dags/example_xcomargs.py
[2023-10-29T01:07:43.612+0000] {processor.py:839} INFO - DAG(s) dict_keys(['example_xcom_args', 'example_xcom_args_with_operators']) retrieved from /usr/local/lib/python3.10/dist-packages/airflow/example_dags/example_xcomargs.py
[2023-10-29T01:07:43.632+0000] {logging_mixin.py:151} INFO - [2023-10-29T01:07:43.632+0000] {dag.py:2941} INFO - Sync 2 DAGs
[2023-10-29T01:07:43.644+0000] {logging_mixin.py:151} INFO - [2023-10-29T01:07:43.644+0000] {dag.py:3722} INFO - Setting next_dagrun for example_xcom_args to None, run_after=None
[2023-10-29T01:07:43.647+0000] {logging_mixin.py:151} INFO - [2023-10-29T01:07:43.647+0000] {dag.py:3722} INFO - Setting next_dagrun for example_xcom_args_with_operators to None, run_after=None
[2023-10-29T01:07:43.668+0000] {processor.py:179} INFO - Processing /usr/local/lib/python3.10/dist-packages/airflow/example_dags/example_xcomargs.py took 0.070 seconds
[2023-10-29T01:08:20.724+0000] {processor.py:157} INFO - Started process (PID=4068) to work on /usr/local/lib/python3.10/dist-packages/airflow/example_dags/example_xcomargs.py
[2023-10-29T01:08:20.725+0000] {processor.py:829} INFO - Processing file /usr/local/lib/python3.10/dist-packages/airflow/example_dags/example_xcomargs.py for tasks to queue
[2023-10-29T01:08:20.726+0000] {logging_mixin.py:151} INFO - [2023-10-29T01:08:20.726+0000] {dagbag.py:536} INFO - Filling up the DagBag from /usr/local/lib/python3.10/dist-packages/airflow/example_dags/example_xcomargs.py
[2023-10-29T01:08:20.735+0000] {processor.py:839} INFO - DAG(s) dict_keys(['example_xcom_args', 'example_xcom_args_with_operators']) retrieved from /usr/local/lib/python3.10/dist-packages/airflow/example_dags/example_xcomargs.py
[2023-10-29T01:08:20.755+0000] {logging_mixin.py:151} INFO - [2023-10-29T01:08:20.754+0000] {dag.py:2941} INFO - Sync 2 DAGs
[2023-10-29T01:08:20.766+0000] {logging_mixin.py:151} INFO - [2023-10-29T01:08:20.766+0000] {dag.py:3722} INFO - Setting next_dagrun for example_xcom_args to None, run_after=None
[2023-10-29T01:08:20.769+0000] {logging_mixin.py:151} INFO - [2023-10-29T01:08:20.769+0000] {dag.py:3722} INFO - Setting next_dagrun for example_xcom_args_with_operators to None, run_after=None
[2023-10-29T01:08:20.789+0000] {processor.py:179} INFO - Processing /usr/local/lib/python3.10/dist-packages/airflow/example_dags/example_xcomargs.py took 0.068 seconds
[2023-10-29T01:09:08.195+0000] {processor.py:157} INFO - Started process (PID=4116) to work on /usr/local/lib/python3.10/dist-packages/airflow/example_dags/example_xcomargs.py
[2023-10-29T01:09:08.197+0000] {processor.py:829} INFO - Processing file /usr/local/lib/python3.10/dist-packages/airflow/example_dags/example_xcomargs.py for tasks to queue
[2023-10-29T01:09:08.197+0000] {logging_mixin.py:151} INFO - [2023-10-29T01:09:08.197+0000] {dagbag.py:536} INFO - Filling up the DagBag from /usr/local/lib/python3.10/dist-packages/airflow/example_dags/example_xcomargs.py
[2023-10-29T01:09:08.206+0000] {processor.py:839} INFO - DAG(s) dict_keys(['example_xcom_args_with_operators', 'example_xcom_args']) retrieved from /usr/local/lib/python3.10/dist-packages/airflow/example_dags/example_xcomargs.py
[2023-10-29T01:09:08.226+0000] {logging_mixin.py:151} INFO - [2023-10-29T01:09:08.226+0000] {dag.py:2941} INFO - Sync 2 DAGs
[2023-10-29T01:09:08.238+0000] {logging_mixin.py:151} INFO - [2023-10-29T01:09:08.238+0000] {dag.py:3722} INFO - Setting next_dagrun for example_xcom_args to None, run_after=None
[2023-10-29T01:09:08.241+0000] {logging_mixin.py:151} INFO - [2023-10-29T01:09:08.241+0000] {dag.py:3722} INFO - Setting next_dagrun for example_xcom_args_with_operators to None, run_after=None
[2023-10-29T01:09:08.261+0000] {processor.py:179} INFO - Processing /usr/local/lib/python3.10/dist-packages/airflow/example_dags/example_xcomargs.py took 0.069 seconds
[2023-10-29T01:09:54.324+0000] {processor.py:157} INFO - Started process (PID=4163) to work on /usr/local/lib/python3.10/dist-packages/airflow/example_dags/example_xcomargs.py
[2023-10-29T01:09:54.325+0000] {processor.py:829} INFO - Processing file /usr/local/lib/python3.10/dist-packages/airflow/example_dags/example_xcomargs.py for tasks to queue
[2023-10-29T01:09:54.326+0000] {logging_mixin.py:151} INFO - [2023-10-29T01:09:54.326+0000] {dagbag.py:536} INFO - Filling up the DagBag from /usr/local/lib/python3.10/dist-packages/airflow/example_dags/example_xcomargs.py
[2023-10-29T01:09:54.335+0000] {processor.py:839} INFO - DAG(s) dict_keys(['example_xcom_args', 'example_xcom_args_with_operators']) retrieved from /usr/local/lib/python3.10/dist-packages/airflow/example_dags/example_xcomargs.py
[2023-10-29T01:09:54.355+0000] {logging_mixin.py:151} INFO - [2023-10-29T01:09:54.354+0000] {dag.py:2941} INFO - Sync 2 DAGs
[2023-10-29T01:09:54.367+0000] {logging_mixin.py:151} INFO - [2023-10-29T01:09:54.366+0000] {dag.py:3722} INFO - Setting next_dagrun for example_xcom_args to None, run_after=None
[2023-10-29T01:09:54.370+0000] {logging_mixin.py:151} INFO - [2023-10-29T01:09:54.369+0000] {dag.py:3722} INFO - Setting next_dagrun for example_xcom_args_with_operators to None, run_after=None
[2023-10-29T01:09:54.389+0000] {processor.py:179} INFO - Processing /usr/local/lib/python3.10/dist-packages/airflow/example_dags/example_xcomargs.py took 0.069 seconds
[2023-10-29T01:10:42.752+0000] {processor.py:157} INFO - Started process (PID=4212) to work on /usr/local/lib/python3.10/dist-packages/airflow/example_dags/example_xcomargs.py
[2023-10-29T01:10:42.754+0000] {processor.py:829} INFO - Processing file /usr/local/lib/python3.10/dist-packages/airflow/example_dags/example_xcomargs.py for tasks to queue
[2023-10-29T01:10:42.754+0000] {logging_mixin.py:151} INFO - [2023-10-29T01:10:42.754+0000] {dagbag.py:536} INFO - Filling up the DagBag from /usr/local/lib/python3.10/dist-packages/airflow/example_dags/example_xcomargs.py
[2023-10-29T01:10:42.763+0000] {processor.py:839} INFO - DAG(s) dict_keys(['example_xcom_args', 'example_xcom_args_with_operators']) retrieved from /usr/local/lib/python3.10/dist-packages/airflow/example_dags/example_xcomargs.py
[2023-10-29T01:10:42.783+0000] {logging_mixin.py:151} INFO - [2023-10-29T01:10:42.783+0000] {dag.py:2941} INFO - Sync 2 DAGs
[2023-10-29T01:10:42.796+0000] {logging_mixin.py:151} INFO - [2023-10-29T01:10:42.795+0000] {dag.py:3722} INFO - Setting next_dagrun for example_xcom_args to None, run_after=None
[2023-10-29T01:10:42.799+0000] {logging_mixin.py:151} INFO - [2023-10-29T01:10:42.798+0000] {dag.py:3722} INFO - Setting next_dagrun for example_xcom_args_with_operators to None, run_after=None
[2023-10-29T01:10:42.817+0000] {processor.py:179} INFO - Processing /usr/local/lib/python3.10/dist-packages/airflow/example_dags/example_xcomargs.py took 0.068 seconds
[2023-10-29T01:11:29.540+0000] {processor.py:157} INFO - Started process (PID=4489) to work on /usr/local/lib/python3.10/dist-packages/airflow/example_dags/example_xcomargs.py
[2023-10-29T01:11:29.541+0000] {processor.py:829} INFO - Processing file /usr/local/lib/python3.10/dist-packages/airflow/example_dags/example_xcomargs.py for tasks to queue
[2023-10-29T01:11:29.542+0000] {logging_mixin.py:151} INFO - [2023-10-29T01:11:29.542+0000] {dagbag.py:536} INFO - Filling up the DagBag from /usr/local/lib/python3.10/dist-packages/airflow/example_dags/example_xcomargs.py
[2023-10-29T01:11:29.551+0000] {processor.py:839} INFO - DAG(s) dict_keys(['example_xcom_args', 'example_xcom_args_with_operators']) retrieved from /usr/local/lib/python3.10/dist-packages/airflow/example_dags/example_xcomargs.py
[2023-10-29T01:11:29.570+0000] {logging_mixin.py:151} INFO - [2023-10-29T01:11:29.570+0000] {dag.py:2941} INFO - Sync 2 DAGs
[2023-10-29T01:11:29.581+0000] {logging_mixin.py:151} INFO - [2023-10-29T01:11:29.581+0000] {dag.py:3722} INFO - Setting next_dagrun for example_xcom_args to None, run_after=None
[2023-10-29T01:11:29.584+0000] {logging_mixin.py:151} INFO - [2023-10-29T01:11:29.584+0000] {dag.py:3722} INFO - Setting next_dagrun for example_xcom_args_with_operators to None, run_after=None
[2023-10-29T01:11:29.604+0000] {processor.py:179} INFO - Processing /usr/local/lib/python3.10/dist-packages/airflow/example_dags/example_xcomargs.py took 0.067 seconds
[2023-10-29T01:12:15.767+0000] {processor.py:157} INFO - Started process (PID=4683) to work on /usr/local/lib/python3.10/dist-packages/airflow/example_dags/example_xcomargs.py
[2023-10-29T01:12:15.768+0000] {processor.py:829} INFO - Processing file /usr/local/lib/python3.10/dist-packages/airflow/example_dags/example_xcomargs.py for tasks to queue
[2023-10-29T01:12:15.769+0000] {logging_mixin.py:151} INFO - [2023-10-29T01:12:15.768+0000] {dagbag.py:536} INFO - Filling up the DagBag from /usr/local/lib/python3.10/dist-packages/airflow/example_dags/example_xcomargs.py
[2023-10-29T01:12:15.777+0000] {processor.py:839} INFO - DAG(s) dict_keys(['example_xcom_args_with_operators', 'example_xcom_args']) retrieved from /usr/local/lib/python3.10/dist-packages/airflow/example_dags/example_xcomargs.py
[2023-10-29T01:12:15.797+0000] {logging_mixin.py:151} INFO - [2023-10-29T01:12:15.797+0000] {dag.py:2941} INFO - Sync 2 DAGs
[2023-10-29T01:12:15.809+0000] {logging_mixin.py:151} INFO - [2023-10-29T01:12:15.809+0000] {dag.py:3722} INFO - Setting next_dagrun for example_xcom_args to None, run_after=None
[2023-10-29T01:12:15.812+0000] {logging_mixin.py:151} INFO - [2023-10-29T01:12:15.812+0000] {dag.py:3722} INFO - Setting next_dagrun for example_xcom_args_with_operators to None, run_after=None
[2023-10-29T01:12:15.831+0000] {processor.py:179} INFO - Processing /usr/local/lib/python3.10/dist-packages/airflow/example_dags/example_xcomargs.py took 0.068 seconds
[2023-10-29T01:12:57.473+0000] {processor.py:157} INFO - Started process (PID=4733) to work on /usr/local/lib/python3.10/dist-packages/airflow/example_dags/example_xcomargs.py
[2023-10-29T01:12:57.474+0000] {processor.py:829} INFO - Processing file /usr/local/lib/python3.10/dist-packages/airflow/example_dags/example_xcomargs.py for tasks to queue
[2023-10-29T01:12:57.475+0000] {logging_mixin.py:151} INFO - [2023-10-29T01:12:57.475+0000] {dagbag.py:536} INFO - Filling up the DagBag from /usr/local/lib/python3.10/dist-packages/airflow/example_dags/example_xcomargs.py
[2023-10-29T01:12:57.484+0000] {processor.py:839} INFO - DAG(s) dict_keys(['example_xcom_args_with_operators', 'example_xcom_args']) retrieved from /usr/local/lib/python3.10/dist-packages/airflow/example_dags/example_xcomargs.py
[2023-10-29T01:12:57.504+0000] {logging_mixin.py:151} INFO - [2023-10-29T01:12:57.503+0000] {dag.py:2941} INFO - Sync 2 DAGs
[2023-10-29T01:12:57.515+0000] {logging_mixin.py:151} INFO - [2023-10-29T01:12:57.515+0000] {dag.py:3722} INFO - Setting next_dagrun for example_xcom_args to None, run_after=None
[2023-10-29T01:12:57.519+0000] {logging_mixin.py:151} INFO - [2023-10-29T01:12:57.518+0000] {dag.py:3722} INFO - Setting next_dagrun for example_xcom_args_with_operators to None, run_after=None
[2023-10-29T01:12:57.539+0000] {processor.py:179} INFO - Processing /usr/local/lib/python3.10/dist-packages/airflow/example_dags/example_xcomargs.py took 0.069 seconds
[2023-10-29T01:13:37.576+0000] {processor.py:157} INFO - Started process (PID=4777) to work on /usr/local/lib/python3.10/dist-packages/airflow/example_dags/example_xcomargs.py
[2023-10-29T01:13:37.577+0000] {processor.py:829} INFO - Processing file /usr/local/lib/python3.10/dist-packages/airflow/example_dags/example_xcomargs.py for tasks to queue
[2023-10-29T01:13:37.578+0000] {logging_mixin.py:151} INFO - [2023-10-29T01:13:37.578+0000] {dagbag.py:536} INFO - Filling up the DagBag from /usr/local/lib/python3.10/dist-packages/airflow/example_dags/example_xcomargs.py
[2023-10-29T01:13:37.587+0000] {processor.py:839} INFO - DAG(s) dict_keys(['example_xcom_args_with_operators', 'example_xcom_args']) retrieved from /usr/local/lib/python3.10/dist-packages/airflow/example_dags/example_xcomargs.py
[2023-10-29T01:13:37.607+0000] {logging_mixin.py:151} INFO - [2023-10-29T01:13:37.607+0000] {dag.py:2941} INFO - Sync 2 DAGs
[2023-10-29T01:13:37.619+0000] {logging_mixin.py:151} INFO - [2023-10-29T01:13:37.619+0000] {dag.py:3722} INFO - Setting next_dagrun for example_xcom_args to None, run_after=None
[2023-10-29T01:13:37.622+0000] {logging_mixin.py:151} INFO - [2023-10-29T01:13:37.622+0000] {dag.py:3722} INFO - Setting next_dagrun for example_xcom_args_with_operators to None, run_after=None
[2023-10-29T01:13:37.642+0000] {processor.py:179} INFO - Processing /usr/local/lib/python3.10/dist-packages/airflow/example_dags/example_xcomargs.py took 0.069 seconds
[2023-10-29T01:14:23.718+0000] {processor.py:157} INFO - Started process (PID=4825) to work on /usr/local/lib/python3.10/dist-packages/airflow/example_dags/example_xcomargs.py
[2023-10-29T01:14:23.719+0000] {processor.py:829} INFO - Processing file /usr/local/lib/python3.10/dist-packages/airflow/example_dags/example_xcomargs.py for tasks to queue
[2023-10-29T01:14:23.720+0000] {logging_mixin.py:151} INFO - [2023-10-29T01:14:23.720+0000] {dagbag.py:536} INFO - Filling up the DagBag from /usr/local/lib/python3.10/dist-packages/airflow/example_dags/example_xcomargs.py
[2023-10-29T01:14:23.729+0000] {processor.py:839} INFO - DAG(s) dict_keys(['example_xcom_args', 'example_xcom_args_with_operators']) retrieved from /usr/local/lib/python3.10/dist-packages/airflow/example_dags/example_xcomargs.py
[2023-10-29T01:14:23.748+0000] {logging_mixin.py:151} INFO - [2023-10-29T01:14:23.748+0000] {dag.py:2941} INFO - Sync 2 DAGs
[2023-10-29T01:14:23.760+0000] {logging_mixin.py:151} INFO - [2023-10-29T01:14:23.759+0000] {dag.py:3722} INFO - Setting next_dagrun for example_xcom_args to None, run_after=None
[2023-10-29T01:14:23.762+0000] {logging_mixin.py:151} INFO - [2023-10-29T01:14:23.762+0000] {dag.py:3722} INFO - Setting next_dagrun for example_xcom_args_with_operators to None, run_after=None
[2023-10-29T01:14:23.782+0000] {processor.py:179} INFO - Processing /usr/local/lib/python3.10/dist-packages/airflow/example_dags/example_xcomargs.py took 0.067 seconds
[2023-10-29T01:15:05.742+0000] {processor.py:157} INFO - Started process (PID=4870) to work on /usr/local/lib/python3.10/dist-packages/airflow/example_dags/example_xcomargs.py
[2023-10-29T01:15:05.744+0000] {processor.py:829} INFO - Processing file /usr/local/lib/python3.10/dist-packages/airflow/example_dags/example_xcomargs.py for tasks to queue
[2023-10-29T01:15:05.745+0000] {logging_mixin.py:151} INFO - [2023-10-29T01:15:05.744+0000] {dagbag.py:536} INFO - Filling up the DagBag from /usr/local/lib/python3.10/dist-packages/airflow/example_dags/example_xcomargs.py
[2023-10-29T01:15:05.753+0000] {processor.py:839} INFO - DAG(s) dict_keys(['example_xcom_args_with_operators', 'example_xcom_args']) retrieved from /usr/local/lib/python3.10/dist-packages/airflow/example_dags/example_xcomargs.py
[2023-10-29T01:15:05.773+0000] {logging_mixin.py:151} INFO - [2023-10-29T01:15:05.773+0000] {dag.py:2941} INFO - Sync 2 DAGs
[2023-10-29T01:15:05.785+0000] {logging_mixin.py:151} INFO - [2023-10-29T01:15:05.785+0000] {dag.py:3722} INFO - Setting next_dagrun for example_xcom_args to None, run_after=None
[2023-10-29T01:15:05.788+0000] {logging_mixin.py:151} INFO - [2023-10-29T01:15:05.788+0000] {dag.py:3722} INFO - Setting next_dagrun for example_xcom_args_with_operators to None, run_after=None
[2023-10-29T01:15:05.809+0000] {processor.py:179} INFO - Processing /usr/local/lib/python3.10/dist-packages/airflow/example_dags/example_xcomargs.py took 0.070 seconds
[2023-10-29T01:15:50.425+0000] {processor.py:157} INFO - Started process (PID=4916) to work on /usr/local/lib/python3.10/dist-packages/airflow/example_dags/example_xcomargs.py
[2023-10-29T01:15:50.426+0000] {processor.py:829} INFO - Processing file /usr/local/lib/python3.10/dist-packages/airflow/example_dags/example_xcomargs.py for tasks to queue
[2023-10-29T01:15:50.427+0000] {logging_mixin.py:151} INFO - [2023-10-29T01:15:50.427+0000] {dagbag.py:536} INFO - Filling up the DagBag from /usr/local/lib/python3.10/dist-packages/airflow/example_dags/example_xcomargs.py
[2023-10-29T01:15:50.436+0000] {processor.py:839} INFO - DAG(s) dict_keys(['example_xcom_args_with_operators', 'example_xcom_args']) retrieved from /usr/local/lib/python3.10/dist-packages/airflow/example_dags/example_xcomargs.py
[2023-10-29T01:15:50.455+0000] {logging_mixin.py:151} INFO - [2023-10-29T01:15:50.455+0000] {dag.py:2941} INFO - Sync 2 DAGs
[2023-10-29T01:15:50.467+0000] {logging_mixin.py:151} INFO - [2023-10-29T01:15:50.467+0000] {dag.py:3722} INFO - Setting next_dagrun for example_xcom_args to None, run_after=None
[2023-10-29T01:15:50.470+0000] {logging_mixin.py:151} INFO - [2023-10-29T01:15:50.470+0000] {dag.py:3722} INFO - Setting next_dagrun for example_xcom_args_with_operators to None, run_after=None
[2023-10-29T01:15:50.490+0000] {processor.py:179} INFO - Processing /usr/local/lib/python3.10/dist-packages/airflow/example_dags/example_xcomargs.py took 0.068 seconds
[2023-10-29T01:16:36.752+0000] {processor.py:157} INFO - Started process (PID=4963) to work on /usr/local/lib/python3.10/dist-packages/airflow/example_dags/example_xcomargs.py
[2023-10-29T01:16:36.753+0000] {processor.py:829} INFO - Processing file /usr/local/lib/python3.10/dist-packages/airflow/example_dags/example_xcomargs.py for tasks to queue
[2023-10-29T01:16:36.754+0000] {logging_mixin.py:151} INFO - [2023-10-29T01:16:36.753+0000] {dagbag.py:536} INFO - Filling up the DagBag from /usr/local/lib/python3.10/dist-packages/airflow/example_dags/example_xcomargs.py
[2023-10-29T01:16:36.762+0000] {processor.py:839} INFO - DAG(s) dict_keys(['example_xcom_args_with_operators', 'example_xcom_args']) retrieved from /usr/local/lib/python3.10/dist-packages/airflow/example_dags/example_xcomargs.py
[2023-10-29T01:16:36.782+0000] {logging_mixin.py:151} INFO - [2023-10-29T01:16:36.782+0000] {dag.py:2941} INFO - Sync 2 DAGs
[2023-10-29T01:16:36.794+0000] {logging_mixin.py:151} INFO - [2023-10-29T01:16:36.793+0000] {dag.py:3722} INFO - Setting next_dagrun for example_xcom_args to None, run_after=None
[2023-10-29T01:16:36.796+0000] {logging_mixin.py:151} INFO - [2023-10-29T01:16:36.796+0000] {dag.py:3722} INFO - Setting next_dagrun for example_xcom_args_with_operators to None, run_after=None
[2023-10-29T01:16:36.815+0000] {processor.py:179} INFO - Processing /usr/local/lib/python3.10/dist-packages/airflow/example_dags/example_xcomargs.py took 0.067 seconds
[2023-10-29T01:17:23.055+0000] {processor.py:157} INFO - Started process (PID=5013) to work on /usr/local/lib/python3.10/dist-packages/airflow/example_dags/example_xcomargs.py
[2023-10-29T01:17:23.056+0000] {processor.py:829} INFO - Processing file /usr/local/lib/python3.10/dist-packages/airflow/example_dags/example_xcomargs.py for tasks to queue
[2023-10-29T01:17:23.057+0000] {logging_mixin.py:151} INFO - [2023-10-29T01:17:23.057+0000] {dagbag.py:536} INFO - Filling up the DagBag from /usr/local/lib/python3.10/dist-packages/airflow/example_dags/example_xcomargs.py
[2023-10-29T01:17:23.066+0000] {processor.py:839} INFO - DAG(s) dict_keys(['example_xcom_args_with_operators', 'example_xcom_args']) retrieved from /usr/local/lib/python3.10/dist-packages/airflow/example_dags/example_xcomargs.py
[2023-10-29T01:17:23.086+0000] {logging_mixin.py:151} INFO - [2023-10-29T01:17:23.086+0000] {dag.py:2941} INFO - Sync 2 DAGs
[2023-10-29T01:17:23.098+0000] {logging_mixin.py:151} INFO - [2023-10-29T01:17:23.098+0000] {dag.py:3722} INFO - Setting next_dagrun for example_xcom_args to None, run_after=None
[2023-10-29T01:17:23.101+0000] {logging_mixin.py:151} INFO - [2023-10-29T01:17:23.101+0000] {dag.py:3722} INFO - Setting next_dagrun for example_xcom_args_with_operators to None, run_after=None
[2023-10-29T01:17:23.121+0000] {processor.py:179} INFO - Processing /usr/local/lib/python3.10/dist-packages/airflow/example_dags/example_xcomargs.py took 0.069 seconds
[2023-10-29T01:18:08.353+0000] {processor.py:157} INFO - Started process (PID=5059) to work on /usr/local/lib/python3.10/dist-packages/airflow/example_dags/example_xcomargs.py
[2023-10-29T01:18:08.354+0000] {processor.py:829} INFO - Processing file /usr/local/lib/python3.10/dist-packages/airflow/example_dags/example_xcomargs.py for tasks to queue
[2023-10-29T01:18:08.355+0000] {logging_mixin.py:151} INFO - [2023-10-29T01:18:08.355+0000] {dagbag.py:536} INFO - Filling up the DagBag from /usr/local/lib/python3.10/dist-packages/airflow/example_dags/example_xcomargs.py
[2023-10-29T01:18:08.364+0000] {processor.py:839} INFO - DAG(s) dict_keys(['example_xcom_args', 'example_xcom_args_with_operators']) retrieved from /usr/local/lib/python3.10/dist-packages/airflow/example_dags/example_xcomargs.py
[2023-10-29T01:18:08.384+0000] {logging_mixin.py:151} INFO - [2023-10-29T01:18:08.384+0000] {dag.py:2941} INFO - Sync 2 DAGs
[2023-10-29T01:18:08.396+0000] {logging_mixin.py:151} INFO - [2023-10-29T01:18:08.396+0000] {dag.py:3722} INFO - Setting next_dagrun for example_xcom_args to None, run_after=None
[2023-10-29T01:18:08.399+0000] {logging_mixin.py:151} INFO - [2023-10-29T01:18:08.399+0000] {dag.py:3722} INFO - Setting next_dagrun for example_xcom_args_with_operators to None, run_after=None
[2023-10-29T01:18:08.421+0000] {processor.py:179} INFO - Processing /usr/local/lib/python3.10/dist-packages/airflow/example_dags/example_xcomargs.py took 0.071 seconds
[2023-10-29T01:18:54.533+0000] {processor.py:157} INFO - Started process (PID=5107) to work on /usr/local/lib/python3.10/dist-packages/airflow/example_dags/example_xcomargs.py
[2023-10-29T01:18:54.534+0000] {processor.py:829} INFO - Processing file /usr/local/lib/python3.10/dist-packages/airflow/example_dags/example_xcomargs.py for tasks to queue
[2023-10-29T01:18:54.535+0000] {logging_mixin.py:151} INFO - [2023-10-29T01:18:54.534+0000] {dagbag.py:536} INFO - Filling up the DagBag from /usr/local/lib/python3.10/dist-packages/airflow/example_dags/example_xcomargs.py
[2023-10-29T01:18:54.543+0000] {processor.py:839} INFO - DAG(s) dict_keys(['example_xcom_args', 'example_xcom_args_with_operators']) retrieved from /usr/local/lib/python3.10/dist-packages/airflow/example_dags/example_xcomargs.py
[2023-10-29T01:18:54.564+0000] {logging_mixin.py:151} INFO - [2023-10-29T01:18:54.563+0000] {dag.py:2941} INFO - Sync 2 DAGs
[2023-10-29T01:18:54.576+0000] {logging_mixin.py:151} INFO - [2023-10-29T01:18:54.576+0000] {dag.py:3722} INFO - Setting next_dagrun for example_xcom_args to None, run_after=None
[2023-10-29T01:18:54.579+0000] {logging_mixin.py:151} INFO - [2023-10-29T01:18:54.579+0000] {dag.py:3722} INFO - Setting next_dagrun for example_xcom_args_with_operators to None, run_after=None
[2023-10-29T01:18:54.600+0000] {processor.py:179} INFO - Processing /usr/local/lib/python3.10/dist-packages/airflow/example_dags/example_xcomargs.py took 0.071 seconds
[2023-10-29T01:19:43.815+0000] {processor.py:157} INFO - Started process (PID=5156) to work on /usr/local/lib/python3.10/dist-packages/airflow/example_dags/example_xcomargs.py
[2023-10-29T01:19:43.816+0000] {processor.py:829} INFO - Processing file /usr/local/lib/python3.10/dist-packages/airflow/example_dags/example_xcomargs.py for tasks to queue
[2023-10-29T01:19:43.817+0000] {logging_mixin.py:151} INFO - [2023-10-29T01:19:43.816+0000] {dagbag.py:536} INFO - Filling up the DagBag from /usr/local/lib/python3.10/dist-packages/airflow/example_dags/example_xcomargs.py
[2023-10-29T01:19:43.825+0000] {processor.py:839} INFO - DAG(s) dict_keys(['example_xcom_args_with_operators', 'example_xcom_args']) retrieved from /usr/local/lib/python3.10/dist-packages/airflow/example_dags/example_xcomargs.py
[2023-10-29T01:19:43.845+0000] {logging_mixin.py:151} INFO - [2023-10-29T01:19:43.845+0000] {dag.py:2941} INFO - Sync 2 DAGs
[2023-10-29T01:19:43.857+0000] {logging_mixin.py:151} INFO - [2023-10-29T01:19:43.857+0000] {dag.py:3722} INFO - Setting next_dagrun for example_xcom_args to None, run_after=None
[2023-10-29T01:19:43.860+0000] {logging_mixin.py:151} INFO - [2023-10-29T01:19:43.860+0000] {dag.py:3722} INFO - Setting next_dagrun for example_xcom_args_with_operators to None, run_after=None
[2023-10-29T01:19:43.881+0000] {processor.py:179} INFO - Processing /usr/local/lib/python3.10/dist-packages/airflow/example_dags/example_xcomargs.py took 0.070 seconds
[2023-10-29T01:20:29.507+0000] {processor.py:157} INFO - Started process (PID=5203) to work on /usr/local/lib/python3.10/dist-packages/airflow/example_dags/example_xcomargs.py
[2023-10-29T01:20:29.508+0000] {processor.py:829} INFO - Processing file /usr/local/lib/python3.10/dist-packages/airflow/example_dags/example_xcomargs.py for tasks to queue
[2023-10-29T01:20:29.509+0000] {logging_mixin.py:151} INFO - [2023-10-29T01:20:29.509+0000] {dagbag.py:536} INFO - Filling up the DagBag from /usr/local/lib/python3.10/dist-packages/airflow/example_dags/example_xcomargs.py
[2023-10-29T01:20:29.518+0000] {processor.py:839} INFO - DAG(s) dict_keys(['example_xcom_args_with_operators', 'example_xcom_args']) retrieved from /usr/local/lib/python3.10/dist-packages/airflow/example_dags/example_xcomargs.py
[2023-10-29T01:20:29.538+0000] {logging_mixin.py:151} INFO - [2023-10-29T01:20:29.538+0000] {dag.py:2941} INFO - Sync 2 DAGs
[2023-10-29T01:20:29.550+0000] {logging_mixin.py:151} INFO - [2023-10-29T01:20:29.550+0000] {dag.py:3722} INFO - Setting next_dagrun for example_xcom_args to None, run_after=None
[2023-10-29T01:20:29.553+0000] {logging_mixin.py:151} INFO - [2023-10-29T01:20:29.553+0000] {dag.py:3722} INFO - Setting next_dagrun for example_xcom_args_with_operators to None, run_after=None
[2023-10-29T01:20:29.575+0000] {processor.py:179} INFO - Processing /usr/local/lib/python3.10/dist-packages/airflow/example_dags/example_xcomargs.py took 0.071 seconds
[2023-10-29T01:21:14.517+0000] {processor.py:157} INFO - Started process (PID=5250) to work on /usr/local/lib/python3.10/dist-packages/airflow/example_dags/example_xcomargs.py
[2023-10-29T01:21:14.518+0000] {processor.py:829} INFO - Processing file /usr/local/lib/python3.10/dist-packages/airflow/example_dags/example_xcomargs.py for tasks to queue
[2023-10-29T01:21:14.519+0000] {logging_mixin.py:151} INFO - [2023-10-29T01:21:14.519+0000] {dagbag.py:536} INFO - Filling up the DagBag from /usr/local/lib/python3.10/dist-packages/airflow/example_dags/example_xcomargs.py
[2023-10-29T01:21:14.528+0000] {processor.py:839} INFO - DAG(s) dict_keys(['example_xcom_args_with_operators', 'example_xcom_args']) retrieved from /usr/local/lib/python3.10/dist-packages/airflow/example_dags/example_xcomargs.py
[2023-10-29T01:21:14.547+0000] {logging_mixin.py:151} INFO - [2023-10-29T01:21:14.547+0000] {dag.py:2941} INFO - Sync 2 DAGs
[2023-10-29T01:21:14.559+0000] {logging_mixin.py:151} INFO - [2023-10-29T01:21:14.559+0000] {dag.py:3722} INFO - Setting next_dagrun for example_xcom_args to None, run_after=None
[2023-10-29T01:21:14.562+0000] {logging_mixin.py:151} INFO - [2023-10-29T01:21:14.562+0000] {dag.py:3722} INFO - Setting next_dagrun for example_xcom_args_with_operators to None, run_after=None
[2023-10-29T01:21:14.582+0000] {processor.py:179} INFO - Processing /usr/local/lib/python3.10/dist-packages/airflow/example_dags/example_xcomargs.py took 0.069 seconds
[2023-10-29T01:22:03.379+0000] {processor.py:157} INFO - Started process (PID=5301) to work on /usr/local/lib/python3.10/dist-packages/airflow/example_dags/example_xcomargs.py
[2023-10-29T01:22:03.381+0000] {processor.py:829} INFO - Processing file /usr/local/lib/python3.10/dist-packages/airflow/example_dags/example_xcomargs.py for tasks to queue
[2023-10-29T01:22:03.382+0000] {logging_mixin.py:151} INFO - [2023-10-29T01:22:03.381+0000] {dagbag.py:536} INFO - Filling up the DagBag from /usr/local/lib/python3.10/dist-packages/airflow/example_dags/example_xcomargs.py
[2023-10-29T01:22:03.390+0000] {processor.py:839} INFO - DAG(s) dict_keys(['example_xcom_args', 'example_xcom_args_with_operators']) retrieved from /usr/local/lib/python3.10/dist-packages/airflow/example_dags/example_xcomargs.py
[2023-10-29T01:22:03.410+0000] {logging_mixin.py:151} INFO - [2023-10-29T01:22:03.409+0000] {dag.py:2941} INFO - Sync 2 DAGs
[2023-10-29T01:22:03.422+0000] {logging_mixin.py:151} INFO - [2023-10-29T01:22:03.421+0000] {dag.py:3722} INFO - Setting next_dagrun for example_xcom_args to None, run_after=None
[2023-10-29T01:22:03.424+0000] {logging_mixin.py:151} INFO - [2023-10-29T01:22:03.424+0000] {dag.py:3722} INFO - Setting next_dagrun for example_xcom_args_with_operators to None, run_after=None
[2023-10-29T01:22:03.444+0000] {processor.py:179} INFO - Processing /usr/local/lib/python3.10/dist-packages/airflow/example_dags/example_xcomargs.py took 0.068 seconds
[2023-10-29T01:22:51.673+0000] {processor.py:157} INFO - Started process (PID=5350) to work on /usr/local/lib/python3.10/dist-packages/airflow/example_dags/example_xcomargs.py
[2023-10-29T01:22:51.674+0000] {processor.py:829} INFO - Processing file /usr/local/lib/python3.10/dist-packages/airflow/example_dags/example_xcomargs.py for tasks to queue
[2023-10-29T01:22:51.675+0000] {logging_mixin.py:151} INFO - [2023-10-29T01:22:51.675+0000] {dagbag.py:536} INFO - Filling up the DagBag from /usr/local/lib/python3.10/dist-packages/airflow/example_dags/example_xcomargs.py
[2023-10-29T01:22:51.684+0000] {processor.py:839} INFO - DAG(s) dict_keys(['example_xcom_args', 'example_xcom_args_with_operators']) retrieved from /usr/local/lib/python3.10/dist-packages/airflow/example_dags/example_xcomargs.py
[2023-10-29T01:22:51.703+0000] {logging_mixin.py:151} INFO - [2023-10-29T01:22:51.703+0000] {dag.py:2941} INFO - Sync 2 DAGs
[2023-10-29T01:22:51.715+0000] {logging_mixin.py:151} INFO - [2023-10-29T01:22:51.715+0000] {dag.py:3722} INFO - Setting next_dagrun for example_xcom_args to None, run_after=None
[2023-10-29T01:22:51.718+0000] {logging_mixin.py:151} INFO - [2023-10-29T01:22:51.718+0000] {dag.py:3722} INFO - Setting next_dagrun for example_xcom_args_with_operators to None, run_after=None
[2023-10-29T01:22:51.738+0000] {processor.py:179} INFO - Processing /usr/local/lib/python3.10/dist-packages/airflow/example_dags/example_xcomargs.py took 0.068 seconds
[2023-10-29T01:23:39.842+0000] {processor.py:157} INFO - Started process (PID=5399) to work on /usr/local/lib/python3.10/dist-packages/airflow/example_dags/example_xcomargs.py
[2023-10-29T01:23:39.843+0000] {processor.py:829} INFO - Processing file /usr/local/lib/python3.10/dist-packages/airflow/example_dags/example_xcomargs.py for tasks to queue
[2023-10-29T01:23:39.844+0000] {logging_mixin.py:151} INFO - [2023-10-29T01:23:39.843+0000] {dagbag.py:536} INFO - Filling up the DagBag from /usr/local/lib/python3.10/dist-packages/airflow/example_dags/example_xcomargs.py
[2023-10-29T01:23:39.853+0000] {processor.py:839} INFO - DAG(s) dict_keys(['example_xcom_args', 'example_xcom_args_with_operators']) retrieved from /usr/local/lib/python3.10/dist-packages/airflow/example_dags/example_xcomargs.py
[2023-10-29T01:23:39.872+0000] {logging_mixin.py:151} INFO - [2023-10-29T01:23:39.872+0000] {dag.py:2941} INFO - Sync 2 DAGs
[2023-10-29T01:23:39.884+0000] {logging_mixin.py:151} INFO - [2023-10-29T01:23:39.884+0000] {dag.py:3722} INFO - Setting next_dagrun for example_xcom_args to None, run_after=None
[2023-10-29T01:23:39.887+0000] {logging_mixin.py:151} INFO - [2023-10-29T01:23:39.887+0000] {dag.py:3722} INFO - Setting next_dagrun for example_xcom_args_with_operators to None, run_after=None
[2023-10-29T01:23:39.907+0000] {processor.py:179} INFO - Processing /usr/local/lib/python3.10/dist-packages/airflow/example_dags/example_xcomargs.py took 0.068 seconds
[2023-10-29T01:24:32.006+0000] {processor.py:157} INFO - Started process (PID=5451) to work on /usr/local/lib/python3.10/dist-packages/airflow/example_dags/example_xcomargs.py
[2023-10-29T01:24:32.008+0000] {processor.py:829} INFO - Processing file /usr/local/lib/python3.10/dist-packages/airflow/example_dags/example_xcomargs.py for tasks to queue
[2023-10-29T01:24:32.008+0000] {logging_mixin.py:151} INFO - [2023-10-29T01:24:32.008+0000] {dagbag.py:536} INFO - Filling up the DagBag from /usr/local/lib/python3.10/dist-packages/airflow/example_dags/example_xcomargs.py
[2023-10-29T01:24:32.017+0000] {processor.py:839} INFO - DAG(s) dict_keys(['example_xcom_args_with_operators', 'example_xcom_args']) retrieved from /usr/local/lib/python3.10/dist-packages/airflow/example_dags/example_xcomargs.py
[2023-10-29T01:24:32.037+0000] {logging_mixin.py:151} INFO - [2023-10-29T01:24:32.037+0000] {dag.py:2941} INFO - Sync 2 DAGs
[2023-10-29T01:24:32.049+0000] {logging_mixin.py:151} INFO - [2023-10-29T01:24:32.049+0000] {dag.py:3722} INFO - Setting next_dagrun for example_xcom_args to None, run_after=None
[2023-10-29T01:24:32.052+0000] {logging_mixin.py:151} INFO - [2023-10-29T01:24:32.052+0000] {dag.py:3722} INFO - Setting next_dagrun for example_xcom_args_with_operators to None, run_after=None
[2023-10-29T01:24:32.073+0000] {processor.py:179} INFO - Processing /usr/local/lib/python3.10/dist-packages/airflow/example_dags/example_xcomargs.py took 0.070 seconds
[2023-10-29T01:25:19.485+0000] {processor.py:157} INFO - Started process (PID=5500) to work on /usr/local/lib/python3.10/dist-packages/airflow/example_dags/example_xcomargs.py
[2023-10-29T01:25:19.487+0000] {processor.py:829} INFO - Processing file /usr/local/lib/python3.10/dist-packages/airflow/example_dags/example_xcomargs.py for tasks to queue
[2023-10-29T01:25:19.487+0000] {logging_mixin.py:151} INFO - [2023-10-29T01:25:19.487+0000] {dagbag.py:536} INFO - Filling up the DagBag from /usr/local/lib/python3.10/dist-packages/airflow/example_dags/example_xcomargs.py
[2023-10-29T01:25:19.496+0000] {processor.py:839} INFO - DAG(s) dict_keys(['example_xcom_args', 'example_xcom_args_with_operators']) retrieved from /usr/local/lib/python3.10/dist-packages/airflow/example_dags/example_xcomargs.py
[2023-10-29T01:25:19.516+0000] {logging_mixin.py:151} INFO - [2023-10-29T01:25:19.516+0000] {dag.py:2941} INFO - Sync 2 DAGs
[2023-10-29T01:25:19.528+0000] {logging_mixin.py:151} INFO - [2023-10-29T01:25:19.528+0000] {dag.py:3722} INFO - Setting next_dagrun for example_xcom_args to None, run_after=None
[2023-10-29T01:25:19.531+0000] {logging_mixin.py:151} INFO - [2023-10-29T01:25:19.531+0000] {dag.py:3722} INFO - Setting next_dagrun for example_xcom_args_with_operators to None, run_after=None
[2023-10-29T01:25:19.551+0000] {processor.py:179} INFO - Processing /usr/local/lib/python3.10/dist-packages/airflow/example_dags/example_xcomargs.py took 0.069 seconds
