[2023-10-29T01:01:47.782+0000] {processor.py:157} INFO - Started process (PID=3656) to work on /usr/local/lib/python3.10/dist-packages/airflow/example_dags/example_branch_labels.py
[2023-10-29T01:01:47.783+0000] {processor.py:829} INFO - Processing file /usr/local/lib/python3.10/dist-packages/airflow/example_dags/example_branch_labels.py for tasks to queue
[2023-10-29T01:01:47.784+0000] {logging_mixin.py:151} INFO - [2023-10-29T01:01:47.784+0000] {dagbag.py:536} INFO - Filling up the DagBag from /usr/local/lib/python3.10/dist-packages/airflow/example_dags/example_branch_labels.py
[2023-10-29T01:01:47.792+0000] {processor.py:839} INFO - DAG(s) dict_keys(['example_branch_labels']) retrieved from /usr/local/lib/python3.10/dist-packages/airflow/example_dags/example_branch_labels.py
[2023-10-29T01:01:47.899+0000] {logging_mixin.py:151} INFO - [2023-10-29T01:01:47.899+0000] {manager.py:499} INFO - Created Permission View: %s
[2023-10-29T01:01:47.911+0000] {logging_mixin.py:151} INFO - [2023-10-29T01:01:47.911+0000] {manager.py:499} INFO - Created Permission View: %s
[2023-10-29T01:01:47.920+0000] {logging_mixin.py:151} INFO - [2023-10-29T01:01:47.920+0000] {manager.py:499} INFO - Created Permission View: %s
[2023-10-29T01:01:47.920+0000] {logging_mixin.py:151} INFO - [2023-10-29T01:01:47.920+0000] {dag.py:2941} INFO - Sync 1 DAGs
[2023-10-29T01:01:47.932+0000] {logging_mixin.py:151} INFO - [2023-10-29T01:01:47.932+0000] {dag.py:2963} INFO - Creating ORM DAG for example_branch_labels
[2023-10-29T01:01:47.943+0000] {logging_mixin.py:151} INFO - [2023-10-29T01:01:47.942+0000] {dag.py:3722} INFO - Setting next_dagrun for example_branch_labels to 2023-10-28T00:00:00+00:00, run_after=2023-10-29T00:00:00+00:00
[2023-10-29T01:01:47.963+0000] {processor.py:179} INFO - Processing /usr/local/lib/python3.10/dist-packages/airflow/example_dags/example_branch_labels.py took 0.184 seconds
[2023-10-29T01:02:42.143+0000] {processor.py:157} INFO - Started process (PID=3712) to work on /usr/local/lib/python3.10/dist-packages/airflow/example_dags/example_branch_labels.py
[2023-10-29T01:02:42.144+0000] {processor.py:829} INFO - Processing file /usr/local/lib/python3.10/dist-packages/airflow/example_dags/example_branch_labels.py for tasks to queue
[2023-10-29T01:02:42.145+0000] {logging_mixin.py:151} INFO - [2023-10-29T01:02:42.145+0000] {dagbag.py:536} INFO - Filling up the DagBag from /usr/local/lib/python3.10/dist-packages/airflow/example_dags/example_branch_labels.py
[2023-10-29T01:02:42.153+0000] {processor.py:839} INFO - DAG(s) dict_keys(['example_branch_labels']) retrieved from /usr/local/lib/python3.10/dist-packages/airflow/example_dags/example_branch_labels.py
[2023-10-29T01:02:42.172+0000] {logging_mixin.py:151} INFO - [2023-10-29T01:02:42.171+0000] {dag.py:2941} INFO - Sync 1 DAGs
[2023-10-29T01:02:42.193+0000] {logging_mixin.py:151} INFO - [2023-10-29T01:02:42.193+0000] {dag.py:3722} INFO - Setting next_dagrun for example_branch_labels to 2023-10-28T00:00:00+00:00, run_after=2023-10-29T00:00:00+00:00
[2023-10-29T01:02:42.214+0000] {processor.py:179} INFO - Processing /usr/local/lib/python3.10/dist-packages/airflow/example_dags/example_branch_labels.py took 0.074 seconds
[2023-10-29T01:03:34.626+0000] {processor.py:157} INFO - Started process (PID=3768) to work on /usr/local/lib/python3.10/dist-packages/airflow/example_dags/example_branch_labels.py
[2023-10-29T01:03:34.627+0000] {processor.py:829} INFO - Processing file /usr/local/lib/python3.10/dist-packages/airflow/example_dags/example_branch_labels.py for tasks to queue
[2023-10-29T01:03:34.628+0000] {logging_mixin.py:151} INFO - [2023-10-29T01:03:34.628+0000] {dagbag.py:536} INFO - Filling up the DagBag from /usr/local/lib/python3.10/dist-packages/airflow/example_dags/example_branch_labels.py
[2023-10-29T01:03:34.636+0000] {processor.py:839} INFO - DAG(s) dict_keys(['example_branch_labels']) retrieved from /usr/local/lib/python3.10/dist-packages/airflow/example_dags/example_branch_labels.py
[2023-10-29T01:03:34.654+0000] {logging_mixin.py:151} INFO - [2023-10-29T01:03:34.654+0000] {dag.py:2941} INFO - Sync 1 DAGs
[2023-10-29T01:03:34.676+0000] {logging_mixin.py:151} INFO - [2023-10-29T01:03:34.676+0000] {dag.py:3722} INFO - Setting next_dagrun for example_branch_labels to 2023-10-28T00:00:00+00:00, run_after=2023-10-29T00:00:00+00:00
[2023-10-29T01:03:34.697+0000] {processor.py:179} INFO - Processing /usr/local/lib/python3.10/dist-packages/airflow/example_dags/example_branch_labels.py took 0.074 seconds
[2023-10-29T01:04:17.400+0000] {processor.py:157} INFO - Started process (PID=3814) to work on /usr/local/lib/python3.10/dist-packages/airflow/example_dags/example_branch_labels.py
[2023-10-29T01:04:17.401+0000] {processor.py:829} INFO - Processing file /usr/local/lib/python3.10/dist-packages/airflow/example_dags/example_branch_labels.py for tasks to queue
[2023-10-29T01:04:17.402+0000] {logging_mixin.py:151} INFO - [2023-10-29T01:04:17.402+0000] {dagbag.py:536} INFO - Filling up the DagBag from /usr/local/lib/python3.10/dist-packages/airflow/example_dags/example_branch_labels.py
[2023-10-29T01:04:17.410+0000] {processor.py:839} INFO - DAG(s) dict_keys(['example_branch_labels']) retrieved from /usr/local/lib/python3.10/dist-packages/airflow/example_dags/example_branch_labels.py
[2023-10-29T01:04:17.429+0000] {logging_mixin.py:151} INFO - [2023-10-29T01:04:17.429+0000] {dag.py:2941} INFO - Sync 1 DAGs
[2023-10-29T01:04:17.451+0000] {logging_mixin.py:151} INFO - [2023-10-29T01:04:17.451+0000] {dag.py:3722} INFO - Setting next_dagrun for example_branch_labels to 2023-10-28T00:00:00+00:00, run_after=2023-10-29T00:00:00+00:00
[2023-10-29T01:04:17.472+0000] {processor.py:179} INFO - Processing /usr/local/lib/python3.10/dist-packages/airflow/example_dags/example_branch_labels.py took 0.075 seconds
[2023-10-29T01:05:13.558+0000] {processor.py:157} INFO - Started process (PID=3872) to work on /usr/local/lib/python3.10/dist-packages/airflow/example_dags/example_branch_labels.py
[2023-10-29T01:05:13.559+0000] {processor.py:829} INFO - Processing file /usr/local/lib/python3.10/dist-packages/airflow/example_dags/example_branch_labels.py for tasks to queue
[2023-10-29T01:05:13.560+0000] {logging_mixin.py:151} INFO - [2023-10-29T01:05:13.560+0000] {dagbag.py:536} INFO - Filling up the DagBag from /usr/local/lib/python3.10/dist-packages/airflow/example_dags/example_branch_labels.py
[2023-10-29T01:05:13.568+0000] {processor.py:839} INFO - DAG(s) dict_keys(['example_branch_labels']) retrieved from /usr/local/lib/python3.10/dist-packages/airflow/example_dags/example_branch_labels.py
[2023-10-29T01:05:13.586+0000] {logging_mixin.py:151} INFO - [2023-10-29T01:05:13.585+0000] {dag.py:2941} INFO - Sync 1 DAGs
[2023-10-29T01:05:13.607+0000] {logging_mixin.py:151} INFO - [2023-10-29T01:05:13.607+0000] {dag.py:3722} INFO - Setting next_dagrun for example_branch_labels to 2023-10-28T00:00:00+00:00, run_after=2023-10-29T00:00:00+00:00
[2023-10-29T01:05:13.628+0000] {processor.py:179} INFO - Processing /usr/local/lib/python3.10/dist-packages/airflow/example_dags/example_branch_labels.py took 0.073 seconds
[2023-10-29T01:06:00.095+0000] {processor.py:157} INFO - Started process (PID=3923) to work on /usr/local/lib/python3.10/dist-packages/airflow/example_dags/example_branch_labels.py
[2023-10-29T01:06:00.101+0000] {processor.py:829} INFO - Processing file /usr/local/lib/python3.10/dist-packages/airflow/example_dags/example_branch_labels.py for tasks to queue
[2023-10-29T01:06:00.102+0000] {logging_mixin.py:151} INFO - [2023-10-29T01:06:00.101+0000] {dagbag.py:536} INFO - Filling up the DagBag from /usr/local/lib/python3.10/dist-packages/airflow/example_dags/example_branch_labels.py
[2023-10-29T01:06:00.110+0000] {processor.py:839} INFO - DAG(s) dict_keys(['example_branch_labels']) retrieved from /usr/local/lib/python3.10/dist-packages/airflow/example_dags/example_branch_labels.py
[2023-10-29T01:06:00.129+0000] {logging_mixin.py:151} INFO - [2023-10-29T01:06:00.129+0000] {dag.py:2941} INFO - Sync 1 DAGs
[2023-10-29T01:06:00.155+0000] {logging_mixin.py:151} INFO - [2023-10-29T01:06:00.155+0000] {dag.py:3722} INFO - Setting next_dagrun for example_branch_labels to 2023-10-28T00:00:00+00:00, run_after=2023-10-29T00:00:00+00:00
[2023-10-29T01:06:00.189+0000] {processor.py:179} INFO - Processing /usr/local/lib/python3.10/dist-packages/airflow/example_dags/example_branch_labels.py took 0.098 seconds
[2023-10-29T01:06:47.095+0000] {processor.py:157} INFO - Started process (PID=3972) to work on /usr/local/lib/python3.10/dist-packages/airflow/example_dags/example_branch_labels.py
[2023-10-29T01:06:47.097+0000] {processor.py:829} INFO - Processing file /usr/local/lib/python3.10/dist-packages/airflow/example_dags/example_branch_labels.py for tasks to queue
[2023-10-29T01:06:47.098+0000] {logging_mixin.py:151} INFO - [2023-10-29T01:06:47.097+0000] {dagbag.py:536} INFO - Filling up the DagBag from /usr/local/lib/python3.10/dist-packages/airflow/example_dags/example_branch_labels.py
[2023-10-29T01:06:47.105+0000] {processor.py:839} INFO - DAG(s) dict_keys(['example_branch_labels']) retrieved from /usr/local/lib/python3.10/dist-packages/airflow/example_dags/example_branch_labels.py
[2023-10-29T01:06:47.124+0000] {logging_mixin.py:151} INFO - [2023-10-29T01:06:47.124+0000] {dag.py:2941} INFO - Sync 1 DAGs
[2023-10-29T01:06:47.145+0000] {logging_mixin.py:151} INFO - [2023-10-29T01:06:47.145+0000] {dag.py:3722} INFO - Setting next_dagrun for example_branch_labels to 2023-10-28T00:00:00+00:00, run_after=2023-10-29T00:00:00+00:00
[2023-10-29T01:06:47.166+0000] {processor.py:179} INFO - Processing /usr/local/lib/python3.10/dist-packages/airflow/example_dags/example_branch_labels.py took 0.074 seconds
[2023-10-29T01:07:40.434+0000] {processor.py:157} INFO - Started process (PID=4028) to work on /usr/local/lib/python3.10/dist-packages/airflow/example_dags/example_branch_labels.py
[2023-10-29T01:07:40.435+0000] {processor.py:829} INFO - Processing file /usr/local/lib/python3.10/dist-packages/airflow/example_dags/example_branch_labels.py for tasks to queue
[2023-10-29T01:07:40.436+0000] {logging_mixin.py:151} INFO - [2023-10-29T01:07:40.436+0000] {dagbag.py:536} INFO - Filling up the DagBag from /usr/local/lib/python3.10/dist-packages/airflow/example_dags/example_branch_labels.py
[2023-10-29T01:07:40.444+0000] {processor.py:839} INFO - DAG(s) dict_keys(['example_branch_labels']) retrieved from /usr/local/lib/python3.10/dist-packages/airflow/example_dags/example_branch_labels.py
[2023-10-29T01:07:40.463+0000] {logging_mixin.py:151} INFO - [2023-10-29T01:07:40.462+0000] {dag.py:2941} INFO - Sync 1 DAGs
[2023-10-29T01:07:40.484+0000] {logging_mixin.py:151} INFO - [2023-10-29T01:07:40.484+0000] {dag.py:3722} INFO - Setting next_dagrun for example_branch_labels to 2023-10-28T00:00:00+00:00, run_after=2023-10-29T00:00:00+00:00
[2023-10-29T01:07:40.505+0000] {processor.py:179} INFO - Processing /usr/local/lib/python3.10/dist-packages/airflow/example_dags/example_branch_labels.py took 0.075 seconds
[2023-10-29T01:08:29.870+0000] {processor.py:157} INFO - Started process (PID=4078) to work on /usr/local/lib/python3.10/dist-packages/airflow/example_dags/example_branch_labels.py
[2023-10-29T01:08:29.871+0000] {processor.py:829} INFO - Processing file /usr/local/lib/python3.10/dist-packages/airflow/example_dags/example_branch_labels.py for tasks to queue
[2023-10-29T01:08:29.872+0000] {logging_mixin.py:151} INFO - [2023-10-29T01:08:29.871+0000] {dagbag.py:536} INFO - Filling up the DagBag from /usr/local/lib/python3.10/dist-packages/airflow/example_dags/example_branch_labels.py
[2023-10-29T01:08:29.880+0000] {processor.py:839} INFO - DAG(s) dict_keys(['example_branch_labels']) retrieved from /usr/local/lib/python3.10/dist-packages/airflow/example_dags/example_branch_labels.py
[2023-10-29T01:08:29.899+0000] {logging_mixin.py:151} INFO - [2023-10-29T01:08:29.898+0000] {dag.py:2941} INFO - Sync 1 DAGs
[2023-10-29T01:08:29.920+0000] {logging_mixin.py:151} INFO - [2023-10-29T01:08:29.920+0000] {dag.py:3722} INFO - Setting next_dagrun for example_branch_labels to 2023-10-28T00:00:00+00:00, run_after=2023-10-29T00:00:00+00:00
[2023-10-29T01:08:29.942+0000] {processor.py:179} INFO - Processing /usr/local/lib/python3.10/dist-packages/airflow/example_dags/example_branch_labels.py took 0.075 seconds
[2023-10-29T01:09:18.490+0000] {processor.py:157} INFO - Started process (PID=4126) to work on /usr/local/lib/python3.10/dist-packages/airflow/example_dags/example_branch_labels.py
[2023-10-29T01:09:18.491+0000] {processor.py:829} INFO - Processing file /usr/local/lib/python3.10/dist-packages/airflow/example_dags/example_branch_labels.py for tasks to queue
[2023-10-29T01:09:18.492+0000] {logging_mixin.py:151} INFO - [2023-10-29T01:09:18.492+0000] {dagbag.py:536} INFO - Filling up the DagBag from /usr/local/lib/python3.10/dist-packages/airflow/example_dags/example_branch_labels.py
[2023-10-29T01:09:18.500+0000] {processor.py:839} INFO - DAG(s) dict_keys(['example_branch_labels']) retrieved from /usr/local/lib/python3.10/dist-packages/airflow/example_dags/example_branch_labels.py
[2023-10-29T01:09:18.518+0000] {logging_mixin.py:151} INFO - [2023-10-29T01:09:18.518+0000] {dag.py:2941} INFO - Sync 1 DAGs
[2023-10-29T01:09:18.540+0000] {logging_mixin.py:151} INFO - [2023-10-29T01:09:18.539+0000] {dag.py:3722} INFO - Setting next_dagrun for example_branch_labels to 2023-10-28T00:00:00+00:00, run_after=2023-10-29T00:00:00+00:00
[2023-10-29T01:09:18.560+0000] {processor.py:179} INFO - Processing /usr/local/lib/python3.10/dist-packages/airflow/example_dags/example_branch_labels.py took 0.073 seconds
[2023-10-29T01:10:04.471+0000] {processor.py:157} INFO - Started process (PID=4173) to work on /usr/local/lib/python3.10/dist-packages/airflow/example_dags/example_branch_labels.py
[2023-10-29T01:10:04.473+0000] {processor.py:829} INFO - Processing file /usr/local/lib/python3.10/dist-packages/airflow/example_dags/example_branch_labels.py for tasks to queue
[2023-10-29T01:10:04.473+0000] {logging_mixin.py:151} INFO - [2023-10-29T01:10:04.473+0000] {dagbag.py:536} INFO - Filling up the DagBag from /usr/local/lib/python3.10/dist-packages/airflow/example_dags/example_branch_labels.py
[2023-10-29T01:10:04.482+0000] {processor.py:839} INFO - DAG(s) dict_keys(['example_branch_labels']) retrieved from /usr/local/lib/python3.10/dist-packages/airflow/example_dags/example_branch_labels.py
[2023-10-29T01:10:04.501+0000] {logging_mixin.py:151} INFO - [2023-10-29T01:10:04.500+0000] {dag.py:2941} INFO - Sync 1 DAGs
[2023-10-29T01:10:04.523+0000] {logging_mixin.py:151} INFO - [2023-10-29T01:10:04.523+0000] {dag.py:3722} INFO - Setting next_dagrun for example_branch_labels to 2023-10-28T00:00:00+00:00, run_after=2023-10-29T00:00:00+00:00
[2023-10-29T01:10:04.545+0000] {processor.py:179} INFO - Processing /usr/local/lib/python3.10/dist-packages/airflow/example_dags/example_branch_labels.py took 0.077 seconds
[2023-10-29T01:10:52.893+0000] {processor.py:157} INFO - Started process (PID=4222) to work on /usr/local/lib/python3.10/dist-packages/airflow/example_dags/example_branch_labels.py
[2023-10-29T01:10:52.894+0000] {processor.py:829} INFO - Processing file /usr/local/lib/python3.10/dist-packages/airflow/example_dags/example_branch_labels.py for tasks to queue
[2023-10-29T01:10:52.895+0000] {logging_mixin.py:151} INFO - [2023-10-29T01:10:52.894+0000] {dagbag.py:536} INFO - Filling up the DagBag from /usr/local/lib/python3.10/dist-packages/airflow/example_dags/example_branch_labels.py
[2023-10-29T01:10:52.903+0000] {processor.py:839} INFO - DAG(s) dict_keys(['example_branch_labels']) retrieved from /usr/local/lib/python3.10/dist-packages/airflow/example_dags/example_branch_labels.py
[2023-10-29T01:10:52.921+0000] {logging_mixin.py:151} INFO - [2023-10-29T01:10:52.921+0000] {dag.py:2941} INFO - Sync 1 DAGs
[2023-10-29T01:10:52.942+0000] {logging_mixin.py:151} INFO - [2023-10-29T01:10:52.942+0000] {dag.py:3722} INFO - Setting next_dagrun for example_branch_labels to 2023-10-28T00:00:00+00:00, run_after=2023-10-29T00:00:00+00:00
[2023-10-29T01:10:52.963+0000] {processor.py:179} INFO - Processing /usr/local/lib/python3.10/dist-packages/airflow/example_dags/example_branch_labels.py took 0.073 seconds
[2023-10-29T01:11:38.598+0000] {processor.py:157} INFO - Started process (PID=4607) to work on /usr/local/lib/python3.10/dist-packages/airflow/example_dags/example_branch_labels.py
[2023-10-29T01:11:38.599+0000] {processor.py:829} INFO - Processing file /usr/local/lib/python3.10/dist-packages/airflow/example_dags/example_branch_labels.py for tasks to queue
[2023-10-29T01:11:38.600+0000] {logging_mixin.py:151} INFO - [2023-10-29T01:11:38.600+0000] {dagbag.py:536} INFO - Filling up the DagBag from /usr/local/lib/python3.10/dist-packages/airflow/example_dags/example_branch_labels.py
[2023-10-29T01:11:38.608+0000] {processor.py:839} INFO - DAG(s) dict_keys(['example_branch_labels']) retrieved from /usr/local/lib/python3.10/dist-packages/airflow/example_dags/example_branch_labels.py
[2023-10-29T01:11:38.627+0000] {logging_mixin.py:151} INFO - [2023-10-29T01:11:38.627+0000] {dag.py:2941} INFO - Sync 1 DAGs
[2023-10-29T01:11:38.648+0000] {logging_mixin.py:151} INFO - [2023-10-29T01:11:38.648+0000] {dag.py:3722} INFO - Setting next_dagrun for example_branch_labels to 2023-10-28T00:00:00+00:00, run_after=2023-10-29T00:00:00+00:00
[2023-10-29T01:11:38.671+0000] {processor.py:179} INFO - Processing /usr/local/lib/python3.10/dist-packages/airflow/example_dags/example_branch_labels.py took 0.076 seconds
[2023-10-29T01:12:25.505+0000] {processor.py:157} INFO - Started process (PID=4693) to work on /usr/local/lib/python3.10/dist-packages/airflow/example_dags/example_branch_labels.py
[2023-10-29T01:12:25.506+0000] {processor.py:829} INFO - Processing file /usr/local/lib/python3.10/dist-packages/airflow/example_dags/example_branch_labels.py for tasks to queue
[2023-10-29T01:12:25.507+0000] {logging_mixin.py:151} INFO - [2023-10-29T01:12:25.507+0000] {dagbag.py:536} INFO - Filling up the DagBag from /usr/local/lib/python3.10/dist-packages/airflow/example_dags/example_branch_labels.py
[2023-10-29T01:12:25.515+0000] {processor.py:839} INFO - DAG(s) dict_keys(['example_branch_labels']) retrieved from /usr/local/lib/python3.10/dist-packages/airflow/example_dags/example_branch_labels.py
[2023-10-29T01:12:25.534+0000] {logging_mixin.py:151} INFO - [2023-10-29T01:12:25.534+0000] {dag.py:2941} INFO - Sync 1 DAGs
[2023-10-29T01:12:25.556+0000] {logging_mixin.py:151} INFO - [2023-10-29T01:12:25.555+0000] {dag.py:3722} INFO - Setting next_dagrun for example_branch_labels to 2023-10-28T00:00:00+00:00, run_after=2023-10-29T00:00:00+00:00
[2023-10-29T01:12:25.576+0000] {processor.py:179} INFO - Processing /usr/local/lib/python3.10/dist-packages/airflow/example_dags/example_branch_labels.py took 0.074 seconds
[2023-10-29T01:13:18.446+0000] {processor.py:157} INFO - Started process (PID=4755) to work on /usr/local/lib/python3.10/dist-packages/airflow/example_dags/example_branch_labels.py
[2023-10-29T01:13:18.447+0000] {processor.py:829} INFO - Processing file /usr/local/lib/python3.10/dist-packages/airflow/example_dags/example_branch_labels.py for tasks to queue
[2023-10-29T01:13:18.448+0000] {logging_mixin.py:151} INFO - [2023-10-29T01:13:18.448+0000] {dagbag.py:536} INFO - Filling up the DagBag from /usr/local/lib/python3.10/dist-packages/airflow/example_dags/example_branch_labels.py
[2023-10-29T01:13:18.456+0000] {processor.py:839} INFO - DAG(s) dict_keys(['example_branch_labels']) retrieved from /usr/local/lib/python3.10/dist-packages/airflow/example_dags/example_branch_labels.py
[2023-10-29T01:13:18.475+0000] {logging_mixin.py:151} INFO - [2023-10-29T01:13:18.474+0000] {dag.py:2941} INFO - Sync 1 DAGs
[2023-10-29T01:13:18.497+0000] {logging_mixin.py:151} INFO - [2023-10-29T01:13:18.496+0000] {dag.py:3722} INFO - Setting next_dagrun for example_branch_labels to 2023-10-28T00:00:00+00:00, run_after=2023-10-29T00:00:00+00:00
[2023-10-29T01:13:18.517+0000] {processor.py:179} INFO - Processing /usr/local/lib/python3.10/dist-packages/airflow/example_dags/example_branch_labels.py took 0.075 seconds
[2023-10-29T01:14:16.760+0000] {processor.py:157} INFO - Started process (PID=4818) to work on /usr/local/lib/python3.10/dist-packages/airflow/example_dags/example_branch_labels.py
[2023-10-29T01:14:16.761+0000] {processor.py:829} INFO - Processing file /usr/local/lib/python3.10/dist-packages/airflow/example_dags/example_branch_labels.py for tasks to queue
[2023-10-29T01:14:16.762+0000] {logging_mixin.py:151} INFO - [2023-10-29T01:14:16.761+0000] {dagbag.py:536} INFO - Filling up the DagBag from /usr/local/lib/python3.10/dist-packages/airflow/example_dags/example_branch_labels.py
[2023-10-29T01:14:16.770+0000] {processor.py:839} INFO - DAG(s) dict_keys(['example_branch_labels']) retrieved from /usr/local/lib/python3.10/dist-packages/airflow/example_dags/example_branch_labels.py
[2023-10-29T01:14:16.787+0000] {logging_mixin.py:151} INFO - [2023-10-29T01:14:16.787+0000] {dag.py:2941} INFO - Sync 1 DAGs
[2023-10-29T01:14:16.809+0000] {logging_mixin.py:151} INFO - [2023-10-29T01:14:16.809+0000] {dag.py:3722} INFO - Setting next_dagrun for example_branch_labels to 2023-10-28T00:00:00+00:00, run_after=2023-10-29T00:00:00+00:00
[2023-10-29T01:14:16.830+0000] {processor.py:179} INFO - Processing /usr/local/lib/python3.10/dist-packages/airflow/example_dags/example_branch_labels.py took 0.073 seconds
[2023-10-29T01:15:11.766+0000] {processor.py:157} INFO - Started process (PID=4877) to work on /usr/local/lib/python3.10/dist-packages/airflow/example_dags/example_branch_labels.py
[2023-10-29T01:15:11.768+0000] {processor.py:829} INFO - Processing file /usr/local/lib/python3.10/dist-packages/airflow/example_dags/example_branch_labels.py for tasks to queue
[2023-10-29T01:15:11.769+0000] {logging_mixin.py:151} INFO - [2023-10-29T01:15:11.768+0000] {dagbag.py:536} INFO - Filling up the DagBag from /usr/local/lib/python3.10/dist-packages/airflow/example_dags/example_branch_labels.py
[2023-10-29T01:15:11.777+0000] {processor.py:839} INFO - DAG(s) dict_keys(['example_branch_labels']) retrieved from /usr/local/lib/python3.10/dist-packages/airflow/example_dags/example_branch_labels.py
[2023-10-29T01:15:11.795+0000] {logging_mixin.py:151} INFO - [2023-10-29T01:15:11.795+0000] {dag.py:2941} INFO - Sync 1 DAGs
[2023-10-29T01:15:11.817+0000] {logging_mixin.py:151} INFO - [2023-10-29T01:15:11.816+0000] {dag.py:3722} INFO - Setting next_dagrun for example_branch_labels to 2023-10-28T00:00:00+00:00, run_after=2023-10-29T00:00:00+00:00
[2023-10-29T01:15:11.838+0000] {processor.py:179} INFO - Processing /usr/local/lib/python3.10/dist-packages/airflow/example_dags/example_branch_labels.py took 0.074 seconds
[2023-10-29T01:15:58.017+0000] {processor.py:157} INFO - Started process (PID=4924) to work on /usr/local/lib/python3.10/dist-packages/airflow/example_dags/example_branch_labels.py
[2023-10-29T01:15:58.018+0000] {processor.py:829} INFO - Processing file /usr/local/lib/python3.10/dist-packages/airflow/example_dags/example_branch_labels.py for tasks to queue
[2023-10-29T01:15:58.019+0000] {logging_mixin.py:151} INFO - [2023-10-29T01:15:58.019+0000] {dagbag.py:536} INFO - Filling up the DagBag from /usr/local/lib/python3.10/dist-packages/airflow/example_dags/example_branch_labels.py
[2023-10-29T01:15:58.027+0000] {processor.py:839} INFO - DAG(s) dict_keys(['example_branch_labels']) retrieved from /usr/local/lib/python3.10/dist-packages/airflow/example_dags/example_branch_labels.py
[2023-10-29T01:15:58.046+0000] {logging_mixin.py:151} INFO - [2023-10-29T01:15:58.046+0000] {dag.py:2941} INFO - Sync 1 DAGs
[2023-10-29T01:15:58.068+0000] {logging_mixin.py:151} INFO - [2023-10-29T01:15:58.068+0000] {dag.py:3722} INFO - Setting next_dagrun for example_branch_labels to 2023-10-28T00:00:00+00:00, run_after=2023-10-29T00:00:00+00:00
[2023-10-29T01:15:58.089+0000] {processor.py:179} INFO - Processing /usr/local/lib/python3.10/dist-packages/airflow/example_dags/example_branch_labels.py took 0.076 seconds
[2023-10-29T01:16:44.760+0000] {processor.py:157} INFO - Started process (PID=4971) to work on /usr/local/lib/python3.10/dist-packages/airflow/example_dags/example_branch_labels.py
[2023-10-29T01:16:44.761+0000] {processor.py:829} INFO - Processing file /usr/local/lib/python3.10/dist-packages/airflow/example_dags/example_branch_labels.py for tasks to queue
[2023-10-29T01:16:44.762+0000] {logging_mixin.py:151} INFO - [2023-10-29T01:16:44.761+0000] {dagbag.py:536} INFO - Filling up the DagBag from /usr/local/lib/python3.10/dist-packages/airflow/example_dags/example_branch_labels.py
[2023-10-29T01:16:44.770+0000] {processor.py:839} INFO - DAG(s) dict_keys(['example_branch_labels']) retrieved from /usr/local/lib/python3.10/dist-packages/airflow/example_dags/example_branch_labels.py
[2023-10-29T01:16:44.788+0000] {logging_mixin.py:151} INFO - [2023-10-29T01:16:44.788+0000] {dag.py:2941} INFO - Sync 1 DAGs
[2023-10-29T01:16:44.810+0000] {logging_mixin.py:151} INFO - [2023-10-29T01:16:44.809+0000] {dag.py:3722} INFO - Setting next_dagrun for example_branch_labels to 2023-10-28T00:00:00+00:00, run_after=2023-10-29T00:00:00+00:00
[2023-10-29T01:16:44.830+0000] {processor.py:179} INFO - Processing /usr/local/lib/python3.10/dist-packages/airflow/example_dags/example_branch_labels.py took 0.073 seconds
[2023-10-29T01:17:31.063+0000] {processor.py:157} INFO - Started process (PID=5021) to work on /usr/local/lib/python3.10/dist-packages/airflow/example_dags/example_branch_labels.py
[2023-10-29T01:17:31.065+0000] {processor.py:829} INFO - Processing file /usr/local/lib/python3.10/dist-packages/airflow/example_dags/example_branch_labels.py for tasks to queue
[2023-10-29T01:17:31.065+0000] {logging_mixin.py:151} INFO - [2023-10-29T01:17:31.065+0000] {dagbag.py:536} INFO - Filling up the DagBag from /usr/local/lib/python3.10/dist-packages/airflow/example_dags/example_branch_labels.py
[2023-10-29T01:17:31.074+0000] {processor.py:839} INFO - DAG(s) dict_keys(['example_branch_labels']) retrieved from /usr/local/lib/python3.10/dist-packages/airflow/example_dags/example_branch_labels.py
[2023-10-29T01:17:31.092+0000] {logging_mixin.py:151} INFO - [2023-10-29T01:17:31.092+0000] {dag.py:2941} INFO - Sync 1 DAGs
[2023-10-29T01:17:31.113+0000] {logging_mixin.py:151} INFO - [2023-10-29T01:17:31.113+0000] {dag.py:3722} INFO - Setting next_dagrun for example_branch_labels to 2023-10-28T00:00:00+00:00, run_after=2023-10-29T00:00:00+00:00
[2023-10-29T01:17:31.134+0000] {processor.py:179} INFO - Processing /usr/local/lib/python3.10/dist-packages/airflow/example_dags/example_branch_labels.py took 0.074 seconds
[2023-10-29T01:18:17.019+0000] {processor.py:157} INFO - Started process (PID=5068) to work on /usr/local/lib/python3.10/dist-packages/airflow/example_dags/example_branch_labels.py
[2023-10-29T01:18:17.021+0000] {processor.py:829} INFO - Processing file /usr/local/lib/python3.10/dist-packages/airflow/example_dags/example_branch_labels.py for tasks to queue
[2023-10-29T01:18:17.022+0000] {logging_mixin.py:151} INFO - [2023-10-29T01:18:17.022+0000] {dagbag.py:536} INFO - Filling up the DagBag from /usr/local/lib/python3.10/dist-packages/airflow/example_dags/example_branch_labels.py
[2023-10-29T01:18:17.030+0000] {processor.py:839} INFO - DAG(s) dict_keys(['example_branch_labels']) retrieved from /usr/local/lib/python3.10/dist-packages/airflow/example_dags/example_branch_labels.py
[2023-10-29T01:18:17.049+0000] {logging_mixin.py:151} INFO - [2023-10-29T01:18:17.048+0000] {dag.py:2941} INFO - Sync 1 DAGs
[2023-10-29T01:18:17.070+0000] {logging_mixin.py:151} INFO - [2023-10-29T01:18:17.070+0000] {dag.py:3722} INFO - Setting next_dagrun for example_branch_labels to 2023-10-28T00:00:00+00:00, run_after=2023-10-29T00:00:00+00:00
[2023-10-29T01:18:17.091+0000] {processor.py:179} INFO - Processing /usr/local/lib/python3.10/dist-packages/airflow/example_dags/example_branch_labels.py took 0.075 seconds
[2023-10-29T01:19:03.055+0000] {processor.py:157} INFO - Started process (PID=5115) to work on /usr/local/lib/python3.10/dist-packages/airflow/example_dags/example_branch_labels.py
[2023-10-29T01:19:03.056+0000] {processor.py:829} INFO - Processing file /usr/local/lib/python3.10/dist-packages/airflow/example_dags/example_branch_labels.py for tasks to queue
[2023-10-29T01:19:03.057+0000] {logging_mixin.py:151} INFO - [2023-10-29T01:19:03.057+0000] {dagbag.py:536} INFO - Filling up the DagBag from /usr/local/lib/python3.10/dist-packages/airflow/example_dags/example_branch_labels.py
[2023-10-29T01:19:03.065+0000] {processor.py:839} INFO - DAG(s) dict_keys(['example_branch_labels']) retrieved from /usr/local/lib/python3.10/dist-packages/airflow/example_dags/example_branch_labels.py
[2023-10-29T01:19:03.084+0000] {logging_mixin.py:151} INFO - [2023-10-29T01:19:03.084+0000] {dag.py:2941} INFO - Sync 1 DAGs
[2023-10-29T01:19:03.107+0000] {logging_mixin.py:151} INFO - [2023-10-29T01:19:03.107+0000] {dag.py:3722} INFO - Setting next_dagrun for example_branch_labels to 2023-10-28T00:00:00+00:00, run_after=2023-10-29T00:00:00+00:00
[2023-10-29T01:19:03.129+0000] {processor.py:179} INFO - Processing /usr/local/lib/python3.10/dist-packages/airflow/example_dags/example_branch_labels.py took 0.077 seconds
[2023-10-29T01:19:52.818+0000] {processor.py:157} INFO - Started process (PID=5165) to work on /usr/local/lib/python3.10/dist-packages/airflow/example_dags/example_branch_labels.py
[2023-10-29T01:19:52.819+0000] {processor.py:829} INFO - Processing file /usr/local/lib/python3.10/dist-packages/airflow/example_dags/example_branch_labels.py for tasks to queue
[2023-10-29T01:19:52.820+0000] {logging_mixin.py:151} INFO - [2023-10-29T01:19:52.820+0000] {dagbag.py:536} INFO - Filling up the DagBag from /usr/local/lib/python3.10/dist-packages/airflow/example_dags/example_branch_labels.py
[2023-10-29T01:19:52.828+0000] {processor.py:839} INFO - DAG(s) dict_keys(['example_branch_labels']) retrieved from /usr/local/lib/python3.10/dist-packages/airflow/example_dags/example_branch_labels.py
[2023-10-29T01:19:52.847+0000] {logging_mixin.py:151} INFO - [2023-10-29T01:19:52.847+0000] {dag.py:2941} INFO - Sync 1 DAGs
[2023-10-29T01:19:52.868+0000] {logging_mixin.py:151} INFO - [2023-10-29T01:19:52.868+0000] {dag.py:3722} INFO - Setting next_dagrun for example_branch_labels to 2023-10-28T00:00:00+00:00, run_after=2023-10-29T00:00:00+00:00
[2023-10-29T01:19:52.893+0000] {processor.py:179} INFO - Processing /usr/local/lib/python3.10/dist-packages/airflow/example_dags/example_branch_labels.py took 0.078 seconds
[2023-10-29T01:20:38.522+0000] {processor.py:157} INFO - Started process (PID=5212) to work on /usr/local/lib/python3.10/dist-packages/airflow/example_dags/example_branch_labels.py
[2023-10-29T01:20:38.523+0000] {processor.py:829} INFO - Processing file /usr/local/lib/python3.10/dist-packages/airflow/example_dags/example_branch_labels.py for tasks to queue
[2023-10-29T01:20:38.524+0000] {logging_mixin.py:151} INFO - [2023-10-29T01:20:38.523+0000] {dagbag.py:536} INFO - Filling up the DagBag from /usr/local/lib/python3.10/dist-packages/airflow/example_dags/example_branch_labels.py
[2023-10-29T01:20:38.532+0000] {processor.py:839} INFO - DAG(s) dict_keys(['example_branch_labels']) retrieved from /usr/local/lib/python3.10/dist-packages/airflow/example_dags/example_branch_labels.py
[2023-10-29T01:20:38.551+0000] {logging_mixin.py:151} INFO - [2023-10-29T01:20:38.550+0000] {dag.py:2941} INFO - Sync 1 DAGs
[2023-10-29T01:20:38.573+0000] {logging_mixin.py:151} INFO - [2023-10-29T01:20:38.572+0000] {dag.py:3722} INFO - Setting next_dagrun for example_branch_labels to 2023-10-28T00:00:00+00:00, run_after=2023-10-29T00:00:00+00:00
[2023-10-29T01:20:38.601+0000] {processor.py:179} INFO - Processing /usr/local/lib/python3.10/dist-packages/airflow/example_dags/example_branch_labels.py took 0.083 seconds
[2023-10-29T01:21:22.525+0000] {processor.py:157} INFO - Started process (PID=5259) to work on /usr/local/lib/python3.10/dist-packages/airflow/example_dags/example_branch_labels.py
[2023-10-29T01:21:22.527+0000] {processor.py:829} INFO - Processing file /usr/local/lib/python3.10/dist-packages/airflow/example_dags/example_branch_labels.py for tasks to queue
[2023-10-29T01:21:22.528+0000] {logging_mixin.py:151} INFO - [2023-10-29T01:21:22.527+0000] {dagbag.py:536} INFO - Filling up the DagBag from /usr/local/lib/python3.10/dist-packages/airflow/example_dags/example_branch_labels.py
[2023-10-29T01:21:22.536+0000] {processor.py:839} INFO - DAG(s) dict_keys(['example_branch_labels']) retrieved from /usr/local/lib/python3.10/dist-packages/airflow/example_dags/example_branch_labels.py
[2023-10-29T01:21:22.554+0000] {logging_mixin.py:151} INFO - [2023-10-29T01:21:22.554+0000] {dag.py:2941} INFO - Sync 1 DAGs
[2023-10-29T01:21:22.575+0000] {logging_mixin.py:151} INFO - [2023-10-29T01:21:22.575+0000] {dag.py:3722} INFO - Setting next_dagrun for example_branch_labels to 2023-10-28T00:00:00+00:00, run_after=2023-10-29T00:00:00+00:00
[2023-10-29T01:21:22.596+0000] {processor.py:179} INFO - Processing /usr/local/lib/python3.10/dist-packages/airflow/example_dags/example_branch_labels.py took 0.074 seconds
[2023-10-29T01:22:12.379+0000] {processor.py:157} INFO - Started process (PID=5310) to work on /usr/local/lib/python3.10/dist-packages/airflow/example_dags/example_branch_labels.py
[2023-10-29T01:22:12.381+0000] {processor.py:829} INFO - Processing file /usr/local/lib/python3.10/dist-packages/airflow/example_dags/example_branch_labels.py for tasks to queue
[2023-10-29T01:22:12.381+0000] {logging_mixin.py:151} INFO - [2023-10-29T01:22:12.381+0000] {dagbag.py:536} INFO - Filling up the DagBag from /usr/local/lib/python3.10/dist-packages/airflow/example_dags/example_branch_labels.py
[2023-10-29T01:22:12.389+0000] {processor.py:839} INFO - DAG(s) dict_keys(['example_branch_labels']) retrieved from /usr/local/lib/python3.10/dist-packages/airflow/example_dags/example_branch_labels.py
[2023-10-29T01:22:12.408+0000] {logging_mixin.py:151} INFO - [2023-10-29T01:22:12.408+0000] {dag.py:2941} INFO - Sync 1 DAGs
[2023-10-29T01:22:12.430+0000] {logging_mixin.py:151} INFO - [2023-10-29T01:22:12.429+0000] {dag.py:3722} INFO - Setting next_dagrun for example_branch_labels to 2023-10-28T00:00:00+00:00, run_after=2023-10-29T00:00:00+00:00
[2023-10-29T01:22:12.451+0000] {processor.py:179} INFO - Processing /usr/local/lib/python3.10/dist-packages/airflow/example_dags/example_branch_labels.py took 0.074 seconds
[2023-10-29T01:23:00.343+0000] {processor.py:157} INFO - Started process (PID=5359) to work on /usr/local/lib/python3.10/dist-packages/airflow/example_dags/example_branch_labels.py
[2023-10-29T01:23:00.344+0000] {processor.py:829} INFO - Processing file /usr/local/lib/python3.10/dist-packages/airflow/example_dags/example_branch_labels.py for tasks to queue
[2023-10-29T01:23:00.345+0000] {logging_mixin.py:151} INFO - [2023-10-29T01:23:00.345+0000] {dagbag.py:536} INFO - Filling up the DagBag from /usr/local/lib/python3.10/dist-packages/airflow/example_dags/example_branch_labels.py
[2023-10-29T01:23:00.353+0000] {processor.py:839} INFO - DAG(s) dict_keys(['example_branch_labels']) retrieved from /usr/local/lib/python3.10/dist-packages/airflow/example_dags/example_branch_labels.py
[2023-10-29T01:23:00.371+0000] {logging_mixin.py:151} INFO - [2023-10-29T01:23:00.371+0000] {dag.py:2941} INFO - Sync 1 DAGs
[2023-10-29T01:23:00.392+0000] {logging_mixin.py:151} INFO - [2023-10-29T01:23:00.392+0000] {dag.py:3722} INFO - Setting next_dagrun for example_branch_labels to 2023-10-28T00:00:00+00:00, run_after=2023-10-29T00:00:00+00:00
[2023-10-29T01:23:00.414+0000] {processor.py:179} INFO - Processing /usr/local/lib/python3.10/dist-packages/airflow/example_dags/example_branch_labels.py took 0.074 seconds
[2023-10-29T01:23:49.480+0000] {processor.py:157} INFO - Started process (PID=5408) to work on /usr/local/lib/python3.10/dist-packages/airflow/example_dags/example_branch_labels.py
[2023-10-29T01:23:49.482+0000] {processor.py:829} INFO - Processing file /usr/local/lib/python3.10/dist-packages/airflow/example_dags/example_branch_labels.py for tasks to queue
[2023-10-29T01:23:49.483+0000] {logging_mixin.py:151} INFO - [2023-10-29T01:23:49.482+0000] {dagbag.py:536} INFO - Filling up the DagBag from /usr/local/lib/python3.10/dist-packages/airflow/example_dags/example_branch_labels.py
[2023-10-29T01:23:49.490+0000] {processor.py:839} INFO - DAG(s) dict_keys(['example_branch_labels']) retrieved from /usr/local/lib/python3.10/dist-packages/airflow/example_dags/example_branch_labels.py
[2023-10-29T01:23:49.509+0000] {logging_mixin.py:151} INFO - [2023-10-29T01:23:49.509+0000] {dag.py:2941} INFO - Sync 1 DAGs
[2023-10-29T01:23:49.531+0000] {logging_mixin.py:151} INFO - [2023-10-29T01:23:49.531+0000] {dag.py:3722} INFO - Setting next_dagrun for example_branch_labels to 2023-10-28T00:00:00+00:00, run_after=2023-10-29T00:00:00+00:00
[2023-10-29T01:23:49.552+0000] {processor.py:179} INFO - Processing /usr/local/lib/python3.10/dist-packages/airflow/example_dags/example_branch_labels.py took 0.075 seconds
[2023-10-29T01:24:40.025+0000] {processor.py:157} INFO - Started process (PID=5460) to work on /usr/local/lib/python3.10/dist-packages/airflow/example_dags/example_branch_labels.py
[2023-10-29T01:24:40.026+0000] {processor.py:829} INFO - Processing file /usr/local/lib/python3.10/dist-packages/airflow/example_dags/example_branch_labels.py for tasks to queue
[2023-10-29T01:24:40.027+0000] {logging_mixin.py:151} INFO - [2023-10-29T01:24:40.026+0000] {dagbag.py:536} INFO - Filling up the DagBag from /usr/local/lib/python3.10/dist-packages/airflow/example_dags/example_branch_labels.py
[2023-10-29T01:24:40.035+0000] {processor.py:839} INFO - DAG(s) dict_keys(['example_branch_labels']) retrieved from /usr/local/lib/python3.10/dist-packages/airflow/example_dags/example_branch_labels.py
[2023-10-29T01:24:40.053+0000] {logging_mixin.py:151} INFO - [2023-10-29T01:24:40.053+0000] {dag.py:2941} INFO - Sync 1 DAGs
[2023-10-29T01:24:40.075+0000] {logging_mixin.py:151} INFO - [2023-10-29T01:24:40.074+0000] {dag.py:3722} INFO - Setting next_dagrun for example_branch_labels to 2023-10-28T00:00:00+00:00, run_after=2023-10-29T00:00:00+00:00
[2023-10-29T01:24:40.095+0000] {processor.py:179} INFO - Processing /usr/local/lib/python3.10/dist-packages/airflow/example_dags/example_branch_labels.py took 0.074 seconds
[2023-10-29T01:25:28.596+0000] {processor.py:157} INFO - Started process (PID=5509) to work on /usr/local/lib/python3.10/dist-packages/airflow/example_dags/example_branch_labels.py
[2023-10-29T01:25:28.597+0000] {processor.py:829} INFO - Processing file /usr/local/lib/python3.10/dist-packages/airflow/example_dags/example_branch_labels.py for tasks to queue
[2023-10-29T01:25:28.598+0000] {logging_mixin.py:151} INFO - [2023-10-29T01:25:28.598+0000] {dagbag.py:536} INFO - Filling up the DagBag from /usr/local/lib/python3.10/dist-packages/airflow/example_dags/example_branch_labels.py
[2023-10-29T01:25:28.606+0000] {processor.py:839} INFO - DAG(s) dict_keys(['example_branch_labels']) retrieved from /usr/local/lib/python3.10/dist-packages/airflow/example_dags/example_branch_labels.py
[2023-10-29T01:25:28.624+0000] {logging_mixin.py:151} INFO - [2023-10-29T01:25:28.624+0000] {dag.py:2941} INFO - Sync 1 DAGs
[2023-10-29T01:25:28.645+0000] {logging_mixin.py:151} INFO - [2023-10-29T01:25:28.645+0000] {dag.py:3722} INFO - Setting next_dagrun for example_branch_labels to 2023-10-28T00:00:00+00:00, run_after=2023-10-29T00:00:00+00:00
[2023-10-29T01:25:28.666+0000] {processor.py:179} INFO - Processing /usr/local/lib/python3.10/dist-packages/airflow/example_dags/example_branch_labels.py took 0.073 seconds
