[2023-10-29T01:01:08.299+0000] {processor.py:157} INFO - Started process (PID=3619) to work on /usr/local/lib/python3.10/dist-packages/airflow/example_dags/example_skip_dag.py
[2023-10-29T01:01:08.300+0000] {processor.py:829} INFO - Processing file /usr/local/lib/python3.10/dist-packages/airflow/example_dags/example_skip_dag.py for tasks to queue
[2023-10-29T01:01:08.301+0000] {logging_mixin.py:151} INFO - [2023-10-29T01:01:08.301+0000] {dagbag.py:536} INFO - Filling up the DagBag from /usr/local/lib/python3.10/dist-packages/airflow/example_dags/example_skip_dag.py
[2023-10-29T01:01:08.311+0000] {processor.py:839} INFO - DAG(s) dict_keys(['example_skip_dag']) retrieved from /usr/local/lib/python3.10/dist-packages/airflow/example_dags/example_skip_dag.py
[2023-10-29T01:01:08.531+0000] {logging_mixin.py:151} INFO - [2023-10-29T01:01:08.531+0000] {manager.py:499} INFO - Created Permission View: %s
[2023-10-29T01:01:08.552+0000] {logging_mixin.py:151} INFO - [2023-10-29T01:01:08.552+0000] {manager.py:499} INFO - Created Permission View: %s
[2023-10-29T01:01:08.566+0000] {logging_mixin.py:151} INFO - [2023-10-29T01:01:08.565+0000] {manager.py:499} INFO - Created Permission View: %s
[2023-10-29T01:01:08.566+0000] {logging_mixin.py:151} INFO - [2023-10-29T01:01:08.566+0000] {dag.py:2941} INFO - Sync 1 DAGs
[2023-10-29T01:01:08.576+0000] {logging_mixin.py:151} INFO - [2023-10-29T01:01:08.576+0000] {dag.py:2963} INFO - Creating ORM DAG for example_skip_dag
[2023-10-29T01:01:08.584+0000] {logging_mixin.py:151} INFO - [2023-10-29T01:01:08.583+0000] {dag.py:3722} INFO - Setting next_dagrun for example_skip_dag to 2023-10-28T01:01:08.583797+00:00, run_after=2023-10-29T01:01:08.583797+00:00
[2023-10-29T01:01:08.609+0000] {processor.py:179} INFO - Processing /usr/local/lib/python3.10/dist-packages/airflow/example_dags/example_skip_dag.py took 0.312 seconds
[2023-10-29T01:01:59.326+0000] {processor.py:157} INFO - Started process (PID=3670) to work on /usr/local/lib/python3.10/dist-packages/airflow/example_dags/example_skip_dag.py
[2023-10-29T01:01:59.327+0000] {processor.py:829} INFO - Processing file /usr/local/lib/python3.10/dist-packages/airflow/example_dags/example_skip_dag.py for tasks to queue
[2023-10-29T01:01:59.328+0000] {logging_mixin.py:151} INFO - [2023-10-29T01:01:59.327+0000] {dagbag.py:536} INFO - Filling up the DagBag from /usr/local/lib/python3.10/dist-packages/airflow/example_dags/example_skip_dag.py
[2023-10-29T01:01:59.335+0000] {processor.py:839} INFO - DAG(s) dict_keys(['example_skip_dag']) retrieved from /usr/local/lib/python3.10/dist-packages/airflow/example_dags/example_skip_dag.py
[2023-10-29T01:01:59.353+0000] {logging_mixin.py:151} INFO - [2023-10-29T01:01:59.352+0000] {dag.py:2941} INFO - Sync 1 DAGs
[2023-10-29T01:01:59.374+0000] {logging_mixin.py:151} INFO - [2023-10-29T01:01:59.373+0000] {dag.py:3722} INFO - Setting next_dagrun for example_skip_dag to 2023-10-28T01:01:59.373613+00:00, run_after=2023-10-29T01:01:59.373613+00:00
[2023-10-29T01:01:59.395+0000] {processor.py:179} INFO - Processing /usr/local/lib/python3.10/dist-packages/airflow/example_dags/example_skip_dag.py took 0.072 seconds
[2023-10-29T01:02:45.820+0000] {processor.py:157} INFO - Started process (PID=3716) to work on /usr/local/lib/python3.10/dist-packages/airflow/example_dags/example_skip_dag.py
[2023-10-29T01:02:45.821+0000] {processor.py:829} INFO - Processing file /usr/local/lib/python3.10/dist-packages/airflow/example_dags/example_skip_dag.py for tasks to queue
[2023-10-29T01:02:45.822+0000] {logging_mixin.py:151} INFO - [2023-10-29T01:02:45.822+0000] {dagbag.py:536} INFO - Filling up the DagBag from /usr/local/lib/python3.10/dist-packages/airflow/example_dags/example_skip_dag.py
[2023-10-29T01:02:45.830+0000] {processor.py:839} INFO - DAG(s) dict_keys(['example_skip_dag']) retrieved from /usr/local/lib/python3.10/dist-packages/airflow/example_dags/example_skip_dag.py
[2023-10-29T01:02:45.847+0000] {logging_mixin.py:151} INFO - [2023-10-29T01:02:45.847+0000] {dag.py:2941} INFO - Sync 1 DAGs
[2023-10-29T01:02:45.867+0000] {logging_mixin.py:151} INFO - [2023-10-29T01:02:45.867+0000] {dag.py:3722} INFO - Setting next_dagrun for example_skip_dag to 2023-10-28T01:02:45.866867+00:00, run_after=2023-10-29T01:02:45.866867+00:00
[2023-10-29T01:02:45.889+0000] {processor.py:179} INFO - Processing /usr/local/lib/python3.10/dist-packages/airflow/example_dags/example_skip_dag.py took 0.073 seconds
[2023-10-29T01:03:25.256+0000] {processor.py:157} INFO - Started process (PID=3759) to work on /usr/local/lib/python3.10/dist-packages/airflow/example_dags/example_skip_dag.py
[2023-10-29T01:03:25.257+0000] {processor.py:829} INFO - Processing file /usr/local/lib/python3.10/dist-packages/airflow/example_dags/example_skip_dag.py for tasks to queue
[2023-10-29T01:03:25.258+0000] {logging_mixin.py:151} INFO - [2023-10-29T01:03:25.258+0000] {dagbag.py:536} INFO - Filling up the DagBag from /usr/local/lib/python3.10/dist-packages/airflow/example_dags/example_skip_dag.py
[2023-10-29T01:03:25.266+0000] {processor.py:839} INFO - DAG(s) dict_keys(['example_skip_dag']) retrieved from /usr/local/lib/python3.10/dist-packages/airflow/example_dags/example_skip_dag.py
[2023-10-29T01:03:25.283+0000] {logging_mixin.py:151} INFO - [2023-10-29T01:03:25.283+0000] {dag.py:2941} INFO - Sync 1 DAGs
[2023-10-29T01:03:25.304+0000] {logging_mixin.py:151} INFO - [2023-10-29T01:03:25.304+0000] {dag.py:3722} INFO - Setting next_dagrun for example_skip_dag to 2023-10-28T01:03:25.303841+00:00, run_after=2023-10-29T01:03:25.303841+00:00
[2023-10-29T01:03:25.326+0000] {processor.py:179} INFO - Processing /usr/local/lib/python3.10/dist-packages/airflow/example_dags/example_skip_dag.py took 0.073 seconds
[2023-10-29T01:04:08.403+0000] {processor.py:157} INFO - Started process (PID=3805) to work on /usr/local/lib/python3.10/dist-packages/airflow/example_dags/example_skip_dag.py
[2023-10-29T01:04:08.404+0000] {processor.py:829} INFO - Processing file /usr/local/lib/python3.10/dist-packages/airflow/example_dags/example_skip_dag.py for tasks to queue
[2023-10-29T01:04:08.405+0000] {logging_mixin.py:151} INFO - [2023-10-29T01:04:08.405+0000] {dagbag.py:536} INFO - Filling up the DagBag from /usr/local/lib/python3.10/dist-packages/airflow/example_dags/example_skip_dag.py
[2023-10-29T01:04:08.413+0000] {processor.py:839} INFO - DAG(s) dict_keys(['example_skip_dag']) retrieved from /usr/local/lib/python3.10/dist-packages/airflow/example_dags/example_skip_dag.py
[2023-10-29T01:04:08.431+0000] {logging_mixin.py:151} INFO - [2023-10-29T01:04:08.431+0000] {dag.py:2941} INFO - Sync 1 DAGs
[2023-10-29T01:04:08.451+0000] {logging_mixin.py:151} INFO - [2023-10-29T01:04:08.451+0000] {dag.py:3722} INFO - Setting next_dagrun for example_skip_dag to 2023-10-28T01:04:08.451222+00:00, run_after=2023-10-29T01:04:08.451222+00:00
[2023-10-29T01:04:08.475+0000] {processor.py:179} INFO - Processing /usr/local/lib/python3.10/dist-packages/airflow/example_dags/example_skip_dag.py took 0.075 seconds
[2023-10-29T01:04:48.592+0000] {processor.py:157} INFO - Started process (PID=3847) to work on /usr/local/lib/python3.10/dist-packages/airflow/example_dags/example_skip_dag.py
[2023-10-29T01:04:48.593+0000] {processor.py:829} INFO - Processing file /usr/local/lib/python3.10/dist-packages/airflow/example_dags/example_skip_dag.py for tasks to queue
[2023-10-29T01:04:48.594+0000] {logging_mixin.py:151} INFO - [2023-10-29T01:04:48.593+0000] {dagbag.py:536} INFO - Filling up the DagBag from /usr/local/lib/python3.10/dist-packages/airflow/example_dags/example_skip_dag.py
[2023-10-29T01:04:48.601+0000] {processor.py:839} INFO - DAG(s) dict_keys(['example_skip_dag']) retrieved from /usr/local/lib/python3.10/dist-packages/airflow/example_dags/example_skip_dag.py
[2023-10-29T01:04:48.619+0000] {logging_mixin.py:151} INFO - [2023-10-29T01:04:48.619+0000] {dag.py:2941} INFO - Sync 1 DAGs
[2023-10-29T01:04:48.639+0000] {logging_mixin.py:151} INFO - [2023-10-29T01:04:48.639+0000] {dag.py:3722} INFO - Setting next_dagrun for example_skip_dag to 2023-10-28T01:04:48.639476+00:00, run_after=2023-10-29T01:04:48.639476+00:00
[2023-10-29T01:04:48.661+0000] {processor.py:179} INFO - Processing /usr/local/lib/python3.10/dist-packages/airflow/example_dags/example_skip_dag.py took 0.073 seconds
[2023-10-29T01:05:35.065+0000] {processor.py:157} INFO - Started process (PID=3895) to work on /usr/local/lib/python3.10/dist-packages/airflow/example_dags/example_skip_dag.py
[2023-10-29T01:05:35.067+0000] {processor.py:829} INFO - Processing file /usr/local/lib/python3.10/dist-packages/airflow/example_dags/example_skip_dag.py for tasks to queue
[2023-10-29T01:05:35.067+0000] {logging_mixin.py:151} INFO - [2023-10-29T01:05:35.067+0000] {dagbag.py:536} INFO - Filling up the DagBag from /usr/local/lib/python3.10/dist-packages/airflow/example_dags/example_skip_dag.py
[2023-10-29T01:05:35.075+0000] {processor.py:839} INFO - DAG(s) dict_keys(['example_skip_dag']) retrieved from /usr/local/lib/python3.10/dist-packages/airflow/example_dags/example_skip_dag.py
[2023-10-29T01:05:35.093+0000] {logging_mixin.py:151} INFO - [2023-10-29T01:05:35.093+0000] {dag.py:2941} INFO - Sync 1 DAGs
[2023-10-29T01:05:35.113+0000] {logging_mixin.py:151} INFO - [2023-10-29T01:05:35.113+0000] {dag.py:3722} INFO - Setting next_dagrun for example_skip_dag to 2023-10-28T01:05:35.113207+00:00, run_after=2023-10-29T01:05:35.113207+00:00
[2023-10-29T01:05:35.136+0000] {processor.py:179} INFO - Processing /usr/local/lib/python3.10/dist-packages/airflow/example_dags/example_skip_dag.py took 0.074 seconds
[2023-10-29T01:06:19.210+0000] {processor.py:157} INFO - Started process (PID=3942) to work on /usr/local/lib/python3.10/dist-packages/airflow/example_dags/example_skip_dag.py
[2023-10-29T01:06:19.211+0000] {processor.py:829} INFO - Processing file /usr/local/lib/python3.10/dist-packages/airflow/example_dags/example_skip_dag.py for tasks to queue
[2023-10-29T01:06:19.212+0000] {logging_mixin.py:151} INFO - [2023-10-29T01:06:19.211+0000] {dagbag.py:536} INFO - Filling up the DagBag from /usr/local/lib/python3.10/dist-packages/airflow/example_dags/example_skip_dag.py
[2023-10-29T01:06:19.220+0000] {processor.py:839} INFO - DAG(s) dict_keys(['example_skip_dag']) retrieved from /usr/local/lib/python3.10/dist-packages/airflow/example_dags/example_skip_dag.py
[2023-10-29T01:06:19.236+0000] {logging_mixin.py:151} INFO - [2023-10-29T01:06:19.236+0000] {dag.py:2941} INFO - Sync 1 DAGs
[2023-10-29T01:06:19.256+0000] {logging_mixin.py:151} INFO - [2023-10-29T01:06:19.256+0000] {dag.py:3722} INFO - Setting next_dagrun for example_skip_dag to 2023-10-28T01:06:19.255778+00:00, run_after=2023-10-29T01:06:19.255778+00:00
[2023-10-29T01:06:19.278+0000] {processor.py:179} INFO - Processing /usr/local/lib/python3.10/dist-packages/airflow/example_dags/example_skip_dag.py took 0.071 seconds
[2023-10-29T01:07:02.279+0000] {processor.py:157} INFO - Started process (PID=3989) to work on /usr/local/lib/python3.10/dist-packages/airflow/example_dags/example_skip_dag.py
[2023-10-29T01:07:02.280+0000] {processor.py:829} INFO - Processing file /usr/local/lib/python3.10/dist-packages/airflow/example_dags/example_skip_dag.py for tasks to queue
[2023-10-29T01:07:02.281+0000] {logging_mixin.py:151} INFO - [2023-10-29T01:07:02.281+0000] {dagbag.py:536} INFO - Filling up the DagBag from /usr/local/lib/python3.10/dist-packages/airflow/example_dags/example_skip_dag.py
[2023-10-29T01:07:02.289+0000] {processor.py:839} INFO - DAG(s) dict_keys(['example_skip_dag']) retrieved from /usr/local/lib/python3.10/dist-packages/airflow/example_dags/example_skip_dag.py
[2023-10-29T01:07:02.307+0000] {logging_mixin.py:151} INFO - [2023-10-29T01:07:02.307+0000] {dag.py:2941} INFO - Sync 1 DAGs
[2023-10-29T01:07:02.327+0000] {logging_mixin.py:151} INFO - [2023-10-29T01:07:02.327+0000] {dag.py:3722} INFO - Setting next_dagrun for example_skip_dag to 2023-10-28T01:07:02.327431+00:00, run_after=2023-10-29T01:07:02.327431+00:00
[2023-10-29T01:07:02.351+0000] {processor.py:179} INFO - Processing /usr/local/lib/python3.10/dist-packages/airflow/example_dags/example_skip_dag.py took 0.075 seconds
[2023-10-29T01:07:42.714+0000] {processor.py:157} INFO - Started process (PID=4030) to work on /usr/local/lib/python3.10/dist-packages/airflow/example_dags/example_skip_dag.py
[2023-10-29T01:07:42.715+0000] {processor.py:829} INFO - Processing file /usr/local/lib/python3.10/dist-packages/airflow/example_dags/example_skip_dag.py for tasks to queue
[2023-10-29T01:07:42.716+0000] {logging_mixin.py:151} INFO - [2023-10-29T01:07:42.716+0000] {dagbag.py:536} INFO - Filling up the DagBag from /usr/local/lib/python3.10/dist-packages/airflow/example_dags/example_skip_dag.py
[2023-10-29T01:07:42.724+0000] {processor.py:839} INFO - DAG(s) dict_keys(['example_skip_dag']) retrieved from /usr/local/lib/python3.10/dist-packages/airflow/example_dags/example_skip_dag.py
[2023-10-29T01:07:42.741+0000] {logging_mixin.py:151} INFO - [2023-10-29T01:07:42.741+0000] {dag.py:2941} INFO - Sync 1 DAGs
[2023-10-29T01:07:42.761+0000] {logging_mixin.py:151} INFO - [2023-10-29T01:07:42.761+0000] {dag.py:3722} INFO - Setting next_dagrun for example_skip_dag to 2023-10-28T01:07:42.761537+00:00, run_after=2023-10-29T01:07:42.761537+00:00
[2023-10-29T01:07:42.783+0000] {processor.py:179} INFO - Processing /usr/local/lib/python3.10/dist-packages/airflow/example_dags/example_skip_dag.py took 0.072 seconds
[2023-10-29T01:08:19.575+0000] {processor.py:157} INFO - Started process (PID=4067) to work on /usr/local/lib/python3.10/dist-packages/airflow/example_dags/example_skip_dag.py
[2023-10-29T01:08:19.577+0000] {processor.py:829} INFO - Processing file /usr/local/lib/python3.10/dist-packages/airflow/example_dags/example_skip_dag.py for tasks to queue
[2023-10-29T01:08:19.578+0000] {logging_mixin.py:151} INFO - [2023-10-29T01:08:19.577+0000] {dagbag.py:536} INFO - Filling up the DagBag from /usr/local/lib/python3.10/dist-packages/airflow/example_dags/example_skip_dag.py
[2023-10-29T01:08:19.585+0000] {processor.py:839} INFO - DAG(s) dict_keys(['example_skip_dag']) retrieved from /usr/local/lib/python3.10/dist-packages/airflow/example_dags/example_skip_dag.py
[2023-10-29T01:08:19.603+0000] {logging_mixin.py:151} INFO - [2023-10-29T01:08:19.602+0000] {dag.py:2941} INFO - Sync 1 DAGs
[2023-10-29T01:08:19.623+0000] {logging_mixin.py:151} INFO - [2023-10-29T01:08:19.622+0000] {dag.py:3722} INFO - Setting next_dagrun for example_skip_dag to 2023-10-28T01:08:19.622582+00:00, run_after=2023-10-29T01:08:19.622582+00:00
[2023-10-29T01:08:19.645+0000] {processor.py:179} INFO - Processing /usr/local/lib/python3.10/dist-packages/airflow/example_dags/example_skip_dag.py took 0.072 seconds
[2023-10-29T01:09:07.057+0000] {processor.py:157} INFO - Started process (PID=4115) to work on /usr/local/lib/python3.10/dist-packages/airflow/example_dags/example_skip_dag.py
[2023-10-29T01:09:07.058+0000] {processor.py:829} INFO - Processing file /usr/local/lib/python3.10/dist-packages/airflow/example_dags/example_skip_dag.py for tasks to queue
[2023-10-29T01:09:07.059+0000] {logging_mixin.py:151} INFO - [2023-10-29T01:09:07.059+0000] {dagbag.py:536} INFO - Filling up the DagBag from /usr/local/lib/python3.10/dist-packages/airflow/example_dags/example_skip_dag.py
[2023-10-29T01:09:07.067+0000] {processor.py:839} INFO - DAG(s) dict_keys(['example_skip_dag']) retrieved from /usr/local/lib/python3.10/dist-packages/airflow/example_dags/example_skip_dag.py
[2023-10-29T01:09:07.084+0000] {logging_mixin.py:151} INFO - [2023-10-29T01:09:07.084+0000] {dag.py:2941} INFO - Sync 1 DAGs
[2023-10-29T01:09:07.105+0000] {logging_mixin.py:151} INFO - [2023-10-29T01:09:07.105+0000] {dag.py:3722} INFO - Setting next_dagrun for example_skip_dag to 2023-10-28T01:09:07.104814+00:00, run_after=2023-10-29T01:09:07.104814+00:00
[2023-10-29T01:09:07.128+0000] {processor.py:179} INFO - Processing /usr/local/lib/python3.10/dist-packages/airflow/example_dags/example_skip_dag.py took 0.074 seconds
[2023-10-29T01:09:53.184+0000] {processor.py:157} INFO - Started process (PID=4162) to work on /usr/local/lib/python3.10/dist-packages/airflow/example_dags/example_skip_dag.py
[2023-10-29T01:09:53.185+0000] {processor.py:829} INFO - Processing file /usr/local/lib/python3.10/dist-packages/airflow/example_dags/example_skip_dag.py for tasks to queue
[2023-10-29T01:09:53.186+0000] {logging_mixin.py:151} INFO - [2023-10-29T01:09:53.186+0000] {dagbag.py:536} INFO - Filling up the DagBag from /usr/local/lib/python3.10/dist-packages/airflow/example_dags/example_skip_dag.py
[2023-10-29T01:09:53.194+0000] {processor.py:839} INFO - DAG(s) dict_keys(['example_skip_dag']) retrieved from /usr/local/lib/python3.10/dist-packages/airflow/example_dags/example_skip_dag.py
[2023-10-29T01:09:53.211+0000] {logging_mixin.py:151} INFO - [2023-10-29T01:09:53.211+0000] {dag.py:2941} INFO - Sync 1 DAGs
[2023-10-29T01:09:53.231+0000] {logging_mixin.py:151} INFO - [2023-10-29T01:09:53.231+0000] {dag.py:3722} INFO - Setting next_dagrun for example_skip_dag to 2023-10-28T01:09:53.231422+00:00, run_after=2023-10-29T01:09:53.231422+00:00
[2023-10-29T01:09:53.253+0000] {processor.py:179} INFO - Processing /usr/local/lib/python3.10/dist-packages/airflow/example_dags/example_skip_dag.py took 0.072 seconds
[2023-10-29T01:10:41.842+0000] {processor.py:157} INFO - Started process (PID=4211) to work on /usr/local/lib/python3.10/dist-packages/airflow/example_dags/example_skip_dag.py
[2023-10-29T01:10:41.844+0000] {processor.py:829} INFO - Processing file /usr/local/lib/python3.10/dist-packages/airflow/example_dags/example_skip_dag.py for tasks to queue
[2023-10-29T01:10:41.844+0000] {logging_mixin.py:151} INFO - [2023-10-29T01:10:41.844+0000] {dagbag.py:536} INFO - Filling up the DagBag from /usr/local/lib/python3.10/dist-packages/airflow/example_dags/example_skip_dag.py
[2023-10-29T01:10:41.852+0000] {processor.py:839} INFO - DAG(s) dict_keys(['example_skip_dag']) retrieved from /usr/local/lib/python3.10/dist-packages/airflow/example_dags/example_skip_dag.py
[2023-10-29T01:10:41.870+0000] {logging_mixin.py:151} INFO - [2023-10-29T01:10:41.869+0000] {dag.py:2941} INFO - Sync 1 DAGs
[2023-10-29T01:10:41.890+0000] {logging_mixin.py:151} INFO - [2023-10-29T01:10:41.889+0000] {dag.py:3722} INFO - Setting next_dagrun for example_skip_dag to 2023-10-28T01:10:41.889603+00:00, run_after=2023-10-29T01:10:41.889603+00:00
[2023-10-29T01:10:41.910+0000] {processor.py:179} INFO - Processing /usr/local/lib/python3.10/dist-packages/airflow/example_dags/example_skip_dag.py took 0.071 seconds
[2023-10-29T01:11:28.301+0000] {processor.py:157} INFO - Started process (PID=4488) to work on /usr/local/lib/python3.10/dist-packages/airflow/example_dags/example_skip_dag.py
[2023-10-29T01:11:28.302+0000] {processor.py:829} INFO - Processing file /usr/local/lib/python3.10/dist-packages/airflow/example_dags/example_skip_dag.py for tasks to queue
[2023-10-29T01:11:28.303+0000] {logging_mixin.py:151} INFO - [2023-10-29T01:11:28.303+0000] {dagbag.py:536} INFO - Filling up the DagBag from /usr/local/lib/python3.10/dist-packages/airflow/example_dags/example_skip_dag.py
[2023-10-29T01:11:28.311+0000] {processor.py:839} INFO - DAG(s) dict_keys(['example_skip_dag']) retrieved from /usr/local/lib/python3.10/dist-packages/airflow/example_dags/example_skip_dag.py
[2023-10-29T01:11:28.328+0000] {logging_mixin.py:151} INFO - [2023-10-29T01:11:28.328+0000] {dag.py:2941} INFO - Sync 1 DAGs
[2023-10-29T01:11:28.349+0000] {logging_mixin.py:151} INFO - [2023-10-29T01:11:28.349+0000] {dag.py:3722} INFO - Setting next_dagrun for example_skip_dag to 2023-10-28T01:11:28.348773+00:00, run_after=2023-10-29T01:11:28.348773+00:00
[2023-10-29T01:11:28.439+0000] {processor.py:179} INFO - Processing /usr/local/lib/python3.10/dist-packages/airflow/example_dags/example_skip_dag.py took 0.142 seconds
[2023-10-29T01:12:15.365+0000] {processor.py:157} INFO - Started process (PID=4682) to work on /usr/local/lib/python3.10/dist-packages/airflow/example_dags/example_skip_dag.py
[2023-10-29T01:12:15.366+0000] {processor.py:829} INFO - Processing file /usr/local/lib/python3.10/dist-packages/airflow/example_dags/example_skip_dag.py for tasks to queue
[2023-10-29T01:12:15.367+0000] {logging_mixin.py:151} INFO - [2023-10-29T01:12:15.367+0000] {dagbag.py:536} INFO - Filling up the DagBag from /usr/local/lib/python3.10/dist-packages/airflow/example_dags/example_skip_dag.py
[2023-10-29T01:12:15.375+0000] {processor.py:839} INFO - DAG(s) dict_keys(['example_skip_dag']) retrieved from /usr/local/lib/python3.10/dist-packages/airflow/example_dags/example_skip_dag.py
[2023-10-29T01:12:15.392+0000] {logging_mixin.py:151} INFO - [2023-10-29T01:12:15.392+0000] {dag.py:2941} INFO - Sync 1 DAGs
[2023-10-29T01:12:15.412+0000] {logging_mixin.py:151} INFO - [2023-10-29T01:12:15.412+0000] {dag.py:3722} INFO - Setting next_dagrun for example_skip_dag to 2023-10-28T01:12:15.412198+00:00, run_after=2023-10-29T01:12:15.412198+00:00
[2023-10-29T01:12:15.437+0000] {processor.py:179} INFO - Processing /usr/local/lib/python3.10/dist-packages/airflow/example_dags/example_skip_dag.py took 0.075 seconds
[2023-10-29T01:12:56.335+0000] {processor.py:157} INFO - Started process (PID=4732) to work on /usr/local/lib/python3.10/dist-packages/airflow/example_dags/example_skip_dag.py
[2023-10-29T01:12:56.336+0000] {processor.py:829} INFO - Processing file /usr/local/lib/python3.10/dist-packages/airflow/example_dags/example_skip_dag.py for tasks to queue
[2023-10-29T01:12:56.337+0000] {logging_mixin.py:151} INFO - [2023-10-29T01:12:56.337+0000] {dagbag.py:536} INFO - Filling up the DagBag from /usr/local/lib/python3.10/dist-packages/airflow/example_dags/example_skip_dag.py
[2023-10-29T01:12:56.345+0000] {processor.py:839} INFO - DAG(s) dict_keys(['example_skip_dag']) retrieved from /usr/local/lib/python3.10/dist-packages/airflow/example_dags/example_skip_dag.py
[2023-10-29T01:12:56.362+0000] {logging_mixin.py:151} INFO - [2023-10-29T01:12:56.362+0000] {dag.py:2941} INFO - Sync 1 DAGs
[2023-10-29T01:12:56.383+0000] {logging_mixin.py:151} INFO - [2023-10-29T01:12:56.383+0000] {dag.py:3722} INFO - Setting next_dagrun for example_skip_dag to 2023-10-28T01:12:56.382922+00:00, run_after=2023-10-29T01:12:56.382922+00:00
[2023-10-29T01:12:56.404+0000] {processor.py:179} INFO - Processing /usr/local/lib/python3.10/dist-packages/airflow/example_dags/example_skip_dag.py took 0.072 seconds
[2023-10-29T01:13:36.437+0000] {processor.py:157} INFO - Started process (PID=4776) to work on /usr/local/lib/python3.10/dist-packages/airflow/example_dags/example_skip_dag.py
[2023-10-29T01:13:36.439+0000] {processor.py:829} INFO - Processing file /usr/local/lib/python3.10/dist-packages/airflow/example_dags/example_skip_dag.py for tasks to queue
[2023-10-29T01:13:36.439+0000] {logging_mixin.py:151} INFO - [2023-10-29T01:13:36.439+0000] {dagbag.py:536} INFO - Filling up the DagBag from /usr/local/lib/python3.10/dist-packages/airflow/example_dags/example_skip_dag.py
[2023-10-29T01:13:36.447+0000] {processor.py:839} INFO - DAG(s) dict_keys(['example_skip_dag']) retrieved from /usr/local/lib/python3.10/dist-packages/airflow/example_dags/example_skip_dag.py
[2023-10-29T01:13:36.465+0000] {logging_mixin.py:151} INFO - [2023-10-29T01:13:36.464+0000] {dag.py:2941} INFO - Sync 1 DAGs
[2023-10-29T01:13:36.484+0000] {logging_mixin.py:151} INFO - [2023-10-29T01:13:36.484+0000] {dag.py:3722} INFO - Setting next_dagrun for example_skip_dag to 2023-10-28T01:13:36.484422+00:00, run_after=2023-10-29T01:13:36.484422+00:00
[2023-10-29T01:13:36.507+0000] {processor.py:179} INFO - Processing /usr/local/lib/python3.10/dist-packages/airflow/example_dags/example_skip_dag.py took 0.072 seconds
[2023-10-29T01:14:22.580+0000] {processor.py:157} INFO - Started process (PID=4824) to work on /usr/local/lib/python3.10/dist-packages/airflow/example_dags/example_skip_dag.py
[2023-10-29T01:14:22.581+0000] {processor.py:829} INFO - Processing file /usr/local/lib/python3.10/dist-packages/airflow/example_dags/example_skip_dag.py for tasks to queue
[2023-10-29T01:14:22.582+0000] {logging_mixin.py:151} INFO - [2023-10-29T01:14:22.582+0000] {dagbag.py:536} INFO - Filling up the DagBag from /usr/local/lib/python3.10/dist-packages/airflow/example_dags/example_skip_dag.py
[2023-10-29T01:14:22.590+0000] {processor.py:839} INFO - DAG(s) dict_keys(['example_skip_dag']) retrieved from /usr/local/lib/python3.10/dist-packages/airflow/example_dags/example_skip_dag.py
[2023-10-29T01:14:22.607+0000] {logging_mixin.py:151} INFO - [2023-10-29T01:14:22.606+0000] {dag.py:2941} INFO - Sync 1 DAGs
[2023-10-29T01:14:22.626+0000] {logging_mixin.py:151} INFO - [2023-10-29T01:14:22.626+0000] {dag.py:3722} INFO - Setting next_dagrun for example_skip_dag to 2023-10-28T01:14:22.626115+00:00, run_after=2023-10-29T01:14:22.626115+00:00
[2023-10-29T01:14:22.648+0000] {processor.py:179} INFO - Processing /usr/local/lib/python3.10/dist-packages/airflow/example_dags/example_skip_dag.py took 0.072 seconds
[2023-10-29T01:15:04.603+0000] {processor.py:157} INFO - Started process (PID=4869) to work on /usr/local/lib/python3.10/dist-packages/airflow/example_dags/example_skip_dag.py
[2023-10-29T01:15:04.604+0000] {processor.py:829} INFO - Processing file /usr/local/lib/python3.10/dist-packages/airflow/example_dags/example_skip_dag.py for tasks to queue
[2023-10-29T01:15:04.605+0000] {logging_mixin.py:151} INFO - [2023-10-29T01:15:04.605+0000] {dagbag.py:536} INFO - Filling up the DagBag from /usr/local/lib/python3.10/dist-packages/airflow/example_dags/example_skip_dag.py
[2023-10-29T01:15:04.613+0000] {processor.py:839} INFO - DAG(s) dict_keys(['example_skip_dag']) retrieved from /usr/local/lib/python3.10/dist-packages/airflow/example_dags/example_skip_dag.py
[2023-10-29T01:15:04.630+0000] {logging_mixin.py:151} INFO - [2023-10-29T01:15:04.630+0000] {dag.py:2941} INFO - Sync 1 DAGs
[2023-10-29T01:15:04.650+0000] {logging_mixin.py:151} INFO - [2023-10-29T01:15:04.650+0000] {dag.py:3722} INFO - Setting next_dagrun for example_skip_dag to 2023-10-28T01:15:04.650244+00:00, run_after=2023-10-29T01:15:04.650244+00:00
[2023-10-29T01:15:04.672+0000] {processor.py:179} INFO - Processing /usr/local/lib/python3.10/dist-packages/airflow/example_dags/example_skip_dag.py took 0.072 seconds
[2023-10-29T01:15:49.287+0000] {processor.py:157} INFO - Started process (PID=4915) to work on /usr/local/lib/python3.10/dist-packages/airflow/example_dags/example_skip_dag.py
[2023-10-29T01:15:49.288+0000] {processor.py:829} INFO - Processing file /usr/local/lib/python3.10/dist-packages/airflow/example_dags/example_skip_dag.py for tasks to queue
[2023-10-29T01:15:49.289+0000] {logging_mixin.py:151} INFO - [2023-10-29T01:15:49.289+0000] {dagbag.py:536} INFO - Filling up the DagBag from /usr/local/lib/python3.10/dist-packages/airflow/example_dags/example_skip_dag.py
[2023-10-29T01:15:49.297+0000] {processor.py:839} INFO - DAG(s) dict_keys(['example_skip_dag']) retrieved from /usr/local/lib/python3.10/dist-packages/airflow/example_dags/example_skip_dag.py
[2023-10-29T01:15:49.314+0000] {logging_mixin.py:151} INFO - [2023-10-29T01:15:49.314+0000] {dag.py:2941} INFO - Sync 1 DAGs
[2023-10-29T01:15:49.336+0000] {logging_mixin.py:151} INFO - [2023-10-29T01:15:49.335+0000] {dag.py:3722} INFO - Setting next_dagrun for example_skip_dag to 2023-10-28T01:15:49.335605+00:00, run_after=2023-10-29T01:15:49.335605+00:00
[2023-10-29T01:15:49.357+0000] {processor.py:179} INFO - Processing /usr/local/lib/python3.10/dist-packages/airflow/example_dags/example_skip_dag.py took 0.073 seconds
[2023-10-29T01:16:35.613+0000] {processor.py:157} INFO - Started process (PID=4962) to work on /usr/local/lib/python3.10/dist-packages/airflow/example_dags/example_skip_dag.py
[2023-10-29T01:16:35.615+0000] {processor.py:829} INFO - Processing file /usr/local/lib/python3.10/dist-packages/airflow/example_dags/example_skip_dag.py for tasks to queue
[2023-10-29T01:16:35.615+0000] {logging_mixin.py:151} INFO - [2023-10-29T01:16:35.615+0000] {dagbag.py:536} INFO - Filling up the DagBag from /usr/local/lib/python3.10/dist-packages/airflow/example_dags/example_skip_dag.py
[2023-10-29T01:16:35.623+0000] {processor.py:839} INFO - DAG(s) dict_keys(['example_skip_dag']) retrieved from /usr/local/lib/python3.10/dist-packages/airflow/example_dags/example_skip_dag.py
[2023-10-29T01:16:35.641+0000] {logging_mixin.py:151} INFO - [2023-10-29T01:16:35.641+0000] {dag.py:2941} INFO - Sync 1 DAGs
[2023-10-29T01:16:35.661+0000] {logging_mixin.py:151} INFO - [2023-10-29T01:16:35.661+0000] {dag.py:3722} INFO - Setting next_dagrun for example_skip_dag to 2023-10-28T01:16:35.661020+00:00, run_after=2023-10-29T01:16:35.661020+00:00
[2023-10-29T01:16:35.682+0000] {processor.py:179} INFO - Processing /usr/local/lib/python3.10/dist-packages/airflow/example_dags/example_skip_dag.py took 0.072 seconds
[2023-10-29T01:17:21.917+0000] {processor.py:157} INFO - Started process (PID=5012) to work on /usr/local/lib/python3.10/dist-packages/airflow/example_dags/example_skip_dag.py
[2023-10-29T01:17:21.918+0000] {processor.py:829} INFO - Processing file /usr/local/lib/python3.10/dist-packages/airflow/example_dags/example_skip_dag.py for tasks to queue
[2023-10-29T01:17:21.919+0000] {logging_mixin.py:151} INFO - [2023-10-29T01:17:21.918+0000] {dagbag.py:536} INFO - Filling up the DagBag from /usr/local/lib/python3.10/dist-packages/airflow/example_dags/example_skip_dag.py
[2023-10-29T01:17:21.926+0000] {processor.py:839} INFO - DAG(s) dict_keys(['example_skip_dag']) retrieved from /usr/local/lib/python3.10/dist-packages/airflow/example_dags/example_skip_dag.py
[2023-10-29T01:17:21.944+0000] {logging_mixin.py:151} INFO - [2023-10-29T01:17:21.943+0000] {dag.py:2941} INFO - Sync 1 DAGs
[2023-10-29T01:17:21.964+0000] {logging_mixin.py:151} INFO - [2023-10-29T01:17:21.964+0000] {dag.py:3722} INFO - Setting next_dagrun for example_skip_dag to 2023-10-28T01:17:21.964496+00:00, run_after=2023-10-29T01:17:21.964496+00:00
[2023-10-29T01:17:21.986+0000] {processor.py:179} INFO - Processing /usr/local/lib/python3.10/dist-packages/airflow/example_dags/example_skip_dag.py took 0.072 seconds
[2023-10-29T01:18:07.202+0000] {processor.py:157} INFO - Started process (PID=5058) to work on /usr/local/lib/python3.10/dist-packages/airflow/example_dags/example_skip_dag.py
[2023-10-29T01:18:07.204+0000] {processor.py:829} INFO - Processing file /usr/local/lib/python3.10/dist-packages/airflow/example_dags/example_skip_dag.py for tasks to queue
[2023-10-29T01:18:07.205+0000] {logging_mixin.py:151} INFO - [2023-10-29T01:18:07.204+0000] {dagbag.py:536} INFO - Filling up the DagBag from /usr/local/lib/python3.10/dist-packages/airflow/example_dags/example_skip_dag.py
[2023-10-29T01:18:07.212+0000] {processor.py:839} INFO - DAG(s) dict_keys(['example_skip_dag']) retrieved from /usr/local/lib/python3.10/dist-packages/airflow/example_dags/example_skip_dag.py
[2023-10-29T01:18:07.230+0000] {logging_mixin.py:151} INFO - [2023-10-29T01:18:07.230+0000] {dag.py:2941} INFO - Sync 1 DAGs
[2023-10-29T01:18:07.250+0000] {logging_mixin.py:151} INFO - [2023-10-29T01:18:07.250+0000] {dag.py:3722} INFO - Setting next_dagrun for example_skip_dag to 2023-10-28T01:18:07.250414+00:00, run_after=2023-10-29T01:18:07.250414+00:00
[2023-10-29T01:18:07.274+0000] {processor.py:179} INFO - Processing /usr/local/lib/python3.10/dist-packages/airflow/example_dags/example_skip_dag.py took 0.075 seconds
[2023-10-29T01:18:53.569+0000] {processor.py:157} INFO - Started process (PID=5106) to work on /usr/local/lib/python3.10/dist-packages/airflow/example_dags/example_skip_dag.py
[2023-10-29T01:18:53.570+0000] {processor.py:829} INFO - Processing file /usr/local/lib/python3.10/dist-packages/airflow/example_dags/example_skip_dag.py for tasks to queue
[2023-10-29T01:18:53.571+0000] {logging_mixin.py:151} INFO - [2023-10-29T01:18:53.571+0000] {dagbag.py:536} INFO - Filling up the DagBag from /usr/local/lib/python3.10/dist-packages/airflow/example_dags/example_skip_dag.py
[2023-10-29T01:18:53.579+0000] {processor.py:839} INFO - DAG(s) dict_keys(['example_skip_dag']) retrieved from /usr/local/lib/python3.10/dist-packages/airflow/example_dags/example_skip_dag.py
[2023-10-29T01:18:53.597+0000] {logging_mixin.py:151} INFO - [2023-10-29T01:18:53.597+0000] {dag.py:2941} INFO - Sync 1 DAGs
[2023-10-29T01:18:53.618+0000] {logging_mixin.py:151} INFO - [2023-10-29T01:18:53.618+0000] {dag.py:3722} INFO - Setting next_dagrun for example_skip_dag to 2023-10-28T01:18:53.617982+00:00, run_after=2023-10-29T01:18:53.617982+00:00
[2023-10-29T01:18:53.639+0000] {processor.py:179} INFO - Processing /usr/local/lib/python3.10/dist-packages/airflow/example_dags/example_skip_dag.py took 0.074 seconds
[2023-10-29T01:19:42.676+0000] {processor.py:157} INFO - Started process (PID=5155) to work on /usr/local/lib/python3.10/dist-packages/airflow/example_dags/example_skip_dag.py
[2023-10-29T01:19:42.677+0000] {processor.py:829} INFO - Processing file /usr/local/lib/python3.10/dist-packages/airflow/example_dags/example_skip_dag.py for tasks to queue
[2023-10-29T01:19:42.678+0000] {logging_mixin.py:151} INFO - [2023-10-29T01:19:42.678+0000] {dagbag.py:536} INFO - Filling up the DagBag from /usr/local/lib/python3.10/dist-packages/airflow/example_dags/example_skip_dag.py
[2023-10-29T01:19:42.686+0000] {processor.py:839} INFO - DAG(s) dict_keys(['example_skip_dag']) retrieved from /usr/local/lib/python3.10/dist-packages/airflow/example_dags/example_skip_dag.py
[2023-10-29T01:19:42.703+0000] {logging_mixin.py:151} INFO - [2023-10-29T01:19:42.703+0000] {dag.py:2941} INFO - Sync 1 DAGs
[2023-10-29T01:19:42.723+0000] {logging_mixin.py:151} INFO - [2023-10-29T01:19:42.723+0000] {dag.py:3722} INFO - Setting next_dagrun for example_skip_dag to 2023-10-28T01:19:42.723052+00:00, run_after=2023-10-29T01:19:42.723052+00:00
[2023-10-29T01:19:42.747+0000] {processor.py:179} INFO - Processing /usr/local/lib/python3.10/dist-packages/airflow/example_dags/example_skip_dag.py took 0.075 seconds
[2023-10-29T01:20:28.369+0000] {processor.py:157} INFO - Started process (PID=5202) to work on /usr/local/lib/python3.10/dist-packages/airflow/example_dags/example_skip_dag.py
[2023-10-29T01:20:28.373+0000] {processor.py:829} INFO - Processing file /usr/local/lib/python3.10/dist-packages/airflow/example_dags/example_skip_dag.py for tasks to queue
[2023-10-29T01:20:28.374+0000] {logging_mixin.py:151} INFO - [2023-10-29T01:20:28.374+0000] {dagbag.py:536} INFO - Filling up the DagBag from /usr/local/lib/python3.10/dist-packages/airflow/example_dags/example_skip_dag.py
[2023-10-29T01:20:28.382+0000] {processor.py:839} INFO - DAG(s) dict_keys(['example_skip_dag']) retrieved from /usr/local/lib/python3.10/dist-packages/airflow/example_dags/example_skip_dag.py
[2023-10-29T01:20:28.399+0000] {logging_mixin.py:151} INFO - [2023-10-29T01:20:28.399+0000] {dag.py:2941} INFO - Sync 1 DAGs
[2023-10-29T01:20:28.420+0000] {logging_mixin.py:151} INFO - [2023-10-29T01:20:28.419+0000] {dag.py:3722} INFO - Setting next_dagrun for example_skip_dag to 2023-10-28T01:20:28.419637+00:00, run_after=2023-10-29T01:20:28.419637+00:00
[2023-10-29T01:20:28.442+0000] {processor.py:179} INFO - Processing /usr/local/lib/python3.10/dist-packages/airflow/example_dags/example_skip_dag.py took 0.076 seconds
[2023-10-29T01:21:13.377+0000] {processor.py:157} INFO - Started process (PID=5249) to work on /usr/local/lib/python3.10/dist-packages/airflow/example_dags/example_skip_dag.py
[2023-10-29T01:21:13.379+0000] {processor.py:829} INFO - Processing file /usr/local/lib/python3.10/dist-packages/airflow/example_dags/example_skip_dag.py for tasks to queue
[2023-10-29T01:21:13.379+0000] {logging_mixin.py:151} INFO - [2023-10-29T01:21:13.379+0000] {dagbag.py:536} INFO - Filling up the DagBag from /usr/local/lib/python3.10/dist-packages/airflow/example_dags/example_skip_dag.py
[2023-10-29T01:21:13.387+0000] {processor.py:839} INFO - DAG(s) dict_keys(['example_skip_dag']) retrieved from /usr/local/lib/python3.10/dist-packages/airflow/example_dags/example_skip_dag.py
[2023-10-29T01:21:13.405+0000] {logging_mixin.py:151} INFO - [2023-10-29T01:21:13.405+0000] {dag.py:2941} INFO - Sync 1 DAGs
[2023-10-29T01:21:13.426+0000] {logging_mixin.py:151} INFO - [2023-10-29T01:21:13.426+0000] {dag.py:3722} INFO - Setting next_dagrun for example_skip_dag to 2023-10-28T01:21:13.425993+00:00, run_after=2023-10-29T01:21:13.425993+00:00
[2023-10-29T01:21:13.448+0000] {processor.py:179} INFO - Processing /usr/local/lib/python3.10/dist-packages/airflow/example_dags/example_skip_dag.py took 0.074 seconds
[2023-10-29T01:22:02.236+0000] {processor.py:157} INFO - Started process (PID=5300) to work on /usr/local/lib/python3.10/dist-packages/airflow/example_dags/example_skip_dag.py
[2023-10-29T01:22:02.238+0000] {processor.py:829} INFO - Processing file /usr/local/lib/python3.10/dist-packages/airflow/example_dags/example_skip_dag.py for tasks to queue
[2023-10-29T01:22:02.239+0000] {logging_mixin.py:151} INFO - [2023-10-29T01:22:02.238+0000] {dagbag.py:536} INFO - Filling up the DagBag from /usr/local/lib/python3.10/dist-packages/airflow/example_dags/example_skip_dag.py
[2023-10-29T01:22:02.247+0000] {processor.py:839} INFO - DAG(s) dict_keys(['example_skip_dag']) retrieved from /usr/local/lib/python3.10/dist-packages/airflow/example_dags/example_skip_dag.py
[2023-10-29T01:22:02.265+0000] {logging_mixin.py:151} INFO - [2023-10-29T01:22:02.265+0000] {dag.py:2941} INFO - Sync 1 DAGs
[2023-10-29T01:22:02.288+0000] {logging_mixin.py:151} INFO - [2023-10-29T01:22:02.287+0000] {dag.py:3722} INFO - Setting next_dagrun for example_skip_dag to 2023-10-28T01:22:02.287719+00:00, run_after=2023-10-29T01:22:02.287719+00:00
[2023-10-29T01:22:02.313+0000] {processor.py:179} INFO - Processing /usr/local/lib/python3.10/dist-packages/airflow/example_dags/example_skip_dag.py took 0.079 seconds
[2023-10-29T01:22:50.525+0000] {processor.py:157} INFO - Started process (PID=5349) to work on /usr/local/lib/python3.10/dist-packages/airflow/example_dags/example_skip_dag.py
[2023-10-29T01:22:50.526+0000] {processor.py:829} INFO - Processing file /usr/local/lib/python3.10/dist-packages/airflow/example_dags/example_skip_dag.py for tasks to queue
[2023-10-29T01:22:50.527+0000] {logging_mixin.py:151} INFO - [2023-10-29T01:22:50.527+0000] {dagbag.py:536} INFO - Filling up the DagBag from /usr/local/lib/python3.10/dist-packages/airflow/example_dags/example_skip_dag.py
[2023-10-29T01:22:50.535+0000] {processor.py:839} INFO - DAG(s) dict_keys(['example_skip_dag']) retrieved from /usr/local/lib/python3.10/dist-packages/airflow/example_dags/example_skip_dag.py
[2023-10-29T01:22:50.552+0000] {logging_mixin.py:151} INFO - [2023-10-29T01:22:50.552+0000] {dag.py:2941} INFO - Sync 1 DAGs
[2023-10-29T01:22:50.572+0000] {logging_mixin.py:151} INFO - [2023-10-29T01:22:50.572+0000] {dag.py:3722} INFO - Setting next_dagrun for example_skip_dag to 2023-10-28T01:22:50.571958+00:00, run_after=2023-10-29T01:22:50.571958+00:00
[2023-10-29T01:22:50.595+0000] {processor.py:179} INFO - Processing /usr/local/lib/python3.10/dist-packages/airflow/example_dags/example_skip_dag.py took 0.073 seconds
[2023-10-29T01:23:38.704+0000] {processor.py:157} INFO - Started process (PID=5398) to work on /usr/local/lib/python3.10/dist-packages/airflow/example_dags/example_skip_dag.py
[2023-10-29T01:23:38.705+0000] {processor.py:829} INFO - Processing file /usr/local/lib/python3.10/dist-packages/airflow/example_dags/example_skip_dag.py for tasks to queue
[2023-10-29T01:23:38.706+0000] {logging_mixin.py:151} INFO - [2023-10-29T01:23:38.705+0000] {dagbag.py:536} INFO - Filling up the DagBag from /usr/local/lib/python3.10/dist-packages/airflow/example_dags/example_skip_dag.py
[2023-10-29T01:23:38.714+0000] {processor.py:839} INFO - DAG(s) dict_keys(['example_skip_dag']) retrieved from /usr/local/lib/python3.10/dist-packages/airflow/example_dags/example_skip_dag.py
[2023-10-29T01:23:38.732+0000] {logging_mixin.py:151} INFO - [2023-10-29T01:23:38.731+0000] {dag.py:2941} INFO - Sync 1 DAGs
[2023-10-29T01:23:38.752+0000] {logging_mixin.py:151} INFO - [2023-10-29T01:23:38.752+0000] {dag.py:3722} INFO - Setting next_dagrun for example_skip_dag to 2023-10-28T01:23:38.752211+00:00, run_after=2023-10-29T01:23:38.752211+00:00
[2023-10-29T01:23:38.774+0000] {processor.py:179} INFO - Processing /usr/local/lib/python3.10/dist-packages/airflow/example_dags/example_skip_dag.py took 0.074 seconds
[2023-10-29T01:24:30.867+0000] {processor.py:157} INFO - Started process (PID=5450) to work on /usr/local/lib/python3.10/dist-packages/airflow/example_dags/example_skip_dag.py
[2023-10-29T01:24:30.869+0000] {processor.py:829} INFO - Processing file /usr/local/lib/python3.10/dist-packages/airflow/example_dags/example_skip_dag.py for tasks to queue
[2023-10-29T01:24:30.869+0000] {logging_mixin.py:151} INFO - [2023-10-29T01:24:30.869+0000] {dagbag.py:536} INFO - Filling up the DagBag from /usr/local/lib/python3.10/dist-packages/airflow/example_dags/example_skip_dag.py
[2023-10-29T01:24:30.877+0000] {processor.py:839} INFO - DAG(s) dict_keys(['example_skip_dag']) retrieved from /usr/local/lib/python3.10/dist-packages/airflow/example_dags/example_skip_dag.py
[2023-10-29T01:24:30.894+0000] {logging_mixin.py:151} INFO - [2023-10-29T01:24:30.894+0000] {dag.py:2941} INFO - Sync 1 DAGs
[2023-10-29T01:24:30.914+0000] {logging_mixin.py:151} INFO - [2023-10-29T01:24:30.914+0000] {dag.py:3722} INFO - Setting next_dagrun for example_skip_dag to 2023-10-28T01:24:30.914333+00:00, run_after=2023-10-29T01:24:30.914333+00:00
[2023-10-29T01:24:30.936+0000] {processor.py:179} INFO - Processing /usr/local/lib/python3.10/dist-packages/airflow/example_dags/example_skip_dag.py took 0.072 seconds
[2023-10-29T01:25:18.347+0000] {processor.py:157} INFO - Started process (PID=5499) to work on /usr/local/lib/python3.10/dist-packages/airflow/example_dags/example_skip_dag.py
[2023-10-29T01:25:18.348+0000] {processor.py:829} INFO - Processing file /usr/local/lib/python3.10/dist-packages/airflow/example_dags/example_skip_dag.py for tasks to queue
[2023-10-29T01:25:18.349+0000] {logging_mixin.py:151} INFO - [2023-10-29T01:25:18.349+0000] {dagbag.py:536} INFO - Filling up the DagBag from /usr/local/lib/python3.10/dist-packages/airflow/example_dags/example_skip_dag.py
[2023-10-29T01:25:18.357+0000] {processor.py:839} INFO - DAG(s) dict_keys(['example_skip_dag']) retrieved from /usr/local/lib/python3.10/dist-packages/airflow/example_dags/example_skip_dag.py
[2023-10-29T01:25:18.375+0000] {logging_mixin.py:151} INFO - [2023-10-29T01:25:18.375+0000] {dag.py:2941} INFO - Sync 1 DAGs
[2023-10-29T01:25:18.395+0000] {logging_mixin.py:151} INFO - [2023-10-29T01:25:18.395+0000] {dag.py:3722} INFO - Setting next_dagrun for example_skip_dag to 2023-10-28T01:25:18.395358+00:00, run_after=2023-10-29T01:25:18.395358+00:00
[2023-10-29T01:25:18.417+0000] {processor.py:179} INFO - Processing /usr/local/lib/python3.10/dist-packages/airflow/example_dags/example_skip_dag.py took 0.074 seconds
