[2023-10-29T01:01:42.615+0000] {processor.py:157} INFO - Started process (PID=3652) to work on /usr/local/lib/python3.10/dist-packages/airflow/example_dags/example_latest_only.py
[2023-10-29T01:01:42.615+0000] {processor.py:829} INFO - Processing file /usr/local/lib/python3.10/dist-packages/airflow/example_dags/example_latest_only.py for tasks to queue
[2023-10-29T01:01:42.616+0000] {logging_mixin.py:151} INFO - [2023-10-29T01:01:42.616+0000] {dagbag.py:536} INFO - Filling up the DagBag from /usr/local/lib/python3.10/dist-packages/airflow/example_dags/example_latest_only.py
[2023-10-29T01:01:42.622+0000] {processor.py:839} INFO - DAG(s) dict_keys(['latest_only']) retrieved from /usr/local/lib/python3.10/dist-packages/airflow/example_dags/example_latest_only.py
[2023-10-29T01:01:42.728+0000] {logging_mixin.py:151} INFO - [2023-10-29T01:01:42.728+0000] {manager.py:499} INFO - Created Permission View: %s
[2023-10-29T01:01:42.740+0000] {logging_mixin.py:151} INFO - [2023-10-29T01:01:42.740+0000] {manager.py:499} INFO - Created Permission View: %s
[2023-10-29T01:01:42.749+0000] {logging_mixin.py:151} INFO - [2023-10-29T01:01:42.749+0000] {manager.py:499} INFO - Created Permission View: %s
[2023-10-29T01:01:42.750+0000] {logging_mixin.py:151} INFO - [2023-10-29T01:01:42.750+0000] {dag.py:2941} INFO - Sync 1 DAGs
[2023-10-29T01:01:42.762+0000] {logging_mixin.py:151} INFO - [2023-10-29T01:01:42.762+0000] {dag.py:2963} INFO - Creating ORM DAG for latest_only
[2023-10-29T01:01:42.770+0000] {logging_mixin.py:151} INFO - [2023-10-29T01:01:42.770+0000] {dag.py:3722} INFO - Setting next_dagrun for latest_only to 2023-10-28T21:01:42.770315+00:00, run_after=2023-10-29T01:01:42.770315+00:00
[2023-10-29T01:01:42.792+0000] {processor.py:179} INFO - Processing /usr/local/lib/python3.10/dist-packages/airflow/example_dags/example_latest_only.py took 0.180 seconds
[2023-10-29T01:02:38.386+0000] {processor.py:157} INFO - Started process (PID=3708) to work on /usr/local/lib/python3.10/dist-packages/airflow/example_dags/example_latest_only.py
[2023-10-29T01:02:38.387+0000] {processor.py:829} INFO - Processing file /usr/local/lib/python3.10/dist-packages/airflow/example_dags/example_latest_only.py for tasks to queue
[2023-10-29T01:02:38.388+0000] {logging_mixin.py:151} INFO - [2023-10-29T01:02:38.387+0000] {dagbag.py:536} INFO - Filling up the DagBag from /usr/local/lib/python3.10/dist-packages/airflow/example_dags/example_latest_only.py
[2023-10-29T01:02:38.394+0000] {processor.py:839} INFO - DAG(s) dict_keys(['latest_only']) retrieved from /usr/local/lib/python3.10/dist-packages/airflow/example_dags/example_latest_only.py
[2023-10-29T01:02:38.410+0000] {logging_mixin.py:151} INFO - [2023-10-29T01:02:38.410+0000] {dag.py:2941} INFO - Sync 1 DAGs
[2023-10-29T01:02:38.430+0000] {logging_mixin.py:151} INFO - [2023-10-29T01:02:38.430+0000] {dag.py:3722} INFO - Setting next_dagrun for latest_only to 2023-10-28T21:02:38.429988+00:00, run_after=2023-10-29T01:02:38.429988+00:00
[2023-10-29T01:02:38.452+0000] {processor.py:179} INFO - Processing /usr/local/lib/python3.10/dist-packages/airflow/example_dags/example_latest_only.py took 0.070 seconds
[2023-10-29T01:03:20.066+0000] {processor.py:157} INFO - Started process (PID=3754) to work on /usr/local/lib/python3.10/dist-packages/airflow/example_dags/example_latest_only.py
[2023-10-29T01:03:20.067+0000] {processor.py:829} INFO - Processing file /usr/local/lib/python3.10/dist-packages/airflow/example_dags/example_latest_only.py for tasks to queue
[2023-10-29T01:03:20.068+0000] {logging_mixin.py:151} INFO - [2023-10-29T01:03:20.068+0000] {dagbag.py:536} INFO - Filling up the DagBag from /usr/local/lib/python3.10/dist-packages/airflow/example_dags/example_latest_only.py
[2023-10-29T01:03:20.075+0000] {processor.py:839} INFO - DAG(s) dict_keys(['latest_only']) retrieved from /usr/local/lib/python3.10/dist-packages/airflow/example_dags/example_latest_only.py
[2023-10-29T01:03:20.091+0000] {logging_mixin.py:151} INFO - [2023-10-29T01:03:20.090+0000] {dag.py:2941} INFO - Sync 1 DAGs
[2023-10-29T01:03:20.111+0000] {logging_mixin.py:151} INFO - [2023-10-29T01:03:20.111+0000] {dag.py:3722} INFO - Setting next_dagrun for latest_only to 2023-10-28T21:03:20.111337+00:00, run_after=2023-10-29T01:03:20.111337+00:00
[2023-10-29T01:03:20.133+0000] {processor.py:179} INFO - Processing /usr/local/lib/python3.10/dist-packages/airflow/example_dags/example_latest_only.py took 0.070 seconds
[2023-10-29T01:04:03.343+0000] {processor.py:157} INFO - Started process (PID=3800) to work on /usr/local/lib/python3.10/dist-packages/airflow/example_dags/example_latest_only.py
[2023-10-29T01:04:03.345+0000] {processor.py:829} INFO - Processing file /usr/local/lib/python3.10/dist-packages/airflow/example_dags/example_latest_only.py for tasks to queue
[2023-10-29T01:04:03.346+0000] {logging_mixin.py:151} INFO - [2023-10-29T01:04:03.345+0000] {dagbag.py:536} INFO - Filling up the DagBag from /usr/local/lib/python3.10/dist-packages/airflow/example_dags/example_latest_only.py
[2023-10-29T01:04:03.352+0000] {processor.py:839} INFO - DAG(s) dict_keys(['latest_only']) retrieved from /usr/local/lib/python3.10/dist-packages/airflow/example_dags/example_latest_only.py
[2023-10-29T01:04:03.368+0000] {logging_mixin.py:151} INFO - [2023-10-29T01:04:03.368+0000] {dag.py:2941} INFO - Sync 1 DAGs
[2023-10-29T01:04:03.388+0000] {logging_mixin.py:151} INFO - [2023-10-29T01:04:03.388+0000] {dag.py:3722} INFO - Setting next_dagrun for latest_only to 2023-10-28T21:04:03.388157+00:00, run_after=2023-10-29T01:04:03.388157+00:00
[2023-10-29T01:04:03.413+0000] {processor.py:179} INFO - Processing /usr/local/lib/python3.10/dist-packages/airflow/example_dags/example_latest_only.py took 0.072 seconds
[2023-10-29T01:04:57.279+0000] {processor.py:157} INFO - Started process (PID=3856) to work on /usr/local/lib/python3.10/dist-packages/airflow/example_dags/example_latest_only.py
[2023-10-29T01:04:57.280+0000] {processor.py:829} INFO - Processing file /usr/local/lib/python3.10/dist-packages/airflow/example_dags/example_latest_only.py for tasks to queue
[2023-10-29T01:04:57.281+0000] {logging_mixin.py:151} INFO - [2023-10-29T01:04:57.281+0000] {dagbag.py:536} INFO - Filling up the DagBag from /usr/local/lib/python3.10/dist-packages/airflow/example_dags/example_latest_only.py
[2023-10-29T01:04:57.287+0000] {processor.py:839} INFO - DAG(s) dict_keys(['latest_only']) retrieved from /usr/local/lib/python3.10/dist-packages/airflow/example_dags/example_latest_only.py
[2023-10-29T01:04:57.304+0000] {logging_mixin.py:151} INFO - [2023-10-29T01:04:57.303+0000] {dag.py:2941} INFO - Sync 1 DAGs
[2023-10-29T01:04:57.324+0000] {logging_mixin.py:151} INFO - [2023-10-29T01:04:57.324+0000] {dag.py:3722} INFO - Setting next_dagrun for latest_only to 2023-10-28T21:04:57.324256+00:00, run_after=2023-10-29T01:04:57.324256+00:00
[2023-10-29T01:04:57.346+0000] {processor.py:179} INFO - Processing /usr/local/lib/python3.10/dist-packages/airflow/example_dags/example_latest_only.py took 0.070 seconds
[2023-10-29T01:05:45.083+0000] {processor.py:157} INFO - Started process (PID=3906) to work on /usr/local/lib/python3.10/dist-packages/airflow/example_dags/example_latest_only.py
[2023-10-29T01:05:45.084+0000] {processor.py:829} INFO - Processing file /usr/local/lib/python3.10/dist-packages/airflow/example_dags/example_latest_only.py for tasks to queue
[2023-10-29T01:05:45.085+0000] {logging_mixin.py:151} INFO - [2023-10-29T01:05:45.085+0000] {dagbag.py:536} INFO - Filling up the DagBag from /usr/local/lib/python3.10/dist-packages/airflow/example_dags/example_latest_only.py
[2023-10-29T01:05:45.091+0000] {processor.py:839} INFO - DAG(s) dict_keys(['latest_only']) retrieved from /usr/local/lib/python3.10/dist-packages/airflow/example_dags/example_latest_only.py
[2023-10-29T01:05:45.107+0000] {logging_mixin.py:151} INFO - [2023-10-29T01:05:45.107+0000] {dag.py:2941} INFO - Sync 1 DAGs
[2023-10-29T01:05:45.128+0000] {logging_mixin.py:151} INFO - [2023-10-29T01:05:45.127+0000] {dag.py:3722} INFO - Setting next_dagrun for latest_only to 2023-10-28T21:05:45.127603+00:00, run_after=2023-10-29T01:05:45.127603+00:00
[2023-10-29T01:05:45.150+0000] {processor.py:179} INFO - Processing /usr/local/lib/python3.10/dist-packages/airflow/example_dags/example_latest_only.py took 0.070 seconds
[2023-10-29T01:06:30.516+0000] {processor.py:157} INFO - Started process (PID=3954) to work on /usr/local/lib/python3.10/dist-packages/airflow/example_dags/example_latest_only.py
[2023-10-29T01:06:30.517+0000] {processor.py:829} INFO - Processing file /usr/local/lib/python3.10/dist-packages/airflow/example_dags/example_latest_only.py for tasks to queue
[2023-10-29T01:06:30.518+0000] {logging_mixin.py:151} INFO - [2023-10-29T01:06:30.518+0000] {dagbag.py:536} INFO - Filling up the DagBag from /usr/local/lib/python3.10/dist-packages/airflow/example_dags/example_latest_only.py
[2023-10-29T01:06:30.524+0000] {processor.py:839} INFO - DAG(s) dict_keys(['latest_only']) retrieved from /usr/local/lib/python3.10/dist-packages/airflow/example_dags/example_latest_only.py
[2023-10-29T01:06:30.541+0000] {logging_mixin.py:151} INFO - [2023-10-29T01:06:30.541+0000] {dag.py:2941} INFO - Sync 1 DAGs
[2023-10-29T01:06:30.562+0000] {logging_mixin.py:151} INFO - [2023-10-29T01:06:30.562+0000] {dag.py:3722} INFO - Setting next_dagrun for latest_only to 2023-10-28T21:06:30.562398+00:00, run_after=2023-10-29T01:06:30.562398+00:00
[2023-10-29T01:06:30.584+0000] {processor.py:179} INFO - Processing /usr/local/lib/python3.10/dist-packages/airflow/example_dags/example_latest_only.py took 0.071 seconds
[2023-10-29T01:07:12.430+0000] {processor.py:157} INFO - Started process (PID=4000) to work on /usr/local/lib/python3.10/dist-packages/airflow/example_dags/example_latest_only.py
[2023-10-29T01:07:12.431+0000] {processor.py:829} INFO - Processing file /usr/local/lib/python3.10/dist-packages/airflow/example_dags/example_latest_only.py for tasks to queue
[2023-10-29T01:07:12.432+0000] {logging_mixin.py:151} INFO - [2023-10-29T01:07:12.431+0000] {dagbag.py:536} INFO - Filling up the DagBag from /usr/local/lib/python3.10/dist-packages/airflow/example_dags/example_latest_only.py
[2023-10-29T01:07:12.438+0000] {processor.py:839} INFO - DAG(s) dict_keys(['latest_only']) retrieved from /usr/local/lib/python3.10/dist-packages/airflow/example_dags/example_latest_only.py
[2023-10-29T01:07:12.453+0000] {logging_mixin.py:151} INFO - [2023-10-29T01:07:12.453+0000] {dag.py:2941} INFO - Sync 1 DAGs
[2023-10-29T01:07:12.472+0000] {logging_mixin.py:151} INFO - [2023-10-29T01:07:12.472+0000] {dag.py:3722} INFO - Setting next_dagrun for latest_only to 2023-10-28T21:07:12.472424+00:00, run_after=2023-10-29T01:07:12.472424+00:00
[2023-10-29T01:07:12.495+0000] {processor.py:179} INFO - Processing /usr/local/lib/python3.10/dist-packages/airflow/example_dags/example_latest_only.py took 0.069 seconds
[2023-10-29T01:08:14.243+0000] {processor.py:157} INFO - Started process (PID=4061) to work on /usr/local/lib/python3.10/dist-packages/airflow/example_dags/example_latest_only.py
[2023-10-29T01:08:14.244+0000] {processor.py:829} INFO - Processing file /usr/local/lib/python3.10/dist-packages/airflow/example_dags/example_latest_only.py for tasks to queue
[2023-10-29T01:08:14.245+0000] {logging_mixin.py:151} INFO - [2023-10-29T01:08:14.245+0000] {dagbag.py:536} INFO - Filling up the DagBag from /usr/local/lib/python3.10/dist-packages/airflow/example_dags/example_latest_only.py
[2023-10-29T01:08:14.252+0000] {processor.py:839} INFO - DAG(s) dict_keys(['latest_only']) retrieved from /usr/local/lib/python3.10/dist-packages/airflow/example_dags/example_latest_only.py
[2023-10-29T01:08:14.267+0000] {logging_mixin.py:151} INFO - [2023-10-29T01:08:14.267+0000] {dag.py:2941} INFO - Sync 1 DAGs
[2023-10-29T01:08:14.287+0000] {logging_mixin.py:151} INFO - [2023-10-29T01:08:14.287+0000] {dag.py:3722} INFO - Setting next_dagrun for latest_only to 2023-10-28T21:08:14.287022+00:00, run_after=2023-10-29T01:08:14.287022+00:00
[2023-10-29T01:08:14.308+0000] {processor.py:179} INFO - Processing /usr/local/lib/python3.10/dist-packages/airflow/example_dags/example_latest_only.py took 0.068 seconds
[2023-10-29T01:09:00.757+0000] {processor.py:157} INFO - Started process (PID=4109) to work on /usr/local/lib/python3.10/dist-packages/airflow/example_dags/example_latest_only.py
[2023-10-29T01:09:00.758+0000] {processor.py:829} INFO - Processing file /usr/local/lib/python3.10/dist-packages/airflow/example_dags/example_latest_only.py for tasks to queue
[2023-10-29T01:09:00.759+0000] {logging_mixin.py:151} INFO - [2023-10-29T01:09:00.758+0000] {dagbag.py:536} INFO - Filling up the DagBag from /usr/local/lib/python3.10/dist-packages/airflow/example_dags/example_latest_only.py
[2023-10-29T01:09:00.765+0000] {processor.py:839} INFO - DAG(s) dict_keys(['latest_only']) retrieved from /usr/local/lib/python3.10/dist-packages/airflow/example_dags/example_latest_only.py
[2023-10-29T01:09:00.782+0000] {logging_mixin.py:151} INFO - [2023-10-29T01:09:00.781+0000] {dag.py:2941} INFO - Sync 1 DAGs
[2023-10-29T01:09:00.803+0000] {logging_mixin.py:151} INFO - [2023-10-29T01:09:00.802+0000] {dag.py:3722} INFO - Setting next_dagrun for latest_only to 2023-10-28T21:09:00.802731+00:00, run_after=2023-10-29T01:09:00.802731+00:00
[2023-10-29T01:09:00.825+0000] {processor.py:179} INFO - Processing /usr/local/lib/python3.10/dist-packages/airflow/example_dags/example_latest_only.py took 0.072 seconds
[2023-10-29T01:09:48.175+0000] {processor.py:157} INFO - Started process (PID=4157) to work on /usr/local/lib/python3.10/dist-packages/airflow/example_dags/example_latest_only.py
[2023-10-29T01:09:48.176+0000] {processor.py:829} INFO - Processing file /usr/local/lib/python3.10/dist-packages/airflow/example_dags/example_latest_only.py for tasks to queue
[2023-10-29T01:09:48.177+0000] {logging_mixin.py:151} INFO - [2023-10-29T01:09:48.177+0000] {dagbag.py:536} INFO - Filling up the DagBag from /usr/local/lib/python3.10/dist-packages/airflow/example_dags/example_latest_only.py
[2023-10-29T01:09:48.183+0000] {processor.py:839} INFO - DAG(s) dict_keys(['latest_only']) retrieved from /usr/local/lib/python3.10/dist-packages/airflow/example_dags/example_latest_only.py
[2023-10-29T01:09:48.199+0000] {logging_mixin.py:151} INFO - [2023-10-29T01:09:48.199+0000] {dag.py:2941} INFO - Sync 1 DAGs
[2023-10-29T01:09:48.219+0000] {logging_mixin.py:151} INFO - [2023-10-29T01:09:48.218+0000] {dag.py:3722} INFO - Setting next_dagrun for latest_only to 2023-10-28T21:09:48.218613+00:00, run_after=2023-10-29T01:09:48.218613+00:00
[2023-10-29T01:09:48.239+0000] {processor.py:179} INFO - Processing /usr/local/lib/python3.10/dist-packages/airflow/example_dags/example_latest_only.py took 0.068 seconds
[2023-10-29T01:10:36.696+0000] {processor.py:157} INFO - Started process (PID=4206) to work on /usr/local/lib/python3.10/dist-packages/airflow/example_dags/example_latest_only.py
[2023-10-29T01:10:36.697+0000] {processor.py:829} INFO - Processing file /usr/local/lib/python3.10/dist-packages/airflow/example_dags/example_latest_only.py for tasks to queue
[2023-10-29T01:10:36.698+0000] {logging_mixin.py:151} INFO - [2023-10-29T01:10:36.698+0000] {dagbag.py:536} INFO - Filling up the DagBag from /usr/local/lib/python3.10/dist-packages/airflow/example_dags/example_latest_only.py
[2023-10-29T01:10:36.704+0000] {processor.py:839} INFO - DAG(s) dict_keys(['latest_only']) retrieved from /usr/local/lib/python3.10/dist-packages/airflow/example_dags/example_latest_only.py
[2023-10-29T01:10:36.720+0000] {logging_mixin.py:151} INFO - [2023-10-29T01:10:36.719+0000] {dag.py:2941} INFO - Sync 1 DAGs
[2023-10-29T01:10:36.740+0000] {logging_mixin.py:151} INFO - [2023-10-29T01:10:36.739+0000] {dag.py:3722} INFO - Setting next_dagrun for latest_only to 2023-10-28T21:10:36.739594+00:00, run_after=2023-10-29T01:10:36.739594+00:00
[2023-10-29T01:10:36.761+0000] {processor.py:179} INFO - Processing /usr/local/lib/python3.10/dist-packages/airflow/example_dags/example_latest_only.py took 0.069 seconds
[2023-10-29T01:11:23.152+0000] {processor.py:157} INFO - Started process (PID=4482) to work on /usr/local/lib/python3.10/dist-packages/airflow/example_dags/example_latest_only.py
[2023-10-29T01:11:23.154+0000] {processor.py:829} INFO - Processing file /usr/local/lib/python3.10/dist-packages/airflow/example_dags/example_latest_only.py for tasks to queue
[2023-10-29T01:11:23.154+0000] {logging_mixin.py:151} INFO - [2023-10-29T01:11:23.154+0000] {dagbag.py:536} INFO - Filling up the DagBag from /usr/local/lib/python3.10/dist-packages/airflow/example_dags/example_latest_only.py
[2023-10-29T01:11:23.161+0000] {processor.py:839} INFO - DAG(s) dict_keys(['latest_only']) retrieved from /usr/local/lib/python3.10/dist-packages/airflow/example_dags/example_latest_only.py
[2023-10-29T01:11:23.176+0000] {logging_mixin.py:151} INFO - [2023-10-29T01:11:23.176+0000] {dag.py:2941} INFO - Sync 1 DAGs
[2023-10-29T01:11:23.197+0000] {logging_mixin.py:151} INFO - [2023-10-29T01:11:23.196+0000] {dag.py:3722} INFO - Setting next_dagrun for latest_only to 2023-10-28T21:11:23.196659+00:00, run_after=2023-10-29T01:11:23.196659+00:00
[2023-10-29T01:11:23.219+0000] {processor.py:179} INFO - Processing /usr/local/lib/python3.10/dist-packages/airflow/example_dags/example_latest_only.py took 0.070 seconds
[2023-10-29T01:12:09.595+0000] {processor.py:157} INFO - Started process (PID=4676) to work on /usr/local/lib/python3.10/dist-packages/airflow/example_dags/example_latest_only.py
[2023-10-29T01:12:09.596+0000] {processor.py:829} INFO - Processing file /usr/local/lib/python3.10/dist-packages/airflow/example_dags/example_latest_only.py for tasks to queue
[2023-10-29T01:12:09.597+0000] {logging_mixin.py:151} INFO - [2023-10-29T01:12:09.596+0000] {dagbag.py:536} INFO - Filling up the DagBag from /usr/local/lib/python3.10/dist-packages/airflow/example_dags/example_latest_only.py
[2023-10-29T01:12:09.603+0000] {processor.py:839} INFO - DAG(s) dict_keys(['latest_only']) retrieved from /usr/local/lib/python3.10/dist-packages/airflow/example_dags/example_latest_only.py
[2023-10-29T01:12:09.619+0000] {logging_mixin.py:151} INFO - [2023-10-29T01:12:09.619+0000] {dag.py:2941} INFO - Sync 1 DAGs
[2023-10-29T01:12:09.638+0000] {logging_mixin.py:151} INFO - [2023-10-29T01:12:09.638+0000] {dag.py:3722} INFO - Setting next_dagrun for latest_only to 2023-10-28T21:12:09.638402+00:00, run_after=2023-10-29T01:12:09.638402+00:00
[2023-10-29T01:12:09.660+0000] {processor.py:179} INFO - Processing /usr/local/lib/python3.10/dist-packages/airflow/example_dags/example_latest_only.py took 0.068 seconds
[2023-10-29T01:12:52.604+0000] {processor.py:157} INFO - Started process (PID=4727) to work on /usr/local/lib/python3.10/dist-packages/airflow/example_dags/example_latest_only.py
[2023-10-29T01:12:52.605+0000] {processor.py:829} INFO - Processing file /usr/local/lib/python3.10/dist-packages/airflow/example_dags/example_latest_only.py for tasks to queue
[2023-10-29T01:12:52.606+0000] {logging_mixin.py:151} INFO - [2023-10-29T01:12:52.606+0000] {dagbag.py:536} INFO - Filling up the DagBag from /usr/local/lib/python3.10/dist-packages/airflow/example_dags/example_latest_only.py
[2023-10-29T01:12:52.612+0000] {processor.py:839} INFO - DAG(s) dict_keys(['latest_only']) retrieved from /usr/local/lib/python3.10/dist-packages/airflow/example_dags/example_latest_only.py
[2023-10-29T01:12:52.629+0000] {logging_mixin.py:151} INFO - [2023-10-29T01:12:52.628+0000] {dag.py:2941} INFO - Sync 1 DAGs
[2023-10-29T01:12:52.649+0000] {logging_mixin.py:151} INFO - [2023-10-29T01:12:52.649+0000] {dag.py:3722} INFO - Setting next_dagrun for latest_only to 2023-10-28T21:12:52.648838+00:00, run_after=2023-10-29T01:12:52.648838+00:00
[2023-10-29T01:12:52.671+0000] {processor.py:179} INFO - Processing /usr/local/lib/python3.10/dist-packages/airflow/example_dags/example_latest_only.py took 0.070 seconds
[2023-10-29T01:13:46.446+0000] {processor.py:157} INFO - Started process (PID=4786) to work on /usr/local/lib/python3.10/dist-packages/airflow/example_dags/example_latest_only.py
[2023-10-29T01:13:46.447+0000] {processor.py:829} INFO - Processing file /usr/local/lib/python3.10/dist-packages/airflow/example_dags/example_latest_only.py for tasks to queue
[2023-10-29T01:13:46.448+0000] {logging_mixin.py:151} INFO - [2023-10-29T01:13:46.448+0000] {dagbag.py:536} INFO - Filling up the DagBag from /usr/local/lib/python3.10/dist-packages/airflow/example_dags/example_latest_only.py
[2023-10-29T01:13:46.454+0000] {processor.py:839} INFO - DAG(s) dict_keys(['latest_only']) retrieved from /usr/local/lib/python3.10/dist-packages/airflow/example_dags/example_latest_only.py
[2023-10-29T01:13:46.471+0000] {logging_mixin.py:151} INFO - [2023-10-29T01:13:46.470+0000] {dag.py:2941} INFO - Sync 1 DAGs
[2023-10-29T01:13:46.490+0000] {logging_mixin.py:151} INFO - [2023-10-29T01:13:46.490+0000] {dag.py:3722} INFO - Setting next_dagrun for latest_only to 2023-10-28T21:13:46.490381+00:00, run_after=2023-10-29T01:13:46.490381+00:00
[2023-10-29T01:13:46.517+0000] {processor.py:179} INFO - Processing /usr/local/lib/python3.10/dist-packages/airflow/example_dags/example_latest_only.py took 0.074 seconds
[2023-10-29T01:14:31.734+0000] {processor.py:157} INFO - Started process (PID=4834) to work on /usr/local/lib/python3.10/dist-packages/airflow/example_dags/example_latest_only.py
[2023-10-29T01:14:31.735+0000] {processor.py:829} INFO - Processing file /usr/local/lib/python3.10/dist-packages/airflow/example_dags/example_latest_only.py for tasks to queue
[2023-10-29T01:14:31.736+0000] {logging_mixin.py:151} INFO - [2023-10-29T01:14:31.735+0000] {dagbag.py:536} INFO - Filling up the DagBag from /usr/local/lib/python3.10/dist-packages/airflow/example_dags/example_latest_only.py
[2023-10-29T01:14:31.742+0000] {processor.py:839} INFO - DAG(s) dict_keys(['latest_only']) retrieved from /usr/local/lib/python3.10/dist-packages/airflow/example_dags/example_latest_only.py
[2023-10-29T01:14:31.758+0000] {logging_mixin.py:151} INFO - [2023-10-29T01:14:31.758+0000] {dag.py:2941} INFO - Sync 1 DAGs
[2023-10-29T01:14:31.779+0000] {logging_mixin.py:151} INFO - [2023-10-29T01:14:31.778+0000] {dag.py:3722} INFO - Setting next_dagrun for latest_only to 2023-10-28T21:14:31.778716+00:00, run_after=2023-10-29T01:14:31.778716+00:00
[2023-10-29T01:14:31.800+0000] {processor.py:179} INFO - Processing /usr/local/lib/python3.10/dist-packages/airflow/example_dags/example_latest_only.py took 0.070 seconds
[2023-10-29T01:15:27.268+0000] {processor.py:157} INFO - Started process (PID=4892) to work on /usr/local/lib/python3.10/dist-packages/airflow/example_dags/example_latest_only.py
[2023-10-29T01:15:27.269+0000] {processor.py:829} INFO - Processing file /usr/local/lib/python3.10/dist-packages/airflow/example_dags/example_latest_only.py for tasks to queue
[2023-10-29T01:15:27.270+0000] {logging_mixin.py:151} INFO - [2023-10-29T01:15:27.270+0000] {dagbag.py:536} INFO - Filling up the DagBag from /usr/local/lib/python3.10/dist-packages/airflow/example_dags/example_latest_only.py
[2023-10-29T01:15:27.277+0000] {processor.py:839} INFO - DAG(s) dict_keys(['latest_only']) retrieved from /usr/local/lib/python3.10/dist-packages/airflow/example_dags/example_latest_only.py
[2023-10-29T01:15:27.293+0000] {logging_mixin.py:151} INFO - [2023-10-29T01:15:27.293+0000] {dag.py:2941} INFO - Sync 1 DAGs
[2023-10-29T01:15:27.314+0000] {logging_mixin.py:151} INFO - [2023-10-29T01:15:27.314+0000] {dag.py:3722} INFO - Setting next_dagrun for latest_only to 2023-10-28T21:15:27.314004+00:00, run_after=2023-10-29T01:15:27.314004+00:00
[2023-10-29T01:15:27.336+0000] {processor.py:179} INFO - Processing /usr/local/lib/python3.10/dist-packages/airflow/example_dags/example_latest_only.py took 0.071 seconds
[2023-10-29T01:16:12.155+0000] {processor.py:157} INFO - Started process (PID=4938) to work on /usr/local/lib/python3.10/dist-packages/airflow/example_dags/example_latest_only.py
[2023-10-29T01:16:12.157+0000] {processor.py:829} INFO - Processing file /usr/local/lib/python3.10/dist-packages/airflow/example_dags/example_latest_only.py for tasks to queue
[2023-10-29T01:16:12.157+0000] {logging_mixin.py:151} INFO - [2023-10-29T01:16:12.157+0000] {dagbag.py:536} INFO - Filling up the DagBag from /usr/local/lib/python3.10/dist-packages/airflow/example_dags/example_latest_only.py
[2023-10-29T01:16:12.164+0000] {processor.py:839} INFO - DAG(s) dict_keys(['latest_only']) retrieved from /usr/local/lib/python3.10/dist-packages/airflow/example_dags/example_latest_only.py
[2023-10-29T01:16:12.180+0000] {logging_mixin.py:151} INFO - [2023-10-29T01:16:12.180+0000] {dag.py:2941} INFO - Sync 1 DAGs
[2023-10-29T01:16:12.201+0000] {logging_mixin.py:151} INFO - [2023-10-29T01:16:12.200+0000] {dag.py:3722} INFO - Setting next_dagrun for latest_only to 2023-10-28T21:16:12.200586+00:00, run_after=2023-10-29T01:16:12.200586+00:00
[2023-10-29T01:16:12.222+0000] {processor.py:179} INFO - Processing /usr/local/lib/python3.10/dist-packages/airflow/example_dags/example_latest_only.py took 0.070 seconds
[2023-10-29T01:17:00.194+0000] {processor.py:157} INFO - Started process (PID=4987) to work on /usr/local/lib/python3.10/dist-packages/airflow/example_dags/example_latest_only.py
[2023-10-29T01:17:00.196+0000] {processor.py:829} INFO - Processing file /usr/local/lib/python3.10/dist-packages/airflow/example_dags/example_latest_only.py for tasks to queue
[2023-10-29T01:17:00.196+0000] {logging_mixin.py:151} INFO - [2023-10-29T01:17:00.196+0000] {dagbag.py:536} INFO - Filling up the DagBag from /usr/local/lib/python3.10/dist-packages/airflow/example_dags/example_latest_only.py
[2023-10-29T01:17:00.203+0000] {processor.py:839} INFO - DAG(s) dict_keys(['latest_only']) retrieved from /usr/local/lib/python3.10/dist-packages/airflow/example_dags/example_latest_only.py
[2023-10-29T01:17:00.219+0000] {logging_mixin.py:151} INFO - [2023-10-29T01:17:00.219+0000] {dag.py:2941} INFO - Sync 1 DAGs
[2023-10-29T01:17:00.240+0000] {logging_mixin.py:151} INFO - [2023-10-29T01:17:00.240+0000] {dag.py:3722} INFO - Setting next_dagrun for latest_only to 2023-10-28T21:17:00.240025+00:00, run_after=2023-10-29T01:17:00.240025+00:00
[2023-10-29T01:17:00.262+0000] {processor.py:179} INFO - Processing /usr/local/lib/python3.10/dist-packages/airflow/example_dags/example_latest_only.py took 0.071 seconds
[2023-10-29T01:17:46.604+0000] {processor.py:157} INFO - Started process (PID=5037) to work on /usr/local/lib/python3.10/dist-packages/airflow/example_dags/example_latest_only.py
[2023-10-29T01:17:46.605+0000] {processor.py:829} INFO - Processing file /usr/local/lib/python3.10/dist-packages/airflow/example_dags/example_latest_only.py for tasks to queue
[2023-10-29T01:17:46.606+0000] {logging_mixin.py:151} INFO - [2023-10-29T01:17:46.606+0000] {dagbag.py:536} INFO - Filling up the DagBag from /usr/local/lib/python3.10/dist-packages/airflow/example_dags/example_latest_only.py
[2023-10-29T01:17:46.612+0000] {processor.py:839} INFO - DAG(s) dict_keys(['latest_only']) retrieved from /usr/local/lib/python3.10/dist-packages/airflow/example_dags/example_latest_only.py
[2023-10-29T01:17:46.628+0000] {logging_mixin.py:151} INFO - [2023-10-29T01:17:46.628+0000] {dag.py:2941} INFO - Sync 1 DAGs
[2023-10-29T01:17:46.648+0000] {logging_mixin.py:151} INFO - [2023-10-29T01:17:46.648+0000] {dag.py:3722} INFO - Setting next_dagrun for latest_only to 2023-10-28T21:17:46.647915+00:00, run_after=2023-10-29T01:17:46.647915+00:00
[2023-10-29T01:17:46.671+0000] {processor.py:179} INFO - Processing /usr/local/lib/python3.10/dist-packages/airflow/example_dags/example_latest_only.py took 0.070 seconds
[2023-10-29T01:18:32.666+0000] {processor.py:157} INFO - Started process (PID=5084) to work on /usr/local/lib/python3.10/dist-packages/airflow/example_dags/example_latest_only.py
[2023-10-29T01:18:32.667+0000] {processor.py:829} INFO - Processing file /usr/local/lib/python3.10/dist-packages/airflow/example_dags/example_latest_only.py for tasks to queue
[2023-10-29T01:18:32.668+0000] {logging_mixin.py:151} INFO - [2023-10-29T01:18:32.668+0000] {dagbag.py:536} INFO - Filling up the DagBag from /usr/local/lib/python3.10/dist-packages/airflow/example_dags/example_latest_only.py
[2023-10-29T01:18:32.674+0000] {processor.py:839} INFO - DAG(s) dict_keys(['latest_only']) retrieved from /usr/local/lib/python3.10/dist-packages/airflow/example_dags/example_latest_only.py
[2023-10-29T01:18:32.690+0000] {logging_mixin.py:151} INFO - [2023-10-29T01:18:32.690+0000] {dag.py:2941} INFO - Sync 1 DAGs
[2023-10-29T01:18:32.710+0000] {logging_mixin.py:151} INFO - [2023-10-29T01:18:32.709+0000] {dag.py:3722} INFO - Setting next_dagrun for latest_only to 2023-10-28T21:18:32.709729+00:00, run_after=2023-10-29T01:18:32.709729+00:00
[2023-10-29T01:18:32.731+0000] {processor.py:179} INFO - Processing /usr/local/lib/python3.10/dist-packages/airflow/example_dags/example_latest_only.py took 0.068 seconds
[2023-10-29T01:19:19.333+0000] {processor.py:157} INFO - Started process (PID=5131) to work on /usr/local/lib/python3.10/dist-packages/airflow/example_dags/example_latest_only.py
[2023-10-29T01:19:19.334+0000] {processor.py:829} INFO - Processing file /usr/local/lib/python3.10/dist-packages/airflow/example_dags/example_latest_only.py for tasks to queue
[2023-10-29T01:19:19.335+0000] {logging_mixin.py:151} INFO - [2023-10-29T01:19:19.334+0000] {dagbag.py:536} INFO - Filling up the DagBag from /usr/local/lib/python3.10/dist-packages/airflow/example_dags/example_latest_only.py
[2023-10-29T01:19:19.341+0000] {processor.py:839} INFO - DAG(s) dict_keys(['latest_only']) retrieved from /usr/local/lib/python3.10/dist-packages/airflow/example_dags/example_latest_only.py
[2023-10-29T01:19:19.357+0000] {logging_mixin.py:151} INFO - [2023-10-29T01:19:19.357+0000] {dag.py:2941} INFO - Sync 1 DAGs
[2023-10-29T01:19:19.377+0000] {logging_mixin.py:151} INFO - [2023-10-29T01:19:19.377+0000] {dag.py:3722} INFO - Setting next_dagrun for latest_only to 2023-10-28T21:19:19.377339+00:00, run_after=2023-10-29T01:19:19.377339+00:00
[2023-10-29T01:19:19.400+0000] {processor.py:179} INFO - Processing /usr/local/lib/python3.10/dist-packages/airflow/example_dags/example_latest_only.py took 0.070 seconds
[2023-10-29T01:20:08.816+0000] {processor.py:157} INFO - Started process (PID=5182) to work on /usr/local/lib/python3.10/dist-packages/airflow/example_dags/example_latest_only.py
[2023-10-29T01:20:08.817+0000] {processor.py:829} INFO - Processing file /usr/local/lib/python3.10/dist-packages/airflow/example_dags/example_latest_only.py for tasks to queue
[2023-10-29T01:20:08.818+0000] {logging_mixin.py:151} INFO - [2023-10-29T01:20:08.817+0000] {dagbag.py:536} INFO - Filling up the DagBag from /usr/local/lib/python3.10/dist-packages/airflow/example_dags/example_latest_only.py
[2023-10-29T01:20:08.824+0000] {processor.py:839} INFO - DAG(s) dict_keys(['latest_only']) retrieved from /usr/local/lib/python3.10/dist-packages/airflow/example_dags/example_latest_only.py
[2023-10-29T01:20:08.840+0000] {logging_mixin.py:151} INFO - [2023-10-29T01:20:08.839+0000] {dag.py:2941} INFO - Sync 1 DAGs
[2023-10-29T01:20:08.859+0000] {logging_mixin.py:151} INFO - [2023-10-29T01:20:08.859+0000] {dag.py:3722} INFO - Setting next_dagrun for latest_only to 2023-10-28T21:20:08.859119+00:00, run_after=2023-10-29T01:20:08.859119+00:00
[2023-10-29T01:20:08.881+0000] {processor.py:179} INFO - Processing /usr/local/lib/python3.10/dist-packages/airflow/example_dags/example_latest_only.py took 0.069 seconds
[2023-10-29T01:20:52.822+0000] {processor.py:157} INFO - Started process (PID=5228) to work on /usr/local/lib/python3.10/dist-packages/airflow/example_dags/example_latest_only.py
[2023-10-29T01:20:52.824+0000] {processor.py:829} INFO - Processing file /usr/local/lib/python3.10/dist-packages/airflow/example_dags/example_latest_only.py for tasks to queue
[2023-10-29T01:20:52.824+0000] {logging_mixin.py:151} INFO - [2023-10-29T01:20:52.824+0000] {dagbag.py:536} INFO - Filling up the DagBag from /usr/local/lib/python3.10/dist-packages/airflow/example_dags/example_latest_only.py
[2023-10-29T01:20:52.831+0000] {processor.py:839} INFO - DAG(s) dict_keys(['latest_only']) retrieved from /usr/local/lib/python3.10/dist-packages/airflow/example_dags/example_latest_only.py
[2023-10-29T01:20:52.847+0000] {logging_mixin.py:151} INFO - [2023-10-29T01:20:52.847+0000] {dag.py:2941} INFO - Sync 1 DAGs
[2023-10-29T01:20:52.867+0000] {logging_mixin.py:151} INFO - [2023-10-29T01:20:52.867+0000] {dag.py:3722} INFO - Setting next_dagrun for latest_only to 2023-10-28T21:20:52.867237+00:00, run_after=2023-10-29T01:20:52.867237+00:00
[2023-10-29T01:20:52.889+0000] {processor.py:179} INFO - Processing /usr/local/lib/python3.10/dist-packages/airflow/example_dags/example_latest_only.py took 0.070 seconds
[2023-10-29T01:21:39.114+0000] {processor.py:157} INFO - Started process (PID=5275) to work on /usr/local/lib/python3.10/dist-packages/airflow/example_dags/example_latest_only.py
[2023-10-29T01:21:39.115+0000] {processor.py:829} INFO - Processing file /usr/local/lib/python3.10/dist-packages/airflow/example_dags/example_latest_only.py for tasks to queue
[2023-10-29T01:21:39.116+0000] {logging_mixin.py:151} INFO - [2023-10-29T01:21:39.115+0000] {dagbag.py:536} INFO - Filling up the DagBag from /usr/local/lib/python3.10/dist-packages/airflow/example_dags/example_latest_only.py
[2023-10-29T01:21:39.122+0000] {processor.py:839} INFO - DAG(s) dict_keys(['latest_only']) retrieved from /usr/local/lib/python3.10/dist-packages/airflow/example_dags/example_latest_only.py
[2023-10-29T01:21:39.138+0000] {logging_mixin.py:151} INFO - [2023-10-29T01:21:39.138+0000] {dag.py:2941} INFO - Sync 1 DAGs
[2023-10-29T01:21:39.157+0000] {logging_mixin.py:151} INFO - [2023-10-29T01:21:39.157+0000] {dag.py:3722} INFO - Setting next_dagrun for latest_only to 2023-10-28T21:21:39.157307+00:00, run_after=2023-10-29T01:21:39.157307+00:00
[2023-10-29T01:21:39.179+0000] {processor.py:179} INFO - Processing /usr/local/lib/python3.10/dist-packages/airflow/example_dags/example_latest_only.py took 0.068 seconds
[2023-10-29T01:22:29.043+0000] {processor.py:157} INFO - Started process (PID=5327) to work on /usr/local/lib/python3.10/dist-packages/airflow/example_dags/example_latest_only.py
[2023-10-29T01:22:29.044+0000] {processor.py:829} INFO - Processing file /usr/local/lib/python3.10/dist-packages/airflow/example_dags/example_latest_only.py for tasks to queue
[2023-10-29T01:22:29.045+0000] {logging_mixin.py:151} INFO - [2023-10-29T01:22:29.045+0000] {dagbag.py:536} INFO - Filling up the DagBag from /usr/local/lib/python3.10/dist-packages/airflow/example_dags/example_latest_only.py
[2023-10-29T01:22:29.052+0000] {processor.py:839} INFO - DAG(s) dict_keys(['latest_only']) retrieved from /usr/local/lib/python3.10/dist-packages/airflow/example_dags/example_latest_only.py
[2023-10-29T01:22:29.068+0000] {logging_mixin.py:151} INFO - [2023-10-29T01:22:29.067+0000] {dag.py:2941} INFO - Sync 1 DAGs
[2023-10-29T01:22:29.087+0000] {logging_mixin.py:151} INFO - [2023-10-29T01:22:29.087+0000] {dag.py:3722} INFO - Setting next_dagrun for latest_only to 2023-10-28T21:22:29.087223+00:00, run_after=2023-10-29T01:22:29.087223+00:00
[2023-10-29T01:22:29.109+0000] {processor.py:179} INFO - Processing /usr/local/lib/python3.10/dist-packages/airflow/example_dags/example_latest_only.py took 0.069 seconds
[2023-10-29T01:23:15.531+0000] {processor.py:157} INFO - Started process (PID=5375) to work on /usr/local/lib/python3.10/dist-packages/airflow/example_dags/example_latest_only.py
[2023-10-29T01:23:15.532+0000] {processor.py:829} INFO - Processing file /usr/local/lib/python3.10/dist-packages/airflow/example_dags/example_latest_only.py for tasks to queue
[2023-10-29T01:23:15.533+0000] {logging_mixin.py:151} INFO - [2023-10-29T01:23:15.532+0000] {dagbag.py:536} INFO - Filling up the DagBag from /usr/local/lib/python3.10/dist-packages/airflow/example_dags/example_latest_only.py
[2023-10-29T01:23:15.539+0000] {processor.py:839} INFO - DAG(s) dict_keys(['latest_only']) retrieved from /usr/local/lib/python3.10/dist-packages/airflow/example_dags/example_latest_only.py
[2023-10-29T01:23:15.555+0000] {logging_mixin.py:151} INFO - [2023-10-29T01:23:15.555+0000] {dag.py:2941} INFO - Sync 1 DAGs
[2023-10-29T01:23:15.575+0000] {logging_mixin.py:151} INFO - [2023-10-29T01:23:15.574+0000] {dag.py:3722} INFO - Setting next_dagrun for latest_only to 2023-10-28T21:23:15.574726+00:00, run_after=2023-10-29T01:23:15.574726+00:00
[2023-10-29T01:23:15.597+0000] {processor.py:179} INFO - Processing /usr/local/lib/python3.10/dist-packages/airflow/example_dags/example_latest_only.py took 0.070 seconds
[2023-10-29T01:24:06.234+0000] {processor.py:157} INFO - Started process (PID=5426) to work on /usr/local/lib/python3.10/dist-packages/airflow/example_dags/example_latest_only.py
[2023-10-29T01:24:06.235+0000] {processor.py:829} INFO - Processing file /usr/local/lib/python3.10/dist-packages/airflow/example_dags/example_latest_only.py for tasks to queue
[2023-10-29T01:24:06.236+0000] {logging_mixin.py:151} INFO - [2023-10-29T01:24:06.236+0000] {dagbag.py:536} INFO - Filling up the DagBag from /usr/local/lib/python3.10/dist-packages/airflow/example_dags/example_latest_only.py
[2023-10-29T01:24:06.242+0000] {processor.py:839} INFO - DAG(s) dict_keys(['latest_only']) retrieved from /usr/local/lib/python3.10/dist-packages/airflow/example_dags/example_latest_only.py
[2023-10-29T01:24:06.259+0000] {logging_mixin.py:151} INFO - [2023-10-29T01:24:06.258+0000] {dag.py:2941} INFO - Sync 1 DAGs
[2023-10-29T01:24:06.279+0000] {logging_mixin.py:151} INFO - [2023-10-29T01:24:06.278+0000] {dag.py:3722} INFO - Setting next_dagrun for latest_only to 2023-10-28T21:24:06.278627+00:00, run_after=2023-10-29T01:24:06.278627+00:00
[2023-10-29T01:24:06.302+0000] {processor.py:179} INFO - Processing /usr/local/lib/python3.10/dist-packages/airflow/example_dags/example_latest_only.py took 0.072 seconds
[2023-10-29T01:24:56.093+0000] {processor.py:157} INFO - Started process (PID=5477) to work on /usr/local/lib/python3.10/dist-packages/airflow/example_dags/example_latest_only.py
[2023-10-29T01:24:56.095+0000] {processor.py:829} INFO - Processing file /usr/local/lib/python3.10/dist-packages/airflow/example_dags/example_latest_only.py for tasks to queue
[2023-10-29T01:24:56.095+0000] {logging_mixin.py:151} INFO - [2023-10-29T01:24:56.095+0000] {dagbag.py:536} INFO - Filling up the DagBag from /usr/local/lib/python3.10/dist-packages/airflow/example_dags/example_latest_only.py
[2023-10-29T01:24:56.102+0000] {processor.py:839} INFO - DAG(s) dict_keys(['latest_only']) retrieved from /usr/local/lib/python3.10/dist-packages/airflow/example_dags/example_latest_only.py
[2023-10-29T01:24:56.118+0000] {logging_mixin.py:151} INFO - [2023-10-29T01:24:56.118+0000] {dag.py:2941} INFO - Sync 1 DAGs
[2023-10-29T01:24:56.138+0000] {logging_mixin.py:151} INFO - [2023-10-29T01:24:56.138+0000] {dag.py:3722} INFO - Setting next_dagrun for latest_only to 2023-10-28T21:24:56.138374+00:00, run_after=2023-10-29T01:24:56.138374+00:00
[2023-10-29T01:24:56.161+0000] {processor.py:179} INFO - Processing /usr/local/lib/python3.10/dist-packages/airflow/example_dags/example_latest_only.py took 0.071 seconds
