[2023-10-29T01:01:45.103+0000] {processor.py:157} INFO - Started process (PID=3654) to work on /usr/local/lib/python3.10/dist-packages/airflow/example_dags/example_branch_datetime_operator.py
[2023-10-29T01:01:45.104+0000] {processor.py:829} INFO - Processing file /usr/local/lib/python3.10/dist-packages/airflow/example_dags/example_branch_datetime_operator.py for tasks to queue
[2023-10-29T01:01:45.105+0000] {logging_mixin.py:151} INFO - [2023-10-29T01:01:45.104+0000] {dagbag.py:536} INFO - Filling up the DagBag from /usr/local/lib/python3.10/dist-packages/airflow/example_dags/example_branch_datetime_operator.py
[2023-10-29T01:01:45.116+0000] {processor.py:839} INFO - DAG(s) dict_keys(['example_branch_datetime_operator_3', 'example_branch_datetime_operator_2', 'example_branch_datetime_operator']) retrieved from /usr/local/lib/python3.10/dist-packages/airflow/example_dags/example_branch_datetime_operator.py
[2023-10-29T01:01:45.222+0000] {logging_mixin.py:151} INFO - [2023-10-29T01:01:45.222+0000] {manager.py:499} INFO - Created Permission View: %s
[2023-10-29T01:01:45.235+0000] {logging_mixin.py:151} INFO - [2023-10-29T01:01:45.235+0000] {manager.py:499} INFO - Created Permission View: %s
[2023-10-29T01:01:45.245+0000] {logging_mixin.py:151} INFO - [2023-10-29T01:01:45.244+0000] {manager.py:499} INFO - Created Permission View: %s
[2023-10-29T01:01:45.265+0000] {logging_mixin.py:151} INFO - [2023-10-29T01:01:45.265+0000] {manager.py:499} INFO - Created Permission View: %s
[2023-10-29T01:01:45.274+0000] {logging_mixin.py:151} INFO - [2023-10-29T01:01:45.274+0000] {manager.py:499} INFO - Created Permission View: %s
[2023-10-29T01:01:45.282+0000] {logging_mixin.py:151} INFO - [2023-10-29T01:01:45.282+0000] {manager.py:499} INFO - Created Permission View: %s
[2023-10-29T01:01:45.302+0000] {logging_mixin.py:151} INFO - [2023-10-29T01:01:45.302+0000] {manager.py:499} INFO - Created Permission View: %s
[2023-10-29T01:01:45.311+0000] {logging_mixin.py:151} INFO - [2023-10-29T01:01:45.311+0000] {manager.py:499} INFO - Created Permission View: %s
[2023-10-29T01:01:45.320+0000] {logging_mixin.py:151} INFO - [2023-10-29T01:01:45.319+0000] {manager.py:499} INFO - Created Permission View: %s
[2023-10-29T01:01:45.320+0000] {logging_mixin.py:151} INFO - [2023-10-29T01:01:45.320+0000] {dag.py:2941} INFO - Sync 3 DAGs
[2023-10-29T01:01:45.332+0000] {logging_mixin.py:151} INFO - [2023-10-29T01:01:45.331+0000] {dag.py:2963} INFO - Creating ORM DAG for example_branch_datetime_operator_2
[2023-10-29T01:01:45.332+0000] {logging_mixin.py:151} INFO - [2023-10-29T01:01:45.332+0000] {dag.py:2963} INFO - Creating ORM DAG for example_branch_datetime_operator
[2023-10-29T01:01:45.333+0000] {logging_mixin.py:151} INFO - [2023-10-29T01:01:45.333+0000] {dag.py:2963} INFO - Creating ORM DAG for example_branch_datetime_operator_3
[2023-10-29T01:01:45.343+0000] {logging_mixin.py:151} INFO - [2023-10-29T01:01:45.343+0000] {dag.py:3722} INFO - Setting next_dagrun for example_branch_datetime_operator to 2023-10-28T00:00:00+00:00, run_after=2023-10-29T00:00:00+00:00
[2023-10-29T01:01:45.345+0000] {logging_mixin.py:151} INFO - [2023-10-29T01:01:45.345+0000] {dag.py:3722} INFO - Setting next_dagrun for example_branch_datetime_operator_2 to 2023-10-28T00:00:00+00:00, run_after=2023-10-29T00:00:00+00:00
[2023-10-29T01:01:45.347+0000] {logging_mixin.py:151} INFO - [2023-10-29T01:01:45.347+0000] {dag.py:3722} INFO - Setting next_dagrun for example_branch_datetime_operator_3 to 2023-10-28T00:00:00+00:00, run_after=2023-10-29T00:00:00+00:00
[2023-10-29T01:01:45.369+0000] {processor.py:179} INFO - Processing /usr/local/lib/python3.10/dist-packages/airflow/example_dags/example_branch_datetime_operator.py took 0.269 seconds
[2023-10-29T01:02:39.865+0000] {processor.py:157} INFO - Started process (PID=3710) to work on /usr/local/lib/python3.10/dist-packages/airflow/example_dags/example_branch_datetime_operator.py
[2023-10-29T01:02:39.866+0000] {processor.py:829} INFO - Processing file /usr/local/lib/python3.10/dist-packages/airflow/example_dags/example_branch_datetime_operator.py for tasks to queue
[2023-10-29T01:02:39.867+0000] {logging_mixin.py:151} INFO - [2023-10-29T01:02:39.866+0000] {dagbag.py:536} INFO - Filling up the DagBag from /usr/local/lib/python3.10/dist-packages/airflow/example_dags/example_branch_datetime_operator.py
[2023-10-29T01:02:39.877+0000] {processor.py:839} INFO - DAG(s) dict_keys(['example_branch_datetime_operator_2', 'example_branch_datetime_operator', 'example_branch_datetime_operator_3']) retrieved from /usr/local/lib/python3.10/dist-packages/airflow/example_dags/example_branch_datetime_operator.py
[2023-10-29T01:02:39.901+0000] {logging_mixin.py:151} INFO - [2023-10-29T01:02:39.901+0000] {dag.py:2941} INFO - Sync 3 DAGs
[2023-10-29T01:02:39.923+0000] {logging_mixin.py:151} INFO - [2023-10-29T01:02:39.923+0000] {dag.py:3722} INFO - Setting next_dagrun for example_branch_datetime_operator to 2023-10-28T00:00:00+00:00, run_after=2023-10-29T00:00:00+00:00
[2023-10-29T01:02:39.927+0000] {logging_mixin.py:151} INFO - [2023-10-29T01:02:39.927+0000] {dag.py:3722} INFO - Setting next_dagrun for example_branch_datetime_operator_2 to 2023-10-28T00:00:00+00:00, run_after=2023-10-29T00:00:00+00:00
[2023-10-29T01:02:39.930+0000] {logging_mixin.py:151} INFO - [2023-10-29T01:02:39.930+0000] {dag.py:3722} INFO - Setting next_dagrun for example_branch_datetime_operator_3 to 2023-10-28T00:00:00+00:00, run_after=2023-10-29T00:00:00+00:00
[2023-10-29T01:02:39.950+0000] {processor.py:179} INFO - Processing /usr/local/lib/python3.10/dist-packages/airflow/example_dags/example_branch_datetime_operator.py took 0.088 seconds
[2023-10-29T01:03:32.350+0000] {processor.py:157} INFO - Started process (PID=3766) to work on /usr/local/lib/python3.10/dist-packages/airflow/example_dags/example_branch_datetime_operator.py
[2023-10-29T01:03:32.351+0000] {processor.py:829} INFO - Processing file /usr/local/lib/python3.10/dist-packages/airflow/example_dags/example_branch_datetime_operator.py for tasks to queue
[2023-10-29T01:03:32.352+0000] {logging_mixin.py:151} INFO - [2023-10-29T01:03:32.352+0000] {dagbag.py:536} INFO - Filling up the DagBag from /usr/local/lib/python3.10/dist-packages/airflow/example_dags/example_branch_datetime_operator.py
[2023-10-29T01:03:32.362+0000] {processor.py:839} INFO - DAG(s) dict_keys(['example_branch_datetime_operator_2', 'example_branch_datetime_operator', 'example_branch_datetime_operator_3']) retrieved from /usr/local/lib/python3.10/dist-packages/airflow/example_dags/example_branch_datetime_operator.py
[2023-10-29T01:03:32.386+0000] {logging_mixin.py:151} INFO - [2023-10-29T01:03:32.386+0000] {dag.py:2941} INFO - Sync 3 DAGs
[2023-10-29T01:03:32.408+0000] {logging_mixin.py:151} INFO - [2023-10-29T01:03:32.408+0000] {dag.py:3722} INFO - Setting next_dagrun for example_branch_datetime_operator to 2023-10-28T00:00:00+00:00, run_after=2023-10-29T00:00:00+00:00
[2023-10-29T01:03:32.413+0000] {logging_mixin.py:151} INFO - [2023-10-29T01:03:32.413+0000] {dag.py:3722} INFO - Setting next_dagrun for example_branch_datetime_operator_2 to 2023-10-28T00:00:00+00:00, run_after=2023-10-29T00:00:00+00:00
[2023-10-29T01:03:32.416+0000] {logging_mixin.py:151} INFO - [2023-10-29T01:03:32.416+0000] {dag.py:3722} INFO - Setting next_dagrun for example_branch_datetime_operator_3 to 2023-10-28T00:00:00+00:00, run_after=2023-10-29T00:00:00+00:00
[2023-10-29T01:03:32.436+0000] {processor.py:179} INFO - Processing /usr/local/lib/python3.10/dist-packages/airflow/example_dags/example_branch_datetime_operator.py took 0.089 seconds
[2023-10-29T01:04:15.830+0000] {processor.py:157} INFO - Started process (PID=3812) to work on /usr/local/lib/python3.10/dist-packages/airflow/example_dags/example_branch_datetime_operator.py
[2023-10-29T01:04:15.831+0000] {processor.py:829} INFO - Processing file /usr/local/lib/python3.10/dist-packages/airflow/example_dags/example_branch_datetime_operator.py for tasks to queue
[2023-10-29T01:04:15.832+0000] {logging_mixin.py:151} INFO - [2023-10-29T01:04:15.831+0000] {dagbag.py:536} INFO - Filling up the DagBag from /usr/local/lib/python3.10/dist-packages/airflow/example_dags/example_branch_datetime_operator.py
[2023-10-29T01:04:15.842+0000] {processor.py:839} INFO - DAG(s) dict_keys(['example_branch_datetime_operator', 'example_branch_datetime_operator_2', 'example_branch_datetime_operator_3']) retrieved from /usr/local/lib/python3.10/dist-packages/airflow/example_dags/example_branch_datetime_operator.py
[2023-10-29T01:04:15.866+0000] {logging_mixin.py:151} INFO - [2023-10-29T01:04:15.865+0000] {dag.py:2941} INFO - Sync 3 DAGs
[2023-10-29T01:04:15.887+0000] {logging_mixin.py:151} INFO - [2023-10-29T01:04:15.887+0000] {dag.py:3722} INFO - Setting next_dagrun for example_branch_datetime_operator to 2023-10-28T00:00:00+00:00, run_after=2023-10-29T00:00:00+00:00
[2023-10-29T01:04:15.892+0000] {logging_mixin.py:151} INFO - [2023-10-29T01:04:15.892+0000] {dag.py:3722} INFO - Setting next_dagrun for example_branch_datetime_operator_2 to 2023-10-28T00:00:00+00:00, run_after=2023-10-29T00:00:00+00:00
[2023-10-29T01:04:15.894+0000] {logging_mixin.py:151} INFO - [2023-10-29T01:04:15.894+0000] {dag.py:3722} INFO - Setting next_dagrun for example_branch_datetime_operator_3 to 2023-10-28T00:00:00+00:00, run_after=2023-10-29T00:00:00+00:00
[2023-10-29T01:04:15.915+0000] {processor.py:179} INFO - Processing /usr/local/lib/python3.10/dist-packages/airflow/example_dags/example_branch_datetime_operator.py took 0.089 seconds
[2023-10-29T01:05:11.279+0000] {processor.py:157} INFO - Started process (PID=3870) to work on /usr/local/lib/python3.10/dist-packages/airflow/example_dags/example_branch_datetime_operator.py
[2023-10-29T01:05:11.281+0000] {processor.py:829} INFO - Processing file /usr/local/lib/python3.10/dist-packages/airflow/example_dags/example_branch_datetime_operator.py for tasks to queue
[2023-10-29T01:05:11.281+0000] {logging_mixin.py:151} INFO - [2023-10-29T01:05:11.281+0000] {dagbag.py:536} INFO - Filling up the DagBag from /usr/local/lib/python3.10/dist-packages/airflow/example_dags/example_branch_datetime_operator.py
[2023-10-29T01:05:11.292+0000] {processor.py:839} INFO - DAG(s) dict_keys(['example_branch_datetime_operator_3', 'example_branch_datetime_operator', 'example_branch_datetime_operator_2']) retrieved from /usr/local/lib/python3.10/dist-packages/airflow/example_dags/example_branch_datetime_operator.py
[2023-10-29T01:05:11.316+0000] {logging_mixin.py:151} INFO - [2023-10-29T01:05:11.316+0000] {dag.py:2941} INFO - Sync 3 DAGs
[2023-10-29T01:05:11.339+0000] {logging_mixin.py:151} INFO - [2023-10-29T01:05:11.338+0000] {dag.py:3722} INFO - Setting next_dagrun for example_branch_datetime_operator to 2023-10-28T00:00:00+00:00, run_after=2023-10-29T00:00:00+00:00
[2023-10-29T01:05:11.344+0000] {logging_mixin.py:151} INFO - [2023-10-29T01:05:11.343+0000] {dag.py:3722} INFO - Setting next_dagrun for example_branch_datetime_operator_2 to 2023-10-28T00:00:00+00:00, run_after=2023-10-29T00:00:00+00:00
[2023-10-29T01:05:11.346+0000] {logging_mixin.py:151} INFO - [2023-10-29T01:05:11.346+0000] {dag.py:3722} INFO - Setting next_dagrun for example_branch_datetime_operator_3 to 2023-10-28T00:00:00+00:00, run_after=2023-10-29T00:00:00+00:00
[2023-10-29T01:05:11.367+0000] {processor.py:179} INFO - Processing /usr/local/lib/python3.10/dist-packages/airflow/example_dags/example_branch_datetime_operator.py took 0.091 seconds
[2023-10-29T01:05:57.851+0000] {processor.py:157} INFO - Started process (PID=3920) to work on /usr/local/lib/python3.10/dist-packages/airflow/example_dags/example_branch_datetime_operator.py
[2023-10-29T01:05:57.852+0000] {processor.py:829} INFO - Processing file /usr/local/lib/python3.10/dist-packages/airflow/example_dags/example_branch_datetime_operator.py for tasks to queue
[2023-10-29T01:05:57.853+0000] {logging_mixin.py:151} INFO - [2023-10-29T01:05:57.852+0000] {dagbag.py:536} INFO - Filling up the DagBag from /usr/local/lib/python3.10/dist-packages/airflow/example_dags/example_branch_datetime_operator.py
[2023-10-29T01:05:57.863+0000] {processor.py:839} INFO - DAG(s) dict_keys(['example_branch_datetime_operator', 'example_branch_datetime_operator_2', 'example_branch_datetime_operator_3']) retrieved from /usr/local/lib/python3.10/dist-packages/airflow/example_dags/example_branch_datetime_operator.py
[2023-10-29T01:05:57.886+0000] {logging_mixin.py:151} INFO - [2023-10-29T01:05:57.886+0000] {dag.py:2941} INFO - Sync 3 DAGs
[2023-10-29T01:05:57.908+0000] {logging_mixin.py:151} INFO - [2023-10-29T01:05:57.908+0000] {dag.py:3722} INFO - Setting next_dagrun for example_branch_datetime_operator to 2023-10-28T00:00:00+00:00, run_after=2023-10-29T00:00:00+00:00
[2023-10-29T01:05:57.913+0000] {logging_mixin.py:151} INFO - [2023-10-29T01:05:57.913+0000] {dag.py:3722} INFO - Setting next_dagrun for example_branch_datetime_operator_2 to 2023-10-28T00:00:00+00:00, run_after=2023-10-29T00:00:00+00:00
[2023-10-29T01:05:57.915+0000] {logging_mixin.py:151} INFO - [2023-10-29T01:05:57.915+0000] {dag.py:3722} INFO - Setting next_dagrun for example_branch_datetime_operator_3 to 2023-10-28T00:00:00+00:00, run_after=2023-10-29T00:00:00+00:00
[2023-10-29T01:05:57.936+0000] {processor.py:179} INFO - Processing /usr/local/lib/python3.10/dist-packages/airflow/example_dags/example_branch_datetime_operator.py took 0.088 seconds
[2023-10-29T01:06:45.655+0000] {processor.py:157} INFO - Started process (PID=3970) to work on /usr/local/lib/python3.10/dist-packages/airflow/example_dags/example_branch_datetime_operator.py
[2023-10-29T01:06:45.657+0000] {processor.py:829} INFO - Processing file /usr/local/lib/python3.10/dist-packages/airflow/example_dags/example_branch_datetime_operator.py for tasks to queue
[2023-10-29T01:06:45.658+0000] {logging_mixin.py:151} INFO - [2023-10-29T01:06:45.657+0000] {dagbag.py:536} INFO - Filling up the DagBag from /usr/local/lib/python3.10/dist-packages/airflow/example_dags/example_branch_datetime_operator.py
[2023-10-29T01:06:45.668+0000] {processor.py:839} INFO - DAG(s) dict_keys(['example_branch_datetime_operator_3', 'example_branch_datetime_operator_2', 'example_branch_datetime_operator']) retrieved from /usr/local/lib/python3.10/dist-packages/airflow/example_dags/example_branch_datetime_operator.py
[2023-10-29T01:06:45.692+0000] {logging_mixin.py:151} INFO - [2023-10-29T01:06:45.692+0000] {dag.py:2941} INFO - Sync 3 DAGs
[2023-10-29T01:06:45.713+0000] {logging_mixin.py:151} INFO - [2023-10-29T01:06:45.713+0000] {dag.py:3722} INFO - Setting next_dagrun for example_branch_datetime_operator to 2023-10-28T00:00:00+00:00, run_after=2023-10-29T00:00:00+00:00
[2023-10-29T01:06:45.718+0000] {logging_mixin.py:151} INFO - [2023-10-29T01:06:45.718+0000] {dag.py:3722} INFO - Setting next_dagrun for example_branch_datetime_operator_2 to 2023-10-28T00:00:00+00:00, run_after=2023-10-29T00:00:00+00:00
[2023-10-29T01:06:45.720+0000] {logging_mixin.py:151} INFO - [2023-10-29T01:06:45.720+0000] {dag.py:3722} INFO - Setting next_dagrun for example_branch_datetime_operator_3 to 2023-10-28T00:00:00+00:00, run_after=2023-10-29T00:00:00+00:00
[2023-10-29T01:06:45.740+0000] {processor.py:179} INFO - Processing /usr/local/lib/python3.10/dist-packages/airflow/example_dags/example_branch_datetime_operator.py took 0.087 seconds
[2023-10-29T01:07:38.455+0000] {processor.py:157} INFO - Started process (PID=4026) to work on /usr/local/lib/python3.10/dist-packages/airflow/example_dags/example_branch_datetime_operator.py
[2023-10-29T01:07:38.456+0000] {processor.py:829} INFO - Processing file /usr/local/lib/python3.10/dist-packages/airflow/example_dags/example_branch_datetime_operator.py for tasks to queue
[2023-10-29T01:07:38.457+0000] {logging_mixin.py:151} INFO - [2023-10-29T01:07:38.456+0000] {dagbag.py:536} INFO - Filling up the DagBag from /usr/local/lib/python3.10/dist-packages/airflow/example_dags/example_branch_datetime_operator.py
[2023-10-29T01:07:38.467+0000] {processor.py:839} INFO - DAG(s) dict_keys(['example_branch_datetime_operator_3', 'example_branch_datetime_operator', 'example_branch_datetime_operator_2']) retrieved from /usr/local/lib/python3.10/dist-packages/airflow/example_dags/example_branch_datetime_operator.py
[2023-10-29T01:07:38.491+0000] {logging_mixin.py:151} INFO - [2023-10-29T01:07:38.491+0000] {dag.py:2941} INFO - Sync 3 DAGs
[2023-10-29T01:07:38.513+0000] {logging_mixin.py:151} INFO - [2023-10-29T01:07:38.513+0000] {dag.py:3722} INFO - Setting next_dagrun for example_branch_datetime_operator to 2023-10-28T00:00:00+00:00, run_after=2023-10-29T00:00:00+00:00
[2023-10-29T01:07:38.517+0000] {logging_mixin.py:151} INFO - [2023-10-29T01:07:38.517+0000] {dag.py:3722} INFO - Setting next_dagrun for example_branch_datetime_operator_2 to 2023-10-28T00:00:00+00:00, run_after=2023-10-29T00:00:00+00:00
[2023-10-29T01:07:38.520+0000] {logging_mixin.py:151} INFO - [2023-10-29T01:07:38.520+0000] {dag.py:3722} INFO - Setting next_dagrun for example_branch_datetime_operator_3 to 2023-10-28T00:00:00+00:00, run_after=2023-10-29T00:00:00+00:00
[2023-10-29T01:07:38.540+0000] {processor.py:179} INFO - Processing /usr/local/lib/python3.10/dist-packages/airflow/example_dags/example_branch_datetime_operator.py took 0.089 seconds
[2023-10-29T01:08:28.243+0000] {processor.py:157} INFO - Started process (PID=4076) to work on /usr/local/lib/python3.10/dist-packages/airflow/example_dags/example_branch_datetime_operator.py
[2023-10-29T01:08:28.245+0000] {processor.py:829} INFO - Processing file /usr/local/lib/python3.10/dist-packages/airflow/example_dags/example_branch_datetime_operator.py for tasks to queue
[2023-10-29T01:08:28.246+0000] {logging_mixin.py:151} INFO - [2023-10-29T01:08:28.245+0000] {dagbag.py:536} INFO - Filling up the DagBag from /usr/local/lib/python3.10/dist-packages/airflow/example_dags/example_branch_datetime_operator.py
[2023-10-29T01:08:28.256+0000] {processor.py:839} INFO - DAG(s) dict_keys(['example_branch_datetime_operator', 'example_branch_datetime_operator_2', 'example_branch_datetime_operator_3']) retrieved from /usr/local/lib/python3.10/dist-packages/airflow/example_dags/example_branch_datetime_operator.py
[2023-10-29T01:08:28.279+0000] {logging_mixin.py:151} INFO - [2023-10-29T01:08:28.279+0000] {dag.py:2941} INFO - Sync 3 DAGs
[2023-10-29T01:08:28.301+0000] {logging_mixin.py:151} INFO - [2023-10-29T01:08:28.300+0000] {dag.py:3722} INFO - Setting next_dagrun for example_branch_datetime_operator to 2023-10-28T00:00:00+00:00, run_after=2023-10-29T00:00:00+00:00
[2023-10-29T01:08:28.305+0000] {logging_mixin.py:151} INFO - [2023-10-29T01:08:28.305+0000] {dag.py:3722} INFO - Setting next_dagrun for example_branch_datetime_operator_2 to 2023-10-28T00:00:00+00:00, run_after=2023-10-29T00:00:00+00:00
[2023-10-29T01:08:28.308+0000] {logging_mixin.py:151} INFO - [2023-10-29T01:08:28.308+0000] {dag.py:3722} INFO - Setting next_dagrun for example_branch_datetime_operator_3 to 2023-10-28T00:00:00+00:00, run_after=2023-10-29T00:00:00+00:00
[2023-10-29T01:08:28.328+0000] {processor.py:179} INFO - Processing /usr/local/lib/python3.10/dist-packages/airflow/example_dags/example_branch_datetime_operator.py took 0.088 seconds
[2023-10-29T01:09:16.204+0000] {processor.py:157} INFO - Started process (PID=4124) to work on /usr/local/lib/python3.10/dist-packages/airflow/example_dags/example_branch_datetime_operator.py
[2023-10-29T01:09:16.205+0000] {processor.py:829} INFO - Processing file /usr/local/lib/python3.10/dist-packages/airflow/example_dags/example_branch_datetime_operator.py for tasks to queue
[2023-10-29T01:09:16.206+0000] {logging_mixin.py:151} INFO - [2023-10-29T01:09:16.206+0000] {dagbag.py:536} INFO - Filling up the DagBag from /usr/local/lib/python3.10/dist-packages/airflow/example_dags/example_branch_datetime_operator.py
[2023-10-29T01:09:16.216+0000] {processor.py:839} INFO - DAG(s) dict_keys(['example_branch_datetime_operator', 'example_branch_datetime_operator_3', 'example_branch_datetime_operator_2']) retrieved from /usr/local/lib/python3.10/dist-packages/airflow/example_dags/example_branch_datetime_operator.py
[2023-10-29T01:09:16.240+0000] {logging_mixin.py:151} INFO - [2023-10-29T01:09:16.239+0000] {dag.py:2941} INFO - Sync 3 DAGs
[2023-10-29T01:09:16.262+0000] {logging_mixin.py:151} INFO - [2023-10-29T01:09:16.261+0000] {dag.py:3722} INFO - Setting next_dagrun for example_branch_datetime_operator to 2023-10-28T00:00:00+00:00, run_after=2023-10-29T00:00:00+00:00
[2023-10-29T01:09:16.266+0000] {logging_mixin.py:151} INFO - [2023-10-29T01:09:16.266+0000] {dag.py:3722} INFO - Setting next_dagrun for example_branch_datetime_operator_2 to 2023-10-28T00:00:00+00:00, run_after=2023-10-29T00:00:00+00:00
[2023-10-29T01:09:16.269+0000] {logging_mixin.py:151} INFO - [2023-10-29T01:09:16.268+0000] {dag.py:3722} INFO - Setting next_dagrun for example_branch_datetime_operator_3 to 2023-10-28T00:00:00+00:00, run_after=2023-10-29T00:00:00+00:00
[2023-10-29T01:09:16.288+0000] {processor.py:179} INFO - Processing /usr/local/lib/python3.10/dist-packages/airflow/example_dags/example_branch_datetime_operator.py took 0.087 seconds
[2023-10-29T01:10:02.182+0000] {processor.py:157} INFO - Started process (PID=4171) to work on /usr/local/lib/python3.10/dist-packages/airflow/example_dags/example_branch_datetime_operator.py
[2023-10-29T01:10:02.183+0000] {processor.py:829} INFO - Processing file /usr/local/lib/python3.10/dist-packages/airflow/example_dags/example_branch_datetime_operator.py for tasks to queue
[2023-10-29T01:10:02.184+0000] {logging_mixin.py:151} INFO - [2023-10-29T01:10:02.184+0000] {dagbag.py:536} INFO - Filling up the DagBag from /usr/local/lib/python3.10/dist-packages/airflow/example_dags/example_branch_datetime_operator.py
[2023-10-29T01:10:02.195+0000] {processor.py:839} INFO - DAG(s) dict_keys(['example_branch_datetime_operator_2', 'example_branch_datetime_operator', 'example_branch_datetime_operator_3']) retrieved from /usr/local/lib/python3.10/dist-packages/airflow/example_dags/example_branch_datetime_operator.py
[2023-10-29T01:10:02.220+0000] {logging_mixin.py:151} INFO - [2023-10-29T01:10:02.220+0000] {dag.py:2941} INFO - Sync 3 DAGs
[2023-10-29T01:10:02.243+0000] {logging_mixin.py:151} INFO - [2023-10-29T01:10:02.242+0000] {dag.py:3722} INFO - Setting next_dagrun for example_branch_datetime_operator to 2023-10-28T00:00:00+00:00, run_after=2023-10-29T00:00:00+00:00
[2023-10-29T01:10:02.247+0000] {logging_mixin.py:151} INFO - [2023-10-29T01:10:02.247+0000] {dag.py:3722} INFO - Setting next_dagrun for example_branch_datetime_operator_2 to 2023-10-28T00:00:00+00:00, run_after=2023-10-29T00:00:00+00:00
[2023-10-29T01:10:02.250+0000] {logging_mixin.py:151} INFO - [2023-10-29T01:10:02.250+0000] {dag.py:3722} INFO - Setting next_dagrun for example_branch_datetime_operator_3 to 2023-10-28T00:00:00+00:00, run_after=2023-10-29T00:00:00+00:00
[2023-10-29T01:10:02.272+0000] {processor.py:179} INFO - Processing /usr/local/lib/python3.10/dist-packages/airflow/example_dags/example_branch_datetime_operator.py took 0.093 seconds
[2023-10-29T01:10:51.103+0000] {processor.py:157} INFO - Started process (PID=4220) to work on /usr/local/lib/python3.10/dist-packages/airflow/example_dags/example_branch_datetime_operator.py
[2023-10-29T01:10:51.104+0000] {processor.py:829} INFO - Processing file /usr/local/lib/python3.10/dist-packages/airflow/example_dags/example_branch_datetime_operator.py for tasks to queue
[2023-10-29T01:10:51.105+0000] {logging_mixin.py:151} INFO - [2023-10-29T01:10:51.104+0000] {dagbag.py:536} INFO - Filling up the DagBag from /usr/local/lib/python3.10/dist-packages/airflow/example_dags/example_branch_datetime_operator.py
[2023-10-29T01:10:51.115+0000] {processor.py:839} INFO - DAG(s) dict_keys(['example_branch_datetime_operator', 'example_branch_datetime_operator_3', 'example_branch_datetime_operator_2']) retrieved from /usr/local/lib/python3.10/dist-packages/airflow/example_dags/example_branch_datetime_operator.py
[2023-10-29T01:10:51.139+0000] {logging_mixin.py:151} INFO - [2023-10-29T01:10:51.139+0000] {dag.py:2941} INFO - Sync 3 DAGs
[2023-10-29T01:10:51.161+0000] {logging_mixin.py:151} INFO - [2023-10-29T01:10:51.161+0000] {dag.py:3722} INFO - Setting next_dagrun for example_branch_datetime_operator to 2023-10-28T00:00:00+00:00, run_after=2023-10-29T00:00:00+00:00
[2023-10-29T01:10:51.165+0000] {logging_mixin.py:151} INFO - [2023-10-29T01:10:51.165+0000] {dag.py:3722} INFO - Setting next_dagrun for example_branch_datetime_operator_2 to 2023-10-28T00:00:00+00:00, run_after=2023-10-29T00:00:00+00:00
[2023-10-29T01:10:51.168+0000] {logging_mixin.py:151} INFO - [2023-10-29T01:10:51.168+0000] {dag.py:3722} INFO - Setting next_dagrun for example_branch_datetime_operator_3 to 2023-10-28T00:00:00+00:00, run_after=2023-10-29T00:00:00+00:00
[2023-10-29T01:10:51.187+0000] {processor.py:179} INFO - Processing /usr/local/lib/python3.10/dist-packages/airflow/example_dags/example_branch_datetime_operator.py took 0.088 seconds
[2023-10-29T01:11:36.322+0000] {processor.py:157} INFO - Started process (PID=4503) to work on /usr/local/lib/python3.10/dist-packages/airflow/example_dags/example_branch_datetime_operator.py
[2023-10-29T01:11:36.323+0000] {processor.py:829} INFO - Processing file /usr/local/lib/python3.10/dist-packages/airflow/example_dags/example_branch_datetime_operator.py for tasks to queue
[2023-10-29T01:11:36.324+0000] {logging_mixin.py:151} INFO - [2023-10-29T01:11:36.323+0000] {dagbag.py:536} INFO - Filling up the DagBag from /usr/local/lib/python3.10/dist-packages/airflow/example_dags/example_branch_datetime_operator.py
[2023-10-29T01:11:36.334+0000] {processor.py:839} INFO - DAG(s) dict_keys(['example_branch_datetime_operator', 'example_branch_datetime_operator_3', 'example_branch_datetime_operator_2']) retrieved from /usr/local/lib/python3.10/dist-packages/airflow/example_dags/example_branch_datetime_operator.py
[2023-10-29T01:11:36.359+0000] {logging_mixin.py:151} INFO - [2023-10-29T01:11:36.359+0000] {dag.py:2941} INFO - Sync 3 DAGs
[2023-10-29T01:11:36.380+0000] {logging_mixin.py:151} INFO - [2023-10-29T01:11:36.380+0000] {dag.py:3722} INFO - Setting next_dagrun for example_branch_datetime_operator to 2023-10-28T00:00:00+00:00, run_after=2023-10-29T00:00:00+00:00
[2023-10-29T01:11:36.385+0000] {logging_mixin.py:151} INFO - [2023-10-29T01:11:36.385+0000] {dag.py:3722} INFO - Setting next_dagrun for example_branch_datetime_operator_2 to 2023-10-28T00:00:00+00:00, run_after=2023-10-29T00:00:00+00:00
[2023-10-29T01:11:36.387+0000] {logging_mixin.py:151} INFO - [2023-10-29T01:11:36.387+0000] {dag.py:3722} INFO - Setting next_dagrun for example_branch_datetime_operator_3 to 2023-10-28T00:00:00+00:00, run_after=2023-10-29T00:00:00+00:00
[2023-10-29T01:11:36.409+0000] {processor.py:179} INFO - Processing /usr/local/lib/python3.10/dist-packages/airflow/example_dags/example_branch_datetime_operator.py took 0.090 seconds
[2023-10-29T01:12:24.001+0000] {processor.py:157} INFO - Started process (PID=4691) to work on /usr/local/lib/python3.10/dist-packages/airflow/example_dags/example_branch_datetime_operator.py
[2023-10-29T01:12:24.002+0000] {processor.py:829} INFO - Processing file /usr/local/lib/python3.10/dist-packages/airflow/example_dags/example_branch_datetime_operator.py for tasks to queue
[2023-10-29T01:12:24.003+0000] {logging_mixin.py:151} INFO - [2023-10-29T01:12:24.003+0000] {dagbag.py:536} INFO - Filling up the DagBag from /usr/local/lib/python3.10/dist-packages/airflow/example_dags/example_branch_datetime_operator.py
[2023-10-29T01:12:24.013+0000] {processor.py:839} INFO - DAG(s) dict_keys(['example_branch_datetime_operator_3', 'example_branch_datetime_operator', 'example_branch_datetime_operator_2']) retrieved from /usr/local/lib/python3.10/dist-packages/airflow/example_dags/example_branch_datetime_operator.py
[2023-10-29T01:12:24.038+0000] {logging_mixin.py:151} INFO - [2023-10-29T01:12:24.037+0000] {dag.py:2941} INFO - Sync 3 DAGs
[2023-10-29T01:12:24.059+0000] {logging_mixin.py:151} INFO - [2023-10-29T01:12:24.059+0000] {dag.py:3722} INFO - Setting next_dagrun for example_branch_datetime_operator to 2023-10-28T00:00:00+00:00, run_after=2023-10-29T00:00:00+00:00
[2023-10-29T01:12:24.063+0000] {logging_mixin.py:151} INFO - [2023-10-29T01:12:24.063+0000] {dag.py:3722} INFO - Setting next_dagrun for example_branch_datetime_operator_2 to 2023-10-28T00:00:00+00:00, run_after=2023-10-29T00:00:00+00:00
[2023-10-29T01:12:24.066+0000] {logging_mixin.py:151} INFO - [2023-10-29T01:12:24.066+0000] {dag.py:3722} INFO - Setting next_dagrun for example_branch_datetime_operator_3 to 2023-10-28T00:00:00+00:00, run_after=2023-10-29T00:00:00+00:00
[2023-10-29T01:12:24.087+0000] {processor.py:179} INFO - Processing /usr/local/lib/python3.10/dist-packages/airflow/example_dags/example_branch_datetime_operator.py took 0.090 seconds
[2023-10-29T01:13:16.336+0000] {processor.py:157} INFO - Started process (PID=4753) to work on /usr/local/lib/python3.10/dist-packages/airflow/example_dags/example_branch_datetime_operator.py
[2023-10-29T01:13:16.338+0000] {processor.py:829} INFO - Processing file /usr/local/lib/python3.10/dist-packages/airflow/example_dags/example_branch_datetime_operator.py for tasks to queue
[2023-10-29T01:13:16.338+0000] {logging_mixin.py:151} INFO - [2023-10-29T01:13:16.338+0000] {dagbag.py:536} INFO - Filling up the DagBag from /usr/local/lib/python3.10/dist-packages/airflow/example_dags/example_branch_datetime_operator.py
[2023-10-29T01:13:16.349+0000] {processor.py:839} INFO - DAG(s) dict_keys(['example_branch_datetime_operator_3', 'example_branch_datetime_operator_2', 'example_branch_datetime_operator']) retrieved from /usr/local/lib/python3.10/dist-packages/airflow/example_dags/example_branch_datetime_operator.py
[2023-10-29T01:13:16.373+0000] {logging_mixin.py:151} INFO - [2023-10-29T01:13:16.373+0000] {dag.py:2941} INFO - Sync 3 DAGs
[2023-10-29T01:13:16.395+0000] {logging_mixin.py:151} INFO - [2023-10-29T01:13:16.395+0000] {dag.py:3722} INFO - Setting next_dagrun for example_branch_datetime_operator to 2023-10-28T00:00:00+00:00, run_after=2023-10-29T00:00:00+00:00
[2023-10-29T01:13:16.400+0000] {logging_mixin.py:151} INFO - [2023-10-29T01:13:16.400+0000] {dag.py:3722} INFO - Setting next_dagrun for example_branch_datetime_operator_2 to 2023-10-28T00:00:00+00:00, run_after=2023-10-29T00:00:00+00:00
[2023-10-29T01:13:16.402+0000] {logging_mixin.py:151} INFO - [2023-10-29T01:13:16.402+0000] {dag.py:3722} INFO - Setting next_dagrun for example_branch_datetime_operator_3 to 2023-10-28T00:00:00+00:00, run_after=2023-10-29T00:00:00+00:00
[2023-10-29T01:13:16.422+0000] {processor.py:179} INFO - Processing /usr/local/lib/python3.10/dist-packages/airflow/example_dags/example_branch_datetime_operator.py took 0.089 seconds
[2023-10-29T01:14:00.749+0000] {processor.py:157} INFO - Started process (PID=4801) to work on /usr/local/lib/python3.10/dist-packages/airflow/example_dags/example_branch_datetime_operator.py
[2023-10-29T01:14:00.750+0000] {processor.py:829} INFO - Processing file /usr/local/lib/python3.10/dist-packages/airflow/example_dags/example_branch_datetime_operator.py for tasks to queue
[2023-10-29T01:14:00.751+0000] {logging_mixin.py:151} INFO - [2023-10-29T01:14:00.751+0000] {dagbag.py:536} INFO - Filling up the DagBag from /usr/local/lib/python3.10/dist-packages/airflow/example_dags/example_branch_datetime_operator.py
[2023-10-29T01:14:00.762+0000] {processor.py:839} INFO - DAG(s) dict_keys(['example_branch_datetime_operator_2', 'example_branch_datetime_operator', 'example_branch_datetime_operator_3']) retrieved from /usr/local/lib/python3.10/dist-packages/airflow/example_dags/example_branch_datetime_operator.py
[2023-10-29T01:14:00.785+0000] {logging_mixin.py:151} INFO - [2023-10-29T01:14:00.784+0000] {dag.py:2941} INFO - Sync 3 DAGs
[2023-10-29T01:14:00.807+0000] {logging_mixin.py:151} INFO - [2023-10-29T01:14:00.807+0000] {dag.py:3722} INFO - Setting next_dagrun for example_branch_datetime_operator to 2023-10-28T00:00:00+00:00, run_after=2023-10-29T00:00:00+00:00
[2023-10-29T01:14:00.812+0000] {logging_mixin.py:151} INFO - [2023-10-29T01:14:00.812+0000] {dag.py:3722} INFO - Setting next_dagrun for example_branch_datetime_operator_2 to 2023-10-28T00:00:00+00:00, run_after=2023-10-29T00:00:00+00:00
[2023-10-29T01:14:00.814+0000] {logging_mixin.py:151} INFO - [2023-10-29T01:14:00.814+0000] {dag.py:3722} INFO - Setting next_dagrun for example_branch_datetime_operator_3 to 2023-10-28T00:00:00+00:00, run_after=2023-10-29T00:00:00+00:00
[2023-10-29T01:14:00.834+0000] {processor.py:179} INFO - Processing /usr/local/lib/python3.10/dist-packages/airflow/example_dags/example_branch_datetime_operator.py took 0.088 seconds
[2023-10-29T01:14:45.445+0000] {processor.py:157} INFO - Started process (PID=4849) to work on /usr/local/lib/python3.10/dist-packages/airflow/example_dags/example_branch_datetime_operator.py
[2023-10-29T01:14:45.446+0000] {processor.py:829} INFO - Processing file /usr/local/lib/python3.10/dist-packages/airflow/example_dags/example_branch_datetime_operator.py for tasks to queue
[2023-10-29T01:14:45.447+0000] {logging_mixin.py:151} INFO - [2023-10-29T01:14:45.446+0000] {dagbag.py:536} INFO - Filling up the DagBag from /usr/local/lib/python3.10/dist-packages/airflow/example_dags/example_branch_datetime_operator.py
[2023-10-29T01:14:45.457+0000] {processor.py:839} INFO - DAG(s) dict_keys(['example_branch_datetime_operator_3', 'example_branch_datetime_operator', 'example_branch_datetime_operator_2']) retrieved from /usr/local/lib/python3.10/dist-packages/airflow/example_dags/example_branch_datetime_operator.py
[2023-10-29T01:14:45.480+0000] {logging_mixin.py:151} INFO - [2023-10-29T01:14:45.480+0000] {dag.py:2941} INFO - Sync 3 DAGs
[2023-10-29T01:14:45.502+0000] {logging_mixin.py:151} INFO - [2023-10-29T01:14:45.502+0000] {dag.py:3722} INFO - Setting next_dagrun for example_branch_datetime_operator to 2023-10-28T00:00:00+00:00, run_after=2023-10-29T00:00:00+00:00
[2023-10-29T01:14:45.506+0000] {logging_mixin.py:151} INFO - [2023-10-29T01:14:45.506+0000] {dag.py:3722} INFO - Setting next_dagrun for example_branch_datetime_operator_2 to 2023-10-28T00:00:00+00:00, run_after=2023-10-29T00:00:00+00:00
[2023-10-29T01:14:45.509+0000] {logging_mixin.py:151} INFO - [2023-10-29T01:14:45.509+0000] {dag.py:3722} INFO - Setting next_dagrun for example_branch_datetime_operator_3 to 2023-10-28T00:00:00+00:00, run_after=2023-10-29T00:00:00+00:00
[2023-10-29T01:14:45.529+0000] {processor.py:179} INFO - Processing /usr/local/lib/python3.10/dist-packages/airflow/example_dags/example_branch_datetime_operator.py took 0.087 seconds
[2023-10-29T01:15:42.915+0000] {processor.py:157} INFO - Started process (PID=4908) to work on /usr/local/lib/python3.10/dist-packages/airflow/example_dags/example_branch_datetime_operator.py
[2023-10-29T01:15:42.916+0000] {processor.py:829} INFO - Processing file /usr/local/lib/python3.10/dist-packages/airflow/example_dags/example_branch_datetime_operator.py for tasks to queue
[2023-10-29T01:15:42.917+0000] {logging_mixin.py:151} INFO - [2023-10-29T01:15:42.916+0000] {dagbag.py:536} INFO - Filling up the DagBag from /usr/local/lib/python3.10/dist-packages/airflow/example_dags/example_branch_datetime_operator.py
[2023-10-29T01:15:42.927+0000] {processor.py:839} INFO - DAG(s) dict_keys(['example_branch_datetime_operator_2', 'example_branch_datetime_operator', 'example_branch_datetime_operator_3']) retrieved from /usr/local/lib/python3.10/dist-packages/airflow/example_dags/example_branch_datetime_operator.py
[2023-10-29T01:15:42.951+0000] {logging_mixin.py:151} INFO - [2023-10-29T01:15:42.951+0000] {dag.py:2941} INFO - Sync 3 DAGs
[2023-10-29T01:15:42.973+0000] {logging_mixin.py:151} INFO - [2023-10-29T01:15:42.973+0000] {dag.py:3722} INFO - Setting next_dagrun for example_branch_datetime_operator to 2023-10-28T00:00:00+00:00, run_after=2023-10-29T00:00:00+00:00
[2023-10-29T01:15:42.978+0000] {logging_mixin.py:151} INFO - [2023-10-29T01:15:42.977+0000] {dag.py:3722} INFO - Setting next_dagrun for example_branch_datetime_operator_2 to 2023-10-28T00:00:00+00:00, run_after=2023-10-29T00:00:00+00:00
[2023-10-29T01:15:42.980+0000] {logging_mixin.py:151} INFO - [2023-10-29T01:15:42.980+0000] {dag.py:3722} INFO - Setting next_dagrun for example_branch_datetime_operator_3 to 2023-10-28T00:00:00+00:00, run_after=2023-10-29T00:00:00+00:00
[2023-10-29T01:15:43.000+0000] {processor.py:179} INFO - Processing /usr/local/lib/python3.10/dist-packages/airflow/example_dags/example_branch_datetime_operator.py took 0.089 seconds
[2023-10-29T01:16:28.532+0000] {processor.py:157} INFO - Started process (PID=4954) to work on /usr/local/lib/python3.10/dist-packages/airflow/example_dags/example_branch_datetime_operator.py
[2023-10-29T01:16:28.533+0000] {processor.py:829} INFO - Processing file /usr/local/lib/python3.10/dist-packages/airflow/example_dags/example_branch_datetime_operator.py for tasks to queue
[2023-10-29T01:16:28.534+0000] {logging_mixin.py:151} INFO - [2023-10-29T01:16:28.533+0000] {dagbag.py:536} INFO - Filling up the DagBag from /usr/local/lib/python3.10/dist-packages/airflow/example_dags/example_branch_datetime_operator.py
[2023-10-29T01:16:28.544+0000] {processor.py:839} INFO - DAG(s) dict_keys(['example_branch_datetime_operator_2', 'example_branch_datetime_operator', 'example_branch_datetime_operator_3']) retrieved from /usr/local/lib/python3.10/dist-packages/airflow/example_dags/example_branch_datetime_operator.py
[2023-10-29T01:16:28.567+0000] {logging_mixin.py:151} INFO - [2023-10-29T01:16:28.567+0000] {dag.py:2941} INFO - Sync 3 DAGs
[2023-10-29T01:16:28.589+0000] {logging_mixin.py:151} INFO - [2023-10-29T01:16:28.588+0000] {dag.py:3722} INFO - Setting next_dagrun for example_branch_datetime_operator to 2023-10-28T00:00:00+00:00, run_after=2023-10-29T00:00:00+00:00
[2023-10-29T01:16:28.593+0000] {logging_mixin.py:151} INFO - [2023-10-29T01:16:28.593+0000] {dag.py:3722} INFO - Setting next_dagrun for example_branch_datetime_operator_2 to 2023-10-28T00:00:00+00:00, run_after=2023-10-29T00:00:00+00:00
[2023-10-29T01:16:28.596+0000] {logging_mixin.py:151} INFO - [2023-10-29T01:16:28.596+0000] {dag.py:3722} INFO - Setting next_dagrun for example_branch_datetime_operator_3 to 2023-10-28T00:00:00+00:00, run_after=2023-10-29T00:00:00+00:00
[2023-10-29T01:16:28.616+0000] {processor.py:179} INFO - Processing /usr/local/lib/python3.10/dist-packages/airflow/example_dags/example_branch_datetime_operator.py took 0.087 seconds
[2023-10-29T01:17:15.583+0000] {processor.py:157} INFO - Started process (PID=5005) to work on /usr/local/lib/python3.10/dist-packages/airflow/example_dags/example_branch_datetime_operator.py
[2023-10-29T01:17:15.584+0000] {processor.py:829} INFO - Processing file /usr/local/lib/python3.10/dist-packages/airflow/example_dags/example_branch_datetime_operator.py for tasks to queue
[2023-10-29T01:17:15.585+0000] {logging_mixin.py:151} INFO - [2023-10-29T01:17:15.585+0000] {dagbag.py:536} INFO - Filling up the DagBag from /usr/local/lib/python3.10/dist-packages/airflow/example_dags/example_branch_datetime_operator.py
[2023-10-29T01:17:15.595+0000] {processor.py:839} INFO - DAG(s) dict_keys(['example_branch_datetime_operator_3', 'example_branch_datetime_operator', 'example_branch_datetime_operator_2']) retrieved from /usr/local/lib/python3.10/dist-packages/airflow/example_dags/example_branch_datetime_operator.py
[2023-10-29T01:17:15.618+0000] {logging_mixin.py:151} INFO - [2023-10-29T01:17:15.618+0000] {dag.py:2941} INFO - Sync 3 DAGs
[2023-10-29T01:17:15.639+0000] {logging_mixin.py:151} INFO - [2023-10-29T01:17:15.639+0000] {dag.py:3722} INFO - Setting next_dagrun for example_branch_datetime_operator to 2023-10-28T00:00:00+00:00, run_after=2023-10-29T00:00:00+00:00
[2023-10-29T01:17:15.644+0000] {logging_mixin.py:151} INFO - [2023-10-29T01:17:15.644+0000] {dag.py:3722} INFO - Setting next_dagrun for example_branch_datetime_operator_2 to 2023-10-28T00:00:00+00:00, run_after=2023-10-29T00:00:00+00:00
[2023-10-29T01:17:15.646+0000] {logging_mixin.py:151} INFO - [2023-10-29T01:17:15.646+0000] {dag.py:3722} INFO - Setting next_dagrun for example_branch_datetime_operator_3 to 2023-10-28T00:00:00+00:00, run_after=2023-10-29T00:00:00+00:00
[2023-10-29T01:17:15.666+0000] {processor.py:179} INFO - Processing /usr/local/lib/python3.10/dist-packages/airflow/example_dags/example_branch_datetime_operator.py took 0.086 seconds
[2023-10-29T01:18:01.108+0000] {processor.py:157} INFO - Started process (PID=5052) to work on /usr/local/lib/python3.10/dist-packages/airflow/example_dags/example_branch_datetime_operator.py
[2023-10-29T01:18:01.110+0000] {processor.py:829} INFO - Processing file /usr/local/lib/python3.10/dist-packages/airflow/example_dags/example_branch_datetime_operator.py for tasks to queue
[2023-10-29T01:18:01.111+0000] {logging_mixin.py:151} INFO - [2023-10-29T01:18:01.110+0000] {dagbag.py:536} INFO - Filling up the DagBag from /usr/local/lib/python3.10/dist-packages/airflow/example_dags/example_branch_datetime_operator.py
[2023-10-29T01:18:01.121+0000] {processor.py:839} INFO - DAG(s) dict_keys(['example_branch_datetime_operator_2', 'example_branch_datetime_operator_3', 'example_branch_datetime_operator']) retrieved from /usr/local/lib/python3.10/dist-packages/airflow/example_dags/example_branch_datetime_operator.py
[2023-10-29T01:18:01.145+0000] {logging_mixin.py:151} INFO - [2023-10-29T01:18:01.144+0000] {dag.py:2941} INFO - Sync 3 DAGs
[2023-10-29T01:18:01.166+0000] {logging_mixin.py:151} INFO - [2023-10-29T01:18:01.166+0000] {dag.py:3722} INFO - Setting next_dagrun for example_branch_datetime_operator to 2023-10-28T00:00:00+00:00, run_after=2023-10-29T00:00:00+00:00
[2023-10-29T01:18:01.171+0000] {logging_mixin.py:151} INFO - [2023-10-29T01:18:01.171+0000] {dag.py:3722} INFO - Setting next_dagrun for example_branch_datetime_operator_2 to 2023-10-28T00:00:00+00:00, run_after=2023-10-29T00:00:00+00:00
[2023-10-29T01:18:01.173+0000] {logging_mixin.py:151} INFO - [2023-10-29T01:18:01.173+0000] {dag.py:3722} INFO - Setting next_dagrun for example_branch_datetime_operator_3 to 2023-10-28T00:00:00+00:00, run_after=2023-10-29T00:00:00+00:00
[2023-10-29T01:18:01.193+0000] {processor.py:179} INFO - Processing /usr/local/lib/python3.10/dist-packages/airflow/example_dags/example_branch_datetime_operator.py took 0.088 seconds
[2023-10-29T01:18:47.939+0000] {processor.py:157} INFO - Started process (PID=5100) to work on /usr/local/lib/python3.10/dist-packages/airflow/example_dags/example_branch_datetime_operator.py
[2023-10-29T01:18:47.940+0000] {processor.py:829} INFO - Processing file /usr/local/lib/python3.10/dist-packages/airflow/example_dags/example_branch_datetime_operator.py for tasks to queue
[2023-10-29T01:18:47.941+0000] {logging_mixin.py:151} INFO - [2023-10-29T01:18:47.940+0000] {dagbag.py:536} INFO - Filling up the DagBag from /usr/local/lib/python3.10/dist-packages/airflow/example_dags/example_branch_datetime_operator.py
[2023-10-29T01:18:47.951+0000] {processor.py:839} INFO - DAG(s) dict_keys(['example_branch_datetime_operator_2', 'example_branch_datetime_operator', 'example_branch_datetime_operator_3']) retrieved from /usr/local/lib/python3.10/dist-packages/airflow/example_dags/example_branch_datetime_operator.py
[2023-10-29T01:18:47.975+0000] {logging_mixin.py:151} INFO - [2023-10-29T01:18:47.974+0000] {dag.py:2941} INFO - Sync 3 DAGs
[2023-10-29T01:18:47.997+0000] {logging_mixin.py:151} INFO - [2023-10-29T01:18:47.996+0000] {dag.py:3722} INFO - Setting next_dagrun for example_branch_datetime_operator to 2023-10-28T00:00:00+00:00, run_after=2023-10-29T00:00:00+00:00
[2023-10-29T01:18:48.001+0000] {logging_mixin.py:151} INFO - [2023-10-29T01:18:48.001+0000] {dag.py:3722} INFO - Setting next_dagrun for example_branch_datetime_operator_2 to 2023-10-28T00:00:00+00:00, run_after=2023-10-29T00:00:00+00:00
[2023-10-29T01:18:48.004+0000] {logging_mixin.py:151} INFO - [2023-10-29T01:18:48.004+0000] {dag.py:3722} INFO - Setting next_dagrun for example_branch_datetime_operator_3 to 2023-10-28T00:00:00+00:00, run_after=2023-10-29T00:00:00+00:00
[2023-10-29T01:18:48.024+0000] {processor.py:179} INFO - Processing /usr/local/lib/python3.10/dist-packages/airflow/example_dags/example_branch_datetime_operator.py took 0.089 seconds
[2023-10-29T01:19:35.921+0000] {processor.py:157} INFO - Started process (PID=5148) to work on /usr/local/lib/python3.10/dist-packages/airflow/example_dags/example_branch_datetime_operator.py
[2023-10-29T01:19:35.922+0000] {processor.py:829} INFO - Processing file /usr/local/lib/python3.10/dist-packages/airflow/example_dags/example_branch_datetime_operator.py for tasks to queue
[2023-10-29T01:19:35.923+0000] {logging_mixin.py:151} INFO - [2023-10-29T01:19:35.923+0000] {dagbag.py:536} INFO - Filling up the DagBag from /usr/local/lib/python3.10/dist-packages/airflow/example_dags/example_branch_datetime_operator.py
[2023-10-29T01:19:35.933+0000] {processor.py:839} INFO - DAG(s) dict_keys(['example_branch_datetime_operator_3', 'example_branch_datetime_operator', 'example_branch_datetime_operator_2']) retrieved from /usr/local/lib/python3.10/dist-packages/airflow/example_dags/example_branch_datetime_operator.py
[2023-10-29T01:19:35.956+0000] {logging_mixin.py:151} INFO - [2023-10-29T01:19:35.956+0000] {dag.py:2941} INFO - Sync 3 DAGs
[2023-10-29T01:19:35.977+0000] {logging_mixin.py:151} INFO - [2023-10-29T01:19:35.977+0000] {dag.py:3722} INFO - Setting next_dagrun for example_branch_datetime_operator to 2023-10-28T00:00:00+00:00, run_after=2023-10-29T00:00:00+00:00
[2023-10-29T01:19:35.982+0000] {logging_mixin.py:151} INFO - [2023-10-29T01:19:35.982+0000] {dag.py:3722} INFO - Setting next_dagrun for example_branch_datetime_operator_2 to 2023-10-28T00:00:00+00:00, run_after=2023-10-29T00:00:00+00:00
[2023-10-29T01:19:35.984+0000] {logging_mixin.py:151} INFO - [2023-10-29T01:19:35.984+0000] {dag.py:3722} INFO - Setting next_dagrun for example_branch_datetime_operator_3 to 2023-10-28T00:00:00+00:00, run_after=2023-10-29T00:00:00+00:00
[2023-10-29T01:19:36.009+0000] {processor.py:179} INFO - Processing /usr/local/lib/python3.10/dist-packages/airflow/example_dags/example_branch_datetime_operator.py took 0.091 seconds
[2023-10-29T01:20:23.224+0000] {processor.py:157} INFO - Started process (PID=5197) to work on /usr/local/lib/python3.10/dist-packages/airflow/example_dags/example_branch_datetime_operator.py
[2023-10-29T01:20:23.225+0000] {processor.py:829} INFO - Processing file /usr/local/lib/python3.10/dist-packages/airflow/example_dags/example_branch_datetime_operator.py for tasks to queue
[2023-10-29T01:20:23.226+0000] {logging_mixin.py:151} INFO - [2023-10-29T01:20:23.225+0000] {dagbag.py:536} INFO - Filling up the DagBag from /usr/local/lib/python3.10/dist-packages/airflow/example_dags/example_branch_datetime_operator.py
[2023-10-29T01:20:23.237+0000] {processor.py:839} INFO - DAG(s) dict_keys(['example_branch_datetime_operator', 'example_branch_datetime_operator_2', 'example_branch_datetime_operator_3']) retrieved from /usr/local/lib/python3.10/dist-packages/airflow/example_dags/example_branch_datetime_operator.py
[2023-10-29T01:20:23.260+0000] {logging_mixin.py:151} INFO - [2023-10-29T01:20:23.260+0000] {dag.py:2941} INFO - Sync 3 DAGs
[2023-10-29T01:20:23.283+0000] {logging_mixin.py:151} INFO - [2023-10-29T01:20:23.283+0000] {dag.py:3722} INFO - Setting next_dagrun for example_branch_datetime_operator to 2023-10-28T00:00:00+00:00, run_after=2023-10-29T00:00:00+00:00
[2023-10-29T01:20:23.288+0000] {logging_mixin.py:151} INFO - [2023-10-29T01:20:23.288+0000] {dag.py:3722} INFO - Setting next_dagrun for example_branch_datetime_operator_2 to 2023-10-28T00:00:00+00:00, run_after=2023-10-29T00:00:00+00:00
[2023-10-29T01:20:23.290+0000] {logging_mixin.py:151} INFO - [2023-10-29T01:20:23.290+0000] {dag.py:3722} INFO - Setting next_dagrun for example_branch_datetime_operator_3 to 2023-10-28T00:00:00+00:00, run_after=2023-10-29T00:00:00+00:00
[2023-10-29T01:20:23.311+0000] {processor.py:179} INFO - Processing /usr/local/lib/python3.10/dist-packages/airflow/example_dags/example_branch_datetime_operator.py took 0.091 seconds
[2023-10-29T01:21:08.231+0000] {processor.py:157} INFO - Started process (PID=5244) to work on /usr/local/lib/python3.10/dist-packages/airflow/example_dags/example_branch_datetime_operator.py
[2023-10-29T01:21:08.232+0000] {processor.py:829} INFO - Processing file /usr/local/lib/python3.10/dist-packages/airflow/example_dags/example_branch_datetime_operator.py for tasks to queue
[2023-10-29T01:21:08.233+0000] {logging_mixin.py:151} INFO - [2023-10-29T01:21:08.232+0000] {dagbag.py:536} INFO - Filling up the DagBag from /usr/local/lib/python3.10/dist-packages/airflow/example_dags/example_branch_datetime_operator.py
[2023-10-29T01:21:08.243+0000] {processor.py:839} INFO - DAG(s) dict_keys(['example_branch_datetime_operator', 'example_branch_datetime_operator_2', 'example_branch_datetime_operator_3']) retrieved from /usr/local/lib/python3.10/dist-packages/airflow/example_dags/example_branch_datetime_operator.py
[2023-10-29T01:21:08.267+0000] {logging_mixin.py:151} INFO - [2023-10-29T01:21:08.267+0000] {dag.py:2941} INFO - Sync 3 DAGs
[2023-10-29T01:21:08.289+0000] {logging_mixin.py:151} INFO - [2023-10-29T01:21:08.289+0000] {dag.py:3722} INFO - Setting next_dagrun for example_branch_datetime_operator to 2023-10-28T00:00:00+00:00, run_after=2023-10-29T00:00:00+00:00
[2023-10-29T01:21:08.294+0000] {logging_mixin.py:151} INFO - [2023-10-29T01:21:08.294+0000] {dag.py:3722} INFO - Setting next_dagrun for example_branch_datetime_operator_2 to 2023-10-28T00:00:00+00:00, run_after=2023-10-29T00:00:00+00:00
[2023-10-29T01:21:08.297+0000] {logging_mixin.py:151} INFO - [2023-10-29T01:21:08.296+0000] {dag.py:3722} INFO - Setting next_dagrun for example_branch_datetime_operator_3 to 2023-10-28T00:00:00+00:00, run_after=2023-10-29T00:00:00+00:00
[2023-10-29T01:21:08.319+0000] {processor.py:179} INFO - Processing /usr/local/lib/python3.10/dist-packages/airflow/example_dags/example_branch_datetime_operator.py took 0.091 seconds
[2023-10-29T01:21:55.778+0000] {processor.py:157} INFO - Started process (PID=5292) to work on /usr/local/lib/python3.10/dist-packages/airflow/example_dags/example_branch_datetime_operator.py
[2023-10-29T01:21:55.779+0000] {processor.py:829} INFO - Processing file /usr/local/lib/python3.10/dist-packages/airflow/example_dags/example_branch_datetime_operator.py for tasks to queue
[2023-10-29T01:21:55.780+0000] {logging_mixin.py:151} INFO - [2023-10-29T01:21:55.780+0000] {dagbag.py:536} INFO - Filling up the DagBag from /usr/local/lib/python3.10/dist-packages/airflow/example_dags/example_branch_datetime_operator.py
[2023-10-29T01:21:55.791+0000] {processor.py:839} INFO - DAG(s) dict_keys(['example_branch_datetime_operator_3', 'example_branch_datetime_operator_2', 'example_branch_datetime_operator']) retrieved from /usr/local/lib/python3.10/dist-packages/airflow/example_dags/example_branch_datetime_operator.py
[2023-10-29T01:21:55.814+0000] {logging_mixin.py:151} INFO - [2023-10-29T01:21:55.814+0000] {dag.py:2941} INFO - Sync 3 DAGs
[2023-10-29T01:21:55.838+0000] {logging_mixin.py:151} INFO - [2023-10-29T01:21:55.837+0000] {dag.py:3722} INFO - Setting next_dagrun for example_branch_datetime_operator to 2023-10-28T00:00:00+00:00, run_after=2023-10-29T00:00:00+00:00
[2023-10-29T01:21:55.842+0000] {logging_mixin.py:151} INFO - [2023-10-29T01:21:55.842+0000] {dag.py:3722} INFO - Setting next_dagrun for example_branch_datetime_operator_2 to 2023-10-28T00:00:00+00:00, run_after=2023-10-29T00:00:00+00:00
[2023-10-29T01:21:55.845+0000] {logging_mixin.py:151} INFO - [2023-10-29T01:21:55.845+0000] {dag.py:3722} INFO - Setting next_dagrun for example_branch_datetime_operator_3 to 2023-10-28T00:00:00+00:00, run_after=2023-10-29T00:00:00+00:00
[2023-10-29T01:21:55.867+0000] {processor.py:179} INFO - Processing /usr/local/lib/python3.10/dist-packages/airflow/example_dags/example_branch_datetime_operator.py took 0.092 seconds
[2023-10-29T01:22:45.180+0000] {processor.py:157} INFO - Started process (PID=5343) to work on /usr/local/lib/python3.10/dist-packages/airflow/example_dags/example_branch_datetime_operator.py
[2023-10-29T01:22:45.182+0000] {processor.py:829} INFO - Processing file /usr/local/lib/python3.10/dist-packages/airflow/example_dags/example_branch_datetime_operator.py for tasks to queue
[2023-10-29T01:22:45.183+0000] {logging_mixin.py:151} INFO - [2023-10-29T01:22:45.182+0000] {dagbag.py:536} INFO - Filling up the DagBag from /usr/local/lib/python3.10/dist-packages/airflow/example_dags/example_branch_datetime_operator.py
[2023-10-29T01:22:45.193+0000] {processor.py:839} INFO - DAG(s) dict_keys(['example_branch_datetime_operator', 'example_branch_datetime_operator_2', 'example_branch_datetime_operator_3']) retrieved from /usr/local/lib/python3.10/dist-packages/airflow/example_dags/example_branch_datetime_operator.py
[2023-10-29T01:22:45.216+0000] {logging_mixin.py:151} INFO - [2023-10-29T01:22:45.216+0000] {dag.py:2941} INFO - Sync 3 DAGs
[2023-10-29T01:22:45.238+0000] {logging_mixin.py:151} INFO - [2023-10-29T01:22:45.238+0000] {dag.py:3722} INFO - Setting next_dagrun for example_branch_datetime_operator to 2023-10-28T00:00:00+00:00, run_after=2023-10-29T00:00:00+00:00
[2023-10-29T01:22:45.242+0000] {logging_mixin.py:151} INFO - [2023-10-29T01:22:45.242+0000] {dag.py:3722} INFO - Setting next_dagrun for example_branch_datetime_operator_2 to 2023-10-28T00:00:00+00:00, run_after=2023-10-29T00:00:00+00:00
[2023-10-29T01:22:45.245+0000] {logging_mixin.py:151} INFO - [2023-10-29T01:22:45.245+0000] {dag.py:3722} INFO - Setting next_dagrun for example_branch_datetime_operator_3 to 2023-10-28T00:00:00+00:00, run_after=2023-10-29T00:00:00+00:00
[2023-10-29T01:22:45.265+0000] {processor.py:179} INFO - Processing /usr/local/lib/python3.10/dist-packages/airflow/example_dags/example_branch_datetime_operator.py took 0.088 seconds
[2023-10-29T01:23:31.945+0000] {processor.py:157} INFO - Started process (PID=5391) to work on /usr/local/lib/python3.10/dist-packages/airflow/example_dags/example_branch_datetime_operator.py
[2023-10-29T01:23:31.947+0000] {processor.py:829} INFO - Processing file /usr/local/lib/python3.10/dist-packages/airflow/example_dags/example_branch_datetime_operator.py for tasks to queue
[2023-10-29T01:23:31.948+0000] {logging_mixin.py:151} INFO - [2023-10-29T01:23:31.948+0000] {dagbag.py:536} INFO - Filling up the DagBag from /usr/local/lib/python3.10/dist-packages/airflow/example_dags/example_branch_datetime_operator.py
[2023-10-29T01:23:31.958+0000] {processor.py:839} INFO - DAG(s) dict_keys(['example_branch_datetime_operator', 'example_branch_datetime_operator_2', 'example_branch_datetime_operator_3']) retrieved from /usr/local/lib/python3.10/dist-packages/airflow/example_dags/example_branch_datetime_operator.py
[2023-10-29T01:23:31.981+0000] {logging_mixin.py:151} INFO - [2023-10-29T01:23:31.981+0000] {dag.py:2941} INFO - Sync 3 DAGs
[2023-10-29T01:23:32.003+0000] {logging_mixin.py:151} INFO - [2023-10-29T01:23:32.003+0000] {dag.py:3722} INFO - Setting next_dagrun for example_branch_datetime_operator to 2023-10-28T00:00:00+00:00, run_after=2023-10-29T00:00:00+00:00
[2023-10-29T01:23:32.008+0000] {logging_mixin.py:151} INFO - [2023-10-29T01:23:32.008+0000] {dag.py:3722} INFO - Setting next_dagrun for example_branch_datetime_operator_2 to 2023-10-28T00:00:00+00:00, run_after=2023-10-29T00:00:00+00:00
[2023-10-29T01:23:32.010+0000] {logging_mixin.py:151} INFO - [2023-10-29T01:23:32.010+0000] {dag.py:3722} INFO - Setting next_dagrun for example_branch_datetime_operator_3 to 2023-10-28T00:00:00+00:00, run_after=2023-10-29T00:00:00+00:00
[2023-10-29T01:23:32.035+0000] {processor.py:179} INFO - Processing /usr/local/lib/python3.10/dist-packages/airflow/example_dags/example_branch_datetime_operator.py took 0.093 seconds
[2023-10-29T01:24:23.435+0000] {processor.py:157} INFO - Started process (PID=5443) to work on /usr/local/lib/python3.10/dist-packages/airflow/example_dags/example_branch_datetime_operator.py
[2023-10-29T01:24:23.436+0000] {processor.py:829} INFO - Processing file /usr/local/lib/python3.10/dist-packages/airflow/example_dags/example_branch_datetime_operator.py for tasks to queue
[2023-10-29T01:24:23.437+0000] {logging_mixin.py:151} INFO - [2023-10-29T01:24:23.437+0000] {dagbag.py:536} INFO - Filling up the DagBag from /usr/local/lib/python3.10/dist-packages/airflow/example_dags/example_branch_datetime_operator.py
[2023-10-29T01:24:23.448+0000] {processor.py:839} INFO - DAG(s) dict_keys(['example_branch_datetime_operator_3', 'example_branch_datetime_operator_2', 'example_branch_datetime_operator']) retrieved from /usr/local/lib/python3.10/dist-packages/airflow/example_dags/example_branch_datetime_operator.py
[2023-10-29T01:24:23.471+0000] {logging_mixin.py:151} INFO - [2023-10-29T01:24:23.471+0000] {dag.py:2941} INFO - Sync 3 DAGs
[2023-10-29T01:24:23.493+0000] {logging_mixin.py:151} INFO - [2023-10-29T01:24:23.493+0000] {dag.py:3722} INFO - Setting next_dagrun for example_branch_datetime_operator to 2023-10-28T00:00:00+00:00, run_after=2023-10-29T00:00:00+00:00
[2023-10-29T01:24:23.498+0000] {logging_mixin.py:151} INFO - [2023-10-29T01:24:23.498+0000] {dag.py:3722} INFO - Setting next_dagrun for example_branch_datetime_operator_2 to 2023-10-28T00:00:00+00:00, run_after=2023-10-29T00:00:00+00:00
[2023-10-29T01:24:23.500+0000] {logging_mixin.py:151} INFO - [2023-10-29T01:24:23.500+0000] {dag.py:3722} INFO - Setting next_dagrun for example_branch_datetime_operator_3 to 2023-10-28T00:00:00+00:00, run_after=2023-10-29T00:00:00+00:00
[2023-10-29T01:24:23.520+0000] {processor.py:179} INFO - Processing /usr/local/lib/python3.10/dist-packages/airflow/example_dags/example_branch_datetime_operator.py took 0.088 seconds
[2023-10-29T01:25:12.059+0000] {processor.py:157} INFO - Started process (PID=5493) to work on /usr/local/lib/python3.10/dist-packages/airflow/example_dags/example_branch_datetime_operator.py
[2023-10-29T01:25:12.060+0000] {processor.py:829} INFO - Processing file /usr/local/lib/python3.10/dist-packages/airflow/example_dags/example_branch_datetime_operator.py for tasks to queue
[2023-10-29T01:25:12.061+0000] {logging_mixin.py:151} INFO - [2023-10-29T01:25:12.060+0000] {dagbag.py:536} INFO - Filling up the DagBag from /usr/local/lib/python3.10/dist-packages/airflow/example_dags/example_branch_datetime_operator.py
[2023-10-29T01:25:12.071+0000] {processor.py:839} INFO - DAG(s) dict_keys(['example_branch_datetime_operator', 'example_branch_datetime_operator_2', 'example_branch_datetime_operator_3']) retrieved from /usr/local/lib/python3.10/dist-packages/airflow/example_dags/example_branch_datetime_operator.py
[2023-10-29T01:25:12.095+0000] {logging_mixin.py:151} INFO - [2023-10-29T01:25:12.094+0000] {dag.py:2941} INFO - Sync 3 DAGs
[2023-10-29T01:25:12.116+0000] {logging_mixin.py:151} INFO - [2023-10-29T01:25:12.116+0000] {dag.py:3722} INFO - Setting next_dagrun for example_branch_datetime_operator to 2023-10-28T00:00:00+00:00, run_after=2023-10-29T00:00:00+00:00
[2023-10-29T01:25:12.121+0000] {logging_mixin.py:151} INFO - [2023-10-29T01:25:12.121+0000] {dag.py:3722} INFO - Setting next_dagrun for example_branch_datetime_operator_2 to 2023-10-28T00:00:00+00:00, run_after=2023-10-29T00:00:00+00:00
[2023-10-29T01:25:12.123+0000] {logging_mixin.py:151} INFO - [2023-10-29T01:25:12.123+0000] {dag.py:3722} INFO - Setting next_dagrun for example_branch_datetime_operator_3 to 2023-10-28T00:00:00+00:00, run_after=2023-10-29T00:00:00+00:00
[2023-10-29T01:25:12.144+0000] {processor.py:179} INFO - Processing /usr/local/lib/python3.10/dist-packages/airflow/example_dags/example_branch_datetime_operator.py took 0.088 seconds
