[2023-10-29T01:01:22.809+0000] {processor.py:157} INFO - Started process (PID=3634) to work on /usr/local/lib/python3.10/dist-packages/airflow/example_dags/example_latest_only_with_trigger.py
[2023-10-29T01:01:22.810+0000] {processor.py:829} INFO - Processing file /usr/local/lib/python3.10/dist-packages/airflow/example_dags/example_latest_only_with_trigger.py for tasks to queue
[2023-10-29T01:01:22.811+0000] {logging_mixin.py:151} INFO - [2023-10-29T01:01:22.810+0000] {dagbag.py:536} INFO - Filling up the DagBag from /usr/local/lib/python3.10/dist-packages/airflow/example_dags/example_latest_only_with_trigger.py
[2023-10-29T01:01:22.819+0000] {processor.py:839} INFO - DAG(s) dict_keys(['latest_only_with_trigger']) retrieved from /usr/local/lib/python3.10/dist-packages/airflow/example_dags/example_latest_only_with_trigger.py
[2023-10-29T01:01:23.027+0000] {logging_mixin.py:151} INFO - [2023-10-29T01:01:23.027+0000] {manager.py:499} INFO - Created Permission View: %s
[2023-10-29T01:01:23.040+0000] {logging_mixin.py:151} INFO - [2023-10-29T01:01:23.040+0000] {manager.py:499} INFO - Created Permission View: %s
[2023-10-29T01:01:23.049+0000] {logging_mixin.py:151} INFO - [2023-10-29T01:01:23.049+0000] {manager.py:499} INFO - Created Permission View: %s
[2023-10-29T01:01:23.050+0000] {logging_mixin.py:151} INFO - [2023-10-29T01:01:23.050+0000] {dag.py:2941} INFO - Sync 1 DAGs
[2023-10-29T01:01:23.060+0000] {logging_mixin.py:151} INFO - [2023-10-29T01:01:23.060+0000] {dag.py:2963} INFO - Creating ORM DAG for latest_only_with_trigger
[2023-10-29T01:01:23.068+0000] {logging_mixin.py:151} INFO - [2023-10-29T01:01:23.068+0000] {dag.py:3722} INFO - Setting next_dagrun for latest_only_with_trigger to 2023-10-28T21:01:23.068181+00:00, run_after=2023-10-29T01:01:23.068181+00:00
[2023-10-29T01:01:23.089+0000] {processor.py:179} INFO - Processing /usr/local/lib/python3.10/dist-packages/airflow/example_dags/example_latest_only_with_trigger.py took 0.283 seconds
[2023-10-29T01:02:11.858+0000] {processor.py:157} INFO - Started process (PID=3682) to work on /usr/local/lib/python3.10/dist-packages/airflow/example_dags/example_latest_only_with_trigger.py
[2023-10-29T01:02:11.860+0000] {processor.py:829} INFO - Processing file /usr/local/lib/python3.10/dist-packages/airflow/example_dags/example_latest_only_with_trigger.py for tasks to queue
[2023-10-29T01:02:11.860+0000] {logging_mixin.py:151} INFO - [2023-10-29T01:02:11.860+0000] {dagbag.py:536} INFO - Filling up the DagBag from /usr/local/lib/python3.10/dist-packages/airflow/example_dags/example_latest_only_with_trigger.py
[2023-10-29T01:02:11.867+0000] {processor.py:839} INFO - DAG(s) dict_keys(['latest_only_with_trigger']) retrieved from /usr/local/lib/python3.10/dist-packages/airflow/example_dags/example_latest_only_with_trigger.py
[2023-10-29T01:02:11.884+0000] {logging_mixin.py:151} INFO - [2023-10-29T01:02:11.884+0000] {dag.py:2941} INFO - Sync 1 DAGs
[2023-10-29T01:02:11.904+0000] {logging_mixin.py:151} INFO - [2023-10-29T01:02:11.903+0000] {dag.py:3722} INFO - Setting next_dagrun for latest_only_with_trigger to 2023-10-28T21:02:11.903751+00:00, run_after=2023-10-29T01:02:11.903751+00:00
[2023-10-29T01:02:11.925+0000] {processor.py:179} INFO - Processing /usr/local/lib/python3.10/dist-packages/airflow/example_dags/example_latest_only_with_trigger.py took 0.070 seconds
[2023-10-29T01:02:54.966+0000] {processor.py:157} INFO - Started process (PID=3728) to work on /usr/local/lib/python3.10/dist-packages/airflow/example_dags/example_latest_only_with_trigger.py
[2023-10-29T01:02:54.967+0000] {processor.py:829} INFO - Processing file /usr/local/lib/python3.10/dist-packages/airflow/example_dags/example_latest_only_with_trigger.py for tasks to queue
[2023-10-29T01:02:54.968+0000] {logging_mixin.py:151} INFO - [2023-10-29T01:02:54.967+0000] {dagbag.py:536} INFO - Filling up the DagBag from /usr/local/lib/python3.10/dist-packages/airflow/example_dags/example_latest_only_with_trigger.py
[2023-10-29T01:02:54.974+0000] {processor.py:839} INFO - DAG(s) dict_keys(['latest_only_with_trigger']) retrieved from /usr/local/lib/python3.10/dist-packages/airflow/example_dags/example_latest_only_with_trigger.py
[2023-10-29T01:02:54.991+0000] {logging_mixin.py:151} INFO - [2023-10-29T01:02:54.991+0000] {dag.py:2941} INFO - Sync 1 DAGs
[2023-10-29T01:02:55.011+0000] {logging_mixin.py:151} INFO - [2023-10-29T01:02:55.011+0000] {dag.py:3722} INFO - Setting next_dagrun for latest_only_with_trigger to 2023-10-28T21:02:55.011323+00:00, run_after=2023-10-29T01:02:55.011323+00:00
[2023-10-29T01:02:55.033+0000] {processor.py:179} INFO - Processing /usr/local/lib/python3.10/dist-packages/airflow/example_dags/example_latest_only_with_trigger.py took 0.071 seconds
[2023-10-29T01:03:40.399+0000] {processor.py:157} INFO - Started process (PID=3775) to work on /usr/local/lib/python3.10/dist-packages/airflow/example_dags/example_latest_only_with_trigger.py
[2023-10-29T01:03:40.401+0000] {processor.py:829} INFO - Processing file /usr/local/lib/python3.10/dist-packages/airflow/example_dags/example_latest_only_with_trigger.py for tasks to queue
[2023-10-29T01:03:40.401+0000] {logging_mixin.py:151} INFO - [2023-10-29T01:03:40.401+0000] {dagbag.py:536} INFO - Filling up the DagBag from /usr/local/lib/python3.10/dist-packages/airflow/example_dags/example_latest_only_with_trigger.py
[2023-10-29T01:03:40.408+0000] {processor.py:839} INFO - DAG(s) dict_keys(['latest_only_with_trigger']) retrieved from /usr/local/lib/python3.10/dist-packages/airflow/example_dags/example_latest_only_with_trigger.py
[2023-10-29T01:03:40.425+0000] {logging_mixin.py:151} INFO - [2023-10-29T01:03:40.425+0000] {dag.py:2941} INFO - Sync 1 DAGs
[2023-10-29T01:03:40.444+0000] {logging_mixin.py:151} INFO - [2023-10-29T01:03:40.444+0000] {dag.py:3722} INFO - Setting next_dagrun for latest_only_with_trigger to 2023-10-28T21:03:40.444449+00:00, run_after=2023-10-29T01:03:40.444449+00:00
[2023-10-29T01:03:40.466+0000] {processor.py:179} INFO - Processing /usr/local/lib/python3.10/dist-packages/airflow/example_dags/example_latest_only_with_trigger.py took 0.070 seconds
[2023-10-29T01:04:23.847+0000] {processor.py:157} INFO - Started process (PID=3821) to work on /usr/local/lib/python3.10/dist-packages/airflow/example_dags/example_latest_only_with_trigger.py
[2023-10-29T01:04:23.848+0000] {processor.py:829} INFO - Processing file /usr/local/lib/python3.10/dist-packages/airflow/example_dags/example_latest_only_with_trigger.py for tasks to queue
[2023-10-29T01:04:23.849+0000] {logging_mixin.py:151} INFO - [2023-10-29T01:04:23.848+0000] {dagbag.py:536} INFO - Filling up the DagBag from /usr/local/lib/python3.10/dist-packages/airflow/example_dags/example_latest_only_with_trigger.py
[2023-10-29T01:04:23.856+0000] {processor.py:839} INFO - DAG(s) dict_keys(['latest_only_with_trigger']) retrieved from /usr/local/lib/python3.10/dist-packages/airflow/example_dags/example_latest_only_with_trigger.py
[2023-10-29T01:04:23.873+0000] {logging_mixin.py:151} INFO - [2023-10-29T01:04:23.873+0000] {dag.py:2941} INFO - Sync 1 DAGs
[2023-10-29T01:04:23.893+0000] {logging_mixin.py:151} INFO - [2023-10-29T01:04:23.893+0000] {dag.py:3722} INFO - Setting next_dagrun for latest_only_with_trigger to 2023-10-28T21:04:23.893205+00:00, run_after=2023-10-29T01:04:23.893205+00:00
[2023-10-29T01:04:23.916+0000] {processor.py:179} INFO - Processing /usr/local/lib/python3.10/dist-packages/airflow/example_dags/example_latest_only_with_trigger.py took 0.072 seconds
[2023-10-29T01:05:05.185+0000] {processor.py:157} INFO - Started process (PID=3864) to work on /usr/local/lib/python3.10/dist-packages/airflow/example_dags/example_latest_only_with_trigger.py
[2023-10-29T01:05:05.186+0000] {processor.py:829} INFO - Processing file /usr/local/lib/python3.10/dist-packages/airflow/example_dags/example_latest_only_with_trigger.py for tasks to queue
[2023-10-29T01:05:05.187+0000] {logging_mixin.py:151} INFO - [2023-10-29T01:05:05.187+0000] {dagbag.py:536} INFO - Filling up the DagBag from /usr/local/lib/python3.10/dist-packages/airflow/example_dags/example_latest_only_with_trigger.py
[2023-10-29T01:05:05.194+0000] {processor.py:839} INFO - DAG(s) dict_keys(['latest_only_with_trigger']) retrieved from /usr/local/lib/python3.10/dist-packages/airflow/example_dags/example_latest_only_with_trigger.py
[2023-10-29T01:05:05.211+0000] {logging_mixin.py:151} INFO - [2023-10-29T01:05:05.211+0000] {dag.py:2941} INFO - Sync 1 DAGs
[2023-10-29T01:05:05.232+0000] {logging_mixin.py:151} INFO - [2023-10-29T01:05:05.232+0000] {dag.py:3722} INFO - Setting next_dagrun for latest_only_with_trigger to 2023-10-28T21:05:05.232034+00:00, run_after=2023-10-29T01:05:05.232034+00:00
[2023-10-29T01:05:05.255+0000] {processor.py:179} INFO - Processing /usr/local/lib/python3.10/dist-packages/airflow/example_dags/example_latest_only_with_trigger.py took 0.073 seconds
[2023-10-29T01:05:52.796+0000] {processor.py:157} INFO - Started process (PID=3914) to work on /usr/local/lib/python3.10/dist-packages/airflow/example_dags/example_latest_only_with_trigger.py
[2023-10-29T01:05:52.797+0000] {processor.py:829} INFO - Processing file /usr/local/lib/python3.10/dist-packages/airflow/example_dags/example_latest_only_with_trigger.py for tasks to queue
[2023-10-29T01:05:52.798+0000] {logging_mixin.py:151} INFO - [2023-10-29T01:05:52.798+0000] {dagbag.py:536} INFO - Filling up the DagBag from /usr/local/lib/python3.10/dist-packages/airflow/example_dags/example_latest_only_with_trigger.py
[2023-10-29T01:05:52.805+0000] {processor.py:839} INFO - DAG(s) dict_keys(['latest_only_with_trigger']) retrieved from /usr/local/lib/python3.10/dist-packages/airflow/example_dags/example_latest_only_with_trigger.py
[2023-10-29T01:05:52.822+0000] {logging_mixin.py:151} INFO - [2023-10-29T01:05:52.821+0000] {dag.py:2941} INFO - Sync 1 DAGs
[2023-10-29T01:05:52.841+0000] {logging_mixin.py:151} INFO - [2023-10-29T01:05:52.841+0000] {dag.py:3722} INFO - Setting next_dagrun for latest_only_with_trigger to 2023-10-28T21:05:52.841556+00:00, run_after=2023-10-29T01:05:52.841556+00:00
[2023-10-29T01:05:52.864+0000] {processor.py:179} INFO - Processing /usr/local/lib/python3.10/dist-packages/airflow/example_dags/example_latest_only_with_trigger.py took 0.071 seconds
[2023-10-29T01:06:40.656+0000] {processor.py:157} INFO - Started process (PID=3964) to work on /usr/local/lib/python3.10/dist-packages/airflow/example_dags/example_latest_only_with_trigger.py
[2023-10-29T01:06:40.657+0000] {processor.py:829} INFO - Processing file /usr/local/lib/python3.10/dist-packages/airflow/example_dags/example_latest_only_with_trigger.py for tasks to queue
[2023-10-29T01:06:40.658+0000] {logging_mixin.py:151} INFO - [2023-10-29T01:06:40.657+0000] {dagbag.py:536} INFO - Filling up the DagBag from /usr/local/lib/python3.10/dist-packages/airflow/example_dags/example_latest_only_with_trigger.py
[2023-10-29T01:06:40.665+0000] {processor.py:839} INFO - DAG(s) dict_keys(['latest_only_with_trigger']) retrieved from /usr/local/lib/python3.10/dist-packages/airflow/example_dags/example_latest_only_with_trigger.py
[2023-10-29T01:06:40.681+0000] {logging_mixin.py:151} INFO - [2023-10-29T01:06:40.681+0000] {dag.py:2941} INFO - Sync 1 DAGs
[2023-10-29T01:06:40.701+0000] {logging_mixin.py:151} INFO - [2023-10-29T01:06:40.701+0000] {dag.py:3722} INFO - Setting next_dagrun for latest_only_with_trigger to 2023-10-28T21:06:40.701029+00:00, run_after=2023-10-29T01:06:40.701029+00:00
[2023-10-29T01:06:40.722+0000] {processor.py:179} INFO - Processing /usr/local/lib/python3.10/dist-packages/airflow/example_dags/example_latest_only_with_trigger.py took 0.070 seconds
[2023-10-29T01:07:21.294+0000] {processor.py:157} INFO - Started process (PID=4009) to work on /usr/local/lib/python3.10/dist-packages/airflow/example_dags/example_latest_only_with_trigger.py
[2023-10-29T01:07:21.295+0000] {processor.py:829} INFO - Processing file /usr/local/lib/python3.10/dist-packages/airflow/example_dags/example_latest_only_with_trigger.py for tasks to queue
[2023-10-29T01:07:21.296+0000] {logging_mixin.py:151} INFO - [2023-10-29T01:07:21.295+0000] {dagbag.py:536} INFO - Filling up the DagBag from /usr/local/lib/python3.10/dist-packages/airflow/example_dags/example_latest_only_with_trigger.py
[2023-10-29T01:07:21.303+0000] {processor.py:839} INFO - DAG(s) dict_keys(['latest_only_with_trigger']) retrieved from /usr/local/lib/python3.10/dist-packages/airflow/example_dags/example_latest_only_with_trigger.py
[2023-10-29T01:07:21.320+0000] {logging_mixin.py:151} INFO - [2023-10-29T01:07:21.319+0000] {dag.py:2941} INFO - Sync 1 DAGs
[2023-10-29T01:07:21.339+0000] {logging_mixin.py:151} INFO - [2023-10-29T01:07:21.339+0000] {dag.py:3722} INFO - Setting next_dagrun for latest_only_with_trigger to 2023-10-28T21:07:21.339272+00:00, run_after=2023-10-29T01:07:21.339272+00:00
[2023-10-29T01:07:21.362+0000] {processor.py:179} INFO - Processing /usr/local/lib/python3.10/dist-packages/airflow/example_dags/example_latest_only_with_trigger.py took 0.072 seconds
[2023-10-29T01:08:10.429+0000] {processor.py:157} INFO - Started process (PID=4057) to work on /usr/local/lib/python3.10/dist-packages/airflow/example_dags/example_latest_only_with_trigger.py
[2023-10-29T01:08:10.430+0000] {processor.py:829} INFO - Processing file /usr/local/lib/python3.10/dist-packages/airflow/example_dags/example_latest_only_with_trigger.py for tasks to queue
[2023-10-29T01:08:10.431+0000] {logging_mixin.py:151} INFO - [2023-10-29T01:08:10.431+0000] {dagbag.py:536} INFO - Filling up the DagBag from /usr/local/lib/python3.10/dist-packages/airflow/example_dags/example_latest_only_with_trigger.py
[2023-10-29T01:08:10.438+0000] {processor.py:839} INFO - DAG(s) dict_keys(['latest_only_with_trigger']) retrieved from /usr/local/lib/python3.10/dist-packages/airflow/example_dags/example_latest_only_with_trigger.py
[2023-10-29T01:08:10.455+0000] {logging_mixin.py:151} INFO - [2023-10-29T01:08:10.455+0000] {dag.py:2941} INFO - Sync 1 DAGs
[2023-10-29T01:08:10.475+0000] {logging_mixin.py:151} INFO - [2023-10-29T01:08:10.475+0000] {dag.py:3722} INFO - Setting next_dagrun for latest_only_with_trigger to 2023-10-28T21:08:10.474796+00:00, run_after=2023-10-29T01:08:10.474796+00:00
[2023-10-29T01:08:10.497+0000] {processor.py:179} INFO - Processing /usr/local/lib/python3.10/dist-packages/airflow/example_dags/example_latest_only_with_trigger.py took 0.071 seconds
[2023-10-29T01:08:56.760+0000] {processor.py:157} INFO - Started process (PID=4105) to work on /usr/local/lib/python3.10/dist-packages/airflow/example_dags/example_latest_only_with_trigger.py
[2023-10-29T01:08:56.761+0000] {processor.py:829} INFO - Processing file /usr/local/lib/python3.10/dist-packages/airflow/example_dags/example_latest_only_with_trigger.py for tasks to queue
[2023-10-29T01:08:56.762+0000] {logging_mixin.py:151} INFO - [2023-10-29T01:08:56.762+0000] {dagbag.py:536} INFO - Filling up the DagBag from /usr/local/lib/python3.10/dist-packages/airflow/example_dags/example_latest_only_with_trigger.py
[2023-10-29T01:08:56.769+0000] {processor.py:839} INFO - DAG(s) dict_keys(['latest_only_with_trigger']) retrieved from /usr/local/lib/python3.10/dist-packages/airflow/example_dags/example_latest_only_with_trigger.py
[2023-10-29T01:08:56.786+0000] {logging_mixin.py:151} INFO - [2023-10-29T01:08:56.786+0000] {dag.py:2941} INFO - Sync 1 DAGs
[2023-10-29T01:08:56.806+0000] {logging_mixin.py:151} INFO - [2023-10-29T01:08:56.806+0000] {dag.py:3722} INFO - Setting next_dagrun for latest_only_with_trigger to 2023-10-28T21:08:56.805976+00:00, run_after=2023-10-29T01:08:56.805976+00:00
[2023-10-29T01:08:56.830+0000] {processor.py:179} INFO - Processing /usr/local/lib/python3.10/dist-packages/airflow/example_dags/example_latest_only_with_trigger.py took 0.074 seconds
[2023-10-29T01:09:44.168+0000] {processor.py:157} INFO - Started process (PID=4153) to work on /usr/local/lib/python3.10/dist-packages/airflow/example_dags/example_latest_only_with_trigger.py
[2023-10-29T01:09:44.169+0000] {processor.py:829} INFO - Processing file /usr/local/lib/python3.10/dist-packages/airflow/example_dags/example_latest_only_with_trigger.py for tasks to queue
[2023-10-29T01:09:44.170+0000] {logging_mixin.py:151} INFO - [2023-10-29T01:09:44.169+0000] {dagbag.py:536} INFO - Filling up the DagBag from /usr/local/lib/python3.10/dist-packages/airflow/example_dags/example_latest_only_with_trigger.py
[2023-10-29T01:09:44.177+0000] {processor.py:839} INFO - DAG(s) dict_keys(['latest_only_with_trigger']) retrieved from /usr/local/lib/python3.10/dist-packages/airflow/example_dags/example_latest_only_with_trigger.py
[2023-10-29T01:09:44.194+0000] {logging_mixin.py:151} INFO - [2023-10-29T01:09:44.194+0000] {dag.py:2941} INFO - Sync 1 DAGs
[2023-10-29T01:09:44.215+0000] {logging_mixin.py:151} INFO - [2023-10-29T01:09:44.214+0000] {dag.py:3722} INFO - Setting next_dagrun for latest_only_with_trigger to 2023-10-28T21:09:44.214592+00:00, run_after=2023-10-29T01:09:44.214592+00:00
[2023-10-29T01:09:44.236+0000] {processor.py:179} INFO - Processing /usr/local/lib/python3.10/dist-packages/airflow/example_dags/example_latest_only_with_trigger.py took 0.072 seconds
[2023-10-29T01:10:32.612+0000] {processor.py:157} INFO - Started process (PID=4202) to work on /usr/local/lib/python3.10/dist-packages/airflow/example_dags/example_latest_only_with_trigger.py
[2023-10-29T01:10:32.613+0000] {processor.py:829} INFO - Processing file /usr/local/lib/python3.10/dist-packages/airflow/example_dags/example_latest_only_with_trigger.py for tasks to queue
[2023-10-29T01:10:32.614+0000] {logging_mixin.py:151} INFO - [2023-10-29T01:10:32.614+0000] {dagbag.py:536} INFO - Filling up the DagBag from /usr/local/lib/python3.10/dist-packages/airflow/example_dags/example_latest_only_with_trigger.py
[2023-10-29T01:10:32.621+0000] {processor.py:839} INFO - DAG(s) dict_keys(['latest_only_with_trigger']) retrieved from /usr/local/lib/python3.10/dist-packages/airflow/example_dags/example_latest_only_with_trigger.py
[2023-10-29T01:10:32.638+0000] {logging_mixin.py:151} INFO - [2023-10-29T01:10:32.637+0000] {dag.py:2941} INFO - Sync 1 DAGs
[2023-10-29T01:10:32.658+0000] {logging_mixin.py:151} INFO - [2023-10-29T01:10:32.658+0000] {dag.py:3722} INFO - Setting next_dagrun for latest_only_with_trigger to 2023-10-28T21:10:32.658441+00:00, run_after=2023-10-29T01:10:32.658441+00:00
[2023-10-29T01:10:32.679+0000] {processor.py:179} INFO - Processing /usr/local/lib/python3.10/dist-packages/airflow/example_dags/example_latest_only_with_trigger.py took 0.071 seconds
[2023-10-29T01:11:18.518+0000] {processor.py:157} INFO - Started process (PID=4352) to work on /usr/local/lib/python3.10/dist-packages/airflow/example_dags/example_latest_only_with_trigger.py
[2023-10-29T01:11:18.519+0000] {processor.py:829} INFO - Processing file /usr/local/lib/python3.10/dist-packages/airflow/example_dags/example_latest_only_with_trigger.py for tasks to queue
[2023-10-29T01:11:18.520+0000] {logging_mixin.py:151} INFO - [2023-10-29T01:11:18.519+0000] {dagbag.py:536} INFO - Filling up the DagBag from /usr/local/lib/python3.10/dist-packages/airflow/example_dags/example_latest_only_with_trigger.py
[2023-10-29T01:11:18.529+0000] {processor.py:839} INFO - DAG(s) dict_keys(['latest_only_with_trigger']) retrieved from /usr/local/lib/python3.10/dist-packages/airflow/example_dags/example_latest_only_with_trigger.py
[2023-10-29T01:11:18.551+0000] {logging_mixin.py:151} INFO - [2023-10-29T01:11:18.550+0000] {dag.py:2941} INFO - Sync 1 DAGs
[2023-10-29T01:11:18.577+0000] {logging_mixin.py:151} INFO - [2023-10-29T01:11:18.576+0000] {dag.py:3722} INFO - Setting next_dagrun for latest_only_with_trigger to 2023-10-28T21:11:18.576587+00:00, run_after=2023-10-29T01:11:18.576587+00:00
[2023-10-29T01:11:18.608+0000] {processor.py:179} INFO - Processing /usr/local/lib/python3.10/dist-packages/airflow/example_dags/example_latest_only_with_trigger.py took 0.094 seconds
[2023-10-29T01:12:05.224+0000] {processor.py:157} INFO - Started process (PID=4672) to work on /usr/local/lib/python3.10/dist-packages/airflow/example_dags/example_latest_only_with_trigger.py
[2023-10-29T01:12:05.225+0000] {processor.py:829} INFO - Processing file /usr/local/lib/python3.10/dist-packages/airflow/example_dags/example_latest_only_with_trigger.py for tasks to queue
[2023-10-29T01:12:05.226+0000] {logging_mixin.py:151} INFO - [2023-10-29T01:12:05.226+0000] {dagbag.py:536} INFO - Filling up the DagBag from /usr/local/lib/python3.10/dist-packages/airflow/example_dags/example_latest_only_with_trigger.py
[2023-10-29T01:12:05.233+0000] {processor.py:839} INFO - DAG(s) dict_keys(['latest_only_with_trigger']) retrieved from /usr/local/lib/python3.10/dist-packages/airflow/example_dags/example_latest_only_with_trigger.py
[2023-10-29T01:12:05.250+0000] {logging_mixin.py:151} INFO - [2023-10-29T01:12:05.250+0000] {dag.py:2941} INFO - Sync 1 DAGs
[2023-10-29T01:12:05.271+0000] {logging_mixin.py:151} INFO - [2023-10-29T01:12:05.270+0000] {dag.py:3722} INFO - Setting next_dagrun for latest_only_with_trigger to 2023-10-28T21:12:05.270655+00:00, run_after=2023-10-29T01:12:05.270655+00:00
[2023-10-29T01:12:05.292+0000] {processor.py:179} INFO - Processing /usr/local/lib/python3.10/dist-packages/airflow/example_dags/example_latest_only_with_trigger.py took 0.071 seconds
[2023-10-29T01:12:48.605+0000] {processor.py:157} INFO - Started process (PID=4723) to work on /usr/local/lib/python3.10/dist-packages/airflow/example_dags/example_latest_only_with_trigger.py
[2023-10-29T01:12:48.606+0000] {processor.py:829} INFO - Processing file /usr/local/lib/python3.10/dist-packages/airflow/example_dags/example_latest_only_with_trigger.py for tasks to queue
[2023-10-29T01:12:48.607+0000] {logging_mixin.py:151} INFO - [2023-10-29T01:12:48.607+0000] {dagbag.py:536} INFO - Filling up the DagBag from /usr/local/lib/python3.10/dist-packages/airflow/example_dags/example_latest_only_with_trigger.py
[2023-10-29T01:12:48.614+0000] {processor.py:839} INFO - DAG(s) dict_keys(['latest_only_with_trigger']) retrieved from /usr/local/lib/python3.10/dist-packages/airflow/example_dags/example_latest_only_with_trigger.py
[2023-10-29T01:12:48.631+0000] {logging_mixin.py:151} INFO - [2023-10-29T01:12:48.631+0000] {dag.py:2941} INFO - Sync 1 DAGs
[2023-10-29T01:12:48.651+0000] {logging_mixin.py:151} INFO - [2023-10-29T01:12:48.651+0000] {dag.py:3722} INFO - Setting next_dagrun for latest_only_with_trigger to 2023-10-28T21:12:48.651279+00:00, run_after=2023-10-29T01:12:48.651279+00:00
[2023-10-29T01:12:48.742+0000] {processor.py:179} INFO - Processing /usr/local/lib/python3.10/dist-packages/airflow/example_dags/example_latest_only_with_trigger.py took 0.140 seconds
[2023-10-29T01:13:28.575+0000] {processor.py:157} INFO - Started process (PID=4767) to work on /usr/local/lib/python3.10/dist-packages/airflow/example_dags/example_latest_only_with_trigger.py
[2023-10-29T01:13:28.576+0000] {processor.py:829} INFO - Processing file /usr/local/lib/python3.10/dist-packages/airflow/example_dags/example_latest_only_with_trigger.py for tasks to queue
[2023-10-29T01:13:28.577+0000] {logging_mixin.py:151} INFO - [2023-10-29T01:13:28.576+0000] {dagbag.py:536} INFO - Filling up the DagBag from /usr/local/lib/python3.10/dist-packages/airflow/example_dags/example_latest_only_with_trigger.py
[2023-10-29T01:13:28.584+0000] {processor.py:839} INFO - DAG(s) dict_keys(['latest_only_with_trigger']) retrieved from /usr/local/lib/python3.10/dist-packages/airflow/example_dags/example_latest_only_with_trigger.py
[2023-10-29T01:13:28.601+0000] {logging_mixin.py:151} INFO - [2023-10-29T01:13:28.600+0000] {dag.py:2941} INFO - Sync 1 DAGs
[2023-10-29T01:13:28.621+0000] {logging_mixin.py:151} INFO - [2023-10-29T01:13:28.621+0000] {dag.py:3722} INFO - Setting next_dagrun for latest_only_with_trigger to 2023-10-28T21:13:28.620842+00:00, run_after=2023-10-29T01:13:28.620842+00:00
[2023-10-29T01:13:28.642+0000] {processor.py:179} INFO - Processing /usr/local/lib/python3.10/dist-packages/airflow/example_dags/example_latest_only_with_trigger.py took 0.070 seconds
[2023-10-29T01:14:11.045+0000] {processor.py:157} INFO - Started process (PID=4812) to work on /usr/local/lib/python3.10/dist-packages/airflow/example_dags/example_latest_only_with_trigger.py
[2023-10-29T01:14:11.047+0000] {processor.py:829} INFO - Processing file /usr/local/lib/python3.10/dist-packages/airflow/example_dags/example_latest_only_with_trigger.py for tasks to queue
[2023-10-29T01:14:11.047+0000] {logging_mixin.py:151} INFO - [2023-10-29T01:14:11.047+0000] {dagbag.py:536} INFO - Filling up the DagBag from /usr/local/lib/python3.10/dist-packages/airflow/example_dags/example_latest_only_with_trigger.py
[2023-10-29T01:14:11.054+0000] {processor.py:839} INFO - DAG(s) dict_keys(['latest_only_with_trigger']) retrieved from /usr/local/lib/python3.10/dist-packages/airflow/example_dags/example_latest_only_with_trigger.py
[2023-10-29T01:14:11.071+0000] {logging_mixin.py:151} INFO - [2023-10-29T01:14:11.071+0000] {dag.py:2941} INFO - Sync 1 DAGs
[2023-10-29T01:14:11.091+0000] {logging_mixin.py:151} INFO - [2023-10-29T01:14:11.090+0000] {dag.py:3722} INFO - Setting next_dagrun for latest_only_with_trigger to 2023-10-28T21:14:11.090752+00:00, run_after=2023-10-29T01:14:11.090752+00:00
[2023-10-29T01:14:11.112+0000] {processor.py:179} INFO - Processing /usr/local/lib/python3.10/dist-packages/airflow/example_dags/example_latest_only_with_trigger.py took 0.070 seconds
[2023-10-29T01:14:54.252+0000] {processor.py:157} INFO - Started process (PID=4858) to work on /usr/local/lib/python3.10/dist-packages/airflow/example_dags/example_latest_only_with_trigger.py
[2023-10-29T01:14:54.253+0000] {processor.py:829} INFO - Processing file /usr/local/lib/python3.10/dist-packages/airflow/example_dags/example_latest_only_with_trigger.py for tasks to queue
[2023-10-29T01:14:54.254+0000] {logging_mixin.py:151} INFO - [2023-10-29T01:14:54.254+0000] {dagbag.py:536} INFO - Filling up the DagBag from /usr/local/lib/python3.10/dist-packages/airflow/example_dags/example_latest_only_with_trigger.py
[2023-10-29T01:14:54.261+0000] {processor.py:839} INFO - DAG(s) dict_keys(['latest_only_with_trigger']) retrieved from /usr/local/lib/python3.10/dist-packages/airflow/example_dags/example_latest_only_with_trigger.py
[2023-10-29T01:14:54.278+0000] {logging_mixin.py:151} INFO - [2023-10-29T01:14:54.278+0000] {dag.py:2941} INFO - Sync 1 DAGs
[2023-10-29T01:14:54.298+0000] {logging_mixin.py:151} INFO - [2023-10-29T01:14:54.298+0000] {dag.py:3722} INFO - Setting next_dagrun for latest_only_with_trigger to 2023-10-28T21:14:54.298163+00:00, run_after=2023-10-29T01:14:54.298163+00:00
[2023-10-29T01:14:54.319+0000] {processor.py:179} INFO - Processing /usr/local/lib/python3.10/dist-packages/airflow/example_dags/example_latest_only_with_trigger.py took 0.071 seconds
[2023-10-29T01:15:36.021+0000] {processor.py:157} INFO - Started process (PID=4901) to work on /usr/local/lib/python3.10/dist-packages/airflow/example_dags/example_latest_only_with_trigger.py
[2023-10-29T01:15:36.022+0000] {processor.py:829} INFO - Processing file /usr/local/lib/python3.10/dist-packages/airflow/example_dags/example_latest_only_with_trigger.py for tasks to queue
[2023-10-29T01:15:36.023+0000] {logging_mixin.py:151} INFO - [2023-10-29T01:15:36.022+0000] {dagbag.py:536} INFO - Filling up the DagBag from /usr/local/lib/python3.10/dist-packages/airflow/example_dags/example_latest_only_with_trigger.py
[2023-10-29T01:15:36.030+0000] {processor.py:839} INFO - DAG(s) dict_keys(['latest_only_with_trigger']) retrieved from /usr/local/lib/python3.10/dist-packages/airflow/example_dags/example_latest_only_with_trigger.py
[2023-10-29T01:15:36.046+0000] {logging_mixin.py:151} INFO - [2023-10-29T01:15:36.046+0000] {dag.py:2941} INFO - Sync 1 DAGs
[2023-10-29T01:15:36.065+0000] {logging_mixin.py:151} INFO - [2023-10-29T01:15:36.065+0000] {dag.py:3722} INFO - Setting next_dagrun for latest_only_with_trigger to 2023-10-28T21:15:36.065418+00:00, run_after=2023-10-29T01:15:36.065418+00:00
[2023-10-29T01:15:36.087+0000] {processor.py:179} INFO - Processing /usr/local/lib/python3.10/dist-packages/airflow/example_dags/example_latest_only_with_trigger.py took 0.069 seconds
[2023-10-29T01:16:21.312+0000] {processor.py:157} INFO - Started process (PID=4947) to work on /usr/local/lib/python3.10/dist-packages/airflow/example_dags/example_latest_only_with_trigger.py
[2023-10-29T01:16:21.313+0000] {processor.py:829} INFO - Processing file /usr/local/lib/python3.10/dist-packages/airflow/example_dags/example_latest_only_with_trigger.py for tasks to queue
[2023-10-29T01:16:21.314+0000] {logging_mixin.py:151} INFO - [2023-10-29T01:16:21.313+0000] {dagbag.py:536} INFO - Filling up the DagBag from /usr/local/lib/python3.10/dist-packages/airflow/example_dags/example_latest_only_with_trigger.py
[2023-10-29T01:16:21.321+0000] {processor.py:839} INFO - DAG(s) dict_keys(['latest_only_with_trigger']) retrieved from /usr/local/lib/python3.10/dist-packages/airflow/example_dags/example_latest_only_with_trigger.py
[2023-10-29T01:16:21.337+0000] {logging_mixin.py:151} INFO - [2023-10-29T01:16:21.337+0000] {dag.py:2941} INFO - Sync 1 DAGs
[2023-10-29T01:16:21.357+0000] {logging_mixin.py:151} INFO - [2023-10-29T01:16:21.357+0000] {dag.py:3722} INFO - Setting next_dagrun for latest_only_with_trigger to 2023-10-28T21:16:21.357402+00:00, run_after=2023-10-29T01:16:21.357402+00:00
[2023-10-29T01:16:21.379+0000] {processor.py:179} INFO - Processing /usr/local/lib/python3.10/dist-packages/airflow/example_dags/example_latest_only_with_trigger.py took 0.070 seconds
[2023-10-29T01:17:07.955+0000] {processor.py:157} INFO - Started process (PID=4998) to work on /usr/local/lib/python3.10/dist-packages/airflow/example_dags/example_latest_only_with_trigger.py
[2023-10-29T01:17:07.957+0000] {processor.py:829} INFO - Processing file /usr/local/lib/python3.10/dist-packages/airflow/example_dags/example_latest_only_with_trigger.py for tasks to queue
[2023-10-29T01:17:07.957+0000] {logging_mixin.py:151} INFO - [2023-10-29T01:17:07.957+0000] {dagbag.py:536} INFO - Filling up the DagBag from /usr/local/lib/python3.10/dist-packages/airflow/example_dags/example_latest_only_with_trigger.py
[2023-10-29T01:17:07.964+0000] {processor.py:839} INFO - DAG(s) dict_keys(['latest_only_with_trigger']) retrieved from /usr/local/lib/python3.10/dist-packages/airflow/example_dags/example_latest_only_with_trigger.py
[2023-10-29T01:17:07.981+0000] {logging_mixin.py:151} INFO - [2023-10-29T01:17:07.981+0000] {dag.py:2941} INFO - Sync 1 DAGs
[2023-10-29T01:17:08.000+0000] {logging_mixin.py:151} INFO - [2023-10-29T01:17:08.000+0000] {dag.py:3722} INFO - Setting next_dagrun for latest_only_with_trigger to 2023-10-28T21:17:08.000306+00:00, run_after=2023-10-29T01:17:08.000306+00:00
[2023-10-29T01:17:08.022+0000] {processor.py:179} INFO - Processing /usr/local/lib/python3.10/dist-packages/airflow/example_dags/example_latest_only_with_trigger.py took 0.069 seconds
[2023-10-29T01:17:54.038+0000] {processor.py:157} INFO - Started process (PID=5045) to work on /usr/local/lib/python3.10/dist-packages/airflow/example_dags/example_latest_only_with_trigger.py
[2023-10-29T01:17:54.039+0000] {processor.py:829} INFO - Processing file /usr/local/lib/python3.10/dist-packages/airflow/example_dags/example_latest_only_with_trigger.py for tasks to queue
[2023-10-29T01:17:54.040+0000] {logging_mixin.py:151} INFO - [2023-10-29T01:17:54.040+0000] {dagbag.py:536} INFO - Filling up the DagBag from /usr/local/lib/python3.10/dist-packages/airflow/example_dags/example_latest_only_with_trigger.py
[2023-10-29T01:17:54.047+0000] {processor.py:839} INFO - DAG(s) dict_keys(['latest_only_with_trigger']) retrieved from /usr/local/lib/python3.10/dist-packages/airflow/example_dags/example_latest_only_with_trigger.py
[2023-10-29T01:17:54.064+0000] {logging_mixin.py:151} INFO - [2023-10-29T01:17:54.064+0000] {dag.py:2941} INFO - Sync 1 DAGs
[2023-10-29T01:17:54.084+0000] {logging_mixin.py:151} INFO - [2023-10-29T01:17:54.084+0000] {dag.py:3722} INFO - Setting next_dagrun for latest_only_with_trigger to 2023-10-28T21:17:54.084250+00:00, run_after=2023-10-29T01:17:54.084250+00:00
[2023-10-29T01:17:54.106+0000] {processor.py:179} INFO - Processing /usr/local/lib/python3.10/dist-packages/airflow/example_dags/example_latest_only_with_trigger.py took 0.071 seconds
[2023-10-29T01:18:40.416+0000] {processor.py:157} INFO - Started process (PID=5093) to work on /usr/local/lib/python3.10/dist-packages/airflow/example_dags/example_latest_only_with_trigger.py
[2023-10-29T01:18:40.417+0000] {processor.py:829} INFO - Processing file /usr/local/lib/python3.10/dist-packages/airflow/example_dags/example_latest_only_with_trigger.py for tasks to queue
[2023-10-29T01:18:40.418+0000] {logging_mixin.py:151} INFO - [2023-10-29T01:18:40.418+0000] {dagbag.py:536} INFO - Filling up the DagBag from /usr/local/lib/python3.10/dist-packages/airflow/example_dags/example_latest_only_with_trigger.py
[2023-10-29T01:18:40.425+0000] {processor.py:839} INFO - DAG(s) dict_keys(['latest_only_with_trigger']) retrieved from /usr/local/lib/python3.10/dist-packages/airflow/example_dags/example_latest_only_with_trigger.py
[2023-10-29T01:18:40.442+0000] {logging_mixin.py:151} INFO - [2023-10-29T01:18:40.442+0000] {dag.py:2941} INFO - Sync 1 DAGs
[2023-10-29T01:18:40.462+0000] {logging_mixin.py:151} INFO - [2023-10-29T01:18:40.462+0000] {dag.py:3722} INFO - Setting next_dagrun for latest_only_with_trigger to 2023-10-28T21:18:40.462390+00:00, run_after=2023-10-29T01:18:40.462390+00:00
[2023-10-29T01:18:40.485+0000] {processor.py:179} INFO - Processing /usr/local/lib/python3.10/dist-packages/airflow/example_dags/example_latest_only_with_trigger.py took 0.072 seconds
[2023-10-29T01:19:29.034+0000] {processor.py:157} INFO - Started process (PID=5141) to work on /usr/local/lib/python3.10/dist-packages/airflow/example_dags/example_latest_only_with_trigger.py
[2023-10-29T01:19:29.036+0000] {processor.py:829} INFO - Processing file /usr/local/lib/python3.10/dist-packages/airflow/example_dags/example_latest_only_with_trigger.py for tasks to queue
[2023-10-29T01:19:29.037+0000] {logging_mixin.py:151} INFO - [2023-10-29T01:19:29.036+0000] {dagbag.py:536} INFO - Filling up the DagBag from /usr/local/lib/python3.10/dist-packages/airflow/example_dags/example_latest_only_with_trigger.py
[2023-10-29T01:19:29.044+0000] {processor.py:839} INFO - DAG(s) dict_keys(['latest_only_with_trigger']) retrieved from /usr/local/lib/python3.10/dist-packages/airflow/example_dags/example_latest_only_with_trigger.py
[2023-10-29T01:19:29.061+0000] {logging_mixin.py:151} INFO - [2023-10-29T01:19:29.061+0000] {dag.py:2941} INFO - Sync 1 DAGs
[2023-10-29T01:19:29.081+0000] {logging_mixin.py:151} INFO - [2023-10-29T01:19:29.081+0000] {dag.py:3722} INFO - Setting next_dagrun for latest_only_with_trigger to 2023-10-28T21:19:29.080787+00:00, run_after=2023-10-29T01:19:29.080787+00:00
[2023-10-29T01:19:29.103+0000] {processor.py:179} INFO - Processing /usr/local/lib/python3.10/dist-packages/airflow/example_dags/example_latest_only_with_trigger.py took 0.072 seconds
[2023-10-29T01:20:15.684+0000] {processor.py:157} INFO - Started process (PID=5190) to work on /usr/local/lib/python3.10/dist-packages/airflow/example_dags/example_latest_only_with_trigger.py
[2023-10-29T01:20:15.686+0000] {processor.py:829} INFO - Processing file /usr/local/lib/python3.10/dist-packages/airflow/example_dags/example_latest_only_with_trigger.py for tasks to queue
[2023-10-29T01:20:15.687+0000] {logging_mixin.py:151} INFO - [2023-10-29T01:20:15.686+0000] {dagbag.py:536} INFO - Filling up the DagBag from /usr/local/lib/python3.10/dist-packages/airflow/example_dags/example_latest_only_with_trigger.py
[2023-10-29T01:20:15.693+0000] {processor.py:839} INFO - DAG(s) dict_keys(['latest_only_with_trigger']) retrieved from /usr/local/lib/python3.10/dist-packages/airflow/example_dags/example_latest_only_with_trigger.py
[2023-10-29T01:20:15.711+0000] {logging_mixin.py:151} INFO - [2023-10-29T01:20:15.710+0000] {dag.py:2941} INFO - Sync 1 DAGs
[2023-10-29T01:20:15.731+0000] {logging_mixin.py:151} INFO - [2023-10-29T01:20:15.731+0000] {dag.py:3722} INFO - Setting next_dagrun for latest_only_with_trigger to 2023-10-28T21:20:15.731022+00:00, run_after=2023-10-29T01:20:15.731022+00:00
[2023-10-29T01:20:15.753+0000] {processor.py:179} INFO - Processing /usr/local/lib/python3.10/dist-packages/airflow/example_dags/example_latest_only_with_trigger.py took 0.072 seconds
[2023-10-29T01:21:01.386+0000] {processor.py:157} INFO - Started process (PID=5237) to work on /usr/local/lib/python3.10/dist-packages/airflow/example_dags/example_latest_only_with_trigger.py
[2023-10-29T01:21:01.388+0000] {processor.py:829} INFO - Processing file /usr/local/lib/python3.10/dist-packages/airflow/example_dags/example_latest_only_with_trigger.py for tasks to queue
[2023-10-29T01:21:01.388+0000] {logging_mixin.py:151} INFO - [2023-10-29T01:21:01.388+0000] {dagbag.py:536} INFO - Filling up the DagBag from /usr/local/lib/python3.10/dist-packages/airflow/example_dags/example_latest_only_with_trigger.py
[2023-10-29T01:21:01.395+0000] {processor.py:839} INFO - DAG(s) dict_keys(['latest_only_with_trigger']) retrieved from /usr/local/lib/python3.10/dist-packages/airflow/example_dags/example_latest_only_with_trigger.py
[2023-10-29T01:21:01.412+0000] {logging_mixin.py:151} INFO - [2023-10-29T01:21:01.412+0000] {dag.py:2941} INFO - Sync 1 DAGs
[2023-10-29T01:21:01.432+0000] {logging_mixin.py:151} INFO - [2023-10-29T01:21:01.432+0000] {dag.py:3722} INFO - Setting next_dagrun for latest_only_with_trigger to 2023-10-28T21:21:01.432086+00:00, run_after=2023-10-29T01:21:01.432086+00:00
[2023-10-29T01:21:01.455+0000] {processor.py:179} INFO - Processing /usr/local/lib/python3.10/dist-packages/airflow/example_dags/example_latest_only_with_trigger.py took 0.072 seconds
[2023-10-29T01:21:49.391+0000] {processor.py:157} INFO - Started process (PID=5285) to work on /usr/local/lib/python3.10/dist-packages/airflow/example_dags/example_latest_only_with_trigger.py
[2023-10-29T01:21:49.392+0000] {processor.py:829} INFO - Processing file /usr/local/lib/python3.10/dist-packages/airflow/example_dags/example_latest_only_with_trigger.py for tasks to queue
[2023-10-29T01:21:49.393+0000] {logging_mixin.py:151} INFO - [2023-10-29T01:21:49.392+0000] {dagbag.py:536} INFO - Filling up the DagBag from /usr/local/lib/python3.10/dist-packages/airflow/example_dags/example_latest_only_with_trigger.py
[2023-10-29T01:21:49.400+0000] {processor.py:839} INFO - DAG(s) dict_keys(['latest_only_with_trigger']) retrieved from /usr/local/lib/python3.10/dist-packages/airflow/example_dags/example_latest_only_with_trigger.py
[2023-10-29T01:21:49.417+0000] {logging_mixin.py:151} INFO - [2023-10-29T01:21:49.417+0000] {dag.py:2941} INFO - Sync 1 DAGs
[2023-10-29T01:21:49.437+0000] {logging_mixin.py:151} INFO - [2023-10-29T01:21:49.436+0000] {dag.py:3722} INFO - Setting next_dagrun for latest_only_with_trigger to 2023-10-28T21:21:49.436769+00:00, run_after=2023-10-29T01:21:49.436769+00:00
[2023-10-29T01:21:49.460+0000] {processor.py:179} INFO - Processing /usr/local/lib/python3.10/dist-packages/airflow/example_dags/example_latest_only_with_trigger.py took 0.072 seconds
[2023-10-29T01:22:38.155+0000] {processor.py:157} INFO - Started process (PID=5336) to work on /usr/local/lib/python3.10/dist-packages/airflow/example_dags/example_latest_only_with_trigger.py
[2023-10-29T01:22:38.156+0000] {processor.py:829} INFO - Processing file /usr/local/lib/python3.10/dist-packages/airflow/example_dags/example_latest_only_with_trigger.py for tasks to queue
[2023-10-29T01:22:38.157+0000] {logging_mixin.py:151} INFO - [2023-10-29T01:22:38.157+0000] {dagbag.py:536} INFO - Filling up the DagBag from /usr/local/lib/python3.10/dist-packages/airflow/example_dags/example_latest_only_with_trigger.py
[2023-10-29T01:22:38.164+0000] {processor.py:839} INFO - DAG(s) dict_keys(['latest_only_with_trigger']) retrieved from /usr/local/lib/python3.10/dist-packages/airflow/example_dags/example_latest_only_with_trigger.py
[2023-10-29T01:22:38.181+0000] {logging_mixin.py:151} INFO - [2023-10-29T01:22:38.181+0000] {dag.py:2941} INFO - Sync 1 DAGs
[2023-10-29T01:22:38.201+0000] {logging_mixin.py:151} INFO - [2023-10-29T01:22:38.201+0000] {dag.py:3722} INFO - Setting next_dagrun for latest_only_with_trigger to 2023-10-28T21:22:38.200772+00:00, run_after=2023-10-29T01:22:38.200772+00:00
[2023-10-29T01:22:38.222+0000] {processor.py:179} INFO - Processing /usr/local/lib/python3.10/dist-packages/airflow/example_dags/example_latest_only_with_trigger.py took 0.070 seconds
[2023-10-29T01:23:24.533+0000] {processor.py:157} INFO - Started process (PID=5384) to work on /usr/local/lib/python3.10/dist-packages/airflow/example_dags/example_latest_only_with_trigger.py
[2023-10-29T01:23:24.534+0000] {processor.py:829} INFO - Processing file /usr/local/lib/python3.10/dist-packages/airflow/example_dags/example_latest_only_with_trigger.py for tasks to queue
[2023-10-29T01:23:24.535+0000] {logging_mixin.py:151} INFO - [2023-10-29T01:23:24.535+0000] {dagbag.py:536} INFO - Filling up the DagBag from /usr/local/lib/python3.10/dist-packages/airflow/example_dags/example_latest_only_with_trigger.py
[2023-10-29T01:23:24.542+0000] {processor.py:839} INFO - DAG(s) dict_keys(['latest_only_with_trigger']) retrieved from /usr/local/lib/python3.10/dist-packages/airflow/example_dags/example_latest_only_with_trigger.py
[2023-10-29T01:23:24.559+0000] {logging_mixin.py:151} INFO - [2023-10-29T01:23:24.558+0000] {dag.py:2941} INFO - Sync 1 DAGs
[2023-10-29T01:23:24.578+0000] {logging_mixin.py:151} INFO - [2023-10-29T01:23:24.578+0000] {dag.py:3722} INFO - Setting next_dagrun for latest_only_with_trigger to 2023-10-28T21:23:24.578194+00:00, run_after=2023-10-29T01:23:24.578194+00:00
[2023-10-29T01:23:24.600+0000] {processor.py:179} INFO - Processing /usr/local/lib/python3.10/dist-packages/airflow/example_dags/example_latest_only_with_trigger.py took 0.070 seconds
[2023-10-29T01:24:16.369+0000] {processor.py:157} INFO - Started process (PID=5436) to work on /usr/local/lib/python3.10/dist-packages/airflow/example_dags/example_latest_only_with_trigger.py
[2023-10-29T01:24:16.370+0000] {processor.py:829} INFO - Processing file /usr/local/lib/python3.10/dist-packages/airflow/example_dags/example_latest_only_with_trigger.py for tasks to queue
[2023-10-29T01:24:16.371+0000] {logging_mixin.py:151} INFO - [2023-10-29T01:24:16.370+0000] {dagbag.py:536} INFO - Filling up the DagBag from /usr/local/lib/python3.10/dist-packages/airflow/example_dags/example_latest_only_with_trigger.py
[2023-10-29T01:24:16.378+0000] {processor.py:839} INFO - DAG(s) dict_keys(['latest_only_with_trigger']) retrieved from /usr/local/lib/python3.10/dist-packages/airflow/example_dags/example_latest_only_with_trigger.py
[2023-10-29T01:24:16.395+0000] {logging_mixin.py:151} INFO - [2023-10-29T01:24:16.394+0000] {dag.py:2941} INFO - Sync 1 DAGs
[2023-10-29T01:24:16.414+0000] {logging_mixin.py:151} INFO - [2023-10-29T01:24:16.414+0000] {dag.py:3722} INFO - Setting next_dagrun for latest_only_with_trigger to 2023-10-28T21:24:16.414249+00:00, run_after=2023-10-29T01:24:16.414249+00:00
[2023-10-29T01:24:16.438+0000] {processor.py:179} INFO - Processing /usr/local/lib/python3.10/dist-packages/airflow/example_dags/example_latest_only_with_trigger.py took 0.073 seconds
[2023-10-29T01:25:04.799+0000] {processor.py:157} INFO - Started process (PID=5486) to work on /usr/local/lib/python3.10/dist-packages/airflow/example_dags/example_latest_only_with_trigger.py
[2023-10-29T01:25:04.800+0000] {processor.py:829} INFO - Processing file /usr/local/lib/python3.10/dist-packages/airflow/example_dags/example_latest_only_with_trigger.py for tasks to queue
[2023-10-29T01:25:04.801+0000] {logging_mixin.py:151} INFO - [2023-10-29T01:25:04.800+0000] {dagbag.py:536} INFO - Filling up the DagBag from /usr/local/lib/python3.10/dist-packages/airflow/example_dags/example_latest_only_with_trigger.py
[2023-10-29T01:25:04.808+0000] {processor.py:839} INFO - DAG(s) dict_keys(['latest_only_with_trigger']) retrieved from /usr/local/lib/python3.10/dist-packages/airflow/example_dags/example_latest_only_with_trigger.py
[2023-10-29T01:25:04.825+0000] {logging_mixin.py:151} INFO - [2023-10-29T01:25:04.825+0000] {dag.py:2941} INFO - Sync 1 DAGs
[2023-10-29T01:25:04.845+0000] {logging_mixin.py:151} INFO - [2023-10-29T01:25:04.845+0000] {dag.py:3722} INFO - Setting next_dagrun for latest_only_with_trigger to 2023-10-28T21:25:04.845093+00:00, run_after=2023-10-29T01:25:04.845093+00:00
[2023-10-29T01:25:04.867+0000] {processor.py:179} INFO - Processing /usr/local/lib/python3.10/dist-packages/airflow/example_dags/example_latest_only_with_trigger.py took 0.071 seconds
