[2023-10-29T01:01:29.500+0000] {processor.py:157} INFO - Started process (PID=3640) to work on /usr/local/lib/python3.10/dist-packages/airflow/example_dags/example_dynamic_task_mapping_with_no_taskflow_operators.py
[2023-10-29T01:01:29.500+0000] {processor.py:829} INFO - Processing file /usr/local/lib/python3.10/dist-packages/airflow/example_dags/example_dynamic_task_mapping_with_no_taskflow_operators.py for tasks to queue
[2023-10-29T01:01:29.501+0000] {logging_mixin.py:151} INFO - [2023-10-29T01:01:29.501+0000] {dagbag.py:536} INFO - Filling up the DagBag from /usr/local/lib/python3.10/dist-packages/airflow/example_dags/example_dynamic_task_mapping_with_no_taskflow_operators.py
[2023-10-29T01:01:29.509+0000] {processor.py:839} INFO - DAG(s) dict_keys(['example_dynamic_task_mapping_with_no_taskflow_operators']) retrieved from /usr/local/lib/python3.10/dist-packages/airflow/example_dags/example_dynamic_task_mapping_with_no_taskflow_operators.py
[2023-10-29T01:01:29.615+0000] {logging_mixin.py:151} INFO - [2023-10-29T01:01:29.615+0000] {manager.py:499} INFO - Created Permission View: %s
[2023-10-29T01:01:29.627+0000] {logging_mixin.py:151} INFO - [2023-10-29T01:01:29.627+0000] {manager.py:499} INFO - Created Permission View: %s
[2023-10-29T01:01:29.637+0000] {logging_mixin.py:151} INFO - [2023-10-29T01:01:29.637+0000] {manager.py:499} INFO - Created Permission View: %s
[2023-10-29T01:01:29.637+0000] {logging_mixin.py:151} INFO - [2023-10-29T01:01:29.637+0000] {dag.py:2941} INFO - Sync 1 DAGs
[2023-10-29T01:01:29.648+0000] {logging_mixin.py:151} INFO - [2023-10-29T01:01:29.648+0000] {dag.py:2963} INFO - Creating ORM DAG for example_dynamic_task_mapping_with_no_taskflow_operators
[2023-10-29T01:01:29.656+0000] {logging_mixin.py:151} INFO - [2023-10-29T01:01:29.656+0000] {dag.py:3722} INFO - Setting next_dagrun for example_dynamic_task_mapping_with_no_taskflow_operators to 2023-10-28T01:01:29.656556+00:00, run_after=2023-10-29T01:01:29.656556+00:00
[2023-10-29T01:01:29.678+0000] {processor.py:179} INFO - Processing /usr/local/lib/python3.10/dist-packages/airflow/example_dags/example_dynamic_task_mapping_with_no_taskflow_operators.py took 0.181 seconds
[2023-10-29T01:02:18.105+0000] {processor.py:157} INFO - Started process (PID=3688) to work on /usr/local/lib/python3.10/dist-packages/airflow/example_dags/example_dynamic_task_mapping_with_no_taskflow_operators.py
[2023-10-29T01:02:18.106+0000] {processor.py:829} INFO - Processing file /usr/local/lib/python3.10/dist-packages/airflow/example_dags/example_dynamic_task_mapping_with_no_taskflow_operators.py for tasks to queue
[2023-10-29T01:02:18.107+0000] {logging_mixin.py:151} INFO - [2023-10-29T01:02:18.107+0000] {dagbag.py:536} INFO - Filling up the DagBag from /usr/local/lib/python3.10/dist-packages/airflow/example_dags/example_dynamic_task_mapping_with_no_taskflow_operators.py
[2023-10-29T01:02:18.115+0000] {processor.py:839} INFO - DAG(s) dict_keys(['example_dynamic_task_mapping_with_no_taskflow_operators']) retrieved from /usr/local/lib/python3.10/dist-packages/airflow/example_dags/example_dynamic_task_mapping_with_no_taskflow_operators.py
[2023-10-29T01:02:18.130+0000] {logging_mixin.py:151} INFO - [2023-10-29T01:02:18.130+0000] {dag.py:2941} INFO - Sync 1 DAGs
[2023-10-29T01:02:18.150+0000] {logging_mixin.py:151} INFO - [2023-10-29T01:02:18.150+0000] {dag.py:3722} INFO - Setting next_dagrun for example_dynamic_task_mapping_with_no_taskflow_operators to 2023-10-28T01:02:18.150496+00:00, run_after=2023-10-29T01:02:18.150496+00:00
[2023-10-29T01:02:18.172+0000] {processor.py:179} INFO - Processing /usr/local/lib/python3.10/dist-packages/airflow/example_dags/example_dynamic_task_mapping_with_no_taskflow_operators.py took 0.069 seconds
[2023-10-29T01:03:01.261+0000] {processor.py:157} INFO - Started process (PID=3735) to work on /usr/local/lib/python3.10/dist-packages/airflow/example_dags/example_dynamic_task_mapping_with_no_taskflow_operators.py
[2023-10-29T01:03:01.263+0000] {processor.py:829} INFO - Processing file /usr/local/lib/python3.10/dist-packages/airflow/example_dags/example_dynamic_task_mapping_with_no_taskflow_operators.py for tasks to queue
[2023-10-29T01:03:01.264+0000] {logging_mixin.py:151} INFO - [2023-10-29T01:03:01.263+0000] {dagbag.py:536} INFO - Filling up the DagBag from /usr/local/lib/python3.10/dist-packages/airflow/example_dags/example_dynamic_task_mapping_with_no_taskflow_operators.py
[2023-10-29T01:03:01.272+0000] {processor.py:839} INFO - DAG(s) dict_keys(['example_dynamic_task_mapping_with_no_taskflow_operators']) retrieved from /usr/local/lib/python3.10/dist-packages/airflow/example_dags/example_dynamic_task_mapping_with_no_taskflow_operators.py
[2023-10-29T01:03:01.289+0000] {logging_mixin.py:151} INFO - [2023-10-29T01:03:01.288+0000] {dag.py:2941} INFO - Sync 1 DAGs
[2023-10-29T01:03:01.311+0000] {logging_mixin.py:151} INFO - [2023-10-29T01:03:01.311+0000] {dag.py:3722} INFO - Setting next_dagrun for example_dynamic_task_mapping_with_no_taskflow_operators to 2023-10-28T01:03:01.311162+00:00, run_after=2023-10-29T01:03:01.311162+00:00
[2023-10-29T01:03:01.336+0000] {processor.py:179} INFO - Processing /usr/local/lib/python3.10/dist-packages/airflow/example_dags/example_dynamic_task_mapping_with_no_taskflow_operators.py took 0.078 seconds
[2023-10-29T01:03:46.646+0000] {processor.py:157} INFO - Started process (PID=3781) to work on /usr/local/lib/python3.10/dist-packages/airflow/example_dags/example_dynamic_task_mapping_with_no_taskflow_operators.py
[2023-10-29T01:03:46.647+0000] {processor.py:829} INFO - Processing file /usr/local/lib/python3.10/dist-packages/airflow/example_dags/example_dynamic_task_mapping_with_no_taskflow_operators.py for tasks to queue
[2023-10-29T01:03:46.648+0000] {logging_mixin.py:151} INFO - [2023-10-29T01:03:46.648+0000] {dagbag.py:536} INFO - Filling up the DagBag from /usr/local/lib/python3.10/dist-packages/airflow/example_dags/example_dynamic_task_mapping_with_no_taskflow_operators.py
[2023-10-29T01:03:46.655+0000] {processor.py:839} INFO - DAG(s) dict_keys(['example_dynamic_task_mapping_with_no_taskflow_operators']) retrieved from /usr/local/lib/python3.10/dist-packages/airflow/example_dags/example_dynamic_task_mapping_with_no_taskflow_operators.py
[2023-10-29T01:03:46.670+0000] {logging_mixin.py:151} INFO - [2023-10-29T01:03:46.670+0000] {dag.py:2941} INFO - Sync 1 DAGs
[2023-10-29T01:03:46.690+0000] {logging_mixin.py:151} INFO - [2023-10-29T01:03:46.690+0000] {dag.py:3722} INFO - Setting next_dagrun for example_dynamic_task_mapping_with_no_taskflow_operators to 2023-10-28T01:03:46.690084+00:00, run_after=2023-10-29T01:03:46.690084+00:00
[2023-10-29T01:03:46.712+0000] {processor.py:179} INFO - Processing /usr/local/lib/python3.10/dist-packages/airflow/example_dags/example_dynamic_task_mapping_with_no_taskflow_operators.py took 0.069 seconds
[2023-10-29T01:04:28.995+0000] {processor.py:157} INFO - Started process (PID=3827) to work on /usr/local/lib/python3.10/dist-packages/airflow/example_dags/example_dynamic_task_mapping_with_no_taskflow_operators.py
[2023-10-29T01:04:28.996+0000] {processor.py:829} INFO - Processing file /usr/local/lib/python3.10/dist-packages/airflow/example_dags/example_dynamic_task_mapping_with_no_taskflow_operators.py for tasks to queue
[2023-10-29T01:04:28.997+0000] {logging_mixin.py:151} INFO - [2023-10-29T01:04:28.996+0000] {dagbag.py:536} INFO - Filling up the DagBag from /usr/local/lib/python3.10/dist-packages/airflow/example_dags/example_dynamic_task_mapping_with_no_taskflow_operators.py
[2023-10-29T01:04:29.004+0000] {processor.py:839} INFO - DAG(s) dict_keys(['example_dynamic_task_mapping_with_no_taskflow_operators']) retrieved from /usr/local/lib/python3.10/dist-packages/airflow/example_dags/example_dynamic_task_mapping_with_no_taskflow_operators.py
[2023-10-29T01:04:29.020+0000] {logging_mixin.py:151} INFO - [2023-10-29T01:04:29.020+0000] {dag.py:2941} INFO - Sync 1 DAGs
[2023-10-29T01:04:29.040+0000] {logging_mixin.py:151} INFO - [2023-10-29T01:04:29.040+0000] {dag.py:3722} INFO - Setting next_dagrun for example_dynamic_task_mapping_with_no_taskflow_operators to 2023-10-28T01:04:29.039987+00:00, run_after=2023-10-29T01:04:29.039987+00:00
[2023-10-29T01:04:29.063+0000] {processor.py:179} INFO - Processing /usr/local/lib/python3.10/dist-packages/airflow/example_dags/example_dynamic_task_mapping_with_no_taskflow_operators.py took 0.072 seconds
[2023-10-29T01:05:21.864+0000] {processor.py:157} INFO - Started process (PID=3882) to work on /usr/local/lib/python3.10/dist-packages/airflow/example_dags/example_dynamic_task_mapping_with_no_taskflow_operators.py
[2023-10-29T01:05:21.865+0000] {processor.py:829} INFO - Processing file /usr/local/lib/python3.10/dist-packages/airflow/example_dags/example_dynamic_task_mapping_with_no_taskflow_operators.py for tasks to queue
[2023-10-29T01:05:21.866+0000] {logging_mixin.py:151} INFO - [2023-10-29T01:05:21.865+0000] {dagbag.py:536} INFO - Filling up the DagBag from /usr/local/lib/python3.10/dist-packages/airflow/example_dags/example_dynamic_task_mapping_with_no_taskflow_operators.py
[2023-10-29T01:05:21.874+0000] {processor.py:839} INFO - DAG(s) dict_keys(['example_dynamic_task_mapping_with_no_taskflow_operators']) retrieved from /usr/local/lib/python3.10/dist-packages/airflow/example_dags/example_dynamic_task_mapping_with_no_taskflow_operators.py
[2023-10-29T01:05:21.889+0000] {logging_mixin.py:151} INFO - [2023-10-29T01:05:21.889+0000] {dag.py:2941} INFO - Sync 1 DAGs
[2023-10-29T01:05:21.910+0000] {logging_mixin.py:151} INFO - [2023-10-29T01:05:21.910+0000] {dag.py:3722} INFO - Setting next_dagrun for example_dynamic_task_mapping_with_no_taskflow_operators to 2023-10-28T01:05:21.910285+00:00, run_after=2023-10-29T01:05:21.910285+00:00
[2023-10-29T01:05:21.933+0000] {processor.py:179} INFO - Processing /usr/local/lib/python3.10/dist-packages/airflow/example_dags/example_dynamic_task_mapping_with_no_taskflow_operators.py took 0.073 seconds
[2023-10-29T01:06:06.054+0000] {processor.py:157} INFO - Started process (PID=3929) to work on /usr/local/lib/python3.10/dist-packages/airflow/example_dags/example_dynamic_task_mapping_with_no_taskflow_operators.py
[2023-10-29T01:06:06.055+0000] {processor.py:829} INFO - Processing file /usr/local/lib/python3.10/dist-packages/airflow/example_dags/example_dynamic_task_mapping_with_no_taskflow_operators.py for tasks to queue
[2023-10-29T01:06:06.056+0000] {logging_mixin.py:151} INFO - [2023-10-29T01:06:06.055+0000] {dagbag.py:536} INFO - Filling up the DagBag from /usr/local/lib/python3.10/dist-packages/airflow/example_dags/example_dynamic_task_mapping_with_no_taskflow_operators.py
[2023-10-29T01:06:06.063+0000] {processor.py:839} INFO - DAG(s) dict_keys(['example_dynamic_task_mapping_with_no_taskflow_operators']) retrieved from /usr/local/lib/python3.10/dist-packages/airflow/example_dags/example_dynamic_task_mapping_with_no_taskflow_operators.py
[2023-10-29T01:06:06.079+0000] {logging_mixin.py:151} INFO - [2023-10-29T01:06:06.079+0000] {dag.py:2941} INFO - Sync 1 DAGs
[2023-10-29T01:06:06.099+0000] {logging_mixin.py:151} INFO - [2023-10-29T01:06:06.099+0000] {dag.py:3722} INFO - Setting next_dagrun for example_dynamic_task_mapping_with_no_taskflow_operators to 2023-10-28T01:06:06.098836+00:00, run_after=2023-10-29T01:06:06.098836+00:00
[2023-10-29T01:06:06.121+0000] {processor.py:179} INFO - Processing /usr/local/lib/python3.10/dist-packages/airflow/example_dags/example_dynamic_task_mapping_with_no_taskflow_operators.py took 0.070 seconds
[2023-10-29T01:06:53.392+0000] {processor.py:157} INFO - Started process (PID=3979) to work on /usr/local/lib/python3.10/dist-packages/airflow/example_dags/example_dynamic_task_mapping_with_no_taskflow_operators.py
[2023-10-29T01:06:53.394+0000] {processor.py:829} INFO - Processing file /usr/local/lib/python3.10/dist-packages/airflow/example_dags/example_dynamic_task_mapping_with_no_taskflow_operators.py for tasks to queue
[2023-10-29T01:06:53.394+0000] {logging_mixin.py:151} INFO - [2023-10-29T01:06:53.394+0000] {dagbag.py:536} INFO - Filling up the DagBag from /usr/local/lib/python3.10/dist-packages/airflow/example_dags/example_dynamic_task_mapping_with_no_taskflow_operators.py
[2023-10-29T01:06:53.402+0000] {processor.py:839} INFO - DAG(s) dict_keys(['example_dynamic_task_mapping_with_no_taskflow_operators']) retrieved from /usr/local/lib/python3.10/dist-packages/airflow/example_dags/example_dynamic_task_mapping_with_no_taskflow_operators.py
[2023-10-29T01:06:53.418+0000] {logging_mixin.py:151} INFO - [2023-10-29T01:06:53.417+0000] {dag.py:2941} INFO - Sync 1 DAGs
[2023-10-29T01:06:53.438+0000] {logging_mixin.py:151} INFO - [2023-10-29T01:06:53.437+0000] {dag.py:3722} INFO - Setting next_dagrun for example_dynamic_task_mapping_with_no_taskflow_operators to 2023-10-28T01:06:53.437597+00:00, run_after=2023-10-29T01:06:53.437597+00:00
[2023-10-29T01:06:53.459+0000] {processor.py:179} INFO - Processing /usr/local/lib/python3.10/dist-packages/airflow/example_dags/example_dynamic_task_mapping_with_no_taskflow_operators.py took 0.070 seconds
[2023-10-29T01:07:34.455+0000] {processor.py:157} INFO - Started process (PID=4022) to work on /usr/local/lib/python3.10/dist-packages/airflow/example_dags/example_dynamic_task_mapping_with_no_taskflow_operators.py
[2023-10-29T01:07:34.456+0000] {processor.py:829} INFO - Processing file /usr/local/lib/python3.10/dist-packages/airflow/example_dags/example_dynamic_task_mapping_with_no_taskflow_operators.py for tasks to queue
[2023-10-29T01:07:34.457+0000] {logging_mixin.py:151} INFO - [2023-10-29T01:07:34.456+0000] {dagbag.py:536} INFO - Filling up the DagBag from /usr/local/lib/python3.10/dist-packages/airflow/example_dags/example_dynamic_task_mapping_with_no_taskflow_operators.py
[2023-10-29T01:07:34.464+0000] {processor.py:839} INFO - DAG(s) dict_keys(['example_dynamic_task_mapping_with_no_taskflow_operators']) retrieved from /usr/local/lib/python3.10/dist-packages/airflow/example_dags/example_dynamic_task_mapping_with_no_taskflow_operators.py
[2023-10-29T01:07:34.480+0000] {logging_mixin.py:151} INFO - [2023-10-29T01:07:34.479+0000] {dag.py:2941} INFO - Sync 1 DAGs
[2023-10-29T01:07:34.499+0000] {logging_mixin.py:151} INFO - [2023-10-29T01:07:34.499+0000] {dag.py:3722} INFO - Setting next_dagrun for example_dynamic_task_mapping_with_no_taskflow_operators to 2023-10-28T01:07:34.499457+00:00, run_after=2023-10-29T01:07:34.499457+00:00
[2023-10-29T01:07:34.521+0000] {processor.py:179} INFO - Processing /usr/local/lib/python3.10/dist-packages/airflow/example_dags/example_dynamic_task_mapping_with_no_taskflow_operators.py took 0.069 seconds
[2023-10-29T01:08:24.512+0000] {processor.py:157} INFO - Started process (PID=4072) to work on /usr/local/lib/python3.10/dist-packages/airflow/example_dags/example_dynamic_task_mapping_with_no_taskflow_operators.py
[2023-10-29T01:08:24.514+0000] {processor.py:829} INFO - Processing file /usr/local/lib/python3.10/dist-packages/airflow/example_dags/example_dynamic_task_mapping_with_no_taskflow_operators.py for tasks to queue
[2023-10-29T01:08:24.514+0000] {logging_mixin.py:151} INFO - [2023-10-29T01:08:24.514+0000] {dagbag.py:536} INFO - Filling up the DagBag from /usr/local/lib/python3.10/dist-packages/airflow/example_dags/example_dynamic_task_mapping_with_no_taskflow_operators.py
[2023-10-29T01:08:24.522+0000] {processor.py:839} INFO - DAG(s) dict_keys(['example_dynamic_task_mapping_with_no_taskflow_operators']) retrieved from /usr/local/lib/python3.10/dist-packages/airflow/example_dags/example_dynamic_task_mapping_with_no_taskflow_operators.py
[2023-10-29T01:08:24.537+0000] {logging_mixin.py:151} INFO - [2023-10-29T01:08:24.537+0000] {dag.py:2941} INFO - Sync 1 DAGs
[2023-10-29T01:08:24.556+0000] {logging_mixin.py:151} INFO - [2023-10-29T01:08:24.556+0000] {dag.py:3722} INFO - Setting next_dagrun for example_dynamic_task_mapping_with_no_taskflow_operators to 2023-10-28T01:08:24.556457+00:00, run_after=2023-10-29T01:08:24.556457+00:00
[2023-10-29T01:08:24.577+0000] {processor.py:179} INFO - Processing /usr/local/lib/python3.10/dist-packages/airflow/example_dags/example_dynamic_task_mapping_with_no_taskflow_operators.py took 0.068 seconds
[2023-10-29T01:09:11.581+0000] {processor.py:157} INFO - Started process (PID=4120) to work on /usr/local/lib/python3.10/dist-packages/airflow/example_dags/example_dynamic_task_mapping_with_no_taskflow_operators.py
[2023-10-29T01:09:11.582+0000] {processor.py:829} INFO - Processing file /usr/local/lib/python3.10/dist-packages/airflow/example_dags/example_dynamic_task_mapping_with_no_taskflow_operators.py for tasks to queue
[2023-10-29T01:09:11.583+0000] {logging_mixin.py:151} INFO - [2023-10-29T01:09:11.583+0000] {dagbag.py:536} INFO - Filling up the DagBag from /usr/local/lib/python3.10/dist-packages/airflow/example_dags/example_dynamic_task_mapping_with_no_taskflow_operators.py
[2023-10-29T01:09:11.591+0000] {processor.py:839} INFO - DAG(s) dict_keys(['example_dynamic_task_mapping_with_no_taskflow_operators']) retrieved from /usr/local/lib/python3.10/dist-packages/airflow/example_dags/example_dynamic_task_mapping_with_no_taskflow_operators.py
[2023-10-29T01:09:11.606+0000] {logging_mixin.py:151} INFO - [2023-10-29T01:09:11.606+0000] {dag.py:2941} INFO - Sync 1 DAGs
[2023-10-29T01:09:11.627+0000] {logging_mixin.py:151} INFO - [2023-10-29T01:09:11.627+0000] {dag.py:3722} INFO - Setting next_dagrun for example_dynamic_task_mapping_with_no_taskflow_operators to 2023-10-28T01:09:11.626856+00:00, run_after=2023-10-29T01:09:11.626856+00:00
[2023-10-29T01:09:11.648+0000] {processor.py:179} INFO - Processing /usr/local/lib/python3.10/dist-packages/airflow/example_dags/example_dynamic_task_mapping_with_no_taskflow_operators.py took 0.070 seconds
[2023-10-29T01:09:58.287+0000] {processor.py:157} INFO - Started process (PID=4167) to work on /usr/local/lib/python3.10/dist-packages/airflow/example_dags/example_dynamic_task_mapping_with_no_taskflow_operators.py
[2023-10-29T01:09:58.289+0000] {processor.py:829} INFO - Processing file /usr/local/lib/python3.10/dist-packages/airflow/example_dags/example_dynamic_task_mapping_with_no_taskflow_operators.py for tasks to queue
[2023-10-29T01:09:58.289+0000] {logging_mixin.py:151} INFO - [2023-10-29T01:09:58.289+0000] {dagbag.py:536} INFO - Filling up the DagBag from /usr/local/lib/python3.10/dist-packages/airflow/example_dags/example_dynamic_task_mapping_with_no_taskflow_operators.py
[2023-10-29T01:09:58.297+0000] {processor.py:839} INFO - DAG(s) dict_keys(['example_dynamic_task_mapping_with_no_taskflow_operators']) retrieved from /usr/local/lib/python3.10/dist-packages/airflow/example_dags/example_dynamic_task_mapping_with_no_taskflow_operators.py
[2023-10-29T01:09:58.313+0000] {logging_mixin.py:151} INFO - [2023-10-29T01:09:58.313+0000] {dag.py:2941} INFO - Sync 1 DAGs
[2023-10-29T01:09:58.333+0000] {logging_mixin.py:151} INFO - [2023-10-29T01:09:58.333+0000] {dag.py:3722} INFO - Setting next_dagrun for example_dynamic_task_mapping_with_no_taskflow_operators to 2023-10-28T01:09:58.333297+00:00, run_after=2023-10-29T01:09:58.333297+00:00
[2023-10-29T01:09:58.355+0000] {processor.py:179} INFO - Processing /usr/local/lib/python3.10/dist-packages/airflow/example_dags/example_dynamic_task_mapping_with_no_taskflow_operators.py took 0.071 seconds
[2023-10-29T01:10:47.093+0000] {processor.py:157} INFO - Started process (PID=4216) to work on /usr/local/lib/python3.10/dist-packages/airflow/example_dags/example_dynamic_task_mapping_with_no_taskflow_operators.py
[2023-10-29T01:10:47.094+0000] {processor.py:829} INFO - Processing file /usr/local/lib/python3.10/dist-packages/airflow/example_dags/example_dynamic_task_mapping_with_no_taskflow_operators.py for tasks to queue
[2023-10-29T01:10:47.095+0000] {logging_mixin.py:151} INFO - [2023-10-29T01:10:47.095+0000] {dagbag.py:536} INFO - Filling up the DagBag from /usr/local/lib/python3.10/dist-packages/airflow/example_dags/example_dynamic_task_mapping_with_no_taskflow_operators.py
[2023-10-29T01:10:47.103+0000] {processor.py:839} INFO - DAG(s) dict_keys(['example_dynamic_task_mapping_with_no_taskflow_operators']) retrieved from /usr/local/lib/python3.10/dist-packages/airflow/example_dags/example_dynamic_task_mapping_with_no_taskflow_operators.py
[2023-10-29T01:10:47.118+0000] {logging_mixin.py:151} INFO - [2023-10-29T01:10:47.118+0000] {dag.py:2941} INFO - Sync 1 DAGs
[2023-10-29T01:10:47.138+0000] {logging_mixin.py:151} INFO - [2023-10-29T01:10:47.138+0000] {dag.py:3722} INFO - Setting next_dagrun for example_dynamic_task_mapping_with_no_taskflow_operators to 2023-10-28T01:10:47.137974+00:00, run_after=2023-10-29T01:10:47.137974+00:00
[2023-10-29T01:10:47.158+0000] {processor.py:179} INFO - Processing /usr/local/lib/python3.10/dist-packages/airflow/example_dags/example_dynamic_task_mapping_with_no_taskflow_operators.py took 0.068 seconds
[2023-10-29T01:11:32.617+0000] {processor.py:157} INFO - Started process (PID=4493) to work on /usr/local/lib/python3.10/dist-packages/airflow/example_dags/example_dynamic_task_mapping_with_no_taskflow_operators.py
[2023-10-29T01:11:32.619+0000] {processor.py:829} INFO - Processing file /usr/local/lib/python3.10/dist-packages/airflow/example_dags/example_dynamic_task_mapping_with_no_taskflow_operators.py for tasks to queue
[2023-10-29T01:11:32.620+0000] {logging_mixin.py:151} INFO - [2023-10-29T01:11:32.619+0000] {dagbag.py:536} INFO - Filling up the DagBag from /usr/local/lib/python3.10/dist-packages/airflow/example_dags/example_dynamic_task_mapping_with_no_taskflow_operators.py
[2023-10-29T01:11:32.627+0000] {processor.py:839} INFO - DAG(s) dict_keys(['example_dynamic_task_mapping_with_no_taskflow_operators']) retrieved from /usr/local/lib/python3.10/dist-packages/airflow/example_dags/example_dynamic_task_mapping_with_no_taskflow_operators.py
[2023-10-29T01:11:32.643+0000] {logging_mixin.py:151} INFO - [2023-10-29T01:11:32.642+0000] {dag.py:2941} INFO - Sync 1 DAGs
[2023-10-29T01:11:32.662+0000] {logging_mixin.py:151} INFO - [2023-10-29T01:11:32.662+0000] {dag.py:3722} INFO - Setting next_dagrun for example_dynamic_task_mapping_with_no_taskflow_operators to 2023-10-28T01:11:32.662430+00:00, run_after=2023-10-29T01:11:32.662430+00:00
[2023-10-29T01:11:32.685+0000] {processor.py:179} INFO - Processing /usr/local/lib/python3.10/dist-packages/airflow/example_dags/example_dynamic_task_mapping_with_no_taskflow_operators.py took 0.070 seconds
[2023-10-29T01:12:19.990+0000] {processor.py:157} INFO - Started process (PID=4687) to work on /usr/local/lib/python3.10/dist-packages/airflow/example_dags/example_dynamic_task_mapping_with_no_taskflow_operators.py
[2023-10-29T01:12:19.992+0000] {processor.py:829} INFO - Processing file /usr/local/lib/python3.10/dist-packages/airflow/example_dags/example_dynamic_task_mapping_with_no_taskflow_operators.py for tasks to queue
[2023-10-29T01:12:19.993+0000] {logging_mixin.py:151} INFO - [2023-10-29T01:12:19.992+0000] {dagbag.py:536} INFO - Filling up the DagBag from /usr/local/lib/python3.10/dist-packages/airflow/example_dags/example_dynamic_task_mapping_with_no_taskflow_operators.py
[2023-10-29T01:12:20.000+0000] {processor.py:839} INFO - DAG(s) dict_keys(['example_dynamic_task_mapping_with_no_taskflow_operators']) retrieved from /usr/local/lib/python3.10/dist-packages/airflow/example_dags/example_dynamic_task_mapping_with_no_taskflow_operators.py
[2023-10-29T01:12:20.016+0000] {logging_mixin.py:151} INFO - [2023-10-29T01:12:20.016+0000] {dag.py:2941} INFO - Sync 1 DAGs
[2023-10-29T01:12:20.036+0000] {logging_mixin.py:151} INFO - [2023-10-29T01:12:20.036+0000] {dag.py:3722} INFO - Setting next_dagrun for example_dynamic_task_mapping_with_no_taskflow_operators to 2023-10-28T01:12:20.035985+00:00, run_after=2023-10-29T01:12:20.035985+00:00
[2023-10-29T01:12:20.057+0000] {processor.py:179} INFO - Processing /usr/local/lib/python3.10/dist-packages/airflow/example_dags/example_dynamic_task_mapping_with_no_taskflow_operators.py took 0.070 seconds
[2023-10-29T01:13:01.191+0000] {processor.py:157} INFO - Started process (PID=4737) to work on /usr/local/lib/python3.10/dist-packages/airflow/example_dags/example_dynamic_task_mapping_with_no_taskflow_operators.py
[2023-10-29T01:13:01.192+0000] {processor.py:829} INFO - Processing file /usr/local/lib/python3.10/dist-packages/airflow/example_dags/example_dynamic_task_mapping_with_no_taskflow_operators.py for tasks to queue
[2023-10-29T01:13:01.193+0000] {logging_mixin.py:151} INFO - [2023-10-29T01:13:01.193+0000] {dagbag.py:536} INFO - Filling up the DagBag from /usr/local/lib/python3.10/dist-packages/airflow/example_dags/example_dynamic_task_mapping_with_no_taskflow_operators.py
[2023-10-29T01:13:01.201+0000] {processor.py:839} INFO - DAG(s) dict_keys(['example_dynamic_task_mapping_with_no_taskflow_operators']) retrieved from /usr/local/lib/python3.10/dist-packages/airflow/example_dags/example_dynamic_task_mapping_with_no_taskflow_operators.py
[2023-10-29T01:13:01.216+0000] {logging_mixin.py:151} INFO - [2023-10-29T01:13:01.216+0000] {dag.py:2941} INFO - Sync 1 DAGs
[2023-10-29T01:13:01.236+0000] {logging_mixin.py:151} INFO - [2023-10-29T01:13:01.236+0000] {dag.py:3722} INFO - Setting next_dagrun for example_dynamic_task_mapping_with_no_taskflow_operators to 2023-10-28T01:13:01.235829+00:00, run_after=2023-10-29T01:13:01.235829+00:00
[2023-10-29T01:13:01.260+0000] {processor.py:179} INFO - Processing /usr/local/lib/python3.10/dist-packages/airflow/example_dags/example_dynamic_task_mapping_with_no_taskflow_operators.py took 0.072 seconds
[2023-10-29T01:13:44.156+0000] {processor.py:157} INFO - Started process (PID=4784) to work on /usr/local/lib/python3.10/dist-packages/airflow/example_dags/example_dynamic_task_mapping_with_no_taskflow_operators.py
[2023-10-29T01:13:44.157+0000] {processor.py:829} INFO - Processing file /usr/local/lib/python3.10/dist-packages/airflow/example_dags/example_dynamic_task_mapping_with_no_taskflow_operators.py for tasks to queue
[2023-10-29T01:13:44.158+0000] {logging_mixin.py:151} INFO - [2023-10-29T01:13:44.157+0000] {dagbag.py:536} INFO - Filling up the DagBag from /usr/local/lib/python3.10/dist-packages/airflow/example_dags/example_dynamic_task_mapping_with_no_taskflow_operators.py
[2023-10-29T01:13:44.165+0000] {processor.py:839} INFO - DAG(s) dict_keys(['example_dynamic_task_mapping_with_no_taskflow_operators']) retrieved from /usr/local/lib/python3.10/dist-packages/airflow/example_dags/example_dynamic_task_mapping_with_no_taskflow_operators.py
[2023-10-29T01:13:44.181+0000] {logging_mixin.py:151} INFO - [2023-10-29T01:13:44.180+0000] {dag.py:2941} INFO - Sync 1 DAGs
[2023-10-29T01:13:44.200+0000] {logging_mixin.py:151} INFO - [2023-10-29T01:13:44.200+0000] {dag.py:3722} INFO - Setting next_dagrun for example_dynamic_task_mapping_with_no_taskflow_operators to 2023-10-28T01:13:44.200504+00:00, run_after=2023-10-29T01:13:44.200504+00:00
[2023-10-29T01:13:44.223+0000] {processor.py:179} INFO - Processing /usr/local/lib/python3.10/dist-packages/airflow/example_dags/example_dynamic_task_mapping_with_no_taskflow_operators.py took 0.070 seconds
[2023-10-29T01:14:30.417+0000] {processor.py:157} INFO - Started process (PID=4832) to work on /usr/local/lib/python3.10/dist-packages/airflow/example_dags/example_dynamic_task_mapping_with_no_taskflow_operators.py
[2023-10-29T01:14:30.418+0000] {processor.py:829} INFO - Processing file /usr/local/lib/python3.10/dist-packages/airflow/example_dags/example_dynamic_task_mapping_with_no_taskflow_operators.py for tasks to queue
[2023-10-29T01:14:30.419+0000] {logging_mixin.py:151} INFO - [2023-10-29T01:14:30.419+0000] {dagbag.py:536} INFO - Filling up the DagBag from /usr/local/lib/python3.10/dist-packages/airflow/example_dags/example_dynamic_task_mapping_with_no_taskflow_operators.py
[2023-10-29T01:14:30.427+0000] {processor.py:839} INFO - DAG(s) dict_keys(['example_dynamic_task_mapping_with_no_taskflow_operators']) retrieved from /usr/local/lib/python3.10/dist-packages/airflow/example_dags/example_dynamic_task_mapping_with_no_taskflow_operators.py
[2023-10-29T01:14:30.442+0000] {logging_mixin.py:151} INFO - [2023-10-29T01:14:30.442+0000] {dag.py:2941} INFO - Sync 1 DAGs
[2023-10-29T01:14:30.463+0000] {logging_mixin.py:151} INFO - [2023-10-29T01:14:30.462+0000] {dag.py:3722} INFO - Setting next_dagrun for example_dynamic_task_mapping_with_no_taskflow_operators to 2023-10-28T01:14:30.462599+00:00, run_after=2023-10-29T01:14:30.462599+00:00
[2023-10-29T01:14:30.483+0000] {processor.py:179} INFO - Processing /usr/local/lib/python3.10/dist-packages/airflow/example_dags/example_dynamic_task_mapping_with_no_taskflow_operators.py took 0.069 seconds
[2023-10-29T01:15:19.743+0000] {processor.py:157} INFO - Started process (PID=4885) to work on /usr/local/lib/python3.10/dist-packages/airflow/example_dags/example_dynamic_task_mapping_with_no_taskflow_operators.py
[2023-10-29T01:15:19.744+0000] {processor.py:829} INFO - Processing file /usr/local/lib/python3.10/dist-packages/airflow/example_dags/example_dynamic_task_mapping_with_no_taskflow_operators.py for tasks to queue
[2023-10-29T01:15:19.745+0000] {logging_mixin.py:151} INFO - [2023-10-29T01:15:19.745+0000] {dagbag.py:536} INFO - Filling up the DagBag from /usr/local/lib/python3.10/dist-packages/airflow/example_dags/example_dynamic_task_mapping_with_no_taskflow_operators.py
[2023-10-29T01:15:19.753+0000] {processor.py:839} INFO - DAG(s) dict_keys(['example_dynamic_task_mapping_with_no_taskflow_operators']) retrieved from /usr/local/lib/python3.10/dist-packages/airflow/example_dags/example_dynamic_task_mapping_with_no_taskflow_operators.py
[2023-10-29T01:15:19.768+0000] {logging_mixin.py:151} INFO - [2023-10-29T01:15:19.768+0000] {dag.py:2941} INFO - Sync 1 DAGs
[2023-10-29T01:15:19.788+0000] {logging_mixin.py:151} INFO - [2023-10-29T01:15:19.788+0000] {dag.py:3722} INFO - Setting next_dagrun for example_dynamic_task_mapping_with_no_taskflow_operators to 2023-10-28T01:15:19.788134+00:00, run_after=2023-10-29T01:15:19.788134+00:00
[2023-10-29T01:15:19.809+0000] {processor.py:179} INFO - Processing /usr/local/lib/python3.10/dist-packages/airflow/example_dags/example_dynamic_task_mapping_with_no_taskflow_operators.py took 0.070 seconds
[2023-10-29T01:16:04.731+0000] {processor.py:157} INFO - Started process (PID=4931) to work on /usr/local/lib/python3.10/dist-packages/airflow/example_dags/example_dynamic_task_mapping_with_no_taskflow_operators.py
[2023-10-29T01:16:04.733+0000] {processor.py:829} INFO - Processing file /usr/local/lib/python3.10/dist-packages/airflow/example_dags/example_dynamic_task_mapping_with_no_taskflow_operators.py for tasks to queue
[2023-10-29T01:16:04.734+0000] {logging_mixin.py:151} INFO - [2023-10-29T01:16:04.733+0000] {dagbag.py:536} INFO - Filling up the DagBag from /usr/local/lib/python3.10/dist-packages/airflow/example_dags/example_dynamic_task_mapping_with_no_taskflow_operators.py
[2023-10-29T01:16:04.742+0000] {processor.py:839} INFO - DAG(s) dict_keys(['example_dynamic_task_mapping_with_no_taskflow_operators']) retrieved from /usr/local/lib/python3.10/dist-packages/airflow/example_dags/example_dynamic_task_mapping_with_no_taskflow_operators.py
[2023-10-29T01:16:04.757+0000] {logging_mixin.py:151} INFO - [2023-10-29T01:16:04.757+0000] {dag.py:2941} INFO - Sync 1 DAGs
[2023-10-29T01:16:04.777+0000] {logging_mixin.py:151} INFO - [2023-10-29T01:16:04.777+0000] {dag.py:3722} INFO - Setting next_dagrun for example_dynamic_task_mapping_with_no_taskflow_operators to 2023-10-28T01:16:04.776986+00:00, run_after=2023-10-29T01:16:04.776986+00:00
[2023-10-29T01:16:04.798+0000] {processor.py:179} INFO - Processing /usr/local/lib/python3.10/dist-packages/airflow/example_dags/example_dynamic_task_mapping_with_no_taskflow_operators.py took 0.070 seconds
[2023-10-29T01:16:53.332+0000] {processor.py:157} INFO - Started process (PID=4980) to work on /usr/local/lib/python3.10/dist-packages/airflow/example_dags/example_dynamic_task_mapping_with_no_taskflow_operators.py
[2023-10-29T01:16:53.333+0000] {processor.py:829} INFO - Processing file /usr/local/lib/python3.10/dist-packages/airflow/example_dags/example_dynamic_task_mapping_with_no_taskflow_operators.py for tasks to queue
[2023-10-29T01:16:53.334+0000] {logging_mixin.py:151} INFO - [2023-10-29T01:16:53.334+0000] {dagbag.py:536} INFO - Filling up the DagBag from /usr/local/lib/python3.10/dist-packages/airflow/example_dags/example_dynamic_task_mapping_with_no_taskflow_operators.py
[2023-10-29T01:16:53.342+0000] {processor.py:839} INFO - DAG(s) dict_keys(['example_dynamic_task_mapping_with_no_taskflow_operators']) retrieved from /usr/local/lib/python3.10/dist-packages/airflow/example_dags/example_dynamic_task_mapping_with_no_taskflow_operators.py
[2023-10-29T01:16:53.357+0000] {logging_mixin.py:151} INFO - [2023-10-29T01:16:53.357+0000] {dag.py:2941} INFO - Sync 1 DAGs
[2023-10-29T01:16:53.378+0000] {logging_mixin.py:151} INFO - [2023-10-29T01:16:53.377+0000] {dag.py:3722} INFO - Setting next_dagrun for example_dynamic_task_mapping_with_no_taskflow_operators to 2023-10-28T01:16:53.377682+00:00, run_after=2023-10-29T01:16:53.377682+00:00
[2023-10-29T01:16:53.409+0000] {processor.py:179} INFO - Processing /usr/local/lib/python3.10/dist-packages/airflow/example_dags/example_dynamic_task_mapping_with_no_taskflow_operators.py took 0.080 seconds
[2023-10-29T01:17:39.587+0000] {processor.py:157} INFO - Started process (PID=5030) to work on /usr/local/lib/python3.10/dist-packages/airflow/example_dags/example_dynamic_task_mapping_with_no_taskflow_operators.py
[2023-10-29T01:17:39.588+0000] {processor.py:829} INFO - Processing file /usr/local/lib/python3.10/dist-packages/airflow/example_dags/example_dynamic_task_mapping_with_no_taskflow_operators.py for tasks to queue
[2023-10-29T01:17:39.589+0000] {logging_mixin.py:151} INFO - [2023-10-29T01:17:39.589+0000] {dagbag.py:536} INFO - Filling up the DagBag from /usr/local/lib/python3.10/dist-packages/airflow/example_dags/example_dynamic_task_mapping_with_no_taskflow_operators.py
[2023-10-29T01:17:39.597+0000] {processor.py:839} INFO - DAG(s) dict_keys(['example_dynamic_task_mapping_with_no_taskflow_operators']) retrieved from /usr/local/lib/python3.10/dist-packages/airflow/example_dags/example_dynamic_task_mapping_with_no_taskflow_operators.py
[2023-10-29T01:17:39.613+0000] {logging_mixin.py:151} INFO - [2023-10-29T01:17:39.613+0000] {dag.py:2941} INFO - Sync 1 DAGs
[2023-10-29T01:17:39.634+0000] {logging_mixin.py:151} INFO - [2023-10-29T01:17:39.634+0000] {dag.py:3722} INFO - Setting next_dagrun for example_dynamic_task_mapping_with_no_taskflow_operators to 2023-10-28T01:17:39.634110+00:00, run_after=2023-10-29T01:17:39.634110+00:00
[2023-10-29T01:17:39.655+0000] {processor.py:179} INFO - Processing /usr/local/lib/python3.10/dist-packages/airflow/example_dags/example_dynamic_task_mapping_with_no_taskflow_operators.py took 0.071 seconds
[2023-10-29T01:18:25.961+0000] {processor.py:157} INFO - Started process (PID=5077) to work on /usr/local/lib/python3.10/dist-packages/airflow/example_dags/example_dynamic_task_mapping_with_no_taskflow_operators.py
[2023-10-29T01:18:25.962+0000] {processor.py:829} INFO - Processing file /usr/local/lib/python3.10/dist-packages/airflow/example_dags/example_dynamic_task_mapping_with_no_taskflow_operators.py for tasks to queue
[2023-10-29T01:18:25.963+0000] {logging_mixin.py:151} INFO - [2023-10-29T01:18:25.962+0000] {dagbag.py:536} INFO - Filling up the DagBag from /usr/local/lib/python3.10/dist-packages/airflow/example_dags/example_dynamic_task_mapping_with_no_taskflow_operators.py
[2023-10-29T01:18:25.970+0000] {processor.py:839} INFO - DAG(s) dict_keys(['example_dynamic_task_mapping_with_no_taskflow_operators']) retrieved from /usr/local/lib/python3.10/dist-packages/airflow/example_dags/example_dynamic_task_mapping_with_no_taskflow_operators.py
[2023-10-29T01:18:25.985+0000] {logging_mixin.py:151} INFO - [2023-10-29T01:18:25.985+0000] {dag.py:2941} INFO - Sync 1 DAGs
[2023-10-29T01:18:26.005+0000] {logging_mixin.py:151} INFO - [2023-10-29T01:18:26.005+0000] {dag.py:3722} INFO - Setting next_dagrun for example_dynamic_task_mapping_with_no_taskflow_operators to 2023-10-28T01:18:26.004835+00:00, run_after=2023-10-29T01:18:26.004835+00:00
[2023-10-29T01:18:26.026+0000] {processor.py:179} INFO - Processing /usr/local/lib/python3.10/dist-packages/airflow/example_dags/example_dynamic_task_mapping_with_no_taskflow_operators.py took 0.069 seconds
[2023-10-29T01:19:12.055+0000] {processor.py:157} INFO - Started process (PID=5124) to work on /usr/local/lib/python3.10/dist-packages/airflow/example_dags/example_dynamic_task_mapping_with_no_taskflow_operators.py
[2023-10-29T01:19:12.057+0000] {processor.py:829} INFO - Processing file /usr/local/lib/python3.10/dist-packages/airflow/example_dags/example_dynamic_task_mapping_with_no_taskflow_operators.py for tasks to queue
[2023-10-29T01:19:12.058+0000] {logging_mixin.py:151} INFO - [2023-10-29T01:19:12.057+0000] {dagbag.py:536} INFO - Filling up the DagBag from /usr/local/lib/python3.10/dist-packages/airflow/example_dags/example_dynamic_task_mapping_with_no_taskflow_operators.py
[2023-10-29T01:19:12.066+0000] {processor.py:839} INFO - DAG(s) dict_keys(['example_dynamic_task_mapping_with_no_taskflow_operators']) retrieved from /usr/local/lib/python3.10/dist-packages/airflow/example_dags/example_dynamic_task_mapping_with_no_taskflow_operators.py
[2023-10-29T01:19:12.081+0000] {logging_mixin.py:151} INFO - [2023-10-29T01:19:12.081+0000] {dag.py:2941} INFO - Sync 1 DAGs
[2023-10-29T01:19:12.101+0000] {logging_mixin.py:151} INFO - [2023-10-29T01:19:12.101+0000] {dag.py:3722} INFO - Setting next_dagrun for example_dynamic_task_mapping_with_no_taskflow_operators to 2023-10-28T01:19:12.101092+00:00, run_after=2023-10-29T01:19:12.101092+00:00
[2023-10-29T01:19:12.123+0000] {processor.py:179} INFO - Processing /usr/local/lib/python3.10/dist-packages/airflow/example_dags/example_dynamic_task_mapping_with_no_taskflow_operators.py took 0.071 seconds
[2023-10-29T01:20:01.817+0000] {processor.py:157} INFO - Started process (PID=5175) to work on /usr/local/lib/python3.10/dist-packages/airflow/example_dags/example_dynamic_task_mapping_with_no_taskflow_operators.py
[2023-10-29T01:20:01.818+0000] {processor.py:829} INFO - Processing file /usr/local/lib/python3.10/dist-packages/airflow/example_dags/example_dynamic_task_mapping_with_no_taskflow_operators.py for tasks to queue
[2023-10-29T01:20:01.819+0000] {logging_mixin.py:151} INFO - [2023-10-29T01:20:01.819+0000] {dagbag.py:536} INFO - Filling up the DagBag from /usr/local/lib/python3.10/dist-packages/airflow/example_dags/example_dynamic_task_mapping_with_no_taskflow_operators.py
[2023-10-29T01:20:01.827+0000] {processor.py:839} INFO - DAG(s) dict_keys(['example_dynamic_task_mapping_with_no_taskflow_operators']) retrieved from /usr/local/lib/python3.10/dist-packages/airflow/example_dags/example_dynamic_task_mapping_with_no_taskflow_operators.py
[2023-10-29T01:20:01.843+0000] {logging_mixin.py:151} INFO - [2023-10-29T01:20:01.843+0000] {dag.py:2941} INFO - Sync 1 DAGs
[2023-10-29T01:20:01.864+0000] {logging_mixin.py:151} INFO - [2023-10-29T01:20:01.864+0000] {dag.py:3722} INFO - Setting next_dagrun for example_dynamic_task_mapping_with_no_taskflow_operators to 2023-10-28T01:20:01.864289+00:00, run_after=2023-10-29T01:20:01.864289+00:00
[2023-10-29T01:20:01.887+0000] {processor.py:179} INFO - Processing /usr/local/lib/python3.10/dist-packages/airflow/example_dags/example_dynamic_task_mapping_with_no_taskflow_operators.py took 0.073 seconds
[2023-10-29T01:20:46.528+0000] {processor.py:157} INFO - Started process (PID=5221) to work on /usr/local/lib/python3.10/dist-packages/airflow/example_dags/example_dynamic_task_mapping_with_no_taskflow_operators.py
[2023-10-29T01:20:46.529+0000] {processor.py:829} INFO - Processing file /usr/local/lib/python3.10/dist-packages/airflow/example_dags/example_dynamic_task_mapping_with_no_taskflow_operators.py for tasks to queue
[2023-10-29T01:20:46.530+0000] {logging_mixin.py:151} INFO - [2023-10-29T01:20:46.530+0000] {dagbag.py:536} INFO - Filling up the DagBag from /usr/local/lib/python3.10/dist-packages/airflow/example_dags/example_dynamic_task_mapping_with_no_taskflow_operators.py
[2023-10-29T01:20:46.538+0000] {processor.py:839} INFO - DAG(s) dict_keys(['example_dynamic_task_mapping_with_no_taskflow_operators']) retrieved from /usr/local/lib/python3.10/dist-packages/airflow/example_dags/example_dynamic_task_mapping_with_no_taskflow_operators.py
[2023-10-29T01:20:46.553+0000] {logging_mixin.py:151} INFO - [2023-10-29T01:20:46.553+0000] {dag.py:2941} INFO - Sync 1 DAGs
[2023-10-29T01:20:46.574+0000] {logging_mixin.py:151} INFO - [2023-10-29T01:20:46.573+0000] {dag.py:3722} INFO - Setting next_dagrun for example_dynamic_task_mapping_with_no_taskflow_operators to 2023-10-28T01:20:46.573708+00:00, run_after=2023-10-29T01:20:46.573708+00:00
[2023-10-29T01:20:46.595+0000] {processor.py:179} INFO - Processing /usr/local/lib/python3.10/dist-packages/airflow/example_dags/example_dynamic_task_mapping_with_no_taskflow_operators.py took 0.070 seconds
[2023-10-29T01:21:31.814+0000] {processor.py:157} INFO - Started process (PID=5268) to work on /usr/local/lib/python3.10/dist-packages/airflow/example_dags/example_dynamic_task_mapping_with_no_taskflow_operators.py
[2023-10-29T01:21:31.815+0000] {processor.py:829} INFO - Processing file /usr/local/lib/python3.10/dist-packages/airflow/example_dags/example_dynamic_task_mapping_with_no_taskflow_operators.py for tasks to queue
[2023-10-29T01:21:31.816+0000] {logging_mixin.py:151} INFO - [2023-10-29T01:21:31.816+0000] {dagbag.py:536} INFO - Filling up the DagBag from /usr/local/lib/python3.10/dist-packages/airflow/example_dags/example_dynamic_task_mapping_with_no_taskflow_operators.py
[2023-10-29T01:21:31.824+0000] {processor.py:839} INFO - DAG(s) dict_keys(['example_dynamic_task_mapping_with_no_taskflow_operators']) retrieved from /usr/local/lib/python3.10/dist-packages/airflow/example_dags/example_dynamic_task_mapping_with_no_taskflow_operators.py
[2023-10-29T01:21:31.840+0000] {logging_mixin.py:151} INFO - [2023-10-29T01:21:31.840+0000] {dag.py:2941} INFO - Sync 1 DAGs
[2023-10-29T01:21:31.860+0000] {logging_mixin.py:151} INFO - [2023-10-29T01:21:31.860+0000] {dag.py:3722} INFO - Setting next_dagrun for example_dynamic_task_mapping_with_no_taskflow_operators to 2023-10-28T01:21:31.860165+00:00, run_after=2023-10-29T01:21:31.860165+00:00
[2023-10-29T01:21:31.882+0000] {processor.py:179} INFO - Processing /usr/local/lib/python3.10/dist-packages/airflow/example_dags/example_dynamic_task_mapping_with_no_taskflow_operators.py took 0.072 seconds
[2023-10-29T01:22:21.853+0000] {processor.py:157} INFO - Started process (PID=5320) to work on /usr/local/lib/python3.10/dist-packages/airflow/example_dags/example_dynamic_task_mapping_with_no_taskflow_operators.py
[2023-10-29T01:22:21.854+0000] {processor.py:829} INFO - Processing file /usr/local/lib/python3.10/dist-packages/airflow/example_dags/example_dynamic_task_mapping_with_no_taskflow_operators.py for tasks to queue
[2023-10-29T01:22:21.855+0000] {logging_mixin.py:151} INFO - [2023-10-29T01:22:21.854+0000] {dagbag.py:536} INFO - Filling up the DagBag from /usr/local/lib/python3.10/dist-packages/airflow/example_dags/example_dynamic_task_mapping_with_no_taskflow_operators.py
[2023-10-29T01:22:21.863+0000] {processor.py:839} INFO - DAG(s) dict_keys(['example_dynamic_task_mapping_with_no_taskflow_operators']) retrieved from /usr/local/lib/python3.10/dist-packages/airflow/example_dags/example_dynamic_task_mapping_with_no_taskflow_operators.py
[2023-10-29T01:22:21.878+0000] {logging_mixin.py:151} INFO - [2023-10-29T01:22:21.878+0000] {dag.py:2941} INFO - Sync 1 DAGs
[2023-10-29T01:22:21.899+0000] {logging_mixin.py:151} INFO - [2023-10-29T01:22:21.898+0000] {dag.py:3722} INFO - Setting next_dagrun for example_dynamic_task_mapping_with_no_taskflow_operators to 2023-10-28T01:22:21.898696+00:00, run_after=2023-10-29T01:22:21.898696+00:00
[2023-10-29T01:22:21.922+0000] {processor.py:179} INFO - Processing /usr/local/lib/python3.10/dist-packages/airflow/example_dags/example_dynamic_task_mapping_with_no_taskflow_operators.py took 0.072 seconds
[2023-10-29T01:23:08.418+0000] {processor.py:157} INFO - Started process (PID=5368) to work on /usr/local/lib/python3.10/dist-packages/airflow/example_dags/example_dynamic_task_mapping_with_no_taskflow_operators.py
[2023-10-29T01:23:08.419+0000] {processor.py:829} INFO - Processing file /usr/local/lib/python3.10/dist-packages/airflow/example_dags/example_dynamic_task_mapping_with_no_taskflow_operators.py for tasks to queue
[2023-10-29T01:23:08.420+0000] {logging_mixin.py:151} INFO - [2023-10-29T01:23:08.419+0000] {dagbag.py:536} INFO - Filling up the DagBag from /usr/local/lib/python3.10/dist-packages/airflow/example_dags/example_dynamic_task_mapping_with_no_taskflow_operators.py
[2023-10-29T01:23:08.427+0000] {processor.py:839} INFO - DAG(s) dict_keys(['example_dynamic_task_mapping_with_no_taskflow_operators']) retrieved from /usr/local/lib/python3.10/dist-packages/airflow/example_dags/example_dynamic_task_mapping_with_no_taskflow_operators.py
[2023-10-29T01:23:08.443+0000] {logging_mixin.py:151} INFO - [2023-10-29T01:23:08.442+0000] {dag.py:2941} INFO - Sync 1 DAGs
[2023-10-29T01:23:08.462+0000] {logging_mixin.py:151} INFO - [2023-10-29T01:23:08.462+0000] {dag.py:3722} INFO - Setting next_dagrun for example_dynamic_task_mapping_with_no_taskflow_operators to 2023-10-28T01:23:08.461855+00:00, run_after=2023-10-29T01:23:08.461855+00:00
[2023-10-29T01:23:08.485+0000] {processor.py:179} INFO - Processing /usr/local/lib/python3.10/dist-packages/airflow/example_dags/example_dynamic_task_mapping_with_no_taskflow_operators.py took 0.071 seconds
[2023-10-29T01:23:59.775+0000] {processor.py:157} INFO - Started process (PID=5419) to work on /usr/local/lib/python3.10/dist-packages/airflow/example_dags/example_dynamic_task_mapping_with_no_taskflow_operators.py
[2023-10-29T01:23:59.776+0000] {processor.py:829} INFO - Processing file /usr/local/lib/python3.10/dist-packages/airflow/example_dags/example_dynamic_task_mapping_with_no_taskflow_operators.py for tasks to queue
[2023-10-29T01:23:59.777+0000] {logging_mixin.py:151} INFO - [2023-10-29T01:23:59.776+0000] {dagbag.py:536} INFO - Filling up the DagBag from /usr/local/lib/python3.10/dist-packages/airflow/example_dags/example_dynamic_task_mapping_with_no_taskflow_operators.py
[2023-10-29T01:23:59.785+0000] {processor.py:839} INFO - DAG(s) dict_keys(['example_dynamic_task_mapping_with_no_taskflow_operators']) retrieved from /usr/local/lib/python3.10/dist-packages/airflow/example_dags/example_dynamic_task_mapping_with_no_taskflow_operators.py
[2023-10-29T01:23:59.800+0000] {logging_mixin.py:151} INFO - [2023-10-29T01:23:59.800+0000] {dag.py:2941} INFO - Sync 1 DAGs
[2023-10-29T01:23:59.820+0000] {logging_mixin.py:151} INFO - [2023-10-29T01:23:59.820+0000] {dag.py:3722} INFO - Setting next_dagrun for example_dynamic_task_mapping_with_no_taskflow_operators to 2023-10-28T01:23:59.820261+00:00, run_after=2023-10-29T01:23:59.820261+00:00
[2023-10-29T01:23:59.842+0000] {processor.py:179} INFO - Processing /usr/local/lib/python3.10/dist-packages/airflow/example_dags/example_dynamic_task_mapping_with_no_taskflow_operators.py took 0.071 seconds
[2023-10-29T01:24:50.224+0000] {processor.py:157} INFO - Started process (PID=5470) to work on /usr/local/lib/python3.10/dist-packages/airflow/example_dags/example_dynamic_task_mapping_with_no_taskflow_operators.py
[2023-10-29T01:24:50.225+0000] {processor.py:829} INFO - Processing file /usr/local/lib/python3.10/dist-packages/airflow/example_dags/example_dynamic_task_mapping_with_no_taskflow_operators.py for tasks to queue
[2023-10-29T01:24:50.226+0000] {logging_mixin.py:151} INFO - [2023-10-29T01:24:50.226+0000] {dagbag.py:536} INFO - Filling up the DagBag from /usr/local/lib/python3.10/dist-packages/airflow/example_dags/example_dynamic_task_mapping_with_no_taskflow_operators.py
[2023-10-29T01:24:50.234+0000] {processor.py:839} INFO - DAG(s) dict_keys(['example_dynamic_task_mapping_with_no_taskflow_operators']) retrieved from /usr/local/lib/python3.10/dist-packages/airflow/example_dags/example_dynamic_task_mapping_with_no_taskflow_operators.py
[2023-10-29T01:24:50.250+0000] {logging_mixin.py:151} INFO - [2023-10-29T01:24:50.249+0000] {dag.py:2941} INFO - Sync 1 DAGs
[2023-10-29T01:24:50.270+0000] {logging_mixin.py:151} INFO - [2023-10-29T01:24:50.270+0000] {dag.py:3722} INFO - Setting next_dagrun for example_dynamic_task_mapping_with_no_taskflow_operators to 2023-10-28T01:24:50.269818+00:00, run_after=2023-10-29T01:24:50.269818+00:00
[2023-10-29T01:24:50.292+0000] {processor.py:179} INFO - Processing /usr/local/lib/python3.10/dist-packages/airflow/example_dags/example_dynamic_task_mapping_with_no_taskflow_operators.py took 0.071 seconds
[2023-10-29T01:25:38.634+0000] {processor.py:157} INFO - Started process (PID=5520) to work on /usr/local/lib/python3.10/dist-packages/airflow/example_dags/example_dynamic_task_mapping_with_no_taskflow_operators.py
[2023-10-29T01:25:38.635+0000] {processor.py:829} INFO - Processing file /usr/local/lib/python3.10/dist-packages/airflow/example_dags/example_dynamic_task_mapping_with_no_taskflow_operators.py for tasks to queue
[2023-10-29T01:25:38.636+0000] {logging_mixin.py:151} INFO - [2023-10-29T01:25:38.635+0000] {dagbag.py:536} INFO - Filling up the DagBag from /usr/local/lib/python3.10/dist-packages/airflow/example_dags/example_dynamic_task_mapping_with_no_taskflow_operators.py
[2023-10-29T01:25:38.643+0000] {processor.py:839} INFO - DAG(s) dict_keys(['example_dynamic_task_mapping_with_no_taskflow_operators']) retrieved from /usr/local/lib/python3.10/dist-packages/airflow/example_dags/example_dynamic_task_mapping_with_no_taskflow_operators.py
[2023-10-29T01:25:38.659+0000] {logging_mixin.py:151} INFO - [2023-10-29T01:25:38.658+0000] {dag.py:2941} INFO - Sync 1 DAGs
[2023-10-29T01:25:38.678+0000] {logging_mixin.py:151} INFO - [2023-10-29T01:25:38.678+0000] {dag.py:3722} INFO - Setting next_dagrun for example_dynamic_task_mapping_with_no_taskflow_operators to 2023-10-28T01:25:38.678111+00:00, run_after=2023-10-29T01:25:38.678111+00:00
[2023-10-29T01:25:38.699+0000] {processor.py:179} INFO - Processing /usr/local/lib/python3.10/dist-packages/airflow/example_dags/example_dynamic_task_mapping_with_no_taskflow_operators.py took 0.068 seconds
