[2023-10-29T01:01:41.671+0000] {processor.py:157} INFO - Started process (PID=3651) to work on /usr/local/lib/python3.10/dist-packages/airflow/example_dags/example_params_trigger_ui.py
[2023-10-29T01:01:41.671+0000] {processor.py:829} INFO - Processing file /usr/local/lib/python3.10/dist-packages/airflow/example_dags/example_params_trigger_ui.py for tasks to queue
[2023-10-29T01:01:41.672+0000] {logging_mixin.py:151} INFO - [2023-10-29T01:01:41.672+0000] {dagbag.py:536} INFO - Filling up the DagBag from /usr/local/lib/python3.10/dist-packages/airflow/example_dags/example_params_trigger_ui.py
[2023-10-29T01:01:41.690+0000] {processor.py:839} INFO - DAG(s) dict_keys(['example_params_trigger_ui']) retrieved from /usr/local/lib/python3.10/dist-packages/airflow/example_dags/example_params_trigger_ui.py
[2023-10-29T01:01:41.824+0000] {logging_mixin.py:151} INFO - [2023-10-29T01:01:41.823+0000] {manager.py:499} INFO - Created Permission View: %s
[2023-10-29T01:01:41.835+0000] {logging_mixin.py:151} INFO - [2023-10-29T01:01:41.835+0000] {manager.py:499} INFO - Created Permission View: %s
[2023-10-29T01:01:41.845+0000] {logging_mixin.py:151} INFO - [2023-10-29T01:01:41.845+0000] {manager.py:499} INFO - Created Permission View: %s
[2023-10-29T01:01:41.846+0000] {logging_mixin.py:151} INFO - [2023-10-29T01:01:41.846+0000] {dag.py:2941} INFO - Sync 1 DAGs
[2023-10-29T01:01:41.858+0000] {logging_mixin.py:151} INFO - [2023-10-29T01:01:41.858+0000] {dag.py:2963} INFO - Creating ORM DAG for example_params_trigger_ui
[2023-10-29T01:01:41.859+0000] {logging_mixin.py:151} INFO - [2023-10-29T01:01:41.858+0000] {dag.py:3722} INFO - Setting next_dagrun for example_params_trigger_ui to None, run_after=None
[2023-10-29T01:01:41.882+0000] {processor.py:179} INFO - Processing /usr/local/lib/python3.10/dist-packages/airflow/example_dags/example_params_trigger_ui.py took 0.215 seconds
[2023-10-29T01:02:37.147+0000] {processor.py:157} INFO - Started process (PID=3707) to work on /usr/local/lib/python3.10/dist-packages/airflow/example_dags/example_params_trigger_ui.py
[2023-10-29T01:02:37.148+0000] {processor.py:829} INFO - Processing file /usr/local/lib/python3.10/dist-packages/airflow/example_dags/example_params_trigger_ui.py for tasks to queue
[2023-10-29T01:02:37.149+0000] {logging_mixin.py:151} INFO - [2023-10-29T01:02:37.149+0000] {dagbag.py:536} INFO - Filling up the DagBag from /usr/local/lib/python3.10/dist-packages/airflow/example_dags/example_params_trigger_ui.py
[2023-10-29T01:02:37.167+0000] {processor.py:839} INFO - DAG(s) dict_keys(['example_params_trigger_ui']) retrieved from /usr/local/lib/python3.10/dist-packages/airflow/example_dags/example_params_trigger_ui.py
[2023-10-29T01:02:37.212+0000] {logging_mixin.py:151} INFO - [2023-10-29T01:02:37.212+0000] {dag.py:2941} INFO - Sync 1 DAGs
[2023-10-29T01:02:37.224+0000] {logging_mixin.py:151} INFO - [2023-10-29T01:02:37.223+0000] {dag.py:3722} INFO - Setting next_dagrun for example_params_trigger_ui to None, run_after=None
[2023-10-29T01:02:37.245+0000] {processor.py:179} INFO - Processing /usr/local/lib/python3.10/dist-packages/airflow/example_dags/example_params_trigger_ui.py took 0.101 seconds
[2023-10-29T01:03:18.828+0000] {processor.py:157} INFO - Started process (PID=3753) to work on /usr/local/lib/python3.10/dist-packages/airflow/example_dags/example_params_trigger_ui.py
[2023-10-29T01:03:18.829+0000] {processor.py:829} INFO - Processing file /usr/local/lib/python3.10/dist-packages/airflow/example_dags/example_params_trigger_ui.py for tasks to queue
[2023-10-29T01:03:18.830+0000] {logging_mixin.py:151} INFO - [2023-10-29T01:03:18.830+0000] {dagbag.py:536} INFO - Filling up the DagBag from /usr/local/lib/python3.10/dist-packages/airflow/example_dags/example_params_trigger_ui.py
[2023-10-29T01:03:18.848+0000] {processor.py:839} INFO - DAG(s) dict_keys(['example_params_trigger_ui']) retrieved from /usr/local/lib/python3.10/dist-packages/airflow/example_dags/example_params_trigger_ui.py
[2023-10-29T01:03:18.894+0000] {logging_mixin.py:151} INFO - [2023-10-29T01:03:18.894+0000] {dag.py:2941} INFO - Sync 1 DAGs
[2023-10-29T01:03:18.906+0000] {logging_mixin.py:151} INFO - [2023-10-29T01:03:18.906+0000] {dag.py:3722} INFO - Setting next_dagrun for example_params_trigger_ui to None, run_after=None
[2023-10-29T01:03:18.927+0000] {processor.py:179} INFO - Processing /usr/local/lib/python3.10/dist-packages/airflow/example_dags/example_params_trigger_ui.py took 0.103 seconds
[2023-10-29T01:04:02.094+0000] {processor.py:157} INFO - Started process (PID=3799) to work on /usr/local/lib/python3.10/dist-packages/airflow/example_dags/example_params_trigger_ui.py
[2023-10-29T01:04:02.095+0000] {processor.py:829} INFO - Processing file /usr/local/lib/python3.10/dist-packages/airflow/example_dags/example_params_trigger_ui.py for tasks to queue
[2023-10-29T01:04:02.096+0000] {logging_mixin.py:151} INFO - [2023-10-29T01:04:02.096+0000] {dagbag.py:536} INFO - Filling up the DagBag from /usr/local/lib/python3.10/dist-packages/airflow/example_dags/example_params_trigger_ui.py
[2023-10-29T01:04:02.114+0000] {processor.py:839} INFO - DAG(s) dict_keys(['example_params_trigger_ui']) retrieved from /usr/local/lib/python3.10/dist-packages/airflow/example_dags/example_params_trigger_ui.py
[2023-10-29T01:04:02.159+0000] {logging_mixin.py:151} INFO - [2023-10-29T01:04:02.159+0000] {dag.py:2941} INFO - Sync 1 DAGs
[2023-10-29T01:04:02.171+0000] {logging_mixin.py:151} INFO - [2023-10-29T01:04:02.171+0000] {dag.py:3722} INFO - Setting next_dagrun for example_params_trigger_ui to None, run_after=None
[2023-10-29T01:04:02.194+0000] {processor.py:179} INFO - Processing /usr/local/lib/python3.10/dist-packages/airflow/example_dags/example_params_trigger_ui.py took 0.104 seconds
[2023-10-29T01:04:56.034+0000] {processor.py:157} INFO - Started process (PID=3855) to work on /usr/local/lib/python3.10/dist-packages/airflow/example_dags/example_params_trigger_ui.py
[2023-10-29T01:04:56.035+0000] {processor.py:829} INFO - Processing file /usr/local/lib/python3.10/dist-packages/airflow/example_dags/example_params_trigger_ui.py for tasks to queue
[2023-10-29T01:04:56.036+0000] {logging_mixin.py:151} INFO - [2023-10-29T01:04:56.035+0000] {dagbag.py:536} INFO - Filling up the DagBag from /usr/local/lib/python3.10/dist-packages/airflow/example_dags/example_params_trigger_ui.py
[2023-10-29T01:04:56.054+0000] {processor.py:839} INFO - DAG(s) dict_keys(['example_params_trigger_ui']) retrieved from /usr/local/lib/python3.10/dist-packages/airflow/example_dags/example_params_trigger_ui.py
[2023-10-29T01:04:56.100+0000] {logging_mixin.py:151} INFO - [2023-10-29T01:04:56.100+0000] {dag.py:2941} INFO - Sync 1 DAGs
[2023-10-29T01:04:56.113+0000] {logging_mixin.py:151} INFO - [2023-10-29T01:04:56.113+0000] {dag.py:3722} INFO - Setting next_dagrun for example_params_trigger_ui to None, run_after=None
[2023-10-29T01:04:56.135+0000] {processor.py:179} INFO - Processing /usr/local/lib/python3.10/dist-packages/airflow/example_dags/example_params_trigger_ui.py took 0.105 seconds
[2023-10-29T01:05:43.844+0000] {processor.py:157} INFO - Started process (PID=3905) to work on /usr/local/lib/python3.10/dist-packages/airflow/example_dags/example_params_trigger_ui.py
[2023-10-29T01:05:43.845+0000] {processor.py:829} INFO - Processing file /usr/local/lib/python3.10/dist-packages/airflow/example_dags/example_params_trigger_ui.py for tasks to queue
[2023-10-29T01:05:43.846+0000] {logging_mixin.py:151} INFO - [2023-10-29T01:05:43.846+0000] {dagbag.py:536} INFO - Filling up the DagBag from /usr/local/lib/python3.10/dist-packages/airflow/example_dags/example_params_trigger_ui.py
[2023-10-29T01:05:43.864+0000] {processor.py:839} INFO - DAG(s) dict_keys(['example_params_trigger_ui']) retrieved from /usr/local/lib/python3.10/dist-packages/airflow/example_dags/example_params_trigger_ui.py
[2023-10-29T01:05:43.911+0000] {logging_mixin.py:151} INFO - [2023-10-29T01:05:43.910+0000] {dag.py:2941} INFO - Sync 1 DAGs
[2023-10-29T01:05:43.922+0000] {logging_mixin.py:151} INFO - [2023-10-29T01:05:43.922+0000] {dag.py:3722} INFO - Setting next_dagrun for example_params_trigger_ui to None, run_after=None
[2023-10-29T01:05:43.944+0000] {processor.py:179} INFO - Processing /usr/local/lib/python3.10/dist-packages/airflow/example_dags/example_params_trigger_ui.py took 0.103 seconds
[2023-10-29T01:06:29.274+0000] {processor.py:157} INFO - Started process (PID=3953) to work on /usr/local/lib/python3.10/dist-packages/airflow/example_dags/example_params_trigger_ui.py
[2023-10-29T01:06:29.276+0000] {processor.py:829} INFO - Processing file /usr/local/lib/python3.10/dist-packages/airflow/example_dags/example_params_trigger_ui.py for tasks to queue
[2023-10-29T01:06:29.276+0000] {logging_mixin.py:151} INFO - [2023-10-29T01:06:29.276+0000] {dagbag.py:536} INFO - Filling up the DagBag from /usr/local/lib/python3.10/dist-packages/airflow/example_dags/example_params_trigger_ui.py
[2023-10-29T01:06:29.294+0000] {processor.py:839} INFO - DAG(s) dict_keys(['example_params_trigger_ui']) retrieved from /usr/local/lib/python3.10/dist-packages/airflow/example_dags/example_params_trigger_ui.py
[2023-10-29T01:06:29.340+0000] {logging_mixin.py:151} INFO - [2023-10-29T01:06:29.339+0000] {dag.py:2941} INFO - Sync 1 DAGs
[2023-10-29T01:06:29.352+0000] {logging_mixin.py:151} INFO - [2023-10-29T01:06:29.352+0000] {dag.py:3722} INFO - Setting next_dagrun for example_params_trigger_ui to None, run_after=None
[2023-10-29T01:06:29.373+0000] {processor.py:179} INFO - Processing /usr/local/lib/python3.10/dist-packages/airflow/example_dags/example_params_trigger_ui.py took 0.101 seconds
[2023-10-29T01:07:11.279+0000] {processor.py:157} INFO - Started process (PID=3999) to work on /usr/local/lib/python3.10/dist-packages/airflow/example_dags/example_params_trigger_ui.py
[2023-10-29T01:07:11.280+0000] {processor.py:829} INFO - Processing file /usr/local/lib/python3.10/dist-packages/airflow/example_dags/example_params_trigger_ui.py for tasks to queue
[2023-10-29T01:07:11.281+0000] {logging_mixin.py:151} INFO - [2023-10-29T01:07:11.280+0000] {dagbag.py:536} INFO - Filling up the DagBag from /usr/local/lib/python3.10/dist-packages/airflow/example_dags/example_params_trigger_ui.py
[2023-10-29T01:07:11.298+0000] {processor.py:839} INFO - DAG(s) dict_keys(['example_params_trigger_ui']) retrieved from /usr/local/lib/python3.10/dist-packages/airflow/example_dags/example_params_trigger_ui.py
[2023-10-29T01:07:11.344+0000] {logging_mixin.py:151} INFO - [2023-10-29T01:07:11.343+0000] {dag.py:2941} INFO - Sync 1 DAGs
[2023-10-29T01:07:11.355+0000] {logging_mixin.py:151} INFO - [2023-10-29T01:07:11.355+0000] {dag.py:3722} INFO - Setting next_dagrun for example_params_trigger_ui to None, run_after=None
[2023-10-29T01:07:11.376+0000] {processor.py:179} INFO - Processing /usr/local/lib/python3.10/dist-packages/airflow/example_dags/example_params_trigger_ui.py took 0.101 seconds
[2023-10-29T01:07:57.855+0000] {processor.py:157} INFO - Started process (PID=4045) to work on /usr/local/lib/python3.10/dist-packages/airflow/example_dags/example_params_trigger_ui.py
[2023-10-29T01:07:57.856+0000] {processor.py:829} INFO - Processing file /usr/local/lib/python3.10/dist-packages/airflow/example_dags/example_params_trigger_ui.py for tasks to queue
[2023-10-29T01:07:57.857+0000] {logging_mixin.py:151} INFO - [2023-10-29T01:07:57.856+0000] {dagbag.py:536} INFO - Filling up the DagBag from /usr/local/lib/python3.10/dist-packages/airflow/example_dags/example_params_trigger_ui.py
[2023-10-29T01:07:57.874+0000] {processor.py:839} INFO - DAG(s) dict_keys(['example_params_trigger_ui']) retrieved from /usr/local/lib/python3.10/dist-packages/airflow/example_dags/example_params_trigger_ui.py
[2023-10-29T01:07:57.920+0000] {logging_mixin.py:151} INFO - [2023-10-29T01:07:57.920+0000] {dag.py:2941} INFO - Sync 1 DAGs
[2023-10-29T01:07:57.931+0000] {logging_mixin.py:151} INFO - [2023-10-29T01:07:57.931+0000] {dag.py:3722} INFO - Setting next_dagrun for example_params_trigger_ui to None, run_after=None
[2023-10-29T01:07:57.952+0000] {processor.py:179} INFO - Processing /usr/local/lib/python3.10/dist-packages/airflow/example_dags/example_params_trigger_ui.py took 0.101 seconds
[2023-10-29T01:08:46.461+0000] {processor.py:157} INFO - Started process (PID=4094) to work on /usr/local/lib/python3.10/dist-packages/airflow/example_dags/example_params_trigger_ui.py
[2023-10-29T01:08:46.462+0000] {processor.py:829} INFO - Processing file /usr/local/lib/python3.10/dist-packages/airflow/example_dags/example_params_trigger_ui.py for tasks to queue
[2023-10-29T01:08:46.463+0000] {logging_mixin.py:151} INFO - [2023-10-29T01:08:46.463+0000] {dagbag.py:536} INFO - Filling up the DagBag from /usr/local/lib/python3.10/dist-packages/airflow/example_dags/example_params_trigger_ui.py
[2023-10-29T01:08:46.481+0000] {processor.py:839} INFO - DAG(s) dict_keys(['example_params_trigger_ui']) retrieved from /usr/local/lib/python3.10/dist-packages/airflow/example_dags/example_params_trigger_ui.py
[2023-10-29T01:08:46.526+0000] {logging_mixin.py:151} INFO - [2023-10-29T01:08:46.525+0000] {dag.py:2941} INFO - Sync 1 DAGs
[2023-10-29T01:08:46.537+0000] {logging_mixin.py:151} INFO - [2023-10-29T01:08:46.537+0000] {dag.py:3722} INFO - Setting next_dagrun for example_params_trigger_ui to None, run_after=None
[2023-10-29T01:08:46.558+0000] {processor.py:179} INFO - Processing /usr/local/lib/python3.10/dist-packages/airflow/example_dags/example_params_trigger_ui.py took 0.100 seconds
[2023-10-29T01:09:33.006+0000] {processor.py:157} INFO - Started process (PID=4142) to work on /usr/local/lib/python3.10/dist-packages/airflow/example_dags/example_params_trigger_ui.py
[2023-10-29T01:09:33.007+0000] {processor.py:829} INFO - Processing file /usr/local/lib/python3.10/dist-packages/airflow/example_dags/example_params_trigger_ui.py for tasks to queue
[2023-10-29T01:09:33.008+0000] {logging_mixin.py:151} INFO - [2023-10-29T01:09:33.007+0000] {dagbag.py:536} INFO - Filling up the DagBag from /usr/local/lib/python3.10/dist-packages/airflow/example_dags/example_params_trigger_ui.py
[2023-10-29T01:09:33.026+0000] {processor.py:839} INFO - DAG(s) dict_keys(['example_params_trigger_ui']) retrieved from /usr/local/lib/python3.10/dist-packages/airflow/example_dags/example_params_trigger_ui.py
[2023-10-29T01:09:33.071+0000] {logging_mixin.py:151} INFO - [2023-10-29T01:09:33.071+0000] {dag.py:2941} INFO - Sync 1 DAGs
[2023-10-29T01:09:33.083+0000] {logging_mixin.py:151} INFO - [2023-10-29T01:09:33.083+0000] {dag.py:3722} INFO - Setting next_dagrun for example_params_trigger_ui to None, run_after=None
[2023-10-29T01:09:33.105+0000] {processor.py:179} INFO - Processing /usr/local/lib/python3.10/dist-packages/airflow/example_dags/example_params_trigger_ui.py took 0.102 seconds
[2023-10-29T01:10:21.255+0000] {processor.py:157} INFO - Started process (PID=4190) to work on /usr/local/lib/python3.10/dist-packages/airflow/example_dags/example_params_trigger_ui.py
[2023-10-29T01:10:21.256+0000] {processor.py:829} INFO - Processing file /usr/local/lib/python3.10/dist-packages/airflow/example_dags/example_params_trigger_ui.py for tasks to queue
[2023-10-29T01:10:21.257+0000] {logging_mixin.py:151} INFO - [2023-10-29T01:10:21.257+0000] {dagbag.py:536} INFO - Filling up the DagBag from /usr/local/lib/python3.10/dist-packages/airflow/example_dags/example_params_trigger_ui.py
[2023-10-29T01:10:21.275+0000] {processor.py:839} INFO - DAG(s) dict_keys(['example_params_trigger_ui']) retrieved from /usr/local/lib/python3.10/dist-packages/airflow/example_dags/example_params_trigger_ui.py
[2023-10-29T01:10:21.320+0000] {logging_mixin.py:151} INFO - [2023-10-29T01:10:21.320+0000] {dag.py:2941} INFO - Sync 1 DAGs
[2023-10-29T01:10:21.333+0000] {logging_mixin.py:151} INFO - [2023-10-29T01:10:21.332+0000] {dag.py:3722} INFO - Setting next_dagrun for example_params_trigger_ui to None, run_after=None
[2023-10-29T01:10:21.353+0000] {processor.py:179} INFO - Processing /usr/local/lib/python3.10/dist-packages/airflow/example_dags/example_params_trigger_ui.py took 0.102 seconds
[2023-10-29T01:11:08.945+0000] {processor.py:157} INFO - Started process (PID=4238) to work on /usr/local/lib/python3.10/dist-packages/airflow/example_dags/example_params_trigger_ui.py
[2023-10-29T01:11:08.947+0000] {processor.py:829} INFO - Processing file /usr/local/lib/python3.10/dist-packages/airflow/example_dags/example_params_trigger_ui.py for tasks to queue
[2023-10-29T01:11:08.948+0000] {logging_mixin.py:151} INFO - [2023-10-29T01:11:08.947+0000] {dagbag.py:536} INFO - Filling up the DagBag from /usr/local/lib/python3.10/dist-packages/airflow/example_dags/example_params_trigger_ui.py
[2023-10-29T01:11:08.965+0000] {processor.py:839} INFO - DAG(s) dict_keys(['example_params_trigger_ui']) retrieved from /usr/local/lib/python3.10/dist-packages/airflow/example_dags/example_params_trigger_ui.py
[2023-10-29T01:11:09.009+0000] {logging_mixin.py:151} INFO - [2023-10-29T01:11:09.009+0000] {dag.py:2941} INFO - Sync 1 DAGs
[2023-10-29T01:11:09.021+0000] {logging_mixin.py:151} INFO - [2023-10-29T01:11:09.021+0000] {dag.py:3722} INFO - Setting next_dagrun for example_params_trigger_ui to None, run_after=None
[2023-10-29T01:11:09.042+0000] {processor.py:179} INFO - Processing /usr/local/lib/python3.10/dist-packages/airflow/example_dags/example_params_trigger_ui.py took 0.100 seconds
[2023-10-29T01:11:53.841+0000] {processor.py:157} INFO - Started process (PID=4660) to work on /usr/local/lib/python3.10/dist-packages/airflow/example_dags/example_params_trigger_ui.py
[2023-10-29T01:11:53.843+0000] {processor.py:829} INFO - Processing file /usr/local/lib/python3.10/dist-packages/airflow/example_dags/example_params_trigger_ui.py for tasks to queue
[2023-10-29T01:11:53.844+0000] {logging_mixin.py:151} INFO - [2023-10-29T01:11:53.843+0000] {dagbag.py:536} INFO - Filling up the DagBag from /usr/local/lib/python3.10/dist-packages/airflow/example_dags/example_params_trigger_ui.py
[2023-10-29T01:11:53.862+0000] {processor.py:839} INFO - DAG(s) dict_keys(['example_params_trigger_ui']) retrieved from /usr/local/lib/python3.10/dist-packages/airflow/example_dags/example_params_trigger_ui.py
[2023-10-29T01:11:53.907+0000] {logging_mixin.py:151} INFO - [2023-10-29T01:11:53.907+0000] {dag.py:2941} INFO - Sync 1 DAGs
[2023-10-29T01:11:53.919+0000] {logging_mixin.py:151} INFO - [2023-10-29T01:11:53.919+0000] {dag.py:3722} INFO - Setting next_dagrun for example_params_trigger_ui to None, run_after=None
[2023-10-29T01:11:53.940+0000] {processor.py:179} INFO - Processing /usr/local/lib/python3.10/dist-packages/airflow/example_dags/example_params_trigger_ui.py took 0.102 seconds
[2023-10-29T01:12:39.449+0000] {processor.py:157} INFO - Started process (PID=4708) to work on /usr/local/lib/python3.10/dist-packages/airflow/example_dags/example_params_trigger_ui.py
[2023-10-29T01:12:39.451+0000] {processor.py:829} INFO - Processing file /usr/local/lib/python3.10/dist-packages/airflow/example_dags/example_params_trigger_ui.py for tasks to queue
[2023-10-29T01:12:39.452+0000] {logging_mixin.py:151} INFO - [2023-10-29T01:12:39.451+0000] {dagbag.py:536} INFO - Filling up the DagBag from /usr/local/lib/python3.10/dist-packages/airflow/example_dags/example_params_trigger_ui.py
[2023-10-29T01:12:39.470+0000] {processor.py:839} INFO - DAG(s) dict_keys(['example_params_trigger_ui']) retrieved from /usr/local/lib/python3.10/dist-packages/airflow/example_dags/example_params_trigger_ui.py
[2023-10-29T01:12:39.515+0000] {logging_mixin.py:151} INFO - [2023-10-29T01:12:39.515+0000] {dag.py:2941} INFO - Sync 1 DAGs
[2023-10-29T01:12:39.527+0000] {logging_mixin.py:151} INFO - [2023-10-29T01:12:39.526+0000] {dag.py:3722} INFO - Setting next_dagrun for example_params_trigger_ui to None, run_after=None
[2023-10-29T01:12:39.550+0000] {processor.py:179} INFO - Processing /usr/local/lib/python3.10/dist-packages/airflow/example_dags/example_params_trigger_ui.py took 0.104 seconds
[2023-10-29T01:13:31.477+0000] {processor.py:157} INFO - Started process (PID=4771) to work on /usr/local/lib/python3.10/dist-packages/airflow/example_dags/example_params_trigger_ui.py
[2023-10-29T01:13:31.479+0000] {processor.py:829} INFO - Processing file /usr/local/lib/python3.10/dist-packages/airflow/example_dags/example_params_trigger_ui.py for tasks to queue
[2023-10-29T01:13:31.479+0000] {logging_mixin.py:151} INFO - [2023-10-29T01:13:31.479+0000] {dagbag.py:536} INFO - Filling up the DagBag from /usr/local/lib/python3.10/dist-packages/airflow/example_dags/example_params_trigger_ui.py
[2023-10-29T01:13:31.497+0000] {processor.py:839} INFO - DAG(s) dict_keys(['example_params_trigger_ui']) retrieved from /usr/local/lib/python3.10/dist-packages/airflow/example_dags/example_params_trigger_ui.py
[2023-10-29T01:13:31.543+0000] {logging_mixin.py:151} INFO - [2023-10-29T01:13:31.543+0000] {dag.py:2941} INFO - Sync 1 DAGs
[2023-10-29T01:13:31.555+0000] {logging_mixin.py:151} INFO - [2023-10-29T01:13:31.554+0000] {dag.py:3722} INFO - Setting next_dagrun for example_params_trigger_ui to None, run_after=None
[2023-10-29T01:13:31.578+0000] {processor.py:179} INFO - Processing /usr/local/lib/python3.10/dist-packages/airflow/example_dags/example_params_trigger_ui.py took 0.104 seconds
[2023-10-29T01:14:15.045+0000] {processor.py:157} INFO - Started process (PID=4816) to work on /usr/local/lib/python3.10/dist-packages/airflow/example_dags/example_params_trigger_ui.py
[2023-10-29T01:14:15.047+0000] {processor.py:829} INFO - Processing file /usr/local/lib/python3.10/dist-packages/airflow/example_dags/example_params_trigger_ui.py for tasks to queue
[2023-10-29T01:14:15.048+0000] {logging_mixin.py:151} INFO - [2023-10-29T01:14:15.047+0000] {dagbag.py:536} INFO - Filling up the DagBag from /usr/local/lib/python3.10/dist-packages/airflow/example_dags/example_params_trigger_ui.py
[2023-10-29T01:14:15.065+0000] {processor.py:839} INFO - DAG(s) dict_keys(['example_params_trigger_ui']) retrieved from /usr/local/lib/python3.10/dist-packages/airflow/example_dags/example_params_trigger_ui.py
[2023-10-29T01:14:15.111+0000] {logging_mixin.py:151} INFO - [2023-10-29T01:14:15.111+0000] {dag.py:2941} INFO - Sync 1 DAGs
[2023-10-29T01:14:15.122+0000] {logging_mixin.py:151} INFO - [2023-10-29T01:14:15.122+0000] {dag.py:3722} INFO - Setting next_dagrun for example_params_trigger_ui to None, run_after=None
[2023-10-29T01:14:15.144+0000] {processor.py:179} INFO - Processing /usr/local/lib/python3.10/dist-packages/airflow/example_dags/example_params_trigger_ui.py took 0.101 seconds
[2023-10-29T01:14:57.472+0000] {processor.py:157} INFO - Started process (PID=4862) to work on /usr/local/lib/python3.10/dist-packages/airflow/example_dags/example_params_trigger_ui.py
[2023-10-29T01:14:57.473+0000] {processor.py:829} INFO - Processing file /usr/local/lib/python3.10/dist-packages/airflow/example_dags/example_params_trigger_ui.py for tasks to queue
[2023-10-29T01:14:57.474+0000] {logging_mixin.py:151} INFO - [2023-10-29T01:14:57.474+0000] {dagbag.py:536} INFO - Filling up the DagBag from /usr/local/lib/python3.10/dist-packages/airflow/example_dags/example_params_trigger_ui.py
[2023-10-29T01:14:57.492+0000] {processor.py:839} INFO - DAG(s) dict_keys(['example_params_trigger_ui']) retrieved from /usr/local/lib/python3.10/dist-packages/airflow/example_dags/example_params_trigger_ui.py
[2023-10-29T01:14:57.538+0000] {logging_mixin.py:151} INFO - [2023-10-29T01:14:57.537+0000] {dag.py:2941} INFO - Sync 1 DAGs
[2023-10-29T01:14:57.549+0000] {logging_mixin.py:151} INFO - [2023-10-29T01:14:57.549+0000] {dag.py:3722} INFO - Setting next_dagrun for example_params_trigger_ui to None, run_after=None
[2023-10-29T01:14:57.571+0000] {processor.py:179} INFO - Processing /usr/local/lib/python3.10/dist-packages/airflow/example_dags/example_params_trigger_ui.py took 0.103 seconds
[2023-10-29T01:15:41.193+0000] {processor.py:157} INFO - Started process (PID=4906) to work on /usr/local/lib/python3.10/dist-packages/airflow/example_dags/example_params_trigger_ui.py
[2023-10-29T01:15:41.194+0000] {processor.py:829} INFO - Processing file /usr/local/lib/python3.10/dist-packages/airflow/example_dags/example_params_trigger_ui.py for tasks to queue
[2023-10-29T01:15:41.195+0000] {logging_mixin.py:151} INFO - [2023-10-29T01:15:41.195+0000] {dagbag.py:536} INFO - Filling up the DagBag from /usr/local/lib/python3.10/dist-packages/airflow/example_dags/example_params_trigger_ui.py
[2023-10-29T01:15:41.213+0000] {processor.py:839} INFO - DAG(s) dict_keys(['example_params_trigger_ui']) retrieved from /usr/local/lib/python3.10/dist-packages/airflow/example_dags/example_params_trigger_ui.py
[2023-10-29T01:15:41.258+0000] {logging_mixin.py:151} INFO - [2023-10-29T01:15:41.257+0000] {dag.py:2941} INFO - Sync 1 DAGs
[2023-10-29T01:15:41.269+0000] {logging_mixin.py:151} INFO - [2023-10-29T01:15:41.269+0000] {dag.py:3722} INFO - Setting next_dagrun for example_params_trigger_ui to None, run_after=None
[2023-10-29T01:15:41.291+0000] {processor.py:179} INFO - Processing /usr/local/lib/python3.10/dist-packages/airflow/example_dags/example_params_trigger_ui.py took 0.101 seconds
[2023-10-29T01:16:26.460+0000] {processor.py:157} INFO - Started process (PID=4952) to work on /usr/local/lib/python3.10/dist-packages/airflow/example_dags/example_params_trigger_ui.py
[2023-10-29T01:16:26.461+0000] {processor.py:829} INFO - Processing file /usr/local/lib/python3.10/dist-packages/airflow/example_dags/example_params_trigger_ui.py for tasks to queue
[2023-10-29T01:16:26.462+0000] {logging_mixin.py:151} INFO - [2023-10-29T01:16:26.462+0000] {dagbag.py:536} INFO - Filling up the DagBag from /usr/local/lib/python3.10/dist-packages/airflow/example_dags/example_params_trigger_ui.py
[2023-10-29T01:16:26.480+0000] {processor.py:839} INFO - DAG(s) dict_keys(['example_params_trigger_ui']) retrieved from /usr/local/lib/python3.10/dist-packages/airflow/example_dags/example_params_trigger_ui.py
[2023-10-29T01:16:26.526+0000] {logging_mixin.py:151} INFO - [2023-10-29T01:16:26.526+0000] {dag.py:2941} INFO - Sync 1 DAGs
[2023-10-29T01:16:26.538+0000] {logging_mixin.py:151} INFO - [2023-10-29T01:16:26.538+0000] {dag.py:3722} INFO - Setting next_dagrun for example_params_trigger_ui to None, run_after=None
[2023-10-29T01:16:26.562+0000] {processor.py:179} INFO - Processing /usr/local/lib/python3.10/dist-packages/airflow/example_dags/example_params_trigger_ui.py took 0.106 seconds
[2023-10-29T01:17:13.862+0000] {processor.py:157} INFO - Started process (PID=5003) to work on /usr/local/lib/python3.10/dist-packages/airflow/example_dags/example_params_trigger_ui.py
[2023-10-29T01:17:13.864+0000] {processor.py:829} INFO - Processing file /usr/local/lib/python3.10/dist-packages/airflow/example_dags/example_params_trigger_ui.py for tasks to queue
[2023-10-29T01:17:13.865+0000] {logging_mixin.py:151} INFO - [2023-10-29T01:17:13.864+0000] {dagbag.py:536} INFO - Filling up the DagBag from /usr/local/lib/python3.10/dist-packages/airflow/example_dags/example_params_trigger_ui.py
[2023-10-29T01:17:13.883+0000] {processor.py:839} INFO - DAG(s) dict_keys(['example_params_trigger_ui']) retrieved from /usr/local/lib/python3.10/dist-packages/airflow/example_dags/example_params_trigger_ui.py
[2023-10-29T01:17:13.928+0000] {logging_mixin.py:151} INFO - [2023-10-29T01:17:13.928+0000] {dag.py:2941} INFO - Sync 1 DAGs
[2023-10-29T01:17:13.940+0000] {logging_mixin.py:151} INFO - [2023-10-29T01:17:13.939+0000] {dag.py:3722} INFO - Setting next_dagrun for example_params_trigger_ui to None, run_after=None
[2023-10-29T01:17:13.961+0000] {processor.py:179} INFO - Processing /usr/local/lib/python3.10/dist-packages/airflow/example_dags/example_params_trigger_ui.py took 0.101 seconds
[2023-10-29T01:17:58.728+0000] {processor.py:157} INFO - Started process (PID=5050) to work on /usr/local/lib/python3.10/dist-packages/airflow/example_dags/example_params_trigger_ui.py
[2023-10-29T01:17:58.729+0000] {processor.py:829} INFO - Processing file /usr/local/lib/python3.10/dist-packages/airflow/example_dags/example_params_trigger_ui.py for tasks to queue
[2023-10-29T01:17:58.730+0000] {logging_mixin.py:151} INFO - [2023-10-29T01:17:58.730+0000] {dagbag.py:536} INFO - Filling up the DagBag from /usr/local/lib/python3.10/dist-packages/airflow/example_dags/example_params_trigger_ui.py
[2023-10-29T01:17:58.748+0000] {processor.py:839} INFO - DAG(s) dict_keys(['example_params_trigger_ui']) retrieved from /usr/local/lib/python3.10/dist-packages/airflow/example_dags/example_params_trigger_ui.py
[2023-10-29T01:17:58.792+0000] {logging_mixin.py:151} INFO - [2023-10-29T01:17:58.792+0000] {dag.py:2941} INFO - Sync 1 DAGs
[2023-10-29T01:17:58.804+0000] {logging_mixin.py:151} INFO - [2023-10-29T01:17:58.804+0000] {dag.py:3722} INFO - Setting next_dagrun for example_params_trigger_ui to None, run_after=None
[2023-10-29T01:17:58.826+0000] {processor.py:179} INFO - Processing /usr/local/lib/python3.10/dist-packages/airflow/example_dags/example_params_trigger_ui.py took 0.101 seconds
[2023-10-29T01:18:45.562+0000] {processor.py:157} INFO - Started process (PID=5098) to work on /usr/local/lib/python3.10/dist-packages/airflow/example_dags/example_params_trigger_ui.py
[2023-10-29T01:18:45.563+0000] {processor.py:829} INFO - Processing file /usr/local/lib/python3.10/dist-packages/airflow/example_dags/example_params_trigger_ui.py for tasks to queue
[2023-10-29T01:18:45.564+0000] {logging_mixin.py:151} INFO - [2023-10-29T01:18:45.563+0000] {dagbag.py:536} INFO - Filling up the DagBag from /usr/local/lib/python3.10/dist-packages/airflow/example_dags/example_params_trigger_ui.py
[2023-10-29T01:18:45.581+0000] {processor.py:839} INFO - DAG(s) dict_keys(['example_params_trigger_ui']) retrieved from /usr/local/lib/python3.10/dist-packages/airflow/example_dags/example_params_trigger_ui.py
[2023-10-29T01:18:45.627+0000] {logging_mixin.py:151} INFO - [2023-10-29T01:18:45.627+0000] {dag.py:2941} INFO - Sync 1 DAGs
[2023-10-29T01:18:45.639+0000] {logging_mixin.py:151} INFO - [2023-10-29T01:18:45.639+0000] {dag.py:3722} INFO - Setting next_dagrun for example_params_trigger_ui to None, run_after=None
[2023-10-29T01:18:45.660+0000] {processor.py:179} INFO - Processing /usr/local/lib/python3.10/dist-packages/airflow/example_dags/example_params_trigger_ui.py took 0.102 seconds
[2023-10-29T01:19:33.675+0000] {processor.py:157} INFO - Started process (PID=5146) to work on /usr/local/lib/python3.10/dist-packages/airflow/example_dags/example_params_trigger_ui.py
[2023-10-29T01:19:33.677+0000] {processor.py:829} INFO - Processing file /usr/local/lib/python3.10/dist-packages/airflow/example_dags/example_params_trigger_ui.py for tasks to queue
[2023-10-29T01:19:33.677+0000] {logging_mixin.py:151} INFO - [2023-10-29T01:19:33.677+0000] {dagbag.py:536} INFO - Filling up the DagBag from /usr/local/lib/python3.10/dist-packages/airflow/example_dags/example_params_trigger_ui.py
[2023-10-29T01:19:33.695+0000] {processor.py:839} INFO - DAG(s) dict_keys(['example_params_trigger_ui']) retrieved from /usr/local/lib/python3.10/dist-packages/airflow/example_dags/example_params_trigger_ui.py
[2023-10-29T01:19:33.740+0000] {logging_mixin.py:151} INFO - [2023-10-29T01:19:33.740+0000] {dag.py:2941} INFO - Sync 1 DAGs
[2023-10-29T01:19:33.752+0000] {logging_mixin.py:151} INFO - [2023-10-29T01:19:33.752+0000] {dag.py:3722} INFO - Setting next_dagrun for example_params_trigger_ui to None, run_after=None
[2023-10-29T01:19:33.773+0000] {processor.py:179} INFO - Processing /usr/local/lib/python3.10/dist-packages/airflow/example_dags/example_params_trigger_ui.py took 0.101 seconds
[2023-10-29T01:20:20.831+0000] {processor.py:157} INFO - Started process (PID=5195) to work on /usr/local/lib/python3.10/dist-packages/airflow/example_dags/example_params_trigger_ui.py
[2023-10-29T01:20:20.833+0000] {processor.py:829} INFO - Processing file /usr/local/lib/python3.10/dist-packages/airflow/example_dags/example_params_trigger_ui.py for tasks to queue
[2023-10-29T01:20:20.833+0000] {logging_mixin.py:151} INFO - [2023-10-29T01:20:20.833+0000] {dagbag.py:536} INFO - Filling up the DagBag from /usr/local/lib/python3.10/dist-packages/airflow/example_dags/example_params_trigger_ui.py
[2023-10-29T01:20:20.851+0000] {processor.py:839} INFO - DAG(s) dict_keys(['example_params_trigger_ui']) retrieved from /usr/local/lib/python3.10/dist-packages/airflow/example_dags/example_params_trigger_ui.py
[2023-10-29T01:20:20.897+0000] {logging_mixin.py:151} INFO - [2023-10-29T01:20:20.896+0000] {dag.py:2941} INFO - Sync 1 DAGs
[2023-10-29T01:20:20.909+0000] {logging_mixin.py:151} INFO - [2023-10-29T01:20:20.909+0000] {dag.py:3722} INFO - Setting next_dagrun for example_params_trigger_ui to None, run_after=None
[2023-10-29T01:20:20.931+0000] {processor.py:179} INFO - Processing /usr/local/lib/python3.10/dist-packages/airflow/example_dags/example_params_trigger_ui.py took 0.103 seconds
[2023-10-29T01:21:05.841+0000] {processor.py:157} INFO - Started process (PID=5242) to work on /usr/local/lib/python3.10/dist-packages/airflow/example_dags/example_params_trigger_ui.py
[2023-10-29T01:21:05.842+0000] {processor.py:829} INFO - Processing file /usr/local/lib/python3.10/dist-packages/airflow/example_dags/example_params_trigger_ui.py for tasks to queue
[2023-10-29T01:21:05.843+0000] {logging_mixin.py:151} INFO - [2023-10-29T01:21:05.843+0000] {dagbag.py:536} INFO - Filling up the DagBag from /usr/local/lib/python3.10/dist-packages/airflow/example_dags/example_params_trigger_ui.py
[2023-10-29T01:21:05.861+0000] {processor.py:839} INFO - DAG(s) dict_keys(['example_params_trigger_ui']) retrieved from /usr/local/lib/python3.10/dist-packages/airflow/example_dags/example_params_trigger_ui.py
[2023-10-29T01:21:05.907+0000] {logging_mixin.py:151} INFO - [2023-10-29T01:21:05.907+0000] {dag.py:2941} INFO - Sync 1 DAGs
[2023-10-29T01:21:05.919+0000] {logging_mixin.py:151} INFO - [2023-10-29T01:21:05.919+0000] {dag.py:3722} INFO - Setting next_dagrun for example_params_trigger_ui to None, run_after=None
[2023-10-29T01:21:05.941+0000] {processor.py:179} INFO - Processing /usr/local/lib/python3.10/dist-packages/airflow/example_dags/example_params_trigger_ui.py took 0.103 seconds
[2023-10-29T01:21:53.390+0000] {processor.py:157} INFO - Started process (PID=5290) to work on /usr/local/lib/python3.10/dist-packages/airflow/example_dags/example_params_trigger_ui.py
[2023-10-29T01:21:53.392+0000] {processor.py:829} INFO - Processing file /usr/local/lib/python3.10/dist-packages/airflow/example_dags/example_params_trigger_ui.py for tasks to queue
[2023-10-29T01:21:53.392+0000] {logging_mixin.py:151} INFO - [2023-10-29T01:21:53.392+0000] {dagbag.py:536} INFO - Filling up the DagBag from /usr/local/lib/python3.10/dist-packages/airflow/example_dags/example_params_trigger_ui.py
[2023-10-29T01:21:53.410+0000] {processor.py:839} INFO - DAG(s) dict_keys(['example_params_trigger_ui']) retrieved from /usr/local/lib/python3.10/dist-packages/airflow/example_dags/example_params_trigger_ui.py
[2023-10-29T01:21:53.459+0000] {logging_mixin.py:151} INFO - [2023-10-29T01:21:53.458+0000] {dag.py:2941} INFO - Sync 1 DAGs
[2023-10-29T01:21:53.471+0000] {logging_mixin.py:151} INFO - [2023-10-29T01:21:53.471+0000] {dag.py:3722} INFO - Setting next_dagrun for example_params_trigger_ui to None, run_after=None
[2023-10-29T01:21:53.493+0000] {processor.py:179} INFO - Processing /usr/local/lib/python3.10/dist-packages/airflow/example_dags/example_params_trigger_ui.py took 0.106 seconds
[2023-10-29T01:22:42.801+0000] {processor.py:157} INFO - Started process (PID=5341) to work on /usr/local/lib/python3.10/dist-packages/airflow/example_dags/example_params_trigger_ui.py
[2023-10-29T01:22:42.802+0000] {processor.py:829} INFO - Processing file /usr/local/lib/python3.10/dist-packages/airflow/example_dags/example_params_trigger_ui.py for tasks to queue
[2023-10-29T01:22:42.803+0000] {logging_mixin.py:151} INFO - [2023-10-29T01:22:42.803+0000] {dagbag.py:536} INFO - Filling up the DagBag from /usr/local/lib/python3.10/dist-packages/airflow/example_dags/example_params_trigger_ui.py
[2023-10-29T01:22:42.821+0000] {processor.py:839} INFO - DAG(s) dict_keys(['example_params_trigger_ui']) retrieved from /usr/local/lib/python3.10/dist-packages/airflow/example_dags/example_params_trigger_ui.py
[2023-10-29T01:22:42.867+0000] {logging_mixin.py:151} INFO - [2023-10-29T01:22:42.867+0000] {dag.py:2941} INFO - Sync 1 DAGs
[2023-10-29T01:22:42.879+0000] {logging_mixin.py:151} INFO - [2023-10-29T01:22:42.879+0000] {dag.py:3722} INFO - Setting next_dagrun for example_params_trigger_ui to None, run_after=None
[2023-10-29T01:22:42.900+0000] {processor.py:179} INFO - Processing /usr/local/lib/python3.10/dist-packages/airflow/example_dags/example_params_trigger_ui.py took 0.103 seconds
[2023-10-29T01:23:30.224+0000] {processor.py:157} INFO - Started process (PID=5389) to work on /usr/local/lib/python3.10/dist-packages/airflow/example_dags/example_params_trigger_ui.py
[2023-10-29T01:23:30.225+0000] {processor.py:829} INFO - Processing file /usr/local/lib/python3.10/dist-packages/airflow/example_dags/example_params_trigger_ui.py for tasks to queue
[2023-10-29T01:23:30.226+0000] {logging_mixin.py:151} INFO - [2023-10-29T01:23:30.226+0000] {dagbag.py:536} INFO - Filling up the DagBag from /usr/local/lib/python3.10/dist-packages/airflow/example_dags/example_params_trigger_ui.py
[2023-10-29T01:23:30.244+0000] {processor.py:839} INFO - DAG(s) dict_keys(['example_params_trigger_ui']) retrieved from /usr/local/lib/python3.10/dist-packages/airflow/example_dags/example_params_trigger_ui.py
[2023-10-29T01:23:30.290+0000] {logging_mixin.py:151} INFO - [2023-10-29T01:23:30.290+0000] {dag.py:2941} INFO - Sync 1 DAGs
[2023-10-29T01:23:30.303+0000] {logging_mixin.py:151} INFO - [2023-10-29T01:23:30.303+0000] {dag.py:3722} INFO - Setting next_dagrun for example_params_trigger_ui to None, run_after=None
[2023-10-29T01:23:30.325+0000] {processor.py:179} INFO - Processing /usr/local/lib/python3.10/dist-packages/airflow/example_dags/example_params_trigger_ui.py took 0.104 seconds
[2023-10-29T01:24:21.717+0000] {processor.py:157} INFO - Started process (PID=5441) to work on /usr/local/lib/python3.10/dist-packages/airflow/example_dags/example_params_trigger_ui.py
[2023-10-29T01:24:21.718+0000] {processor.py:829} INFO - Processing file /usr/local/lib/python3.10/dist-packages/airflow/example_dags/example_params_trigger_ui.py for tasks to queue
[2023-10-29T01:24:21.719+0000] {logging_mixin.py:151} INFO - [2023-10-29T01:24:21.719+0000] {dagbag.py:536} INFO - Filling up the DagBag from /usr/local/lib/python3.10/dist-packages/airflow/example_dags/example_params_trigger_ui.py
[2023-10-29T01:24:21.737+0000] {processor.py:839} INFO - DAG(s) dict_keys(['example_params_trigger_ui']) retrieved from /usr/local/lib/python3.10/dist-packages/airflow/example_dags/example_params_trigger_ui.py
[2023-10-29T01:24:21.782+0000] {logging_mixin.py:151} INFO - [2023-10-29T01:24:21.782+0000] {dag.py:2941} INFO - Sync 1 DAGs
[2023-10-29T01:24:21.794+0000] {logging_mixin.py:151} INFO - [2023-10-29T01:24:21.794+0000] {dag.py:3722} INFO - Setting next_dagrun for example_params_trigger_ui to None, run_after=None
[2023-10-29T01:24:21.818+0000] {processor.py:179} INFO - Processing /usr/local/lib/python3.10/dist-packages/airflow/example_dags/example_params_trigger_ui.py took 0.104 seconds
[2023-10-29T01:25:09.672+0000] {processor.py:157} INFO - Started process (PID=5491) to work on /usr/local/lib/python3.10/dist-packages/airflow/example_dags/example_params_trigger_ui.py
[2023-10-29T01:25:09.673+0000] {processor.py:829} INFO - Processing file /usr/local/lib/python3.10/dist-packages/airflow/example_dags/example_params_trigger_ui.py for tasks to queue
[2023-10-29T01:25:09.674+0000] {logging_mixin.py:151} INFO - [2023-10-29T01:25:09.674+0000] {dagbag.py:536} INFO - Filling up the DagBag from /usr/local/lib/python3.10/dist-packages/airflow/example_dags/example_params_trigger_ui.py
[2023-10-29T01:25:09.692+0000] {processor.py:839} INFO - DAG(s) dict_keys(['example_params_trigger_ui']) retrieved from /usr/local/lib/python3.10/dist-packages/airflow/example_dags/example_params_trigger_ui.py
[2023-10-29T01:25:09.738+0000] {logging_mixin.py:151} INFO - [2023-10-29T01:25:09.737+0000] {dag.py:2941} INFO - Sync 1 DAGs
[2023-10-29T01:25:09.749+0000] {logging_mixin.py:151} INFO - [2023-10-29T01:25:09.749+0000] {dag.py:3722} INFO - Setting next_dagrun for example_params_trigger_ui to None, run_after=None
[2023-10-29T01:25:09.773+0000] {processor.py:179} INFO - Processing /usr/local/lib/python3.10/dist-packages/airflow/example_dags/example_params_trigger_ui.py took 0.104 seconds
