[2023-10-29T01:01:17.458+0000] {processor.py:157} INFO - Started process (PID=3627) to work on /usr/local/lib/python3.10/dist-packages/airflow/example_dags/example_time_delta_sensor_async.py
[2023-10-29T01:01:17.459+0000] {processor.py:829} INFO - Processing file /usr/local/lib/python3.10/dist-packages/airflow/example_dags/example_time_delta_sensor_async.py for tasks to queue
[2023-10-29T01:01:17.460+0000] {logging_mixin.py:151} INFO - [2023-10-29T01:01:17.459+0000] {dagbag.py:536} INFO - Filling up the DagBag from /usr/local/lib/python3.10/dist-packages/airflow/example_dags/example_time_delta_sensor_async.py
[2023-10-29T01:01:17.464+0000] {processor.py:839} INFO - DAG(s) dict_keys(['example_time_delta_sensor_async']) retrieved from /usr/local/lib/python3.10/dist-packages/airflow/example_dags/example_time_delta_sensor_async.py
[2023-10-29T01:01:17.682+0000] {logging_mixin.py:151} INFO - [2023-10-29T01:01:17.682+0000] {manager.py:499} INFO - Created Permission View: %s
[2023-10-29T01:01:17.697+0000] {logging_mixin.py:151} INFO - [2023-10-29T01:01:17.696+0000] {manager.py:499} INFO - Created Permission View: %s
[2023-10-29T01:01:17.706+0000] {logging_mixin.py:151} INFO - [2023-10-29T01:01:17.706+0000] {manager.py:499} INFO - Created Permission View: %s
[2023-10-29T01:01:17.707+0000] {logging_mixin.py:151} INFO - [2023-10-29T01:01:17.707+0000] {dag.py:2941} INFO - Sync 1 DAGs
[2023-10-29T01:01:17.717+0000] {logging_mixin.py:151} INFO - [2023-10-29T01:01:17.717+0000] {dag.py:2963} INFO - Creating ORM DAG for example_time_delta_sensor_async
[2023-10-29T01:01:17.718+0000] {logging_mixin.py:151} INFO - [2023-10-29T01:01:17.718+0000] {dag.py:3722} INFO - Setting next_dagrun for example_time_delta_sensor_async to None, run_after=None
[2023-10-29T01:01:17.739+0000] {processor.py:179} INFO - Processing /usr/local/lib/python3.10/dist-packages/airflow/example_dags/example_time_delta_sensor_async.py took 0.284 seconds
[2023-10-29T01:02:07.863+0000] {processor.py:157} INFO - Started process (PID=3678) to work on /usr/local/lib/python3.10/dist-packages/airflow/example_dags/example_time_delta_sensor_async.py
[2023-10-29T01:02:07.865+0000] {processor.py:829} INFO - Processing file /usr/local/lib/python3.10/dist-packages/airflow/example_dags/example_time_delta_sensor_async.py for tasks to queue
[2023-10-29T01:02:07.865+0000] {logging_mixin.py:151} INFO - [2023-10-29T01:02:07.865+0000] {dagbag.py:536} INFO - Filling up the DagBag from /usr/local/lib/python3.10/dist-packages/airflow/example_dags/example_time_delta_sensor_async.py
[2023-10-29T01:02:07.871+0000] {processor.py:839} INFO - DAG(s) dict_keys(['example_time_delta_sensor_async']) retrieved from /usr/local/lib/python3.10/dist-packages/airflow/example_dags/example_time_delta_sensor_async.py
[2023-10-29T01:02:07.887+0000] {logging_mixin.py:151} INFO - [2023-10-29T01:02:07.887+0000] {dag.py:2941} INFO - Sync 1 DAGs
[2023-10-29T01:02:07.899+0000] {logging_mixin.py:151} INFO - [2023-10-29T01:02:07.899+0000] {dag.py:3722} INFO - Setting next_dagrun for example_time_delta_sensor_async to None, run_after=None
[2023-10-29T01:02:07.921+0000] {processor.py:179} INFO - Processing /usr/local/lib/python3.10/dist-packages/airflow/example_dags/example_time_delta_sensor_async.py took 0.061 seconds
[2023-10-29T01:02:53.244+0000] {processor.py:157} INFO - Started process (PID=3724) to work on /usr/local/lib/python3.10/dist-packages/airflow/example_dags/example_time_delta_sensor_async.py
[2023-10-29T01:02:53.246+0000] {processor.py:829} INFO - Processing file /usr/local/lib/python3.10/dist-packages/airflow/example_dags/example_time_delta_sensor_async.py for tasks to queue
[2023-10-29T01:02:53.247+0000] {logging_mixin.py:151} INFO - [2023-10-29T01:02:53.246+0000] {dagbag.py:536} INFO - Filling up the DagBag from /usr/local/lib/python3.10/dist-packages/airflow/example_dags/example_time_delta_sensor_async.py
[2023-10-29T01:02:53.251+0000] {processor.py:839} INFO - DAG(s) dict_keys(['example_time_delta_sensor_async']) retrieved from /usr/local/lib/python3.10/dist-packages/airflow/example_dags/example_time_delta_sensor_async.py
[2023-10-29T01:02:53.268+0000] {logging_mixin.py:151} INFO - [2023-10-29T01:02:53.268+0000] {dag.py:2941} INFO - Sync 1 DAGs
[2023-10-29T01:02:53.280+0000] {logging_mixin.py:151} INFO - [2023-10-29T01:02:53.280+0000] {dag.py:3722} INFO - Setting next_dagrun for example_time_delta_sensor_async to None, run_after=None
[2023-10-29T01:02:53.302+0000] {processor.py:179} INFO - Processing /usr/local/lib/python3.10/dist-packages/airflow/example_dags/example_time_delta_sensor_async.py took 0.061 seconds
[2023-10-29T01:03:36.828+0000] {processor.py:157} INFO - Started process (PID=3771) to work on /usr/local/lib/python3.10/dist-packages/airflow/example_dags/example_time_delta_sensor_async.py
[2023-10-29T01:03:36.830+0000] {processor.py:829} INFO - Processing file /usr/local/lib/python3.10/dist-packages/airflow/example_dags/example_time_delta_sensor_async.py for tasks to queue
[2023-10-29T01:03:36.831+0000] {logging_mixin.py:151} INFO - [2023-10-29T01:03:36.830+0000] {dagbag.py:536} INFO - Filling up the DagBag from /usr/local/lib/python3.10/dist-packages/airflow/example_dags/example_time_delta_sensor_async.py
[2023-10-29T01:03:36.835+0000] {processor.py:839} INFO - DAG(s) dict_keys(['example_time_delta_sensor_async']) retrieved from /usr/local/lib/python3.10/dist-packages/airflow/example_dags/example_time_delta_sensor_async.py
[2023-10-29T01:03:36.852+0000] {logging_mixin.py:151} INFO - [2023-10-29T01:03:36.852+0000] {dag.py:2941} INFO - Sync 1 DAGs
[2023-10-29T01:03:36.864+0000] {logging_mixin.py:151} INFO - [2023-10-29T01:03:36.864+0000] {dag.py:3722} INFO - Setting next_dagrun for example_time_delta_sensor_async to None, run_after=None
[2023-10-29T01:03:36.889+0000] {processor.py:179} INFO - Processing /usr/local/lib/python3.10/dist-packages/airflow/example_dags/example_time_delta_sensor_async.py took 0.064 seconds
[2023-10-29T01:04:19.837+0000] {processor.py:157} INFO - Started process (PID=3817) to work on /usr/local/lib/python3.10/dist-packages/airflow/example_dags/example_time_delta_sensor_async.py
[2023-10-29T01:04:19.838+0000] {processor.py:829} INFO - Processing file /usr/local/lib/python3.10/dist-packages/airflow/example_dags/example_time_delta_sensor_async.py for tasks to queue
[2023-10-29T01:04:19.839+0000] {logging_mixin.py:151} INFO - [2023-10-29T01:04:19.838+0000] {dagbag.py:536} INFO - Filling up the DagBag from /usr/local/lib/python3.10/dist-packages/airflow/example_dags/example_time_delta_sensor_async.py
[2023-10-29T01:04:19.844+0000] {processor.py:839} INFO - DAG(s) dict_keys(['example_time_delta_sensor_async']) retrieved from /usr/local/lib/python3.10/dist-packages/airflow/example_dags/example_time_delta_sensor_async.py
[2023-10-29T01:04:19.860+0000] {logging_mixin.py:151} INFO - [2023-10-29T01:04:19.860+0000] {dag.py:2941} INFO - Sync 1 DAGs
[2023-10-29T01:04:19.872+0000] {logging_mixin.py:151} INFO - [2023-10-29T01:04:19.872+0000] {dag.py:3722} INFO - Setting next_dagrun for example_time_delta_sensor_async to None, run_after=None
[2023-10-29T01:04:19.896+0000] {processor.py:179} INFO - Processing /usr/local/lib/python3.10/dist-packages/airflow/example_dags/example_time_delta_sensor_async.py took 0.062 seconds
[2023-10-29T01:05:01.175+0000] {processor.py:157} INFO - Started process (PID=3860) to work on /usr/local/lib/python3.10/dist-packages/airflow/example_dags/example_time_delta_sensor_async.py
[2023-10-29T01:05:01.176+0000] {processor.py:829} INFO - Processing file /usr/local/lib/python3.10/dist-packages/airflow/example_dags/example_time_delta_sensor_async.py for tasks to queue
[2023-10-29T01:05:01.177+0000] {logging_mixin.py:151} INFO - [2023-10-29T01:05:01.176+0000] {dagbag.py:536} INFO - Filling up the DagBag from /usr/local/lib/python3.10/dist-packages/airflow/example_dags/example_time_delta_sensor_async.py
[2023-10-29T01:05:01.182+0000] {processor.py:839} INFO - DAG(s) dict_keys(['example_time_delta_sensor_async']) retrieved from /usr/local/lib/python3.10/dist-packages/airflow/example_dags/example_time_delta_sensor_async.py
[2023-10-29T01:05:01.199+0000] {logging_mixin.py:151} INFO - [2023-10-29T01:05:01.199+0000] {dag.py:2941} INFO - Sync 1 DAGs
[2023-10-29T01:05:01.211+0000] {logging_mixin.py:151} INFO - [2023-10-29T01:05:01.211+0000] {dag.py:3722} INFO - Setting next_dagrun for example_time_delta_sensor_async to None, run_after=None
[2023-10-29T01:05:01.233+0000] {processor.py:179} INFO - Processing /usr/local/lib/python3.10/dist-packages/airflow/example_dags/example_time_delta_sensor_async.py took 0.061 seconds
[2023-10-29T01:05:48.785+0000] {processor.py:157} INFO - Started process (PID=3910) to work on /usr/local/lib/python3.10/dist-packages/airflow/example_dags/example_time_delta_sensor_async.py
[2023-10-29T01:05:48.786+0000] {processor.py:829} INFO - Processing file /usr/local/lib/python3.10/dist-packages/airflow/example_dags/example_time_delta_sensor_async.py for tasks to queue
[2023-10-29T01:05:48.787+0000] {logging_mixin.py:151} INFO - [2023-10-29T01:05:48.787+0000] {dagbag.py:536} INFO - Filling up the DagBag from /usr/local/lib/python3.10/dist-packages/airflow/example_dags/example_time_delta_sensor_async.py
[2023-10-29T01:05:48.792+0000] {processor.py:839} INFO - DAG(s) dict_keys(['example_time_delta_sensor_async']) retrieved from /usr/local/lib/python3.10/dist-packages/airflow/example_dags/example_time_delta_sensor_async.py
[2023-10-29T01:05:48.809+0000] {logging_mixin.py:151} INFO - [2023-10-29T01:05:48.808+0000] {dag.py:2941} INFO - Sync 1 DAGs
[2023-10-29T01:05:48.821+0000] {logging_mixin.py:151} INFO - [2023-10-29T01:05:48.821+0000] {dag.py:3722} INFO - Setting next_dagrun for example_time_delta_sensor_async to None, run_after=None
[2023-10-29T01:05:48.842+0000] {processor.py:179} INFO - Processing /usr/local/lib/python3.10/dist-packages/airflow/example_dags/example_time_delta_sensor_async.py took 0.060 seconds
[2023-10-29T01:06:36.802+0000] {processor.py:157} INFO - Started process (PID=3960) to work on /usr/local/lib/python3.10/dist-packages/airflow/example_dags/example_time_delta_sensor_async.py
[2023-10-29T01:06:36.803+0000] {processor.py:829} INFO - Processing file /usr/local/lib/python3.10/dist-packages/airflow/example_dags/example_time_delta_sensor_async.py for tasks to queue
[2023-10-29T01:06:36.804+0000] {logging_mixin.py:151} INFO - [2023-10-29T01:06:36.803+0000] {dagbag.py:536} INFO - Filling up the DagBag from /usr/local/lib/python3.10/dist-packages/airflow/example_dags/example_time_delta_sensor_async.py
[2023-10-29T01:06:36.808+0000] {processor.py:839} INFO - DAG(s) dict_keys(['example_time_delta_sensor_async']) retrieved from /usr/local/lib/python3.10/dist-packages/airflow/example_dags/example_time_delta_sensor_async.py
[2023-10-29T01:06:36.825+0000] {logging_mixin.py:151} INFO - [2023-10-29T01:06:36.825+0000] {dag.py:2941} INFO - Sync 1 DAGs
[2023-10-29T01:06:36.837+0000] {logging_mixin.py:151} INFO - [2023-10-29T01:06:36.837+0000] {dag.py:3722} INFO - Setting next_dagrun for example_time_delta_sensor_async to None, run_after=None
[2023-10-29T01:06:36.859+0000] {processor.py:179} INFO - Processing /usr/local/lib/python3.10/dist-packages/airflow/example_dags/example_time_delta_sensor_async.py took 0.061 seconds
[2023-10-29T01:07:17.283+0000] {processor.py:157} INFO - Started process (PID=4005) to work on /usr/local/lib/python3.10/dist-packages/airflow/example_dags/example_time_delta_sensor_async.py
[2023-10-29T01:07:17.284+0000] {processor.py:829} INFO - Processing file /usr/local/lib/python3.10/dist-packages/airflow/example_dags/example_time_delta_sensor_async.py for tasks to queue
[2023-10-29T01:07:17.285+0000] {logging_mixin.py:151} INFO - [2023-10-29T01:07:17.285+0000] {dagbag.py:536} INFO - Filling up the DagBag from /usr/local/lib/python3.10/dist-packages/airflow/example_dags/example_time_delta_sensor_async.py
[2023-10-29T01:07:17.290+0000] {processor.py:839} INFO - DAG(s) dict_keys(['example_time_delta_sensor_async']) retrieved from /usr/local/lib/python3.10/dist-packages/airflow/example_dags/example_time_delta_sensor_async.py
[2023-10-29T01:07:17.306+0000] {logging_mixin.py:151} INFO - [2023-10-29T01:07:17.306+0000] {dag.py:2941} INFO - Sync 1 DAGs
[2023-10-29T01:07:17.318+0000] {logging_mixin.py:151} INFO - [2023-10-29T01:07:17.318+0000] {dag.py:3722} INFO - Setting next_dagrun for example_time_delta_sensor_async to None, run_after=None
[2023-10-29T01:07:17.339+0000] {processor.py:179} INFO - Processing /usr/local/lib/python3.10/dist-packages/airflow/example_dags/example_time_delta_sensor_async.py took 0.060 seconds
[2023-10-29T01:08:06.421+0000] {processor.py:157} INFO - Started process (PID=4053) to work on /usr/local/lib/python3.10/dist-packages/airflow/example_dags/example_time_delta_sensor_async.py
[2023-10-29T01:08:06.422+0000] {processor.py:829} INFO - Processing file /usr/local/lib/python3.10/dist-packages/airflow/example_dags/example_time_delta_sensor_async.py for tasks to queue
[2023-10-29T01:08:06.423+0000] {logging_mixin.py:151} INFO - [2023-10-29T01:08:06.422+0000] {dagbag.py:536} INFO - Filling up the DagBag from /usr/local/lib/python3.10/dist-packages/airflow/example_dags/example_time_delta_sensor_async.py
[2023-10-29T01:08:06.428+0000] {processor.py:839} INFO - DAG(s) dict_keys(['example_time_delta_sensor_async']) retrieved from /usr/local/lib/python3.10/dist-packages/airflow/example_dags/example_time_delta_sensor_async.py
[2023-10-29T01:08:06.445+0000] {logging_mixin.py:151} INFO - [2023-10-29T01:08:06.444+0000] {dag.py:2941} INFO - Sync 1 DAGs
[2023-10-29T01:08:06.457+0000] {logging_mixin.py:151} INFO - [2023-10-29T01:08:06.457+0000] {dag.py:3722} INFO - Setting next_dagrun for example_time_delta_sensor_async to None, run_after=None
[2023-10-29T01:08:06.479+0000] {processor.py:179} INFO - Processing /usr/local/lib/python3.10/dist-packages/airflow/example_dags/example_time_delta_sensor_async.py took 0.061 seconds
[2023-10-29T01:08:53.578+0000] {processor.py:157} INFO - Started process (PID=4101) to work on /usr/local/lib/python3.10/dist-packages/airflow/example_dags/example_time_delta_sensor_async.py
[2023-10-29T01:08:53.580+0000] {processor.py:829} INFO - Processing file /usr/local/lib/python3.10/dist-packages/airflow/example_dags/example_time_delta_sensor_async.py for tasks to queue
[2023-10-29T01:08:53.581+0000] {logging_mixin.py:151} INFO - [2023-10-29T01:08:53.580+0000] {dagbag.py:536} INFO - Filling up the DagBag from /usr/local/lib/python3.10/dist-packages/airflow/example_dags/example_time_delta_sensor_async.py
[2023-10-29T01:08:53.585+0000] {processor.py:839} INFO - DAG(s) dict_keys(['example_time_delta_sensor_async']) retrieved from /usr/local/lib/python3.10/dist-packages/airflow/example_dags/example_time_delta_sensor_async.py
[2023-10-29T01:08:53.602+0000] {logging_mixin.py:151} INFO - [2023-10-29T01:08:53.602+0000] {dag.py:2941} INFO - Sync 1 DAGs
[2023-10-29T01:08:53.614+0000] {logging_mixin.py:151} INFO - [2023-10-29T01:08:53.614+0000] {dag.py:3722} INFO - Setting next_dagrun for example_time_delta_sensor_async to None, run_after=None
[2023-10-29T01:08:53.635+0000] {processor.py:179} INFO - Processing /usr/local/lib/python3.10/dist-packages/airflow/example_dags/example_time_delta_sensor_async.py took 0.060 seconds
[2023-10-29T01:09:40.156+0000] {processor.py:157} INFO - Started process (PID=4149) to work on /usr/local/lib/python3.10/dist-packages/airflow/example_dags/example_time_delta_sensor_async.py
[2023-10-29T01:09:40.157+0000] {processor.py:829} INFO - Processing file /usr/local/lib/python3.10/dist-packages/airflow/example_dags/example_time_delta_sensor_async.py for tasks to queue
[2023-10-29T01:09:40.158+0000] {logging_mixin.py:151} INFO - [2023-10-29T01:09:40.158+0000] {dagbag.py:536} INFO - Filling up the DagBag from /usr/local/lib/python3.10/dist-packages/airflow/example_dags/example_time_delta_sensor_async.py
[2023-10-29T01:09:40.163+0000] {processor.py:839} INFO - DAG(s) dict_keys(['example_time_delta_sensor_async']) retrieved from /usr/local/lib/python3.10/dist-packages/airflow/example_dags/example_time_delta_sensor_async.py
[2023-10-29T01:09:40.180+0000] {logging_mixin.py:151} INFO - [2023-10-29T01:09:40.179+0000] {dag.py:2941} INFO - Sync 1 DAGs
[2023-10-29T01:09:40.191+0000] {logging_mixin.py:151} INFO - [2023-10-29T01:09:40.191+0000] {dag.py:3722} INFO - Setting next_dagrun for example_time_delta_sensor_async to None, run_after=None
[2023-10-29T01:09:40.217+0000] {processor.py:179} INFO - Processing /usr/local/lib/python3.10/dist-packages/airflow/example_dags/example_time_delta_sensor_async.py took 0.065 seconds
[2023-10-29T01:10:29.271+0000] {processor.py:157} INFO - Started process (PID=4198) to work on /usr/local/lib/python3.10/dist-packages/airflow/example_dags/example_time_delta_sensor_async.py
[2023-10-29T01:10:29.272+0000] {processor.py:829} INFO - Processing file /usr/local/lib/python3.10/dist-packages/airflow/example_dags/example_time_delta_sensor_async.py for tasks to queue
[2023-10-29T01:10:29.273+0000] {logging_mixin.py:151} INFO - [2023-10-29T01:10:29.272+0000] {dagbag.py:536} INFO - Filling up the DagBag from /usr/local/lib/python3.10/dist-packages/airflow/example_dags/example_time_delta_sensor_async.py
[2023-10-29T01:10:29.277+0000] {processor.py:839} INFO - DAG(s) dict_keys(['example_time_delta_sensor_async']) retrieved from /usr/local/lib/python3.10/dist-packages/airflow/example_dags/example_time_delta_sensor_async.py
[2023-10-29T01:10:29.294+0000] {logging_mixin.py:151} INFO - [2023-10-29T01:10:29.294+0000] {dag.py:2941} INFO - Sync 1 DAGs
[2023-10-29T01:10:29.306+0000] {logging_mixin.py:151} INFO - [2023-10-29T01:10:29.306+0000] {dag.py:3722} INFO - Setting next_dagrun for example_time_delta_sensor_async to None, run_after=None
[2023-10-29T01:10:29.329+0000] {processor.py:179} INFO - Processing /usr/local/lib/python3.10/dist-packages/airflow/example_dags/example_time_delta_sensor_async.py took 0.061 seconds
[2023-10-29T01:11:14.475+0000] {processor.py:157} INFO - Started process (PID=4245) to work on /usr/local/lib/python3.10/dist-packages/airflow/example_dags/example_time_delta_sensor_async.py
[2023-10-29T01:11:14.476+0000] {processor.py:829} INFO - Processing file /usr/local/lib/python3.10/dist-packages/airflow/example_dags/example_time_delta_sensor_async.py for tasks to queue
[2023-10-29T01:11:14.477+0000] {logging_mixin.py:151} INFO - [2023-10-29T01:11:14.477+0000] {dagbag.py:536} INFO - Filling up the DagBag from /usr/local/lib/python3.10/dist-packages/airflow/example_dags/example_time_delta_sensor_async.py
[2023-10-29T01:11:14.482+0000] {processor.py:839} INFO - DAG(s) dict_keys(['example_time_delta_sensor_async']) retrieved from /usr/local/lib/python3.10/dist-packages/airflow/example_dags/example_time_delta_sensor_async.py
[2023-10-29T01:11:14.499+0000] {logging_mixin.py:151} INFO - [2023-10-29T01:11:14.499+0000] {dag.py:2941} INFO - Sync 1 DAGs
[2023-10-29T01:11:14.511+0000] {logging_mixin.py:151} INFO - [2023-10-29T01:11:14.511+0000] {dag.py:3722} INFO - Setting next_dagrun for example_time_delta_sensor_async to None, run_after=None
[2023-10-29T01:11:14.532+0000] {processor.py:179} INFO - Processing /usr/local/lib/python3.10/dist-packages/airflow/example_dags/example_time_delta_sensor_async.py took 0.061 seconds
[2023-10-29T01:12:01.021+0000] {processor.py:157} INFO - Started process (PID=4668) to work on /usr/local/lib/python3.10/dist-packages/airflow/example_dags/example_time_delta_sensor_async.py
[2023-10-29T01:12:01.022+0000] {processor.py:829} INFO - Processing file /usr/local/lib/python3.10/dist-packages/airflow/example_dags/example_time_delta_sensor_async.py for tasks to queue
[2023-10-29T01:12:01.023+0000] {logging_mixin.py:151} INFO - [2023-10-29T01:12:01.023+0000] {dagbag.py:536} INFO - Filling up the DagBag from /usr/local/lib/python3.10/dist-packages/airflow/example_dags/example_time_delta_sensor_async.py
[2023-10-29T01:12:01.028+0000] {processor.py:839} INFO - DAG(s) dict_keys(['example_time_delta_sensor_async']) retrieved from /usr/local/lib/python3.10/dist-packages/airflow/example_dags/example_time_delta_sensor_async.py
[2023-10-29T01:12:01.046+0000] {logging_mixin.py:151} INFO - [2023-10-29T01:12:01.045+0000] {dag.py:2941} INFO - Sync 1 DAGs
[2023-10-29T01:12:01.058+0000] {logging_mixin.py:151} INFO - [2023-10-29T01:12:01.058+0000] {dag.py:3722} INFO - Setting next_dagrun for example_time_delta_sensor_async to None, run_after=None
[2023-10-29T01:12:01.080+0000] {processor.py:179} INFO - Processing /usr/local/lib/python3.10/dist-packages/airflow/example_dags/example_time_delta_sensor_async.py took 0.062 seconds
[2023-10-29T01:12:45.736+0000] {processor.py:157} INFO - Started process (PID=4719) to work on /usr/local/lib/python3.10/dist-packages/airflow/example_dags/example_time_delta_sensor_async.py
[2023-10-29T01:12:45.737+0000] {processor.py:829} INFO - Processing file /usr/local/lib/python3.10/dist-packages/airflow/example_dags/example_time_delta_sensor_async.py for tasks to queue
[2023-10-29T01:12:45.738+0000] {logging_mixin.py:151} INFO - [2023-10-29T01:12:45.738+0000] {dagbag.py:536} INFO - Filling up the DagBag from /usr/local/lib/python3.10/dist-packages/airflow/example_dags/example_time_delta_sensor_async.py
[2023-10-29T01:12:45.743+0000] {processor.py:839} INFO - DAG(s) dict_keys(['example_time_delta_sensor_async']) retrieved from /usr/local/lib/python3.10/dist-packages/airflow/example_dags/example_time_delta_sensor_async.py
[2023-10-29T01:12:45.760+0000] {logging_mixin.py:151} INFO - [2023-10-29T01:12:45.760+0000] {dag.py:2941} INFO - Sync 1 DAGs
[2023-10-29T01:12:45.772+0000] {logging_mixin.py:151} INFO - [2023-10-29T01:12:45.772+0000] {dag.py:3722} INFO - Setting next_dagrun for example_time_delta_sensor_async to None, run_after=None
[2023-10-29T01:12:45.794+0000] {processor.py:179} INFO - Processing /usr/local/lib/python3.10/dist-packages/airflow/example_dags/example_time_delta_sensor_async.py took 0.062 seconds
[2023-10-29T01:13:24.740+0000] {processor.py:157} INFO - Started process (PID=4763) to work on /usr/local/lib/python3.10/dist-packages/airflow/example_dags/example_time_delta_sensor_async.py
[2023-10-29T01:13:24.742+0000] {processor.py:829} INFO - Processing file /usr/local/lib/python3.10/dist-packages/airflow/example_dags/example_time_delta_sensor_async.py for tasks to queue
[2023-10-29T01:13:24.743+0000] {logging_mixin.py:151} INFO - [2023-10-29T01:13:24.742+0000] {dagbag.py:536} INFO - Filling up the DagBag from /usr/local/lib/python3.10/dist-packages/airflow/example_dags/example_time_delta_sensor_async.py
[2023-10-29T01:13:24.747+0000] {processor.py:839} INFO - DAG(s) dict_keys(['example_time_delta_sensor_async']) retrieved from /usr/local/lib/python3.10/dist-packages/airflow/example_dags/example_time_delta_sensor_async.py
[2023-10-29T01:13:24.764+0000] {logging_mixin.py:151} INFO - [2023-10-29T01:13:24.764+0000] {dag.py:2941} INFO - Sync 1 DAGs
[2023-10-29T01:13:24.776+0000] {logging_mixin.py:151} INFO - [2023-10-29T01:13:24.776+0000] {dag.py:3722} INFO - Setting next_dagrun for example_time_delta_sensor_async to None, run_after=None
[2023-10-29T01:13:24.797+0000] {processor.py:179} INFO - Processing /usr/local/lib/python3.10/dist-packages/airflow/example_dags/example_time_delta_sensor_async.py took 0.060 seconds
[2023-10-29T01:14:06.619+0000] {processor.py:157} INFO - Started process (PID=4808) to work on /usr/local/lib/python3.10/dist-packages/airflow/example_dags/example_time_delta_sensor_async.py
[2023-10-29T01:14:06.620+0000] {processor.py:829} INFO - Processing file /usr/local/lib/python3.10/dist-packages/airflow/example_dags/example_time_delta_sensor_async.py for tasks to queue
[2023-10-29T01:14:06.621+0000] {logging_mixin.py:151} INFO - [2023-10-29T01:14:06.620+0000] {dagbag.py:536} INFO - Filling up the DagBag from /usr/local/lib/python3.10/dist-packages/airflow/example_dags/example_time_delta_sensor_async.py
[2023-10-29T01:14:06.626+0000] {processor.py:839} INFO - DAG(s) dict_keys(['example_time_delta_sensor_async']) retrieved from /usr/local/lib/python3.10/dist-packages/airflow/example_dags/example_time_delta_sensor_async.py
[2023-10-29T01:14:06.643+0000] {logging_mixin.py:151} INFO - [2023-10-29T01:14:06.642+0000] {dag.py:2941} INFO - Sync 1 DAGs
[2023-10-29T01:14:06.654+0000] {logging_mixin.py:151} INFO - [2023-10-29T01:14:06.654+0000] {dag.py:3722} INFO - Setting next_dagrun for example_time_delta_sensor_async to None, run_after=None
[2023-10-29T01:14:06.676+0000] {processor.py:179} INFO - Processing /usr/local/lib/python3.10/dist-packages/airflow/example_dags/example_time_delta_sensor_async.py took 0.060 seconds
[2023-10-29T01:14:50.596+0000] {processor.py:157} INFO - Started process (PID=4854) to work on /usr/local/lib/python3.10/dist-packages/airflow/example_dags/example_time_delta_sensor_async.py
[2023-10-29T01:14:50.597+0000] {processor.py:829} INFO - Processing file /usr/local/lib/python3.10/dist-packages/airflow/example_dags/example_time_delta_sensor_async.py for tasks to queue
[2023-10-29T01:14:50.598+0000] {logging_mixin.py:151} INFO - [2023-10-29T01:14:50.597+0000] {dagbag.py:536} INFO - Filling up the DagBag from /usr/local/lib/python3.10/dist-packages/airflow/example_dags/example_time_delta_sensor_async.py
[2023-10-29T01:14:50.603+0000] {processor.py:839} INFO - DAG(s) dict_keys(['example_time_delta_sensor_async']) retrieved from /usr/local/lib/python3.10/dist-packages/airflow/example_dags/example_time_delta_sensor_async.py
[2023-10-29T01:14:50.620+0000] {logging_mixin.py:151} INFO - [2023-10-29T01:14:50.620+0000] {dag.py:2941} INFO - Sync 1 DAGs
[2023-10-29T01:14:50.632+0000] {logging_mixin.py:151} INFO - [2023-10-29T01:14:50.632+0000] {dag.py:3722} INFO - Setting next_dagrun for example_time_delta_sensor_async to None, run_after=None
[2023-10-29T01:14:50.654+0000] {processor.py:179} INFO - Processing /usr/local/lib/python3.10/dist-packages/airflow/example_dags/example_time_delta_sensor_async.py took 0.062 seconds
[2023-10-29T01:15:32.415+0000] {processor.py:157} INFO - Started process (PID=4897) to work on /usr/local/lib/python3.10/dist-packages/airflow/example_dags/example_time_delta_sensor_async.py
[2023-10-29T01:15:32.416+0000] {processor.py:829} INFO - Processing file /usr/local/lib/python3.10/dist-packages/airflow/example_dags/example_time_delta_sensor_async.py for tasks to queue
[2023-10-29T01:15:32.417+0000] {logging_mixin.py:151} INFO - [2023-10-29T01:15:32.417+0000] {dagbag.py:536} INFO - Filling up the DagBag from /usr/local/lib/python3.10/dist-packages/airflow/example_dags/example_time_delta_sensor_async.py
[2023-10-29T01:15:32.422+0000] {processor.py:839} INFO - DAG(s) dict_keys(['example_time_delta_sensor_async']) retrieved from /usr/local/lib/python3.10/dist-packages/airflow/example_dags/example_time_delta_sensor_async.py
[2023-10-29T01:15:32.439+0000] {logging_mixin.py:151} INFO - [2023-10-29T01:15:32.439+0000] {dag.py:2941} INFO - Sync 1 DAGs
[2023-10-29T01:15:32.451+0000] {logging_mixin.py:151} INFO - [2023-10-29T01:15:32.451+0000] {dag.py:3722} INFO - Setting next_dagrun for example_time_delta_sensor_async to None, run_after=None
[2023-10-29T01:15:32.473+0000] {processor.py:179} INFO - Processing /usr/local/lib/python3.10/dist-packages/airflow/example_dags/example_time_delta_sensor_async.py took 0.061 seconds
[2023-10-29T01:16:17.249+0000] {processor.py:157} INFO - Started process (PID=4943) to work on /usr/local/lib/python3.10/dist-packages/airflow/example_dags/example_time_delta_sensor_async.py
[2023-10-29T01:16:17.250+0000] {processor.py:829} INFO - Processing file /usr/local/lib/python3.10/dist-packages/airflow/example_dags/example_time_delta_sensor_async.py for tasks to queue
[2023-10-29T01:16:17.251+0000] {logging_mixin.py:151} INFO - [2023-10-29T01:16:17.251+0000] {dagbag.py:536} INFO - Filling up the DagBag from /usr/local/lib/python3.10/dist-packages/airflow/example_dags/example_time_delta_sensor_async.py
[2023-10-29T01:16:17.256+0000] {processor.py:839} INFO - DAG(s) dict_keys(['example_time_delta_sensor_async']) retrieved from /usr/local/lib/python3.10/dist-packages/airflow/example_dags/example_time_delta_sensor_async.py
[2023-10-29T01:16:17.273+0000] {logging_mixin.py:151} INFO - [2023-10-29T01:16:17.273+0000] {dag.py:2941} INFO - Sync 1 DAGs
[2023-10-29T01:16:17.286+0000] {logging_mixin.py:151} INFO - [2023-10-29T01:16:17.285+0000] {dag.py:3722} INFO - Setting next_dagrun for example_time_delta_sensor_async to None, run_after=None
[2023-10-29T01:16:17.307+0000] {processor.py:179} INFO - Processing /usr/local/lib/python3.10/dist-packages/airflow/example_dags/example_time_delta_sensor_async.py took 0.061 seconds
[2023-10-29T01:17:04.604+0000] {processor.py:157} INFO - Started process (PID=4994) to work on /usr/local/lib/python3.10/dist-packages/airflow/example_dags/example_time_delta_sensor_async.py
[2023-10-29T01:17:04.605+0000] {processor.py:829} INFO - Processing file /usr/local/lib/python3.10/dist-packages/airflow/example_dags/example_time_delta_sensor_async.py for tasks to queue
[2023-10-29T01:17:04.606+0000] {logging_mixin.py:151} INFO - [2023-10-29T01:17:04.606+0000] {dagbag.py:536} INFO - Filling up the DagBag from /usr/local/lib/python3.10/dist-packages/airflow/example_dags/example_time_delta_sensor_async.py
[2023-10-29T01:17:04.611+0000] {processor.py:839} INFO - DAG(s) dict_keys(['example_time_delta_sensor_async']) retrieved from /usr/local/lib/python3.10/dist-packages/airflow/example_dags/example_time_delta_sensor_async.py
[2023-10-29T01:17:04.628+0000] {logging_mixin.py:151} INFO - [2023-10-29T01:17:04.628+0000] {dag.py:2941} INFO - Sync 1 DAGs
[2023-10-29T01:17:04.640+0000] {logging_mixin.py:151} INFO - [2023-10-29T01:17:04.640+0000] {dag.py:3722} INFO - Setting next_dagrun for example_time_delta_sensor_async to None, run_after=None
[2023-10-29T01:17:04.661+0000] {processor.py:179} INFO - Processing /usr/local/lib/python3.10/dist-packages/airflow/example_dags/example_time_delta_sensor_async.py took 0.060 seconds
[2023-10-29T01:17:50.029+0000] {processor.py:157} INFO - Started process (PID=5041) to work on /usr/local/lib/python3.10/dist-packages/airflow/example_dags/example_time_delta_sensor_async.py
[2023-10-29T01:17:50.031+0000] {processor.py:829} INFO - Processing file /usr/local/lib/python3.10/dist-packages/airflow/example_dags/example_time_delta_sensor_async.py for tasks to queue
[2023-10-29T01:17:50.031+0000] {logging_mixin.py:151} INFO - [2023-10-29T01:17:50.031+0000] {dagbag.py:536} INFO - Filling up the DagBag from /usr/local/lib/python3.10/dist-packages/airflow/example_dags/example_time_delta_sensor_async.py
[2023-10-29T01:17:50.036+0000] {processor.py:839} INFO - DAG(s) dict_keys(['example_time_delta_sensor_async']) retrieved from /usr/local/lib/python3.10/dist-packages/airflow/example_dags/example_time_delta_sensor_async.py
[2023-10-29T01:17:50.053+0000] {logging_mixin.py:151} INFO - [2023-10-29T01:17:50.053+0000] {dag.py:2941} INFO - Sync 1 DAGs
[2023-10-29T01:17:50.065+0000] {logging_mixin.py:151} INFO - [2023-10-29T01:17:50.065+0000] {dag.py:3722} INFO - Setting next_dagrun for example_time_delta_sensor_async to None, run_after=None
[2023-10-29T01:17:50.086+0000] {processor.py:179} INFO - Processing /usr/local/lib/python3.10/dist-packages/airflow/example_dags/example_time_delta_sensor_async.py took 0.060 seconds
[2023-10-29T01:18:36.529+0000] {processor.py:157} INFO - Started process (PID=5089) to work on /usr/local/lib/python3.10/dist-packages/airflow/example_dags/example_time_delta_sensor_async.py
[2023-10-29T01:18:36.531+0000] {processor.py:829} INFO - Processing file /usr/local/lib/python3.10/dist-packages/airflow/example_dags/example_time_delta_sensor_async.py for tasks to queue
[2023-10-29T01:18:36.532+0000] {logging_mixin.py:151} INFO - [2023-10-29T01:18:36.531+0000] {dagbag.py:536} INFO - Filling up the DagBag from /usr/local/lib/python3.10/dist-packages/airflow/example_dags/example_time_delta_sensor_async.py
[2023-10-29T01:18:36.537+0000] {processor.py:839} INFO - DAG(s) dict_keys(['example_time_delta_sensor_async']) retrieved from /usr/local/lib/python3.10/dist-packages/airflow/example_dags/example_time_delta_sensor_async.py
[2023-10-29T01:18:36.554+0000] {logging_mixin.py:151} INFO - [2023-10-29T01:18:36.553+0000] {dag.py:2941} INFO - Sync 1 DAGs
[2023-10-29T01:18:36.565+0000] {logging_mixin.py:151} INFO - [2023-10-29T01:18:36.565+0000] {dag.py:3722} INFO - Setting next_dagrun for example_time_delta_sensor_async to None, run_after=None
[2023-10-29T01:18:36.586+0000] {processor.py:179} INFO - Processing /usr/local/lib/python3.10/dist-packages/airflow/example_dags/example_time_delta_sensor_async.py took 0.060 seconds
[2023-10-29T01:19:24.471+0000] {processor.py:157} INFO - Started process (PID=5137) to work on /usr/local/lib/python3.10/dist-packages/airflow/example_dags/example_time_delta_sensor_async.py
[2023-10-29T01:19:24.472+0000] {processor.py:829} INFO - Processing file /usr/local/lib/python3.10/dist-packages/airflow/example_dags/example_time_delta_sensor_async.py for tasks to queue
[2023-10-29T01:19:24.473+0000] {logging_mixin.py:151} INFO - [2023-10-29T01:19:24.473+0000] {dagbag.py:536} INFO - Filling up the DagBag from /usr/local/lib/python3.10/dist-packages/airflow/example_dags/example_time_delta_sensor_async.py
[2023-10-29T01:19:24.478+0000] {processor.py:839} INFO - DAG(s) dict_keys(['example_time_delta_sensor_async']) retrieved from /usr/local/lib/python3.10/dist-packages/airflow/example_dags/example_time_delta_sensor_async.py
[2023-10-29T01:19:24.495+0000] {logging_mixin.py:151} INFO - [2023-10-29T01:19:24.495+0000] {dag.py:2941} INFO - Sync 1 DAGs
[2023-10-29T01:19:24.507+0000] {logging_mixin.py:151} INFO - [2023-10-29T01:19:24.507+0000] {dag.py:3722} INFO - Setting next_dagrun for example_time_delta_sensor_async to None, run_after=None
[2023-10-29T01:19:24.529+0000] {processor.py:179} INFO - Processing /usr/local/lib/python3.10/dist-packages/airflow/example_dags/example_time_delta_sensor_async.py took 0.061 seconds
[2023-10-29T01:20:11.957+0000] {processor.py:157} INFO - Started process (PID=5186) to work on /usr/local/lib/python3.10/dist-packages/airflow/example_dags/example_time_delta_sensor_async.py
[2023-10-29T01:20:11.958+0000] {processor.py:829} INFO - Processing file /usr/local/lib/python3.10/dist-packages/airflow/example_dags/example_time_delta_sensor_async.py for tasks to queue
[2023-10-29T01:20:11.959+0000] {logging_mixin.py:151} INFO - [2023-10-29T01:20:11.959+0000] {dagbag.py:536} INFO - Filling up the DagBag from /usr/local/lib/python3.10/dist-packages/airflow/example_dags/example_time_delta_sensor_async.py
[2023-10-29T01:20:11.964+0000] {processor.py:839} INFO - DAG(s) dict_keys(['example_time_delta_sensor_async']) retrieved from /usr/local/lib/python3.10/dist-packages/airflow/example_dags/example_time_delta_sensor_async.py
[2023-10-29T01:20:11.981+0000] {logging_mixin.py:151} INFO - [2023-10-29T01:20:11.981+0000] {dag.py:2941} INFO - Sync 1 DAGs
[2023-10-29T01:20:11.993+0000] {logging_mixin.py:151} INFO - [2023-10-29T01:20:11.993+0000] {dag.py:3722} INFO - Setting next_dagrun for example_time_delta_sensor_async to None, run_after=None
[2023-10-29T01:20:12.015+0000] {processor.py:179} INFO - Processing /usr/local/lib/python3.10/dist-packages/airflow/example_dags/example_time_delta_sensor_async.py took 0.061 seconds
[2023-10-29T01:20:56.822+0000] {processor.py:157} INFO - Started process (PID=5233) to work on /usr/local/lib/python3.10/dist-packages/airflow/example_dags/example_time_delta_sensor_async.py
[2023-10-29T01:20:56.823+0000] {processor.py:829} INFO - Processing file /usr/local/lib/python3.10/dist-packages/airflow/example_dags/example_time_delta_sensor_async.py for tasks to queue
[2023-10-29T01:20:56.824+0000] {logging_mixin.py:151} INFO - [2023-10-29T01:20:56.823+0000] {dagbag.py:536} INFO - Filling up the DagBag from /usr/local/lib/python3.10/dist-packages/airflow/example_dags/example_time_delta_sensor_async.py
[2023-10-29T01:20:56.828+0000] {processor.py:839} INFO - DAG(s) dict_keys(['example_time_delta_sensor_async']) retrieved from /usr/local/lib/python3.10/dist-packages/airflow/example_dags/example_time_delta_sensor_async.py
[2023-10-29T01:20:56.846+0000] {logging_mixin.py:151} INFO - [2023-10-29T01:20:56.845+0000] {dag.py:2941} INFO - Sync 1 DAGs
[2023-10-29T01:20:56.857+0000] {logging_mixin.py:151} INFO - [2023-10-29T01:20:56.857+0000] {dag.py:3722} INFO - Setting next_dagrun for example_time_delta_sensor_async to None, run_after=None
[2023-10-29T01:20:56.879+0000] {processor.py:179} INFO - Processing /usr/local/lib/python3.10/dist-packages/airflow/example_dags/example_time_delta_sensor_async.py took 0.060 seconds
[2023-10-29T01:21:45.382+0000] {processor.py:157} INFO - Started process (PID=5281) to work on /usr/local/lib/python3.10/dist-packages/airflow/example_dags/example_time_delta_sensor_async.py
[2023-10-29T01:21:45.383+0000] {processor.py:829} INFO - Processing file /usr/local/lib/python3.10/dist-packages/airflow/example_dags/example_time_delta_sensor_async.py for tasks to queue
[2023-10-29T01:21:45.384+0000] {logging_mixin.py:151} INFO - [2023-10-29T01:21:45.384+0000] {dagbag.py:536} INFO - Filling up the DagBag from /usr/local/lib/python3.10/dist-packages/airflow/example_dags/example_time_delta_sensor_async.py
[2023-10-29T01:21:45.390+0000] {processor.py:839} INFO - DAG(s) dict_keys(['example_time_delta_sensor_async']) retrieved from /usr/local/lib/python3.10/dist-packages/airflow/example_dags/example_time_delta_sensor_async.py
[2023-10-29T01:21:45.406+0000] {logging_mixin.py:151} INFO - [2023-10-29T01:21:45.406+0000] {dag.py:2941} INFO - Sync 1 DAGs
[2023-10-29T01:21:45.418+0000] {logging_mixin.py:151} INFO - [2023-10-29T01:21:45.418+0000] {dag.py:3722} INFO - Setting next_dagrun for example_time_delta_sensor_async to None, run_after=None
[2023-10-29T01:21:45.445+0000] {processor.py:179} INFO - Processing /usr/local/lib/python3.10/dist-packages/airflow/example_dags/example_time_delta_sensor_async.py took 0.066 seconds
[2023-10-29T01:22:33.801+0000] {processor.py:157} INFO - Started process (PID=5332) to work on /usr/local/lib/python3.10/dist-packages/airflow/example_dags/example_time_delta_sensor_async.py
[2023-10-29T01:22:33.803+0000] {processor.py:829} INFO - Processing file /usr/local/lib/python3.10/dist-packages/airflow/example_dags/example_time_delta_sensor_async.py for tasks to queue
[2023-10-29T01:22:33.803+0000] {logging_mixin.py:151} INFO - [2023-10-29T01:22:33.803+0000] {dagbag.py:536} INFO - Filling up the DagBag from /usr/local/lib/python3.10/dist-packages/airflow/example_dags/example_time_delta_sensor_async.py
[2023-10-29T01:22:33.808+0000] {processor.py:839} INFO - DAG(s) dict_keys(['example_time_delta_sensor_async']) retrieved from /usr/local/lib/python3.10/dist-packages/airflow/example_dags/example_time_delta_sensor_async.py
[2023-10-29T01:22:33.826+0000] {logging_mixin.py:151} INFO - [2023-10-29T01:22:33.826+0000] {dag.py:2941} INFO - Sync 1 DAGs
[2023-10-29T01:22:33.838+0000] {logging_mixin.py:151} INFO - [2023-10-29T01:22:33.838+0000] {dag.py:3722} INFO - Setting next_dagrun for example_time_delta_sensor_async to None, run_after=None
[2023-10-29T01:22:33.861+0000] {processor.py:179} INFO - Processing /usr/local/lib/python3.10/dist-packages/airflow/example_dags/example_time_delta_sensor_async.py took 0.063 seconds
[2023-10-29T01:23:20.831+0000] {processor.py:157} INFO - Started process (PID=5380) to work on /usr/local/lib/python3.10/dist-packages/airflow/example_dags/example_time_delta_sensor_async.py
[2023-10-29T01:23:20.832+0000] {processor.py:829} INFO - Processing file /usr/local/lib/python3.10/dist-packages/airflow/example_dags/example_time_delta_sensor_async.py for tasks to queue
[2023-10-29T01:23:20.833+0000] {logging_mixin.py:151} INFO - [2023-10-29T01:23:20.832+0000] {dagbag.py:536} INFO - Filling up the DagBag from /usr/local/lib/python3.10/dist-packages/airflow/example_dags/example_time_delta_sensor_async.py
[2023-10-29T01:23:20.838+0000] {processor.py:839} INFO - DAG(s) dict_keys(['example_time_delta_sensor_async']) retrieved from /usr/local/lib/python3.10/dist-packages/airflow/example_dags/example_time_delta_sensor_async.py
[2023-10-29T01:23:20.855+0000] {logging_mixin.py:151} INFO - [2023-10-29T01:23:20.854+0000] {dag.py:2941} INFO - Sync 1 DAGs
[2023-10-29T01:23:20.867+0000] {logging_mixin.py:151} INFO - [2023-10-29T01:23:20.866+0000] {dag.py:3722} INFO - Setting next_dagrun for example_time_delta_sensor_async to None, run_after=None
[2023-10-29T01:23:20.890+0000] {processor.py:179} INFO - Processing /usr/local/lib/python3.10/dist-packages/airflow/example_dags/example_time_delta_sensor_async.py took 0.063 seconds
[2023-10-29T01:24:12.359+0000] {processor.py:157} INFO - Started process (PID=5432) to work on /usr/local/lib/python3.10/dist-packages/airflow/example_dags/example_time_delta_sensor_async.py
[2023-10-29T01:24:12.361+0000] {processor.py:829} INFO - Processing file /usr/local/lib/python3.10/dist-packages/airflow/example_dags/example_time_delta_sensor_async.py for tasks to queue
[2023-10-29T01:24:12.361+0000] {logging_mixin.py:151} INFO - [2023-10-29T01:24:12.361+0000] {dagbag.py:536} INFO - Filling up the DagBag from /usr/local/lib/python3.10/dist-packages/airflow/example_dags/example_time_delta_sensor_async.py
[2023-10-29T01:24:12.366+0000] {processor.py:839} INFO - DAG(s) dict_keys(['example_time_delta_sensor_async']) retrieved from /usr/local/lib/python3.10/dist-packages/airflow/example_dags/example_time_delta_sensor_async.py
[2023-10-29T01:24:12.383+0000] {logging_mixin.py:151} INFO - [2023-10-29T01:24:12.383+0000] {dag.py:2941} INFO - Sync 1 DAGs
[2023-10-29T01:24:12.394+0000] {logging_mixin.py:151} INFO - [2023-10-29T01:24:12.394+0000] {dag.py:3722} INFO - Setting next_dagrun for example_time_delta_sensor_async to None, run_after=None
[2023-10-29T01:24:12.415+0000] {processor.py:179} INFO - Processing /usr/local/lib/python3.10/dist-packages/airflow/example_dags/example_time_delta_sensor_async.py took 0.059 seconds
[2023-10-29T01:25:01.661+0000] {processor.py:157} INFO - Started process (PID=5482) to work on /usr/local/lib/python3.10/dist-packages/airflow/example_dags/example_time_delta_sensor_async.py
[2023-10-29T01:25:01.662+0000] {processor.py:829} INFO - Processing file /usr/local/lib/python3.10/dist-packages/airflow/example_dags/example_time_delta_sensor_async.py for tasks to queue
[2023-10-29T01:25:01.663+0000] {logging_mixin.py:151} INFO - [2023-10-29T01:25:01.663+0000] {dagbag.py:536} INFO - Filling up the DagBag from /usr/local/lib/python3.10/dist-packages/airflow/example_dags/example_time_delta_sensor_async.py
[2023-10-29T01:25:01.668+0000] {processor.py:839} INFO - DAG(s) dict_keys(['example_time_delta_sensor_async']) retrieved from /usr/local/lib/python3.10/dist-packages/airflow/example_dags/example_time_delta_sensor_async.py
[2023-10-29T01:25:01.686+0000] {logging_mixin.py:151} INFO - [2023-10-29T01:25:01.686+0000] {dag.py:2941} INFO - Sync 1 DAGs
[2023-10-29T01:25:01.699+0000] {logging_mixin.py:151} INFO - [2023-10-29T01:25:01.698+0000] {dag.py:3722} INFO - Setting next_dagrun for example_time_delta_sensor_async to None, run_after=None
[2023-10-29T01:25:01.722+0000] {processor.py:179} INFO - Processing /usr/local/lib/python3.10/dist-packages/airflow/example_dags/example_time_delta_sensor_async.py took 0.064 seconds
