[2023-10-29T01:01:26.809+0000] {processor.py:157} INFO - Started process (PID=3638) to work on /usr/local/lib/python3.10/dist-packages/airflow/example_dags/example_datasets.py
[2023-10-29T01:01:26.809+0000] {processor.py:829} INFO - Processing file /usr/local/lib/python3.10/dist-packages/airflow/example_dags/example_datasets.py for tasks to queue
[2023-10-29T01:01:26.810+0000] {logging_mixin.py:151} INFO - [2023-10-29T01:01:26.810+0000] {dagbag.py:536} INFO - Filling up the DagBag from /usr/local/lib/python3.10/dist-packages/airflow/example_dags/example_datasets.py
[2023-10-29T01:01:26.820+0000] {processor.py:839} INFO - DAG(s) dict_keys(['dataset_produces_1', 'dataset_consumes_unknown_never_scheduled', 'dataset_consumes_1_and_2', 'dataset_consumes_1', 'dataset_produces_2', 'dataset_consumes_1_never_scheduled']) retrieved from /usr/local/lib/python3.10/dist-packages/airflow/example_dags/example_datasets.py
[2023-10-29T01:01:26.935+0000] {logging_mixin.py:151} INFO - [2023-10-29T01:01:26.935+0000] {manager.py:499} INFO - Created Permission View: %s
[2023-10-29T01:01:26.949+0000] {logging_mixin.py:151} INFO - [2023-10-29T01:01:26.949+0000] {manager.py:499} INFO - Created Permission View: %s
[2023-10-29T01:01:26.961+0000] {logging_mixin.py:151} INFO - [2023-10-29T01:01:26.961+0000] {manager.py:499} INFO - Created Permission View: %s
[2023-10-29T01:01:26.984+0000] {logging_mixin.py:151} INFO - [2023-10-29T01:01:26.984+0000] {manager.py:499} INFO - Created Permission View: %s
[2023-10-29T01:01:26.994+0000] {logging_mixin.py:151} INFO - [2023-10-29T01:01:26.994+0000] {manager.py:499} INFO - Created Permission View: %s
[2023-10-29T01:01:27.004+0000] {logging_mixin.py:151} INFO - [2023-10-29T01:01:27.004+0000] {manager.py:499} INFO - Created Permission View: %s
[2023-10-29T01:01:27.027+0000] {logging_mixin.py:151} INFO - [2023-10-29T01:01:27.027+0000] {manager.py:499} INFO - Created Permission View: %s
[2023-10-29T01:01:27.037+0000] {logging_mixin.py:151} INFO - [2023-10-29T01:01:27.037+0000] {manager.py:499} INFO - Created Permission View: %s
[2023-10-29T01:01:27.048+0000] {logging_mixin.py:151} INFO - [2023-10-29T01:01:27.048+0000] {manager.py:499} INFO - Created Permission View: %s
[2023-10-29T01:01:27.069+0000] {logging_mixin.py:151} INFO - [2023-10-29T01:01:27.069+0000] {manager.py:499} INFO - Created Permission View: %s
[2023-10-29T01:01:27.080+0000] {logging_mixin.py:151} INFO - [2023-10-29T01:01:27.080+0000] {manager.py:499} INFO - Created Permission View: %s
[2023-10-29T01:01:27.091+0000] {logging_mixin.py:151} INFO - [2023-10-29T01:01:27.090+0000] {manager.py:499} INFO - Created Permission View: %s
[2023-10-29T01:01:27.112+0000] {logging_mixin.py:151} INFO - [2023-10-29T01:01:27.112+0000] {manager.py:499} INFO - Created Permission View: %s
[2023-10-29T01:01:27.123+0000] {logging_mixin.py:151} INFO - [2023-10-29T01:01:27.122+0000] {manager.py:499} INFO - Created Permission View: %s
[2023-10-29T01:01:27.134+0000] {logging_mixin.py:151} INFO - [2023-10-29T01:01:27.134+0000] {manager.py:499} INFO - Created Permission View: %s
[2023-10-29T01:01:27.157+0000] {logging_mixin.py:151} INFO - [2023-10-29T01:01:27.157+0000] {manager.py:499} INFO - Created Permission View: %s
[2023-10-29T01:01:27.168+0000] {logging_mixin.py:151} INFO - [2023-10-29T01:01:27.167+0000] {manager.py:499} INFO - Created Permission View: %s
[2023-10-29T01:01:27.178+0000] {logging_mixin.py:151} INFO - [2023-10-29T01:01:27.177+0000] {manager.py:499} INFO - Created Permission View: %s
[2023-10-29T01:01:27.178+0000] {logging_mixin.py:151} INFO - [2023-10-29T01:01:27.178+0000] {dag.py:2941} INFO - Sync 6 DAGs
[2023-10-29T01:01:27.188+0000] {logging_mixin.py:151} INFO - [2023-10-29T01:01:27.188+0000] {dag.py:2963} INFO - Creating ORM DAG for dataset_consumes_unknown_never_scheduled
[2023-10-29T01:01:27.189+0000] {logging_mixin.py:151} INFO - [2023-10-29T01:01:27.189+0000] {dag.py:2963} INFO - Creating ORM DAG for dataset_consumes_1
[2023-10-29T01:01:27.190+0000] {logging_mixin.py:151} INFO - [2023-10-29T01:01:27.189+0000] {dag.py:2963} INFO - Creating ORM DAG for dataset_produces_2
[2023-10-29T01:01:27.190+0000] {logging_mixin.py:151} INFO - [2023-10-29T01:01:27.190+0000] {dag.py:2963} INFO - Creating ORM DAG for dataset_produces_1
[2023-10-29T01:01:27.191+0000] {logging_mixin.py:151} INFO - [2023-10-29T01:01:27.190+0000] {dag.py:2963} INFO - Creating ORM DAG for dataset_consumes_1_and_2
[2023-10-29T01:01:27.191+0000] {logging_mixin.py:151} INFO - [2023-10-29T01:01:27.191+0000] {dag.py:2963} INFO - Creating ORM DAG for dataset_consumes_1_never_scheduled
[2023-10-29T01:01:27.201+0000] {logging_mixin.py:151} INFO - [2023-10-29T01:01:27.201+0000] {dag.py:3722} INFO - Setting next_dagrun for dataset_consumes_1 to None, run_after=None
[2023-10-29T01:01:27.201+0000] {logging_mixin.py:151} INFO - [2023-10-29T01:01:27.201+0000] {dag.py:3722} INFO - Setting next_dagrun for dataset_consumes_1_and_2 to None, run_after=None
[2023-10-29T01:01:27.202+0000] {logging_mixin.py:151} INFO - [2023-10-29T01:01:27.202+0000] {dag.py:3722} INFO - Setting next_dagrun for dataset_consumes_1_never_scheduled to None, run_after=None
[2023-10-29T01:01:27.202+0000] {logging_mixin.py:151} INFO - [2023-10-29T01:01:27.202+0000] {dag.py:3722} INFO - Setting next_dagrun for dataset_consumes_unknown_never_scheduled to None, run_after=None
[2023-10-29T01:01:27.205+0000] {logging_mixin.py:151} INFO - [2023-10-29T01:01:27.204+0000] {dag.py:3722} INFO - Setting next_dagrun for dataset_produces_1 to 2023-10-28T00:00:00+00:00, run_after=2023-10-29T00:00:00+00:00
[2023-10-29T01:01:27.205+0000] {logging_mixin.py:151} INFO - [2023-10-29T01:01:27.205+0000] {dag.py:3722} INFO - Setting next_dagrun for dataset_produces_2 to None, run_after=None
[2023-10-29T01:01:27.241+0000] {processor.py:179} INFO - Processing /usr/local/lib/python3.10/dist-packages/airflow/example_dags/example_datasets.py took 0.435 seconds
[2023-10-29T01:02:15.726+0000] {processor.py:157} INFO - Started process (PID=3686) to work on /usr/local/lib/python3.10/dist-packages/airflow/example_dags/example_datasets.py
[2023-10-29T01:02:15.727+0000] {processor.py:829} INFO - Processing file /usr/local/lib/python3.10/dist-packages/airflow/example_dags/example_datasets.py for tasks to queue
[2023-10-29T01:02:15.728+0000] {logging_mixin.py:151} INFO - [2023-10-29T01:02:15.728+0000] {dagbag.py:536} INFO - Filling up the DagBag from /usr/local/lib/python3.10/dist-packages/airflow/example_dags/example_datasets.py
[2023-10-29T01:02:15.738+0000] {processor.py:839} INFO - DAG(s) dict_keys(['dataset_consumes_unknown_never_scheduled', 'dataset_consumes_1_never_scheduled', 'dataset_consumes_1_and_2', 'dataset_consumes_1', 'dataset_produces_1', 'dataset_produces_2']) retrieved from /usr/local/lib/python3.10/dist-packages/airflow/example_dags/example_datasets.py
[2023-10-29T01:02:15.766+0000] {logging_mixin.py:151} INFO - [2023-10-29T01:02:15.766+0000] {dag.py:2941} INFO - Sync 6 DAGs
[2023-10-29T01:02:15.787+0000] {logging_mixin.py:151} INFO - [2023-10-29T01:02:15.787+0000] {dag.py:3722} INFO - Setting next_dagrun for dataset_consumes_1 to None, run_after=None
[2023-10-29T01:02:15.790+0000] {logging_mixin.py:151} INFO - [2023-10-29T01:02:15.790+0000] {dag.py:3722} INFO - Setting next_dagrun for dataset_consumes_1_and_2 to None, run_after=None
[2023-10-29T01:02:15.791+0000] {logging_mixin.py:151} INFO - [2023-10-29T01:02:15.791+0000] {dag.py:3722} INFO - Setting next_dagrun for dataset_consumes_1_never_scheduled to None, run_after=None
[2023-10-29T01:02:15.792+0000] {logging_mixin.py:151} INFO - [2023-10-29T01:02:15.792+0000] {dag.py:3722} INFO - Setting next_dagrun for dataset_consumes_unknown_never_scheduled to None, run_after=None
[2023-10-29T01:02:15.795+0000] {logging_mixin.py:151} INFO - [2023-10-29T01:02:15.795+0000] {dag.py:3722} INFO - Setting next_dagrun for dataset_produces_1 to 2023-10-28T00:00:00+00:00, run_after=2023-10-29T00:00:00+00:00
[2023-10-29T01:02:15.796+0000] {logging_mixin.py:151} INFO - [2023-10-29T01:02:15.796+0000] {dag.py:3722} INFO - Setting next_dagrun for dataset_produces_2 to None, run_after=None
[2023-10-29T01:02:15.826+0000] {processor.py:179} INFO - Processing /usr/local/lib/python3.10/dist-packages/airflow/example_dags/example_datasets.py took 0.103 seconds
[2023-10-29T01:02:59.703+0000] {processor.py:157} INFO - Started process (PID=3733) to work on /usr/local/lib/python3.10/dist-packages/airflow/example_dags/example_datasets.py
[2023-10-29T01:02:59.704+0000] {processor.py:829} INFO - Processing file /usr/local/lib/python3.10/dist-packages/airflow/example_dags/example_datasets.py for tasks to queue
[2023-10-29T01:02:59.705+0000] {logging_mixin.py:151} INFO - [2023-10-29T01:02:59.705+0000] {dagbag.py:536} INFO - Filling up the DagBag from /usr/local/lib/python3.10/dist-packages/airflow/example_dags/example_datasets.py
[2023-10-29T01:02:59.715+0000] {processor.py:839} INFO - DAG(s) dict_keys(['dataset_produces_1', 'dataset_produces_2', 'dataset_consumes_1_never_scheduled', 'dataset_consumes_1', 'dataset_consumes_unknown_never_scheduled', 'dataset_consumes_1_and_2']) retrieved from /usr/local/lib/python3.10/dist-packages/airflow/example_dags/example_datasets.py
[2023-10-29T01:02:59.744+0000] {logging_mixin.py:151} INFO - [2023-10-29T01:02:59.743+0000] {dag.py:2941} INFO - Sync 6 DAGs
[2023-10-29T01:02:59.764+0000] {logging_mixin.py:151} INFO - [2023-10-29T01:02:59.764+0000] {dag.py:3722} INFO - Setting next_dagrun for dataset_consumes_1 to None, run_after=None
[2023-10-29T01:02:59.767+0000] {logging_mixin.py:151} INFO - [2023-10-29T01:02:59.767+0000] {dag.py:3722} INFO - Setting next_dagrun for dataset_consumes_1_and_2 to None, run_after=None
[2023-10-29T01:02:59.768+0000] {logging_mixin.py:151} INFO - [2023-10-29T01:02:59.768+0000] {dag.py:3722} INFO - Setting next_dagrun for dataset_consumes_1_never_scheduled to None, run_after=None
[2023-10-29T01:02:59.769+0000] {logging_mixin.py:151} INFO - [2023-10-29T01:02:59.769+0000] {dag.py:3722} INFO - Setting next_dagrun for dataset_consumes_unknown_never_scheduled to None, run_after=None
[2023-10-29T01:02:59.772+0000] {logging_mixin.py:151} INFO - [2023-10-29T01:02:59.772+0000] {dag.py:3722} INFO - Setting next_dagrun for dataset_produces_1 to 2023-10-28T00:00:00+00:00, run_after=2023-10-29T00:00:00+00:00
[2023-10-29T01:02:59.773+0000] {logging_mixin.py:151} INFO - [2023-10-29T01:02:59.773+0000] {dag.py:3722} INFO - Setting next_dagrun for dataset_produces_2 to None, run_after=None
[2023-10-29T01:02:59.804+0000] {processor.py:179} INFO - Processing /usr/local/lib/python3.10/dist-packages/airflow/example_dags/example_datasets.py took 0.104 seconds
[2023-10-29T01:03:44.924+0000] {processor.py:157} INFO - Started process (PID=3779) to work on /usr/local/lib/python3.10/dist-packages/airflow/example_dags/example_datasets.py
[2023-10-29T01:03:44.925+0000] {processor.py:829} INFO - Processing file /usr/local/lib/python3.10/dist-packages/airflow/example_dags/example_datasets.py for tasks to queue
[2023-10-29T01:03:44.926+0000] {logging_mixin.py:151} INFO - [2023-10-29T01:03:44.926+0000] {dagbag.py:536} INFO - Filling up the DagBag from /usr/local/lib/python3.10/dist-packages/airflow/example_dags/example_datasets.py
[2023-10-29T01:03:44.936+0000] {processor.py:839} INFO - DAG(s) dict_keys(['dataset_consumes_1', 'dataset_produces_1', 'dataset_produces_2', 'dataset_consumes_unknown_never_scheduled', 'dataset_consumes_1_and_2', 'dataset_consumes_1_never_scheduled']) retrieved from /usr/local/lib/python3.10/dist-packages/airflow/example_dags/example_datasets.py
[2023-10-29T01:03:44.964+0000] {logging_mixin.py:151} INFO - [2023-10-29T01:03:44.964+0000] {dag.py:2941} INFO - Sync 6 DAGs
[2023-10-29T01:03:44.984+0000] {logging_mixin.py:151} INFO - [2023-10-29T01:03:44.984+0000] {dag.py:3722} INFO - Setting next_dagrun for dataset_consumes_1 to None, run_after=None
[2023-10-29T01:03:44.987+0000] {logging_mixin.py:151} INFO - [2023-10-29T01:03:44.987+0000] {dag.py:3722} INFO - Setting next_dagrun for dataset_consumes_1_and_2 to None, run_after=None
[2023-10-29T01:03:44.988+0000] {logging_mixin.py:151} INFO - [2023-10-29T01:03:44.988+0000] {dag.py:3722} INFO - Setting next_dagrun for dataset_consumes_1_never_scheduled to None, run_after=None
[2023-10-29T01:03:44.989+0000] {logging_mixin.py:151} INFO - [2023-10-29T01:03:44.989+0000] {dag.py:3722} INFO - Setting next_dagrun for dataset_consumes_unknown_never_scheduled to None, run_after=None
[2023-10-29T01:03:44.992+0000] {logging_mixin.py:151} INFO - [2023-10-29T01:03:44.992+0000] {dag.py:3722} INFO - Setting next_dagrun for dataset_produces_1 to 2023-10-28T00:00:00+00:00, run_after=2023-10-29T00:00:00+00:00
[2023-10-29T01:03:44.993+0000] {logging_mixin.py:151} INFO - [2023-10-29T01:03:44.993+0000] {dag.py:3722} INFO - Setting next_dagrun for dataset_produces_2 to None, run_after=None
[2023-10-29T01:03:45.032+0000] {processor.py:179} INFO - Processing /usr/local/lib/python3.10/dist-packages/airflow/example_dags/example_datasets.py took 0.111 seconds
[2023-10-29T01:04:27.541+0000] {processor.py:157} INFO - Started process (PID=3825) to work on /usr/local/lib/python3.10/dist-packages/airflow/example_dags/example_datasets.py
[2023-10-29T01:04:27.542+0000] {processor.py:829} INFO - Processing file /usr/local/lib/python3.10/dist-packages/airflow/example_dags/example_datasets.py for tasks to queue
[2023-10-29T01:04:27.543+0000] {logging_mixin.py:151} INFO - [2023-10-29T01:04:27.543+0000] {dagbag.py:536} INFO - Filling up the DagBag from /usr/local/lib/python3.10/dist-packages/airflow/example_dags/example_datasets.py
[2023-10-29T01:04:27.554+0000] {processor.py:839} INFO - DAG(s) dict_keys(['dataset_consumes_1_and_2', 'dataset_produces_2', 'dataset_consumes_unknown_never_scheduled', 'dataset_consumes_1', 'dataset_produces_1', 'dataset_consumes_1_never_scheduled']) retrieved from /usr/local/lib/python3.10/dist-packages/airflow/example_dags/example_datasets.py
[2023-10-29T01:04:27.582+0000] {logging_mixin.py:151} INFO - [2023-10-29T01:04:27.582+0000] {dag.py:2941} INFO - Sync 6 DAGs
[2023-10-29T01:04:27.603+0000] {logging_mixin.py:151} INFO - [2023-10-29T01:04:27.602+0000] {dag.py:3722} INFO - Setting next_dagrun for dataset_consumes_1 to None, run_after=None
[2023-10-29T01:04:27.606+0000] {logging_mixin.py:151} INFO - [2023-10-29T01:04:27.606+0000] {dag.py:3722} INFO - Setting next_dagrun for dataset_consumes_1_and_2 to None, run_after=None
[2023-10-29T01:04:27.607+0000] {logging_mixin.py:151} INFO - [2023-10-29T01:04:27.606+0000] {dag.py:3722} INFO - Setting next_dagrun for dataset_consumes_1_never_scheduled to None, run_after=None
[2023-10-29T01:04:27.607+0000] {logging_mixin.py:151} INFO - [2023-10-29T01:04:27.607+0000] {dag.py:3722} INFO - Setting next_dagrun for dataset_consumes_unknown_never_scheduled to None, run_after=None
[2023-10-29T01:04:27.610+0000] {logging_mixin.py:151} INFO - [2023-10-29T01:04:27.610+0000] {dag.py:3722} INFO - Setting next_dagrun for dataset_produces_1 to 2023-10-28T00:00:00+00:00, run_after=2023-10-29T00:00:00+00:00
[2023-10-29T01:04:27.611+0000] {logging_mixin.py:151} INFO - [2023-10-29T01:04:27.611+0000] {dag.py:3722} INFO - Setting next_dagrun for dataset_produces_2 to None, run_after=None
[2023-10-29T01:04:27.643+0000] {processor.py:179} INFO - Processing /usr/local/lib/python3.10/dist-packages/airflow/example_dags/example_datasets.py took 0.105 seconds
[2023-10-29T01:05:09.185+0000] {processor.py:157} INFO - Started process (PID=3868) to work on /usr/local/lib/python3.10/dist-packages/airflow/example_dags/example_datasets.py
[2023-10-29T01:05:09.186+0000] {processor.py:829} INFO - Processing file /usr/local/lib/python3.10/dist-packages/airflow/example_dags/example_datasets.py for tasks to queue
[2023-10-29T01:05:09.187+0000] {logging_mixin.py:151} INFO - [2023-10-29T01:05:09.187+0000] {dagbag.py:536} INFO - Filling up the DagBag from /usr/local/lib/python3.10/dist-packages/airflow/example_dags/example_datasets.py
[2023-10-29T01:05:09.197+0000] {processor.py:839} INFO - DAG(s) dict_keys(['dataset_consumes_1', 'dataset_consumes_1_and_2', 'dataset_consumes_1_never_scheduled', 'dataset_consumes_unknown_never_scheduled', 'dataset_produces_2', 'dataset_produces_1']) retrieved from /usr/local/lib/python3.10/dist-packages/airflow/example_dags/example_datasets.py
[2023-10-29T01:05:09.226+0000] {logging_mixin.py:151} INFO - [2023-10-29T01:05:09.226+0000] {dag.py:2941} INFO - Sync 6 DAGs
[2023-10-29T01:05:09.248+0000] {logging_mixin.py:151} INFO - [2023-10-29T01:05:09.247+0000] {dag.py:3722} INFO - Setting next_dagrun for dataset_consumes_1 to None, run_after=None
[2023-10-29T01:05:09.251+0000] {logging_mixin.py:151} INFO - [2023-10-29T01:05:09.251+0000] {dag.py:3722} INFO - Setting next_dagrun for dataset_consumes_1_and_2 to None, run_after=None
[2023-10-29T01:05:09.252+0000] {logging_mixin.py:151} INFO - [2023-10-29T01:05:09.251+0000] {dag.py:3722} INFO - Setting next_dagrun for dataset_consumes_1_never_scheduled to None, run_after=None
[2023-10-29T01:05:09.253+0000] {logging_mixin.py:151} INFO - [2023-10-29T01:05:09.252+0000] {dag.py:3722} INFO - Setting next_dagrun for dataset_consumes_unknown_never_scheduled to None, run_after=None
[2023-10-29T01:05:09.256+0000] {logging_mixin.py:151} INFO - [2023-10-29T01:05:09.255+0000] {dag.py:3722} INFO - Setting next_dagrun for dataset_produces_1 to 2023-10-28T00:00:00+00:00, run_after=2023-10-29T00:00:00+00:00
[2023-10-29T01:05:09.257+0000] {logging_mixin.py:151} INFO - [2023-10-29T01:05:09.256+0000] {dag.py:3722} INFO - Setting next_dagrun for dataset_produces_2 to None, run_after=None
[2023-10-29T01:05:09.288+0000] {processor.py:179} INFO - Processing /usr/local/lib/python3.10/dist-packages/airflow/example_dags/example_datasets.py took 0.106 seconds
[2023-10-29T01:05:55.656+0000] {processor.py:157} INFO - Started process (PID=3918) to work on /usr/local/lib/python3.10/dist-packages/airflow/example_dags/example_datasets.py
[2023-10-29T01:05:55.658+0000] {processor.py:829} INFO - Processing file /usr/local/lib/python3.10/dist-packages/airflow/example_dags/example_datasets.py for tasks to queue
[2023-10-29T01:05:55.659+0000] {logging_mixin.py:151} INFO - [2023-10-29T01:05:55.658+0000] {dagbag.py:536} INFO - Filling up the DagBag from /usr/local/lib/python3.10/dist-packages/airflow/example_dags/example_datasets.py
[2023-10-29T01:05:55.669+0000] {processor.py:839} INFO - DAG(s) dict_keys(['dataset_consumes_1_never_scheduled', 'dataset_produces_1', 'dataset_consumes_unknown_never_scheduled', 'dataset_consumes_1', 'dataset_consumes_1_and_2', 'dataset_produces_2']) retrieved from /usr/local/lib/python3.10/dist-packages/airflow/example_dags/example_datasets.py
[2023-10-29T01:05:55.697+0000] {logging_mixin.py:151} INFO - [2023-10-29T01:05:55.697+0000] {dag.py:2941} INFO - Sync 6 DAGs
[2023-10-29T01:05:55.718+0000] {logging_mixin.py:151} INFO - [2023-10-29T01:05:55.718+0000] {dag.py:3722} INFO - Setting next_dagrun for dataset_consumes_1 to None, run_after=None
[2023-10-29T01:05:55.721+0000] {logging_mixin.py:151} INFO - [2023-10-29T01:05:55.721+0000] {dag.py:3722} INFO - Setting next_dagrun for dataset_consumes_1_and_2 to None, run_after=None
[2023-10-29T01:05:55.722+0000] {logging_mixin.py:151} INFO - [2023-10-29T01:05:55.722+0000] {dag.py:3722} INFO - Setting next_dagrun for dataset_consumes_1_never_scheduled to None, run_after=None
[2023-10-29T01:05:55.723+0000] {logging_mixin.py:151} INFO - [2023-10-29T01:05:55.723+0000] {dag.py:3722} INFO - Setting next_dagrun for dataset_consumes_unknown_never_scheduled to None, run_after=None
[2023-10-29T01:05:55.725+0000] {logging_mixin.py:151} INFO - [2023-10-29T01:05:55.725+0000] {dag.py:3722} INFO - Setting next_dagrun for dataset_produces_1 to 2023-10-28T00:00:00+00:00, run_after=2023-10-29T00:00:00+00:00
[2023-10-29T01:05:55.726+0000] {logging_mixin.py:151} INFO - [2023-10-29T01:05:55.726+0000] {dag.py:3722} INFO - Setting next_dagrun for dataset_produces_2 to None, run_after=None
[2023-10-29T01:05:55.757+0000] {processor.py:179} INFO - Processing /usr/local/lib/python3.10/dist-packages/airflow/example_dags/example_datasets.py took 0.104 seconds
[2023-10-29T01:06:43.277+0000] {processor.py:157} INFO - Started process (PID=3968) to work on /usr/local/lib/python3.10/dist-packages/airflow/example_dags/example_datasets.py
[2023-10-29T01:06:43.278+0000] {processor.py:829} INFO - Processing file /usr/local/lib/python3.10/dist-packages/airflow/example_dags/example_datasets.py for tasks to queue
[2023-10-29T01:06:43.279+0000] {logging_mixin.py:151} INFO - [2023-10-29T01:06:43.279+0000] {dagbag.py:536} INFO - Filling up the DagBag from /usr/local/lib/python3.10/dist-packages/airflow/example_dags/example_datasets.py
[2023-10-29T01:06:43.289+0000] {processor.py:839} INFO - DAG(s) dict_keys(['dataset_consumes_unknown_never_scheduled', 'dataset_produces_1', 'dataset_consumes_1_never_scheduled', 'dataset_consumes_1_and_2', 'dataset_consumes_1', 'dataset_produces_2']) retrieved from /usr/local/lib/python3.10/dist-packages/airflow/example_dags/example_datasets.py
[2023-10-29T01:06:43.318+0000] {logging_mixin.py:151} INFO - [2023-10-29T01:06:43.318+0000] {dag.py:2941} INFO - Sync 6 DAGs
[2023-10-29T01:06:43.339+0000] {logging_mixin.py:151} INFO - [2023-10-29T01:06:43.339+0000] {dag.py:3722} INFO - Setting next_dagrun for dataset_consumes_1 to None, run_after=None
[2023-10-29T01:06:43.342+0000] {logging_mixin.py:151} INFO - [2023-10-29T01:06:43.342+0000] {dag.py:3722} INFO - Setting next_dagrun for dataset_consumes_1_and_2 to None, run_after=None
[2023-10-29T01:06:43.343+0000] {logging_mixin.py:151} INFO - [2023-10-29T01:06:43.343+0000] {dag.py:3722} INFO - Setting next_dagrun for dataset_consumes_1_never_scheduled to None, run_after=None
[2023-10-29T01:06:43.344+0000] {logging_mixin.py:151} INFO - [2023-10-29T01:06:43.344+0000] {dag.py:3722} INFO - Setting next_dagrun for dataset_consumes_unknown_never_scheduled to None, run_after=None
[2023-10-29T01:06:43.346+0000] {logging_mixin.py:151} INFO - [2023-10-29T01:06:43.346+0000] {dag.py:3722} INFO - Setting next_dagrun for dataset_produces_1 to 2023-10-28T00:00:00+00:00, run_after=2023-10-29T00:00:00+00:00
[2023-10-29T01:06:43.347+0000] {logging_mixin.py:151} INFO - [2023-10-29T01:06:43.347+0000] {dag.py:3722} INFO - Setting next_dagrun for dataset_produces_2 to None, run_after=None
[2023-10-29T01:06:43.379+0000] {processor.py:179} INFO - Processing /usr/local/lib/python3.10/dist-packages/airflow/example_dags/example_datasets.py took 0.105 seconds
[2023-10-29T01:07:32.572+0000] {processor.py:157} INFO - Started process (PID=4020) to work on /usr/local/lib/python3.10/dist-packages/airflow/example_dags/example_datasets.py
[2023-10-29T01:07:32.573+0000] {processor.py:829} INFO - Processing file /usr/local/lib/python3.10/dist-packages/airflow/example_dags/example_datasets.py for tasks to queue
[2023-10-29T01:07:32.574+0000] {logging_mixin.py:151} INFO - [2023-10-29T01:07:32.574+0000] {dagbag.py:536} INFO - Filling up the DagBag from /usr/local/lib/python3.10/dist-packages/airflow/example_dags/example_datasets.py
[2023-10-29T01:07:32.584+0000] {processor.py:839} INFO - DAG(s) dict_keys(['dataset_consumes_1_and_2', 'dataset_produces_1', 'dataset_produces_2', 'dataset_consumes_1', 'dataset_consumes_unknown_never_scheduled', 'dataset_consumes_1_never_scheduled']) retrieved from /usr/local/lib/python3.10/dist-packages/airflow/example_dags/example_datasets.py
[2023-10-29T01:07:32.612+0000] {logging_mixin.py:151} INFO - [2023-10-29T01:07:32.612+0000] {dag.py:2941} INFO - Sync 6 DAGs
[2023-10-29T01:07:32.633+0000] {logging_mixin.py:151} INFO - [2023-10-29T01:07:32.633+0000] {dag.py:3722} INFO - Setting next_dagrun for dataset_consumes_1 to None, run_after=None
[2023-10-29T01:07:32.636+0000] {logging_mixin.py:151} INFO - [2023-10-29T01:07:32.636+0000] {dag.py:3722} INFO - Setting next_dagrun for dataset_consumes_1_and_2 to None, run_after=None
[2023-10-29T01:07:32.637+0000] {logging_mixin.py:151} INFO - [2023-10-29T01:07:32.637+0000] {dag.py:3722} INFO - Setting next_dagrun for dataset_consumes_1_never_scheduled to None, run_after=None
[2023-10-29T01:07:32.638+0000] {logging_mixin.py:151} INFO - [2023-10-29T01:07:32.638+0000] {dag.py:3722} INFO - Setting next_dagrun for dataset_consumes_unknown_never_scheduled to None, run_after=None
[2023-10-29T01:07:32.641+0000] {logging_mixin.py:151} INFO - [2023-10-29T01:07:32.641+0000] {dag.py:3722} INFO - Setting next_dagrun for dataset_produces_1 to 2023-10-28T00:00:00+00:00, run_after=2023-10-29T00:00:00+00:00
[2023-10-29T01:07:32.642+0000] {logging_mixin.py:151} INFO - [2023-10-29T01:07:32.642+0000] {dag.py:3722} INFO - Setting next_dagrun for dataset_produces_2 to None, run_after=None
[2023-10-29T01:07:32.671+0000] {processor.py:179} INFO - Processing /usr/local/lib/python3.10/dist-packages/airflow/example_dags/example_datasets.py took 0.102 seconds
[2023-10-29T01:08:22.135+0000] {processor.py:157} INFO - Started process (PID=4070) to work on /usr/local/lib/python3.10/dist-packages/airflow/example_dags/example_datasets.py
[2023-10-29T01:08:22.136+0000] {processor.py:829} INFO - Processing file /usr/local/lib/python3.10/dist-packages/airflow/example_dags/example_datasets.py for tasks to queue
[2023-10-29T01:08:22.137+0000] {logging_mixin.py:151} INFO - [2023-10-29T01:08:22.137+0000] {dagbag.py:536} INFO - Filling up the DagBag from /usr/local/lib/python3.10/dist-packages/airflow/example_dags/example_datasets.py
[2023-10-29T01:08:22.147+0000] {processor.py:839} INFO - DAG(s) dict_keys(['dataset_consumes_1_never_scheduled', 'dataset_produces_2', 'dataset_produces_1', 'dataset_consumes_1', 'dataset_consumes_1_and_2', 'dataset_consumes_unknown_never_scheduled']) retrieved from /usr/local/lib/python3.10/dist-packages/airflow/example_dags/example_datasets.py
[2023-10-29T01:08:22.175+0000] {logging_mixin.py:151} INFO - [2023-10-29T01:08:22.175+0000] {dag.py:2941} INFO - Sync 6 DAGs
[2023-10-29T01:08:22.196+0000] {logging_mixin.py:151} INFO - [2023-10-29T01:08:22.196+0000] {dag.py:3722} INFO - Setting next_dagrun for dataset_consumes_1 to None, run_after=None
[2023-10-29T01:08:22.199+0000] {logging_mixin.py:151} INFO - [2023-10-29T01:08:22.198+0000] {dag.py:3722} INFO - Setting next_dagrun for dataset_consumes_1_and_2 to None, run_after=None
[2023-10-29T01:08:22.199+0000] {logging_mixin.py:151} INFO - [2023-10-29T01:08:22.199+0000] {dag.py:3722} INFO - Setting next_dagrun for dataset_consumes_1_never_scheduled to None, run_after=None
[2023-10-29T01:08:22.200+0000] {logging_mixin.py:151} INFO - [2023-10-29T01:08:22.200+0000] {dag.py:3722} INFO - Setting next_dagrun for dataset_consumes_unknown_never_scheduled to None, run_after=None
[2023-10-29T01:08:22.203+0000] {logging_mixin.py:151} INFO - [2023-10-29T01:08:22.203+0000] {dag.py:3722} INFO - Setting next_dagrun for dataset_produces_1 to 2023-10-28T00:00:00+00:00, run_after=2023-10-29T00:00:00+00:00
[2023-10-29T01:08:22.204+0000] {logging_mixin.py:151} INFO - [2023-10-29T01:08:22.204+0000] {dag.py:3722} INFO - Setting next_dagrun for dataset_produces_2 to None, run_after=None
[2023-10-29T01:08:22.233+0000] {processor.py:179} INFO - Processing /usr/local/lib/python3.10/dist-packages/airflow/example_dags/example_datasets.py took 0.101 seconds
[2023-10-29T01:09:10.473+0000] {processor.py:157} INFO - Started process (PID=4118) to work on /usr/local/lib/python3.10/dist-packages/airflow/example_dags/example_datasets.py
[2023-10-29T01:09:10.474+0000] {processor.py:829} INFO - Processing file /usr/local/lib/python3.10/dist-packages/airflow/example_dags/example_datasets.py for tasks to queue
[2023-10-29T01:09:10.475+0000] {logging_mixin.py:151} INFO - [2023-10-29T01:09:10.475+0000] {dagbag.py:536} INFO - Filling up the DagBag from /usr/local/lib/python3.10/dist-packages/airflow/example_dags/example_datasets.py
[2023-10-29T01:09:10.485+0000] {processor.py:839} INFO - DAG(s) dict_keys(['dataset_consumes_1_and_2', 'dataset_consumes_1', 'dataset_consumes_unknown_never_scheduled', 'dataset_produces_1', 'dataset_produces_2', 'dataset_consumes_1_never_scheduled']) retrieved from /usr/local/lib/python3.10/dist-packages/airflow/example_dags/example_datasets.py
[2023-10-29T01:09:10.514+0000] {logging_mixin.py:151} INFO - [2023-10-29T01:09:10.513+0000] {dag.py:2941} INFO - Sync 6 DAGs
[2023-10-29T01:09:10.535+0000] {logging_mixin.py:151} INFO - [2023-10-29T01:09:10.535+0000] {dag.py:3722} INFO - Setting next_dagrun for dataset_consumes_1 to None, run_after=None
[2023-10-29T01:09:10.538+0000] {logging_mixin.py:151} INFO - [2023-10-29T01:09:10.538+0000] {dag.py:3722} INFO - Setting next_dagrun for dataset_consumes_1_and_2 to None, run_after=None
[2023-10-29T01:09:10.539+0000] {logging_mixin.py:151} INFO - [2023-10-29T01:09:10.539+0000] {dag.py:3722} INFO - Setting next_dagrun for dataset_consumes_1_never_scheduled to None, run_after=None
[2023-10-29T01:09:10.540+0000] {logging_mixin.py:151} INFO - [2023-10-29T01:09:10.540+0000] {dag.py:3722} INFO - Setting next_dagrun for dataset_consumes_unknown_never_scheduled to None, run_after=None
[2023-10-29T01:09:10.543+0000] {logging_mixin.py:151} INFO - [2023-10-29T01:09:10.542+0000] {dag.py:3722} INFO - Setting next_dagrun for dataset_produces_1 to 2023-10-28T00:00:00+00:00, run_after=2023-10-29T00:00:00+00:00
[2023-10-29T01:09:10.543+0000] {logging_mixin.py:151} INFO - [2023-10-29T01:09:10.543+0000] {dag.py:3722} INFO - Setting next_dagrun for dataset_produces_2 to None, run_after=None
[2023-10-29T01:09:10.573+0000] {processor.py:179} INFO - Processing /usr/local/lib/python3.10/dist-packages/airflow/example_dags/example_datasets.py took 0.103 seconds
[2023-10-29T01:09:55.896+0000] {processor.py:157} INFO - Started process (PID=4165) to work on /usr/local/lib/python3.10/dist-packages/airflow/example_dags/example_datasets.py
[2023-10-29T01:09:55.898+0000] {processor.py:829} INFO - Processing file /usr/local/lib/python3.10/dist-packages/airflow/example_dags/example_datasets.py for tasks to queue
[2023-10-29T01:09:55.898+0000] {logging_mixin.py:151} INFO - [2023-10-29T01:09:55.898+0000] {dagbag.py:536} INFO - Filling up the DagBag from /usr/local/lib/python3.10/dist-packages/airflow/example_dags/example_datasets.py
[2023-10-29T01:09:55.908+0000] {processor.py:839} INFO - DAG(s) dict_keys(['dataset_produces_2', 'dataset_consumes_unknown_never_scheduled', 'dataset_consumes_1_and_2', 'dataset_consumes_1', 'dataset_produces_1', 'dataset_consumes_1_never_scheduled']) retrieved from /usr/local/lib/python3.10/dist-packages/airflow/example_dags/example_datasets.py
[2023-10-29T01:09:55.937+0000] {logging_mixin.py:151} INFO - [2023-10-29T01:09:55.937+0000] {dag.py:2941} INFO - Sync 6 DAGs
[2023-10-29T01:09:55.958+0000] {logging_mixin.py:151} INFO - [2023-10-29T01:09:55.958+0000] {dag.py:3722} INFO - Setting next_dagrun for dataset_consumes_1 to None, run_after=None
[2023-10-29T01:09:55.961+0000] {logging_mixin.py:151} INFO - [2023-10-29T01:09:55.961+0000] {dag.py:3722} INFO - Setting next_dagrun for dataset_consumes_1_and_2 to None, run_after=None
[2023-10-29T01:09:55.962+0000] {logging_mixin.py:151} INFO - [2023-10-29T01:09:55.962+0000] {dag.py:3722} INFO - Setting next_dagrun for dataset_consumes_1_never_scheduled to None, run_after=None
[2023-10-29T01:09:55.963+0000] {logging_mixin.py:151} INFO - [2023-10-29T01:09:55.963+0000] {dag.py:3722} INFO - Setting next_dagrun for dataset_consumes_unknown_never_scheduled to None, run_after=None
[2023-10-29T01:09:55.965+0000] {logging_mixin.py:151} INFO - [2023-10-29T01:09:55.965+0000] {dag.py:3722} INFO - Setting next_dagrun for dataset_produces_1 to 2023-10-28T00:00:00+00:00, run_after=2023-10-29T00:00:00+00:00
[2023-10-29T01:09:55.966+0000] {logging_mixin.py:151} INFO - [2023-10-29T01:09:55.966+0000] {dag.py:3722} INFO - Setting next_dagrun for dataset_produces_2 to None, run_after=None
[2023-10-29T01:09:55.998+0000] {processor.py:179} INFO - Processing /usr/local/lib/python3.10/dist-packages/airflow/example_dags/example_datasets.py took 0.105 seconds
[2023-10-29T01:10:44.714+0000] {processor.py:157} INFO - Started process (PID=4214) to work on /usr/local/lib/python3.10/dist-packages/airflow/example_dags/example_datasets.py
[2023-10-29T01:10:44.715+0000] {processor.py:829} INFO - Processing file /usr/local/lib/python3.10/dist-packages/airflow/example_dags/example_datasets.py for tasks to queue
[2023-10-29T01:10:44.715+0000] {logging_mixin.py:151} INFO - [2023-10-29T01:10:44.715+0000] {dagbag.py:536} INFO - Filling up the DagBag from /usr/local/lib/python3.10/dist-packages/airflow/example_dags/example_datasets.py
[2023-10-29T01:10:44.725+0000] {processor.py:839} INFO - DAG(s) dict_keys(['dataset_consumes_1_never_scheduled', 'dataset_consumes_1', 'dataset_consumes_1_and_2', 'dataset_consumes_unknown_never_scheduled', 'dataset_produces_1', 'dataset_produces_2']) retrieved from /usr/local/lib/python3.10/dist-packages/airflow/example_dags/example_datasets.py
[2023-10-29T01:10:44.754+0000] {logging_mixin.py:151} INFO - [2023-10-29T01:10:44.754+0000] {dag.py:2941} INFO - Sync 6 DAGs
[2023-10-29T01:10:44.775+0000] {logging_mixin.py:151} INFO - [2023-10-29T01:10:44.775+0000] {dag.py:3722} INFO - Setting next_dagrun for dataset_consumes_1 to None, run_after=None
[2023-10-29T01:10:44.778+0000] {logging_mixin.py:151} INFO - [2023-10-29T01:10:44.778+0000] {dag.py:3722} INFO - Setting next_dagrun for dataset_consumes_1_and_2 to None, run_after=None
[2023-10-29T01:10:44.779+0000] {logging_mixin.py:151} INFO - [2023-10-29T01:10:44.778+0000] {dag.py:3722} INFO - Setting next_dagrun for dataset_consumes_1_never_scheduled to None, run_after=None
[2023-10-29T01:10:44.779+0000] {logging_mixin.py:151} INFO - [2023-10-29T01:10:44.779+0000] {dag.py:3722} INFO - Setting next_dagrun for dataset_consumes_unknown_never_scheduled to None, run_after=None
[2023-10-29T01:10:44.782+0000] {logging_mixin.py:151} INFO - [2023-10-29T01:10:44.782+0000] {dag.py:3722} INFO - Setting next_dagrun for dataset_produces_1 to 2023-10-28T00:00:00+00:00, run_after=2023-10-29T00:00:00+00:00
[2023-10-29T01:10:44.783+0000] {logging_mixin.py:151} INFO - [2023-10-29T01:10:44.783+0000] {dag.py:3722} INFO - Setting next_dagrun for dataset_produces_2 to None, run_after=None
[2023-10-29T01:10:44.814+0000] {processor.py:179} INFO - Processing /usr/local/lib/python3.10/dist-packages/airflow/example_dags/example_datasets.py took 0.103 seconds
[2023-10-29T01:11:30.238+0000] {processor.py:157} INFO - Started process (PID=4491) to work on /usr/local/lib/python3.10/dist-packages/airflow/example_dags/example_datasets.py
[2023-10-29T01:11:30.240+0000] {processor.py:829} INFO - Processing file /usr/local/lib/python3.10/dist-packages/airflow/example_dags/example_datasets.py for tasks to queue
[2023-10-29T01:11:30.240+0000] {logging_mixin.py:151} INFO - [2023-10-29T01:11:30.240+0000] {dagbag.py:536} INFO - Filling up the DagBag from /usr/local/lib/python3.10/dist-packages/airflow/example_dags/example_datasets.py
[2023-10-29T01:11:30.251+0000] {processor.py:839} INFO - DAG(s) dict_keys(['dataset_produces_2', 'dataset_consumes_1_and_2', 'dataset_consumes_1_never_scheduled', 'dataset_produces_1', 'dataset_consumes_unknown_never_scheduled', 'dataset_consumes_1']) retrieved from /usr/local/lib/python3.10/dist-packages/airflow/example_dags/example_datasets.py
[2023-10-29T01:11:30.279+0000] {logging_mixin.py:151} INFO - [2023-10-29T01:11:30.279+0000] {dag.py:2941} INFO - Sync 6 DAGs
[2023-10-29T01:11:30.299+0000] {logging_mixin.py:151} INFO - [2023-10-29T01:11:30.299+0000] {dag.py:3722} INFO - Setting next_dagrun for dataset_consumes_1 to None, run_after=None
[2023-10-29T01:11:30.302+0000] {logging_mixin.py:151} INFO - [2023-10-29T01:11:30.302+0000] {dag.py:3722} INFO - Setting next_dagrun for dataset_consumes_1_and_2 to None, run_after=None
[2023-10-29T01:11:30.303+0000] {logging_mixin.py:151} INFO - [2023-10-29T01:11:30.303+0000] {dag.py:3722} INFO - Setting next_dagrun for dataset_consumes_1_never_scheduled to None, run_after=None
[2023-10-29T01:11:30.304+0000] {logging_mixin.py:151} INFO - [2023-10-29T01:11:30.304+0000] {dag.py:3722} INFO - Setting next_dagrun for dataset_consumes_unknown_never_scheduled to None, run_after=None
[2023-10-29T01:11:30.308+0000] {logging_mixin.py:151} INFO - [2023-10-29T01:11:30.308+0000] {dag.py:3722} INFO - Setting next_dagrun for dataset_produces_1 to 2023-10-28T00:00:00+00:00, run_after=2023-10-29T00:00:00+00:00
[2023-10-29T01:11:30.309+0000] {logging_mixin.py:151} INFO - [2023-10-29T01:11:30.309+0000] {dag.py:3722} INFO - Setting next_dagrun for dataset_produces_2 to None, run_after=None
[2023-10-29T01:11:30.340+0000] {processor.py:179} INFO - Processing /usr/local/lib/python3.10/dist-packages/airflow/example_dags/example_datasets.py took 0.105 seconds
[2023-10-29T01:12:17.613+0000] {processor.py:157} INFO - Started process (PID=4685) to work on /usr/local/lib/python3.10/dist-packages/airflow/example_dags/example_datasets.py
[2023-10-29T01:12:17.614+0000] {processor.py:829} INFO - Processing file /usr/local/lib/python3.10/dist-packages/airflow/example_dags/example_datasets.py for tasks to queue
[2023-10-29T01:12:17.615+0000] {logging_mixin.py:151} INFO - [2023-10-29T01:12:17.615+0000] {dagbag.py:536} INFO - Filling up the DagBag from /usr/local/lib/python3.10/dist-packages/airflow/example_dags/example_datasets.py
[2023-10-29T01:12:17.625+0000] {processor.py:839} INFO - DAG(s) dict_keys(['dataset_produces_2', 'dataset_consumes_1_never_scheduled', 'dataset_consumes_1_and_2', 'dataset_consumes_unknown_never_scheduled', 'dataset_produces_1', 'dataset_consumes_1']) retrieved from /usr/local/lib/python3.10/dist-packages/airflow/example_dags/example_datasets.py
[2023-10-29T01:12:17.653+0000] {logging_mixin.py:151} INFO - [2023-10-29T01:12:17.653+0000] {dag.py:2941} INFO - Sync 6 DAGs
[2023-10-29T01:12:17.674+0000] {logging_mixin.py:151} INFO - [2023-10-29T01:12:17.674+0000] {dag.py:3722} INFO - Setting next_dagrun for dataset_consumes_1 to None, run_after=None
[2023-10-29T01:12:17.677+0000] {logging_mixin.py:151} INFO - [2023-10-29T01:12:17.676+0000] {dag.py:3722} INFO - Setting next_dagrun for dataset_consumes_1_and_2 to None, run_after=None
[2023-10-29T01:12:17.678+0000] {logging_mixin.py:151} INFO - [2023-10-29T01:12:17.677+0000] {dag.py:3722} INFO - Setting next_dagrun for dataset_consumes_1_never_scheduled to None, run_after=None
[2023-10-29T01:12:17.678+0000] {logging_mixin.py:151} INFO - [2023-10-29T01:12:17.678+0000] {dag.py:3722} INFO - Setting next_dagrun for dataset_consumes_unknown_never_scheduled to None, run_after=None
[2023-10-29T01:12:17.681+0000] {logging_mixin.py:151} INFO - [2023-10-29T01:12:17.681+0000] {dag.py:3722} INFO - Setting next_dagrun for dataset_produces_1 to 2023-10-28T00:00:00+00:00, run_after=2023-10-29T00:00:00+00:00
[2023-10-29T01:12:17.682+0000] {logging_mixin.py:151} INFO - [2023-10-29T01:12:17.682+0000] {dag.py:3722} INFO - Setting next_dagrun for dataset_produces_2 to None, run_after=None
[2023-10-29T01:12:17.712+0000] {processor.py:179} INFO - Processing /usr/local/lib/python3.10/dist-packages/airflow/example_dags/example_datasets.py took 0.102 seconds
[2023-10-29T01:12:58.908+0000] {processor.py:157} INFO - Started process (PID=4735) to work on /usr/local/lib/python3.10/dist-packages/airflow/example_dags/example_datasets.py
[2023-10-29T01:12:58.909+0000] {processor.py:829} INFO - Processing file /usr/local/lib/python3.10/dist-packages/airflow/example_dags/example_datasets.py for tasks to queue
[2023-10-29T01:12:58.910+0000] {logging_mixin.py:151} INFO - [2023-10-29T01:12:58.909+0000] {dagbag.py:536} INFO - Filling up the DagBag from /usr/local/lib/python3.10/dist-packages/airflow/example_dags/example_datasets.py
[2023-10-29T01:12:58.921+0000] {processor.py:839} INFO - DAG(s) dict_keys(['dataset_consumes_unknown_never_scheduled', 'dataset_produces_1', 'dataset_consumes_1_and_2', 'dataset_produces_2', 'dataset_consumes_1_never_scheduled', 'dataset_consumes_1']) retrieved from /usr/local/lib/python3.10/dist-packages/airflow/example_dags/example_datasets.py
[2023-10-29T01:12:58.952+0000] {logging_mixin.py:151} INFO - [2023-10-29T01:12:58.952+0000] {dag.py:2941} INFO - Sync 6 DAGs
[2023-10-29T01:12:58.976+0000] {logging_mixin.py:151} INFO - [2023-10-29T01:12:58.976+0000] {dag.py:3722} INFO - Setting next_dagrun for dataset_consumes_1 to None, run_after=None
[2023-10-29T01:12:58.980+0000] {logging_mixin.py:151} INFO - [2023-10-29T01:12:58.979+0000] {dag.py:3722} INFO - Setting next_dagrun for dataset_consumes_1_and_2 to None, run_after=None
[2023-10-29T01:12:58.981+0000] {logging_mixin.py:151} INFO - [2023-10-29T01:12:58.980+0000] {dag.py:3722} INFO - Setting next_dagrun for dataset_consumes_1_never_scheduled to None, run_after=None
[2023-10-29T01:12:58.982+0000] {logging_mixin.py:151} INFO - [2023-10-29T01:12:58.981+0000] {dag.py:3722} INFO - Setting next_dagrun for dataset_consumes_unknown_never_scheduled to None, run_after=None
[2023-10-29T01:12:58.985+0000] {logging_mixin.py:151} INFO - [2023-10-29T01:12:58.985+0000] {dag.py:3722} INFO - Setting next_dagrun for dataset_produces_1 to 2023-10-28T00:00:00+00:00, run_after=2023-10-29T00:00:00+00:00
[2023-10-29T01:12:58.986+0000] {logging_mixin.py:151} INFO - [2023-10-29T01:12:58.986+0000] {dag.py:3722} INFO - Setting next_dagrun for dataset_produces_2 to None, run_after=None
[2023-10-29T01:12:59.017+0000] {processor.py:179} INFO - Processing /usr/local/lib/python3.10/dist-packages/airflow/example_dags/example_datasets.py took 0.112 seconds
[2023-10-29T01:13:42.435+0000] {processor.py:157} INFO - Started process (PID=4782) to work on /usr/local/lib/python3.10/dist-packages/airflow/example_dags/example_datasets.py
[2023-10-29T01:13:42.436+0000] {processor.py:829} INFO - Processing file /usr/local/lib/python3.10/dist-packages/airflow/example_dags/example_datasets.py for tasks to queue
[2023-10-29T01:13:42.437+0000] {logging_mixin.py:151} INFO - [2023-10-29T01:13:42.436+0000] {dagbag.py:536} INFO - Filling up the DagBag from /usr/local/lib/python3.10/dist-packages/airflow/example_dags/example_datasets.py
[2023-10-29T01:13:42.447+0000] {processor.py:839} INFO - DAG(s) dict_keys(['dataset_produces_2', 'dataset_consumes_1_and_2', 'dataset_produces_1', 'dataset_consumes_unknown_never_scheduled', 'dataset_consumes_1', 'dataset_consumes_1_never_scheduled']) retrieved from /usr/local/lib/python3.10/dist-packages/airflow/example_dags/example_datasets.py
[2023-10-29T01:13:42.475+0000] {logging_mixin.py:151} INFO - [2023-10-29T01:13:42.475+0000] {dag.py:2941} INFO - Sync 6 DAGs
[2023-10-29T01:13:42.496+0000] {logging_mixin.py:151} INFO - [2023-10-29T01:13:42.496+0000] {dag.py:3722} INFO - Setting next_dagrun for dataset_consumes_1 to None, run_after=None
[2023-10-29T01:13:42.499+0000] {logging_mixin.py:151} INFO - [2023-10-29T01:13:42.499+0000] {dag.py:3722} INFO - Setting next_dagrun for dataset_consumes_1_and_2 to None, run_after=None
[2023-10-29T01:13:42.500+0000] {logging_mixin.py:151} INFO - [2023-10-29T01:13:42.500+0000] {dag.py:3722} INFO - Setting next_dagrun for dataset_consumes_1_never_scheduled to None, run_after=None
[2023-10-29T01:13:42.501+0000] {logging_mixin.py:151} INFO - [2023-10-29T01:13:42.501+0000] {dag.py:3722} INFO - Setting next_dagrun for dataset_consumes_unknown_never_scheduled to None, run_after=None
[2023-10-29T01:13:42.504+0000] {logging_mixin.py:151} INFO - [2023-10-29T01:13:42.504+0000] {dag.py:3722} INFO - Setting next_dagrun for dataset_produces_1 to 2023-10-28T00:00:00+00:00, run_after=2023-10-29T00:00:00+00:00
[2023-10-29T01:13:42.505+0000] {logging_mixin.py:151} INFO - [2023-10-29T01:13:42.505+0000] {dag.py:3722} INFO - Setting next_dagrun for dataset_produces_2 to None, run_after=None
[2023-10-29T01:13:42.537+0000] {processor.py:179} INFO - Processing /usr/local/lib/python3.10/dist-packages/airflow/example_dags/example_datasets.py took 0.106 seconds
[2023-10-29T01:14:28.039+0000] {processor.py:157} INFO - Started process (PID=4830) to work on /usr/local/lib/python3.10/dist-packages/airflow/example_dags/example_datasets.py
[2023-10-29T01:14:28.041+0000] {processor.py:829} INFO - Processing file /usr/local/lib/python3.10/dist-packages/airflow/example_dags/example_datasets.py for tasks to queue
[2023-10-29T01:14:28.042+0000] {logging_mixin.py:151} INFO - [2023-10-29T01:14:28.041+0000] {dagbag.py:536} INFO - Filling up the DagBag from /usr/local/lib/python3.10/dist-packages/airflow/example_dags/example_datasets.py
[2023-10-29T01:14:28.052+0000] {processor.py:839} INFO - DAG(s) dict_keys(['dataset_consumes_unknown_never_scheduled', 'dataset_produces_2', 'dataset_consumes_1_and_2', 'dataset_consumes_1', 'dataset_consumes_1_never_scheduled', 'dataset_produces_1']) retrieved from /usr/local/lib/python3.10/dist-packages/airflow/example_dags/example_datasets.py
[2023-10-29T01:14:28.080+0000] {logging_mixin.py:151} INFO - [2023-10-29T01:14:28.079+0000] {dag.py:2941} INFO - Sync 6 DAGs
[2023-10-29T01:14:28.101+0000] {logging_mixin.py:151} INFO - [2023-10-29T01:14:28.100+0000] {dag.py:3722} INFO - Setting next_dagrun for dataset_consumes_1 to None, run_after=None
[2023-10-29T01:14:28.103+0000] {logging_mixin.py:151} INFO - [2023-10-29T01:14:28.103+0000] {dag.py:3722} INFO - Setting next_dagrun for dataset_consumes_1_and_2 to None, run_after=None
[2023-10-29T01:14:28.104+0000] {logging_mixin.py:151} INFO - [2023-10-29T01:14:28.104+0000] {dag.py:3722} INFO - Setting next_dagrun for dataset_consumes_1_never_scheduled to None, run_after=None
[2023-10-29T01:14:28.105+0000] {logging_mixin.py:151} INFO - [2023-10-29T01:14:28.105+0000] {dag.py:3722} INFO - Setting next_dagrun for dataset_consumes_unknown_never_scheduled to None, run_after=None
[2023-10-29T01:14:28.108+0000] {logging_mixin.py:151} INFO - [2023-10-29T01:14:28.108+0000] {dag.py:3722} INFO - Setting next_dagrun for dataset_produces_1 to 2023-10-28T00:00:00+00:00, run_after=2023-10-29T00:00:00+00:00
[2023-10-29T01:14:28.109+0000] {logging_mixin.py:151} INFO - [2023-10-29T01:14:28.109+0000] {dag.py:3722} INFO - Setting next_dagrun for dataset_produces_2 to None, run_after=None
[2023-10-29T01:14:28.138+0000] {processor.py:179} INFO - Processing /usr/local/lib/python3.10/dist-packages/airflow/example_dags/example_datasets.py took 0.102 seconds
[2023-10-29T01:15:10.045+0000] {processor.py:157} INFO - Started process (PID=4875) to work on /usr/local/lib/python3.10/dist-packages/airflow/example_dags/example_datasets.py
[2023-10-29T01:15:10.046+0000] {processor.py:829} INFO - Processing file /usr/local/lib/python3.10/dist-packages/airflow/example_dags/example_datasets.py for tasks to queue
[2023-10-29T01:15:10.047+0000] {logging_mixin.py:151} INFO - [2023-10-29T01:15:10.047+0000] {dagbag.py:536} INFO - Filling up the DagBag from /usr/local/lib/python3.10/dist-packages/airflow/example_dags/example_datasets.py
[2023-10-29T01:15:10.057+0000] {processor.py:839} INFO - DAG(s) dict_keys(['dataset_consumes_1_and_2', 'dataset_consumes_1', 'dataset_produces_2', 'dataset_produces_1', 'dataset_consumes_unknown_never_scheduled', 'dataset_consumes_1_never_scheduled']) retrieved from /usr/local/lib/python3.10/dist-packages/airflow/example_dags/example_datasets.py
[2023-10-29T01:15:10.086+0000] {logging_mixin.py:151} INFO - [2023-10-29T01:15:10.086+0000] {dag.py:2941} INFO - Sync 6 DAGs
[2023-10-29T01:15:10.107+0000] {logging_mixin.py:151} INFO - [2023-10-29T01:15:10.107+0000] {dag.py:3722} INFO - Setting next_dagrun for dataset_consumes_1 to None, run_after=None
[2023-10-29T01:15:10.110+0000] {logging_mixin.py:151} INFO - [2023-10-29T01:15:10.110+0000] {dag.py:3722} INFO - Setting next_dagrun for dataset_consumes_1_and_2 to None, run_after=None
[2023-10-29T01:15:10.111+0000] {logging_mixin.py:151} INFO - [2023-10-29T01:15:10.110+0000] {dag.py:3722} INFO - Setting next_dagrun for dataset_consumes_1_never_scheduled to None, run_after=None
[2023-10-29T01:15:10.112+0000] {logging_mixin.py:151} INFO - [2023-10-29T01:15:10.111+0000] {dag.py:3722} INFO - Setting next_dagrun for dataset_consumes_unknown_never_scheduled to None, run_after=None
[2023-10-29T01:15:10.114+0000] {logging_mixin.py:151} INFO - [2023-10-29T01:15:10.114+0000] {dag.py:3722} INFO - Setting next_dagrun for dataset_produces_1 to 2023-10-28T00:00:00+00:00, run_after=2023-10-29T00:00:00+00:00
[2023-10-29T01:15:10.115+0000] {logging_mixin.py:151} INFO - [2023-10-29T01:15:10.115+0000] {dag.py:3722} INFO - Setting next_dagrun for dataset_produces_2 to None, run_after=None
[2023-10-29T01:15:10.146+0000] {processor.py:179} INFO - Processing /usr/local/lib/python3.10/dist-packages/airflow/example_dags/example_datasets.py took 0.104 seconds
[2023-10-29T01:15:54.967+0000] {processor.py:157} INFO - Started process (PID=4921) to work on /usr/local/lib/python3.10/dist-packages/airflow/example_dags/example_datasets.py
[2023-10-29T01:15:54.969+0000] {processor.py:829} INFO - Processing file /usr/local/lib/python3.10/dist-packages/airflow/example_dags/example_datasets.py for tasks to queue
[2023-10-29T01:15:54.970+0000] {logging_mixin.py:151} INFO - [2023-10-29T01:15:54.969+0000] {dagbag.py:536} INFO - Filling up the DagBag from /usr/local/lib/python3.10/dist-packages/airflow/example_dags/example_datasets.py
[2023-10-29T01:15:54.980+0000] {processor.py:839} INFO - DAG(s) dict_keys(['dataset_produces_2', 'dataset_produces_1', 'dataset_consumes_unknown_never_scheduled', 'dataset_consumes_1_never_scheduled', 'dataset_consumes_1', 'dataset_consumes_1_and_2']) retrieved from /usr/local/lib/python3.10/dist-packages/airflow/example_dags/example_datasets.py
[2023-10-29T01:15:55.008+0000] {logging_mixin.py:151} INFO - [2023-10-29T01:15:55.008+0000] {dag.py:2941} INFO - Sync 6 DAGs
[2023-10-29T01:15:55.029+0000] {logging_mixin.py:151} INFO - [2023-10-29T01:15:55.029+0000] {dag.py:3722} INFO - Setting next_dagrun for dataset_consumes_1 to None, run_after=None
[2023-10-29T01:15:55.032+0000] {logging_mixin.py:151} INFO - [2023-10-29T01:15:55.032+0000] {dag.py:3722} INFO - Setting next_dagrun for dataset_consumes_1_and_2 to None, run_after=None
[2023-10-29T01:15:55.033+0000] {logging_mixin.py:151} INFO - [2023-10-29T01:15:55.033+0000] {dag.py:3722} INFO - Setting next_dagrun for dataset_consumes_1_never_scheduled to None, run_after=None
[2023-10-29T01:15:55.034+0000] {logging_mixin.py:151} INFO - [2023-10-29T01:15:55.034+0000] {dag.py:3722} INFO - Setting next_dagrun for dataset_consumes_unknown_never_scheduled to None, run_after=None
[2023-10-29T01:15:55.037+0000] {logging_mixin.py:151} INFO - [2023-10-29T01:15:55.037+0000] {dag.py:3722} INFO - Setting next_dagrun for dataset_produces_1 to 2023-10-28T00:00:00+00:00, run_after=2023-10-29T00:00:00+00:00
[2023-10-29T01:15:55.038+0000] {logging_mixin.py:151} INFO - [2023-10-29T01:15:55.038+0000] {dag.py:3722} INFO - Setting next_dagrun for dataset_produces_2 to None, run_after=None
[2023-10-29T01:15:55.068+0000] {processor.py:179} INFO - Processing /usr/local/lib/python3.10/dist-packages/airflow/example_dags/example_datasets.py took 0.103 seconds
[2023-10-29T01:16:41.901+0000] {processor.py:157} INFO - Started process (PID=4968) to work on /usr/local/lib/python3.10/dist-packages/airflow/example_dags/example_datasets.py
[2023-10-29T01:16:41.902+0000] {processor.py:829} INFO - Processing file /usr/local/lib/python3.10/dist-packages/airflow/example_dags/example_datasets.py for tasks to queue
[2023-10-29T01:16:41.903+0000] {logging_mixin.py:151} INFO - [2023-10-29T01:16:41.902+0000] {dagbag.py:536} INFO - Filling up the DagBag from /usr/local/lib/python3.10/dist-packages/airflow/example_dags/example_datasets.py
[2023-10-29T01:16:41.913+0000] {processor.py:839} INFO - DAG(s) dict_keys(['dataset_produces_1', 'dataset_consumes_unknown_never_scheduled', 'dataset_produces_2', 'dataset_consumes_1_never_scheduled', 'dataset_consumes_1_and_2', 'dataset_consumes_1']) retrieved from /usr/local/lib/python3.10/dist-packages/airflow/example_dags/example_datasets.py
[2023-10-29T01:16:41.941+0000] {logging_mixin.py:151} INFO - [2023-10-29T01:16:41.941+0000] {dag.py:2941} INFO - Sync 6 DAGs
[2023-10-29T01:16:41.962+0000] {logging_mixin.py:151} INFO - [2023-10-29T01:16:41.962+0000] {dag.py:3722} INFO - Setting next_dagrun for dataset_consumes_1 to None, run_after=None
[2023-10-29T01:16:41.965+0000] {logging_mixin.py:151} INFO - [2023-10-29T01:16:41.965+0000] {dag.py:3722} INFO - Setting next_dagrun for dataset_consumes_1_and_2 to None, run_after=None
[2023-10-29T01:16:41.966+0000] {logging_mixin.py:151} INFO - [2023-10-29T01:16:41.966+0000] {dag.py:3722} INFO - Setting next_dagrun for dataset_consumes_1_never_scheduled to None, run_after=None
[2023-10-29T01:16:41.967+0000] {logging_mixin.py:151} INFO - [2023-10-29T01:16:41.967+0000] {dag.py:3722} INFO - Setting next_dagrun for dataset_consumes_unknown_never_scheduled to None, run_after=None
[2023-10-29T01:16:41.970+0000] {logging_mixin.py:151} INFO - [2023-10-29T01:16:41.970+0000] {dag.py:3722} INFO - Setting next_dagrun for dataset_produces_1 to 2023-10-28T00:00:00+00:00, run_after=2023-10-29T00:00:00+00:00
[2023-10-29T01:16:41.971+0000] {logging_mixin.py:151} INFO - [2023-10-29T01:16:41.971+0000] {dag.py:3722} INFO - Setting next_dagrun for dataset_produces_2 to None, run_after=None
[2023-10-29T01:16:42.002+0000] {processor.py:179} INFO - Processing /usr/local/lib/python3.10/dist-packages/airflow/example_dags/example_datasets.py took 0.105 seconds
[2023-10-29T01:17:28.204+0000] {processor.py:157} INFO - Started process (PID=5018) to work on /usr/local/lib/python3.10/dist-packages/airflow/example_dags/example_datasets.py
[2023-10-29T01:17:28.205+0000] {processor.py:829} INFO - Processing file /usr/local/lib/python3.10/dist-packages/airflow/example_dags/example_datasets.py for tasks to queue
[2023-10-29T01:17:28.206+0000] {logging_mixin.py:151} INFO - [2023-10-29T01:17:28.206+0000] {dagbag.py:536} INFO - Filling up the DagBag from /usr/local/lib/python3.10/dist-packages/airflow/example_dags/example_datasets.py
[2023-10-29T01:17:28.216+0000] {processor.py:839} INFO - DAG(s) dict_keys(['dataset_produces_2', 'dataset_consumes_unknown_never_scheduled', 'dataset_consumes_1_never_scheduled', 'dataset_produces_1', 'dataset_consumes_1', 'dataset_consumes_1_and_2']) retrieved from /usr/local/lib/python3.10/dist-packages/airflow/example_dags/example_datasets.py
[2023-10-29T01:17:28.245+0000] {logging_mixin.py:151} INFO - [2023-10-29T01:17:28.244+0000] {dag.py:2941} INFO - Sync 6 DAGs
[2023-10-29T01:17:28.266+0000] {logging_mixin.py:151} INFO - [2023-10-29T01:17:28.266+0000] {dag.py:3722} INFO - Setting next_dagrun for dataset_consumes_1 to None, run_after=None
[2023-10-29T01:17:28.269+0000] {logging_mixin.py:151} INFO - [2023-10-29T01:17:28.269+0000] {dag.py:3722} INFO - Setting next_dagrun for dataset_consumes_1_and_2 to None, run_after=None
[2023-10-29T01:17:28.270+0000] {logging_mixin.py:151} INFO - [2023-10-29T01:17:28.270+0000] {dag.py:3722} INFO - Setting next_dagrun for dataset_consumes_1_never_scheduled to None, run_after=None
[2023-10-29T01:17:28.271+0000] {logging_mixin.py:151} INFO - [2023-10-29T01:17:28.271+0000] {dag.py:3722} INFO - Setting next_dagrun for dataset_consumes_unknown_never_scheduled to None, run_after=None
[2023-10-29T01:17:28.274+0000] {logging_mixin.py:151} INFO - [2023-10-29T01:17:28.274+0000] {dag.py:3722} INFO - Setting next_dagrun for dataset_produces_1 to 2023-10-28T00:00:00+00:00, run_after=2023-10-29T00:00:00+00:00
[2023-10-29T01:17:28.275+0000] {logging_mixin.py:151} INFO - [2023-10-29T01:17:28.275+0000] {dag.py:3722} INFO - Setting next_dagrun for dataset_produces_2 to None, run_after=None
[2023-10-29T01:17:28.305+0000] {processor.py:179} INFO - Processing /usr/local/lib/python3.10/dist-packages/airflow/example_dags/example_datasets.py took 0.104 seconds
[2023-10-29T01:18:13.504+0000] {processor.py:157} INFO - Started process (PID=5065) to work on /usr/local/lib/python3.10/dist-packages/airflow/example_dags/example_datasets.py
[2023-10-29T01:18:13.505+0000] {processor.py:829} INFO - Processing file /usr/local/lib/python3.10/dist-packages/airflow/example_dags/example_datasets.py for tasks to queue
[2023-10-29T01:18:13.506+0000] {logging_mixin.py:151} INFO - [2023-10-29T01:18:13.506+0000] {dagbag.py:536} INFO - Filling up the DagBag from /usr/local/lib/python3.10/dist-packages/airflow/example_dags/example_datasets.py
[2023-10-29T01:18:13.516+0000] {processor.py:839} INFO - DAG(s) dict_keys(['dataset_consumes_1_and_2', 'dataset_consumes_1', 'dataset_produces_2', 'dataset_consumes_unknown_never_scheduled', 'dataset_consumes_1_never_scheduled', 'dataset_produces_1']) retrieved from /usr/local/lib/python3.10/dist-packages/airflow/example_dags/example_datasets.py
[2023-10-29T01:18:13.544+0000] {logging_mixin.py:151} INFO - [2023-10-29T01:18:13.544+0000] {dag.py:2941} INFO - Sync 6 DAGs
[2023-10-29T01:18:13.565+0000] {logging_mixin.py:151} INFO - [2023-10-29T01:18:13.564+0000] {dag.py:3722} INFO - Setting next_dagrun for dataset_consumes_1 to None, run_after=None
[2023-10-29T01:18:13.568+0000] {logging_mixin.py:151} INFO - [2023-10-29T01:18:13.567+0000] {dag.py:3722} INFO - Setting next_dagrun for dataset_consumes_1_and_2 to None, run_after=None
[2023-10-29T01:18:13.568+0000] {logging_mixin.py:151} INFO - [2023-10-29T01:18:13.568+0000] {dag.py:3722} INFO - Setting next_dagrun for dataset_consumes_1_never_scheduled to None, run_after=None
[2023-10-29T01:18:13.569+0000] {logging_mixin.py:151} INFO - [2023-10-29T01:18:13.569+0000] {dag.py:3722} INFO - Setting next_dagrun for dataset_consumes_unknown_never_scheduled to None, run_after=None
[2023-10-29T01:18:13.572+0000] {logging_mixin.py:151} INFO - [2023-10-29T01:18:13.572+0000] {dag.py:3722} INFO - Setting next_dagrun for dataset_produces_1 to 2023-10-28T00:00:00+00:00, run_after=2023-10-29T00:00:00+00:00
[2023-10-29T01:18:13.573+0000] {logging_mixin.py:151} INFO - [2023-10-29T01:18:13.573+0000] {dag.py:3722} INFO - Setting next_dagrun for dataset_produces_2 to None, run_after=None
[2023-10-29T01:18:13.603+0000] {processor.py:179} INFO - Processing /usr/local/lib/python3.10/dist-packages/airflow/example_dags/example_datasets.py took 0.102 seconds
[2023-10-29T01:18:59.534+0000] {processor.py:157} INFO - Started process (PID=5112) to work on /usr/local/lib/python3.10/dist-packages/airflow/example_dags/example_datasets.py
[2023-10-29T01:18:59.535+0000] {processor.py:829} INFO - Processing file /usr/local/lib/python3.10/dist-packages/airflow/example_dags/example_datasets.py for tasks to queue
[2023-10-29T01:18:59.536+0000] {logging_mixin.py:151} INFO - [2023-10-29T01:18:59.535+0000] {dagbag.py:536} INFO - Filling up the DagBag from /usr/local/lib/python3.10/dist-packages/airflow/example_dags/example_datasets.py
[2023-10-29T01:18:59.546+0000] {processor.py:839} INFO - DAG(s) dict_keys(['dataset_consumes_1_and_2', 'dataset_produces_2', 'dataset_produces_1', 'dataset_consumes_unknown_never_scheduled', 'dataset_consumes_1', 'dataset_consumes_1_never_scheduled']) retrieved from /usr/local/lib/python3.10/dist-packages/airflow/example_dags/example_datasets.py
[2023-10-29T01:18:59.575+0000] {logging_mixin.py:151} INFO - [2023-10-29T01:18:59.574+0000] {dag.py:2941} INFO - Sync 6 DAGs
[2023-10-29T01:18:59.596+0000] {logging_mixin.py:151} INFO - [2023-10-29T01:18:59.596+0000] {dag.py:3722} INFO - Setting next_dagrun for dataset_consumes_1 to None, run_after=None
[2023-10-29T01:18:59.599+0000] {logging_mixin.py:151} INFO - [2023-10-29T01:18:59.599+0000] {dag.py:3722} INFO - Setting next_dagrun for dataset_consumes_1_and_2 to None, run_after=None
[2023-10-29T01:18:59.600+0000] {logging_mixin.py:151} INFO - [2023-10-29T01:18:59.600+0000] {dag.py:3722} INFO - Setting next_dagrun for dataset_consumes_1_never_scheduled to None, run_after=None
[2023-10-29T01:18:59.601+0000] {logging_mixin.py:151} INFO - [2023-10-29T01:18:59.601+0000] {dag.py:3722} INFO - Setting next_dagrun for dataset_consumes_unknown_never_scheduled to None, run_after=None
[2023-10-29T01:18:59.604+0000] {logging_mixin.py:151} INFO - [2023-10-29T01:18:59.604+0000] {dag.py:3722} INFO - Setting next_dagrun for dataset_produces_1 to 2023-10-28T00:00:00+00:00, run_after=2023-10-29T00:00:00+00:00
[2023-10-29T01:18:59.605+0000] {logging_mixin.py:151} INFO - [2023-10-29T01:18:59.605+0000] {dag.py:3722} INFO - Setting next_dagrun for dataset_produces_2 to None, run_after=None
[2023-10-29T01:18:59.636+0000] {processor.py:179} INFO - Processing /usr/local/lib/python3.10/dist-packages/airflow/example_dags/example_datasets.py took 0.105 seconds
[2023-10-29T01:19:49.921+0000] {processor.py:157} INFO - Started process (PID=5162) to work on /usr/local/lib/python3.10/dist-packages/airflow/example_dags/example_datasets.py
[2023-10-29T01:19:49.923+0000] {processor.py:829} INFO - Processing file /usr/local/lib/python3.10/dist-packages/airflow/example_dags/example_datasets.py for tasks to queue
[2023-10-29T01:19:49.924+0000] {logging_mixin.py:151} INFO - [2023-10-29T01:19:49.923+0000] {dagbag.py:536} INFO - Filling up the DagBag from /usr/local/lib/python3.10/dist-packages/airflow/example_dags/example_datasets.py
[2023-10-29T01:19:49.934+0000] {processor.py:839} INFO - DAG(s) dict_keys(['dataset_produces_2', 'dataset_consumes_1', 'dataset_consumes_1_and_2', 'dataset_consumes_unknown_never_scheduled', 'dataset_produces_1', 'dataset_consumes_1_never_scheduled']) retrieved from /usr/local/lib/python3.10/dist-packages/airflow/example_dags/example_datasets.py
[2023-10-29T01:19:49.962+0000] {logging_mixin.py:151} INFO - [2023-10-29T01:19:49.962+0000] {dag.py:2941} INFO - Sync 6 DAGs
[2023-10-29T01:19:49.983+0000] {logging_mixin.py:151} INFO - [2023-10-29T01:19:49.983+0000] {dag.py:3722} INFO - Setting next_dagrun for dataset_consumes_1 to None, run_after=None
[2023-10-29T01:19:49.986+0000] {logging_mixin.py:151} INFO - [2023-10-29T01:19:49.986+0000] {dag.py:3722} INFO - Setting next_dagrun for dataset_consumes_1_and_2 to None, run_after=None
[2023-10-29T01:19:49.987+0000] {logging_mixin.py:151} INFO - [2023-10-29T01:19:49.987+0000] {dag.py:3722} INFO - Setting next_dagrun for dataset_consumes_1_never_scheduled to None, run_after=None
[2023-10-29T01:19:49.988+0000] {logging_mixin.py:151} INFO - [2023-10-29T01:19:49.988+0000] {dag.py:3722} INFO - Setting next_dagrun for dataset_consumes_unknown_never_scheduled to None, run_after=None
[2023-10-29T01:19:49.991+0000] {logging_mixin.py:151} INFO - [2023-10-29T01:19:49.990+0000] {dag.py:3722} INFO - Setting next_dagrun for dataset_produces_1 to 2023-10-28T00:00:00+00:00, run_after=2023-10-29T00:00:00+00:00
[2023-10-29T01:19:49.992+0000] {logging_mixin.py:151} INFO - [2023-10-29T01:19:49.992+0000] {dag.py:3722} INFO - Setting next_dagrun for dataset_produces_2 to None, run_after=None
[2023-10-29T01:19:50.022+0000] {processor.py:179} INFO - Processing /usr/local/lib/python3.10/dist-packages/airflow/example_dags/example_datasets.py took 0.104 seconds
[2023-10-29T01:20:35.456+0000] {processor.py:157} INFO - Started process (PID=5209) to work on /usr/local/lib/python3.10/dist-packages/airflow/example_dags/example_datasets.py
[2023-10-29T01:20:35.457+0000] {processor.py:829} INFO - Processing file /usr/local/lib/python3.10/dist-packages/airflow/example_dags/example_datasets.py for tasks to queue
[2023-10-29T01:20:35.458+0000] {logging_mixin.py:151} INFO - [2023-10-29T01:20:35.458+0000] {dagbag.py:536} INFO - Filling up the DagBag from /usr/local/lib/python3.10/dist-packages/airflow/example_dags/example_datasets.py
[2023-10-29T01:20:35.468+0000] {processor.py:839} INFO - DAG(s) dict_keys(['dataset_produces_1', 'dataset_produces_2', 'dataset_consumes_1_never_scheduled', 'dataset_consumes_unknown_never_scheduled', 'dataset_consumes_1', 'dataset_consumes_1_and_2']) retrieved from /usr/local/lib/python3.10/dist-packages/airflow/example_dags/example_datasets.py
[2023-10-29T01:20:35.496+0000] {logging_mixin.py:151} INFO - [2023-10-29T01:20:35.496+0000] {dag.py:2941} INFO - Sync 6 DAGs
[2023-10-29T01:20:35.517+0000] {logging_mixin.py:151} INFO - [2023-10-29T01:20:35.516+0000] {dag.py:3722} INFO - Setting next_dagrun for dataset_consumes_1 to None, run_after=None
[2023-10-29T01:20:35.519+0000] {logging_mixin.py:151} INFO - [2023-10-29T01:20:35.519+0000] {dag.py:3722} INFO - Setting next_dagrun for dataset_consumes_1_and_2 to None, run_after=None
[2023-10-29T01:20:35.520+0000] {logging_mixin.py:151} INFO - [2023-10-29T01:20:35.520+0000] {dag.py:3722} INFO - Setting next_dagrun for dataset_consumes_1_never_scheduled to None, run_after=None
[2023-10-29T01:20:35.521+0000] {logging_mixin.py:151} INFO - [2023-10-29T01:20:35.521+0000] {dag.py:3722} INFO - Setting next_dagrun for dataset_consumes_unknown_never_scheduled to None, run_after=None
[2023-10-29T01:20:35.524+0000] {logging_mixin.py:151} INFO - [2023-10-29T01:20:35.524+0000] {dag.py:3722} INFO - Setting next_dagrun for dataset_produces_1 to 2023-10-28T00:00:00+00:00, run_after=2023-10-29T00:00:00+00:00
[2023-10-29T01:20:35.525+0000] {logging_mixin.py:151} INFO - [2023-10-29T01:20:35.525+0000] {dag.py:3722} INFO - Setting next_dagrun for dataset_produces_2 to None, run_after=None
[2023-10-29T01:20:35.555+0000] {processor.py:179} INFO - Processing /usr/local/lib/python3.10/dist-packages/airflow/example_dags/example_datasets.py took 0.102 seconds
[2023-10-29T01:21:20.806+0000] {processor.py:157} INFO - Started process (PID=5256) to work on /usr/local/lib/python3.10/dist-packages/airflow/example_dags/example_datasets.py
[2023-10-29T01:21:20.808+0000] {processor.py:829} INFO - Processing file /usr/local/lib/python3.10/dist-packages/airflow/example_dags/example_datasets.py for tasks to queue
[2023-10-29T01:21:20.808+0000] {logging_mixin.py:151} INFO - [2023-10-29T01:21:20.808+0000] {dagbag.py:536} INFO - Filling up the DagBag from /usr/local/lib/python3.10/dist-packages/airflow/example_dags/example_datasets.py
[2023-10-29T01:21:20.819+0000] {processor.py:839} INFO - DAG(s) dict_keys(['dataset_consumes_1', 'dataset_consumes_1_and_2', 'dataset_produces_2', 'dataset_produces_1', 'dataset_consumes_1_never_scheduled', 'dataset_consumes_unknown_never_scheduled']) retrieved from /usr/local/lib/python3.10/dist-packages/airflow/example_dags/example_datasets.py
[2023-10-29T01:21:20.848+0000] {logging_mixin.py:151} INFO - [2023-10-29T01:21:20.848+0000] {dag.py:2941} INFO - Sync 6 DAGs
[2023-10-29T01:21:20.870+0000] {logging_mixin.py:151} INFO - [2023-10-29T01:21:20.870+0000] {dag.py:3722} INFO - Setting next_dagrun for dataset_consumes_1 to None, run_after=None
[2023-10-29T01:21:20.873+0000] {logging_mixin.py:151} INFO - [2023-10-29T01:21:20.873+0000] {dag.py:3722} INFO - Setting next_dagrun for dataset_consumes_1_and_2 to None, run_after=None
[2023-10-29T01:21:20.874+0000] {logging_mixin.py:151} INFO - [2023-10-29T01:21:20.874+0000] {dag.py:3722} INFO - Setting next_dagrun for dataset_consumes_1_never_scheduled to None, run_after=None
[2023-10-29T01:21:20.875+0000] {logging_mixin.py:151} INFO - [2023-10-29T01:21:20.875+0000] {dag.py:3722} INFO - Setting next_dagrun for dataset_consumes_unknown_never_scheduled to None, run_after=None
[2023-10-29T01:21:20.878+0000] {logging_mixin.py:151} INFO - [2023-10-29T01:21:20.878+0000] {dag.py:3722} INFO - Setting next_dagrun for dataset_produces_1 to 2023-10-28T00:00:00+00:00, run_after=2023-10-29T00:00:00+00:00
[2023-10-29T01:21:20.879+0000] {logging_mixin.py:151} INFO - [2023-10-29T01:21:20.879+0000] {dag.py:3722} INFO - Setting next_dagrun for dataset_produces_2 to None, run_after=None
[2023-10-29T01:21:20.911+0000] {processor.py:179} INFO - Processing /usr/local/lib/python3.10/dist-packages/airflow/example_dags/example_datasets.py took 0.108 seconds
[2023-10-29T01:22:08.937+0000] {processor.py:157} INFO - Started process (PID=5307) to work on /usr/local/lib/python3.10/dist-packages/airflow/example_dags/example_datasets.py
[2023-10-29T01:22:08.938+0000] {processor.py:829} INFO - Processing file /usr/local/lib/python3.10/dist-packages/airflow/example_dags/example_datasets.py for tasks to queue
[2023-10-29T01:22:08.939+0000] {logging_mixin.py:151} INFO - [2023-10-29T01:22:08.939+0000] {dagbag.py:536} INFO - Filling up the DagBag from /usr/local/lib/python3.10/dist-packages/airflow/example_dags/example_datasets.py
[2023-10-29T01:22:08.949+0000] {processor.py:839} INFO - DAG(s) dict_keys(['dataset_consumes_1_and_2', 'dataset_consumes_1_never_scheduled', 'dataset_produces_1', 'dataset_consumes_unknown_never_scheduled', 'dataset_consumes_1', 'dataset_produces_2']) retrieved from /usr/local/lib/python3.10/dist-packages/airflow/example_dags/example_datasets.py
[2023-10-29T01:22:08.977+0000] {logging_mixin.py:151} INFO - [2023-10-29T01:22:08.977+0000] {dag.py:2941} INFO - Sync 6 DAGs
[2023-10-29T01:22:08.998+0000] {logging_mixin.py:151} INFO - [2023-10-29T01:22:08.998+0000] {dag.py:3722} INFO - Setting next_dagrun for dataset_consumes_1 to None, run_after=None
[2023-10-29T01:22:09.001+0000] {logging_mixin.py:151} INFO - [2023-10-29T01:22:09.001+0000] {dag.py:3722} INFO - Setting next_dagrun for dataset_consumes_1_and_2 to None, run_after=None
[2023-10-29T01:22:09.002+0000] {logging_mixin.py:151} INFO - [2023-10-29T01:22:09.002+0000] {dag.py:3722} INFO - Setting next_dagrun for dataset_consumes_1_never_scheduled to None, run_after=None
[2023-10-29T01:22:09.003+0000] {logging_mixin.py:151} INFO - [2023-10-29T01:22:09.003+0000] {dag.py:3722} INFO - Setting next_dagrun for dataset_consumes_unknown_never_scheduled to None, run_after=None
[2023-10-29T01:22:09.006+0000] {logging_mixin.py:151} INFO - [2023-10-29T01:22:09.006+0000] {dag.py:3722} INFO - Setting next_dagrun for dataset_produces_1 to 2023-10-28T00:00:00+00:00, run_after=2023-10-29T00:00:00+00:00
[2023-10-29T01:22:09.007+0000] {logging_mixin.py:151} INFO - [2023-10-29T01:22:09.007+0000] {dag.py:3722} INFO - Setting next_dagrun for dataset_produces_2 to None, run_after=None
[2023-10-29T01:22:09.037+0000] {processor.py:179} INFO - Processing /usr/local/lib/python3.10/dist-packages/airflow/example_dags/example_datasets.py took 0.102 seconds
[2023-10-29T01:22:56.823+0000] {processor.py:157} INFO - Started process (PID=5356) to work on /usr/local/lib/python3.10/dist-packages/airflow/example_dags/example_datasets.py
[2023-10-29T01:22:56.824+0000] {processor.py:829} INFO - Processing file /usr/local/lib/python3.10/dist-packages/airflow/example_dags/example_datasets.py for tasks to queue
[2023-10-29T01:22:56.825+0000] {logging_mixin.py:151} INFO - [2023-10-29T01:22:56.824+0000] {dagbag.py:536} INFO - Filling up the DagBag from /usr/local/lib/python3.10/dist-packages/airflow/example_dags/example_datasets.py
[2023-10-29T01:22:56.835+0000] {processor.py:839} INFO - DAG(s) dict_keys(['dataset_consumes_1_and_2', 'dataset_consumes_unknown_never_scheduled', 'dataset_consumes_1', 'dataset_consumes_1_never_scheduled', 'dataset_produces_2', 'dataset_produces_1']) retrieved from /usr/local/lib/python3.10/dist-packages/airflow/example_dags/example_datasets.py
[2023-10-29T01:22:56.864+0000] {logging_mixin.py:151} INFO - [2023-10-29T01:22:56.864+0000] {dag.py:2941} INFO - Sync 6 DAGs
[2023-10-29T01:22:56.885+0000] {logging_mixin.py:151} INFO - [2023-10-29T01:22:56.885+0000] {dag.py:3722} INFO - Setting next_dagrun for dataset_consumes_1 to None, run_after=None
[2023-10-29T01:22:56.888+0000] {logging_mixin.py:151} INFO - [2023-10-29T01:22:56.888+0000] {dag.py:3722} INFO - Setting next_dagrun for dataset_consumes_1_and_2 to None, run_after=None
[2023-10-29T01:22:56.889+0000] {logging_mixin.py:151} INFO - [2023-10-29T01:22:56.889+0000] {dag.py:3722} INFO - Setting next_dagrun for dataset_consumes_1_never_scheduled to None, run_after=None
[2023-10-29T01:22:56.890+0000] {logging_mixin.py:151} INFO - [2023-10-29T01:22:56.890+0000] {dag.py:3722} INFO - Setting next_dagrun for dataset_consumes_unknown_never_scheduled to None, run_after=None
[2023-10-29T01:22:56.893+0000] {logging_mixin.py:151} INFO - [2023-10-29T01:22:56.892+0000] {dag.py:3722} INFO - Setting next_dagrun for dataset_produces_1 to 2023-10-28T00:00:00+00:00, run_after=2023-10-29T00:00:00+00:00
[2023-10-29T01:22:56.893+0000] {logging_mixin.py:151} INFO - [2023-10-29T01:22:56.893+0000] {dag.py:3722} INFO - Setting next_dagrun for dataset_produces_2 to None, run_after=None
[2023-10-29T01:22:56.925+0000] {processor.py:179} INFO - Processing /usr/local/lib/python3.10/dist-packages/airflow/example_dags/example_datasets.py took 0.106 seconds
[2023-10-29T01:23:45.953+0000] {processor.py:157} INFO - Started process (PID=5405) to work on /usr/local/lib/python3.10/dist-packages/airflow/example_dags/example_datasets.py
[2023-10-29T01:23:45.954+0000] {processor.py:829} INFO - Processing file /usr/local/lib/python3.10/dist-packages/airflow/example_dags/example_datasets.py for tasks to queue
[2023-10-29T01:23:45.955+0000] {logging_mixin.py:151} INFO - [2023-10-29T01:23:45.955+0000] {dagbag.py:536} INFO - Filling up the DagBag from /usr/local/lib/python3.10/dist-packages/airflow/example_dags/example_datasets.py
[2023-10-29T01:23:45.965+0000] {processor.py:839} INFO - DAG(s) dict_keys(['dataset_consumes_unknown_never_scheduled', 'dataset_produces_2', 'dataset_consumes_1_and_2', 'dataset_produces_1', 'dataset_consumes_1', 'dataset_consumes_1_never_scheduled']) retrieved from /usr/local/lib/python3.10/dist-packages/airflow/example_dags/example_datasets.py
[2023-10-29T01:23:45.994+0000] {logging_mixin.py:151} INFO - [2023-10-29T01:23:45.994+0000] {dag.py:2941} INFO - Sync 6 DAGs
[2023-10-29T01:23:46.016+0000] {logging_mixin.py:151} INFO - [2023-10-29T01:23:46.015+0000] {dag.py:3722} INFO - Setting next_dagrun for dataset_consumes_1 to None, run_after=None
[2023-10-29T01:23:46.018+0000] {logging_mixin.py:151} INFO - [2023-10-29T01:23:46.018+0000] {dag.py:3722} INFO - Setting next_dagrun for dataset_consumes_1_and_2 to None, run_after=None
[2023-10-29T01:23:46.019+0000] {logging_mixin.py:151} INFO - [2023-10-29T01:23:46.019+0000] {dag.py:3722} INFO - Setting next_dagrun for dataset_consumes_1_never_scheduled to None, run_after=None
[2023-10-29T01:23:46.020+0000] {logging_mixin.py:151} INFO - [2023-10-29T01:23:46.020+0000] {dag.py:3722} INFO - Setting next_dagrun for dataset_consumes_unknown_never_scheduled to None, run_after=None
[2023-10-29T01:23:46.023+0000] {logging_mixin.py:151} INFO - [2023-10-29T01:23:46.023+0000] {dag.py:3722} INFO - Setting next_dagrun for dataset_produces_1 to 2023-10-28T00:00:00+00:00, run_after=2023-10-29T00:00:00+00:00
[2023-10-29T01:23:46.024+0000] {logging_mixin.py:151} INFO - [2023-10-29T01:23:46.024+0000] {dag.py:3722} INFO - Setting next_dagrun for dataset_produces_2 to None, run_after=None
[2023-10-29T01:23:46.056+0000] {processor.py:179} INFO - Processing /usr/local/lib/python3.10/dist-packages/airflow/example_dags/example_datasets.py took 0.106 seconds
[2023-10-29T01:24:37.797+0000] {processor.py:157} INFO - Started process (PID=5457) to work on /usr/local/lib/python3.10/dist-packages/airflow/example_dags/example_datasets.py
[2023-10-29T01:24:37.798+0000] {processor.py:829} INFO - Processing file /usr/local/lib/python3.10/dist-packages/airflow/example_dags/example_datasets.py for tasks to queue
[2023-10-29T01:24:37.799+0000] {logging_mixin.py:151} INFO - [2023-10-29T01:24:37.798+0000] {dagbag.py:536} INFO - Filling up the DagBag from /usr/local/lib/python3.10/dist-packages/airflow/example_dags/example_datasets.py
[2023-10-29T01:24:37.809+0000] {processor.py:839} INFO - DAG(s) dict_keys(['dataset_consumes_unknown_never_scheduled', 'dataset_consumes_1_and_2', 'dataset_consumes_1_never_scheduled', 'dataset_produces_1', 'dataset_consumes_1', 'dataset_produces_2']) retrieved from /usr/local/lib/python3.10/dist-packages/airflow/example_dags/example_datasets.py
[2023-10-29T01:24:37.837+0000] {logging_mixin.py:151} INFO - [2023-10-29T01:24:37.837+0000] {dag.py:2941} INFO - Sync 6 DAGs
[2023-10-29T01:24:37.858+0000] {logging_mixin.py:151} INFO - [2023-10-29T01:24:37.857+0000] {dag.py:3722} INFO - Setting next_dagrun for dataset_consumes_1 to None, run_after=None
[2023-10-29T01:24:37.861+0000] {logging_mixin.py:151} INFO - [2023-10-29T01:24:37.860+0000] {dag.py:3722} INFO - Setting next_dagrun for dataset_consumes_1_and_2 to None, run_after=None
[2023-10-29T01:24:37.861+0000] {logging_mixin.py:151} INFO - [2023-10-29T01:24:37.861+0000] {dag.py:3722} INFO - Setting next_dagrun for dataset_consumes_1_never_scheduled to None, run_after=None
[2023-10-29T01:24:37.862+0000] {logging_mixin.py:151} INFO - [2023-10-29T01:24:37.862+0000] {dag.py:3722} INFO - Setting next_dagrun for dataset_consumes_unknown_never_scheduled to None, run_after=None
[2023-10-29T01:24:37.865+0000] {logging_mixin.py:151} INFO - [2023-10-29T01:24:37.865+0000] {dag.py:3722} INFO - Setting next_dagrun for dataset_produces_1 to 2023-10-28T00:00:00+00:00, run_after=2023-10-29T00:00:00+00:00
[2023-10-29T01:24:37.867+0000] {logging_mixin.py:151} INFO - [2023-10-29T01:24:37.867+0000] {dag.py:3722} INFO - Setting next_dagrun for dataset_produces_2 to None, run_after=None
[2023-10-29T01:24:37.898+0000] {processor.py:179} INFO - Processing /usr/local/lib/python3.10/dist-packages/airflow/example_dags/example_datasets.py took 0.105 seconds
[2023-10-29T01:25:25.070+0000] {processor.py:157} INFO - Started process (PID=5506) to work on /usr/local/lib/python3.10/dist-packages/airflow/example_dags/example_datasets.py
[2023-10-29T01:25:25.071+0000] {processor.py:829} INFO - Processing file /usr/local/lib/python3.10/dist-packages/airflow/example_dags/example_datasets.py for tasks to queue
[2023-10-29T01:25:25.072+0000] {logging_mixin.py:151} INFO - [2023-10-29T01:25:25.072+0000] {dagbag.py:536} INFO - Filling up the DagBag from /usr/local/lib/python3.10/dist-packages/airflow/example_dags/example_datasets.py
[2023-10-29T01:25:25.082+0000] {processor.py:839} INFO - DAG(s) dict_keys(['dataset_consumes_unknown_never_scheduled', 'dataset_consumes_1_never_scheduled', 'dataset_produces_2', 'dataset_consumes_1_and_2', 'dataset_produces_1', 'dataset_consumes_1']) retrieved from /usr/local/lib/python3.10/dist-packages/airflow/example_dags/example_datasets.py
[2023-10-29T01:25:25.110+0000] {logging_mixin.py:151} INFO - [2023-10-29T01:25:25.110+0000] {dag.py:2941} INFO - Sync 6 DAGs
[2023-10-29T01:25:25.131+0000] {logging_mixin.py:151} INFO - [2023-10-29T01:25:25.131+0000] {dag.py:3722} INFO - Setting next_dagrun for dataset_consumes_1 to None, run_after=None
[2023-10-29T01:25:25.134+0000] {logging_mixin.py:151} INFO - [2023-10-29T01:25:25.134+0000] {dag.py:3722} INFO - Setting next_dagrun for dataset_consumes_1_and_2 to None, run_after=None
[2023-10-29T01:25:25.135+0000] {logging_mixin.py:151} INFO - [2023-10-29T01:25:25.135+0000] {dag.py:3722} INFO - Setting next_dagrun for dataset_consumes_1_never_scheduled to None, run_after=None
[2023-10-29T01:25:25.136+0000] {logging_mixin.py:151} INFO - [2023-10-29T01:25:25.135+0000] {dag.py:3722} INFO - Setting next_dagrun for dataset_consumes_unknown_never_scheduled to None, run_after=None
[2023-10-29T01:25:25.138+0000] {logging_mixin.py:151} INFO - [2023-10-29T01:25:25.138+0000] {dag.py:3722} INFO - Setting next_dagrun for dataset_produces_1 to 2023-10-28T00:00:00+00:00, run_after=2023-10-29T00:00:00+00:00
[2023-10-29T01:25:25.139+0000] {logging_mixin.py:151} INFO - [2023-10-29T01:25:25.139+0000] {dag.py:3722} INFO - Setting next_dagrun for dataset_produces_2 to None, run_after=None
[2023-10-29T01:25:25.169+0000] {processor.py:179} INFO - Processing /usr/local/lib/python3.10/dist-packages/airflow/example_dags/example_datasets.py took 0.102 seconds
