[2023-10-29T01:01:33.608+0000] {processor.py:157} INFO - Started process (PID=3644) to work on /usr/local/lib/python3.10/dist-packages/airflow/example_dags/example_sensor_decorator.py
[2023-10-29T01:01:33.608+0000] {processor.py:829} INFO - Processing file /usr/local/lib/python3.10/dist-packages/airflow/example_dags/example_sensor_decorator.py for tasks to queue
[2023-10-29T01:01:33.609+0000] {logging_mixin.py:151} INFO - [2023-10-29T01:01:33.609+0000] {dagbag.py:536} INFO - Filling up the DagBag from /usr/local/lib/python3.10/dist-packages/airflow/example_dags/example_sensor_decorator.py
[2023-10-29T01:01:33.616+0000] {processor.py:839} INFO - DAG(s) dict_keys(['example_sensor_decorator']) retrieved from /usr/local/lib/python3.10/dist-packages/airflow/example_dags/example_sensor_decorator.py
[2023-10-29T01:01:33.723+0000] {logging_mixin.py:151} INFO - [2023-10-29T01:01:33.723+0000] {manager.py:499} INFO - Created Permission View: %s
[2023-10-29T01:01:33.735+0000] {logging_mixin.py:151} INFO - [2023-10-29T01:01:33.735+0000] {manager.py:499} INFO - Created Permission View: %s
[2023-10-29T01:01:33.744+0000] {logging_mixin.py:151} INFO - [2023-10-29T01:01:33.744+0000] {manager.py:499} INFO - Created Permission View: %s
[2023-10-29T01:01:33.744+0000] {logging_mixin.py:151} INFO - [2023-10-29T01:01:33.744+0000] {dag.py:2941} INFO - Sync 1 DAGs
[2023-10-29T01:01:33.755+0000] {logging_mixin.py:151} INFO - [2023-10-29T01:01:33.755+0000] {dag.py:2963} INFO - Creating ORM DAG for example_sensor_decorator
[2023-10-29T01:01:33.756+0000] {logging_mixin.py:151} INFO - [2023-10-29T01:01:33.756+0000] {dag.py:3722} INFO - Setting next_dagrun for example_sensor_decorator to None, run_after=None
[2023-10-29T01:01:33.779+0000] {processor.py:179} INFO - Processing /usr/local/lib/python3.10/dist-packages/airflow/example_dags/example_sensor_decorator.py took 0.175 seconds
[2023-10-29T01:02:22.296+0000] {processor.py:157} INFO - Started process (PID=3692) to work on /usr/local/lib/python3.10/dist-packages/airflow/example_dags/example_sensor_decorator.py
[2023-10-29T01:02:22.297+0000] {processor.py:829} INFO - Processing file /usr/local/lib/python3.10/dist-packages/airflow/example_dags/example_sensor_decorator.py for tasks to queue
[2023-10-29T01:02:22.298+0000] {logging_mixin.py:151} INFO - [2023-10-29T01:02:22.298+0000] {dagbag.py:536} INFO - Filling up the DagBag from /usr/local/lib/python3.10/dist-packages/airflow/example_dags/example_sensor_decorator.py
[2023-10-29T01:02:22.305+0000] {processor.py:839} INFO - DAG(s) dict_keys(['example_sensor_decorator']) retrieved from /usr/local/lib/python3.10/dist-packages/airflow/example_dags/example_sensor_decorator.py
[2023-10-29T01:02:22.322+0000] {logging_mixin.py:151} INFO - [2023-10-29T01:02:22.321+0000] {dag.py:2941} INFO - Sync 1 DAGs
[2023-10-29T01:02:22.334+0000] {logging_mixin.py:151} INFO - [2023-10-29T01:02:22.333+0000] {dag.py:3722} INFO - Setting next_dagrun for example_sensor_decorator to None, run_after=None
[2023-10-29T01:02:22.355+0000] {processor.py:179} INFO - Processing /usr/local/lib/python3.10/dist-packages/airflow/example_dags/example_sensor_decorator.py took 0.062 seconds
[2023-10-29T01:03:05.260+0000] {processor.py:157} INFO - Started process (PID=3739) to work on /usr/local/lib/python3.10/dist-packages/airflow/example_dags/example_sensor_decorator.py
[2023-10-29T01:03:05.261+0000] {processor.py:829} INFO - Processing file /usr/local/lib/python3.10/dist-packages/airflow/example_dags/example_sensor_decorator.py for tasks to queue
[2023-10-29T01:03:05.262+0000] {logging_mixin.py:151} INFO - [2023-10-29T01:03:05.262+0000] {dagbag.py:536} INFO - Filling up the DagBag from /usr/local/lib/python3.10/dist-packages/airflow/example_dags/example_sensor_decorator.py
[2023-10-29T01:03:05.268+0000] {processor.py:839} INFO - DAG(s) dict_keys(['example_sensor_decorator']) retrieved from /usr/local/lib/python3.10/dist-packages/airflow/example_dags/example_sensor_decorator.py
[2023-10-29T01:03:05.285+0000] {logging_mixin.py:151} INFO - [2023-10-29T01:03:05.285+0000] {dag.py:2941} INFO - Sync 1 DAGs
[2023-10-29T01:03:05.297+0000] {logging_mixin.py:151} INFO - [2023-10-29T01:03:05.297+0000] {dag.py:3722} INFO - Setting next_dagrun for example_sensor_decorator to None, run_after=None
[2023-10-29T01:03:05.318+0000] {processor.py:179} INFO - Processing /usr/local/lib/python3.10/dist-packages/airflow/example_dags/example_sensor_decorator.py took 0.062 seconds
[2023-10-29T01:03:50.488+0000] {processor.py:157} INFO - Started process (PID=3785) to work on /usr/local/lib/python3.10/dist-packages/airflow/example_dags/example_sensor_decorator.py
[2023-10-29T01:03:50.489+0000] {processor.py:829} INFO - Processing file /usr/local/lib/python3.10/dist-packages/airflow/example_dags/example_sensor_decorator.py for tasks to queue
[2023-10-29T01:03:50.490+0000] {logging_mixin.py:151} INFO - [2023-10-29T01:03:50.489+0000] {dagbag.py:536} INFO - Filling up the DagBag from /usr/local/lib/python3.10/dist-packages/airflow/example_dags/example_sensor_decorator.py
[2023-10-29T01:03:50.496+0000] {processor.py:839} INFO - DAG(s) dict_keys(['example_sensor_decorator']) retrieved from /usr/local/lib/python3.10/dist-packages/airflow/example_dags/example_sensor_decorator.py
[2023-10-29T01:03:50.513+0000] {logging_mixin.py:151} INFO - [2023-10-29T01:03:50.513+0000] {dag.py:2941} INFO - Sync 1 DAGs
[2023-10-29T01:03:50.525+0000] {logging_mixin.py:151} INFO - [2023-10-29T01:03:50.525+0000] {dag.py:3722} INFO - Setting next_dagrun for example_sensor_decorator to None, run_after=None
[2023-10-29T01:03:50.546+0000] {processor.py:179} INFO - Processing /usr/local/lib/python3.10/dist-packages/airflow/example_dags/example_sensor_decorator.py took 0.062 seconds
[2023-10-29T01:04:39.291+0000] {processor.py:157} INFO - Started process (PID=3838) to work on /usr/local/lib/python3.10/dist-packages/airflow/example_dags/example_sensor_decorator.py
[2023-10-29T01:04:39.292+0000] {processor.py:829} INFO - Processing file /usr/local/lib/python3.10/dist-packages/airflow/example_dags/example_sensor_decorator.py for tasks to queue
[2023-10-29T01:04:39.293+0000] {logging_mixin.py:151} INFO - [2023-10-29T01:04:39.293+0000] {dagbag.py:536} INFO - Filling up the DagBag from /usr/local/lib/python3.10/dist-packages/airflow/example_dags/example_sensor_decorator.py
[2023-10-29T01:04:39.300+0000] {processor.py:839} INFO - DAG(s) dict_keys(['example_sensor_decorator']) retrieved from /usr/local/lib/python3.10/dist-packages/airflow/example_dags/example_sensor_decorator.py
[2023-10-29T01:04:39.316+0000] {logging_mixin.py:151} INFO - [2023-10-29T01:04:39.315+0000] {dag.py:2941} INFO - Sync 1 DAGs
[2023-10-29T01:04:39.327+0000] {logging_mixin.py:151} INFO - [2023-10-29T01:04:39.327+0000] {dag.py:3722} INFO - Setting next_dagrun for example_sensor_decorator to None, run_after=None
[2023-10-29T01:04:39.348+0000] {processor.py:179} INFO - Processing /usr/local/lib/python3.10/dist-packages/airflow/example_dags/example_sensor_decorator.py took 0.060 seconds
[2023-10-29T01:05:25.872+0000] {processor.py:157} INFO - Started process (PID=3886) to work on /usr/local/lib/python3.10/dist-packages/airflow/example_dags/example_sensor_decorator.py
[2023-10-29T01:05:25.874+0000] {processor.py:829} INFO - Processing file /usr/local/lib/python3.10/dist-packages/airflow/example_dags/example_sensor_decorator.py for tasks to queue
[2023-10-29T01:05:25.875+0000] {logging_mixin.py:151} INFO - [2023-10-29T01:05:25.874+0000] {dagbag.py:536} INFO - Filling up the DagBag from /usr/local/lib/python3.10/dist-packages/airflow/example_dags/example_sensor_decorator.py
[2023-10-29T01:05:25.881+0000] {processor.py:839} INFO - DAG(s) dict_keys(['example_sensor_decorator']) retrieved from /usr/local/lib/python3.10/dist-packages/airflow/example_dags/example_sensor_decorator.py
[2023-10-29T01:05:25.897+0000] {logging_mixin.py:151} INFO - [2023-10-29T01:05:25.897+0000] {dag.py:2941} INFO - Sync 1 DAGs
[2023-10-29T01:05:25.909+0000] {logging_mixin.py:151} INFO - [2023-10-29T01:05:25.908+0000] {dag.py:3722} INFO - Setting next_dagrun for example_sensor_decorator to None, run_after=None
[2023-10-29T01:05:25.934+0000] {processor.py:179} INFO - Processing /usr/local/lib/python3.10/dist-packages/airflow/example_dags/example_sensor_decorator.py took 0.065 seconds
[2023-10-29T01:06:10.210+0000] {processor.py:157} INFO - Started process (PID=3933) to work on /usr/local/lib/python3.10/dist-packages/airflow/example_dags/example_sensor_decorator.py
[2023-10-29T01:06:10.212+0000] {processor.py:829} INFO - Processing file /usr/local/lib/python3.10/dist-packages/airflow/example_dags/example_sensor_decorator.py for tasks to queue
[2023-10-29T01:06:10.213+0000] {logging_mixin.py:151} INFO - [2023-10-29T01:06:10.212+0000] {dagbag.py:536} INFO - Filling up the DagBag from /usr/local/lib/python3.10/dist-packages/airflow/example_dags/example_sensor_decorator.py
[2023-10-29T01:06:10.219+0000] {processor.py:839} INFO - DAG(s) dict_keys(['example_sensor_decorator']) retrieved from /usr/local/lib/python3.10/dist-packages/airflow/example_dags/example_sensor_decorator.py
[2023-10-29T01:06:10.235+0000] {logging_mixin.py:151} INFO - [2023-10-29T01:06:10.235+0000] {dag.py:2941} INFO - Sync 1 DAGs
[2023-10-29T01:06:10.247+0000] {logging_mixin.py:151} INFO - [2023-10-29T01:06:10.247+0000] {dag.py:3722} INFO - Setting next_dagrun for example_sensor_decorator to None, run_after=None
[2023-10-29T01:06:10.269+0000] {processor.py:179} INFO - Processing /usr/local/lib/python3.10/dist-packages/airflow/example_dags/example_sensor_decorator.py took 0.062 seconds
[2023-10-29T01:06:56.416+0000] {processor.py:157} INFO - Started process (PID=3983) to work on /usr/local/lib/python3.10/dist-packages/airflow/example_dags/example_sensor_decorator.py
[2023-10-29T01:06:56.417+0000] {processor.py:829} INFO - Processing file /usr/local/lib/python3.10/dist-packages/airflow/example_dags/example_sensor_decorator.py for tasks to queue
[2023-10-29T01:06:56.418+0000] {logging_mixin.py:151} INFO - [2023-10-29T01:06:56.417+0000] {dagbag.py:536} INFO - Filling up the DagBag from /usr/local/lib/python3.10/dist-packages/airflow/example_dags/example_sensor_decorator.py
[2023-10-29T01:06:56.424+0000] {processor.py:839} INFO - DAG(s) dict_keys(['example_sensor_decorator']) retrieved from /usr/local/lib/python3.10/dist-packages/airflow/example_dags/example_sensor_decorator.py
[2023-10-29T01:06:56.440+0000] {logging_mixin.py:151} INFO - [2023-10-29T01:06:56.440+0000] {dag.py:2941} INFO - Sync 1 DAGs
[2023-10-29T01:06:56.452+0000] {logging_mixin.py:151} INFO - [2023-10-29T01:06:56.452+0000] {dag.py:3722} INFO - Setting next_dagrun for example_sensor_decorator to None, run_after=None
[2023-10-29T01:06:56.474+0000] {processor.py:179} INFO - Processing /usr/local/lib/python3.10/dist-packages/airflow/example_dags/example_sensor_decorator.py took 0.062 seconds
[2023-10-29T01:07:50.575+0000] {processor.py:157} INFO - Started process (PID=4038) to work on /usr/local/lib/python3.10/dist-packages/airflow/example_dags/example_sensor_decorator.py
[2023-10-29T01:07:50.576+0000] {processor.py:829} INFO - Processing file /usr/local/lib/python3.10/dist-packages/airflow/example_dags/example_sensor_decorator.py for tasks to queue
[2023-10-29T01:07:50.577+0000] {logging_mixin.py:151} INFO - [2023-10-29T01:07:50.576+0000] {dagbag.py:536} INFO - Filling up the DagBag from /usr/local/lib/python3.10/dist-packages/airflow/example_dags/example_sensor_decorator.py
[2023-10-29T01:07:50.583+0000] {processor.py:839} INFO - DAG(s) dict_keys(['example_sensor_decorator']) retrieved from /usr/local/lib/python3.10/dist-packages/airflow/example_dags/example_sensor_decorator.py
[2023-10-29T01:07:50.599+0000] {logging_mixin.py:151} INFO - [2023-10-29T01:07:50.599+0000] {dag.py:2941} INFO - Sync 1 DAGs
[2023-10-29T01:07:50.611+0000] {logging_mixin.py:151} INFO - [2023-10-29T01:07:50.611+0000] {dag.py:3722} INFO - Setting next_dagrun for example_sensor_decorator to None, run_after=None
[2023-10-29T01:07:50.633+0000] {processor.py:179} INFO - Processing /usr/local/lib/python3.10/dist-packages/airflow/example_dags/example_sensor_decorator.py took 0.062 seconds
[2023-10-29T01:08:39.579+0000] {processor.py:157} INFO - Started process (PID=4087) to work on /usr/local/lib/python3.10/dist-packages/airflow/example_dags/example_sensor_decorator.py
[2023-10-29T01:08:39.581+0000] {processor.py:829} INFO - Processing file /usr/local/lib/python3.10/dist-packages/airflow/example_dags/example_sensor_decorator.py for tasks to queue
[2023-10-29T01:08:39.582+0000] {logging_mixin.py:151} INFO - [2023-10-29T01:08:39.581+0000] {dagbag.py:536} INFO - Filling up the DagBag from /usr/local/lib/python3.10/dist-packages/airflow/example_dags/example_sensor_decorator.py
[2023-10-29T01:08:39.588+0000] {processor.py:839} INFO - DAG(s) dict_keys(['example_sensor_decorator']) retrieved from /usr/local/lib/python3.10/dist-packages/airflow/example_dags/example_sensor_decorator.py
[2023-10-29T01:08:39.604+0000] {logging_mixin.py:151} INFO - [2023-10-29T01:08:39.604+0000] {dag.py:2941} INFO - Sync 1 DAGs
[2023-10-29T01:08:39.616+0000] {logging_mixin.py:151} INFO - [2023-10-29T01:08:39.616+0000] {dag.py:3722} INFO - Setting next_dagrun for example_sensor_decorator to None, run_after=None
[2023-10-29T01:08:39.637+0000] {processor.py:179} INFO - Processing /usr/local/lib/python3.10/dist-packages/airflow/example_dags/example_sensor_decorator.py took 0.061 seconds
[2023-10-29T01:09:26.501+0000] {processor.py:157} INFO - Started process (PID=4135) to work on /usr/local/lib/python3.10/dist-packages/airflow/example_dags/example_sensor_decorator.py
[2023-10-29T01:09:26.503+0000] {processor.py:829} INFO - Processing file /usr/local/lib/python3.10/dist-packages/airflow/example_dags/example_sensor_decorator.py for tasks to queue
[2023-10-29T01:09:26.503+0000] {logging_mixin.py:151} INFO - [2023-10-29T01:09:26.503+0000] {dagbag.py:536} INFO - Filling up the DagBag from /usr/local/lib/python3.10/dist-packages/airflow/example_dags/example_sensor_decorator.py
[2023-10-29T01:09:26.510+0000] {processor.py:839} INFO - DAG(s) dict_keys(['example_sensor_decorator']) retrieved from /usr/local/lib/python3.10/dist-packages/airflow/example_dags/example_sensor_decorator.py
[2023-10-29T01:09:26.526+0000] {logging_mixin.py:151} INFO - [2023-10-29T01:09:26.526+0000] {dag.py:2941} INFO - Sync 1 DAGs
[2023-10-29T01:09:26.538+0000] {logging_mixin.py:151} INFO - [2023-10-29T01:09:26.538+0000] {dag.py:3722} INFO - Setting next_dagrun for example_sensor_decorator to None, run_after=None
[2023-10-29T01:09:26.560+0000] {processor.py:179} INFO - Processing /usr/local/lib/python3.10/dist-packages/airflow/example_dags/example_sensor_decorator.py took 0.062 seconds
[2023-10-29T01:10:13.628+0000] {processor.py:157} INFO - Started process (PID=4183) to work on /usr/local/lib/python3.10/dist-packages/airflow/example_dags/example_sensor_decorator.py
[2023-10-29T01:10:13.629+0000] {processor.py:829} INFO - Processing file /usr/local/lib/python3.10/dist-packages/airflow/example_dags/example_sensor_decorator.py for tasks to queue
[2023-10-29T01:10:13.630+0000] {logging_mixin.py:151} INFO - [2023-10-29T01:10:13.630+0000] {dagbag.py:536} INFO - Filling up the DagBag from /usr/local/lib/python3.10/dist-packages/airflow/example_dags/example_sensor_decorator.py
[2023-10-29T01:10:13.637+0000] {processor.py:839} INFO - DAG(s) dict_keys(['example_sensor_decorator']) retrieved from /usr/local/lib/python3.10/dist-packages/airflow/example_dags/example_sensor_decorator.py
[2023-10-29T01:10:13.653+0000] {logging_mixin.py:151} INFO - [2023-10-29T01:10:13.653+0000] {dag.py:2941} INFO - Sync 1 DAGs
[2023-10-29T01:10:13.664+0000] {logging_mixin.py:151} INFO - [2023-10-29T01:10:13.664+0000] {dag.py:3722} INFO - Setting next_dagrun for example_sensor_decorator to None, run_after=None
[2023-10-29T01:10:13.685+0000] {processor.py:179} INFO - Processing /usr/local/lib/python3.10/dist-packages/airflow/example_dags/example_sensor_decorator.py took 0.061 seconds
[2023-10-29T01:11:01.098+0000] {processor.py:157} INFO - Started process (PID=4231) to work on /usr/local/lib/python3.10/dist-packages/airflow/example_dags/example_sensor_decorator.py
[2023-10-29T01:11:01.099+0000] {processor.py:829} INFO - Processing file /usr/local/lib/python3.10/dist-packages/airflow/example_dags/example_sensor_decorator.py for tasks to queue
[2023-10-29T01:11:01.100+0000] {logging_mixin.py:151} INFO - [2023-10-29T01:11:01.100+0000] {dagbag.py:536} INFO - Filling up the DagBag from /usr/local/lib/python3.10/dist-packages/airflow/example_dags/example_sensor_decorator.py
[2023-10-29T01:11:01.107+0000] {processor.py:839} INFO - DAG(s) dict_keys(['example_sensor_decorator']) retrieved from /usr/local/lib/python3.10/dist-packages/airflow/example_dags/example_sensor_decorator.py
[2023-10-29T01:11:01.124+0000] {logging_mixin.py:151} INFO - [2023-10-29T01:11:01.123+0000] {dag.py:2941} INFO - Sync 1 DAGs
[2023-10-29T01:11:01.135+0000] {logging_mixin.py:151} INFO - [2023-10-29T01:11:01.135+0000] {dag.py:3722} INFO - Setting next_dagrun for example_sensor_decorator to None, run_after=None
[2023-10-29T01:11:01.157+0000] {processor.py:179} INFO - Processing /usr/local/lib/python3.10/dist-packages/airflow/example_dags/example_sensor_decorator.py took 0.062 seconds
[2023-10-29T01:11:46.627+0000] {processor.py:157} INFO - Started process (PID=4653) to work on /usr/local/lib/python3.10/dist-packages/airflow/example_dags/example_sensor_decorator.py
[2023-10-29T01:11:46.629+0000] {processor.py:829} INFO - Processing file /usr/local/lib/python3.10/dist-packages/airflow/example_dags/example_sensor_decorator.py for tasks to queue
[2023-10-29T01:11:46.630+0000] {logging_mixin.py:151} INFO - [2023-10-29T01:11:46.629+0000] {dagbag.py:536} INFO - Filling up the DagBag from /usr/local/lib/python3.10/dist-packages/airflow/example_dags/example_sensor_decorator.py
[2023-10-29T01:11:46.636+0000] {processor.py:839} INFO - DAG(s) dict_keys(['example_sensor_decorator']) retrieved from /usr/local/lib/python3.10/dist-packages/airflow/example_dags/example_sensor_decorator.py
[2023-10-29T01:11:46.652+0000] {logging_mixin.py:151} INFO - [2023-10-29T01:11:46.652+0000] {dag.py:2941} INFO - Sync 1 DAGs
[2023-10-29T01:11:46.664+0000] {logging_mixin.py:151} INFO - [2023-10-29T01:11:46.664+0000] {dag.py:3722} INFO - Setting next_dagrun for example_sensor_decorator to None, run_after=None
[2023-10-29T01:11:46.686+0000] {processor.py:179} INFO - Processing /usr/local/lib/python3.10/dist-packages/airflow/example_dags/example_sensor_decorator.py took 0.062 seconds
[2023-10-29T01:12:33.159+0000] {processor.py:157} INFO - Started process (PID=4701) to work on /usr/local/lib/python3.10/dist-packages/airflow/example_dags/example_sensor_decorator.py
[2023-10-29T01:12:33.161+0000] {processor.py:829} INFO - Processing file /usr/local/lib/python3.10/dist-packages/airflow/example_dags/example_sensor_decorator.py for tasks to queue
[2023-10-29T01:12:33.162+0000] {logging_mixin.py:151} INFO - [2023-10-29T01:12:33.161+0000] {dagbag.py:536} INFO - Filling up the DagBag from /usr/local/lib/python3.10/dist-packages/airflow/example_dags/example_sensor_decorator.py
[2023-10-29T01:12:33.168+0000] {processor.py:839} INFO - DAG(s) dict_keys(['example_sensor_decorator']) retrieved from /usr/local/lib/python3.10/dist-packages/airflow/example_dags/example_sensor_decorator.py
[2023-10-29T01:12:33.185+0000] {logging_mixin.py:151} INFO - [2023-10-29T01:12:33.184+0000] {dag.py:2941} INFO - Sync 1 DAGs
[2023-10-29T01:12:33.196+0000] {logging_mixin.py:151} INFO - [2023-10-29T01:12:33.196+0000] {dag.py:3722} INFO - Setting next_dagrun for example_sensor_decorator to None, run_after=None
[2023-10-29T01:12:33.219+0000] {processor.py:179} INFO - Processing /usr/local/lib/python3.10/dist-packages/airflow/example_dags/example_sensor_decorator.py took 0.063 seconds
[2023-10-29T01:13:13.299+0000] {processor.py:157} INFO - Started process (PID=4749) to work on /usr/local/lib/python3.10/dist-packages/airflow/example_dags/example_sensor_decorator.py
[2023-10-29T01:13:13.300+0000] {processor.py:829} INFO - Processing file /usr/local/lib/python3.10/dist-packages/airflow/example_dags/example_sensor_decorator.py for tasks to queue
[2023-10-29T01:13:13.301+0000] {logging_mixin.py:151} INFO - [2023-10-29T01:13:13.301+0000] {dagbag.py:536} INFO - Filling up the DagBag from /usr/local/lib/python3.10/dist-packages/airflow/example_dags/example_sensor_decorator.py
[2023-10-29T01:13:13.308+0000] {processor.py:839} INFO - DAG(s) dict_keys(['example_sensor_decorator']) retrieved from /usr/local/lib/python3.10/dist-packages/airflow/example_dags/example_sensor_decorator.py
[2023-10-29T01:13:13.324+0000] {logging_mixin.py:151} INFO - [2023-10-29T01:13:13.324+0000] {dag.py:2941} INFO - Sync 1 DAGs
[2023-10-29T01:13:13.336+0000] {logging_mixin.py:151} INFO - [2023-10-29T01:13:13.336+0000] {dag.py:3722} INFO - Setting next_dagrun for example_sensor_decorator to None, run_after=None
[2023-10-29T01:13:13.358+0000] {processor.py:179} INFO - Processing /usr/local/lib/python3.10/dist-packages/airflow/example_dags/example_sensor_decorator.py took 0.062 seconds
[2023-10-29T01:13:55.333+0000] {processor.py:157} INFO - Started process (PID=4796) to work on /usr/local/lib/python3.10/dist-packages/airflow/example_dags/example_sensor_decorator.py
[2023-10-29T01:13:55.334+0000] {processor.py:829} INFO - Processing file /usr/local/lib/python3.10/dist-packages/airflow/example_dags/example_sensor_decorator.py for tasks to queue
[2023-10-29T01:13:55.335+0000] {logging_mixin.py:151} INFO - [2023-10-29T01:13:55.334+0000] {dagbag.py:536} INFO - Filling up the DagBag from /usr/local/lib/python3.10/dist-packages/airflow/example_dags/example_sensor_decorator.py
[2023-10-29T01:13:55.341+0000] {processor.py:839} INFO - DAG(s) dict_keys(['example_sensor_decorator']) retrieved from /usr/local/lib/python3.10/dist-packages/airflow/example_dags/example_sensor_decorator.py
[2023-10-29T01:13:55.357+0000] {logging_mixin.py:151} INFO - [2023-10-29T01:13:55.357+0000] {dag.py:2941} INFO - Sync 1 DAGs
[2023-10-29T01:13:55.369+0000] {logging_mixin.py:151} INFO - [2023-10-29T01:13:55.369+0000] {dag.py:3722} INFO - Setting next_dagrun for example_sensor_decorator to None, run_after=None
[2023-10-29T01:13:55.390+0000] {processor.py:179} INFO - Processing /usr/local/lib/python3.10/dist-packages/airflow/example_dags/example_sensor_decorator.py took 0.061 seconds
[2023-10-29T01:14:40.656+0000] {processor.py:157} INFO - Started process (PID=4844) to work on /usr/local/lib/python3.10/dist-packages/airflow/example_dags/example_sensor_decorator.py
[2023-10-29T01:14:40.657+0000] {processor.py:829} INFO - Processing file /usr/local/lib/python3.10/dist-packages/airflow/example_dags/example_sensor_decorator.py for tasks to queue
[2023-10-29T01:14:40.658+0000] {logging_mixin.py:151} INFO - [2023-10-29T01:14:40.657+0000] {dagbag.py:536} INFO - Filling up the DagBag from /usr/local/lib/python3.10/dist-packages/airflow/example_dags/example_sensor_decorator.py
[2023-10-29T01:14:40.664+0000] {processor.py:839} INFO - DAG(s) dict_keys(['example_sensor_decorator']) retrieved from /usr/local/lib/python3.10/dist-packages/airflow/example_dags/example_sensor_decorator.py
[2023-10-29T01:14:40.680+0000] {logging_mixin.py:151} INFO - [2023-10-29T01:14:40.680+0000] {dag.py:2941} INFO - Sync 1 DAGs
[2023-10-29T01:14:40.692+0000] {logging_mixin.py:151} INFO - [2023-10-29T01:14:40.692+0000] {dag.py:3722} INFO - Setting next_dagrun for example_sensor_decorator to None, run_after=None
[2023-10-29T01:14:40.713+0000] {processor.py:179} INFO - Processing /usr/local/lib/python3.10/dist-packages/airflow/example_dags/example_sensor_decorator.py took 0.061 seconds
[2023-10-29T01:15:24.408+0000] {processor.py:157} INFO - Started process (PID=4889) to work on /usr/local/lib/python3.10/dist-packages/airflow/example_dags/example_sensor_decorator.py
[2023-10-29T01:15:24.409+0000] {processor.py:829} INFO - Processing file /usr/local/lib/python3.10/dist-packages/airflow/example_dags/example_sensor_decorator.py for tasks to queue
[2023-10-29T01:15:24.410+0000] {logging_mixin.py:151} INFO - [2023-10-29T01:15:24.410+0000] {dagbag.py:536} INFO - Filling up the DagBag from /usr/local/lib/python3.10/dist-packages/airflow/example_dags/example_sensor_decorator.py
[2023-10-29T01:15:24.417+0000] {processor.py:839} INFO - DAG(s) dict_keys(['example_sensor_decorator']) retrieved from /usr/local/lib/python3.10/dist-packages/airflow/example_dags/example_sensor_decorator.py
[2023-10-29T01:15:24.433+0000] {logging_mixin.py:151} INFO - [2023-10-29T01:15:24.433+0000] {dag.py:2941} INFO - Sync 1 DAGs
[2023-10-29T01:15:24.445+0000] {logging_mixin.py:151} INFO - [2023-10-29T01:15:24.445+0000] {dag.py:3722} INFO - Setting next_dagrun for example_sensor_decorator to None, run_after=None
[2023-10-29T01:15:24.466+0000] {processor.py:179} INFO - Processing /usr/local/lib/python3.10/dist-packages/airflow/example_dags/example_sensor_decorator.py took 0.061 seconds
[2023-10-29T01:16:08.730+0000] {processor.py:157} INFO - Started process (PID=4935) to work on /usr/local/lib/python3.10/dist-packages/airflow/example_dags/example_sensor_decorator.py
[2023-10-29T01:16:08.732+0000] {processor.py:829} INFO - Processing file /usr/local/lib/python3.10/dist-packages/airflow/example_dags/example_sensor_decorator.py for tasks to queue
[2023-10-29T01:16:08.733+0000] {logging_mixin.py:151} INFO - [2023-10-29T01:16:08.732+0000] {dagbag.py:536} INFO - Filling up the DagBag from /usr/local/lib/python3.10/dist-packages/airflow/example_dags/example_sensor_decorator.py
[2023-10-29T01:16:08.739+0000] {processor.py:839} INFO - DAG(s) dict_keys(['example_sensor_decorator']) retrieved from /usr/local/lib/python3.10/dist-packages/airflow/example_dags/example_sensor_decorator.py
[2023-10-29T01:16:08.756+0000] {logging_mixin.py:151} INFO - [2023-10-29T01:16:08.756+0000] {dag.py:2941} INFO - Sync 1 DAGs
[2023-10-29T01:16:08.768+0000] {logging_mixin.py:151} INFO - [2023-10-29T01:16:08.768+0000] {dag.py:3722} INFO - Setting next_dagrun for example_sensor_decorator to None, run_after=None
[2023-10-29T01:16:08.790+0000] {processor.py:179} INFO - Processing /usr/local/lib/python3.10/dist-packages/airflow/example_dags/example_sensor_decorator.py took 0.062 seconds
[2023-10-29T01:16:57.018+0000] {processor.py:157} INFO - Started process (PID=4984) to work on /usr/local/lib/python3.10/dist-packages/airflow/example_dags/example_sensor_decorator.py
[2023-10-29T01:16:57.019+0000] {processor.py:829} INFO - Processing file /usr/local/lib/python3.10/dist-packages/airflow/example_dags/example_sensor_decorator.py for tasks to queue
[2023-10-29T01:16:57.020+0000] {logging_mixin.py:151} INFO - [2023-10-29T01:16:57.019+0000] {dagbag.py:536} INFO - Filling up the DagBag from /usr/local/lib/python3.10/dist-packages/airflow/example_dags/example_sensor_decorator.py
[2023-10-29T01:16:57.026+0000] {processor.py:839} INFO - DAG(s) dict_keys(['example_sensor_decorator']) retrieved from /usr/local/lib/python3.10/dist-packages/airflow/example_dags/example_sensor_decorator.py
[2023-10-29T01:16:57.043+0000] {logging_mixin.py:151} INFO - [2023-10-29T01:16:57.042+0000] {dag.py:2941} INFO - Sync 1 DAGs
[2023-10-29T01:16:57.055+0000] {logging_mixin.py:151} INFO - [2023-10-29T01:16:57.055+0000] {dag.py:3722} INFO - Setting next_dagrun for example_sensor_decorator to None, run_after=None
[2023-10-29T01:16:57.076+0000] {processor.py:179} INFO - Processing /usr/local/lib/python3.10/dist-packages/airflow/example_dags/example_sensor_decorator.py took 0.062 seconds
[2023-10-29T01:17:43.744+0000] {processor.py:157} INFO - Started process (PID=5034) to work on /usr/local/lib/python3.10/dist-packages/airflow/example_dags/example_sensor_decorator.py
[2023-10-29T01:17:43.745+0000] {processor.py:829} INFO - Processing file /usr/local/lib/python3.10/dist-packages/airflow/example_dags/example_sensor_decorator.py for tasks to queue
[2023-10-29T01:17:43.746+0000] {logging_mixin.py:151} INFO - [2023-10-29T01:17:43.745+0000] {dagbag.py:536} INFO - Filling up the DagBag from /usr/local/lib/python3.10/dist-packages/airflow/example_dags/example_sensor_decorator.py
[2023-10-29T01:17:43.752+0000] {processor.py:839} INFO - DAG(s) dict_keys(['example_sensor_decorator']) retrieved from /usr/local/lib/python3.10/dist-packages/airflow/example_dags/example_sensor_decorator.py
[2023-10-29T01:17:43.769+0000] {logging_mixin.py:151} INFO - [2023-10-29T01:17:43.768+0000] {dag.py:2941} INFO - Sync 1 DAGs
[2023-10-29T01:17:43.780+0000] {logging_mixin.py:151} INFO - [2023-10-29T01:17:43.780+0000] {dag.py:3722} INFO - Setting next_dagrun for example_sensor_decorator to None, run_after=None
[2023-10-29T01:17:43.801+0000] {processor.py:179} INFO - Processing /usr/local/lib/python3.10/dist-packages/airflow/example_dags/example_sensor_decorator.py took 0.061 seconds
[2023-10-29T01:18:29.249+0000] {processor.py:157} INFO - Started process (PID=5081) to work on /usr/local/lib/python3.10/dist-packages/airflow/example_dags/example_sensor_decorator.py
[2023-10-29T01:18:29.250+0000] {processor.py:829} INFO - Processing file /usr/local/lib/python3.10/dist-packages/airflow/example_dags/example_sensor_decorator.py for tasks to queue
[2023-10-29T01:18:29.251+0000] {logging_mixin.py:151} INFO - [2023-10-29T01:18:29.251+0000] {dagbag.py:536} INFO - Filling up the DagBag from /usr/local/lib/python3.10/dist-packages/airflow/example_dags/example_sensor_decorator.py
[2023-10-29T01:18:29.258+0000] {processor.py:839} INFO - DAG(s) dict_keys(['example_sensor_decorator']) retrieved from /usr/local/lib/python3.10/dist-packages/airflow/example_dags/example_sensor_decorator.py
[2023-10-29T01:18:29.274+0000] {logging_mixin.py:151} INFO - [2023-10-29T01:18:29.274+0000] {dag.py:2941} INFO - Sync 1 DAGs
[2023-10-29T01:18:29.286+0000] {logging_mixin.py:151} INFO - [2023-10-29T01:18:29.286+0000] {dag.py:3722} INFO - Setting next_dagrun for example_sensor_decorator to None, run_after=None
[2023-10-29T01:18:29.308+0000] {processor.py:179} INFO - Processing /usr/local/lib/python3.10/dist-packages/airflow/example_dags/example_sensor_decorator.py took 0.062 seconds
[2023-10-29T01:19:16.473+0000] {processor.py:157} INFO - Started process (PID=5128) to work on /usr/local/lib/python3.10/dist-packages/airflow/example_dags/example_sensor_decorator.py
[2023-10-29T01:19:16.474+0000] {processor.py:829} INFO - Processing file /usr/local/lib/python3.10/dist-packages/airflow/example_dags/example_sensor_decorator.py for tasks to queue
[2023-10-29T01:19:16.475+0000] {logging_mixin.py:151} INFO - [2023-10-29T01:19:16.474+0000] {dagbag.py:536} INFO - Filling up the DagBag from /usr/local/lib/python3.10/dist-packages/airflow/example_dags/example_sensor_decorator.py
[2023-10-29T01:19:16.481+0000] {processor.py:839} INFO - DAG(s) dict_keys(['example_sensor_decorator']) retrieved from /usr/local/lib/python3.10/dist-packages/airflow/example_dags/example_sensor_decorator.py
[2023-10-29T01:19:16.498+0000] {logging_mixin.py:151} INFO - [2023-10-29T01:19:16.498+0000] {dag.py:2941} INFO - Sync 1 DAGs
[2023-10-29T01:19:16.511+0000] {logging_mixin.py:151} INFO - [2023-10-29T01:19:16.510+0000] {dag.py:3722} INFO - Setting next_dagrun for example_sensor_decorator to None, run_after=None
[2023-10-29T01:19:16.532+0000] {processor.py:179} INFO - Processing /usr/local/lib/python3.10/dist-packages/airflow/example_dags/example_sensor_decorator.py took 0.062 seconds
[2023-10-29T01:20:05.391+0000] {processor.py:157} INFO - Started process (PID=5179) to work on /usr/local/lib/python3.10/dist-packages/airflow/example_dags/example_sensor_decorator.py
[2023-10-29T01:20:05.392+0000] {processor.py:829} INFO - Processing file /usr/local/lib/python3.10/dist-packages/airflow/example_dags/example_sensor_decorator.py for tasks to queue
[2023-10-29T01:20:05.393+0000] {logging_mixin.py:151} INFO - [2023-10-29T01:20:05.392+0000] {dagbag.py:536} INFO - Filling up the DagBag from /usr/local/lib/python3.10/dist-packages/airflow/example_dags/example_sensor_decorator.py
[2023-10-29T01:20:05.399+0000] {processor.py:839} INFO - DAG(s) dict_keys(['example_sensor_decorator']) retrieved from /usr/local/lib/python3.10/dist-packages/airflow/example_dags/example_sensor_decorator.py
[2023-10-29T01:20:05.416+0000] {logging_mixin.py:151} INFO - [2023-10-29T01:20:05.415+0000] {dag.py:2941} INFO - Sync 1 DAGs
[2023-10-29T01:20:05.428+0000] {logging_mixin.py:151} INFO - [2023-10-29T01:20:05.427+0000] {dag.py:3722} INFO - Setting next_dagrun for example_sensor_decorator to None, run_after=None
[2023-10-29T01:20:05.450+0000] {processor.py:179} INFO - Processing /usr/local/lib/python3.10/dist-packages/airflow/example_dags/example_sensor_decorator.py took 0.063 seconds
[2023-10-29T01:20:50.701+0000] {processor.py:157} INFO - Started process (PID=5225) to work on /usr/local/lib/python3.10/dist-packages/airflow/example_dags/example_sensor_decorator.py
[2023-10-29T01:20:50.702+0000] {processor.py:829} INFO - Processing file /usr/local/lib/python3.10/dist-packages/airflow/example_dags/example_sensor_decorator.py for tasks to queue
[2023-10-29T01:20:50.703+0000] {logging_mixin.py:151} INFO - [2023-10-29T01:20:50.702+0000] {dagbag.py:536} INFO - Filling up the DagBag from /usr/local/lib/python3.10/dist-packages/airflow/example_dags/example_sensor_decorator.py
[2023-10-29T01:20:50.709+0000] {processor.py:839} INFO - DAG(s) dict_keys(['example_sensor_decorator']) retrieved from /usr/local/lib/python3.10/dist-packages/airflow/example_dags/example_sensor_decorator.py
[2023-10-29T01:20:50.726+0000] {logging_mixin.py:151} INFO - [2023-10-29T01:20:50.726+0000] {dag.py:2941} INFO - Sync 1 DAGs
[2023-10-29T01:20:50.738+0000] {logging_mixin.py:151} INFO - [2023-10-29T01:20:50.738+0000] {dag.py:3722} INFO - Setting next_dagrun for example_sensor_decorator to None, run_after=None
[2023-10-29T01:20:50.759+0000] {processor.py:179} INFO - Processing /usr/local/lib/python3.10/dist-packages/airflow/example_dags/example_sensor_decorator.py took 0.062 seconds
[2023-10-29T01:21:36.224+0000] {processor.py:157} INFO - Started process (PID=5272) to work on /usr/local/lib/python3.10/dist-packages/airflow/example_dags/example_sensor_decorator.py
[2023-10-29T01:21:36.225+0000] {processor.py:829} INFO - Processing file /usr/local/lib/python3.10/dist-packages/airflow/example_dags/example_sensor_decorator.py for tasks to queue
[2023-10-29T01:21:36.226+0000] {logging_mixin.py:151} INFO - [2023-10-29T01:21:36.226+0000] {dagbag.py:536} INFO - Filling up the DagBag from /usr/local/lib/python3.10/dist-packages/airflow/example_dags/example_sensor_decorator.py
[2023-10-29T01:21:36.232+0000] {processor.py:839} INFO - DAG(s) dict_keys(['example_sensor_decorator']) retrieved from /usr/local/lib/python3.10/dist-packages/airflow/example_dags/example_sensor_decorator.py
[2023-10-29T01:21:36.249+0000] {logging_mixin.py:151} INFO - [2023-10-29T01:21:36.248+0000] {dag.py:2941} INFO - Sync 1 DAGs
[2023-10-29T01:21:36.260+0000] {logging_mixin.py:151} INFO - [2023-10-29T01:21:36.260+0000] {dag.py:3722} INFO - Setting next_dagrun for example_sensor_decorator to None, run_after=None
[2023-10-29T01:21:36.282+0000] {processor.py:179} INFO - Processing /usr/local/lib/python3.10/dist-packages/airflow/example_dags/example_sensor_decorator.py took 0.061 seconds
[2023-10-29T01:22:25.629+0000] {processor.py:157} INFO - Started process (PID=5324) to work on /usr/local/lib/python3.10/dist-packages/airflow/example_dags/example_sensor_decorator.py
[2023-10-29T01:22:25.630+0000] {processor.py:829} INFO - Processing file /usr/local/lib/python3.10/dist-packages/airflow/example_dags/example_sensor_decorator.py for tasks to queue
[2023-10-29T01:22:25.631+0000] {logging_mixin.py:151} INFO - [2023-10-29T01:22:25.631+0000] {dagbag.py:536} INFO - Filling up the DagBag from /usr/local/lib/python3.10/dist-packages/airflow/example_dags/example_sensor_decorator.py
[2023-10-29T01:22:25.637+0000] {processor.py:839} INFO - DAG(s) dict_keys(['example_sensor_decorator']) retrieved from /usr/local/lib/python3.10/dist-packages/airflow/example_dags/example_sensor_decorator.py
[2023-10-29T01:22:25.654+0000] {logging_mixin.py:151} INFO - [2023-10-29T01:22:25.654+0000] {dag.py:2941} INFO - Sync 1 DAGs
[2023-10-29T01:22:25.666+0000] {logging_mixin.py:151} INFO - [2023-10-29T01:22:25.665+0000] {dag.py:3722} INFO - Setting next_dagrun for example_sensor_decorator to None, run_after=None
[2023-10-29T01:22:25.687+0000] {processor.py:179} INFO - Processing /usr/local/lib/python3.10/dist-packages/airflow/example_dags/example_sensor_decorator.py took 0.061 seconds
[2023-10-29T01:23:12.263+0000] {processor.py:157} INFO - Started process (PID=5372) to work on /usr/local/lib/python3.10/dist-packages/airflow/example_dags/example_sensor_decorator.py
[2023-10-29T01:23:12.264+0000] {processor.py:829} INFO - Processing file /usr/local/lib/python3.10/dist-packages/airflow/example_dags/example_sensor_decorator.py for tasks to queue
[2023-10-29T01:23:12.265+0000] {logging_mixin.py:151} INFO - [2023-10-29T01:23:12.265+0000] {dagbag.py:536} INFO - Filling up the DagBag from /usr/local/lib/python3.10/dist-packages/airflow/example_dags/example_sensor_decorator.py
[2023-10-29T01:23:12.272+0000] {processor.py:839} INFO - DAG(s) dict_keys(['example_sensor_decorator']) retrieved from /usr/local/lib/python3.10/dist-packages/airflow/example_dags/example_sensor_decorator.py
[2023-10-29T01:23:12.288+0000] {logging_mixin.py:151} INFO - [2023-10-29T01:23:12.288+0000] {dag.py:2941} INFO - Sync 1 DAGs
[2023-10-29T01:23:12.299+0000] {logging_mixin.py:151} INFO - [2023-10-29T01:23:12.299+0000] {dag.py:3722} INFO - Setting next_dagrun for example_sensor_decorator to None, run_after=None
[2023-10-29T01:23:12.320+0000] {processor.py:179} INFO - Processing /usr/local/lib/python3.10/dist-packages/airflow/example_dags/example_sensor_decorator.py took 0.060 seconds
[2023-10-29T01:24:03.789+0000] {processor.py:157} INFO - Started process (PID=5423) to work on /usr/local/lib/python3.10/dist-packages/airflow/example_dags/example_sensor_decorator.py
[2023-10-29T01:24:03.790+0000] {processor.py:829} INFO - Processing file /usr/local/lib/python3.10/dist-packages/airflow/example_dags/example_sensor_decorator.py for tasks to queue
[2023-10-29T01:24:03.791+0000] {logging_mixin.py:151} INFO - [2023-10-29T01:24:03.790+0000] {dagbag.py:536} INFO - Filling up the DagBag from /usr/local/lib/python3.10/dist-packages/airflow/example_dags/example_sensor_decorator.py
[2023-10-29T01:24:03.798+0000] {processor.py:839} INFO - DAG(s) dict_keys(['example_sensor_decorator']) retrieved from /usr/local/lib/python3.10/dist-packages/airflow/example_dags/example_sensor_decorator.py
[2023-10-29T01:24:03.814+0000] {logging_mixin.py:151} INFO - [2023-10-29T01:24:03.814+0000] {dag.py:2941} INFO - Sync 1 DAGs
[2023-10-29T01:24:03.826+0000] {logging_mixin.py:151} INFO - [2023-10-29T01:24:03.825+0000] {dag.py:3722} INFO - Setting next_dagrun for example_sensor_decorator to None, run_after=None
[2023-10-29T01:24:03.848+0000] {processor.py:179} INFO - Processing /usr/local/lib/python3.10/dist-packages/airflow/example_dags/example_sensor_decorator.py took 0.063 seconds
[2023-10-29T01:24:54.224+0000] {processor.py:157} INFO - Started process (PID=5474) to work on /usr/local/lib/python3.10/dist-packages/airflow/example_dags/example_sensor_decorator.py
[2023-10-29T01:24:54.225+0000] {processor.py:829} INFO - Processing file /usr/local/lib/python3.10/dist-packages/airflow/example_dags/example_sensor_decorator.py for tasks to queue
[2023-10-29T01:24:54.226+0000] {logging_mixin.py:151} INFO - [2023-10-29T01:24:54.226+0000] {dagbag.py:536} INFO - Filling up the DagBag from /usr/local/lib/python3.10/dist-packages/airflow/example_dags/example_sensor_decorator.py
[2023-10-29T01:24:54.233+0000] {processor.py:839} INFO - DAG(s) dict_keys(['example_sensor_decorator']) retrieved from /usr/local/lib/python3.10/dist-packages/airflow/example_dags/example_sensor_decorator.py
[2023-10-29T01:24:54.249+0000] {logging_mixin.py:151} INFO - [2023-10-29T01:24:54.249+0000] {dag.py:2941} INFO - Sync 1 DAGs
[2023-10-29T01:24:54.261+0000] {logging_mixin.py:151} INFO - [2023-10-29T01:24:54.261+0000] {dag.py:3722} INFO - Setting next_dagrun for example_sensor_decorator to None, run_after=None
[2023-10-29T01:24:54.283+0000] {processor.py:179} INFO - Processing /usr/local/lib/python3.10/dist-packages/airflow/example_dags/example_sensor_decorator.py took 0.063 seconds
