[2023-10-29T01:01:13.649+0000] {processor.py:157} INFO - Started process (PID=3623) to work on /usr/local/lib/python3.10/dist-packages/airflow/example_dags/example_short_circuit_decorator.py
[2023-10-29T01:01:13.650+0000] {processor.py:829} INFO - Processing file /usr/local/lib/python3.10/dist-packages/airflow/example_dags/example_short_circuit_decorator.py for tasks to queue
[2023-10-29T01:01:13.651+0000] {logging_mixin.py:151} INFO - [2023-10-29T01:01:13.650+0000] {dagbag.py:536} INFO - Filling up the DagBag from /usr/local/lib/python3.10/dist-packages/airflow/example_dags/example_short_circuit_decorator.py
[2023-10-29T01:01:13.664+0000] {processor.py:839} INFO - DAG(s) dict_keys(['example_short_circuit_decorator']) retrieved from /usr/local/lib/python3.10/dist-packages/airflow/example_dags/example_short_circuit_decorator.py
[2023-10-29T01:01:13.874+0000] {logging_mixin.py:151} INFO - [2023-10-29T01:01:13.873+0000] {manager.py:499} INFO - Created Permission View: %s
[2023-10-29T01:01:13.886+0000] {logging_mixin.py:151} INFO - [2023-10-29T01:01:13.886+0000] {manager.py:499} INFO - Created Permission View: %s
[2023-10-29T01:01:13.897+0000] {logging_mixin.py:151} INFO - [2023-10-29T01:01:13.897+0000] {manager.py:499} INFO - Created Permission View: %s
[2023-10-29T01:01:13.897+0000] {logging_mixin.py:151} INFO - [2023-10-29T01:01:13.897+0000] {dag.py:2941} INFO - Sync 1 DAGs
[2023-10-29T01:01:13.907+0000] {logging_mixin.py:151} INFO - [2023-10-29T01:01:13.907+0000] {dag.py:2963} INFO - Creating ORM DAG for example_short_circuit_decorator
[2023-10-29T01:01:13.915+0000] {logging_mixin.py:151} INFO - [2023-10-29T01:01:13.915+0000] {dag.py:3722} INFO - Setting next_dagrun for example_short_circuit_decorator to 2023-10-28T01:01:13.915111+00:00, run_after=2023-10-29T01:01:13.915111+00:00
[2023-10-29T01:01:13.937+0000] {processor.py:179} INFO - Processing /usr/local/lib/python3.10/dist-packages/airflow/example_dags/example_short_circuit_decorator.py took 0.291 seconds
[2023-10-29T01:02:03.326+0000] {processor.py:157} INFO - Started process (PID=3674) to work on /usr/local/lib/python3.10/dist-packages/airflow/example_dags/example_short_circuit_decorator.py
[2023-10-29T01:02:03.327+0000] {processor.py:829} INFO - Processing file /usr/local/lib/python3.10/dist-packages/airflow/example_dags/example_short_circuit_decorator.py for tasks to queue
[2023-10-29T01:02:03.328+0000] {logging_mixin.py:151} INFO - [2023-10-29T01:02:03.328+0000] {dagbag.py:536} INFO - Filling up the DagBag from /usr/local/lib/python3.10/dist-packages/airflow/example_dags/example_short_circuit_decorator.py
[2023-10-29T01:02:03.339+0000] {processor.py:839} INFO - DAG(s) dict_keys(['example_short_circuit_decorator']) retrieved from /usr/local/lib/python3.10/dist-packages/airflow/example_dags/example_short_circuit_decorator.py
[2023-10-29T01:02:03.359+0000] {logging_mixin.py:151} INFO - [2023-10-29T01:02:03.359+0000] {dag.py:2941} INFO - Sync 1 DAGs
[2023-10-29T01:02:03.381+0000] {logging_mixin.py:151} INFO - [2023-10-29T01:02:03.381+0000] {dag.py:3722} INFO - Setting next_dagrun for example_short_circuit_decorator to 2023-10-28T01:02:03.380987+00:00, run_after=2023-10-29T01:02:03.380987+00:00
[2023-10-29T01:02:03.406+0000] {processor.py:179} INFO - Processing /usr/local/lib/python3.10/dist-packages/airflow/example_dags/example_short_circuit_decorator.py took 0.083 seconds
[2023-10-29T01:02:49.563+0000] {processor.py:157} INFO - Started process (PID=3720) to work on /usr/local/lib/python3.10/dist-packages/airflow/example_dags/example_short_circuit_decorator.py
[2023-10-29T01:02:49.564+0000] {processor.py:829} INFO - Processing file /usr/local/lib/python3.10/dist-packages/airflow/example_dags/example_short_circuit_decorator.py for tasks to queue
[2023-10-29T01:02:49.565+0000] {logging_mixin.py:151} INFO - [2023-10-29T01:02:49.565+0000] {dagbag.py:536} INFO - Filling up the DagBag from /usr/local/lib/python3.10/dist-packages/airflow/example_dags/example_short_circuit_decorator.py
[2023-10-29T01:02:49.576+0000] {processor.py:839} INFO - DAG(s) dict_keys(['example_short_circuit_decorator']) retrieved from /usr/local/lib/python3.10/dist-packages/airflow/example_dags/example_short_circuit_decorator.py
[2023-10-29T01:02:49.595+0000] {logging_mixin.py:151} INFO - [2023-10-29T01:02:49.594+0000] {dag.py:2941} INFO - Sync 1 DAGs
[2023-10-29T01:02:49.615+0000] {logging_mixin.py:151} INFO - [2023-10-29T01:02:49.614+0000] {dag.py:3722} INFO - Setting next_dagrun for example_short_circuit_decorator to 2023-10-28T01:02:49.614585+00:00, run_after=2023-10-29T01:02:49.614585+00:00
[2023-10-29T01:02:49.636+0000] {processor.py:179} INFO - Processing /usr/local/lib/python3.10/dist-packages/airflow/example_dags/example_short_circuit_decorator.py took 0.076 seconds
[2023-10-29T01:03:28.968+0000] {processor.py:157} INFO - Started process (PID=3763) to work on /usr/local/lib/python3.10/dist-packages/airflow/example_dags/example_short_circuit_decorator.py
[2023-10-29T01:03:28.970+0000] {processor.py:829} INFO - Processing file /usr/local/lib/python3.10/dist-packages/airflow/example_dags/example_short_circuit_decorator.py for tasks to queue
[2023-10-29T01:03:28.971+0000] {logging_mixin.py:151} INFO - [2023-10-29T01:03:28.970+0000] {dagbag.py:536} INFO - Filling up the DagBag from /usr/local/lib/python3.10/dist-packages/airflow/example_dags/example_short_circuit_decorator.py
[2023-10-29T01:03:28.981+0000] {processor.py:839} INFO - DAG(s) dict_keys(['example_short_circuit_decorator']) retrieved from /usr/local/lib/python3.10/dist-packages/airflow/example_dags/example_short_circuit_decorator.py
[2023-10-29T01:03:29.000+0000] {logging_mixin.py:151} INFO - [2023-10-29T01:03:29.000+0000] {dag.py:2941} INFO - Sync 1 DAGs
[2023-10-29T01:03:29.020+0000] {logging_mixin.py:151} INFO - [2023-10-29T01:03:29.020+0000] {dag.py:3722} INFO - Setting next_dagrun for example_short_circuit_decorator to 2023-10-28T01:03:29.020397+00:00, run_after=2023-10-29T01:03:29.020397+00:00
[2023-10-29T01:03:29.042+0000] {processor.py:179} INFO - Processing /usr/local/lib/python3.10/dist-packages/airflow/example_dags/example_short_circuit_decorator.py took 0.077 seconds
[2023-10-29T01:04:12.403+0000] {processor.py:157} INFO - Started process (PID=3809) to work on /usr/local/lib/python3.10/dist-packages/airflow/example_dags/example_short_circuit_decorator.py
[2023-10-29T01:04:12.404+0000] {processor.py:829} INFO - Processing file /usr/local/lib/python3.10/dist-packages/airflow/example_dags/example_short_circuit_decorator.py for tasks to queue
[2023-10-29T01:04:12.405+0000] {logging_mixin.py:151} INFO - [2023-10-29T01:04:12.405+0000] {dagbag.py:536} INFO - Filling up the DagBag from /usr/local/lib/python3.10/dist-packages/airflow/example_dags/example_short_circuit_decorator.py
[2023-10-29T01:04:12.416+0000] {processor.py:839} INFO - DAG(s) dict_keys(['example_short_circuit_decorator']) retrieved from /usr/local/lib/python3.10/dist-packages/airflow/example_dags/example_short_circuit_decorator.py
[2023-10-29T01:04:12.435+0000] {logging_mixin.py:151} INFO - [2023-10-29T01:04:12.435+0000] {dag.py:2941} INFO - Sync 1 DAGs
[2023-10-29T01:04:12.455+0000] {logging_mixin.py:151} INFO - [2023-10-29T01:04:12.455+0000] {dag.py:3722} INFO - Setting next_dagrun for example_short_circuit_decorator to 2023-10-28T01:04:12.455184+00:00, run_after=2023-10-29T01:04:12.455184+00:00
[2023-10-29T01:04:12.478+0000] {processor.py:179} INFO - Processing /usr/local/lib/python3.10/dist-packages/airflow/example_dags/example_short_circuit_decorator.py took 0.078 seconds
[2023-10-29T01:04:53.154+0000] {processor.py:157} INFO - Started process (PID=3851) to work on /usr/local/lib/python3.10/dist-packages/airflow/example_dags/example_short_circuit_decorator.py
[2023-10-29T01:04:53.156+0000] {processor.py:829} INFO - Processing file /usr/local/lib/python3.10/dist-packages/airflow/example_dags/example_short_circuit_decorator.py for tasks to queue
[2023-10-29T01:04:53.156+0000] {logging_mixin.py:151} INFO - [2023-10-29T01:04:53.156+0000] {dagbag.py:536} INFO - Filling up the DagBag from /usr/local/lib/python3.10/dist-packages/airflow/example_dags/example_short_circuit_decorator.py
[2023-10-29T01:04:53.167+0000] {processor.py:839} INFO - DAG(s) dict_keys(['example_short_circuit_decorator']) retrieved from /usr/local/lib/python3.10/dist-packages/airflow/example_dags/example_short_circuit_decorator.py
[2023-10-29T01:04:53.186+0000] {logging_mixin.py:151} INFO - [2023-10-29T01:04:53.185+0000] {dag.py:2941} INFO - Sync 1 DAGs
[2023-10-29T01:04:53.206+0000] {logging_mixin.py:151} INFO - [2023-10-29T01:04:53.205+0000] {dag.py:3722} INFO - Setting next_dagrun for example_short_circuit_decorator to 2023-10-28T01:04:53.205766+00:00, run_after=2023-10-29T01:04:53.205766+00:00
[2023-10-29T01:04:53.228+0000] {processor.py:179} INFO - Processing /usr/local/lib/python3.10/dist-packages/airflow/example_dags/example_short_circuit_decorator.py took 0.076 seconds
[2023-10-29T01:05:38.715+0000] {processor.py:157} INFO - Started process (PID=3899) to work on /usr/local/lib/python3.10/dist-packages/airflow/example_dags/example_short_circuit_decorator.py
[2023-10-29T01:05:38.717+0000] {processor.py:829} INFO - Processing file /usr/local/lib/python3.10/dist-packages/airflow/example_dags/example_short_circuit_decorator.py for tasks to queue
[2023-10-29T01:05:38.718+0000] {logging_mixin.py:151} INFO - [2023-10-29T01:05:38.717+0000] {dagbag.py:536} INFO - Filling up the DagBag from /usr/local/lib/python3.10/dist-packages/airflow/example_dags/example_short_circuit_decorator.py
[2023-10-29T01:05:38.728+0000] {processor.py:839} INFO - DAG(s) dict_keys(['example_short_circuit_decorator']) retrieved from /usr/local/lib/python3.10/dist-packages/airflow/example_dags/example_short_circuit_decorator.py
[2023-10-29T01:05:38.747+0000] {logging_mixin.py:151} INFO - [2023-10-29T01:05:38.747+0000] {dag.py:2941} INFO - Sync 1 DAGs
[2023-10-29T01:05:38.768+0000] {logging_mixin.py:151} INFO - [2023-10-29T01:05:38.767+0000] {dag.py:3722} INFO - Setting next_dagrun for example_short_circuit_decorator to 2023-10-28T01:05:38.767551+00:00, run_after=2023-10-29T01:05:38.767551+00:00
[2023-10-29T01:05:38.790+0000] {processor.py:179} INFO - Processing /usr/local/lib/python3.10/dist-packages/airflow/example_dags/example_short_circuit_decorator.py took 0.077 seconds
[2023-10-29T01:06:23.777+0000] {processor.py:157} INFO - Started process (PID=3947) to work on /usr/local/lib/python3.10/dist-packages/airflow/example_dags/example_short_circuit_decorator.py
[2023-10-29T01:06:23.778+0000] {processor.py:829} INFO - Processing file /usr/local/lib/python3.10/dist-packages/airflow/example_dags/example_short_circuit_decorator.py for tasks to queue
[2023-10-29T01:06:23.779+0000] {logging_mixin.py:151} INFO - [2023-10-29T01:06:23.779+0000] {dagbag.py:536} INFO - Filling up the DagBag from /usr/local/lib/python3.10/dist-packages/airflow/example_dags/example_short_circuit_decorator.py
[2023-10-29T01:06:23.789+0000] {processor.py:839} INFO - DAG(s) dict_keys(['example_short_circuit_decorator']) retrieved from /usr/local/lib/python3.10/dist-packages/airflow/example_dags/example_short_circuit_decorator.py
[2023-10-29T01:06:23.809+0000] {logging_mixin.py:151} INFO - [2023-10-29T01:06:23.809+0000] {dag.py:2941} INFO - Sync 1 DAGs
[2023-10-29T01:06:23.830+0000] {logging_mixin.py:151} INFO - [2023-10-29T01:06:23.829+0000] {dag.py:3722} INFO - Setting next_dagrun for example_short_circuit_decorator to 2023-10-28T01:06:23.829567+00:00, run_after=2023-10-29T01:06:23.829567+00:00
[2023-10-29T01:06:23.852+0000] {processor.py:179} INFO - Processing /usr/local/lib/python3.10/dist-packages/airflow/example_dags/example_short_circuit_decorator.py took 0.078 seconds
[2023-10-29T01:07:05.851+0000] {processor.py:157} INFO - Started process (PID=3993) to work on /usr/local/lib/python3.10/dist-packages/airflow/example_dags/example_short_circuit_decorator.py
[2023-10-29T01:07:05.852+0000] {processor.py:829} INFO - Processing file /usr/local/lib/python3.10/dist-packages/airflow/example_dags/example_short_circuit_decorator.py for tasks to queue
[2023-10-29T01:07:05.853+0000] {logging_mixin.py:151} INFO - [2023-10-29T01:07:05.852+0000] {dagbag.py:536} INFO - Filling up the DagBag from /usr/local/lib/python3.10/dist-packages/airflow/example_dags/example_short_circuit_decorator.py
[2023-10-29T01:07:05.864+0000] {processor.py:839} INFO - DAG(s) dict_keys(['example_short_circuit_decorator']) retrieved from /usr/local/lib/python3.10/dist-packages/airflow/example_dags/example_short_circuit_decorator.py
[2023-10-29T01:07:05.882+0000] {logging_mixin.py:151} INFO - [2023-10-29T01:07:05.882+0000] {dag.py:2941} INFO - Sync 1 DAGs
[2023-10-29T01:07:05.902+0000] {logging_mixin.py:151} INFO - [2023-10-29T01:07:05.902+0000] {dag.py:3722} INFO - Setting next_dagrun for example_short_circuit_decorator to 2023-10-28T01:07:05.901816+00:00, run_after=2023-10-29T01:07:05.901816+00:00
[2023-10-29T01:07:05.923+0000] {processor.py:179} INFO - Processing /usr/local/lib/python3.10/dist-packages/airflow/example_dags/example_short_circuit_decorator.py took 0.075 seconds
[2023-10-29T01:07:47.027+0000] {processor.py:157} INFO - Started process (PID=4034) to work on /usr/local/lib/python3.10/dist-packages/airflow/example_dags/example_short_circuit_decorator.py
[2023-10-29T01:07:47.029+0000] {processor.py:829} INFO - Processing file /usr/local/lib/python3.10/dist-packages/airflow/example_dags/example_short_circuit_decorator.py for tasks to queue
[2023-10-29T01:07:47.030+0000] {logging_mixin.py:151} INFO - [2023-10-29T01:07:47.029+0000] {dagbag.py:536} INFO - Filling up the DagBag from /usr/local/lib/python3.10/dist-packages/airflow/example_dags/example_short_circuit_decorator.py
[2023-10-29T01:07:47.040+0000] {processor.py:839} INFO - DAG(s) dict_keys(['example_short_circuit_decorator']) retrieved from /usr/local/lib/python3.10/dist-packages/airflow/example_dags/example_short_circuit_decorator.py
[2023-10-29T01:07:47.059+0000] {logging_mixin.py:151} INFO - [2023-10-29T01:07:47.059+0000] {dag.py:2941} INFO - Sync 1 DAGs
[2023-10-29T01:07:47.079+0000] {logging_mixin.py:151} INFO - [2023-10-29T01:07:47.079+0000] {dag.py:3722} INFO - Setting next_dagrun for example_short_circuit_decorator to 2023-10-28T01:07:47.079072+00:00, run_after=2023-10-29T01:07:47.079072+00:00
[2023-10-29T01:07:47.101+0000] {processor.py:179} INFO - Processing /usr/local/lib/python3.10/dist-packages/airflow/example_dags/example_short_circuit_decorator.py took 0.077 seconds
[2023-10-29T01:08:35.017+0000] {processor.py:157} INFO - Started process (PID=4083) to work on /usr/local/lib/python3.10/dist-packages/airflow/example_dags/example_short_circuit_decorator.py
[2023-10-29T01:08:35.018+0000] {processor.py:829} INFO - Processing file /usr/local/lib/python3.10/dist-packages/airflow/example_dags/example_short_circuit_decorator.py for tasks to queue
[2023-10-29T01:08:35.019+0000] {logging_mixin.py:151} INFO - [2023-10-29T01:08:35.019+0000] {dagbag.py:536} INFO - Filling up the DagBag from /usr/local/lib/python3.10/dist-packages/airflow/example_dags/example_short_circuit_decorator.py
[2023-10-29T01:08:35.029+0000] {processor.py:839} INFO - DAG(s) dict_keys(['example_short_circuit_decorator']) retrieved from /usr/local/lib/python3.10/dist-packages/airflow/example_dags/example_short_circuit_decorator.py
[2023-10-29T01:08:35.048+0000] {logging_mixin.py:151} INFO - [2023-10-29T01:08:35.048+0000] {dag.py:2941} INFO - Sync 1 DAGs
[2023-10-29T01:08:35.068+0000] {logging_mixin.py:151} INFO - [2023-10-29T01:08:35.068+0000] {dag.py:3722} INFO - Setting next_dagrun for example_short_circuit_decorator to 2023-10-28T01:08:35.068256+00:00, run_after=2023-10-29T01:08:35.068256+00:00
[2023-10-29T01:08:35.091+0000] {processor.py:179} INFO - Processing /usr/local/lib/python3.10/dist-packages/airflow/example_dags/example_short_circuit_decorator.py took 0.077 seconds
[2023-10-29T01:09:22.864+0000] {processor.py:157} INFO - Started process (PID=4131) to work on /usr/local/lib/python3.10/dist-packages/airflow/example_dags/example_short_circuit_decorator.py
[2023-10-29T01:09:22.865+0000] {processor.py:829} INFO - Processing file /usr/local/lib/python3.10/dist-packages/airflow/example_dags/example_short_circuit_decorator.py for tasks to queue
[2023-10-29T01:09:22.866+0000] {logging_mixin.py:151} INFO - [2023-10-29T01:09:22.866+0000] {dagbag.py:536} INFO - Filling up the DagBag from /usr/local/lib/python3.10/dist-packages/airflow/example_dags/example_short_circuit_decorator.py
[2023-10-29T01:09:22.877+0000] {processor.py:839} INFO - DAG(s) dict_keys(['example_short_circuit_decorator']) retrieved from /usr/local/lib/python3.10/dist-packages/airflow/example_dags/example_short_circuit_decorator.py
[2023-10-29T01:09:22.896+0000] {logging_mixin.py:151} INFO - [2023-10-29T01:09:22.896+0000] {dag.py:2941} INFO - Sync 1 DAGs
[2023-10-29T01:09:22.917+0000] {logging_mixin.py:151} INFO - [2023-10-29T01:09:22.917+0000] {dag.py:3722} INFO - Setting next_dagrun for example_short_circuit_decorator to 2023-10-28T01:09:22.916772+00:00, run_after=2023-10-29T01:09:22.916772+00:00
[2023-10-29T01:09:22.938+0000] {processor.py:179} INFO - Processing /usr/local/lib/python3.10/dist-packages/airflow/example_dags/example_short_circuit_decorator.py took 0.078 seconds
[2023-10-29T01:10:10.758+0000] {processor.py:157} INFO - Started process (PID=4179) to work on /usr/local/lib/python3.10/dist-packages/airflow/example_dags/example_short_circuit_decorator.py
[2023-10-29T01:10:10.760+0000] {processor.py:829} INFO - Processing file /usr/local/lib/python3.10/dist-packages/airflow/example_dags/example_short_circuit_decorator.py for tasks to queue
[2023-10-29T01:10:10.760+0000] {logging_mixin.py:151} INFO - [2023-10-29T01:10:10.760+0000] {dagbag.py:536} INFO - Filling up the DagBag from /usr/local/lib/python3.10/dist-packages/airflow/example_dags/example_short_circuit_decorator.py
[2023-10-29T01:10:10.771+0000] {processor.py:839} INFO - DAG(s) dict_keys(['example_short_circuit_decorator']) retrieved from /usr/local/lib/python3.10/dist-packages/airflow/example_dags/example_short_circuit_decorator.py
[2023-10-29T01:10:10.790+0000] {logging_mixin.py:151} INFO - [2023-10-29T01:10:10.790+0000] {dag.py:2941} INFO - Sync 1 DAGs
[2023-10-29T01:10:10.809+0000] {logging_mixin.py:151} INFO - [2023-10-29T01:10:10.809+0000] {dag.py:3722} INFO - Setting next_dagrun for example_short_circuit_decorator to 2023-10-28T01:10:10.809436+00:00, run_after=2023-10-29T01:10:10.809436+00:00
[2023-10-29T01:10:10.831+0000] {processor.py:179} INFO - Processing /usr/local/lib/python3.10/dist-packages/airflow/example_dags/example_short_circuit_decorator.py took 0.076 seconds
[2023-10-29T01:10:57.180+0000] {processor.py:157} INFO - Started process (PID=4227) to work on /usr/local/lib/python3.10/dist-packages/airflow/example_dags/example_short_circuit_decorator.py
[2023-10-29T01:10:57.181+0000] {processor.py:829} INFO - Processing file /usr/local/lib/python3.10/dist-packages/airflow/example_dags/example_short_circuit_decorator.py for tasks to queue
[2023-10-29T01:10:57.182+0000] {logging_mixin.py:151} INFO - [2023-10-29T01:10:57.181+0000] {dagbag.py:536} INFO - Filling up the DagBag from /usr/local/lib/python3.10/dist-packages/airflow/example_dags/example_short_circuit_decorator.py
[2023-10-29T01:10:57.192+0000] {processor.py:839} INFO - DAG(s) dict_keys(['example_short_circuit_decorator']) retrieved from /usr/local/lib/python3.10/dist-packages/airflow/example_dags/example_short_circuit_decorator.py
[2023-10-29T01:10:57.212+0000] {logging_mixin.py:151} INFO - [2023-10-29T01:10:57.211+0000] {dag.py:2941} INFO - Sync 1 DAGs
[2023-10-29T01:10:57.231+0000] {logging_mixin.py:151} INFO - [2023-10-29T01:10:57.231+0000] {dag.py:3722} INFO - Setting next_dagrun for example_short_circuit_decorator to 2023-10-28T01:10:57.231363+00:00, run_after=2023-10-29T01:10:57.231363+00:00
[2023-10-29T01:10:57.254+0000] {processor.py:179} INFO - Processing /usr/local/lib/python3.10/dist-packages/airflow/example_dags/example_short_circuit_decorator.py took 0.077 seconds
[2023-10-29T01:11:42.612+0000] {processor.py:157} INFO - Started process (PID=4649) to work on /usr/local/lib/python3.10/dist-packages/airflow/example_dags/example_short_circuit_decorator.py
[2023-10-29T01:11:42.614+0000] {processor.py:829} INFO - Processing file /usr/local/lib/python3.10/dist-packages/airflow/example_dags/example_short_circuit_decorator.py for tasks to queue
[2023-10-29T01:11:42.615+0000] {logging_mixin.py:151} INFO - [2023-10-29T01:11:42.614+0000] {dagbag.py:536} INFO - Filling up the DagBag from /usr/local/lib/python3.10/dist-packages/airflow/example_dags/example_short_circuit_decorator.py
[2023-10-29T01:11:42.625+0000] {processor.py:839} INFO - DAG(s) dict_keys(['example_short_circuit_decorator']) retrieved from /usr/local/lib/python3.10/dist-packages/airflow/example_dags/example_short_circuit_decorator.py
[2023-10-29T01:11:42.644+0000] {logging_mixin.py:151} INFO - [2023-10-29T01:11:42.644+0000] {dag.py:2941} INFO - Sync 1 DAGs
[2023-10-29T01:11:42.664+0000] {logging_mixin.py:151} INFO - [2023-10-29T01:11:42.664+0000] {dag.py:3722} INFO - Setting next_dagrun for example_short_circuit_decorator to 2023-10-28T01:11:42.664057+00:00, run_after=2023-10-29T01:11:42.664057+00:00
[2023-10-29T01:11:42.686+0000] {processor.py:179} INFO - Processing /usr/local/lib/python3.10/dist-packages/airflow/example_dags/example_short_circuit_decorator.py took 0.077 seconds
[2023-10-29T01:12:29.148+0000] {processor.py:157} INFO - Started process (PID=4697) to work on /usr/local/lib/python3.10/dist-packages/airflow/example_dags/example_short_circuit_decorator.py
[2023-10-29T01:12:29.149+0000] {processor.py:829} INFO - Processing file /usr/local/lib/python3.10/dist-packages/airflow/example_dags/example_short_circuit_decorator.py for tasks to queue
[2023-10-29T01:12:29.150+0000] {logging_mixin.py:151} INFO - [2023-10-29T01:12:29.150+0000] {dagbag.py:536} INFO - Filling up the DagBag from /usr/local/lib/python3.10/dist-packages/airflow/example_dags/example_short_circuit_decorator.py
[2023-10-29T01:12:29.160+0000] {processor.py:839} INFO - DAG(s) dict_keys(['example_short_circuit_decorator']) retrieved from /usr/local/lib/python3.10/dist-packages/airflow/example_dags/example_short_circuit_decorator.py
[2023-10-29T01:12:29.180+0000] {logging_mixin.py:151} INFO - [2023-10-29T01:12:29.180+0000] {dag.py:2941} INFO - Sync 1 DAGs
[2023-10-29T01:12:29.200+0000] {logging_mixin.py:151} INFO - [2023-10-29T01:12:29.199+0000] {dag.py:3722} INFO - Setting next_dagrun for example_short_circuit_decorator to 2023-10-28T01:12:29.199736+00:00, run_after=2023-10-29T01:12:29.199736+00:00
[2023-10-29T01:12:29.222+0000] {processor.py:179} INFO - Processing /usr/local/lib/python3.10/dist-packages/airflow/example_dags/example_short_circuit_decorator.py took 0.078 seconds
[2023-10-29T01:13:09.300+0000] {processor.py:157} INFO - Started process (PID=4745) to work on /usr/local/lib/python3.10/dist-packages/airflow/example_dags/example_short_circuit_decorator.py
[2023-10-29T01:13:09.301+0000] {processor.py:829} INFO - Processing file /usr/local/lib/python3.10/dist-packages/airflow/example_dags/example_short_circuit_decorator.py for tasks to queue
[2023-10-29T01:13:09.302+0000] {logging_mixin.py:151} INFO - [2023-10-29T01:13:09.302+0000] {dagbag.py:536} INFO - Filling up the DagBag from /usr/local/lib/python3.10/dist-packages/airflow/example_dags/example_short_circuit_decorator.py
[2023-10-29T01:13:09.313+0000] {processor.py:839} INFO - DAG(s) dict_keys(['example_short_circuit_decorator']) retrieved from /usr/local/lib/python3.10/dist-packages/airflow/example_dags/example_short_circuit_decorator.py
[2023-10-29T01:13:09.332+0000] {logging_mixin.py:151} INFO - [2023-10-29T01:13:09.332+0000] {dag.py:2941} INFO - Sync 1 DAGs
[2023-10-29T01:13:09.353+0000] {logging_mixin.py:151} INFO - [2023-10-29T01:13:09.353+0000] {dag.py:3722} INFO - Setting next_dagrun for example_short_circuit_decorator to 2023-10-28T01:13:09.353034+00:00, run_after=2023-10-29T01:13:09.353034+00:00
[2023-10-29T01:13:09.381+0000] {processor.py:179} INFO - Processing /usr/local/lib/python3.10/dist-packages/airflow/example_dags/example_short_circuit_decorator.py took 0.084 seconds
[2023-10-29T01:13:49.305+0000] {processor.py:157} INFO - Started process (PID=4790) to work on /usr/local/lib/python3.10/dist-packages/airflow/example_dags/example_short_circuit_decorator.py
[2023-10-29T01:13:49.306+0000] {processor.py:829} INFO - Processing file /usr/local/lib/python3.10/dist-packages/airflow/example_dags/example_short_circuit_decorator.py for tasks to queue
[2023-10-29T01:13:49.307+0000] {logging_mixin.py:151} INFO - [2023-10-29T01:13:49.306+0000] {dagbag.py:536} INFO - Filling up the DagBag from /usr/local/lib/python3.10/dist-packages/airflow/example_dags/example_short_circuit_decorator.py
[2023-10-29T01:13:49.317+0000] {processor.py:839} INFO - DAG(s) dict_keys(['example_short_circuit_decorator']) retrieved from /usr/local/lib/python3.10/dist-packages/airflow/example_dags/example_short_circuit_decorator.py
[2023-10-29T01:13:49.336+0000] {logging_mixin.py:151} INFO - [2023-10-29T01:13:49.336+0000] {dag.py:2941} INFO - Sync 1 DAGs
[2023-10-29T01:13:49.356+0000] {logging_mixin.py:151} INFO - [2023-10-29T01:13:49.356+0000] {dag.py:3722} INFO - Setting next_dagrun for example_short_circuit_decorator to 2023-10-28T01:13:49.355904+00:00, run_after=2023-10-29T01:13:49.355904+00:00
[2023-10-29T01:13:49.378+0000] {processor.py:179} INFO - Processing /usr/local/lib/python3.10/dist-packages/airflow/example_dags/example_short_circuit_decorator.py took 0.076 seconds
[2023-10-29T01:14:35.571+0000] {processor.py:157} INFO - Started process (PID=4838) to work on /usr/local/lib/python3.10/dist-packages/airflow/example_dags/example_short_circuit_decorator.py
[2023-10-29T01:14:35.573+0000] {processor.py:829} INFO - Processing file /usr/local/lib/python3.10/dist-packages/airflow/example_dags/example_short_circuit_decorator.py for tasks to queue
[2023-10-29T01:14:35.574+0000] {logging_mixin.py:151} INFO - [2023-10-29T01:14:35.573+0000] {dagbag.py:536} INFO - Filling up the DagBag from /usr/local/lib/python3.10/dist-packages/airflow/example_dags/example_short_circuit_decorator.py
[2023-10-29T01:14:35.584+0000] {processor.py:839} INFO - DAG(s) dict_keys(['example_short_circuit_decorator']) retrieved from /usr/local/lib/python3.10/dist-packages/airflow/example_dags/example_short_circuit_decorator.py
[2023-10-29T01:14:35.604+0000] {logging_mixin.py:151} INFO - [2023-10-29T01:14:35.603+0000] {dag.py:2941} INFO - Sync 1 DAGs
[2023-10-29T01:14:35.625+0000] {logging_mixin.py:151} INFO - [2023-10-29T01:14:35.624+0000] {dag.py:3722} INFO - Setting next_dagrun for example_short_circuit_decorator to 2023-10-28T01:14:35.624588+00:00, run_after=2023-10-29T01:14:35.624588+00:00
[2023-10-29T01:14:35.646+0000] {processor.py:179} INFO - Processing /usr/local/lib/python3.10/dist-packages/airflow/example_dags/example_short_circuit_decorator.py took 0.078 seconds
[2023-10-29T01:15:16.332+0000] {processor.py:157} INFO - Started process (PID=4881) to work on /usr/local/lib/python3.10/dist-packages/airflow/example_dags/example_short_circuit_decorator.py
[2023-10-29T01:15:16.333+0000] {processor.py:829} INFO - Processing file /usr/local/lib/python3.10/dist-packages/airflow/example_dags/example_short_circuit_decorator.py for tasks to queue
[2023-10-29T01:15:16.334+0000] {logging_mixin.py:151} INFO - [2023-10-29T01:15:16.334+0000] {dagbag.py:536} INFO - Filling up the DagBag from /usr/local/lib/python3.10/dist-packages/airflow/example_dags/example_short_circuit_decorator.py
[2023-10-29T01:15:16.344+0000] {processor.py:839} INFO - DAG(s) dict_keys(['example_short_circuit_decorator']) retrieved from /usr/local/lib/python3.10/dist-packages/airflow/example_dags/example_short_circuit_decorator.py
[2023-10-29T01:15:16.363+0000] {logging_mixin.py:151} INFO - [2023-10-29T01:15:16.363+0000] {dag.py:2941} INFO - Sync 1 DAGs
[2023-10-29T01:15:16.384+0000] {logging_mixin.py:151} INFO - [2023-10-29T01:15:16.384+0000] {dag.py:3722} INFO - Setting next_dagrun for example_short_circuit_decorator to 2023-10-28T01:15:16.383897+00:00, run_after=2023-10-29T01:15:16.383897+00:00
[2023-10-29T01:15:16.405+0000] {processor.py:179} INFO - Processing /usr/local/lib/python3.10/dist-packages/airflow/example_dags/example_short_circuit_decorator.py took 0.077 seconds
[2023-10-29T01:16:00.723+0000] {processor.py:157} INFO - Started process (PID=4927) to work on /usr/local/lib/python3.10/dist-packages/airflow/example_dags/example_short_circuit_decorator.py
[2023-10-29T01:16:00.724+0000] {processor.py:829} INFO - Processing file /usr/local/lib/python3.10/dist-packages/airflow/example_dags/example_short_circuit_decorator.py for tasks to queue
[2023-10-29T01:16:00.725+0000] {logging_mixin.py:151} INFO - [2023-10-29T01:16:00.724+0000] {dagbag.py:536} INFO - Filling up the DagBag from /usr/local/lib/python3.10/dist-packages/airflow/example_dags/example_short_circuit_decorator.py
[2023-10-29T01:16:00.735+0000] {processor.py:839} INFO - DAG(s) dict_keys(['example_short_circuit_decorator']) retrieved from /usr/local/lib/python3.10/dist-packages/airflow/example_dags/example_short_circuit_decorator.py
[2023-10-29T01:16:00.754+0000] {logging_mixin.py:151} INFO - [2023-10-29T01:16:00.754+0000] {dag.py:2941} INFO - Sync 1 DAGs
[2023-10-29T01:16:00.774+0000] {logging_mixin.py:151} INFO - [2023-10-29T01:16:00.774+0000] {dag.py:3722} INFO - Setting next_dagrun for example_short_circuit_decorator to 2023-10-28T01:16:00.774345+00:00, run_after=2023-10-29T01:16:00.774345+00:00
[2023-10-29T01:16:00.795+0000] {processor.py:179} INFO - Processing /usr/local/lib/python3.10/dist-packages/airflow/example_dags/example_short_circuit_decorator.py took 0.076 seconds
[2023-10-29T01:16:49.459+0000] {processor.py:157} INFO - Started process (PID=4976) to work on /usr/local/lib/python3.10/dist-packages/airflow/example_dags/example_short_circuit_decorator.py
[2023-10-29T01:16:49.461+0000] {processor.py:829} INFO - Processing file /usr/local/lib/python3.10/dist-packages/airflow/example_dags/example_short_circuit_decorator.py for tasks to queue
[2023-10-29T01:16:49.462+0000] {logging_mixin.py:151} INFO - [2023-10-29T01:16:49.461+0000] {dagbag.py:536} INFO - Filling up the DagBag from /usr/local/lib/python3.10/dist-packages/airflow/example_dags/example_short_circuit_decorator.py
[2023-10-29T01:16:49.472+0000] {processor.py:839} INFO - DAG(s) dict_keys(['example_short_circuit_decorator']) retrieved from /usr/local/lib/python3.10/dist-packages/airflow/example_dags/example_short_circuit_decorator.py
[2023-10-29T01:16:49.491+0000] {logging_mixin.py:151} INFO - [2023-10-29T01:16:49.491+0000] {dag.py:2941} INFO - Sync 1 DAGs
[2023-10-29T01:16:49.511+0000] {logging_mixin.py:151} INFO - [2023-10-29T01:16:49.511+0000] {dag.py:3722} INFO - Setting next_dagrun for example_short_circuit_decorator to 2023-10-28T01:16:49.511272+00:00, run_after=2023-10-29T01:16:49.511272+00:00
[2023-10-29T01:16:49.533+0000] {processor.py:179} INFO - Processing /usr/local/lib/python3.10/dist-packages/airflow/example_dags/example_short_circuit_decorator.py took 0.076 seconds
[2023-10-29T01:17:36.027+0000] {processor.py:157} INFO - Started process (PID=5026) to work on /usr/local/lib/python3.10/dist-packages/airflow/example_dags/example_short_circuit_decorator.py
[2023-10-29T01:17:36.028+0000] {processor.py:829} INFO - Processing file /usr/local/lib/python3.10/dist-packages/airflow/example_dags/example_short_circuit_decorator.py for tasks to queue
[2023-10-29T01:17:36.029+0000] {logging_mixin.py:151} INFO - [2023-10-29T01:17:36.029+0000] {dagbag.py:536} INFO - Filling up the DagBag from /usr/local/lib/python3.10/dist-packages/airflow/example_dags/example_short_circuit_decorator.py
[2023-10-29T01:17:36.039+0000] {processor.py:839} INFO - DAG(s) dict_keys(['example_short_circuit_decorator']) retrieved from /usr/local/lib/python3.10/dist-packages/airflow/example_dags/example_short_circuit_decorator.py
[2023-10-29T01:17:36.058+0000] {logging_mixin.py:151} INFO - [2023-10-29T01:17:36.058+0000] {dag.py:2941} INFO - Sync 1 DAGs
[2023-10-29T01:17:36.079+0000] {logging_mixin.py:151} INFO - [2023-10-29T01:17:36.079+0000] {dag.py:3722} INFO - Setting next_dagrun for example_short_circuit_decorator to 2023-10-28T01:17:36.078768+00:00, run_after=2023-10-29T01:17:36.078768+00:00
[2023-10-29T01:17:36.101+0000] {processor.py:179} INFO - Processing /usr/local/lib/python3.10/dist-packages/airflow/example_dags/example_short_circuit_decorator.py took 0.077 seconds
[2023-10-29T01:18:21.391+0000] {processor.py:157} INFO - Started process (PID=5073) to work on /usr/local/lib/python3.10/dist-packages/airflow/example_dags/example_short_circuit_decorator.py
[2023-10-29T01:18:21.393+0000] {processor.py:829} INFO - Processing file /usr/local/lib/python3.10/dist-packages/airflow/example_dags/example_short_circuit_decorator.py for tasks to queue
[2023-10-29T01:18:21.393+0000] {logging_mixin.py:151} INFO - [2023-10-29T01:18:21.393+0000] {dagbag.py:536} INFO - Filling up the DagBag from /usr/local/lib/python3.10/dist-packages/airflow/example_dags/example_short_circuit_decorator.py
[2023-10-29T01:18:21.404+0000] {processor.py:839} INFO - DAG(s) dict_keys(['example_short_circuit_decorator']) retrieved from /usr/local/lib/python3.10/dist-packages/airflow/example_dags/example_short_circuit_decorator.py
[2023-10-29T01:18:21.423+0000] {logging_mixin.py:151} INFO - [2023-10-29T01:18:21.423+0000] {dag.py:2941} INFO - Sync 1 DAGs
[2023-10-29T01:18:21.442+0000] {logging_mixin.py:151} INFO - [2023-10-29T01:18:21.442+0000] {dag.py:3722} INFO - Setting next_dagrun for example_short_circuit_decorator to 2023-10-28T01:18:21.442440+00:00, run_after=2023-10-29T01:18:21.442440+00:00
[2023-10-29T01:18:21.464+0000] {processor.py:179} INFO - Processing /usr/local/lib/python3.10/dist-packages/airflow/example_dags/example_short_circuit_decorator.py took 0.076 seconds
[2023-10-29T01:19:07.952+0000] {processor.py:157} INFO - Started process (PID=5120) to work on /usr/local/lib/python3.10/dist-packages/airflow/example_dags/example_short_circuit_decorator.py
[2023-10-29T01:19:07.953+0000] {processor.py:829} INFO - Processing file /usr/local/lib/python3.10/dist-packages/airflow/example_dags/example_short_circuit_decorator.py for tasks to queue
[2023-10-29T01:19:07.954+0000] {logging_mixin.py:151} INFO - [2023-10-29T01:19:07.953+0000] {dagbag.py:536} INFO - Filling up the DagBag from /usr/local/lib/python3.10/dist-packages/airflow/example_dags/example_short_circuit_decorator.py
[2023-10-29T01:19:07.964+0000] {processor.py:839} INFO - DAG(s) dict_keys(['example_short_circuit_decorator']) retrieved from /usr/local/lib/python3.10/dist-packages/airflow/example_dags/example_short_circuit_decorator.py
[2023-10-29T01:19:07.984+0000] {logging_mixin.py:151} INFO - [2023-10-29T01:19:07.983+0000] {dag.py:2941} INFO - Sync 1 DAGs
[2023-10-29T01:19:08.004+0000] {logging_mixin.py:151} INFO - [2023-10-29T01:19:08.004+0000] {dag.py:3722} INFO - Setting next_dagrun for example_short_circuit_decorator to 2023-10-28T01:19:08.004479+00:00, run_after=2023-10-29T01:19:08.004479+00:00
[2023-10-29T01:19:08.027+0000] {processor.py:179} INFO - Processing /usr/local/lib/python3.10/dist-packages/airflow/example_dags/example_short_circuit_decorator.py took 0.078 seconds
[2023-10-29T01:19:58.779+0000] {processor.py:157} INFO - Started process (PID=5171) to work on /usr/local/lib/python3.10/dist-packages/airflow/example_dags/example_short_circuit_decorator.py
[2023-10-29T01:19:58.781+0000] {processor.py:829} INFO - Processing file /usr/local/lib/python3.10/dist-packages/airflow/example_dags/example_short_circuit_decorator.py for tasks to queue
[2023-10-29T01:19:58.782+0000] {logging_mixin.py:151} INFO - [2023-10-29T01:19:58.781+0000] {dagbag.py:536} INFO - Filling up the DagBag from /usr/local/lib/python3.10/dist-packages/airflow/example_dags/example_short_circuit_decorator.py
[2023-10-29T01:19:58.792+0000] {processor.py:839} INFO - DAG(s) dict_keys(['example_short_circuit_decorator']) retrieved from /usr/local/lib/python3.10/dist-packages/airflow/example_dags/example_short_circuit_decorator.py
[2023-10-29T01:19:58.811+0000] {logging_mixin.py:151} INFO - [2023-10-29T01:19:58.811+0000] {dag.py:2941} INFO - Sync 1 DAGs
[2023-10-29T01:19:58.831+0000] {logging_mixin.py:151} INFO - [2023-10-29T01:19:58.830+0000] {dag.py:3722} INFO - Setting next_dagrun for example_short_circuit_decorator to 2023-10-28T01:19:58.830605+00:00, run_after=2023-10-29T01:19:58.830605+00:00
[2023-10-29T01:19:58.852+0000] {processor.py:179} INFO - Processing /usr/local/lib/python3.10/dist-packages/airflow/example_dags/example_short_circuit_decorator.py took 0.076 seconds
[2023-10-29T01:20:42.529+0000] {processor.py:157} INFO - Started process (PID=5217) to work on /usr/local/lib/python3.10/dist-packages/airflow/example_dags/example_short_circuit_decorator.py
[2023-10-29T01:20:42.530+0000] {processor.py:829} INFO - Processing file /usr/local/lib/python3.10/dist-packages/airflow/example_dags/example_short_circuit_decorator.py for tasks to queue
[2023-10-29T01:20:42.531+0000] {logging_mixin.py:151} INFO - [2023-10-29T01:20:42.531+0000] {dagbag.py:536} INFO - Filling up the DagBag from /usr/local/lib/python3.10/dist-packages/airflow/example_dags/example_short_circuit_decorator.py
[2023-10-29T01:20:42.542+0000] {processor.py:839} INFO - DAG(s) dict_keys(['example_short_circuit_decorator']) retrieved from /usr/local/lib/python3.10/dist-packages/airflow/example_dags/example_short_circuit_decorator.py
[2023-10-29T01:20:42.561+0000] {logging_mixin.py:151} INFO - [2023-10-29T01:20:42.561+0000] {dag.py:2941} INFO - Sync 1 DAGs
[2023-10-29T01:20:42.581+0000] {logging_mixin.py:151} INFO - [2023-10-29T01:20:42.581+0000] {dag.py:3722} INFO - Setting next_dagrun for example_short_circuit_decorator to 2023-10-28T01:20:42.581251+00:00, run_after=2023-10-29T01:20:42.581251+00:00
[2023-10-29T01:20:42.602+0000] {processor.py:179} INFO - Processing /usr/local/lib/python3.10/dist-packages/airflow/example_dags/example_short_circuit_decorator.py took 0.077 seconds
[2023-10-29T01:21:27.672+0000] {processor.py:157} INFO - Started process (PID=5264) to work on /usr/local/lib/python3.10/dist-packages/airflow/example_dags/example_short_circuit_decorator.py
[2023-10-29T01:21:27.674+0000] {processor.py:829} INFO - Processing file /usr/local/lib/python3.10/dist-packages/airflow/example_dags/example_short_circuit_decorator.py for tasks to queue
[2023-10-29T01:21:27.674+0000] {logging_mixin.py:151} INFO - [2023-10-29T01:21:27.674+0000] {dagbag.py:536} INFO - Filling up the DagBag from /usr/local/lib/python3.10/dist-packages/airflow/example_dags/example_short_circuit_decorator.py
[2023-10-29T01:21:27.685+0000] {processor.py:839} INFO - DAG(s) dict_keys(['example_short_circuit_decorator']) retrieved from /usr/local/lib/python3.10/dist-packages/airflow/example_dags/example_short_circuit_decorator.py
[2023-10-29T01:21:27.704+0000] {logging_mixin.py:151} INFO - [2023-10-29T01:21:27.703+0000] {dag.py:2941} INFO - Sync 1 DAGs
[2023-10-29T01:21:27.723+0000] {logging_mixin.py:151} INFO - [2023-10-29T01:21:27.723+0000] {dag.py:3722} INFO - Setting next_dagrun for example_short_circuit_decorator to 2023-10-28T01:21:27.723002+00:00, run_after=2023-10-29T01:21:27.723002+00:00
[2023-10-29T01:21:27.747+0000] {processor.py:179} INFO - Processing /usr/local/lib/python3.10/dist-packages/airflow/example_dags/example_short_circuit_decorator.py took 0.078 seconds
[2023-10-29T01:22:18.748+0000] {processor.py:157} INFO - Started process (PID=5316) to work on /usr/local/lib/python3.10/dist-packages/airflow/example_dags/example_short_circuit_decorator.py
[2023-10-29T01:22:18.749+0000] {processor.py:829} INFO - Processing file /usr/local/lib/python3.10/dist-packages/airflow/example_dags/example_short_circuit_decorator.py for tasks to queue
[2023-10-29T01:22:18.750+0000] {logging_mixin.py:151} INFO - [2023-10-29T01:22:18.750+0000] {dagbag.py:536} INFO - Filling up the DagBag from /usr/local/lib/python3.10/dist-packages/airflow/example_dags/example_short_circuit_decorator.py
[2023-10-29T01:22:18.761+0000] {processor.py:839} INFO - DAG(s) dict_keys(['example_short_circuit_decorator']) retrieved from /usr/local/lib/python3.10/dist-packages/airflow/example_dags/example_short_circuit_decorator.py
[2023-10-29T01:22:18.779+0000] {logging_mixin.py:151} INFO - [2023-10-29T01:22:18.779+0000] {dag.py:2941} INFO - Sync 1 DAGs
[2023-10-29T01:22:18.800+0000] {logging_mixin.py:151} INFO - [2023-10-29T01:22:18.800+0000] {dag.py:3722} INFO - Setting next_dagrun for example_short_circuit_decorator to 2023-10-28T01:22:18.799951+00:00, run_after=2023-10-29T01:22:18.799951+00:00
[2023-10-29T01:22:18.824+0000] {processor.py:179} INFO - Processing /usr/local/lib/python3.10/dist-packages/airflow/example_dags/example_short_circuit_decorator.py took 0.079 seconds
[2023-10-29T01:23:05.392+0000] {processor.py:157} INFO - Started process (PID=5364) to work on /usr/local/lib/python3.10/dist-packages/airflow/example_dags/example_short_circuit_decorator.py
[2023-10-29T01:23:05.394+0000] {processor.py:829} INFO - Processing file /usr/local/lib/python3.10/dist-packages/airflow/example_dags/example_short_circuit_decorator.py for tasks to queue
[2023-10-29T01:23:05.394+0000] {logging_mixin.py:151} INFO - [2023-10-29T01:23:05.394+0000] {dagbag.py:536} INFO - Filling up the DagBag from /usr/local/lib/python3.10/dist-packages/airflow/example_dags/example_short_circuit_decorator.py
[2023-10-29T01:23:05.405+0000] {processor.py:839} INFO - DAG(s) dict_keys(['example_short_circuit_decorator']) retrieved from /usr/local/lib/python3.10/dist-packages/airflow/example_dags/example_short_circuit_decorator.py
[2023-10-29T01:23:05.424+0000] {logging_mixin.py:151} INFO - [2023-10-29T01:23:05.423+0000] {dag.py:2941} INFO - Sync 1 DAGs
[2023-10-29T01:23:05.443+0000] {logging_mixin.py:151} INFO - [2023-10-29T01:23:05.443+0000] {dag.py:3722} INFO - Setting next_dagrun for example_short_circuit_decorator to 2023-10-28T01:23:05.443003+00:00, run_after=2023-10-29T01:23:05.443003+00:00
[2023-10-29T01:23:05.465+0000] {processor.py:179} INFO - Processing /usr/local/lib/python3.10/dist-packages/airflow/example_dags/example_short_circuit_decorator.py took 0.076 seconds
[2023-10-29T01:23:56.094+0000] {processor.py:157} INFO - Started process (PID=5415) to work on /usr/local/lib/python3.10/dist-packages/airflow/example_dags/example_short_circuit_decorator.py
[2023-10-29T01:23:56.095+0000] {processor.py:829} INFO - Processing file /usr/local/lib/python3.10/dist-packages/airflow/example_dags/example_short_circuit_decorator.py for tasks to queue
[2023-10-29T01:23:56.096+0000] {logging_mixin.py:151} INFO - [2023-10-29T01:23:56.095+0000] {dagbag.py:536} INFO - Filling up the DagBag from /usr/local/lib/python3.10/dist-packages/airflow/example_dags/example_short_circuit_decorator.py
[2023-10-29T01:23:56.106+0000] {processor.py:839} INFO - DAG(s) dict_keys(['example_short_circuit_decorator']) retrieved from /usr/local/lib/python3.10/dist-packages/airflow/example_dags/example_short_circuit_decorator.py
[2023-10-29T01:23:56.125+0000] {logging_mixin.py:151} INFO - [2023-10-29T01:23:56.125+0000] {dag.py:2941} INFO - Sync 1 DAGs
[2023-10-29T01:23:56.145+0000] {logging_mixin.py:151} INFO - [2023-10-29T01:23:56.145+0000] {dag.py:3722} INFO - Setting next_dagrun for example_short_circuit_decorator to 2023-10-28T01:23:56.144933+00:00, run_after=2023-10-29T01:23:56.144933+00:00
[2023-10-29T01:23:56.168+0000] {processor.py:179} INFO - Processing /usr/local/lib/python3.10/dist-packages/airflow/example_dags/example_short_circuit_decorator.py took 0.077 seconds
[2023-10-29T01:24:45.660+0000] {processor.py:157} INFO - Started process (PID=5466) to work on /usr/local/lib/python3.10/dist-packages/airflow/example_dags/example_short_circuit_decorator.py
[2023-10-29T01:24:45.661+0000] {processor.py:829} INFO - Processing file /usr/local/lib/python3.10/dist-packages/airflow/example_dags/example_short_circuit_decorator.py for tasks to queue
[2023-10-29T01:24:45.662+0000] {logging_mixin.py:151} INFO - [2023-10-29T01:24:45.661+0000] {dagbag.py:536} INFO - Filling up the DagBag from /usr/local/lib/python3.10/dist-packages/airflow/example_dags/example_short_circuit_decorator.py
[2023-10-29T01:24:45.672+0000] {processor.py:839} INFO - DAG(s) dict_keys(['example_short_circuit_decorator']) retrieved from /usr/local/lib/python3.10/dist-packages/airflow/example_dags/example_short_circuit_decorator.py
[2023-10-29T01:24:45.691+0000] {logging_mixin.py:151} INFO - [2023-10-29T01:24:45.691+0000] {dag.py:2941} INFO - Sync 1 DAGs
[2023-10-29T01:24:45.710+0000] {logging_mixin.py:151} INFO - [2023-10-29T01:24:45.710+0000] {dag.py:3722} INFO - Setting next_dagrun for example_short_circuit_decorator to 2023-10-28T01:24:45.710512+00:00, run_after=2023-10-29T01:24:45.710512+00:00
[2023-10-29T01:24:45.733+0000] {processor.py:179} INFO - Processing /usr/local/lib/python3.10/dist-packages/airflow/example_dags/example_short_circuit_decorator.py took 0.077 seconds
[2023-10-29T01:25:35.318+0000] {processor.py:157} INFO - Started process (PID=5516) to work on /usr/local/lib/python3.10/dist-packages/airflow/example_dags/example_short_circuit_decorator.py
[2023-10-29T01:25:35.319+0000] {processor.py:829} INFO - Processing file /usr/local/lib/python3.10/dist-packages/airflow/example_dags/example_short_circuit_decorator.py for tasks to queue
[2023-10-29T01:25:35.320+0000] {logging_mixin.py:151} INFO - [2023-10-29T01:25:35.320+0000] {dagbag.py:536} INFO - Filling up the DagBag from /usr/local/lib/python3.10/dist-packages/airflow/example_dags/example_short_circuit_decorator.py
[2023-10-29T01:25:35.331+0000] {processor.py:839} INFO - DAG(s) dict_keys(['example_short_circuit_decorator']) retrieved from /usr/local/lib/python3.10/dist-packages/airflow/example_dags/example_short_circuit_decorator.py
[2023-10-29T01:25:35.350+0000] {logging_mixin.py:151} INFO - [2023-10-29T01:25:35.350+0000] {dag.py:2941} INFO - Sync 1 DAGs
[2023-10-29T01:25:35.370+0000] {logging_mixin.py:151} INFO - [2023-10-29T01:25:35.370+0000] {dag.py:3722} INFO - Setting next_dagrun for example_short_circuit_decorator to 2023-10-28T01:25:35.369968+00:00, run_after=2023-10-29T01:25:35.369968+00:00
[2023-10-29T01:25:35.391+0000] {processor.py:179} INFO - Processing /usr/local/lib/python3.10/dist-packages/airflow/example_dags/example_short_circuit_decorator.py took 0.076 seconds
