[2023-10-29T01:01:46.444+0000] {processor.py:157} INFO - Started process (PID=3655) to work on /usr/local/lib/python3.10/dist-packages/airflow/example_dags/example_bash_operator.py
[2023-10-29T01:01:46.444+0000] {processor.py:829} INFO - Processing file /usr/local/lib/python3.10/dist-packages/airflow/example_dags/example_bash_operator.py for tasks to queue
[2023-10-29T01:01:46.445+0000] {logging_mixin.py:151} INFO - [2023-10-29T01:01:46.445+0000] {dagbag.py:536} INFO - Filling up the DagBag from /usr/local/lib/python3.10/dist-packages/airflow/example_dags/example_bash_operator.py
[2023-10-29T01:01:46.458+0000] {processor.py:839} INFO - DAG(s) dict_keys(['example_bash_operator']) retrieved from /usr/local/lib/python3.10/dist-packages/airflow/example_dags/example_bash_operator.py
[2023-10-29T01:01:46.583+0000] {logging_mixin.py:151} INFO - [2023-10-29T01:01:46.582+0000] {manager.py:499} INFO - Created Permission View: %s
[2023-10-29T01:01:46.621+0000] {logging_mixin.py:151} INFO - [2023-10-29T01:01:46.621+0000] {manager.py:499} INFO - Created Permission View: %s
[2023-10-29T01:01:46.631+0000] {logging_mixin.py:151} INFO - [2023-10-29T01:01:46.630+0000] {manager.py:499} INFO - Created Permission View: %s
[2023-10-29T01:01:46.631+0000] {logging_mixin.py:151} INFO - [2023-10-29T01:01:46.631+0000] {dag.py:2941} INFO - Sync 1 DAGs
[2023-10-29T01:01:46.643+0000] {logging_mixin.py:151} INFO - [2023-10-29T01:01:46.643+0000] {dag.py:2963} INFO - Creating ORM DAG for example_bash_operator
[2023-10-29T01:01:46.653+0000] {logging_mixin.py:151} INFO - [2023-10-29T01:01:46.653+0000] {dag.py:3722} INFO - Setting next_dagrun for example_bash_operator to 2023-10-28T00:00:00+00:00, run_after=2023-10-29T00:00:00+00:00
[2023-10-29T01:01:46.674+0000] {processor.py:179} INFO - Processing /usr/local/lib/python3.10/dist-packages/airflow/example_dags/example_bash_operator.py took 0.233 seconds
[2023-10-29T01:02:41.005+0000] {processor.py:157} INFO - Started process (PID=3711) to work on /usr/local/lib/python3.10/dist-packages/airflow/example_dags/example_bash_operator.py
[2023-10-29T01:02:41.006+0000] {processor.py:829} INFO - Processing file /usr/local/lib/python3.10/dist-packages/airflow/example_dags/example_bash_operator.py for tasks to queue
[2023-10-29T01:02:41.007+0000] {logging_mixin.py:151} INFO - [2023-10-29T01:02:41.007+0000] {dagbag.py:536} INFO - Filling up the DagBag from /usr/local/lib/python3.10/dist-packages/airflow/example_dags/example_bash_operator.py
[2023-10-29T01:02:41.020+0000] {processor.py:839} INFO - DAG(s) dict_keys(['example_bash_operator']) retrieved from /usr/local/lib/python3.10/dist-packages/airflow/example_dags/example_bash_operator.py
[2023-10-29T01:02:41.045+0000] {logging_mixin.py:151} INFO - [2023-10-29T01:02:41.045+0000] {dag.py:2941} INFO - Sync 1 DAGs
[2023-10-29T01:02:41.067+0000] {logging_mixin.py:151} INFO - [2023-10-29T01:02:41.066+0000] {dag.py:3722} INFO - Setting next_dagrun for example_bash_operator to 2023-10-28T00:00:00+00:00, run_after=2023-10-29T00:00:00+00:00
[2023-10-29T01:02:41.087+0000] {processor.py:179} INFO - Processing /usr/local/lib/python3.10/dist-packages/airflow/example_dags/example_bash_operator.py took 0.085 seconds
[2023-10-29T01:03:33.488+0000] {processor.py:157} INFO - Started process (PID=3767) to work on /usr/local/lib/python3.10/dist-packages/airflow/example_dags/example_bash_operator.py
[2023-10-29T01:03:33.489+0000] {processor.py:829} INFO - Processing file /usr/local/lib/python3.10/dist-packages/airflow/example_dags/example_bash_operator.py for tasks to queue
[2023-10-29T01:03:33.490+0000] {logging_mixin.py:151} INFO - [2023-10-29T01:03:33.490+0000] {dagbag.py:536} INFO - Filling up the DagBag from /usr/local/lib/python3.10/dist-packages/airflow/example_dags/example_bash_operator.py
[2023-10-29T01:03:33.503+0000] {processor.py:839} INFO - DAG(s) dict_keys(['example_bash_operator']) retrieved from /usr/local/lib/python3.10/dist-packages/airflow/example_dags/example_bash_operator.py
[2023-10-29T01:03:33.529+0000] {logging_mixin.py:151} INFO - [2023-10-29T01:03:33.529+0000] {dag.py:2941} INFO - Sync 1 DAGs
[2023-10-29T01:03:33.551+0000] {logging_mixin.py:151} INFO - [2023-10-29T01:03:33.551+0000] {dag.py:3722} INFO - Setting next_dagrun for example_bash_operator to 2023-10-28T00:00:00+00:00, run_after=2023-10-29T00:00:00+00:00
[2023-10-29T01:03:33.572+0000] {processor.py:179} INFO - Processing /usr/local/lib/python3.10/dist-packages/airflow/example_dags/example_bash_operator.py took 0.087 seconds
[2023-10-29T01:04:16.968+0000] {processor.py:157} INFO - Started process (PID=3813) to work on /usr/local/lib/python3.10/dist-packages/airflow/example_dags/example_bash_operator.py
[2023-10-29T01:04:16.969+0000] {processor.py:829} INFO - Processing file /usr/local/lib/python3.10/dist-packages/airflow/example_dags/example_bash_operator.py for tasks to queue
[2023-10-29T01:04:16.970+0000] {logging_mixin.py:151} INFO - [2023-10-29T01:04:16.969+0000] {dagbag.py:536} INFO - Filling up the DagBag from /usr/local/lib/python3.10/dist-packages/airflow/example_dags/example_bash_operator.py
[2023-10-29T01:04:16.982+0000] {processor.py:839} INFO - DAG(s) dict_keys(['example_bash_operator']) retrieved from /usr/local/lib/python3.10/dist-packages/airflow/example_dags/example_bash_operator.py
[2023-10-29T01:04:17.007+0000] {logging_mixin.py:151} INFO - [2023-10-29T01:04:17.007+0000] {dag.py:2941} INFO - Sync 1 DAGs
[2023-10-29T01:04:17.029+0000] {logging_mixin.py:151} INFO - [2023-10-29T01:04:17.028+0000] {dag.py:3722} INFO - Setting next_dagrun for example_bash_operator to 2023-10-28T00:00:00+00:00, run_after=2023-10-29T00:00:00+00:00
[2023-10-29T01:04:17.050+0000] {processor.py:179} INFO - Processing /usr/local/lib/python3.10/dist-packages/airflow/example_dags/example_bash_operator.py took 0.085 seconds
[2023-10-29T01:05:12.420+0000] {processor.py:157} INFO - Started process (PID=3871) to work on /usr/local/lib/python3.10/dist-packages/airflow/example_dags/example_bash_operator.py
[2023-10-29T01:05:12.421+0000] {processor.py:829} INFO - Processing file /usr/local/lib/python3.10/dist-packages/airflow/example_dags/example_bash_operator.py for tasks to queue
[2023-10-29T01:05:12.422+0000] {logging_mixin.py:151} INFO - [2023-10-29T01:05:12.422+0000] {dagbag.py:536} INFO - Filling up the DagBag from /usr/local/lib/python3.10/dist-packages/airflow/example_dags/example_bash_operator.py
[2023-10-29T01:05:12.434+0000] {processor.py:839} INFO - DAG(s) dict_keys(['example_bash_operator']) retrieved from /usr/local/lib/python3.10/dist-packages/airflow/example_dags/example_bash_operator.py
[2023-10-29T01:05:12.459+0000] {logging_mixin.py:151} INFO - [2023-10-29T01:05:12.459+0000] {dag.py:2941} INFO - Sync 1 DAGs
[2023-10-29T01:05:12.480+0000] {logging_mixin.py:151} INFO - [2023-10-29T01:05:12.480+0000] {dag.py:3722} INFO - Setting next_dagrun for example_bash_operator to 2023-10-28T00:00:00+00:00, run_after=2023-10-29T00:00:00+00:00
[2023-10-29T01:05:12.502+0000] {processor.py:179} INFO - Processing /usr/local/lib/python3.10/dist-packages/airflow/example_dags/example_bash_operator.py took 0.085 seconds
[2023-10-29T01:05:58.927+0000] {processor.py:157} INFO - Started process (PID=3922) to work on /usr/local/lib/python3.10/dist-packages/airflow/example_dags/example_bash_operator.py
[2023-10-29T01:05:58.928+0000] {processor.py:829} INFO - Processing file /usr/local/lib/python3.10/dist-packages/airflow/example_dags/example_bash_operator.py for tasks to queue
[2023-10-29T01:05:58.929+0000] {logging_mixin.py:151} INFO - [2023-10-29T01:05:58.929+0000] {dagbag.py:536} INFO - Filling up the DagBag from /usr/local/lib/python3.10/dist-packages/airflow/example_dags/example_bash_operator.py
[2023-10-29T01:05:58.941+0000] {processor.py:839} INFO - DAG(s) dict_keys(['example_bash_operator']) retrieved from /usr/local/lib/python3.10/dist-packages/airflow/example_dags/example_bash_operator.py
[2023-10-29T01:05:58.967+0000] {logging_mixin.py:151} INFO - [2023-10-29T01:05:58.966+0000] {dag.py:2941} INFO - Sync 1 DAGs
[2023-10-29T01:05:58.988+0000] {logging_mixin.py:151} INFO - [2023-10-29T01:05:58.988+0000] {dag.py:3722} INFO - Setting next_dagrun for example_bash_operator to 2023-10-28T00:00:00+00:00, run_after=2023-10-29T00:00:00+00:00
[2023-10-29T01:05:59.009+0000] {processor.py:179} INFO - Processing /usr/local/lib/python3.10/dist-packages/airflow/example_dags/example_bash_operator.py took 0.085 seconds
[2023-10-29T01:06:46.793+0000] {processor.py:157} INFO - Started process (PID=3971) to work on /usr/local/lib/python3.10/dist-packages/airflow/example_dags/example_bash_operator.py
[2023-10-29T01:06:46.794+0000] {processor.py:829} INFO - Processing file /usr/local/lib/python3.10/dist-packages/airflow/example_dags/example_bash_operator.py for tasks to queue
[2023-10-29T01:06:46.795+0000] {logging_mixin.py:151} INFO - [2023-10-29T01:06:46.795+0000] {dagbag.py:536} INFO - Filling up the DagBag from /usr/local/lib/python3.10/dist-packages/airflow/example_dags/example_bash_operator.py
[2023-10-29T01:06:46.808+0000] {processor.py:839} INFO - DAG(s) dict_keys(['example_bash_operator']) retrieved from /usr/local/lib/python3.10/dist-packages/airflow/example_dags/example_bash_operator.py
[2023-10-29T01:06:46.834+0000] {logging_mixin.py:151} INFO - [2023-10-29T01:06:46.834+0000] {dag.py:2941} INFO - Sync 1 DAGs
[2023-10-29T01:06:46.856+0000] {logging_mixin.py:151} INFO - [2023-10-29T01:06:46.855+0000] {dag.py:3722} INFO - Setting next_dagrun for example_bash_operator to 2023-10-28T00:00:00+00:00, run_after=2023-10-29T00:00:00+00:00
[2023-10-29T01:06:46.877+0000] {processor.py:179} INFO - Processing /usr/local/lib/python3.10/dist-packages/airflow/example_dags/example_bash_operator.py took 0.087 seconds
[2023-10-29T01:07:39.601+0000] {processor.py:157} INFO - Started process (PID=4027) to work on /usr/local/lib/python3.10/dist-packages/airflow/example_dags/example_bash_operator.py
[2023-10-29T01:07:39.603+0000] {processor.py:829} INFO - Processing file /usr/local/lib/python3.10/dist-packages/airflow/example_dags/example_bash_operator.py for tasks to queue
[2023-10-29T01:07:39.604+0000] {logging_mixin.py:151} INFO - [2023-10-29T01:07:39.603+0000] {dagbag.py:536} INFO - Filling up the DagBag from /usr/local/lib/python3.10/dist-packages/airflow/example_dags/example_bash_operator.py
[2023-10-29T01:07:39.616+0000] {processor.py:839} INFO - DAG(s) dict_keys(['example_bash_operator']) retrieved from /usr/local/lib/python3.10/dist-packages/airflow/example_dags/example_bash_operator.py
[2023-10-29T01:07:39.642+0000] {logging_mixin.py:151} INFO - [2023-10-29T01:07:39.641+0000] {dag.py:2941} INFO - Sync 1 DAGs
[2023-10-29T01:07:39.664+0000] {logging_mixin.py:151} INFO - [2023-10-29T01:07:39.664+0000] {dag.py:3722} INFO - Setting next_dagrun for example_bash_operator to 2023-10-28T00:00:00+00:00, run_after=2023-10-29T00:00:00+00:00
[2023-10-29T01:07:39.686+0000] {processor.py:179} INFO - Processing /usr/local/lib/python3.10/dist-packages/airflow/example_dags/example_bash_operator.py took 0.087 seconds
[2023-10-29T01:08:29.388+0000] {processor.py:157} INFO - Started process (PID=4077) to work on /usr/local/lib/python3.10/dist-packages/airflow/example_dags/example_bash_operator.py
[2023-10-29T01:08:29.390+0000] {processor.py:829} INFO - Processing file /usr/local/lib/python3.10/dist-packages/airflow/example_dags/example_bash_operator.py for tasks to queue
[2023-10-29T01:08:29.391+0000] {logging_mixin.py:151} INFO - [2023-10-29T01:08:29.390+0000] {dagbag.py:536} INFO - Filling up the DagBag from /usr/local/lib/python3.10/dist-packages/airflow/example_dags/example_bash_operator.py
[2023-10-29T01:08:29.403+0000] {processor.py:839} INFO - DAG(s) dict_keys(['example_bash_operator']) retrieved from /usr/local/lib/python3.10/dist-packages/airflow/example_dags/example_bash_operator.py
[2023-10-29T01:08:29.429+0000] {logging_mixin.py:151} INFO - [2023-10-29T01:08:29.429+0000] {dag.py:2941} INFO - Sync 1 DAGs
[2023-10-29T01:08:29.451+0000] {logging_mixin.py:151} INFO - [2023-10-29T01:08:29.450+0000] {dag.py:3722} INFO - Setting next_dagrun for example_bash_operator to 2023-10-28T00:00:00+00:00, run_after=2023-10-29T00:00:00+00:00
[2023-10-29T01:08:29.472+0000] {processor.py:179} INFO - Processing /usr/local/lib/python3.10/dist-packages/airflow/example_dags/example_bash_operator.py took 0.088 seconds
[2023-10-29T01:09:17.353+0000] {processor.py:157} INFO - Started process (PID=4125) to work on /usr/local/lib/python3.10/dist-packages/airflow/example_dags/example_bash_operator.py
[2023-10-29T01:09:17.354+0000] {processor.py:829} INFO - Processing file /usr/local/lib/python3.10/dist-packages/airflow/example_dags/example_bash_operator.py for tasks to queue
[2023-10-29T01:09:17.355+0000] {logging_mixin.py:151} INFO - [2023-10-29T01:09:17.354+0000] {dagbag.py:536} INFO - Filling up the DagBag from /usr/local/lib/python3.10/dist-packages/airflow/example_dags/example_bash_operator.py
[2023-10-29T01:09:17.367+0000] {processor.py:839} INFO - DAG(s) dict_keys(['example_bash_operator']) retrieved from /usr/local/lib/python3.10/dist-packages/airflow/example_dags/example_bash_operator.py
[2023-10-29T01:09:17.393+0000] {logging_mixin.py:151} INFO - [2023-10-29T01:09:17.393+0000] {dag.py:2941} INFO - Sync 1 DAGs
[2023-10-29T01:09:17.415+0000] {logging_mixin.py:151} INFO - [2023-10-29T01:09:17.414+0000] {dag.py:3722} INFO - Setting next_dagrun for example_bash_operator to 2023-10-28T00:00:00+00:00, run_after=2023-10-29T00:00:00+00:00
[2023-10-29T01:09:17.436+0000] {processor.py:179} INFO - Processing /usr/local/lib/python3.10/dist-packages/airflow/example_dags/example_bash_operator.py took 0.087 seconds
[2023-10-29T01:10:03.332+0000] {processor.py:157} INFO - Started process (PID=4172) to work on /usr/local/lib/python3.10/dist-packages/airflow/example_dags/example_bash_operator.py
[2023-10-29T01:10:03.333+0000] {processor.py:829} INFO - Processing file /usr/local/lib/python3.10/dist-packages/airflow/example_dags/example_bash_operator.py for tasks to queue
[2023-10-29T01:10:03.334+0000] {logging_mixin.py:151} INFO - [2023-10-29T01:10:03.334+0000] {dagbag.py:536} INFO - Filling up the DagBag from /usr/local/lib/python3.10/dist-packages/airflow/example_dags/example_bash_operator.py
[2023-10-29T01:10:03.346+0000] {processor.py:839} INFO - DAG(s) dict_keys(['example_bash_operator']) retrieved from /usr/local/lib/python3.10/dist-packages/airflow/example_dags/example_bash_operator.py
[2023-10-29T01:10:03.372+0000] {logging_mixin.py:151} INFO - [2023-10-29T01:10:03.372+0000] {dag.py:2941} INFO - Sync 1 DAGs
[2023-10-29T01:10:03.394+0000] {logging_mixin.py:151} INFO - [2023-10-29T01:10:03.393+0000] {dag.py:3722} INFO - Setting next_dagrun for example_bash_operator to 2023-10-28T00:00:00+00:00, run_after=2023-10-29T00:00:00+00:00
[2023-10-29T01:10:03.416+0000] {processor.py:179} INFO - Processing /usr/local/lib/python3.10/dist-packages/airflow/example_dags/example_bash_operator.py took 0.087 seconds
[2023-10-29T01:10:52.242+0000] {processor.py:157} INFO - Started process (PID=4221) to work on /usr/local/lib/python3.10/dist-packages/airflow/example_dags/example_bash_operator.py
[2023-10-29T01:10:52.243+0000] {processor.py:829} INFO - Processing file /usr/local/lib/python3.10/dist-packages/airflow/example_dags/example_bash_operator.py for tasks to queue
[2023-10-29T01:10:52.244+0000] {logging_mixin.py:151} INFO - [2023-10-29T01:10:52.243+0000] {dagbag.py:536} INFO - Filling up the DagBag from /usr/local/lib/python3.10/dist-packages/airflow/example_dags/example_bash_operator.py
[2023-10-29T01:10:52.256+0000] {processor.py:839} INFO - DAG(s) dict_keys(['example_bash_operator']) retrieved from /usr/local/lib/python3.10/dist-packages/airflow/example_dags/example_bash_operator.py
[2023-10-29T01:10:52.281+0000] {logging_mixin.py:151} INFO - [2023-10-29T01:10:52.281+0000] {dag.py:2941} INFO - Sync 1 DAGs
[2023-10-29T01:10:52.302+0000] {logging_mixin.py:151} INFO - [2023-10-29T01:10:52.302+0000] {dag.py:3722} INFO - Setting next_dagrun for example_bash_operator to 2023-10-28T00:00:00+00:00, run_after=2023-10-29T00:00:00+00:00
[2023-10-29T01:10:52.323+0000] {processor.py:179} INFO - Processing /usr/local/lib/python3.10/dist-packages/airflow/example_dags/example_bash_operator.py took 0.085 seconds
[2023-10-29T01:11:37.460+0000] {processor.py:157} INFO - Started process (PID=4555) to work on /usr/local/lib/python3.10/dist-packages/airflow/example_dags/example_bash_operator.py
[2023-10-29T01:11:37.461+0000] {processor.py:829} INFO - Processing file /usr/local/lib/python3.10/dist-packages/airflow/example_dags/example_bash_operator.py for tasks to queue
[2023-10-29T01:11:37.462+0000] {logging_mixin.py:151} INFO - [2023-10-29T01:11:37.462+0000] {dagbag.py:536} INFO - Filling up the DagBag from /usr/local/lib/python3.10/dist-packages/airflow/example_dags/example_bash_operator.py
[2023-10-29T01:11:37.475+0000] {processor.py:839} INFO - DAG(s) dict_keys(['example_bash_operator']) retrieved from /usr/local/lib/python3.10/dist-packages/airflow/example_dags/example_bash_operator.py
[2023-10-29T01:11:37.501+0000] {logging_mixin.py:151} INFO - [2023-10-29T01:11:37.501+0000] {dag.py:2941} INFO - Sync 1 DAGs
[2023-10-29T01:11:37.523+0000] {logging_mixin.py:151} INFO - [2023-10-29T01:11:37.522+0000] {dag.py:3722} INFO - Setting next_dagrun for example_bash_operator to 2023-10-28T00:00:00+00:00, run_after=2023-10-29T00:00:00+00:00
[2023-10-29T01:11:37.545+0000] {processor.py:179} INFO - Processing /usr/local/lib/python3.10/dist-packages/airflow/example_dags/example_bash_operator.py took 0.088 seconds
[2023-10-29T01:12:24.364+0000] {processor.py:157} INFO - Started process (PID=4692) to work on /usr/local/lib/python3.10/dist-packages/airflow/example_dags/example_bash_operator.py
[2023-10-29T01:12:24.365+0000] {processor.py:829} INFO - Processing file /usr/local/lib/python3.10/dist-packages/airflow/example_dags/example_bash_operator.py for tasks to queue
[2023-10-29T01:12:24.366+0000] {logging_mixin.py:151} INFO - [2023-10-29T01:12:24.366+0000] {dagbag.py:536} INFO - Filling up the DagBag from /usr/local/lib/python3.10/dist-packages/airflow/example_dags/example_bash_operator.py
[2023-10-29T01:12:24.378+0000] {processor.py:839} INFO - DAG(s) dict_keys(['example_bash_operator']) retrieved from /usr/local/lib/python3.10/dist-packages/airflow/example_dags/example_bash_operator.py
[2023-10-29T01:12:24.404+0000] {logging_mixin.py:151} INFO - [2023-10-29T01:12:24.404+0000] {dag.py:2941} INFO - Sync 1 DAGs
[2023-10-29T01:12:24.425+0000] {logging_mixin.py:151} INFO - [2023-10-29T01:12:24.425+0000] {dag.py:3722} INFO - Setting next_dagrun for example_bash_operator to 2023-10-28T00:00:00+00:00, run_after=2023-10-29T00:00:00+00:00
[2023-10-29T01:12:24.448+0000] {processor.py:179} INFO - Processing /usr/local/lib/python3.10/dist-packages/airflow/example_dags/example_bash_operator.py took 0.087 seconds
[2023-10-29T01:13:17.478+0000] {processor.py:157} INFO - Started process (PID=4754) to work on /usr/local/lib/python3.10/dist-packages/airflow/example_dags/example_bash_operator.py
[2023-10-29T01:13:17.479+0000] {processor.py:829} INFO - Processing file /usr/local/lib/python3.10/dist-packages/airflow/example_dags/example_bash_operator.py for tasks to queue
[2023-10-29T01:13:17.480+0000] {logging_mixin.py:151} INFO - [2023-10-29T01:13:17.479+0000] {dagbag.py:536} INFO - Filling up the DagBag from /usr/local/lib/python3.10/dist-packages/airflow/example_dags/example_bash_operator.py
[2023-10-29T01:13:17.492+0000] {processor.py:839} INFO - DAG(s) dict_keys(['example_bash_operator']) retrieved from /usr/local/lib/python3.10/dist-packages/airflow/example_dags/example_bash_operator.py
[2023-10-29T01:13:17.518+0000] {logging_mixin.py:151} INFO - [2023-10-29T01:13:17.518+0000] {dag.py:2941} INFO - Sync 1 DAGs
[2023-10-29T01:13:17.540+0000] {logging_mixin.py:151} INFO - [2023-10-29T01:13:17.540+0000] {dag.py:3722} INFO - Setting next_dagrun for example_bash_operator to 2023-10-28T00:00:00+00:00, run_after=2023-10-29T00:00:00+00:00
[2023-10-29T01:13:17.561+0000] {processor.py:179} INFO - Processing /usr/local/lib/python3.10/dist-packages/airflow/example_dags/example_bash_operator.py took 0.086 seconds
[2023-10-29T01:14:15.618+0000] {processor.py:157} INFO - Started process (PID=4817) to work on /usr/local/lib/python3.10/dist-packages/airflow/example_dags/example_bash_operator.py
[2023-10-29T01:14:15.619+0000] {processor.py:829} INFO - Processing file /usr/local/lib/python3.10/dist-packages/airflow/example_dags/example_bash_operator.py for tasks to queue
[2023-10-29T01:14:15.620+0000] {logging_mixin.py:151} INFO - [2023-10-29T01:14:15.620+0000] {dagbag.py:536} INFO - Filling up the DagBag from /usr/local/lib/python3.10/dist-packages/airflow/example_dags/example_bash_operator.py
[2023-10-29T01:14:15.632+0000] {processor.py:839} INFO - DAG(s) dict_keys(['example_bash_operator']) retrieved from /usr/local/lib/python3.10/dist-packages/airflow/example_dags/example_bash_operator.py
[2023-10-29T01:14:15.657+0000] {logging_mixin.py:151} INFO - [2023-10-29T01:14:15.657+0000] {dag.py:2941} INFO - Sync 1 DAGs
[2023-10-29T01:14:15.678+0000] {logging_mixin.py:151} INFO - [2023-10-29T01:14:15.678+0000] {dag.py:3722} INFO - Setting next_dagrun for example_bash_operator to 2023-10-28T00:00:00+00:00, run_after=2023-10-29T00:00:00+00:00
[2023-10-29T01:14:15.700+0000] {processor.py:179} INFO - Processing /usr/local/lib/python3.10/dist-packages/airflow/example_dags/example_bash_operator.py took 0.085 seconds
[2023-10-29T01:14:58.711+0000] {processor.py:157} INFO - Started process (PID=4863) to work on /usr/local/lib/python3.10/dist-packages/airflow/example_dags/example_bash_operator.py
[2023-10-29T01:14:58.712+0000] {processor.py:829} INFO - Processing file /usr/local/lib/python3.10/dist-packages/airflow/example_dags/example_bash_operator.py for tasks to queue
[2023-10-29T01:14:58.713+0000] {logging_mixin.py:151} INFO - [2023-10-29T01:14:58.712+0000] {dagbag.py:536} INFO - Filling up the DagBag from /usr/local/lib/python3.10/dist-packages/airflow/example_dags/example_bash_operator.py
[2023-10-29T01:14:58.725+0000] {processor.py:839} INFO - DAG(s) dict_keys(['example_bash_operator']) retrieved from /usr/local/lib/python3.10/dist-packages/airflow/example_dags/example_bash_operator.py
[2023-10-29T01:14:58.750+0000] {logging_mixin.py:151} INFO - [2023-10-29T01:14:58.750+0000] {dag.py:2941} INFO - Sync 1 DAGs
[2023-10-29T01:14:58.771+0000] {logging_mixin.py:151} INFO - [2023-10-29T01:14:58.771+0000] {dag.py:3722} INFO - Setting next_dagrun for example_bash_operator to 2023-10-28T00:00:00+00:00, run_after=2023-10-29T00:00:00+00:00
[2023-10-29T01:14:58.791+0000] {processor.py:179} INFO - Processing /usr/local/lib/python3.10/dist-packages/airflow/example_dags/example_bash_operator.py took 0.084 seconds
[2023-10-29T01:15:56.876+0000] {processor.py:157} INFO - Started process (PID=4923) to work on /usr/local/lib/python3.10/dist-packages/airflow/example_dags/example_bash_operator.py
[2023-10-29T01:15:56.878+0000] {processor.py:829} INFO - Processing file /usr/local/lib/python3.10/dist-packages/airflow/example_dags/example_bash_operator.py for tasks to queue
[2023-10-29T01:15:56.879+0000] {logging_mixin.py:151} INFO - [2023-10-29T01:15:56.878+0000] {dagbag.py:536} INFO - Filling up the DagBag from /usr/local/lib/python3.10/dist-packages/airflow/example_dags/example_bash_operator.py
[2023-10-29T01:15:56.891+0000] {processor.py:839} INFO - DAG(s) dict_keys(['example_bash_operator']) retrieved from /usr/local/lib/python3.10/dist-packages/airflow/example_dags/example_bash_operator.py
[2023-10-29T01:15:56.916+0000] {logging_mixin.py:151} INFO - [2023-10-29T01:15:56.916+0000] {dag.py:2941} INFO - Sync 1 DAGs
[2023-10-29T01:15:56.939+0000] {logging_mixin.py:151} INFO - [2023-10-29T01:15:56.939+0000] {dag.py:3722} INFO - Setting next_dagrun for example_bash_operator to 2023-10-28T00:00:00+00:00, run_after=2023-10-29T00:00:00+00:00
[2023-10-29T01:15:56.961+0000] {processor.py:179} INFO - Processing /usr/local/lib/python3.10/dist-packages/airflow/example_dags/example_bash_operator.py took 0.087 seconds
[2023-10-29T01:16:44.286+0000] {processor.py:157} INFO - Started process (PID=4970) to work on /usr/local/lib/python3.10/dist-packages/airflow/example_dags/example_bash_operator.py
[2023-10-29T01:16:44.288+0000] {processor.py:829} INFO - Processing file /usr/local/lib/python3.10/dist-packages/airflow/example_dags/example_bash_operator.py for tasks to queue
[2023-10-29T01:16:44.289+0000] {logging_mixin.py:151} INFO - [2023-10-29T01:16:44.288+0000] {dagbag.py:536} INFO - Filling up the DagBag from /usr/local/lib/python3.10/dist-packages/airflow/example_dags/example_bash_operator.py
[2023-10-29T01:16:44.301+0000] {processor.py:839} INFO - DAG(s) dict_keys(['example_bash_operator']) retrieved from /usr/local/lib/python3.10/dist-packages/airflow/example_dags/example_bash_operator.py
[2023-10-29T01:16:44.327+0000] {logging_mixin.py:151} INFO - [2023-10-29T01:16:44.326+0000] {dag.py:2941} INFO - Sync 1 DAGs
[2023-10-29T01:16:44.348+0000] {logging_mixin.py:151} INFO - [2023-10-29T01:16:44.348+0000] {dag.py:3722} INFO - Setting next_dagrun for example_bash_operator to 2023-10-28T00:00:00+00:00, run_after=2023-10-29T00:00:00+00:00
[2023-10-29T01:16:44.369+0000] {processor.py:179} INFO - Processing /usr/local/lib/python3.10/dist-packages/airflow/example_dags/example_bash_operator.py took 0.086 seconds
[2023-10-29T01:17:30.584+0000] {processor.py:157} INFO - Started process (PID=5020) to work on /usr/local/lib/python3.10/dist-packages/airflow/example_dags/example_bash_operator.py
[2023-10-29T01:17:30.585+0000] {processor.py:829} INFO - Processing file /usr/local/lib/python3.10/dist-packages/airflow/example_dags/example_bash_operator.py for tasks to queue
[2023-10-29T01:17:30.586+0000] {logging_mixin.py:151} INFO - [2023-10-29T01:17:30.585+0000] {dagbag.py:536} INFO - Filling up the DagBag from /usr/local/lib/python3.10/dist-packages/airflow/example_dags/example_bash_operator.py
[2023-10-29T01:17:30.598+0000] {processor.py:839} INFO - DAG(s) dict_keys(['example_bash_operator']) retrieved from /usr/local/lib/python3.10/dist-packages/airflow/example_dags/example_bash_operator.py
[2023-10-29T01:17:30.624+0000] {logging_mixin.py:151} INFO - [2023-10-29T01:17:30.624+0000] {dag.py:2941} INFO - Sync 1 DAGs
[2023-10-29T01:17:30.646+0000] {logging_mixin.py:151} INFO - [2023-10-29T01:17:30.646+0000] {dag.py:3722} INFO - Setting next_dagrun for example_bash_operator to 2023-10-28T00:00:00+00:00, run_after=2023-10-29T00:00:00+00:00
[2023-10-29T01:17:30.667+0000] {processor.py:179} INFO - Processing /usr/local/lib/python3.10/dist-packages/airflow/example_dags/example_bash_operator.py took 0.087 seconds
[2023-10-29T01:18:15.881+0000] {processor.py:157} INFO - Started process (PID=5067) to work on /usr/local/lib/python3.10/dist-packages/airflow/example_dags/example_bash_operator.py
[2023-10-29T01:18:15.882+0000] {processor.py:829} INFO - Processing file /usr/local/lib/python3.10/dist-packages/airflow/example_dags/example_bash_operator.py for tasks to queue
[2023-10-29T01:18:15.883+0000] {logging_mixin.py:151} INFO - [2023-10-29T01:18:15.883+0000] {dagbag.py:536} INFO - Filling up the DagBag from /usr/local/lib/python3.10/dist-packages/airflow/example_dags/example_bash_operator.py
[2023-10-29T01:18:15.896+0000] {processor.py:839} INFO - DAG(s) dict_keys(['example_bash_operator']) retrieved from /usr/local/lib/python3.10/dist-packages/airflow/example_dags/example_bash_operator.py
[2023-10-29T01:18:15.922+0000] {logging_mixin.py:151} INFO - [2023-10-29T01:18:15.922+0000] {dag.py:2941} INFO - Sync 1 DAGs
[2023-10-29T01:18:15.943+0000] {logging_mixin.py:151} INFO - [2023-10-29T01:18:15.943+0000] {dag.py:3722} INFO - Setting next_dagrun for example_bash_operator to 2023-10-28T00:00:00+00:00, run_after=2023-10-29T00:00:00+00:00
[2023-10-29T01:18:15.965+0000] {processor.py:179} INFO - Processing /usr/local/lib/python3.10/dist-packages/airflow/example_dags/example_bash_operator.py took 0.088 seconds
[2023-10-29T01:19:01.914+0000] {processor.py:157} INFO - Started process (PID=5114) to work on /usr/local/lib/python3.10/dist-packages/airflow/example_dags/example_bash_operator.py
[2023-10-29T01:19:01.915+0000] {processor.py:829} INFO - Processing file /usr/local/lib/python3.10/dist-packages/airflow/example_dags/example_bash_operator.py for tasks to queue
[2023-10-29T01:19:01.916+0000] {logging_mixin.py:151} INFO - [2023-10-29T01:19:01.916+0000] {dagbag.py:536} INFO - Filling up the DagBag from /usr/local/lib/python3.10/dist-packages/airflow/example_dags/example_bash_operator.py
[2023-10-29T01:19:01.928+0000] {processor.py:839} INFO - DAG(s) dict_keys(['example_bash_operator']) retrieved from /usr/local/lib/python3.10/dist-packages/airflow/example_dags/example_bash_operator.py
[2023-10-29T01:19:01.955+0000] {logging_mixin.py:151} INFO - [2023-10-29T01:19:01.954+0000] {dag.py:2941} INFO - Sync 1 DAGs
[2023-10-29T01:19:01.977+0000] {logging_mixin.py:151} INFO - [2023-10-29T01:19:01.977+0000] {dag.py:3722} INFO - Setting next_dagrun for example_bash_operator to 2023-10-28T00:00:00+00:00, run_after=2023-10-29T00:00:00+00:00
[2023-10-29T01:19:02.000+0000] {processor.py:179} INFO - Processing /usr/local/lib/python3.10/dist-packages/airflow/example_dags/example_bash_operator.py took 0.089 seconds
[2023-10-29T01:19:51.677+0000] {processor.py:157} INFO - Started process (PID=5164) to work on /usr/local/lib/python3.10/dist-packages/airflow/example_dags/example_bash_operator.py
[2023-10-29T01:19:51.679+0000] {processor.py:829} INFO - Processing file /usr/local/lib/python3.10/dist-packages/airflow/example_dags/example_bash_operator.py for tasks to queue
[2023-10-29T01:19:51.680+0000] {logging_mixin.py:151} INFO - [2023-10-29T01:19:51.679+0000] {dagbag.py:536} INFO - Filling up the DagBag from /usr/local/lib/python3.10/dist-packages/airflow/example_dags/example_bash_operator.py
[2023-10-29T01:19:51.692+0000] {processor.py:839} INFO - DAG(s) dict_keys(['example_bash_operator']) retrieved from /usr/local/lib/python3.10/dist-packages/airflow/example_dags/example_bash_operator.py
[2023-10-29T01:19:51.718+0000] {logging_mixin.py:151} INFO - [2023-10-29T01:19:51.718+0000] {dag.py:2941} INFO - Sync 1 DAGs
[2023-10-29T01:19:51.741+0000] {logging_mixin.py:151} INFO - [2023-10-29T01:19:51.740+0000] {dag.py:3722} INFO - Setting next_dagrun for example_bash_operator to 2023-10-28T00:00:00+00:00, run_after=2023-10-29T00:00:00+00:00
[2023-10-29T01:19:51.765+0000] {processor.py:179} INFO - Processing /usr/local/lib/python3.10/dist-packages/airflow/example_dags/example_bash_operator.py took 0.091 seconds
[2023-10-29T01:20:37.383+0000] {processor.py:157} INFO - Started process (PID=5211) to work on /usr/local/lib/python3.10/dist-packages/airflow/example_dags/example_bash_operator.py
[2023-10-29T01:20:37.384+0000] {processor.py:829} INFO - Processing file /usr/local/lib/python3.10/dist-packages/airflow/example_dags/example_bash_operator.py for tasks to queue
[2023-10-29T01:20:37.385+0000] {logging_mixin.py:151} INFO - [2023-10-29T01:20:37.385+0000] {dagbag.py:536} INFO - Filling up the DagBag from /usr/local/lib/python3.10/dist-packages/airflow/example_dags/example_bash_operator.py
[2023-10-29T01:20:37.397+0000] {processor.py:839} INFO - DAG(s) dict_keys(['example_bash_operator']) retrieved from /usr/local/lib/python3.10/dist-packages/airflow/example_dags/example_bash_operator.py
[2023-10-29T01:20:37.423+0000] {logging_mixin.py:151} INFO - [2023-10-29T01:20:37.423+0000] {dag.py:2941} INFO - Sync 1 DAGs
[2023-10-29T01:20:37.446+0000] {logging_mixin.py:151} INFO - [2023-10-29T01:20:37.445+0000] {dag.py:3722} INFO - Setting next_dagrun for example_bash_operator to 2023-10-28T00:00:00+00:00, run_after=2023-10-29T00:00:00+00:00
[2023-10-29T01:20:37.467+0000] {processor.py:179} INFO - Processing /usr/local/lib/python3.10/dist-packages/airflow/example_dags/example_bash_operator.py took 0.088 seconds
[2023-10-29T01:21:21.668+0000] {processor.py:157} INFO - Started process (PID=5258) to work on /usr/local/lib/python3.10/dist-packages/airflow/example_dags/example_bash_operator.py
[2023-10-29T01:21:21.669+0000] {processor.py:829} INFO - Processing file /usr/local/lib/python3.10/dist-packages/airflow/example_dags/example_bash_operator.py for tasks to queue
[2023-10-29T01:21:21.670+0000] {logging_mixin.py:151} INFO - [2023-10-29T01:21:21.670+0000] {dagbag.py:536} INFO - Filling up the DagBag from /usr/local/lib/python3.10/dist-packages/airflow/example_dags/example_bash_operator.py
[2023-10-29T01:21:21.684+0000] {processor.py:839} INFO - DAG(s) dict_keys(['example_bash_operator']) retrieved from /usr/local/lib/python3.10/dist-packages/airflow/example_dags/example_bash_operator.py
[2023-10-29T01:21:21.711+0000] {logging_mixin.py:151} INFO - [2023-10-29T01:21:21.711+0000] {dag.py:2941} INFO - Sync 1 DAGs
[2023-10-29T01:21:21.735+0000] {logging_mixin.py:151} INFO - [2023-10-29T01:21:21.734+0000] {dag.py:3722} INFO - Setting next_dagrun for example_bash_operator to 2023-10-28T00:00:00+00:00, run_after=2023-10-29T00:00:00+00:00
[2023-10-29T01:21:21.759+0000] {processor.py:179} INFO - Processing /usr/local/lib/python3.10/dist-packages/airflow/example_dags/example_bash_operator.py took 0.094 seconds
[2023-10-29T01:22:11.324+0000] {processor.py:157} INFO - Started process (PID=5309) to work on /usr/local/lib/python3.10/dist-packages/airflow/example_dags/example_bash_operator.py
[2023-10-29T01:22:11.326+0000] {processor.py:829} INFO - Processing file /usr/local/lib/python3.10/dist-packages/airflow/example_dags/example_bash_operator.py for tasks to queue
[2023-10-29T01:22:11.327+0000] {logging_mixin.py:151} INFO - [2023-10-29T01:22:11.326+0000] {dagbag.py:536} INFO - Filling up the DagBag from /usr/local/lib/python3.10/dist-packages/airflow/example_dags/example_bash_operator.py
[2023-10-29T01:22:11.339+0000] {processor.py:839} INFO - DAG(s) dict_keys(['example_bash_operator']) retrieved from /usr/local/lib/python3.10/dist-packages/airflow/example_dags/example_bash_operator.py
[2023-10-29T01:22:11.364+0000] {logging_mixin.py:151} INFO - [2023-10-29T01:22:11.364+0000] {dag.py:2941} INFO - Sync 1 DAGs
[2023-10-29T01:22:11.386+0000] {logging_mixin.py:151} INFO - [2023-10-29T01:22:11.385+0000] {dag.py:3722} INFO - Setting next_dagrun for example_bash_operator to 2023-10-28T00:00:00+00:00, run_after=2023-10-29T00:00:00+00:00
[2023-10-29T01:22:11.407+0000] {processor.py:179} INFO - Processing /usr/local/lib/python3.10/dist-packages/airflow/example_dags/example_bash_operator.py took 0.087 seconds
[2023-10-29T01:22:59.205+0000] {processor.py:157} INFO - Started process (PID=5358) to work on /usr/local/lib/python3.10/dist-packages/airflow/example_dags/example_bash_operator.py
[2023-10-29T01:22:59.206+0000] {processor.py:829} INFO - Processing file /usr/local/lib/python3.10/dist-packages/airflow/example_dags/example_bash_operator.py for tasks to queue
[2023-10-29T01:22:59.207+0000] {logging_mixin.py:151} INFO - [2023-10-29T01:22:59.207+0000] {dagbag.py:536} INFO - Filling up the DagBag from /usr/local/lib/python3.10/dist-packages/airflow/example_dags/example_bash_operator.py
[2023-10-29T01:22:59.220+0000] {processor.py:839} INFO - DAG(s) dict_keys(['example_bash_operator']) retrieved from /usr/local/lib/python3.10/dist-packages/airflow/example_dags/example_bash_operator.py
[2023-10-29T01:22:59.246+0000] {logging_mixin.py:151} INFO - [2023-10-29T01:22:59.245+0000] {dag.py:2941} INFO - Sync 1 DAGs
[2023-10-29T01:22:59.267+0000] {logging_mixin.py:151} INFO - [2023-10-29T01:22:59.267+0000] {dag.py:3722} INFO - Setting next_dagrun for example_bash_operator to 2023-10-28T00:00:00+00:00, run_after=2023-10-29T00:00:00+00:00
[2023-10-29T01:22:59.288+0000] {processor.py:179} INFO - Processing /usr/local/lib/python3.10/dist-packages/airflow/example_dags/example_bash_operator.py took 0.086 seconds
[2023-10-29T01:23:48.342+0000] {processor.py:157} INFO - Started process (PID=5407) to work on /usr/local/lib/python3.10/dist-packages/airflow/example_dags/example_bash_operator.py
[2023-10-29T01:23:48.343+0000] {processor.py:829} INFO - Processing file /usr/local/lib/python3.10/dist-packages/airflow/example_dags/example_bash_operator.py for tasks to queue
[2023-10-29T01:23:48.344+0000] {logging_mixin.py:151} INFO - [2023-10-29T01:23:48.344+0000] {dagbag.py:536} INFO - Filling up the DagBag from /usr/local/lib/python3.10/dist-packages/airflow/example_dags/example_bash_operator.py
[2023-10-29T01:23:48.357+0000] {processor.py:839} INFO - DAG(s) dict_keys(['example_bash_operator']) retrieved from /usr/local/lib/python3.10/dist-packages/airflow/example_dags/example_bash_operator.py
[2023-10-29T01:23:48.383+0000] {logging_mixin.py:151} INFO - [2023-10-29T01:23:48.382+0000] {dag.py:2941} INFO - Sync 1 DAGs
[2023-10-29T01:23:48.404+0000] {logging_mixin.py:151} INFO - [2023-10-29T01:23:48.404+0000] {dag.py:3722} INFO - Setting next_dagrun for example_bash_operator to 2023-10-28T00:00:00+00:00, run_after=2023-10-29T00:00:00+00:00
[2023-10-29T01:23:48.427+0000] {processor.py:179} INFO - Processing /usr/local/lib/python3.10/dist-packages/airflow/example_dags/example_bash_operator.py took 0.088 seconds
[2023-10-29T01:24:38.877+0000] {processor.py:157} INFO - Started process (PID=5459) to work on /usr/local/lib/python3.10/dist-packages/airflow/example_dags/example_bash_operator.py
[2023-10-29T01:24:38.878+0000] {processor.py:829} INFO - Processing file /usr/local/lib/python3.10/dist-packages/airflow/example_dags/example_bash_operator.py for tasks to queue
[2023-10-29T01:24:38.879+0000] {logging_mixin.py:151} INFO - [2023-10-29T01:24:38.878+0000] {dagbag.py:536} INFO - Filling up the DagBag from /usr/local/lib/python3.10/dist-packages/airflow/example_dags/example_bash_operator.py
[2023-10-29T01:24:38.891+0000] {processor.py:839} INFO - DAG(s) dict_keys(['example_bash_operator']) retrieved from /usr/local/lib/python3.10/dist-packages/airflow/example_dags/example_bash_operator.py
[2023-10-29T01:24:38.917+0000] {logging_mixin.py:151} INFO - [2023-10-29T01:24:38.916+0000] {dag.py:2941} INFO - Sync 1 DAGs
[2023-10-29T01:24:38.938+0000] {logging_mixin.py:151} INFO - [2023-10-29T01:24:38.938+0000] {dag.py:3722} INFO - Setting next_dagrun for example_bash_operator to 2023-10-28T00:00:00+00:00, run_after=2023-10-29T00:00:00+00:00
[2023-10-29T01:24:38.961+0000] {processor.py:179} INFO - Processing /usr/local/lib/python3.10/dist-packages/airflow/example_dags/example_bash_operator.py took 0.087 seconds
[2023-10-29T01:25:27.458+0000] {processor.py:157} INFO - Started process (PID=5508) to work on /usr/local/lib/python3.10/dist-packages/airflow/example_dags/example_bash_operator.py
[2023-10-29T01:25:27.460+0000] {processor.py:829} INFO - Processing file /usr/local/lib/python3.10/dist-packages/airflow/example_dags/example_bash_operator.py for tasks to queue
[2023-10-29T01:25:27.460+0000] {logging_mixin.py:151} INFO - [2023-10-29T01:25:27.460+0000] {dagbag.py:536} INFO - Filling up the DagBag from /usr/local/lib/python3.10/dist-packages/airflow/example_dags/example_bash_operator.py
[2023-10-29T01:25:27.473+0000] {processor.py:839} INFO - DAG(s) dict_keys(['example_bash_operator']) retrieved from /usr/local/lib/python3.10/dist-packages/airflow/example_dags/example_bash_operator.py
[2023-10-29T01:25:27.499+0000] {logging_mixin.py:151} INFO - [2023-10-29T01:25:27.499+0000] {dag.py:2941} INFO - Sync 1 DAGs
[2023-10-29T01:25:27.520+0000] {logging_mixin.py:151} INFO - [2023-10-29T01:25:27.520+0000] {dag.py:3722} INFO - Setting next_dagrun for example_bash_operator to 2023-10-28T00:00:00+00:00, run_after=2023-10-29T00:00:00+00:00
[2023-10-29T01:25:27.543+0000] {processor.py:179} INFO - Processing /usr/local/lib/python3.10/dist-packages/airflow/example_dags/example_bash_operator.py took 0.088 seconds
