[2023-10-29T01:01:32.360+0000] {processor.py:157} INFO - Started process (PID=3643) to work on /usr/local/lib/python3.10/dist-packages/airflow/example_dags/example_python_operator.py
[2023-10-29T01:01:32.361+0000] {processor.py:829} INFO - Processing file /usr/local/lib/python3.10/dist-packages/airflow/example_dags/example_python_operator.py for tasks to queue
[2023-10-29T01:01:32.362+0000] {logging_mixin.py:151} INFO - [2023-10-29T01:01:32.362+0000] {dagbag.py:536} INFO - Filling up the DagBag from /usr/local/lib/python3.10/dist-packages/airflow/example_dags/example_python_operator.py
[2023-10-29T01:01:32.371+0000] {logging_mixin.py:151} INFO - [2023-10-29T01:01:32.371+0000] {example_python_operator.py:89} WARNING - The virtalenv_python example task requires virtualenv, please install it.
[2023-10-29T01:01:32.372+0000] {processor.py:839} INFO - DAG(s) dict_keys(['example_python_operator']) retrieved from /usr/local/lib/python3.10/dist-packages/airflow/example_dags/example_python_operator.py
[2023-10-29T01:01:32.481+0000] {logging_mixin.py:151} INFO - [2023-10-29T01:01:32.481+0000] {manager.py:499} INFO - Created Permission View: %s
[2023-10-29T01:01:32.493+0000] {logging_mixin.py:151} INFO - [2023-10-29T01:01:32.493+0000] {manager.py:499} INFO - Created Permission View: %s
[2023-10-29T01:01:32.503+0000] {logging_mixin.py:151} INFO - [2023-10-29T01:01:32.503+0000] {manager.py:499} INFO - Created Permission View: %s
[2023-10-29T01:01:32.503+0000] {logging_mixin.py:151} INFO - [2023-10-29T01:01:32.503+0000] {dag.py:2941} INFO - Sync 1 DAGs
[2023-10-29T01:01:32.514+0000] {logging_mixin.py:151} INFO - [2023-10-29T01:01:32.514+0000] {dag.py:2963} INFO - Creating ORM DAG for example_python_operator
[2023-10-29T01:01:32.514+0000] {logging_mixin.py:151} INFO - [2023-10-29T01:01:32.514+0000] {dag.py:3722} INFO - Setting next_dagrun for example_python_operator to None, run_after=None
[2023-10-29T01:01:32.538+0000] {processor.py:179} INFO - Processing /usr/local/lib/python3.10/dist-packages/airflow/example_dags/example_python_operator.py took 0.181 seconds
[2023-10-29T01:02:21.159+0000] {processor.py:157} INFO - Started process (PID=3691) to work on /usr/local/lib/python3.10/dist-packages/airflow/example_dags/example_python_operator.py
[2023-10-29T01:02:21.161+0000] {processor.py:829} INFO - Processing file /usr/local/lib/python3.10/dist-packages/airflow/example_dags/example_python_operator.py for tasks to queue
[2023-10-29T01:02:21.161+0000] {logging_mixin.py:151} INFO - [2023-10-29T01:02:21.161+0000] {dagbag.py:536} INFO - Filling up the DagBag from /usr/local/lib/python3.10/dist-packages/airflow/example_dags/example_python_operator.py
[2023-10-29T01:02:21.171+0000] {logging_mixin.py:151} INFO - [2023-10-29T01:02:21.171+0000] {example_python_operator.py:89} WARNING - The virtalenv_python example task requires virtualenv, please install it.
[2023-10-29T01:02:21.171+0000] {processor.py:839} INFO - DAG(s) dict_keys(['example_python_operator']) retrieved from /usr/local/lib/python3.10/dist-packages/airflow/example_dags/example_python_operator.py
[2023-10-29T01:02:21.190+0000] {logging_mixin.py:151} INFO - [2023-10-29T01:02:21.189+0000] {dag.py:2941} INFO - Sync 1 DAGs
[2023-10-29T01:02:21.201+0000] {logging_mixin.py:151} INFO - [2023-10-29T01:02:21.201+0000] {dag.py:3722} INFO - Setting next_dagrun for example_python_operator to None, run_after=None
[2023-10-29T01:02:21.222+0000] {processor.py:179} INFO - Processing /usr/local/lib/python3.10/dist-packages/airflow/example_dags/example_python_operator.py took 0.066 seconds
[2023-10-29T01:03:04.782+0000] {processor.py:157} INFO - Started process (PID=3738) to work on /usr/local/lib/python3.10/dist-packages/airflow/example_dags/example_python_operator.py
[2023-10-29T01:03:04.783+0000] {processor.py:829} INFO - Processing file /usr/local/lib/python3.10/dist-packages/airflow/example_dags/example_python_operator.py for tasks to queue
[2023-10-29T01:03:04.784+0000] {logging_mixin.py:151} INFO - [2023-10-29T01:03:04.783+0000] {dagbag.py:536} INFO - Filling up the DagBag from /usr/local/lib/python3.10/dist-packages/airflow/example_dags/example_python_operator.py
[2023-10-29T01:03:04.793+0000] {logging_mixin.py:151} INFO - [2023-10-29T01:03:04.793+0000] {example_python_operator.py:89} WARNING - The virtalenv_python example task requires virtualenv, please install it.
[2023-10-29T01:03:04.794+0000] {processor.py:839} INFO - DAG(s) dict_keys(['example_python_operator']) retrieved from /usr/local/lib/python3.10/dist-packages/airflow/example_dags/example_python_operator.py
[2023-10-29T01:03:04.811+0000] {logging_mixin.py:151} INFO - [2023-10-29T01:03:04.811+0000] {dag.py:2941} INFO - Sync 1 DAGs
[2023-10-29T01:03:04.823+0000] {logging_mixin.py:151} INFO - [2023-10-29T01:03:04.823+0000] {dag.py:3722} INFO - Setting next_dagrun for example_python_operator to None, run_after=None
[2023-10-29T01:03:04.845+0000] {processor.py:179} INFO - Processing /usr/local/lib/python3.10/dist-packages/airflow/example_dags/example_python_operator.py took 0.066 seconds
[2023-10-29T01:03:49.350+0000] {processor.py:157} INFO - Started process (PID=3784) to work on /usr/local/lib/python3.10/dist-packages/airflow/example_dags/example_python_operator.py
[2023-10-29T01:03:49.351+0000] {processor.py:829} INFO - Processing file /usr/local/lib/python3.10/dist-packages/airflow/example_dags/example_python_operator.py for tasks to queue
[2023-10-29T01:03:49.352+0000] {logging_mixin.py:151} INFO - [2023-10-29T01:03:49.351+0000] {dagbag.py:536} INFO - Filling up the DagBag from /usr/local/lib/python3.10/dist-packages/airflow/example_dags/example_python_operator.py
[2023-10-29T01:03:49.361+0000] {logging_mixin.py:151} INFO - [2023-10-29T01:03:49.361+0000] {example_python_operator.py:89} WARNING - The virtalenv_python example task requires virtualenv, please install it.
[2023-10-29T01:03:49.362+0000] {processor.py:839} INFO - DAG(s) dict_keys(['example_python_operator']) retrieved from /usr/local/lib/python3.10/dist-packages/airflow/example_dags/example_python_operator.py
[2023-10-29T01:03:49.380+0000] {logging_mixin.py:151} INFO - [2023-10-29T01:03:49.379+0000] {dag.py:2941} INFO - Sync 1 DAGs
[2023-10-29T01:03:49.391+0000] {logging_mixin.py:151} INFO - [2023-10-29T01:03:49.391+0000] {dag.py:3722} INFO - Setting next_dagrun for example_python_operator to None, run_after=None
[2023-10-29T01:03:49.413+0000] {processor.py:179} INFO - Processing /usr/local/lib/python3.10/dist-packages/airflow/example_dags/example_python_operator.py took 0.066 seconds
[2023-10-29T01:04:38.142+0000] {processor.py:157} INFO - Started process (PID=3837) to work on /usr/local/lib/python3.10/dist-packages/airflow/example_dags/example_python_operator.py
[2023-10-29T01:04:38.144+0000] {processor.py:829} INFO - Processing file /usr/local/lib/python3.10/dist-packages/airflow/example_dags/example_python_operator.py for tasks to queue
[2023-10-29T01:04:38.145+0000] {logging_mixin.py:151} INFO - [2023-10-29T01:04:38.144+0000] {dagbag.py:536} INFO - Filling up the DagBag from /usr/local/lib/python3.10/dist-packages/airflow/example_dags/example_python_operator.py
[2023-10-29T01:04:38.154+0000] {logging_mixin.py:151} INFO - [2023-10-29T01:04:38.154+0000] {example_python_operator.py:89} WARNING - The virtalenv_python example task requires virtualenv, please install it.
[2023-10-29T01:04:38.154+0000] {processor.py:839} INFO - DAG(s) dict_keys(['example_python_operator']) retrieved from /usr/local/lib/python3.10/dist-packages/airflow/example_dags/example_python_operator.py
[2023-10-29T01:04:38.173+0000] {logging_mixin.py:151} INFO - [2023-10-29T01:04:38.172+0000] {dag.py:2941} INFO - Sync 1 DAGs
[2023-10-29T01:04:38.184+0000] {logging_mixin.py:151} INFO - [2023-10-29T01:04:38.184+0000] {dag.py:3722} INFO - Setting next_dagrun for example_python_operator to None, run_after=None
[2023-10-29T01:04:38.207+0000] {processor.py:179} INFO - Processing /usr/local/lib/python3.10/dist-packages/airflow/example_dags/example_python_operator.py took 0.068 seconds
[2023-10-29T01:05:24.724+0000] {processor.py:157} INFO - Started process (PID=3885) to work on /usr/local/lib/python3.10/dist-packages/airflow/example_dags/example_python_operator.py
[2023-10-29T01:05:24.726+0000] {processor.py:829} INFO - Processing file /usr/local/lib/python3.10/dist-packages/airflow/example_dags/example_python_operator.py for tasks to queue
[2023-10-29T01:05:24.727+0000] {logging_mixin.py:151} INFO - [2023-10-29T01:05:24.726+0000] {dagbag.py:536} INFO - Filling up the DagBag from /usr/local/lib/python3.10/dist-packages/airflow/example_dags/example_python_operator.py
[2023-10-29T01:05:24.736+0000] {logging_mixin.py:151} INFO - [2023-10-29T01:05:24.735+0000] {example_python_operator.py:89} WARNING - The virtalenv_python example task requires virtualenv, please install it.
[2023-10-29T01:05:24.736+0000] {processor.py:839} INFO - DAG(s) dict_keys(['example_python_operator']) retrieved from /usr/local/lib/python3.10/dist-packages/airflow/example_dags/example_python_operator.py
[2023-10-29T01:05:24.754+0000] {logging_mixin.py:151} INFO - [2023-10-29T01:05:24.754+0000] {dag.py:2941} INFO - Sync 1 DAGs
[2023-10-29T01:05:24.765+0000] {logging_mixin.py:151} INFO - [2023-10-29T01:05:24.765+0000] {dag.py:3722} INFO - Setting next_dagrun for example_python_operator to None, run_after=None
[2023-10-29T01:05:24.787+0000] {processor.py:179} INFO - Processing /usr/local/lib/python3.10/dist-packages/airflow/example_dags/example_python_operator.py took 0.065 seconds
[2023-10-29T01:06:09.068+0000] {processor.py:157} INFO - Started process (PID=3932) to work on /usr/local/lib/python3.10/dist-packages/airflow/example_dags/example_python_operator.py
[2023-10-29T01:06:09.070+0000] {processor.py:829} INFO - Processing file /usr/local/lib/python3.10/dist-packages/airflow/example_dags/example_python_operator.py for tasks to queue
[2023-10-29T01:06:09.071+0000] {logging_mixin.py:151} INFO - [2023-10-29T01:06:09.070+0000] {dagbag.py:536} INFO - Filling up the DagBag from /usr/local/lib/python3.10/dist-packages/airflow/example_dags/example_python_operator.py
[2023-10-29T01:06:09.080+0000] {logging_mixin.py:151} INFO - [2023-10-29T01:06:09.080+0000] {example_python_operator.py:89} WARNING - The virtalenv_python example task requires virtualenv, please install it.
[2023-10-29T01:06:09.080+0000] {processor.py:839} INFO - DAG(s) dict_keys(['example_python_operator']) retrieved from /usr/local/lib/python3.10/dist-packages/airflow/example_dags/example_python_operator.py
[2023-10-29T01:06:09.098+0000] {logging_mixin.py:151} INFO - [2023-10-29T01:06:09.098+0000] {dag.py:2941} INFO - Sync 1 DAGs
[2023-10-29T01:06:09.110+0000] {logging_mixin.py:151} INFO - [2023-10-29T01:06:09.109+0000] {dag.py:3722} INFO - Setting next_dagrun for example_python_operator to None, run_after=None
[2023-10-29T01:06:09.131+0000] {processor.py:179} INFO - Processing /usr/local/lib/python3.10/dist-packages/airflow/example_dags/example_python_operator.py took 0.066 seconds
[2023-10-29T01:06:55.277+0000] {processor.py:157} INFO - Started process (PID=3982) to work on /usr/local/lib/python3.10/dist-packages/airflow/example_dags/example_python_operator.py
[2023-10-29T01:06:55.278+0000] {processor.py:829} INFO - Processing file /usr/local/lib/python3.10/dist-packages/airflow/example_dags/example_python_operator.py for tasks to queue
[2023-10-29T01:06:55.279+0000] {logging_mixin.py:151} INFO - [2023-10-29T01:06:55.279+0000] {dagbag.py:536} INFO - Filling up the DagBag from /usr/local/lib/python3.10/dist-packages/airflow/example_dags/example_python_operator.py
[2023-10-29T01:06:55.288+0000] {logging_mixin.py:151} INFO - [2023-10-29T01:06:55.288+0000] {example_python_operator.py:89} WARNING - The virtalenv_python example task requires virtualenv, please install it.
[2023-10-29T01:06:55.289+0000] {processor.py:839} INFO - DAG(s) dict_keys(['example_python_operator']) retrieved from /usr/local/lib/python3.10/dist-packages/airflow/example_dags/example_python_operator.py
[2023-10-29T01:06:55.307+0000] {logging_mixin.py:151} INFO - [2023-10-29T01:06:55.306+0000] {dag.py:2941} INFO - Sync 1 DAGs
[2023-10-29T01:06:55.318+0000] {logging_mixin.py:151} INFO - [2023-10-29T01:06:55.318+0000] {dag.py:3722} INFO - Setting next_dagrun for example_python_operator to None, run_after=None
[2023-10-29T01:06:55.341+0000] {processor.py:179} INFO - Processing /usr/local/lib/python3.10/dist-packages/airflow/example_dags/example_python_operator.py took 0.067 seconds
[2023-10-29T01:07:37.973+0000] {processor.py:157} INFO - Started process (PID=4025) to work on /usr/local/lib/python3.10/dist-packages/airflow/example_dags/example_python_operator.py
[2023-10-29T01:07:37.974+0000] {processor.py:829} INFO - Processing file /usr/local/lib/python3.10/dist-packages/airflow/example_dags/example_python_operator.py for tasks to queue
[2023-10-29T01:07:37.975+0000] {logging_mixin.py:151} INFO - [2023-10-29T01:07:37.975+0000] {dagbag.py:536} INFO - Filling up the DagBag from /usr/local/lib/python3.10/dist-packages/airflow/example_dags/example_python_operator.py
[2023-10-29T01:07:37.984+0000] {logging_mixin.py:151} INFO - [2023-10-29T01:07:37.984+0000] {example_python_operator.py:89} WARNING - The virtalenv_python example task requires virtualenv, please install it.
[2023-10-29T01:07:37.985+0000] {processor.py:839} INFO - DAG(s) dict_keys(['example_python_operator']) retrieved from /usr/local/lib/python3.10/dist-packages/airflow/example_dags/example_python_operator.py
[2023-10-29T01:07:38.003+0000] {logging_mixin.py:151} INFO - [2023-10-29T01:07:38.003+0000] {dag.py:2941} INFO - Sync 1 DAGs
[2023-10-29T01:07:38.015+0000] {logging_mixin.py:151} INFO - [2023-10-29T01:07:38.015+0000] {dag.py:3722} INFO - Setting next_dagrun for example_python_operator to None, run_after=None
[2023-10-29T01:07:38.037+0000] {processor.py:179} INFO - Processing /usr/local/lib/python3.10/dist-packages/airflow/example_dags/example_python_operator.py took 0.067 seconds
[2023-10-29T01:08:27.111+0000] {processor.py:157} INFO - Started process (PID=4075) to work on /usr/local/lib/python3.10/dist-packages/airflow/example_dags/example_python_operator.py
[2023-10-29T01:08:27.113+0000] {processor.py:829} INFO - Processing file /usr/local/lib/python3.10/dist-packages/airflow/example_dags/example_python_operator.py for tasks to queue
[2023-10-29T01:08:27.114+0000] {logging_mixin.py:151} INFO - [2023-10-29T01:08:27.113+0000] {dagbag.py:536} INFO - Filling up the DagBag from /usr/local/lib/python3.10/dist-packages/airflow/example_dags/example_python_operator.py
[2023-10-29T01:08:27.123+0000] {logging_mixin.py:151} INFO - [2023-10-29T01:08:27.123+0000] {example_python_operator.py:89} WARNING - The virtalenv_python example task requires virtualenv, please install it.
[2023-10-29T01:08:27.123+0000] {processor.py:839} INFO - DAG(s) dict_keys(['example_python_operator']) retrieved from /usr/local/lib/python3.10/dist-packages/airflow/example_dags/example_python_operator.py
[2023-10-29T01:08:27.141+0000] {logging_mixin.py:151} INFO - [2023-10-29T01:08:27.141+0000] {dag.py:2941} INFO - Sync 1 DAGs
[2023-10-29T01:08:27.152+0000] {logging_mixin.py:151} INFO - [2023-10-29T01:08:27.152+0000] {dag.py:3722} INFO - Setting next_dagrun for example_python_operator to None, run_after=None
[2023-10-29T01:08:27.174+0000] {processor.py:179} INFO - Processing /usr/local/lib/python3.10/dist-packages/airflow/example_dags/example_python_operator.py took 0.066 seconds
[2023-10-29T01:09:15.103+0000] {processor.py:157} INFO - Started process (PID=4123) to work on /usr/local/lib/python3.10/dist-packages/airflow/example_dags/example_python_operator.py
[2023-10-29T01:09:15.105+0000] {processor.py:829} INFO - Processing file /usr/local/lib/python3.10/dist-packages/airflow/example_dags/example_python_operator.py for tasks to queue
[2023-10-29T01:09:15.105+0000] {logging_mixin.py:151} INFO - [2023-10-29T01:09:15.105+0000] {dagbag.py:536} INFO - Filling up the DagBag from /usr/local/lib/python3.10/dist-packages/airflow/example_dags/example_python_operator.py
[2023-10-29T01:09:15.115+0000] {logging_mixin.py:151} INFO - [2023-10-29T01:09:15.114+0000] {example_python_operator.py:89} WARNING - The virtalenv_python example task requires virtualenv, please install it.
[2023-10-29T01:09:15.115+0000] {processor.py:839} INFO - DAG(s) dict_keys(['example_python_operator']) retrieved from /usr/local/lib/python3.10/dist-packages/airflow/example_dags/example_python_operator.py
[2023-10-29T01:09:15.133+0000] {logging_mixin.py:151} INFO - [2023-10-29T01:09:15.133+0000] {dag.py:2941} INFO - Sync 1 DAGs
[2023-10-29T01:09:15.145+0000] {logging_mixin.py:151} INFO - [2023-10-29T01:09:15.145+0000] {dag.py:3722} INFO - Setting next_dagrun for example_python_operator to None, run_after=None
[2023-10-29T01:09:15.166+0000] {processor.py:179} INFO - Processing /usr/local/lib/python3.10/dist-packages/airflow/example_dags/example_python_operator.py took 0.066 seconds
[2023-10-29T01:10:01.695+0000] {processor.py:157} INFO - Started process (PID=4170) to work on /usr/local/lib/python3.10/dist-packages/airflow/example_dags/example_python_operator.py
[2023-10-29T01:10:01.696+0000] {processor.py:829} INFO - Processing file /usr/local/lib/python3.10/dist-packages/airflow/example_dags/example_python_operator.py for tasks to queue
[2023-10-29T01:10:01.697+0000] {logging_mixin.py:151} INFO - [2023-10-29T01:10:01.696+0000] {dagbag.py:536} INFO - Filling up the DagBag from /usr/local/lib/python3.10/dist-packages/airflow/example_dags/example_python_operator.py
[2023-10-29T01:10:01.706+0000] {logging_mixin.py:151} INFO - [2023-10-29T01:10:01.706+0000] {example_python_operator.py:89} WARNING - The virtalenv_python example task requires virtualenv, please install it.
[2023-10-29T01:10:01.707+0000] {processor.py:839} INFO - DAG(s) dict_keys(['example_python_operator']) retrieved from /usr/local/lib/python3.10/dist-packages/airflow/example_dags/example_python_operator.py
[2023-10-29T01:10:01.725+0000] {logging_mixin.py:151} INFO - [2023-10-29T01:10:01.725+0000] {dag.py:2941} INFO - Sync 1 DAGs
[2023-10-29T01:10:01.737+0000] {logging_mixin.py:151} INFO - [2023-10-29T01:10:01.737+0000] {dag.py:3722} INFO - Setting next_dagrun for example_python_operator to None, run_after=None
[2023-10-29T01:10:01.760+0000] {processor.py:179} INFO - Processing /usr/local/lib/python3.10/dist-packages/airflow/example_dags/example_python_operator.py took 0.068 seconds
[2023-10-29T01:10:49.963+0000] {processor.py:157} INFO - Started process (PID=4219) to work on /usr/local/lib/python3.10/dist-packages/airflow/example_dags/example_python_operator.py
[2023-10-29T01:10:49.964+0000] {processor.py:829} INFO - Processing file /usr/local/lib/python3.10/dist-packages/airflow/example_dags/example_python_operator.py for tasks to queue
[2023-10-29T01:10:49.965+0000] {logging_mixin.py:151} INFO - [2023-10-29T01:10:49.965+0000] {dagbag.py:536} INFO - Filling up the DagBag from /usr/local/lib/python3.10/dist-packages/airflow/example_dags/example_python_operator.py
[2023-10-29T01:10:49.974+0000] {logging_mixin.py:151} INFO - [2023-10-29T01:10:49.974+0000] {example_python_operator.py:89} WARNING - The virtalenv_python example task requires virtualenv, please install it.
[2023-10-29T01:10:49.975+0000] {processor.py:839} INFO - DAG(s) dict_keys(['example_python_operator']) retrieved from /usr/local/lib/python3.10/dist-packages/airflow/example_dags/example_python_operator.py
[2023-10-29T01:10:49.993+0000] {logging_mixin.py:151} INFO - [2023-10-29T01:10:49.992+0000] {dag.py:2941} INFO - Sync 1 DAGs
[2023-10-29T01:10:50.004+0000] {logging_mixin.py:151} INFO - [2023-10-29T01:10:50.004+0000] {dag.py:3722} INFO - Setting next_dagrun for example_python_operator to None, run_after=None
[2023-10-29T01:10:50.026+0000] {processor.py:179} INFO - Processing /usr/local/lib/python3.10/dist-packages/airflow/example_dags/example_python_operator.py took 0.066 seconds
[2023-10-29T01:11:35.174+0000] {processor.py:157} INFO - Started process (PID=4496) to work on /usr/local/lib/python3.10/dist-packages/airflow/example_dags/example_python_operator.py
[2023-10-29T01:11:35.175+0000] {processor.py:829} INFO - Processing file /usr/local/lib/python3.10/dist-packages/airflow/example_dags/example_python_operator.py for tasks to queue
[2023-10-29T01:11:35.176+0000] {logging_mixin.py:151} INFO - [2023-10-29T01:11:35.176+0000] {dagbag.py:536} INFO - Filling up the DagBag from /usr/local/lib/python3.10/dist-packages/airflow/example_dags/example_python_operator.py
[2023-10-29T01:11:35.185+0000] {logging_mixin.py:151} INFO - [2023-10-29T01:11:35.185+0000] {example_python_operator.py:89} WARNING - The virtalenv_python example task requires virtualenv, please install it.
[2023-10-29T01:11:35.186+0000] {processor.py:839} INFO - DAG(s) dict_keys(['example_python_operator']) retrieved from /usr/local/lib/python3.10/dist-packages/airflow/example_dags/example_python_operator.py
[2023-10-29T01:11:35.203+0000] {logging_mixin.py:151} INFO - [2023-10-29T01:11:35.203+0000] {dag.py:2941} INFO - Sync 1 DAGs
[2023-10-29T01:11:35.215+0000] {logging_mixin.py:151} INFO - [2023-10-29T01:11:35.215+0000] {dag.py:3722} INFO - Setting next_dagrun for example_python_operator to None, run_after=None
[2023-10-29T01:11:35.236+0000] {processor.py:179} INFO - Processing /usr/local/lib/python3.10/dist-packages/airflow/example_dags/example_python_operator.py took 0.065 seconds
[2023-10-29T01:12:22.862+0000] {processor.py:157} INFO - Started process (PID=4690) to work on /usr/local/lib/python3.10/dist-packages/airflow/example_dags/example_python_operator.py
[2023-10-29T01:12:22.863+0000] {processor.py:829} INFO - Processing file /usr/local/lib/python3.10/dist-packages/airflow/example_dags/example_python_operator.py for tasks to queue
[2023-10-29T01:12:22.864+0000] {logging_mixin.py:151} INFO - [2023-10-29T01:12:22.863+0000] {dagbag.py:536} INFO - Filling up the DagBag from /usr/local/lib/python3.10/dist-packages/airflow/example_dags/example_python_operator.py
[2023-10-29T01:12:22.873+0000] {logging_mixin.py:151} INFO - [2023-10-29T01:12:22.873+0000] {example_python_operator.py:89} WARNING - The virtalenv_python example task requires virtualenv, please install it.
[2023-10-29T01:12:22.874+0000] {processor.py:839} INFO - DAG(s) dict_keys(['example_python_operator']) retrieved from /usr/local/lib/python3.10/dist-packages/airflow/example_dags/example_python_operator.py
[2023-10-29T01:12:22.891+0000] {logging_mixin.py:151} INFO - [2023-10-29T01:12:22.891+0000] {dag.py:2941} INFO - Sync 1 DAGs
[2023-10-29T01:12:22.902+0000] {logging_mixin.py:151} INFO - [2023-10-29T01:12:22.902+0000] {dag.py:3722} INFO - Setting next_dagrun for example_python_operator to None, run_after=None
[2023-10-29T01:12:22.925+0000] {processor.py:179} INFO - Processing /usr/local/lib/python3.10/dist-packages/airflow/example_dags/example_python_operator.py took 0.066 seconds
[2023-10-29T01:13:04.154+0000] {processor.py:157} INFO - Started process (PID=4740) to work on /usr/local/lib/python3.10/dist-packages/airflow/example_dags/example_python_operator.py
[2023-10-29T01:13:04.155+0000] {processor.py:829} INFO - Processing file /usr/local/lib/python3.10/dist-packages/airflow/example_dags/example_python_operator.py for tasks to queue
[2023-10-29T01:13:04.156+0000] {logging_mixin.py:151} INFO - [2023-10-29T01:13:04.156+0000] {dagbag.py:536} INFO - Filling up the DagBag from /usr/local/lib/python3.10/dist-packages/airflow/example_dags/example_python_operator.py
[2023-10-29T01:13:04.165+0000] {logging_mixin.py:151} INFO - [2023-10-29T01:13:04.165+0000] {example_python_operator.py:89} WARNING - The virtalenv_python example task requires virtualenv, please install it.
[2023-10-29T01:13:04.166+0000] {processor.py:839} INFO - DAG(s) dict_keys(['example_python_operator']) retrieved from /usr/local/lib/python3.10/dist-packages/airflow/example_dags/example_python_operator.py
[2023-10-29T01:13:04.184+0000] {logging_mixin.py:151} INFO - [2023-10-29T01:13:04.184+0000] {dag.py:2941} INFO - Sync 1 DAGs
[2023-10-29T01:13:04.196+0000] {logging_mixin.py:151} INFO - [2023-10-29T01:13:04.196+0000] {dag.py:3722} INFO - Setting next_dagrun for example_python_operator to None, run_after=None
[2023-10-29T01:13:04.218+0000] {processor.py:179} INFO - Processing /usr/local/lib/python3.10/dist-packages/airflow/example_dags/example_python_operator.py took 0.067 seconds
[2023-10-29T01:13:54.452+0000] {processor.py:157} INFO - Started process (PID=4795) to work on /usr/local/lib/python3.10/dist-packages/airflow/example_dags/example_python_operator.py
[2023-10-29T01:13:54.454+0000] {processor.py:829} INFO - Processing file /usr/local/lib/python3.10/dist-packages/airflow/example_dags/example_python_operator.py for tasks to queue
[2023-10-29T01:13:54.454+0000] {logging_mixin.py:151} INFO - [2023-10-29T01:13:54.454+0000] {dagbag.py:536} INFO - Filling up the DagBag from /usr/local/lib/python3.10/dist-packages/airflow/example_dags/example_python_operator.py
[2023-10-29T01:13:54.464+0000] {logging_mixin.py:151} INFO - [2023-10-29T01:13:54.463+0000] {example_python_operator.py:89} WARNING - The virtalenv_python example task requires virtualenv, please install it.
[2023-10-29T01:13:54.464+0000] {processor.py:839} INFO - DAG(s) dict_keys(['example_python_operator']) retrieved from /usr/local/lib/python3.10/dist-packages/airflow/example_dags/example_python_operator.py
[2023-10-29T01:13:54.482+0000] {logging_mixin.py:151} INFO - [2023-10-29T01:13:54.482+0000] {dag.py:2941} INFO - Sync 1 DAGs
[2023-10-29T01:13:54.494+0000] {logging_mixin.py:151} INFO - [2023-10-29T01:13:54.494+0000] {dag.py:3722} INFO - Setting next_dagrun for example_python_operator to None, run_after=None
[2023-10-29T01:13:54.516+0000] {processor.py:179} INFO - Processing /usr/local/lib/python3.10/dist-packages/airflow/example_dags/example_python_operator.py took 0.067 seconds
[2023-10-29T01:14:39.417+0000] {processor.py:157} INFO - Started process (PID=4843) to work on /usr/local/lib/python3.10/dist-packages/airflow/example_dags/example_python_operator.py
[2023-10-29T01:14:39.419+0000] {processor.py:829} INFO - Processing file /usr/local/lib/python3.10/dist-packages/airflow/example_dags/example_python_operator.py for tasks to queue
[2023-10-29T01:14:39.420+0000] {logging_mixin.py:151} INFO - [2023-10-29T01:14:39.419+0000] {dagbag.py:536} INFO - Filling up the DagBag from /usr/local/lib/python3.10/dist-packages/airflow/example_dags/example_python_operator.py
[2023-10-29T01:14:39.429+0000] {logging_mixin.py:151} INFO - [2023-10-29T01:14:39.429+0000] {example_python_operator.py:89} WARNING - The virtalenv_python example task requires virtualenv, please install it.
[2023-10-29T01:14:39.429+0000] {processor.py:839} INFO - DAG(s) dict_keys(['example_python_operator']) retrieved from /usr/local/lib/python3.10/dist-packages/airflow/example_dags/example_python_operator.py
[2023-10-29T01:14:39.447+0000] {logging_mixin.py:151} INFO - [2023-10-29T01:14:39.447+0000] {dag.py:2941} INFO - Sync 1 DAGs
[2023-10-29T01:14:39.459+0000] {logging_mixin.py:151} INFO - [2023-10-29T01:14:39.459+0000] {dag.py:3722} INFO - Setting next_dagrun for example_python_operator to None, run_after=None
[2023-10-29T01:14:39.534+0000] {processor.py:179} INFO - Processing /usr/local/lib/python3.10/dist-packages/airflow/example_dags/example_python_operator.py took 0.119 seconds
[2023-10-29T01:15:23.270+0000] {processor.py:157} INFO - Started process (PID=4888) to work on /usr/local/lib/python3.10/dist-packages/airflow/example_dags/example_python_operator.py
[2023-10-29T01:15:23.271+0000] {processor.py:829} INFO - Processing file /usr/local/lib/python3.10/dist-packages/airflow/example_dags/example_python_operator.py for tasks to queue
[2023-10-29T01:15:23.272+0000] {logging_mixin.py:151} INFO - [2023-10-29T01:15:23.272+0000] {dagbag.py:536} INFO - Filling up the DagBag from /usr/local/lib/python3.10/dist-packages/airflow/example_dags/example_python_operator.py
[2023-10-29T01:15:23.281+0000] {logging_mixin.py:151} INFO - [2023-10-29T01:15:23.281+0000] {example_python_operator.py:89} WARNING - The virtalenv_python example task requires virtualenv, please install it.
[2023-10-29T01:15:23.282+0000] {processor.py:839} INFO - DAG(s) dict_keys(['example_python_operator']) retrieved from /usr/local/lib/python3.10/dist-packages/airflow/example_dags/example_python_operator.py
[2023-10-29T01:15:23.300+0000] {logging_mixin.py:151} INFO - [2023-10-29T01:15:23.300+0000] {dag.py:2941} INFO - Sync 1 DAGs
[2023-10-29T01:15:23.312+0000] {logging_mixin.py:151} INFO - [2023-10-29T01:15:23.312+0000] {dag.py:3722} INFO - Setting next_dagrun for example_python_operator to None, run_after=None
[2023-10-29T01:15:23.333+0000] {processor.py:179} INFO - Processing /usr/local/lib/python3.10/dist-packages/airflow/example_dags/example_python_operator.py took 0.067 seconds
[2023-10-29T01:16:08.250+0000] {processor.py:157} INFO - Started process (PID=4934) to work on /usr/local/lib/python3.10/dist-packages/airflow/example_dags/example_python_operator.py
[2023-10-29T01:16:08.251+0000] {processor.py:829} INFO - Processing file /usr/local/lib/python3.10/dist-packages/airflow/example_dags/example_python_operator.py for tasks to queue
[2023-10-29T01:16:08.252+0000] {logging_mixin.py:151} INFO - [2023-10-29T01:16:08.252+0000] {dagbag.py:536} INFO - Filling up the DagBag from /usr/local/lib/python3.10/dist-packages/airflow/example_dags/example_python_operator.py
[2023-10-29T01:16:08.261+0000] {logging_mixin.py:151} INFO - [2023-10-29T01:16:08.261+0000] {example_python_operator.py:89} WARNING - The virtalenv_python example task requires virtualenv, please install it.
[2023-10-29T01:16:08.262+0000] {processor.py:839} INFO - DAG(s) dict_keys(['example_python_operator']) retrieved from /usr/local/lib/python3.10/dist-packages/airflow/example_dags/example_python_operator.py
[2023-10-29T01:16:08.280+0000] {logging_mixin.py:151} INFO - [2023-10-29T01:16:08.280+0000] {dag.py:2941} INFO - Sync 1 DAGs
[2023-10-29T01:16:08.292+0000] {logging_mixin.py:151} INFO - [2023-10-29T01:16:08.292+0000] {dag.py:3722} INFO - Setting next_dagrun for example_python_operator to None, run_after=None
[2023-10-29T01:16:08.314+0000] {processor.py:179} INFO - Processing /usr/local/lib/python3.10/dist-packages/airflow/example_dags/example_python_operator.py took 0.067 seconds
[2023-10-29T01:16:55.875+0000] {processor.py:157} INFO - Started process (PID=4983) to work on /usr/local/lib/python3.10/dist-packages/airflow/example_dags/example_python_operator.py
[2023-10-29T01:16:55.876+0000] {processor.py:829} INFO - Processing file /usr/local/lib/python3.10/dist-packages/airflow/example_dags/example_python_operator.py for tasks to queue
[2023-10-29T01:16:55.877+0000] {logging_mixin.py:151} INFO - [2023-10-29T01:16:55.877+0000] {dagbag.py:536} INFO - Filling up the DagBag from /usr/local/lib/python3.10/dist-packages/airflow/example_dags/example_python_operator.py
[2023-10-29T01:16:55.887+0000] {logging_mixin.py:151} INFO - [2023-10-29T01:16:55.887+0000] {example_python_operator.py:89} WARNING - The virtalenv_python example task requires virtualenv, please install it.
[2023-10-29T01:16:55.887+0000] {processor.py:839} INFO - DAG(s) dict_keys(['example_python_operator']) retrieved from /usr/local/lib/python3.10/dist-packages/airflow/example_dags/example_python_operator.py
[2023-10-29T01:16:55.905+0000] {logging_mixin.py:151} INFO - [2023-10-29T01:16:55.905+0000] {dag.py:2941} INFO - Sync 1 DAGs
[2023-10-29T01:16:55.917+0000] {logging_mixin.py:151} INFO - [2023-10-29T01:16:55.917+0000] {dag.py:3722} INFO - Setting next_dagrun for example_python_operator to None, run_after=None
[2023-10-29T01:16:55.939+0000] {processor.py:179} INFO - Processing /usr/local/lib/python3.10/dist-packages/airflow/example_dags/example_python_operator.py took 0.067 seconds
[2023-10-29T01:17:42.605+0000] {processor.py:157} INFO - Started process (PID=5033) to work on /usr/local/lib/python3.10/dist-packages/airflow/example_dags/example_python_operator.py
[2023-10-29T01:17:42.607+0000] {processor.py:829} INFO - Processing file /usr/local/lib/python3.10/dist-packages/airflow/example_dags/example_python_operator.py for tasks to queue
[2023-10-29T01:17:42.608+0000] {logging_mixin.py:151} INFO - [2023-10-29T01:17:42.607+0000] {dagbag.py:536} INFO - Filling up the DagBag from /usr/local/lib/python3.10/dist-packages/airflow/example_dags/example_python_operator.py
[2023-10-29T01:17:42.617+0000] {logging_mixin.py:151} INFO - [2023-10-29T01:17:42.617+0000] {example_python_operator.py:89} WARNING - The virtalenv_python example task requires virtualenv, please install it.
[2023-10-29T01:17:42.617+0000] {processor.py:839} INFO - DAG(s) dict_keys(['example_python_operator']) retrieved from /usr/local/lib/python3.10/dist-packages/airflow/example_dags/example_python_operator.py
[2023-10-29T01:17:42.635+0000] {logging_mixin.py:151} INFO - [2023-10-29T01:17:42.635+0000] {dag.py:2941} INFO - Sync 1 DAGs
[2023-10-29T01:17:42.648+0000] {logging_mixin.py:151} INFO - [2023-10-29T01:17:42.648+0000] {dag.py:3722} INFO - Setting next_dagrun for example_python_operator to None, run_after=None
[2023-10-29T01:17:42.669+0000] {processor.py:179} INFO - Processing /usr/local/lib/python3.10/dist-packages/airflow/example_dags/example_python_operator.py took 0.066 seconds
[2023-10-29T01:18:28.933+0000] {processor.py:157} INFO - Started process (PID=5080) to work on /usr/local/lib/python3.10/dist-packages/airflow/example_dags/example_python_operator.py
[2023-10-29T01:18:28.935+0000] {processor.py:829} INFO - Processing file /usr/local/lib/python3.10/dist-packages/airflow/example_dags/example_python_operator.py for tasks to queue
[2023-10-29T01:18:28.936+0000] {logging_mixin.py:151} INFO - [2023-10-29T01:18:28.935+0000] {dagbag.py:536} INFO - Filling up the DagBag from /usr/local/lib/python3.10/dist-packages/airflow/example_dags/example_python_operator.py
[2023-10-29T01:18:28.945+0000] {logging_mixin.py:151} INFO - [2023-10-29T01:18:28.945+0000] {example_python_operator.py:89} WARNING - The virtalenv_python example task requires virtualenv, please install it.
[2023-10-29T01:18:28.945+0000] {processor.py:839} INFO - DAG(s) dict_keys(['example_python_operator']) retrieved from /usr/local/lib/python3.10/dist-packages/airflow/example_dags/example_python_operator.py
[2023-10-29T01:18:28.964+0000] {logging_mixin.py:151} INFO - [2023-10-29T01:18:28.963+0000] {dag.py:2941} INFO - Sync 1 DAGs
[2023-10-29T01:18:28.975+0000] {logging_mixin.py:151} INFO - [2023-10-29T01:18:28.975+0000] {dag.py:3722} INFO - Setting next_dagrun for example_python_operator to None, run_after=None
[2023-10-29T01:18:28.997+0000] {processor.py:179} INFO - Processing /usr/local/lib/python3.10/dist-packages/airflow/example_dags/example_python_operator.py took 0.067 seconds
[2023-10-29T01:19:15.335+0000] {processor.py:157} INFO - Started process (PID=5127) to work on /usr/local/lib/python3.10/dist-packages/airflow/example_dags/example_python_operator.py
[2023-10-29T01:19:15.336+0000] {processor.py:829} INFO - Processing file /usr/local/lib/python3.10/dist-packages/airflow/example_dags/example_python_operator.py for tasks to queue
[2023-10-29T01:19:15.337+0000] {logging_mixin.py:151} INFO - [2023-10-29T01:19:15.336+0000] {dagbag.py:536} INFO - Filling up the DagBag from /usr/local/lib/python3.10/dist-packages/airflow/example_dags/example_python_operator.py
[2023-10-29T01:19:15.346+0000] {logging_mixin.py:151} INFO - [2023-10-29T01:19:15.346+0000] {example_python_operator.py:89} WARNING - The virtalenv_python example task requires virtualenv, please install it.
[2023-10-29T01:19:15.347+0000] {processor.py:839} INFO - DAG(s) dict_keys(['example_python_operator']) retrieved from /usr/local/lib/python3.10/dist-packages/airflow/example_dags/example_python_operator.py
[2023-10-29T01:19:15.365+0000] {logging_mixin.py:151} INFO - [2023-10-29T01:19:15.365+0000] {dag.py:2941} INFO - Sync 1 DAGs
[2023-10-29T01:19:15.379+0000] {logging_mixin.py:151} INFO - [2023-10-29T01:19:15.378+0000] {dag.py:3722} INFO - Setting next_dagrun for example_python_operator to None, run_after=None
[2023-10-29T01:19:15.400+0000] {processor.py:179} INFO - Processing /usr/local/lib/python3.10/dist-packages/airflow/example_dags/example_python_operator.py took 0.069 seconds
[2023-10-29T01:20:05.170+0000] {processor.py:157} INFO - Started process (PID=5178) to work on /usr/local/lib/python3.10/dist-packages/airflow/example_dags/example_python_operator.py
[2023-10-29T01:20:05.171+0000] {processor.py:829} INFO - Processing file /usr/local/lib/python3.10/dist-packages/airflow/example_dags/example_python_operator.py for tasks to queue
[2023-10-29T01:20:05.172+0000] {logging_mixin.py:151} INFO - [2023-10-29T01:20:05.172+0000] {dagbag.py:536} INFO - Filling up the DagBag from /usr/local/lib/python3.10/dist-packages/airflow/example_dags/example_python_operator.py
[2023-10-29T01:20:05.181+0000] {logging_mixin.py:151} INFO - [2023-10-29T01:20:05.181+0000] {example_python_operator.py:89} WARNING - The virtalenv_python example task requires virtualenv, please install it.
[2023-10-29T01:20:05.182+0000] {processor.py:839} INFO - DAG(s) dict_keys(['example_python_operator']) retrieved from /usr/local/lib/python3.10/dist-packages/airflow/example_dags/example_python_operator.py
[2023-10-29T01:20:05.200+0000] {logging_mixin.py:151} INFO - [2023-10-29T01:20:05.199+0000] {dag.py:2941} INFO - Sync 1 DAGs
[2023-10-29T01:20:05.211+0000] {logging_mixin.py:151} INFO - [2023-10-29T01:20:05.211+0000] {dag.py:3722} INFO - Setting next_dagrun for example_python_operator to None, run_after=None
[2023-10-29T01:20:05.233+0000] {processor.py:179} INFO - Processing /usr/local/lib/python3.10/dist-packages/airflow/example_dags/example_python_operator.py took 0.066 seconds
[2023-10-29T01:20:50.055+0000] {processor.py:157} INFO - Started process (PID=5224) to work on /usr/local/lib/python3.10/dist-packages/airflow/example_dags/example_python_operator.py
[2023-10-29T01:20:50.057+0000] {processor.py:829} INFO - Processing file /usr/local/lib/python3.10/dist-packages/airflow/example_dags/example_python_operator.py for tasks to queue
[2023-10-29T01:20:50.058+0000] {logging_mixin.py:151} INFO - [2023-10-29T01:20:50.057+0000] {dagbag.py:536} INFO - Filling up the DagBag from /usr/local/lib/python3.10/dist-packages/airflow/example_dags/example_python_operator.py
[2023-10-29T01:20:50.067+0000] {logging_mixin.py:151} INFO - [2023-10-29T01:20:50.067+0000] {example_python_operator.py:89} WARNING - The virtalenv_python example task requires virtualenv, please install it.
[2023-10-29T01:20:50.067+0000] {processor.py:839} INFO - DAG(s) dict_keys(['example_python_operator']) retrieved from /usr/local/lib/python3.10/dist-packages/airflow/example_dags/example_python_operator.py
[2023-10-29T01:20:50.085+0000] {logging_mixin.py:151} INFO - [2023-10-29T01:20:50.085+0000] {dag.py:2941} INFO - Sync 1 DAGs
[2023-10-29T01:20:50.097+0000] {logging_mixin.py:151} INFO - [2023-10-29T01:20:50.097+0000] {dag.py:3722} INFO - Setting next_dagrun for example_python_operator to None, run_after=None
[2023-10-29T01:20:50.119+0000] {processor.py:179} INFO - Processing /usr/local/lib/python3.10/dist-packages/airflow/example_dags/example_python_operator.py took 0.066 seconds
[2023-10-29T01:21:35.207+0000] {processor.py:157} INFO - Started process (PID=5271) to work on /usr/local/lib/python3.10/dist-packages/airflow/example_dags/example_python_operator.py
[2023-10-29T01:21:35.209+0000] {processor.py:829} INFO - Processing file /usr/local/lib/python3.10/dist-packages/airflow/example_dags/example_python_operator.py for tasks to queue
[2023-10-29T01:21:35.209+0000] {logging_mixin.py:151} INFO - [2023-10-29T01:21:35.209+0000] {dagbag.py:536} INFO - Filling up the DagBag from /usr/local/lib/python3.10/dist-packages/airflow/example_dags/example_python_operator.py
[2023-10-29T01:21:35.219+0000] {logging_mixin.py:151} INFO - [2023-10-29T01:21:35.218+0000] {example_python_operator.py:89} WARNING - The virtalenv_python example task requires virtualenv, please install it.
[2023-10-29T01:21:35.219+0000] {processor.py:839} INFO - DAG(s) dict_keys(['example_python_operator']) retrieved from /usr/local/lib/python3.10/dist-packages/airflow/example_dags/example_python_operator.py
[2023-10-29T01:21:35.237+0000] {logging_mixin.py:151} INFO - [2023-10-29T01:21:35.237+0000] {dag.py:2941} INFO - Sync 1 DAGs
[2023-10-29T01:21:35.248+0000] {logging_mixin.py:151} INFO - [2023-10-29T01:21:35.248+0000] {dag.py:3722} INFO - Setting next_dagrun for example_python_operator to None, run_after=None
[2023-10-29T01:21:35.270+0000] {processor.py:179} INFO - Processing /usr/local/lib/python3.10/dist-packages/airflow/example_dags/example_python_operator.py took 0.066 seconds
[2023-10-29T01:22:24.481+0000] {processor.py:157} INFO - Started process (PID=5323) to work on /usr/local/lib/python3.10/dist-packages/airflow/example_dags/example_python_operator.py
[2023-10-29T01:22:24.482+0000] {processor.py:829} INFO - Processing file /usr/local/lib/python3.10/dist-packages/airflow/example_dags/example_python_operator.py for tasks to queue
[2023-10-29T01:22:24.483+0000] {logging_mixin.py:151} INFO - [2023-10-29T01:22:24.483+0000] {dagbag.py:536} INFO - Filling up the DagBag from /usr/local/lib/python3.10/dist-packages/airflow/example_dags/example_python_operator.py
[2023-10-29T01:22:24.493+0000] {logging_mixin.py:151} INFO - [2023-10-29T01:22:24.492+0000] {example_python_operator.py:89} WARNING - The virtalenv_python example task requires virtualenv, please install it.
[2023-10-29T01:22:24.493+0000] {processor.py:839} INFO - DAG(s) dict_keys(['example_python_operator']) retrieved from /usr/local/lib/python3.10/dist-packages/airflow/example_dags/example_python_operator.py
[2023-10-29T01:22:24.511+0000] {logging_mixin.py:151} INFO - [2023-10-29T01:22:24.511+0000] {dag.py:2941} INFO - Sync 1 DAGs
[2023-10-29T01:22:24.523+0000] {logging_mixin.py:151} INFO - [2023-10-29T01:22:24.523+0000] {dag.py:3722} INFO - Setting next_dagrun for example_python_operator to None, run_after=None
[2023-10-29T01:22:24.545+0000] {processor.py:179} INFO - Processing /usr/local/lib/python3.10/dist-packages/airflow/example_dags/example_python_operator.py took 0.068 seconds
[2023-10-29T01:23:11.116+0000] {processor.py:157} INFO - Started process (PID=5371) to work on /usr/local/lib/python3.10/dist-packages/airflow/example_dags/example_python_operator.py
[2023-10-29T01:23:11.117+0000] {processor.py:829} INFO - Processing file /usr/local/lib/python3.10/dist-packages/airflow/example_dags/example_python_operator.py for tasks to queue
[2023-10-29T01:23:11.118+0000] {logging_mixin.py:151} INFO - [2023-10-29T01:23:11.118+0000] {dagbag.py:536} INFO - Filling up the DagBag from /usr/local/lib/python3.10/dist-packages/airflow/example_dags/example_python_operator.py
[2023-10-29T01:23:11.127+0000] {logging_mixin.py:151} INFO - [2023-10-29T01:23:11.127+0000] {example_python_operator.py:89} WARNING - The virtalenv_python example task requires virtualenv, please install it.
[2023-10-29T01:23:11.128+0000] {processor.py:839} INFO - DAG(s) dict_keys(['example_python_operator']) retrieved from /usr/local/lib/python3.10/dist-packages/airflow/example_dags/example_python_operator.py
[2023-10-29T01:23:11.145+0000] {logging_mixin.py:151} INFO - [2023-10-29T01:23:11.145+0000] {dag.py:2941} INFO - Sync 1 DAGs
[2023-10-29T01:23:11.157+0000] {logging_mixin.py:151} INFO - [2023-10-29T01:23:11.156+0000] {dag.py:3722} INFO - Setting next_dagrun for example_python_operator to None, run_after=None
[2023-10-29T01:23:11.177+0000] {processor.py:179} INFO - Processing /usr/local/lib/python3.10/dist-packages/airflow/example_dags/example_python_operator.py took 0.064 seconds
[2023-10-29T01:24:02.638+0000] {processor.py:157} INFO - Started process (PID=5422) to work on /usr/local/lib/python3.10/dist-packages/airflow/example_dags/example_python_operator.py
[2023-10-29T01:24:02.639+0000] {processor.py:829} INFO - Processing file /usr/local/lib/python3.10/dist-packages/airflow/example_dags/example_python_operator.py for tasks to queue
[2023-10-29T01:24:02.640+0000] {logging_mixin.py:151} INFO - [2023-10-29T01:24:02.640+0000] {dagbag.py:536} INFO - Filling up the DagBag from /usr/local/lib/python3.10/dist-packages/airflow/example_dags/example_python_operator.py
[2023-10-29T01:24:02.650+0000] {logging_mixin.py:151} INFO - [2023-10-29T01:24:02.650+0000] {example_python_operator.py:89} WARNING - The virtalenv_python example task requires virtualenv, please install it.
[2023-10-29T01:24:02.650+0000] {processor.py:839} INFO - DAG(s) dict_keys(['example_python_operator']) retrieved from /usr/local/lib/python3.10/dist-packages/airflow/example_dags/example_python_operator.py
[2023-10-29T01:24:02.670+0000] {logging_mixin.py:151} INFO - [2023-10-29T01:24:02.670+0000] {dag.py:2941} INFO - Sync 1 DAGs
[2023-10-29T01:24:02.683+0000] {logging_mixin.py:151} INFO - [2023-10-29T01:24:02.683+0000] {dag.py:3722} INFO - Setting next_dagrun for example_python_operator to None, run_after=None
[2023-10-29T01:24:02.708+0000] {processor.py:179} INFO - Processing /usr/local/lib/python3.10/dist-packages/airflow/example_dags/example_python_operator.py took 0.073 seconds
[2023-10-29T01:24:53.225+0000] {processor.py:157} INFO - Started process (PID=5473) to work on /usr/local/lib/python3.10/dist-packages/airflow/example_dags/example_python_operator.py
[2023-10-29T01:24:53.226+0000] {processor.py:829} INFO - Processing file /usr/local/lib/python3.10/dist-packages/airflow/example_dags/example_python_operator.py for tasks to queue
[2023-10-29T01:24:53.227+0000] {logging_mixin.py:151} INFO - [2023-10-29T01:24:53.227+0000] {dagbag.py:536} INFO - Filling up the DagBag from /usr/local/lib/python3.10/dist-packages/airflow/example_dags/example_python_operator.py
[2023-10-29T01:24:53.236+0000] {logging_mixin.py:151} INFO - [2023-10-29T01:24:53.236+0000] {example_python_operator.py:89} WARNING - The virtalenv_python example task requires virtualenv, please install it.
[2023-10-29T01:24:53.237+0000] {processor.py:839} INFO - DAG(s) dict_keys(['example_python_operator']) retrieved from /usr/local/lib/python3.10/dist-packages/airflow/example_dags/example_python_operator.py
[2023-10-29T01:24:53.255+0000] {logging_mixin.py:151} INFO - [2023-10-29T01:24:53.254+0000] {dag.py:2941} INFO - Sync 1 DAGs
[2023-10-29T01:24:53.266+0000] {logging_mixin.py:151} INFO - [2023-10-29T01:24:53.266+0000] {dag.py:3722} INFO - Setting next_dagrun for example_python_operator to None, run_after=None
[2023-10-29T01:24:53.289+0000] {processor.py:179} INFO - Processing /usr/local/lib/python3.10/dist-packages/airflow/example_dags/example_python_operator.py took 0.067 seconds
[2023-10-29T01:25:41.964+0000] {processor.py:157} INFO - Started process (PID=5523) to work on /usr/local/lib/python3.10/dist-packages/airflow/example_dags/example_python_operator.py
[2023-10-29T01:25:41.965+0000] {processor.py:829} INFO - Processing file /usr/local/lib/python3.10/dist-packages/airflow/example_dags/example_python_operator.py for tasks to queue
[2023-10-29T01:25:41.966+0000] {logging_mixin.py:151} INFO - [2023-10-29T01:25:41.965+0000] {dagbag.py:536} INFO - Filling up the DagBag from /usr/local/lib/python3.10/dist-packages/airflow/example_dags/example_python_operator.py
[2023-10-29T01:25:41.975+0000] {logging_mixin.py:151} INFO - [2023-10-29T01:25:41.975+0000] {example_python_operator.py:89} WARNING - The virtalenv_python example task requires virtualenv, please install it.
[2023-10-29T01:25:41.975+0000] {processor.py:839} INFO - DAG(s) dict_keys(['example_python_operator']) retrieved from /usr/local/lib/python3.10/dist-packages/airflow/example_dags/example_python_operator.py
[2023-10-29T01:25:41.993+0000] {logging_mixin.py:151} INFO - [2023-10-29T01:25:41.992+0000] {dag.py:2941} INFO - Sync 1 DAGs
[2023-10-29T01:25:42.004+0000] {logging_mixin.py:151} INFO - [2023-10-29T01:25:42.004+0000] {dag.py:3722} INFO - Setting next_dagrun for example_python_operator to None, run_after=None
[2023-10-29T01:25:42.027+0000] {processor.py:179} INFO - Processing /usr/local/lib/python3.10/dist-packages/airflow/example_dags/example_python_operator.py took 0.066 seconds
