[2023-10-29T01:01:10.859+0000] {processor.py:157} INFO - Started process (PID=3621) to work on /usr/local/lib/python3.10/dist-packages/airflow/example_dags/example_task_group_decorator.py
[2023-10-29T01:01:10.860+0000] {processor.py:829} INFO - Processing file /usr/local/lib/python3.10/dist-packages/airflow/example_dags/example_task_group_decorator.py for tasks to queue
[2023-10-29T01:01:10.861+0000] {logging_mixin.py:151} INFO - [2023-10-29T01:01:10.860+0000] {dagbag.py:536} INFO - Filling up the DagBag from /usr/local/lib/python3.10/dist-packages/airflow/example_dags/example_task_group_decorator.py
[2023-10-29T01:01:10.881+0000] {processor.py:839} INFO - DAG(s) dict_keys(['example_task_group_decorator']) retrieved from /usr/local/lib/python3.10/dist-packages/airflow/example_dags/example_task_group_decorator.py
[2023-10-29T01:01:11.096+0000] {logging_mixin.py:151} INFO - [2023-10-29T01:01:11.096+0000] {manager.py:499} INFO - Created Permission View: %s
[2023-10-29T01:01:11.108+0000] {logging_mixin.py:151} INFO - [2023-10-29T01:01:11.108+0000] {manager.py:499} INFO - Created Permission View: %s
[2023-10-29T01:01:11.119+0000] {logging_mixin.py:151} INFO - [2023-10-29T01:01:11.118+0000] {manager.py:499} INFO - Created Permission View: %s
[2023-10-29T01:01:11.119+0000] {logging_mixin.py:151} INFO - [2023-10-29T01:01:11.119+0000] {dag.py:2941} INFO - Sync 1 DAGs
[2023-10-29T01:01:11.129+0000] {logging_mixin.py:151} INFO - [2023-10-29T01:01:11.129+0000] {dag.py:2963} INFO - Creating ORM DAG for example_task_group_decorator
[2023-10-29T01:01:11.138+0000] {logging_mixin.py:151} INFO - [2023-10-29T01:01:11.138+0000] {dag.py:3722} INFO - Setting next_dagrun for example_task_group_decorator to 2023-10-28T01:01:11.137842+00:00, run_after=2023-10-29T01:01:11.137842+00:00
[2023-10-29T01:01:11.160+0000] {processor.py:179} INFO - Processing /usr/local/lib/python3.10/dist-packages/airflow/example_dags/example_task_group_decorator.py took 0.304 seconds
[2023-10-29T01:02:01.602+0000] {processor.py:157} INFO - Started process (PID=3672) to work on /usr/local/lib/python3.10/dist-packages/airflow/example_dags/example_task_group_decorator.py
[2023-10-29T01:02:01.603+0000] {processor.py:829} INFO - Processing file /usr/local/lib/python3.10/dist-packages/airflow/example_dags/example_task_group_decorator.py for tasks to queue
[2023-10-29T01:02:01.604+0000] {logging_mixin.py:151} INFO - [2023-10-29T01:02:01.604+0000] {dagbag.py:536} INFO - Filling up the DagBag from /usr/local/lib/python3.10/dist-packages/airflow/example_dags/example_task_group_decorator.py
[2023-10-29T01:02:01.621+0000] {processor.py:839} INFO - DAG(s) dict_keys(['example_task_group_decorator']) retrieved from /usr/local/lib/python3.10/dist-packages/airflow/example_dags/example_task_group_decorator.py
[2023-10-29T01:02:01.641+0000] {logging_mixin.py:151} INFO - [2023-10-29T01:02:01.641+0000] {dag.py:2941} INFO - Sync 1 DAGs
[2023-10-29T01:02:01.662+0000] {logging_mixin.py:151} INFO - [2023-10-29T01:02:01.661+0000] {dag.py:3722} INFO - Setting next_dagrun for example_task_group_decorator to 2023-10-28T01:02:01.661539+00:00, run_after=2023-10-29T01:02:01.661539+00:00
[2023-10-29T01:02:01.683+0000] {processor.py:179} INFO - Processing /usr/local/lib/python3.10/dist-packages/airflow/example_dags/example_task_group_decorator.py took 0.084 seconds
[2023-10-29T01:02:47.285+0000] {processor.py:157} INFO - Started process (PID=3718) to work on /usr/local/lib/python3.10/dist-packages/airflow/example_dags/example_task_group_decorator.py
[2023-10-29T01:02:47.287+0000] {processor.py:829} INFO - Processing file /usr/local/lib/python3.10/dist-packages/airflow/example_dags/example_task_group_decorator.py for tasks to queue
[2023-10-29T01:02:47.287+0000] {logging_mixin.py:151} INFO - [2023-10-29T01:02:47.287+0000] {dagbag.py:536} INFO - Filling up the DagBag from /usr/local/lib/python3.10/dist-packages/airflow/example_dags/example_task_group_decorator.py
[2023-10-29T01:02:47.304+0000] {processor.py:839} INFO - DAG(s) dict_keys(['example_task_group_decorator']) retrieved from /usr/local/lib/python3.10/dist-packages/airflow/example_dags/example_task_group_decorator.py
[2023-10-29T01:02:47.324+0000] {logging_mixin.py:151} INFO - [2023-10-29T01:02:47.323+0000] {dag.py:2941} INFO - Sync 1 DAGs
[2023-10-29T01:02:47.343+0000] {logging_mixin.py:151} INFO - [2023-10-29T01:02:47.342+0000] {dag.py:3722} INFO - Setting next_dagrun for example_task_group_decorator to 2023-10-28T01:02:47.342674+00:00, run_after=2023-10-29T01:02:47.342674+00:00
[2023-10-29T01:02:47.363+0000] {processor.py:179} INFO - Processing /usr/local/lib/python3.10/dist-packages/airflow/example_dags/example_task_group_decorator.py took 0.081 seconds
[2023-10-29T01:03:26.688+0000] {processor.py:157} INFO - Started process (PID=3761) to work on /usr/local/lib/python3.10/dist-packages/airflow/example_dags/example_task_group_decorator.py
[2023-10-29T01:03:26.689+0000] {processor.py:829} INFO - Processing file /usr/local/lib/python3.10/dist-packages/airflow/example_dags/example_task_group_decorator.py for tasks to queue
[2023-10-29T01:03:26.690+0000] {logging_mixin.py:151} INFO - [2023-10-29T01:03:26.690+0000] {dagbag.py:536} INFO - Filling up the DagBag from /usr/local/lib/python3.10/dist-packages/airflow/example_dags/example_task_group_decorator.py
[2023-10-29T01:03:26.707+0000] {processor.py:839} INFO - DAG(s) dict_keys(['example_task_group_decorator']) retrieved from /usr/local/lib/python3.10/dist-packages/airflow/example_dags/example_task_group_decorator.py
[2023-10-29T01:03:26.726+0000] {logging_mixin.py:151} INFO - [2023-10-29T01:03:26.726+0000] {dag.py:2941} INFO - Sync 1 DAGs
[2023-10-29T01:03:26.746+0000] {logging_mixin.py:151} INFO - [2023-10-29T01:03:26.746+0000] {dag.py:3722} INFO - Setting next_dagrun for example_task_group_decorator to 2023-10-28T01:03:26.745958+00:00, run_after=2023-10-29T01:03:26.745958+00:00
[2023-10-29T01:03:26.767+0000] {processor.py:179} INFO - Processing /usr/local/lib/python3.10/dist-packages/airflow/example_dags/example_task_group_decorator.py took 0.082 seconds
[2023-10-29T01:04:10.680+0000] {processor.py:157} INFO - Started process (PID=3807) to work on /usr/local/lib/python3.10/dist-packages/airflow/example_dags/example_task_group_decorator.py
[2023-10-29T01:04:10.681+0000] {processor.py:829} INFO - Processing file /usr/local/lib/python3.10/dist-packages/airflow/example_dags/example_task_group_decorator.py for tasks to queue
[2023-10-29T01:04:10.682+0000] {logging_mixin.py:151} INFO - [2023-10-29T01:04:10.681+0000] {dagbag.py:536} INFO - Filling up the DagBag from /usr/local/lib/python3.10/dist-packages/airflow/example_dags/example_task_group_decorator.py
[2023-10-29T01:04:10.698+0000] {processor.py:839} INFO - DAG(s) dict_keys(['example_task_group_decorator']) retrieved from /usr/local/lib/python3.10/dist-packages/airflow/example_dags/example_task_group_decorator.py
[2023-10-29T01:04:10.718+0000] {logging_mixin.py:151} INFO - [2023-10-29T01:04:10.718+0000] {dag.py:2941} INFO - Sync 1 DAGs
[2023-10-29T01:04:10.737+0000] {logging_mixin.py:151} INFO - [2023-10-29T01:04:10.737+0000] {dag.py:3722} INFO - Setting next_dagrun for example_task_group_decorator to 2023-10-28T01:04:10.737564+00:00, run_after=2023-10-29T01:04:10.737564+00:00
[2023-10-29T01:04:10.759+0000] {processor.py:179} INFO - Processing /usr/local/lib/python3.10/dist-packages/airflow/example_dags/example_task_group_decorator.py took 0.083 seconds
[2023-10-29T01:04:50.877+0000] {processor.py:157} INFO - Started process (PID=3849) to work on /usr/local/lib/python3.10/dist-packages/airflow/example_dags/example_task_group_decorator.py
[2023-10-29T01:04:50.879+0000] {processor.py:829} INFO - Processing file /usr/local/lib/python3.10/dist-packages/airflow/example_dags/example_task_group_decorator.py for tasks to queue
[2023-10-29T01:04:50.879+0000] {logging_mixin.py:151} INFO - [2023-10-29T01:04:50.879+0000] {dagbag.py:536} INFO - Filling up the DagBag from /usr/local/lib/python3.10/dist-packages/airflow/example_dags/example_task_group_decorator.py
[2023-10-29T01:04:50.896+0000] {processor.py:839} INFO - DAG(s) dict_keys(['example_task_group_decorator']) retrieved from /usr/local/lib/python3.10/dist-packages/airflow/example_dags/example_task_group_decorator.py
[2023-10-29T01:04:50.917+0000] {logging_mixin.py:151} INFO - [2023-10-29T01:04:50.916+0000] {dag.py:2941} INFO - Sync 1 DAGs
[2023-10-29T01:04:50.937+0000] {logging_mixin.py:151} INFO - [2023-10-29T01:04:50.936+0000] {dag.py:3722} INFO - Setting next_dagrun for example_task_group_decorator to 2023-10-28T01:04:50.936737+00:00, run_after=2023-10-29T01:04:50.936737+00:00
[2023-10-29T01:04:50.959+0000] {processor.py:179} INFO - Processing /usr/local/lib/python3.10/dist-packages/airflow/example_dags/example_task_group_decorator.py took 0.085 seconds
[2023-10-29T01:05:37.352+0000] {processor.py:157} INFO - Started process (PID=3897) to work on /usr/local/lib/python3.10/dist-packages/airflow/example_dags/example_task_group_decorator.py
[2023-10-29T01:05:37.354+0000] {processor.py:829} INFO - Processing file /usr/local/lib/python3.10/dist-packages/airflow/example_dags/example_task_group_decorator.py for tasks to queue
[2023-10-29T01:05:37.355+0000] {logging_mixin.py:151} INFO - [2023-10-29T01:05:37.354+0000] {dagbag.py:536} INFO - Filling up the DagBag from /usr/local/lib/python3.10/dist-packages/airflow/example_dags/example_task_group_decorator.py
[2023-10-29T01:05:37.372+0000] {processor.py:839} INFO - DAG(s) dict_keys(['example_task_group_decorator']) retrieved from /usr/local/lib/python3.10/dist-packages/airflow/example_dags/example_task_group_decorator.py
[2023-10-29T01:05:37.392+0000] {logging_mixin.py:151} INFO - [2023-10-29T01:05:37.392+0000] {dag.py:2941} INFO - Sync 1 DAGs
[2023-10-29T01:05:37.412+0000] {logging_mixin.py:151} INFO - [2023-10-29T01:05:37.412+0000] {dag.py:3722} INFO - Setting next_dagrun for example_task_group_decorator to 2023-10-28T01:05:37.411783+00:00, run_after=2023-10-29T01:05:37.411783+00:00
[2023-10-29T01:05:37.434+0000] {processor.py:179} INFO - Processing /usr/local/lib/python3.10/dist-packages/airflow/example_dags/example_task_group_decorator.py took 0.084 seconds
[2023-10-29T01:06:21.489+0000] {processor.py:157} INFO - Started process (PID=3944) to work on /usr/local/lib/python3.10/dist-packages/airflow/example_dags/example_task_group_decorator.py
[2023-10-29T01:06:21.491+0000] {processor.py:829} INFO - Processing file /usr/local/lib/python3.10/dist-packages/airflow/example_dags/example_task_group_decorator.py for tasks to queue
[2023-10-29T01:06:21.491+0000] {logging_mixin.py:151} INFO - [2023-10-29T01:06:21.491+0000] {dagbag.py:536} INFO - Filling up the DagBag from /usr/local/lib/python3.10/dist-packages/airflow/example_dags/example_task_group_decorator.py
[2023-10-29T01:06:21.508+0000] {processor.py:839} INFO - DAG(s) dict_keys(['example_task_group_decorator']) retrieved from /usr/local/lib/python3.10/dist-packages/airflow/example_dags/example_task_group_decorator.py
[2023-10-29T01:06:21.528+0000] {logging_mixin.py:151} INFO - [2023-10-29T01:06:21.528+0000] {dag.py:2941} INFO - Sync 1 DAGs
[2023-10-29T01:06:21.549+0000] {logging_mixin.py:151} INFO - [2023-10-29T01:06:21.549+0000] {dag.py:3722} INFO - Setting next_dagrun for example_task_group_decorator to 2023-10-28T01:06:21.548877+00:00, run_after=2023-10-29T01:06:21.548877+00:00
[2023-10-29T01:06:21.571+0000] {processor.py:179} INFO - Processing /usr/local/lib/python3.10/dist-packages/airflow/example_dags/example_task_group_decorator.py took 0.085 seconds
[2023-10-29T01:07:03.573+0000] {processor.py:157} INFO - Started process (PID=3991) to work on /usr/local/lib/python3.10/dist-packages/airflow/example_dags/example_task_group_decorator.py
[2023-10-29T01:07:03.574+0000] {processor.py:829} INFO - Processing file /usr/local/lib/python3.10/dist-packages/airflow/example_dags/example_task_group_decorator.py for tasks to queue
[2023-10-29T01:07:03.575+0000] {logging_mixin.py:151} INFO - [2023-10-29T01:07:03.575+0000] {dagbag.py:536} INFO - Filling up the DagBag from /usr/local/lib/python3.10/dist-packages/airflow/example_dags/example_task_group_decorator.py
[2023-10-29T01:07:03.592+0000] {processor.py:839} INFO - DAG(s) dict_keys(['example_task_group_decorator']) retrieved from /usr/local/lib/python3.10/dist-packages/airflow/example_dags/example_task_group_decorator.py
[2023-10-29T01:07:03.613+0000] {logging_mixin.py:151} INFO - [2023-10-29T01:07:03.613+0000] {dag.py:2941} INFO - Sync 1 DAGs
[2023-10-29T01:07:03.633+0000] {logging_mixin.py:151} INFO - [2023-10-29T01:07:03.633+0000] {dag.py:3722} INFO - Setting next_dagrun for example_task_group_decorator to 2023-10-28T01:07:03.633238+00:00, run_after=2023-10-29T01:07:03.633238+00:00
[2023-10-29T01:07:03.655+0000] {processor.py:179} INFO - Processing /usr/local/lib/python3.10/dist-packages/airflow/example_dags/example_task_group_decorator.py took 0.085 seconds
[2023-10-29T01:07:44.750+0000] {processor.py:157} INFO - Started process (PID=4032) to work on /usr/local/lib/python3.10/dist-packages/airflow/example_dags/example_task_group_decorator.py
[2023-10-29T01:07:44.752+0000] {processor.py:829} INFO - Processing file /usr/local/lib/python3.10/dist-packages/airflow/example_dags/example_task_group_decorator.py for tasks to queue
[2023-10-29T01:07:44.752+0000] {logging_mixin.py:151} INFO - [2023-10-29T01:07:44.752+0000] {dagbag.py:536} INFO - Filling up the DagBag from /usr/local/lib/python3.10/dist-packages/airflow/example_dags/example_task_group_decorator.py
[2023-10-29T01:07:44.769+0000] {processor.py:839} INFO - DAG(s) dict_keys(['example_task_group_decorator']) retrieved from /usr/local/lib/python3.10/dist-packages/airflow/example_dags/example_task_group_decorator.py
[2023-10-29T01:07:44.790+0000] {logging_mixin.py:151} INFO - [2023-10-29T01:07:44.789+0000] {dag.py:2941} INFO - Sync 1 DAGs
[2023-10-29T01:07:44.810+0000] {logging_mixin.py:151} INFO - [2023-10-29T01:07:44.810+0000] {dag.py:3722} INFO - Setting next_dagrun for example_task_group_decorator to 2023-10-28T01:07:44.810311+00:00, run_after=2023-10-29T01:07:44.810311+00:00
[2023-10-29T01:07:44.833+0000] {processor.py:179} INFO - Processing /usr/local/lib/python3.10/dist-packages/airflow/example_dags/example_task_group_decorator.py took 0.086 seconds
[2023-10-29T01:08:20.995+0000] {processor.py:157} INFO - Started process (PID=4069) to work on /usr/local/lib/python3.10/dist-packages/airflow/example_dags/example_task_group_decorator.py
[2023-10-29T01:08:20.996+0000] {processor.py:829} INFO - Processing file /usr/local/lib/python3.10/dist-packages/airflow/example_dags/example_task_group_decorator.py for tasks to queue
[2023-10-29T01:08:20.997+0000] {logging_mixin.py:151} INFO - [2023-10-29T01:08:20.997+0000] {dagbag.py:536} INFO - Filling up the DagBag from /usr/local/lib/python3.10/dist-packages/airflow/example_dags/example_task_group_decorator.py
[2023-10-29T01:08:21.014+0000] {processor.py:839} INFO - DAG(s) dict_keys(['example_task_group_decorator']) retrieved from /usr/local/lib/python3.10/dist-packages/airflow/example_dags/example_task_group_decorator.py
[2023-10-29T01:08:21.034+0000] {logging_mixin.py:151} INFO - [2023-10-29T01:08:21.034+0000] {dag.py:2941} INFO - Sync 1 DAGs
[2023-10-29T01:08:21.054+0000] {logging_mixin.py:151} INFO - [2023-10-29T01:08:21.054+0000] {dag.py:3722} INFO - Setting next_dagrun for example_task_group_decorator to 2023-10-28T01:08:21.054157+00:00, run_after=2023-10-29T01:08:21.054157+00:00
[2023-10-29T01:08:21.076+0000] {processor.py:179} INFO - Processing /usr/local/lib/python3.10/dist-packages/airflow/example_dags/example_task_group_decorator.py took 0.084 seconds
[2023-10-29T01:09:09.335+0000] {processor.py:157} INFO - Started process (PID=4117) to work on /usr/local/lib/python3.10/dist-packages/airflow/example_dags/example_task_group_decorator.py
[2023-10-29T01:09:09.336+0000] {processor.py:829} INFO - Processing file /usr/local/lib/python3.10/dist-packages/airflow/example_dags/example_task_group_decorator.py for tasks to queue
[2023-10-29T01:09:09.337+0000] {logging_mixin.py:151} INFO - [2023-10-29T01:09:09.337+0000] {dagbag.py:536} INFO - Filling up the DagBag from /usr/local/lib/python3.10/dist-packages/airflow/example_dags/example_task_group_decorator.py
[2023-10-29T01:09:09.354+0000] {processor.py:839} INFO - DAG(s) dict_keys(['example_task_group_decorator']) retrieved from /usr/local/lib/python3.10/dist-packages/airflow/example_dags/example_task_group_decorator.py
[2023-10-29T01:09:09.375+0000] {logging_mixin.py:151} INFO - [2023-10-29T01:09:09.374+0000] {dag.py:2941} INFO - Sync 1 DAGs
[2023-10-29T01:09:09.395+0000] {logging_mixin.py:151} INFO - [2023-10-29T01:09:09.395+0000] {dag.py:3722} INFO - Setting next_dagrun for example_task_group_decorator to 2023-10-28T01:09:09.394833+00:00, run_after=2023-10-29T01:09:09.394833+00:00
[2023-10-29T01:09:09.416+0000] {processor.py:179} INFO - Processing /usr/local/lib/python3.10/dist-packages/airflow/example_dags/example_task_group_decorator.py took 0.085 seconds
[2023-10-29T01:09:54.753+0000] {processor.py:157} INFO - Started process (PID=4164) to work on /usr/local/lib/python3.10/dist-packages/airflow/example_dags/example_task_group_decorator.py
[2023-10-29T01:09:54.754+0000] {processor.py:829} INFO - Processing file /usr/local/lib/python3.10/dist-packages/airflow/example_dags/example_task_group_decorator.py for tasks to queue
[2023-10-29T01:09:54.755+0000] {logging_mixin.py:151} INFO - [2023-10-29T01:09:54.755+0000] {dagbag.py:536} INFO - Filling up the DagBag from /usr/local/lib/python3.10/dist-packages/airflow/example_dags/example_task_group_decorator.py
[2023-10-29T01:09:54.772+0000] {processor.py:839} INFO - DAG(s) dict_keys(['example_task_group_decorator']) retrieved from /usr/local/lib/python3.10/dist-packages/airflow/example_dags/example_task_group_decorator.py
[2023-10-29T01:09:54.793+0000] {logging_mixin.py:151} INFO - [2023-10-29T01:09:54.792+0000] {dag.py:2941} INFO - Sync 1 DAGs
[2023-10-29T01:09:54.813+0000] {logging_mixin.py:151} INFO - [2023-10-29T01:09:54.812+0000] {dag.py:3722} INFO - Setting next_dagrun for example_task_group_decorator to 2023-10-28T01:09:54.812741+00:00, run_after=2023-10-29T01:09:54.812741+00:00
[2023-10-29T01:09:54.836+0000] {processor.py:179} INFO - Processing /usr/local/lib/python3.10/dist-packages/airflow/example_dags/example_task_group_decorator.py took 0.086 seconds
[2023-10-29T01:10:43.565+0000] {processor.py:157} INFO - Started process (PID=4213) to work on /usr/local/lib/python3.10/dist-packages/airflow/example_dags/example_task_group_decorator.py
[2023-10-29T01:10:43.566+0000] {processor.py:829} INFO - Processing file /usr/local/lib/python3.10/dist-packages/airflow/example_dags/example_task_group_decorator.py for tasks to queue
[2023-10-29T01:10:43.567+0000] {logging_mixin.py:151} INFO - [2023-10-29T01:10:43.567+0000] {dagbag.py:536} INFO - Filling up the DagBag from /usr/local/lib/python3.10/dist-packages/airflow/example_dags/example_task_group_decorator.py
[2023-10-29T01:10:43.584+0000] {processor.py:839} INFO - DAG(s) dict_keys(['example_task_group_decorator']) retrieved from /usr/local/lib/python3.10/dist-packages/airflow/example_dags/example_task_group_decorator.py
[2023-10-29T01:10:43.604+0000] {logging_mixin.py:151} INFO - [2023-10-29T01:10:43.604+0000] {dag.py:2941} INFO - Sync 1 DAGs
[2023-10-29T01:10:43.624+0000] {logging_mixin.py:151} INFO - [2023-10-29T01:10:43.624+0000] {dag.py:3722} INFO - Setting next_dagrun for example_task_group_decorator to 2023-10-28T01:10:43.623817+00:00, run_after=2023-10-29T01:10:43.623817+00:00
[2023-10-29T01:10:43.645+0000] {processor.py:179} INFO - Processing /usr/local/lib/python3.10/dist-packages/airflow/example_dags/example_task_group_decorator.py took 0.083 seconds
[2023-10-29T01:11:30.022+0000] {processor.py:157} INFO - Started process (PID=4490) to work on /usr/local/lib/python3.10/dist-packages/airflow/example_dags/example_task_group_decorator.py
[2023-10-29T01:11:30.024+0000] {processor.py:829} INFO - Processing file /usr/local/lib/python3.10/dist-packages/airflow/example_dags/example_task_group_decorator.py for tasks to queue
[2023-10-29T01:11:30.025+0000] {logging_mixin.py:151} INFO - [2023-10-29T01:11:30.024+0000] {dagbag.py:536} INFO - Filling up the DagBag from /usr/local/lib/python3.10/dist-packages/airflow/example_dags/example_task_group_decorator.py
[2023-10-29T01:11:30.041+0000] {processor.py:839} INFO - DAG(s) dict_keys(['example_task_group_decorator']) retrieved from /usr/local/lib/python3.10/dist-packages/airflow/example_dags/example_task_group_decorator.py
[2023-10-29T01:11:30.062+0000] {logging_mixin.py:151} INFO - [2023-10-29T01:11:30.061+0000] {dag.py:2941} INFO - Sync 1 DAGs
[2023-10-29T01:11:30.082+0000] {logging_mixin.py:151} INFO - [2023-10-29T01:11:30.082+0000] {dag.py:3722} INFO - Setting next_dagrun for example_task_group_decorator to 2023-10-28T01:11:30.081705+00:00, run_after=2023-10-29T01:11:30.081705+00:00
[2023-10-29T01:11:30.104+0000] {processor.py:179} INFO - Processing /usr/local/lib/python3.10/dist-packages/airflow/example_dags/example_task_group_decorator.py took 0.085 seconds
[2023-10-29T01:12:16.465+0000] {processor.py:157} INFO - Started process (PID=4684) to work on /usr/local/lib/python3.10/dist-packages/airflow/example_dags/example_task_group_decorator.py
[2023-10-29T01:12:16.466+0000] {processor.py:829} INFO - Processing file /usr/local/lib/python3.10/dist-packages/airflow/example_dags/example_task_group_decorator.py for tasks to queue
[2023-10-29T01:12:16.467+0000] {logging_mixin.py:151} INFO - [2023-10-29T01:12:16.467+0000] {dagbag.py:536} INFO - Filling up the DagBag from /usr/local/lib/python3.10/dist-packages/airflow/example_dags/example_task_group_decorator.py
[2023-10-29T01:12:16.484+0000] {processor.py:839} INFO - DAG(s) dict_keys(['example_task_group_decorator']) retrieved from /usr/local/lib/python3.10/dist-packages/airflow/example_dags/example_task_group_decorator.py
[2023-10-29T01:12:16.504+0000] {logging_mixin.py:151} INFO - [2023-10-29T01:12:16.504+0000] {dag.py:2941} INFO - Sync 1 DAGs
[2023-10-29T01:12:16.523+0000] {logging_mixin.py:151} INFO - [2023-10-29T01:12:16.523+0000] {dag.py:3722} INFO - Setting next_dagrun for example_task_group_decorator to 2023-10-28T01:12:16.523456+00:00, run_after=2023-10-29T01:12:16.523456+00:00
[2023-10-29T01:12:16.549+0000] {processor.py:179} INFO - Processing /usr/local/lib/python3.10/dist-packages/airflow/example_dags/example_task_group_decorator.py took 0.087 seconds
[2023-10-29T01:12:57.753+0000] {processor.py:157} INFO - Started process (PID=4734) to work on /usr/local/lib/python3.10/dist-packages/airflow/example_dags/example_task_group_decorator.py
[2023-10-29T01:12:57.754+0000] {processor.py:829} INFO - Processing file /usr/local/lib/python3.10/dist-packages/airflow/example_dags/example_task_group_decorator.py for tasks to queue
[2023-10-29T01:12:57.755+0000] {logging_mixin.py:151} INFO - [2023-10-29T01:12:57.755+0000] {dagbag.py:536} INFO - Filling up the DagBag from /usr/local/lib/python3.10/dist-packages/airflow/example_dags/example_task_group_decorator.py
[2023-10-29T01:12:57.773+0000] {processor.py:839} INFO - DAG(s) dict_keys(['example_task_group_decorator']) retrieved from /usr/local/lib/python3.10/dist-packages/airflow/example_dags/example_task_group_decorator.py
[2023-10-29T01:12:57.795+0000] {logging_mixin.py:151} INFO - [2023-10-29T01:12:57.794+0000] {dag.py:2941} INFO - Sync 1 DAGs
[2023-10-29T01:12:57.818+0000] {logging_mixin.py:151} INFO - [2023-10-29T01:12:57.817+0000] {dag.py:3722} INFO - Setting next_dagrun for example_task_group_decorator to 2023-10-28T01:12:57.817538+00:00, run_after=2023-10-29T01:12:57.817538+00:00
[2023-10-29T01:12:57.842+0000] {processor.py:179} INFO - Processing /usr/local/lib/python3.10/dist-packages/airflow/example_dags/example_task_group_decorator.py took 0.093 seconds
[2023-10-29T01:13:38.714+0000] {processor.py:157} INFO - Started process (PID=4778) to work on /usr/local/lib/python3.10/dist-packages/airflow/example_dags/example_task_group_decorator.py
[2023-10-29T01:13:38.716+0000] {processor.py:829} INFO - Processing file /usr/local/lib/python3.10/dist-packages/airflow/example_dags/example_task_group_decorator.py for tasks to queue
[2023-10-29T01:13:38.716+0000] {logging_mixin.py:151} INFO - [2023-10-29T01:13:38.716+0000] {dagbag.py:536} INFO - Filling up the DagBag from /usr/local/lib/python3.10/dist-packages/airflow/example_dags/example_task_group_decorator.py
[2023-10-29T01:13:38.733+0000] {processor.py:839} INFO - DAG(s) dict_keys(['example_task_group_decorator']) retrieved from /usr/local/lib/python3.10/dist-packages/airflow/example_dags/example_task_group_decorator.py
[2023-10-29T01:13:38.755+0000] {logging_mixin.py:151} INFO - [2023-10-29T01:13:38.754+0000] {dag.py:2941} INFO - Sync 1 DAGs
[2023-10-29T01:13:38.775+0000] {logging_mixin.py:151} INFO - [2023-10-29T01:13:38.774+0000] {dag.py:3722} INFO - Setting next_dagrun for example_task_group_decorator to 2023-10-28T01:13:38.774724+00:00, run_after=2023-10-29T01:13:38.774724+00:00
[2023-10-29T01:13:38.796+0000] {processor.py:179} INFO - Processing /usr/local/lib/python3.10/dist-packages/airflow/example_dags/example_task_group_decorator.py took 0.085 seconds
[2023-10-29T01:14:24.857+0000] {processor.py:157} INFO - Started process (PID=4826) to work on /usr/local/lib/python3.10/dist-packages/airflow/example_dags/example_task_group_decorator.py
[2023-10-29T01:14:24.858+0000] {processor.py:829} INFO - Processing file /usr/local/lib/python3.10/dist-packages/airflow/example_dags/example_task_group_decorator.py for tasks to queue
[2023-10-29T01:14:24.859+0000] {logging_mixin.py:151} INFO - [2023-10-29T01:14:24.859+0000] {dagbag.py:536} INFO - Filling up the DagBag from /usr/local/lib/python3.10/dist-packages/airflow/example_dags/example_task_group_decorator.py
[2023-10-29T01:14:24.876+0000] {processor.py:839} INFO - DAG(s) dict_keys(['example_task_group_decorator']) retrieved from /usr/local/lib/python3.10/dist-packages/airflow/example_dags/example_task_group_decorator.py
[2023-10-29T01:14:24.897+0000] {logging_mixin.py:151} INFO - [2023-10-29T01:14:24.897+0000] {dag.py:2941} INFO - Sync 1 DAGs
[2023-10-29T01:14:24.918+0000] {logging_mixin.py:151} INFO - [2023-10-29T01:14:24.918+0000] {dag.py:3722} INFO - Setting next_dagrun for example_task_group_decorator to 2023-10-28T01:14:24.917850+00:00, run_after=2023-10-29T01:14:24.917850+00:00
[2023-10-29T01:14:24.939+0000] {processor.py:179} INFO - Processing /usr/local/lib/python3.10/dist-packages/airflow/example_dags/example_task_group_decorator.py took 0.085 seconds
[2023-10-29T01:15:06.319+0000] {processor.py:157} INFO - Started process (PID=4871) to work on /usr/local/lib/python3.10/dist-packages/airflow/example_dags/example_task_group_decorator.py
[2023-10-29T01:15:06.320+0000] {processor.py:829} INFO - Processing file /usr/local/lib/python3.10/dist-packages/airflow/example_dags/example_task_group_decorator.py for tasks to queue
[2023-10-29T01:15:06.321+0000] {logging_mixin.py:151} INFO - [2023-10-29T01:15:06.321+0000] {dagbag.py:536} INFO - Filling up the DagBag from /usr/local/lib/python3.10/dist-packages/airflow/example_dags/example_task_group_decorator.py
[2023-10-29T01:15:06.338+0000] {processor.py:839} INFO - DAG(s) dict_keys(['example_task_group_decorator']) retrieved from /usr/local/lib/python3.10/dist-packages/airflow/example_dags/example_task_group_decorator.py
[2023-10-29T01:15:06.358+0000] {logging_mixin.py:151} INFO - [2023-10-29T01:15:06.358+0000] {dag.py:2941} INFO - Sync 1 DAGs
[2023-10-29T01:15:06.378+0000] {logging_mixin.py:151} INFO - [2023-10-29T01:15:06.378+0000] {dag.py:3722} INFO - Setting next_dagrun for example_task_group_decorator to 2023-10-28T01:15:06.377844+00:00, run_after=2023-10-29T01:15:06.377844+00:00
[2023-10-29T01:15:06.398+0000] {processor.py:179} INFO - Processing /usr/local/lib/python3.10/dist-packages/airflow/example_dags/example_task_group_decorator.py took 0.082 seconds
[2023-10-29T01:15:51.565+0000] {processor.py:157} INFO - Started process (PID=4917) to work on /usr/local/lib/python3.10/dist-packages/airflow/example_dags/example_task_group_decorator.py
[2023-10-29T01:15:51.566+0000] {processor.py:829} INFO - Processing file /usr/local/lib/python3.10/dist-packages/airflow/example_dags/example_task_group_decorator.py for tasks to queue
[2023-10-29T01:15:51.567+0000] {logging_mixin.py:151} INFO - [2023-10-29T01:15:51.567+0000] {dagbag.py:536} INFO - Filling up the DagBag from /usr/local/lib/python3.10/dist-packages/airflow/example_dags/example_task_group_decorator.py
[2023-10-29T01:15:51.583+0000] {processor.py:839} INFO - DAG(s) dict_keys(['example_task_group_decorator']) retrieved from /usr/local/lib/python3.10/dist-packages/airflow/example_dags/example_task_group_decorator.py
[2023-10-29T01:15:51.603+0000] {logging_mixin.py:151} INFO - [2023-10-29T01:15:51.603+0000] {dag.py:2941} INFO - Sync 1 DAGs
[2023-10-29T01:15:51.623+0000] {logging_mixin.py:151} INFO - [2023-10-29T01:15:51.623+0000] {dag.py:3722} INFO - Setting next_dagrun for example_task_group_decorator to 2023-10-28T01:15:51.623192+00:00, run_after=2023-10-29T01:15:51.623192+00:00
[2023-10-29T01:15:51.643+0000] {processor.py:179} INFO - Processing /usr/local/lib/python3.10/dist-packages/airflow/example_dags/example_task_group_decorator.py took 0.082 seconds
[2023-10-29T01:16:37.532+0000] {processor.py:157} INFO - Started process (PID=4964) to work on /usr/local/lib/python3.10/dist-packages/airflow/example_dags/example_task_group_decorator.py
[2023-10-29T01:16:37.533+0000] {processor.py:829} INFO - Processing file /usr/local/lib/python3.10/dist-packages/airflow/example_dags/example_task_group_decorator.py for tasks to queue
[2023-10-29T01:16:37.534+0000] {logging_mixin.py:151} INFO - [2023-10-29T01:16:37.534+0000] {dagbag.py:536} INFO - Filling up the DagBag from /usr/local/lib/python3.10/dist-packages/airflow/example_dags/example_task_group_decorator.py
[2023-10-29T01:16:37.552+0000] {processor.py:839} INFO - DAG(s) dict_keys(['example_task_group_decorator']) retrieved from /usr/local/lib/python3.10/dist-packages/airflow/example_dags/example_task_group_decorator.py
[2023-10-29T01:16:37.574+0000] {logging_mixin.py:151} INFO - [2023-10-29T01:16:37.574+0000] {dag.py:2941} INFO - Sync 1 DAGs
[2023-10-29T01:16:37.596+0000] {logging_mixin.py:151} INFO - [2023-10-29T01:16:37.596+0000] {dag.py:3722} INFO - Setting next_dagrun for example_task_group_decorator to 2023-10-28T01:16:37.596040+00:00, run_after=2023-10-29T01:16:37.596040+00:00
[2023-10-29T01:16:37.619+0000] {processor.py:179} INFO - Processing /usr/local/lib/python3.10/dist-packages/airflow/example_dags/example_task_group_decorator.py took 0.091 seconds
[2023-10-29T01:17:24.193+0000] {processor.py:157} INFO - Started process (PID=5014) to work on /usr/local/lib/python3.10/dist-packages/airflow/example_dags/example_task_group_decorator.py
[2023-10-29T01:17:24.194+0000] {processor.py:829} INFO - Processing file /usr/local/lib/python3.10/dist-packages/airflow/example_dags/example_task_group_decorator.py for tasks to queue
[2023-10-29T01:17:24.195+0000] {logging_mixin.py:151} INFO - [2023-10-29T01:17:24.194+0000] {dagbag.py:536} INFO - Filling up the DagBag from /usr/local/lib/python3.10/dist-packages/airflow/example_dags/example_task_group_decorator.py
[2023-10-29T01:17:24.211+0000] {processor.py:839} INFO - DAG(s) dict_keys(['example_task_group_decorator']) retrieved from /usr/local/lib/python3.10/dist-packages/airflow/example_dags/example_task_group_decorator.py
[2023-10-29T01:17:24.232+0000] {logging_mixin.py:151} INFO - [2023-10-29T01:17:24.232+0000] {dag.py:2941} INFO - Sync 1 DAGs
[2023-10-29T01:17:24.252+0000] {logging_mixin.py:151} INFO - [2023-10-29T01:17:24.252+0000] {dag.py:3722} INFO - Setting next_dagrun for example_task_group_decorator to 2023-10-28T01:17:24.251854+00:00, run_after=2023-10-29T01:17:24.251854+00:00
[2023-10-29T01:17:24.273+0000] {processor.py:179} INFO - Processing /usr/local/lib/python3.10/dist-packages/airflow/example_dags/example_task_group_decorator.py took 0.083 seconds
[2023-10-29T01:18:08.969+0000] {processor.py:157} INFO - Started process (PID=5061) to work on /usr/local/lib/python3.10/dist-packages/airflow/example_dags/example_task_group_decorator.py
[2023-10-29T01:18:08.970+0000] {processor.py:829} INFO - Processing file /usr/local/lib/python3.10/dist-packages/airflow/example_dags/example_task_group_decorator.py for tasks to queue
[2023-10-29T01:18:08.971+0000] {logging_mixin.py:151} INFO - [2023-10-29T01:18:08.971+0000] {dagbag.py:536} INFO - Filling up the DagBag from /usr/local/lib/python3.10/dist-packages/airflow/example_dags/example_task_group_decorator.py
[2023-10-29T01:18:08.988+0000] {processor.py:839} INFO - DAG(s) dict_keys(['example_task_group_decorator']) retrieved from /usr/local/lib/python3.10/dist-packages/airflow/example_dags/example_task_group_decorator.py
[2023-10-29T01:18:09.009+0000] {logging_mixin.py:151} INFO - [2023-10-29T01:18:09.009+0000] {dag.py:2941} INFO - Sync 1 DAGs
[2023-10-29T01:18:09.028+0000] {logging_mixin.py:151} INFO - [2023-10-29T01:18:09.028+0000] {dag.py:3722} INFO - Setting next_dagrun for example_task_group_decorator to 2023-10-28T01:18:09.028373+00:00, run_after=2023-10-29T01:18:09.028373+00:00
[2023-10-29T01:18:09.050+0000] {processor.py:179} INFO - Processing /usr/local/lib/python3.10/dist-packages/airflow/example_dags/example_task_group_decorator.py took 0.084 seconds
[2023-10-29T01:18:55.674+0000] {processor.py:157} INFO - Started process (PID=5108) to work on /usr/local/lib/python3.10/dist-packages/airflow/example_dags/example_task_group_decorator.py
[2023-10-29T01:18:55.675+0000] {processor.py:829} INFO - Processing file /usr/local/lib/python3.10/dist-packages/airflow/example_dags/example_task_group_decorator.py for tasks to queue
[2023-10-29T01:18:55.676+0000] {logging_mixin.py:151} INFO - [2023-10-29T01:18:55.675+0000] {dagbag.py:536} INFO - Filling up the DagBag from /usr/local/lib/python3.10/dist-packages/airflow/example_dags/example_task_group_decorator.py
[2023-10-29T01:18:55.693+0000] {processor.py:839} INFO - DAG(s) dict_keys(['example_task_group_decorator']) retrieved from /usr/local/lib/python3.10/dist-packages/airflow/example_dags/example_task_group_decorator.py
[2023-10-29T01:18:55.714+0000] {logging_mixin.py:151} INFO - [2023-10-29T01:18:55.714+0000] {dag.py:2941} INFO - Sync 1 DAGs
[2023-10-29T01:18:55.735+0000] {logging_mixin.py:151} INFO - [2023-10-29T01:18:55.735+0000] {dag.py:3722} INFO - Setting next_dagrun for example_task_group_decorator to 2023-10-28T01:18:55.734928+00:00, run_after=2023-10-29T01:18:55.734928+00:00
[2023-10-29T01:18:55.756+0000] {processor.py:179} INFO - Processing /usr/local/lib/python3.10/dist-packages/airflow/example_dags/example_task_group_decorator.py took 0.086 seconds
[2023-10-29T01:19:44.952+0000] {processor.py:157} INFO - Started process (PID=5157) to work on /usr/local/lib/python3.10/dist-packages/airflow/example_dags/example_task_group_decorator.py
[2023-10-29T01:19:44.953+0000] {processor.py:829} INFO - Processing file /usr/local/lib/python3.10/dist-packages/airflow/example_dags/example_task_group_decorator.py for tasks to queue
[2023-10-29T01:19:44.954+0000] {logging_mixin.py:151} INFO - [2023-10-29T01:19:44.954+0000] {dagbag.py:536} INFO - Filling up the DagBag from /usr/local/lib/python3.10/dist-packages/airflow/example_dags/example_task_group_decorator.py
[2023-10-29T01:19:44.971+0000] {processor.py:839} INFO - DAG(s) dict_keys(['example_task_group_decorator']) retrieved from /usr/local/lib/python3.10/dist-packages/airflow/example_dags/example_task_group_decorator.py
[2023-10-29T01:19:44.991+0000] {logging_mixin.py:151} INFO - [2023-10-29T01:19:44.991+0000] {dag.py:2941} INFO - Sync 1 DAGs
[2023-10-29T01:19:45.011+0000] {logging_mixin.py:151} INFO - [2023-10-29T01:19:45.011+0000] {dag.py:3722} INFO - Setting next_dagrun for example_task_group_decorator to 2023-10-28T01:19:45.011218+00:00, run_after=2023-10-29T01:19:45.011218+00:00
[2023-10-29T01:19:45.032+0000] {processor.py:179} INFO - Processing /usr/local/lib/python3.10/dist-packages/airflow/example_dags/example_task_group_decorator.py took 0.083 seconds
[2023-10-29T01:20:30.646+0000] {processor.py:157} INFO - Started process (PID=5204) to work on /usr/local/lib/python3.10/dist-packages/airflow/example_dags/example_task_group_decorator.py
[2023-10-29T01:20:30.648+0000] {processor.py:829} INFO - Processing file /usr/local/lib/python3.10/dist-packages/airflow/example_dags/example_task_group_decorator.py for tasks to queue
[2023-10-29T01:20:30.648+0000] {logging_mixin.py:151} INFO - [2023-10-29T01:20:30.648+0000] {dagbag.py:536} INFO - Filling up the DagBag from /usr/local/lib/python3.10/dist-packages/airflow/example_dags/example_task_group_decorator.py
[2023-10-29T01:20:30.665+0000] {processor.py:839} INFO - DAG(s) dict_keys(['example_task_group_decorator']) retrieved from /usr/local/lib/python3.10/dist-packages/airflow/example_dags/example_task_group_decorator.py
[2023-10-29T01:20:30.686+0000] {logging_mixin.py:151} INFO - [2023-10-29T01:20:30.686+0000] {dag.py:2941} INFO - Sync 1 DAGs
[2023-10-29T01:20:30.706+0000] {logging_mixin.py:151} INFO - [2023-10-29T01:20:30.706+0000] {dag.py:3722} INFO - Setting next_dagrun for example_task_group_decorator to 2023-10-28T01:20:30.706473+00:00, run_after=2023-10-29T01:20:30.706473+00:00
[2023-10-29T01:20:30.728+0000] {processor.py:179} INFO - Processing /usr/local/lib/python3.10/dist-packages/airflow/example_dags/example_task_group_decorator.py took 0.085 seconds
[2023-10-29T01:21:15.655+0000] {processor.py:157} INFO - Started process (PID=5251) to work on /usr/local/lib/python3.10/dist-packages/airflow/example_dags/example_task_group_decorator.py
[2023-10-29T01:21:15.656+0000] {processor.py:829} INFO - Processing file /usr/local/lib/python3.10/dist-packages/airflow/example_dags/example_task_group_decorator.py for tasks to queue
[2023-10-29T01:21:15.657+0000] {logging_mixin.py:151} INFO - [2023-10-29T01:21:15.657+0000] {dagbag.py:536} INFO - Filling up the DagBag from /usr/local/lib/python3.10/dist-packages/airflow/example_dags/example_task_group_decorator.py
[2023-10-29T01:21:15.674+0000] {processor.py:839} INFO - DAG(s) dict_keys(['example_task_group_decorator']) retrieved from /usr/local/lib/python3.10/dist-packages/airflow/example_dags/example_task_group_decorator.py
[2023-10-29T01:21:15.694+0000] {logging_mixin.py:151} INFO - [2023-10-29T01:21:15.693+0000] {dag.py:2941} INFO - Sync 1 DAGs
[2023-10-29T01:21:15.713+0000] {logging_mixin.py:151} INFO - [2023-10-29T01:21:15.713+0000] {dag.py:3722} INFO - Setting next_dagrun for example_task_group_decorator to 2023-10-28T01:21:15.712890+00:00, run_after=2023-10-29T01:21:15.712890+00:00
[2023-10-29T01:21:15.734+0000] {processor.py:179} INFO - Processing /usr/local/lib/python3.10/dist-packages/airflow/example_dags/example_task_group_decorator.py took 0.082 seconds
[2023-10-29T01:22:03.789+0000] {processor.py:157} INFO - Started process (PID=5302) to work on /usr/local/lib/python3.10/dist-packages/airflow/example_dags/example_task_group_decorator.py
[2023-10-29T01:22:03.790+0000] {processor.py:829} INFO - Processing file /usr/local/lib/python3.10/dist-packages/airflow/example_dags/example_task_group_decorator.py for tasks to queue
[2023-10-29T01:22:03.791+0000] {logging_mixin.py:151} INFO - [2023-10-29T01:22:03.790+0000] {dagbag.py:536} INFO - Filling up the DagBag from /usr/local/lib/python3.10/dist-packages/airflow/example_dags/example_task_group_decorator.py
[2023-10-29T01:22:03.807+0000] {processor.py:839} INFO - DAG(s) dict_keys(['example_task_group_decorator']) retrieved from /usr/local/lib/python3.10/dist-packages/airflow/example_dags/example_task_group_decorator.py
[2023-10-29T01:22:03.827+0000] {logging_mixin.py:151} INFO - [2023-10-29T01:22:03.827+0000] {dag.py:2941} INFO - Sync 1 DAGs
[2023-10-29T01:22:03.847+0000] {logging_mixin.py:151} INFO - [2023-10-29T01:22:03.847+0000] {dag.py:3722} INFO - Setting next_dagrun for example_task_group_decorator to 2023-10-28T01:22:03.846917+00:00, run_after=2023-10-29T01:22:03.846917+00:00
[2023-10-29T01:22:03.868+0000] {processor.py:179} INFO - Processing /usr/local/lib/python3.10/dist-packages/airflow/example_dags/example_task_group_decorator.py took 0.082 seconds
[2023-10-29T01:22:52.137+0000] {processor.py:157} INFO - Started process (PID=5351) to work on /usr/local/lib/python3.10/dist-packages/airflow/example_dags/example_task_group_decorator.py
[2023-10-29T01:22:52.139+0000] {processor.py:829} INFO - Processing file /usr/local/lib/python3.10/dist-packages/airflow/example_dags/example_task_group_decorator.py for tasks to queue
[2023-10-29T01:22:52.140+0000] {logging_mixin.py:151} INFO - [2023-10-29T01:22:52.139+0000] {dagbag.py:536} INFO - Filling up the DagBag from /usr/local/lib/python3.10/dist-packages/airflow/example_dags/example_task_group_decorator.py
[2023-10-29T01:22:52.156+0000] {processor.py:839} INFO - DAG(s) dict_keys(['example_task_group_decorator']) retrieved from /usr/local/lib/python3.10/dist-packages/airflow/example_dags/example_task_group_decorator.py
[2023-10-29T01:22:52.177+0000] {logging_mixin.py:151} INFO - [2023-10-29T01:22:52.176+0000] {dag.py:2941} INFO - Sync 1 DAGs
[2023-10-29T01:22:52.196+0000] {logging_mixin.py:151} INFO - [2023-10-29T01:22:52.196+0000] {dag.py:3722} INFO - Setting next_dagrun for example_task_group_decorator to 2023-10-28T01:22:52.196130+00:00, run_after=2023-10-29T01:22:52.196130+00:00
[2023-10-29T01:22:52.219+0000] {processor.py:179} INFO - Processing /usr/local/lib/python3.10/dist-packages/airflow/example_dags/example_task_group_decorator.py took 0.085 seconds
[2023-10-29T01:23:40.980+0000] {processor.py:157} INFO - Started process (PID=5400) to work on /usr/local/lib/python3.10/dist-packages/airflow/example_dags/example_task_group_decorator.py
[2023-10-29T01:23:40.982+0000] {processor.py:829} INFO - Processing file /usr/local/lib/python3.10/dist-packages/airflow/example_dags/example_task_group_decorator.py for tasks to queue
[2023-10-29T01:23:40.983+0000] {logging_mixin.py:151} INFO - [2023-10-29T01:23:40.982+0000] {dagbag.py:536} INFO - Filling up the DagBag from /usr/local/lib/python3.10/dist-packages/airflow/example_dags/example_task_group_decorator.py
[2023-10-29T01:23:40.999+0000] {processor.py:839} INFO - DAG(s) dict_keys(['example_task_group_decorator']) retrieved from /usr/local/lib/python3.10/dist-packages/airflow/example_dags/example_task_group_decorator.py
[2023-10-29T01:23:41.020+0000] {logging_mixin.py:151} INFO - [2023-10-29T01:23:41.020+0000] {dag.py:2941} INFO - Sync 1 DAGs
[2023-10-29T01:23:41.040+0000] {logging_mixin.py:151} INFO - [2023-10-29T01:23:41.040+0000] {dag.py:3722} INFO - Setting next_dagrun for example_task_group_decorator to 2023-10-28T01:23:41.040463+00:00, run_after=2023-10-29T01:23:41.040463+00:00
[2023-10-29T01:23:41.062+0000] {processor.py:179} INFO - Processing /usr/local/lib/python3.10/dist-packages/airflow/example_dags/example_task_group_decorator.py took 0.085 seconds
[2023-10-29T01:24:33.144+0000] {processor.py:157} INFO - Started process (PID=5452) to work on /usr/local/lib/python3.10/dist-packages/airflow/example_dags/example_task_group_decorator.py
[2023-10-29T01:24:33.146+0000] {processor.py:829} INFO - Processing file /usr/local/lib/python3.10/dist-packages/airflow/example_dags/example_task_group_decorator.py for tasks to queue
[2023-10-29T01:24:33.146+0000] {logging_mixin.py:151} INFO - [2023-10-29T01:24:33.146+0000] {dagbag.py:536} INFO - Filling up the DagBag from /usr/local/lib/python3.10/dist-packages/airflow/example_dags/example_task_group_decorator.py
[2023-10-29T01:24:33.163+0000] {processor.py:839} INFO - DAG(s) dict_keys(['example_task_group_decorator']) retrieved from /usr/local/lib/python3.10/dist-packages/airflow/example_dags/example_task_group_decorator.py
[2023-10-29T01:24:33.183+0000] {logging_mixin.py:151} INFO - [2023-10-29T01:24:33.183+0000] {dag.py:2941} INFO - Sync 1 DAGs
[2023-10-29T01:24:33.202+0000] {logging_mixin.py:151} INFO - [2023-10-29T01:24:33.202+0000] {dag.py:3722} INFO - Setting next_dagrun for example_task_group_decorator to 2023-10-28T01:24:33.202437+00:00, run_after=2023-10-29T01:24:33.202437+00:00
[2023-10-29T01:24:33.224+0000] {processor.py:179} INFO - Processing /usr/local/lib/python3.10/dist-packages/airflow/example_dags/example_task_group_decorator.py took 0.083 seconds
[2023-10-29T01:25:20.068+0000] {processor.py:157} INFO - Started process (PID=5501) to work on /usr/local/lib/python3.10/dist-packages/airflow/example_dags/example_task_group_decorator.py
[2023-10-29T01:25:20.069+0000] {processor.py:829} INFO - Processing file /usr/local/lib/python3.10/dist-packages/airflow/example_dags/example_task_group_decorator.py for tasks to queue
[2023-10-29T01:25:20.070+0000] {logging_mixin.py:151} INFO - [2023-10-29T01:25:20.070+0000] {dagbag.py:536} INFO - Filling up the DagBag from /usr/local/lib/python3.10/dist-packages/airflow/example_dags/example_task_group_decorator.py
[2023-10-29T01:25:20.087+0000] {processor.py:839} INFO - DAG(s) dict_keys(['example_task_group_decorator']) retrieved from /usr/local/lib/python3.10/dist-packages/airflow/example_dags/example_task_group_decorator.py
[2023-10-29T01:25:20.107+0000] {logging_mixin.py:151} INFO - [2023-10-29T01:25:20.107+0000] {dag.py:2941} INFO - Sync 1 DAGs
[2023-10-29T01:25:20.127+0000] {logging_mixin.py:151} INFO - [2023-10-29T01:25:20.127+0000] {dag.py:3722} INFO - Setting next_dagrun for example_task_group_decorator to 2023-10-28T01:25:20.127253+00:00, run_after=2023-10-29T01:25:20.127253+00:00
[2023-10-29T01:25:20.150+0000] {processor.py:179} INFO - Processing /usr/local/lib/python3.10/dist-packages/airflow/example_dags/example_task_group_decorator.py took 0.086 seconds
