[2023-10-29T01:01:21.459+0000] {processor.py:157} INFO - Started process (PID=3633) to work on /usr/local/lib/python3.10/dist-packages/airflow/example_dags/example_sla_dag.py
[2023-10-29T01:01:21.459+0000] {processor.py:829} INFO - Processing file /usr/local/lib/python3.10/dist-packages/airflow/example_dags/example_sla_dag.py for tasks to queue
[2023-10-29T01:01:21.460+0000] {logging_mixin.py:151} INFO - [2023-10-29T01:01:21.460+0000] {dagbag.py:536} INFO - Filling up the DagBag from /usr/local/lib/python3.10/dist-packages/airflow/example_dags/example_sla_dag.py
[2023-10-29T01:01:21.471+0000] {processor.py:839} INFO - DAG(s) dict_keys(['example_sla_dag']) retrieved from /usr/local/lib/python3.10/dist-packages/airflow/example_dags/example_sla_dag.py
[2023-10-29T01:01:21.683+0000] {logging_mixin.py:151} INFO - [2023-10-29T01:01:21.683+0000] {manager.py:499} INFO - Created Permission View: %s
[2023-10-29T01:01:21.696+0000] {logging_mixin.py:151} INFO - [2023-10-29T01:01:21.695+0000] {manager.py:499} INFO - Created Permission View: %s
[2023-10-29T01:01:21.706+0000] {logging_mixin.py:151} INFO - [2023-10-29T01:01:21.706+0000] {manager.py:499} INFO - Created Permission View: %s
[2023-10-29T01:01:21.706+0000] {logging_mixin.py:151} INFO - [2023-10-29T01:01:21.706+0000] {dag.py:2941} INFO - Sync 1 DAGs
[2023-10-29T01:01:21.716+0000] {logging_mixin.py:151} INFO - [2023-10-29T01:01:21.716+0000] {dag.py:2963} INFO - Creating ORM DAG for example_sla_dag
[2023-10-29T01:01:21.727+0000] {logging_mixin.py:151} INFO - [2023-10-29T01:01:21.727+0000] {dag.py:3722} INFO - Setting next_dagrun for example_sla_dag to 2023-10-29T00:58:00+00:00, run_after=2023-10-29T01:00:00+00:00
[2023-10-29T01:01:21.748+0000] {processor.py:179} INFO - Processing /usr/local/lib/python3.10/dist-packages/airflow/example_dags/example_sla_dag.py took 0.292 seconds
[2023-10-29T01:02:10.721+0000] {processor.py:157} INFO - Started process (PID=3681) to work on /usr/local/lib/python3.10/dist-packages/airflow/example_dags/example_sla_dag.py
[2023-10-29T01:02:10.722+0000] {processor.py:829} INFO - Processing file /usr/local/lib/python3.10/dist-packages/airflow/example_dags/example_sla_dag.py for tasks to queue
[2023-10-29T01:02:10.723+0000] {logging_mixin.py:151} INFO - [2023-10-29T01:02:10.722+0000] {dagbag.py:536} INFO - Filling up the DagBag from /usr/local/lib/python3.10/dist-packages/airflow/example_dags/example_sla_dag.py
[2023-10-29T01:02:10.732+0000] {processor.py:839} INFO - DAG(s) dict_keys(['example_sla_dag']) retrieved from /usr/local/lib/python3.10/dist-packages/airflow/example_dags/example_sla_dag.py
[2023-10-29T01:02:10.748+0000] {logging_mixin.py:151} INFO - [2023-10-29T01:02:10.748+0000] {dag.py:2941} INFO - Sync 1 DAGs
[2023-10-29T01:02:10.772+0000] {logging_mixin.py:151} INFO - [2023-10-29T01:02:10.772+0000] {dag.py:3722} INFO - Setting next_dagrun for example_sla_dag to 2023-10-29T01:00:00+00:00, run_after=2023-10-29T01:02:00+00:00
[2023-10-29T01:02:10.794+0000] {processor.py:179} INFO - Processing /usr/local/lib/python3.10/dist-packages/airflow/example_dags/example_sla_dag.py took 0.076 seconds
[2023-10-29T01:02:54.738+0000] {processor.py:157} INFO - Started process (PID=3727) to work on /usr/local/lib/python3.10/dist-packages/airflow/example_dags/example_sla_dag.py
[2023-10-29T01:02:54.739+0000] {processor.py:829} INFO - Processing file /usr/local/lib/python3.10/dist-packages/airflow/example_dags/example_sla_dag.py for tasks to queue
[2023-10-29T01:02:54.740+0000] {logging_mixin.py:151} INFO - [2023-10-29T01:02:54.740+0000] {dagbag.py:536} INFO - Filling up the DagBag from /usr/local/lib/python3.10/dist-packages/airflow/example_dags/example_sla_dag.py
[2023-10-29T01:02:54.749+0000] {processor.py:839} INFO - DAG(s) dict_keys(['example_sla_dag']) retrieved from /usr/local/lib/python3.10/dist-packages/airflow/example_dags/example_sla_dag.py
[2023-10-29T01:02:54.765+0000] {logging_mixin.py:151} INFO - [2023-10-29T01:02:54.765+0000] {dag.py:2941} INFO - Sync 1 DAGs
[2023-10-29T01:02:54.788+0000] {logging_mixin.py:151} INFO - [2023-10-29T01:02:54.788+0000] {dag.py:3722} INFO - Setting next_dagrun for example_sla_dag to 2023-10-29T01:00:00+00:00, run_after=2023-10-29T01:02:00+00:00
[2023-10-29T01:02:54.808+0000] {processor.py:179} INFO - Processing /usr/local/lib/python3.10/dist-packages/airflow/example_dags/example_sla_dag.py took 0.073 seconds
[2023-10-29T01:03:40.246+0000] {processor.py:157} INFO - Started process (PID=3774) to work on /usr/local/lib/python3.10/dist-packages/airflow/example_dags/example_sla_dag.py
[2023-10-29T01:03:40.247+0000] {processor.py:829} INFO - Processing file /usr/local/lib/python3.10/dist-packages/airflow/example_dags/example_sla_dag.py for tasks to queue
[2023-10-29T01:03:40.248+0000] {logging_mixin.py:151} INFO - [2023-10-29T01:03:40.248+0000] {dagbag.py:536} INFO - Filling up the DagBag from /usr/local/lib/python3.10/dist-packages/airflow/example_dags/example_sla_dag.py
[2023-10-29T01:03:40.257+0000] {processor.py:839} INFO - DAG(s) dict_keys(['example_sla_dag']) retrieved from /usr/local/lib/python3.10/dist-packages/airflow/example_dags/example_sla_dag.py
[2023-10-29T01:03:40.273+0000] {logging_mixin.py:151} INFO - [2023-10-29T01:03:40.272+0000] {dag.py:2941} INFO - Sync 1 DAGs
[2023-10-29T01:03:40.296+0000] {logging_mixin.py:151} INFO - [2023-10-29T01:03:40.296+0000] {dag.py:3722} INFO - Setting next_dagrun for example_sla_dag to 2023-10-29T01:00:00+00:00, run_after=2023-10-29T01:02:00+00:00
[2023-10-29T01:03:40.316+0000] {processor.py:179} INFO - Processing /usr/local/lib/python3.10/dist-packages/airflow/example_dags/example_sla_dag.py took 0.073 seconds
[2023-10-29T01:04:22.698+0000] {processor.py:157} INFO - Started process (PID=3820) to work on /usr/local/lib/python3.10/dist-packages/airflow/example_dags/example_sla_dag.py
[2023-10-29T01:04:22.699+0000] {processor.py:829} INFO - Processing file /usr/local/lib/python3.10/dist-packages/airflow/example_dags/example_sla_dag.py for tasks to queue
[2023-10-29T01:04:22.700+0000] {logging_mixin.py:151} INFO - [2023-10-29T01:04:22.700+0000] {dagbag.py:536} INFO - Filling up the DagBag from /usr/local/lib/python3.10/dist-packages/airflow/example_dags/example_sla_dag.py
[2023-10-29T01:04:22.709+0000] {processor.py:839} INFO - DAG(s) dict_keys(['example_sla_dag']) retrieved from /usr/local/lib/python3.10/dist-packages/airflow/example_dags/example_sla_dag.py
[2023-10-29T01:04:22.725+0000] {logging_mixin.py:151} INFO - [2023-10-29T01:04:22.725+0000] {dag.py:2941} INFO - Sync 1 DAGs
[2023-10-29T01:04:22.748+0000] {logging_mixin.py:151} INFO - [2023-10-29T01:04:22.748+0000] {dag.py:3722} INFO - Setting next_dagrun for example_sla_dag to 2023-10-29T01:02:00+00:00, run_after=2023-10-29T01:04:00+00:00
[2023-10-29T01:04:22.771+0000] {processor.py:179} INFO - Processing /usr/local/lib/python3.10/dist-packages/airflow/example_dags/example_sla_dag.py took 0.077 seconds
[2023-10-29T01:05:04.036+0000] {processor.py:157} INFO - Started process (PID=3863) to work on /usr/local/lib/python3.10/dist-packages/airflow/example_dags/example_sla_dag.py
[2023-10-29T01:05:04.037+0000] {processor.py:829} INFO - Processing file /usr/local/lib/python3.10/dist-packages/airflow/example_dags/example_sla_dag.py for tasks to queue
[2023-10-29T01:05:04.038+0000] {logging_mixin.py:151} INFO - [2023-10-29T01:05:04.038+0000] {dagbag.py:536} INFO - Filling up the DagBag from /usr/local/lib/python3.10/dist-packages/airflow/example_dags/example_sla_dag.py
[2023-10-29T01:05:04.047+0000] {processor.py:839} INFO - DAG(s) dict_keys(['example_sla_dag']) retrieved from /usr/local/lib/python3.10/dist-packages/airflow/example_dags/example_sla_dag.py
[2023-10-29T01:05:04.064+0000] {logging_mixin.py:151} INFO - [2023-10-29T01:05:04.063+0000] {dag.py:2941} INFO - Sync 1 DAGs
[2023-10-29T01:05:04.088+0000] {logging_mixin.py:151} INFO - [2023-10-29T01:05:04.087+0000] {dag.py:3722} INFO - Setting next_dagrun for example_sla_dag to 2023-10-29T01:02:00+00:00, run_after=2023-10-29T01:04:00+00:00
[2023-10-29T01:05:04.110+0000] {processor.py:179} INFO - Processing /usr/local/lib/python3.10/dist-packages/airflow/example_dags/example_sla_dag.py took 0.077 seconds
[2023-10-29T01:05:51.656+0000] {processor.py:157} INFO - Started process (PID=3913) to work on /usr/local/lib/python3.10/dist-packages/airflow/example_dags/example_sla_dag.py
[2023-10-29T01:05:51.657+0000] {processor.py:829} INFO - Processing file /usr/local/lib/python3.10/dist-packages/airflow/example_dags/example_sla_dag.py for tasks to queue
[2023-10-29T01:05:51.658+0000] {logging_mixin.py:151} INFO - [2023-10-29T01:05:51.658+0000] {dagbag.py:536} INFO - Filling up the DagBag from /usr/local/lib/python3.10/dist-packages/airflow/example_dags/example_sla_dag.py
[2023-10-29T01:05:51.667+0000] {processor.py:839} INFO - DAG(s) dict_keys(['example_sla_dag']) retrieved from /usr/local/lib/python3.10/dist-packages/airflow/example_dags/example_sla_dag.py
[2023-10-29T01:05:51.683+0000] {logging_mixin.py:151} INFO - [2023-10-29T01:05:51.683+0000] {dag.py:2941} INFO - Sync 1 DAGs
[2023-10-29T01:05:51.706+0000] {logging_mixin.py:151} INFO - [2023-10-29T01:05:51.705+0000] {dag.py:3722} INFO - Setting next_dagrun for example_sla_dag to 2023-10-29T01:02:00+00:00, run_after=2023-10-29T01:04:00+00:00
[2023-10-29T01:05:51.727+0000] {processor.py:179} INFO - Processing /usr/local/lib/python3.10/dist-packages/airflow/example_dags/example_sla_dag.py took 0.074 seconds
[2023-10-29T01:06:39.515+0000] {processor.py:157} INFO - Started process (PID=3963) to work on /usr/local/lib/python3.10/dist-packages/airflow/example_dags/example_sla_dag.py
[2023-10-29T01:06:39.516+0000] {processor.py:829} INFO - Processing file /usr/local/lib/python3.10/dist-packages/airflow/example_dags/example_sla_dag.py for tasks to queue
[2023-10-29T01:06:39.517+0000] {logging_mixin.py:151} INFO - [2023-10-29T01:06:39.516+0000] {dagbag.py:536} INFO - Filling up the DagBag from /usr/local/lib/python3.10/dist-packages/airflow/example_dags/example_sla_dag.py
[2023-10-29T01:06:39.526+0000] {processor.py:839} INFO - DAG(s) dict_keys(['example_sla_dag']) retrieved from /usr/local/lib/python3.10/dist-packages/airflow/example_dags/example_sla_dag.py
[2023-10-29T01:06:39.542+0000] {logging_mixin.py:151} INFO - [2023-10-29T01:06:39.541+0000] {dag.py:2941} INFO - Sync 1 DAGs
[2023-10-29T01:06:39.565+0000] {logging_mixin.py:151} INFO - [2023-10-29T01:06:39.564+0000] {dag.py:3722} INFO - Setting next_dagrun for example_sla_dag to 2023-10-29T01:04:00+00:00, run_after=2023-10-29T01:06:00+00:00
[2023-10-29T01:06:39.585+0000] {processor.py:179} INFO - Processing /usr/local/lib/python3.10/dist-packages/airflow/example_dags/example_sla_dag.py took 0.074 seconds
[2023-10-29T01:07:20.153+0000] {processor.py:157} INFO - Started process (PID=4008) to work on /usr/local/lib/python3.10/dist-packages/airflow/example_dags/example_sla_dag.py
[2023-10-29T01:07:20.154+0000] {processor.py:829} INFO - Processing file /usr/local/lib/python3.10/dist-packages/airflow/example_dags/example_sla_dag.py for tasks to queue
[2023-10-29T01:07:20.155+0000] {logging_mixin.py:151} INFO - [2023-10-29T01:07:20.154+0000] {dagbag.py:536} INFO - Filling up the DagBag from /usr/local/lib/python3.10/dist-packages/airflow/example_dags/example_sla_dag.py
[2023-10-29T01:07:20.164+0000] {processor.py:839} INFO - DAG(s) dict_keys(['example_sla_dag']) retrieved from /usr/local/lib/python3.10/dist-packages/airflow/example_dags/example_sla_dag.py
[2023-10-29T01:07:20.180+0000] {logging_mixin.py:151} INFO - [2023-10-29T01:07:20.180+0000] {dag.py:2941} INFO - Sync 1 DAGs
[2023-10-29T01:07:20.202+0000] {logging_mixin.py:151} INFO - [2023-10-29T01:07:20.202+0000] {dag.py:3722} INFO - Setting next_dagrun for example_sla_dag to 2023-10-29T01:04:00+00:00, run_after=2023-10-29T01:06:00+00:00
[2023-10-29T01:07:20.223+0000] {processor.py:179} INFO - Processing /usr/local/lib/python3.10/dist-packages/airflow/example_dags/example_sla_dag.py took 0.074 seconds
[2023-10-29T01:08:09.282+0000] {processor.py:157} INFO - Started process (PID=4056) to work on /usr/local/lib/python3.10/dist-packages/airflow/example_dags/example_sla_dag.py
[2023-10-29T01:08:09.283+0000] {processor.py:829} INFO - Processing file /usr/local/lib/python3.10/dist-packages/airflow/example_dags/example_sla_dag.py for tasks to queue
[2023-10-29T01:08:09.284+0000] {logging_mixin.py:151} INFO - [2023-10-29T01:08:09.283+0000] {dagbag.py:536} INFO - Filling up the DagBag from /usr/local/lib/python3.10/dist-packages/airflow/example_dags/example_sla_dag.py
[2023-10-29T01:08:09.293+0000] {processor.py:839} INFO - DAG(s) dict_keys(['example_sla_dag']) retrieved from /usr/local/lib/python3.10/dist-packages/airflow/example_dags/example_sla_dag.py
[2023-10-29T01:08:09.309+0000] {logging_mixin.py:151} INFO - [2023-10-29T01:08:09.308+0000] {dag.py:2941} INFO - Sync 1 DAGs
[2023-10-29T01:08:09.332+0000] {logging_mixin.py:151} INFO - [2023-10-29T01:08:09.332+0000] {dag.py:3722} INFO - Setting next_dagrun for example_sla_dag to 2023-10-29T01:06:00+00:00, run_after=2023-10-29T01:08:00+00:00
[2023-10-29T01:08:09.354+0000] {processor.py:179} INFO - Processing /usr/local/lib/python3.10/dist-packages/airflow/example_dags/example_sla_dag.py took 0.076 seconds
[2023-10-29T01:08:55.607+0000] {processor.py:157} INFO - Started process (PID=4104) to work on /usr/local/lib/python3.10/dist-packages/airflow/example_dags/example_sla_dag.py
[2023-10-29T01:08:55.608+0000] {processor.py:829} INFO - Processing file /usr/local/lib/python3.10/dist-packages/airflow/example_dags/example_sla_dag.py for tasks to queue
[2023-10-29T01:08:55.609+0000] {logging_mixin.py:151} INFO - [2023-10-29T01:08:55.609+0000] {dagbag.py:536} INFO - Filling up the DagBag from /usr/local/lib/python3.10/dist-packages/airflow/example_dags/example_sla_dag.py
[2023-10-29T01:08:55.618+0000] {processor.py:839} INFO - DAG(s) dict_keys(['example_sla_dag']) retrieved from /usr/local/lib/python3.10/dist-packages/airflow/example_dags/example_sla_dag.py
[2023-10-29T01:08:55.635+0000] {logging_mixin.py:151} INFO - [2023-10-29T01:08:55.635+0000] {dag.py:2941} INFO - Sync 1 DAGs
[2023-10-29T01:08:55.658+0000] {logging_mixin.py:151} INFO - [2023-10-29T01:08:55.658+0000] {dag.py:3722} INFO - Setting next_dagrun for example_sla_dag to 2023-10-29T01:06:00+00:00, run_after=2023-10-29T01:08:00+00:00
[2023-10-29T01:08:55.681+0000] {processor.py:179} INFO - Processing /usr/local/lib/python3.10/dist-packages/airflow/example_dags/example_sla_dag.py took 0.077 seconds
[2023-10-29T01:09:43.029+0000] {processor.py:157} INFO - Started process (PID=4152) to work on /usr/local/lib/python3.10/dist-packages/airflow/example_dags/example_sla_dag.py
[2023-10-29T01:09:43.030+0000] {processor.py:829} INFO - Processing file /usr/local/lib/python3.10/dist-packages/airflow/example_dags/example_sla_dag.py for tasks to queue
[2023-10-29T01:09:43.031+0000] {logging_mixin.py:151} INFO - [2023-10-29T01:09:43.031+0000] {dagbag.py:536} INFO - Filling up the DagBag from /usr/local/lib/python3.10/dist-packages/airflow/example_dags/example_sla_dag.py
[2023-10-29T01:09:43.040+0000] {processor.py:839} INFO - DAG(s) dict_keys(['example_sla_dag']) retrieved from /usr/local/lib/python3.10/dist-packages/airflow/example_dags/example_sla_dag.py
[2023-10-29T01:09:43.057+0000] {logging_mixin.py:151} INFO - [2023-10-29T01:09:43.056+0000] {dag.py:2941} INFO - Sync 1 DAGs
[2023-10-29T01:09:43.080+0000] {logging_mixin.py:151} INFO - [2023-10-29T01:09:43.079+0000] {dag.py:3722} INFO - Setting next_dagrun for example_sla_dag to 2023-10-29T01:06:00+00:00, run_after=2023-10-29T01:08:00+00:00
[2023-10-29T01:09:43.101+0000] {processor.py:179} INFO - Processing /usr/local/lib/python3.10/dist-packages/airflow/example_dags/example_sla_dag.py took 0.075 seconds
[2023-10-29T01:10:31.875+0000] {processor.py:157} INFO - Started process (PID=4201) to work on /usr/local/lib/python3.10/dist-packages/airflow/example_dags/example_sla_dag.py
[2023-10-29T01:10:31.877+0000] {processor.py:829} INFO - Processing file /usr/local/lib/python3.10/dist-packages/airflow/example_dags/example_sla_dag.py for tasks to queue
[2023-10-29T01:10:31.877+0000] {logging_mixin.py:151} INFO - [2023-10-29T01:10:31.877+0000] {dagbag.py:536} INFO - Filling up the DagBag from /usr/local/lib/python3.10/dist-packages/airflow/example_dags/example_sla_dag.py
[2023-10-29T01:10:31.887+0000] {processor.py:839} INFO - DAG(s) dict_keys(['example_sla_dag']) retrieved from /usr/local/lib/python3.10/dist-packages/airflow/example_dags/example_sla_dag.py
[2023-10-29T01:10:31.903+0000] {logging_mixin.py:151} INFO - [2023-10-29T01:10:31.903+0000] {dag.py:2941} INFO - Sync 1 DAGs
[2023-10-29T01:10:31.928+0000] {logging_mixin.py:151} INFO - [2023-10-29T01:10:31.927+0000] {dag.py:3722} INFO - Setting next_dagrun for example_sla_dag to 2023-10-29T01:08:00+00:00, run_after=2023-10-29T01:10:00+00:00
[2023-10-29T01:10:31.949+0000] {processor.py:179} INFO - Processing /usr/local/lib/python3.10/dist-packages/airflow/example_dags/example_sla_dag.py took 0.077 seconds
[2023-10-29T01:11:17.379+0000] {processor.py:157} INFO - Started process (PID=4309) to work on /usr/local/lib/python3.10/dist-packages/airflow/example_dags/example_sla_dag.py
[2023-10-29T01:11:17.380+0000] {processor.py:829} INFO - Processing file /usr/local/lib/python3.10/dist-packages/airflow/example_dags/example_sla_dag.py for tasks to queue
[2023-10-29T01:11:17.381+0000] {logging_mixin.py:151} INFO - [2023-10-29T01:11:17.381+0000] {dagbag.py:536} INFO - Filling up the DagBag from /usr/local/lib/python3.10/dist-packages/airflow/example_dags/example_sla_dag.py
[2023-10-29T01:11:17.390+0000] {processor.py:839} INFO - DAG(s) dict_keys(['example_sla_dag']) retrieved from /usr/local/lib/python3.10/dist-packages/airflow/example_dags/example_sla_dag.py
[2023-10-29T01:11:17.407+0000] {logging_mixin.py:151} INFO - [2023-10-29T01:11:17.406+0000] {dag.py:2941} INFO - Sync 1 DAGs
[2023-10-29T01:11:17.430+0000] {logging_mixin.py:151} INFO - [2023-10-29T01:11:17.430+0000] {dag.py:3722} INFO - Setting next_dagrun for example_sla_dag to 2023-10-29T01:08:00+00:00, run_after=2023-10-29T01:10:00+00:00
[2023-10-29T01:11:17.451+0000] {processor.py:179} INFO - Processing /usr/local/lib/python3.10/dist-packages/airflow/example_dags/example_sla_dag.py took 0.075 seconds
[2023-10-29T01:12:04.082+0000] {processor.py:157} INFO - Started process (PID=4671) to work on /usr/local/lib/python3.10/dist-packages/airflow/example_dags/example_sla_dag.py
[2023-10-29T01:12:04.083+0000] {processor.py:829} INFO - Processing file /usr/local/lib/python3.10/dist-packages/airflow/example_dags/example_sla_dag.py for tasks to queue
[2023-10-29T01:12:04.084+0000] {logging_mixin.py:151} INFO - [2023-10-29T01:12:04.084+0000] {dagbag.py:536} INFO - Filling up the DagBag from /usr/local/lib/python3.10/dist-packages/airflow/example_dags/example_sla_dag.py
[2023-10-29T01:12:04.093+0000] {processor.py:839} INFO - DAG(s) dict_keys(['example_sla_dag']) retrieved from /usr/local/lib/python3.10/dist-packages/airflow/example_dags/example_sla_dag.py
[2023-10-29T01:12:04.110+0000] {logging_mixin.py:151} INFO - [2023-10-29T01:12:04.110+0000] {dag.py:2941} INFO - Sync 1 DAGs
[2023-10-29T01:12:04.134+0000] {logging_mixin.py:151} INFO - [2023-10-29T01:12:04.133+0000] {dag.py:3722} INFO - Setting next_dagrun for example_sla_dag to 2023-10-29T01:10:00+00:00, run_after=2023-10-29T01:12:00+00:00
[2023-10-29T01:12:04.155+0000] {processor.py:179} INFO - Processing /usr/local/lib/python3.10/dist-packages/airflow/example_dags/example_sla_dag.py took 0.076 seconds
[2023-10-29T01:12:47.457+0000] {processor.py:157} INFO - Started process (PID=4722) to work on /usr/local/lib/python3.10/dist-packages/airflow/example_dags/example_sla_dag.py
[2023-10-29T01:12:47.458+0000] {processor.py:829} INFO - Processing file /usr/local/lib/python3.10/dist-packages/airflow/example_dags/example_sla_dag.py for tasks to queue
[2023-10-29T01:12:47.459+0000] {logging_mixin.py:151} INFO - [2023-10-29T01:12:47.459+0000] {dagbag.py:536} INFO - Filling up the DagBag from /usr/local/lib/python3.10/dist-packages/airflow/example_dags/example_sla_dag.py
[2023-10-29T01:12:47.468+0000] {processor.py:839} INFO - DAG(s) dict_keys(['example_sla_dag']) retrieved from /usr/local/lib/python3.10/dist-packages/airflow/example_dags/example_sla_dag.py
[2023-10-29T01:12:47.485+0000] {logging_mixin.py:151} INFO - [2023-10-29T01:12:47.484+0000] {dag.py:2941} INFO - Sync 1 DAGs
[2023-10-29T01:12:47.508+0000] {logging_mixin.py:151} INFO - [2023-10-29T01:12:47.508+0000] {dag.py:3722} INFO - Setting next_dagrun for example_sla_dag to 2023-10-29T01:10:00+00:00, run_after=2023-10-29T01:12:00+00:00
[2023-10-29T01:12:47.531+0000] {processor.py:179} INFO - Processing /usr/local/lib/python3.10/dist-packages/airflow/example_dags/example_sla_dag.py took 0.077 seconds
[2023-10-29T01:13:27.436+0000] {processor.py:157} INFO - Started process (PID=4766) to work on /usr/local/lib/python3.10/dist-packages/airflow/example_dags/example_sla_dag.py
[2023-10-29T01:13:27.437+0000] {processor.py:829} INFO - Processing file /usr/local/lib/python3.10/dist-packages/airflow/example_dags/example_sla_dag.py for tasks to queue
[2023-10-29T01:13:27.438+0000] {logging_mixin.py:151} INFO - [2023-10-29T01:13:27.438+0000] {dagbag.py:536} INFO - Filling up the DagBag from /usr/local/lib/python3.10/dist-packages/airflow/example_dags/example_sla_dag.py
[2023-10-29T01:13:27.448+0000] {processor.py:839} INFO - DAG(s) dict_keys(['example_sla_dag']) retrieved from /usr/local/lib/python3.10/dist-packages/airflow/example_dags/example_sla_dag.py
[2023-10-29T01:13:27.463+0000] {logging_mixin.py:151} INFO - [2023-10-29T01:13:27.463+0000] {dag.py:2941} INFO - Sync 1 DAGs
[2023-10-29T01:13:27.487+0000] {logging_mixin.py:151} INFO - [2023-10-29T01:13:27.487+0000] {dag.py:3722} INFO - Setting next_dagrun for example_sla_dag to 2023-10-29T01:10:00+00:00, run_after=2023-10-29T01:12:00+00:00
[2023-10-29T01:13:27.508+0000] {processor.py:179} INFO - Processing /usr/local/lib/python3.10/dist-packages/airflow/example_dags/example_sla_dag.py took 0.075 seconds
[2023-10-29T01:14:09.897+0000] {processor.py:157} INFO - Started process (PID=4811) to work on /usr/local/lib/python3.10/dist-packages/airflow/example_dags/example_sla_dag.py
[2023-10-29T01:14:09.899+0000] {processor.py:829} INFO - Processing file /usr/local/lib/python3.10/dist-packages/airflow/example_dags/example_sla_dag.py for tasks to queue
[2023-10-29T01:14:09.900+0000] {logging_mixin.py:151} INFO - [2023-10-29T01:14:09.899+0000] {dagbag.py:536} INFO - Filling up the DagBag from /usr/local/lib/python3.10/dist-packages/airflow/example_dags/example_sla_dag.py
[2023-10-29T01:14:09.909+0000] {processor.py:839} INFO - DAG(s) dict_keys(['example_sla_dag']) retrieved from /usr/local/lib/python3.10/dist-packages/airflow/example_dags/example_sla_dag.py
[2023-10-29T01:14:09.925+0000] {logging_mixin.py:151} INFO - [2023-10-29T01:14:09.924+0000] {dag.py:2941} INFO - Sync 1 DAGs
[2023-10-29T01:14:09.947+0000] {logging_mixin.py:151} INFO - [2023-10-29T01:14:09.947+0000] {dag.py:3722} INFO - Setting next_dagrun for example_sla_dag to 2023-10-29T01:12:00+00:00, run_after=2023-10-29T01:14:00+00:00
[2023-10-29T01:14:09.969+0000] {processor.py:179} INFO - Processing /usr/local/lib/python3.10/dist-packages/airflow/example_dags/example_sla_dag.py took 0.074 seconds
[2023-10-29T01:14:53.465+0000] {processor.py:157} INFO - Started process (PID=4857) to work on /usr/local/lib/python3.10/dist-packages/airflow/example_dags/example_sla_dag.py
[2023-10-29T01:14:53.466+0000] {processor.py:829} INFO - Processing file /usr/local/lib/python3.10/dist-packages/airflow/example_dags/example_sla_dag.py for tasks to queue
[2023-10-29T01:14:53.467+0000] {logging_mixin.py:151} INFO - [2023-10-29T01:14:53.466+0000] {dagbag.py:536} INFO - Filling up the DagBag from /usr/local/lib/python3.10/dist-packages/airflow/example_dags/example_sla_dag.py
[2023-10-29T01:14:53.476+0000] {processor.py:839} INFO - DAG(s) dict_keys(['example_sla_dag']) retrieved from /usr/local/lib/python3.10/dist-packages/airflow/example_dags/example_sla_dag.py
[2023-10-29T01:14:53.492+0000] {logging_mixin.py:151} INFO - [2023-10-29T01:14:53.492+0000] {dag.py:2941} INFO - Sync 1 DAGs
[2023-10-29T01:14:53.516+0000] {logging_mixin.py:151} INFO - [2023-10-29T01:14:53.515+0000] {dag.py:3722} INFO - Setting next_dagrun for example_sla_dag to 2023-10-29T01:12:00+00:00, run_after=2023-10-29T01:14:00+00:00
[2023-10-29T01:14:53.537+0000] {processor.py:179} INFO - Processing /usr/local/lib/python3.10/dist-packages/airflow/example_dags/example_sla_dag.py took 0.075 seconds
[2023-10-29T01:15:34.882+0000] {processor.py:157} INFO - Started process (PID=4900) to work on /usr/local/lib/python3.10/dist-packages/airflow/example_dags/example_sla_dag.py
[2023-10-29T01:15:34.884+0000] {processor.py:829} INFO - Processing file /usr/local/lib/python3.10/dist-packages/airflow/example_dags/example_sla_dag.py for tasks to queue
[2023-10-29T01:15:34.885+0000] {logging_mixin.py:151} INFO - [2023-10-29T01:15:34.884+0000] {dagbag.py:536} INFO - Filling up the DagBag from /usr/local/lib/python3.10/dist-packages/airflow/example_dags/example_sla_dag.py
[2023-10-29T01:15:34.894+0000] {processor.py:839} INFO - DAG(s) dict_keys(['example_sla_dag']) retrieved from /usr/local/lib/python3.10/dist-packages/airflow/example_dags/example_sla_dag.py
[2023-10-29T01:15:34.910+0000] {logging_mixin.py:151} INFO - [2023-10-29T01:15:34.910+0000] {dag.py:2941} INFO - Sync 1 DAGs
[2023-10-29T01:15:34.934+0000] {logging_mixin.py:151} INFO - [2023-10-29T01:15:34.934+0000] {dag.py:3722} INFO - Setting next_dagrun for example_sla_dag to 2023-10-29T01:12:00+00:00, run_after=2023-10-29T01:14:00+00:00
[2023-10-29T01:15:34.955+0000] {processor.py:179} INFO - Processing /usr/local/lib/python3.10/dist-packages/airflow/example_dags/example_sla_dag.py took 0.076 seconds
[2023-10-29T01:16:20.173+0000] {processor.py:157} INFO - Started process (PID=4946) to work on /usr/local/lib/python3.10/dist-packages/airflow/example_dags/example_sla_dag.py
[2023-10-29T01:16:20.174+0000] {processor.py:829} INFO - Processing file /usr/local/lib/python3.10/dist-packages/airflow/example_dags/example_sla_dag.py for tasks to queue
[2023-10-29T01:16:20.175+0000] {logging_mixin.py:151} INFO - [2023-10-29T01:16:20.174+0000] {dagbag.py:536} INFO - Filling up the DagBag from /usr/local/lib/python3.10/dist-packages/airflow/example_dags/example_sla_dag.py
[2023-10-29T01:16:20.184+0000] {processor.py:839} INFO - DAG(s) dict_keys(['example_sla_dag']) retrieved from /usr/local/lib/python3.10/dist-packages/airflow/example_dags/example_sla_dag.py
[2023-10-29T01:16:20.200+0000] {logging_mixin.py:151} INFO - [2023-10-29T01:16:20.200+0000] {dag.py:2941} INFO - Sync 1 DAGs
[2023-10-29T01:16:20.223+0000] {logging_mixin.py:151} INFO - [2023-10-29T01:16:20.223+0000] {dag.py:3722} INFO - Setting next_dagrun for example_sla_dag to 2023-10-29T01:14:00+00:00, run_after=2023-10-29T01:16:00+00:00
[2023-10-29T01:16:20.244+0000] {processor.py:179} INFO - Processing /usr/local/lib/python3.10/dist-packages/airflow/example_dags/example_sla_dag.py took 0.075 seconds
[2023-10-29T01:17:07.628+0000] {processor.py:157} INFO - Started process (PID=4997) to work on /usr/local/lib/python3.10/dist-packages/airflow/example_dags/example_sla_dag.py
[2023-10-29T01:17:07.630+0000] {processor.py:829} INFO - Processing file /usr/local/lib/python3.10/dist-packages/airflow/example_dags/example_sla_dag.py for tasks to queue
[2023-10-29T01:17:07.631+0000] {logging_mixin.py:151} INFO - [2023-10-29T01:17:07.630+0000] {dagbag.py:536} INFO - Filling up the DagBag from /usr/local/lib/python3.10/dist-packages/airflow/example_dags/example_sla_dag.py
[2023-10-29T01:17:07.640+0000] {processor.py:839} INFO - DAG(s) dict_keys(['example_sla_dag']) retrieved from /usr/local/lib/python3.10/dist-packages/airflow/example_dags/example_sla_dag.py
[2023-10-29T01:17:07.656+0000] {logging_mixin.py:151} INFO - [2023-10-29T01:17:07.655+0000] {dag.py:2941} INFO - Sync 1 DAGs
[2023-10-29T01:17:07.678+0000] {logging_mixin.py:151} INFO - [2023-10-29T01:17:07.678+0000] {dag.py:3722} INFO - Setting next_dagrun for example_sla_dag to 2023-10-29T01:14:00+00:00, run_after=2023-10-29T01:16:00+00:00
[2023-10-29T01:17:07.698+0000] {processor.py:179} INFO - Processing /usr/local/lib/python3.10/dist-packages/airflow/example_dags/example_sla_dag.py took 0.073 seconds
[2023-10-29T01:17:52.899+0000] {processor.py:157} INFO - Started process (PID=5044) to work on /usr/local/lib/python3.10/dist-packages/airflow/example_dags/example_sla_dag.py
[2023-10-29T01:17:52.900+0000] {processor.py:829} INFO - Processing file /usr/local/lib/python3.10/dist-packages/airflow/example_dags/example_sla_dag.py for tasks to queue
[2023-10-29T01:17:52.900+0000] {logging_mixin.py:151} INFO - [2023-10-29T01:17:52.900+0000] {dagbag.py:536} INFO - Filling up the DagBag from /usr/local/lib/python3.10/dist-packages/airflow/example_dags/example_sla_dag.py
[2023-10-29T01:17:52.910+0000] {processor.py:839} INFO - DAG(s) dict_keys(['example_sla_dag']) retrieved from /usr/local/lib/python3.10/dist-packages/airflow/example_dags/example_sla_dag.py
[2023-10-29T01:17:52.926+0000] {logging_mixin.py:151} INFO - [2023-10-29T01:17:52.926+0000] {dag.py:2941} INFO - Sync 1 DAGs
[2023-10-29T01:17:52.950+0000] {logging_mixin.py:151} INFO - [2023-10-29T01:17:52.950+0000] {dag.py:3722} INFO - Setting next_dagrun for example_sla_dag to 2023-10-29T01:14:00+00:00, run_after=2023-10-29T01:16:00+00:00
[2023-10-29T01:17:52.972+0000] {processor.py:179} INFO - Processing /usr/local/lib/python3.10/dist-packages/airflow/example_dags/example_sla_dag.py took 0.077 seconds
[2023-10-29T01:18:39.275+0000] {processor.py:157} INFO - Started process (PID=5092) to work on /usr/local/lib/python3.10/dist-packages/airflow/example_dags/example_sla_dag.py
[2023-10-29T01:18:39.276+0000] {processor.py:829} INFO - Processing file /usr/local/lib/python3.10/dist-packages/airflow/example_dags/example_sla_dag.py for tasks to queue
[2023-10-29T01:18:39.277+0000] {logging_mixin.py:151} INFO - [2023-10-29T01:18:39.277+0000] {dagbag.py:536} INFO - Filling up the DagBag from /usr/local/lib/python3.10/dist-packages/airflow/example_dags/example_sla_dag.py
[2023-10-29T01:18:39.286+0000] {processor.py:839} INFO - DAG(s) dict_keys(['example_sla_dag']) retrieved from /usr/local/lib/python3.10/dist-packages/airflow/example_dags/example_sla_dag.py
[2023-10-29T01:18:39.302+0000] {logging_mixin.py:151} INFO - [2023-10-29T01:18:39.302+0000] {dag.py:2941} INFO - Sync 1 DAGs
[2023-10-29T01:18:39.326+0000] {logging_mixin.py:151} INFO - [2023-10-29T01:18:39.325+0000] {dag.py:3722} INFO - Setting next_dagrun for example_sla_dag to 2023-10-29T01:16:00+00:00, run_after=2023-10-29T01:18:00+00:00
[2023-10-29T01:18:39.347+0000] {processor.py:179} INFO - Processing /usr/local/lib/python3.10/dist-packages/airflow/example_dags/example_sla_dag.py took 0.075 seconds
[2023-10-29T01:19:27.896+0000] {processor.py:157} INFO - Started process (PID=5140) to work on /usr/local/lib/python3.10/dist-packages/airflow/example_dags/example_sla_dag.py
[2023-10-29T01:19:27.897+0000] {processor.py:829} INFO - Processing file /usr/local/lib/python3.10/dist-packages/airflow/example_dags/example_sla_dag.py for tasks to queue
[2023-10-29T01:19:27.898+0000] {logging_mixin.py:151} INFO - [2023-10-29T01:19:27.898+0000] {dagbag.py:536} INFO - Filling up the DagBag from /usr/local/lib/python3.10/dist-packages/airflow/example_dags/example_sla_dag.py
[2023-10-29T01:19:27.908+0000] {processor.py:839} INFO - DAG(s) dict_keys(['example_sla_dag']) retrieved from /usr/local/lib/python3.10/dist-packages/airflow/example_dags/example_sla_dag.py
[2023-10-29T01:19:27.924+0000] {logging_mixin.py:151} INFO - [2023-10-29T01:19:27.924+0000] {dag.py:2941} INFO - Sync 1 DAGs
[2023-10-29T01:19:27.948+0000] {logging_mixin.py:151} INFO - [2023-10-29T01:19:27.948+0000] {dag.py:3722} INFO - Setting next_dagrun for example_sla_dag to 2023-10-29T01:16:00+00:00, run_after=2023-10-29T01:18:00+00:00
[2023-10-29T01:19:27.969+0000] {processor.py:179} INFO - Processing /usr/local/lib/python3.10/dist-packages/airflow/example_dags/example_sla_dag.py took 0.076 seconds
[2023-10-29T01:20:15.372+0000] {processor.py:157} INFO - Started process (PID=5189) to work on /usr/local/lib/python3.10/dist-packages/airflow/example_dags/example_sla_dag.py
[2023-10-29T01:20:15.373+0000] {processor.py:829} INFO - Processing file /usr/local/lib/python3.10/dist-packages/airflow/example_dags/example_sla_dag.py for tasks to queue
[2023-10-29T01:20:15.374+0000] {logging_mixin.py:151} INFO - [2023-10-29T01:20:15.373+0000] {dagbag.py:536} INFO - Filling up the DagBag from /usr/local/lib/python3.10/dist-packages/airflow/example_dags/example_sla_dag.py
[2023-10-29T01:20:15.383+0000] {processor.py:839} INFO - DAG(s) dict_keys(['example_sla_dag']) retrieved from /usr/local/lib/python3.10/dist-packages/airflow/example_dags/example_sla_dag.py
[2023-10-29T01:20:15.400+0000] {logging_mixin.py:151} INFO - [2023-10-29T01:20:15.400+0000] {dag.py:2941} INFO - Sync 1 DAGs
[2023-10-29T01:20:15.423+0000] {logging_mixin.py:151} INFO - [2023-10-29T01:20:15.423+0000] {dag.py:3722} INFO - Setting next_dagrun for example_sla_dag to 2023-10-29T01:18:00+00:00, run_after=2023-10-29T01:20:00+00:00
[2023-10-29T01:20:15.446+0000] {processor.py:179} INFO - Processing /usr/local/lib/python3.10/dist-packages/airflow/example_dags/example_sla_dag.py took 0.077 seconds
[2023-10-29T01:21:00.248+0000] {processor.py:157} INFO - Started process (PID=5236) to work on /usr/local/lib/python3.10/dist-packages/airflow/example_dags/example_sla_dag.py
[2023-10-29T01:21:00.250+0000] {processor.py:829} INFO - Processing file /usr/local/lib/python3.10/dist-packages/airflow/example_dags/example_sla_dag.py for tasks to queue
[2023-10-29T01:21:00.250+0000] {logging_mixin.py:151} INFO - [2023-10-29T01:21:00.250+0000] {dagbag.py:536} INFO - Filling up the DagBag from /usr/local/lib/python3.10/dist-packages/airflow/example_dags/example_sla_dag.py
[2023-10-29T01:21:00.260+0000] {processor.py:839} INFO - DAG(s) dict_keys(['example_sla_dag']) retrieved from /usr/local/lib/python3.10/dist-packages/airflow/example_dags/example_sla_dag.py
[2023-10-29T01:21:00.276+0000] {logging_mixin.py:151} INFO - [2023-10-29T01:21:00.275+0000] {dag.py:2941} INFO - Sync 1 DAGs
[2023-10-29T01:21:00.299+0000] {logging_mixin.py:151} INFO - [2023-10-29T01:21:00.298+0000] {dag.py:3722} INFO - Setting next_dagrun for example_sla_dag to 2023-10-29T01:18:00+00:00, run_after=2023-10-29T01:20:00+00:00
[2023-10-29T01:21:00.320+0000] {processor.py:179} INFO - Processing /usr/local/lib/python3.10/dist-packages/airflow/example_dags/example_sla_dag.py took 0.075 seconds
[2023-10-29T01:21:48.243+0000] {processor.py:157} INFO - Started process (PID=5284) to work on /usr/local/lib/python3.10/dist-packages/airflow/example_dags/example_sla_dag.py
[2023-10-29T01:21:48.244+0000] {processor.py:829} INFO - Processing file /usr/local/lib/python3.10/dist-packages/airflow/example_dags/example_sla_dag.py for tasks to queue
[2023-10-29T01:21:48.245+0000] {logging_mixin.py:151} INFO - [2023-10-29T01:21:48.245+0000] {dagbag.py:536} INFO - Filling up the DagBag from /usr/local/lib/python3.10/dist-packages/airflow/example_dags/example_sla_dag.py
[2023-10-29T01:21:48.254+0000] {processor.py:839} INFO - DAG(s) dict_keys(['example_sla_dag']) retrieved from /usr/local/lib/python3.10/dist-packages/airflow/example_dags/example_sla_dag.py
[2023-10-29T01:21:48.271+0000] {logging_mixin.py:151} INFO - [2023-10-29T01:21:48.271+0000] {dag.py:2941} INFO - Sync 1 DAGs
[2023-10-29T01:21:48.294+0000] {logging_mixin.py:151} INFO - [2023-10-29T01:21:48.294+0000] {dag.py:3722} INFO - Setting next_dagrun for example_sla_dag to 2023-10-29T01:18:00+00:00, run_after=2023-10-29T01:20:00+00:00
[2023-10-29T01:21:48.315+0000] {processor.py:179} INFO - Processing /usr/local/lib/python3.10/dist-packages/airflow/example_dags/example_sla_dag.py took 0.076 seconds
[2023-10-29T01:22:36.993+0000] {processor.py:157} INFO - Started process (PID=5335) to work on /usr/local/lib/python3.10/dist-packages/airflow/example_dags/example_sla_dag.py
[2023-10-29T01:22:36.994+0000] {processor.py:829} INFO - Processing file /usr/local/lib/python3.10/dist-packages/airflow/example_dags/example_sla_dag.py for tasks to queue
[2023-10-29T01:22:36.995+0000] {logging_mixin.py:151} INFO - [2023-10-29T01:22:36.995+0000] {dagbag.py:536} INFO - Filling up the DagBag from /usr/local/lib/python3.10/dist-packages/airflow/example_dags/example_sla_dag.py
[2023-10-29T01:22:37.004+0000] {processor.py:839} INFO - DAG(s) dict_keys(['example_sla_dag']) retrieved from /usr/local/lib/python3.10/dist-packages/airflow/example_dags/example_sla_dag.py
[2023-10-29T01:22:37.021+0000] {logging_mixin.py:151} INFO - [2023-10-29T01:22:37.021+0000] {dag.py:2941} INFO - Sync 1 DAGs
[2023-10-29T01:22:37.044+0000] {logging_mixin.py:151} INFO - [2023-10-29T01:22:37.044+0000] {dag.py:3722} INFO - Setting next_dagrun for example_sla_dag to 2023-10-29T01:20:00+00:00, run_after=2023-10-29T01:22:00+00:00
[2023-10-29T01:22:37.065+0000] {processor.py:179} INFO - Processing /usr/local/lib/python3.10/dist-packages/airflow/example_dags/example_sla_dag.py took 0.076 seconds
[2023-10-29T01:23:23.393+0000] {processor.py:157} INFO - Started process (PID=5383) to work on /usr/local/lib/python3.10/dist-packages/airflow/example_dags/example_sla_dag.py
[2023-10-29T01:23:23.394+0000] {processor.py:829} INFO - Processing file /usr/local/lib/python3.10/dist-packages/airflow/example_dags/example_sla_dag.py for tasks to queue
[2023-10-29T01:23:23.395+0000] {logging_mixin.py:151} INFO - [2023-10-29T01:23:23.395+0000] {dagbag.py:536} INFO - Filling up the DagBag from /usr/local/lib/python3.10/dist-packages/airflow/example_dags/example_sla_dag.py
[2023-10-29T01:23:23.404+0000] {processor.py:839} INFO - DAG(s) dict_keys(['example_sla_dag']) retrieved from /usr/local/lib/python3.10/dist-packages/airflow/example_dags/example_sla_dag.py
[2023-10-29T01:23:23.421+0000] {logging_mixin.py:151} INFO - [2023-10-29T01:23:23.421+0000] {dag.py:2941} INFO - Sync 1 DAGs
[2023-10-29T01:23:23.444+0000] {logging_mixin.py:151} INFO - [2023-10-29T01:23:23.444+0000] {dag.py:3722} INFO - Setting next_dagrun for example_sla_dag to 2023-10-29T01:20:00+00:00, run_after=2023-10-29T01:22:00+00:00
[2023-10-29T01:23:23.466+0000] {processor.py:179} INFO - Processing /usr/local/lib/python3.10/dist-packages/airflow/example_dags/example_sla_dag.py took 0.077 seconds
[2023-10-29T01:24:15.231+0000] {processor.py:157} INFO - Started process (PID=5435) to work on /usr/local/lib/python3.10/dist-packages/airflow/example_dags/example_sla_dag.py
[2023-10-29T01:24:15.232+0000] {processor.py:829} INFO - Processing file /usr/local/lib/python3.10/dist-packages/airflow/example_dags/example_sla_dag.py for tasks to queue
[2023-10-29T01:24:15.233+0000] {logging_mixin.py:151} INFO - [2023-10-29T01:24:15.232+0000] {dagbag.py:536} INFO - Filling up the DagBag from /usr/local/lib/python3.10/dist-packages/airflow/example_dags/example_sla_dag.py
[2023-10-29T01:24:15.242+0000] {processor.py:839} INFO - DAG(s) dict_keys(['example_sla_dag']) retrieved from /usr/local/lib/python3.10/dist-packages/airflow/example_dags/example_sla_dag.py
[2023-10-29T01:24:15.257+0000] {logging_mixin.py:151} INFO - [2023-10-29T01:24:15.257+0000] {dag.py:2941} INFO - Sync 1 DAGs
[2023-10-29T01:24:15.280+0000] {logging_mixin.py:151} INFO - [2023-10-29T01:24:15.280+0000] {dag.py:3722} INFO - Setting next_dagrun for example_sla_dag to 2023-10-29T01:22:00+00:00, run_after=2023-10-29T01:24:00+00:00
[2023-10-29T01:24:15.301+0000] {processor.py:179} INFO - Processing /usr/local/lib/python3.10/dist-packages/airflow/example_dags/example_sla_dag.py took 0.073 seconds
[2023-10-29T01:25:04.522+0000] {processor.py:157} INFO - Started process (PID=5485) to work on /usr/local/lib/python3.10/dist-packages/airflow/example_dags/example_sla_dag.py
[2023-10-29T01:25:04.524+0000] {processor.py:829} INFO - Processing file /usr/local/lib/python3.10/dist-packages/airflow/example_dags/example_sla_dag.py for tasks to queue
[2023-10-29T01:25:04.524+0000] {logging_mixin.py:151} INFO - [2023-10-29T01:25:04.524+0000] {dagbag.py:536} INFO - Filling up the DagBag from /usr/local/lib/python3.10/dist-packages/airflow/example_dags/example_sla_dag.py
[2023-10-29T01:25:04.534+0000] {processor.py:839} INFO - DAG(s) dict_keys(['example_sla_dag']) retrieved from /usr/local/lib/python3.10/dist-packages/airflow/example_dags/example_sla_dag.py
[2023-10-29T01:25:04.551+0000] {logging_mixin.py:151} INFO - [2023-10-29T01:25:04.550+0000] {dag.py:2941} INFO - Sync 1 DAGs
[2023-10-29T01:25:04.576+0000] {logging_mixin.py:151} INFO - [2023-10-29T01:25:04.576+0000] {dag.py:3722} INFO - Setting next_dagrun for example_sla_dag to 2023-10-29T01:22:00+00:00, run_after=2023-10-29T01:24:00+00:00
[2023-10-29T01:25:04.600+0000] {processor.py:179} INFO - Processing /usr/local/lib/python3.10/dist-packages/airflow/example_dags/example_sla_dag.py took 0.081 seconds
