[2023-10-29T01:01:01.512+0000] {processor.py:157} INFO - Started process (PID=3613) to work on /usr/local/lib/python3.10/dist-packages/airflow/example_dags/example_xcom.py
[2023-10-29T01:01:01.513+0000] {processor.py:829} INFO - Processing file /usr/local/lib/python3.10/dist-packages/airflow/example_dags/example_xcom.py for tasks to queue
[2023-10-29T01:01:01.514+0000] {logging_mixin.py:151} INFO - [2023-10-29T01:01:01.514+0000] {dagbag.py:536} INFO - Filling up the DagBag from /usr/local/lib/python3.10/dist-packages/airflow/example_dags/example_xcom.py
[2023-10-29T01:01:01.524+0000] {processor.py:839} INFO - DAG(s) dict_keys(['example_xcom']) retrieved from /usr/local/lib/python3.10/dist-packages/airflow/example_dags/example_xcom.py
[2023-10-29T01:01:01.747+0000] {logging_mixin.py:151} INFO - [2023-10-29T01:01:01.746+0000] {manager.py:499} INFO - Created Permission View: %s
[2023-10-29T01:01:01.760+0000] {logging_mixin.py:151} INFO - [2023-10-29T01:01:01.760+0000] {manager.py:499} INFO - Created Permission View: %s
[2023-10-29T01:01:01.769+0000] {logging_mixin.py:151} INFO - [2023-10-29T01:01:01.769+0000] {manager.py:499} INFO - Created Permission View: %s
[2023-10-29T01:01:01.770+0000] {logging_mixin.py:151} INFO - [2023-10-29T01:01:01.770+0000] {dag.py:2941} INFO - Sync 1 DAGs
[2023-10-29T01:01:01.780+0000] {logging_mixin.py:151} INFO - [2023-10-29T01:01:01.780+0000] {dag.py:2963} INFO - Creating ORM DAG for example_xcom
[2023-10-29T01:01:01.788+0000] {logging_mixin.py:151} INFO - [2023-10-29T01:01:01.787+0000] {dag.py:3722} INFO - Setting next_dagrun for example_xcom to 2021-01-01T00:00:00+00:00, run_after=2021-01-01T00:00:00+00:00
[2023-10-29T01:01:01.809+0000] {processor.py:179} INFO - Processing /usr/local/lib/python3.10/dist-packages/airflow/example_dags/example_xcom.py took 0.300 seconds
[2023-10-29T01:01:53.451+0000] {processor.py:157} INFO - Started process (PID=3664) to work on /usr/local/lib/python3.10/dist-packages/airflow/example_dags/example_xcom.py
[2023-10-29T01:01:53.453+0000] {processor.py:829} INFO - Processing file /usr/local/lib/python3.10/dist-packages/airflow/example_dags/example_xcom.py for tasks to queue
[2023-10-29T01:01:53.453+0000] {logging_mixin.py:151} INFO - [2023-10-29T01:01:53.453+0000] {dagbag.py:536} INFO - Filling up the DagBag from /usr/local/lib/python3.10/dist-packages/airflow/example_dags/example_xcom.py
[2023-10-29T01:01:53.461+0000] {processor.py:839} INFO - DAG(s) dict_keys(['example_xcom']) retrieved from /usr/local/lib/python3.10/dist-packages/airflow/example_dags/example_xcom.py
[2023-10-29T01:01:53.478+0000] {logging_mixin.py:151} INFO - [2023-10-29T01:01:53.478+0000] {dag.py:2941} INFO - Sync 1 DAGs
[2023-10-29T01:01:53.499+0000] {logging_mixin.py:151} INFO - [2023-10-29T01:01:53.499+0000] {dag.py:3722} INFO - Setting next_dagrun for example_xcom to 2021-01-01T00:00:00+00:00, run_after=2021-01-01T00:00:00+00:00
[2023-10-29T01:01:53.519+0000] {processor.py:179} INFO - Processing /usr/local/lib/python3.10/dist-packages/airflow/example_dags/example_xcom.py took 0.071 seconds
[2023-10-29T01:02:31.353+0000] {processor.py:157} INFO - Started process (PID=3701) to work on /usr/local/lib/python3.10/dist-packages/airflow/example_dags/example_xcom.py
[2023-10-29T01:02:31.354+0000] {processor.py:829} INFO - Processing file /usr/local/lib/python3.10/dist-packages/airflow/example_dags/example_xcom.py for tasks to queue
[2023-10-29T01:02:31.355+0000] {logging_mixin.py:151} INFO - [2023-10-29T01:02:31.354+0000] {dagbag.py:536} INFO - Filling up the DagBag from /usr/local/lib/python3.10/dist-packages/airflow/example_dags/example_xcom.py
[2023-10-29T01:02:31.363+0000] {processor.py:839} INFO - DAG(s) dict_keys(['example_xcom']) retrieved from /usr/local/lib/python3.10/dist-packages/airflow/example_dags/example_xcom.py
[2023-10-29T01:02:31.380+0000] {logging_mixin.py:151} INFO - [2023-10-29T01:02:31.380+0000] {dag.py:2941} INFO - Sync 1 DAGs
[2023-10-29T01:02:31.400+0000] {logging_mixin.py:151} INFO - [2023-10-29T01:02:31.400+0000] {dag.py:3722} INFO - Setting next_dagrun for example_xcom to 2021-01-01T00:00:00+00:00, run_after=2021-01-01T00:00:00+00:00
[2023-10-29T01:02:31.422+0000] {processor.py:179} INFO - Processing /usr/local/lib/python3.10/dist-packages/airflow/example_dags/example_xcom.py took 0.072 seconds
[2023-10-29T01:03:12.695+0000] {processor.py:157} INFO - Started process (PID=3747) to work on /usr/local/lib/python3.10/dist-packages/airflow/example_dags/example_xcom.py
[2023-10-29T01:03:12.697+0000] {processor.py:829} INFO - Processing file /usr/local/lib/python3.10/dist-packages/airflow/example_dags/example_xcom.py for tasks to queue
[2023-10-29T01:03:12.698+0000] {logging_mixin.py:151} INFO - [2023-10-29T01:03:12.698+0000] {dagbag.py:536} INFO - Filling up the DagBag from /usr/local/lib/python3.10/dist-packages/airflow/example_dags/example_xcom.py
[2023-10-29T01:03:12.707+0000] {processor.py:839} INFO - DAG(s) dict_keys(['example_xcom']) retrieved from /usr/local/lib/python3.10/dist-packages/airflow/example_dags/example_xcom.py
[2023-10-29T01:03:12.726+0000] {logging_mixin.py:151} INFO - [2023-10-29T01:03:12.726+0000] {dag.py:2941} INFO - Sync 1 DAGs
[2023-10-29T01:03:12.747+0000] {logging_mixin.py:151} INFO - [2023-10-29T01:03:12.747+0000] {dag.py:3722} INFO - Setting next_dagrun for example_xcom to 2021-01-01T00:00:00+00:00, run_after=2021-01-01T00:00:00+00:00
[2023-10-29T01:03:12.773+0000] {processor.py:179} INFO - Processing /usr/local/lib/python3.10/dist-packages/airflow/example_dags/example_xcom.py took 0.081 seconds
[2023-10-29T01:03:54.880+0000] {processor.py:157} INFO - Started process (PID=3790) to work on /usr/local/lib/python3.10/dist-packages/airflow/example_dags/example_xcom.py
[2023-10-29T01:03:54.881+0000] {processor.py:829} INFO - Processing file /usr/local/lib/python3.10/dist-packages/airflow/example_dags/example_xcom.py for tasks to queue
[2023-10-29T01:03:54.882+0000] {logging_mixin.py:151} INFO - [2023-10-29T01:03:54.881+0000] {dagbag.py:536} INFO - Filling up the DagBag from /usr/local/lib/python3.10/dist-packages/airflow/example_dags/example_xcom.py
[2023-10-29T01:03:54.890+0000] {processor.py:839} INFO - DAG(s) dict_keys(['example_xcom']) retrieved from /usr/local/lib/python3.10/dist-packages/airflow/example_dags/example_xcom.py
[2023-10-29T01:03:54.907+0000] {logging_mixin.py:151} INFO - [2023-10-29T01:03:54.907+0000] {dag.py:2941} INFO - Sync 1 DAGs
[2023-10-29T01:03:54.927+0000] {logging_mixin.py:151} INFO - [2023-10-29T01:03:54.927+0000] {dag.py:3722} INFO - Setting next_dagrun for example_xcom to 2021-01-01T00:00:00+00:00, run_after=2021-01-01T00:00:00+00:00
[2023-10-29T01:03:54.949+0000] {processor.py:179} INFO - Processing /usr/local/lib/python3.10/dist-packages/airflow/example_dags/example_xcom.py took 0.072 seconds
[2023-10-29T01:04:35.281+0000] {processor.py:157} INFO - Started process (PID=3833) to work on /usr/local/lib/python3.10/dist-packages/airflow/example_dags/example_xcom.py
[2023-10-29T01:04:35.283+0000] {processor.py:829} INFO - Processing file /usr/local/lib/python3.10/dist-packages/airflow/example_dags/example_xcom.py for tasks to queue
[2023-10-29T01:04:35.283+0000] {logging_mixin.py:151} INFO - [2023-10-29T01:04:35.283+0000] {dagbag.py:536} INFO - Filling up the DagBag from /usr/local/lib/python3.10/dist-packages/airflow/example_dags/example_xcom.py
[2023-10-29T01:04:35.291+0000] {processor.py:839} INFO - DAG(s) dict_keys(['example_xcom']) retrieved from /usr/local/lib/python3.10/dist-packages/airflow/example_dags/example_xcom.py
[2023-10-29T01:04:35.309+0000] {logging_mixin.py:151} INFO - [2023-10-29T01:04:35.309+0000] {dag.py:2941} INFO - Sync 1 DAGs
[2023-10-29T01:04:35.328+0000] {logging_mixin.py:151} INFO - [2023-10-29T01:04:35.328+0000] {dag.py:3722} INFO - Setting next_dagrun for example_xcom to 2021-01-01T00:00:00+00:00, run_after=2021-01-01T00:00:00+00:00
[2023-10-29T01:04:35.351+0000] {processor.py:179} INFO - Processing /usr/local/lib/python3.10/dist-packages/airflow/example_dags/example_xcom.py took 0.073 seconds
[2023-10-29T01:05:18.435+0000] {processor.py:157} INFO - Started process (PID=3879) to work on /usr/local/lib/python3.10/dist-packages/airflow/example_dags/example_xcom.py
[2023-10-29T01:05:18.436+0000] {processor.py:829} INFO - Processing file /usr/local/lib/python3.10/dist-packages/airflow/example_dags/example_xcom.py for tasks to queue
[2023-10-29T01:05:18.437+0000] {logging_mixin.py:151} INFO - [2023-10-29T01:05:18.436+0000] {dagbag.py:536} INFO - Filling up the DagBag from /usr/local/lib/python3.10/dist-packages/airflow/example_dags/example_xcom.py
[2023-10-29T01:05:18.445+0000] {processor.py:839} INFO - DAG(s) dict_keys(['example_xcom']) retrieved from /usr/local/lib/python3.10/dist-packages/airflow/example_dags/example_xcom.py
[2023-10-29T01:05:18.462+0000] {logging_mixin.py:151} INFO - [2023-10-29T01:05:18.462+0000] {dag.py:2941} INFO - Sync 1 DAGs
[2023-10-29T01:05:18.482+0000] {logging_mixin.py:151} INFO - [2023-10-29T01:05:18.482+0000] {dag.py:3722} INFO - Setting next_dagrun for example_xcom to 2021-01-01T00:00:00+00:00, run_after=2021-01-01T00:00:00+00:00
[2023-10-29T01:05:18.503+0000] {processor.py:179} INFO - Processing /usr/local/lib/python3.10/dist-packages/airflow/example_dags/example_xcom.py took 0.072 seconds
[2023-10-29T01:06:03.193+0000] {processor.py:157} INFO - Started process (PID=3926) to work on /usr/local/lib/python3.10/dist-packages/airflow/example_dags/example_xcom.py
[2023-10-29T01:06:03.194+0000] {processor.py:829} INFO - Processing file /usr/local/lib/python3.10/dist-packages/airflow/example_dags/example_xcom.py for tasks to queue
[2023-10-29T01:06:03.195+0000] {logging_mixin.py:151} INFO - [2023-10-29T01:06:03.195+0000] {dagbag.py:536} INFO - Filling up the DagBag from /usr/local/lib/python3.10/dist-packages/airflow/example_dags/example_xcom.py
[2023-10-29T01:06:03.203+0000] {processor.py:839} INFO - DAG(s) dict_keys(['example_xcom']) retrieved from /usr/local/lib/python3.10/dist-packages/airflow/example_dags/example_xcom.py
[2023-10-29T01:06:03.221+0000] {logging_mixin.py:151} INFO - [2023-10-29T01:06:03.221+0000] {dag.py:2941} INFO - Sync 1 DAGs
[2023-10-29T01:06:03.241+0000] {logging_mixin.py:151} INFO - [2023-10-29T01:06:03.241+0000] {dag.py:3722} INFO - Setting next_dagrun for example_xcom to 2021-01-01T00:00:00+00:00, run_after=2021-01-01T00:00:00+00:00
[2023-10-29T01:06:03.265+0000] {processor.py:179} INFO - Processing /usr/local/lib/python3.10/dist-packages/airflow/example_dags/example_xcom.py took 0.075 seconds
[2023-10-29T01:06:49.383+0000] {processor.py:157} INFO - Started process (PID=3974) to work on /usr/local/lib/python3.10/dist-packages/airflow/example_dags/example_xcom.py
[2023-10-29T01:06:49.384+0000] {processor.py:829} INFO - Processing file /usr/local/lib/python3.10/dist-packages/airflow/example_dags/example_xcom.py for tasks to queue
[2023-10-29T01:06:49.385+0000] {logging_mixin.py:151} INFO - [2023-10-29T01:06:49.385+0000] {dagbag.py:536} INFO - Filling up the DagBag from /usr/local/lib/python3.10/dist-packages/airflow/example_dags/example_xcom.py
[2023-10-29T01:06:49.393+0000] {processor.py:839} INFO - DAG(s) dict_keys(['example_xcom']) retrieved from /usr/local/lib/python3.10/dist-packages/airflow/example_dags/example_xcom.py
[2023-10-29T01:06:49.412+0000] {logging_mixin.py:151} INFO - [2023-10-29T01:06:49.411+0000] {dag.py:2941} INFO - Sync 1 DAGs
[2023-10-29T01:06:49.431+0000] {logging_mixin.py:151} INFO - [2023-10-29T01:06:49.431+0000] {dag.py:3722} INFO - Setting next_dagrun for example_xcom to 2021-01-01T00:00:00+00:00, run_after=2021-01-01T00:00:00+00:00
[2023-10-29T01:06:49.454+0000] {processor.py:179} INFO - Processing /usr/local/lib/python3.10/dist-packages/airflow/example_dags/example_xcom.py took 0.074 seconds
[2023-10-29T01:07:27.570+0000] {processor.py:157} INFO - Started process (PID=4015) to work on /usr/local/lib/python3.10/dist-packages/airflow/example_dags/example_xcom.py
[2023-10-29T01:07:27.572+0000] {processor.py:829} INFO - Processing file /usr/local/lib/python3.10/dist-packages/airflow/example_dags/example_xcom.py for tasks to queue
[2023-10-29T01:07:27.573+0000] {logging_mixin.py:151} INFO - [2023-10-29T01:07:27.572+0000] {dagbag.py:536} INFO - Filling up the DagBag from /usr/local/lib/python3.10/dist-packages/airflow/example_dags/example_xcom.py
[2023-10-29T01:07:27.581+0000] {processor.py:839} INFO - DAG(s) dict_keys(['example_xcom']) retrieved from /usr/local/lib/python3.10/dist-packages/airflow/example_dags/example_xcom.py
[2023-10-29T01:07:27.599+0000] {logging_mixin.py:151} INFO - [2023-10-29T01:07:27.599+0000] {dag.py:2941} INFO - Sync 1 DAGs
[2023-10-29T01:07:27.619+0000] {logging_mixin.py:151} INFO - [2023-10-29T01:07:27.619+0000] {dag.py:3722} INFO - Setting next_dagrun for example_xcom to 2021-01-01T00:00:00+00:00, run_after=2021-01-01T00:00:00+00:00
[2023-10-29T01:07:27.641+0000] {processor.py:179} INFO - Processing /usr/local/lib/python3.10/dist-packages/airflow/example_dags/example_xcom.py took 0.074 seconds
[2023-10-29T01:08:04.134+0000] {processor.py:157} INFO - Started process (PID=4051) to work on /usr/local/lib/python3.10/dist-packages/airflow/example_dags/example_xcom.py
[2023-10-29T01:08:04.135+0000] {processor.py:829} INFO - Processing file /usr/local/lib/python3.10/dist-packages/airflow/example_dags/example_xcom.py for tasks to queue
[2023-10-29T01:08:04.136+0000] {logging_mixin.py:151} INFO - [2023-10-29T01:08:04.136+0000] {dagbag.py:536} INFO - Filling up the DagBag from /usr/local/lib/python3.10/dist-packages/airflow/example_dags/example_xcom.py
[2023-10-29T01:08:04.144+0000] {processor.py:839} INFO - DAG(s) dict_keys(['example_xcom']) retrieved from /usr/local/lib/python3.10/dist-packages/airflow/example_dags/example_xcom.py
[2023-10-29T01:08:04.163+0000] {logging_mixin.py:151} INFO - [2023-10-29T01:08:04.162+0000] {dag.py:2941} INFO - Sync 1 DAGs
[2023-10-29T01:08:04.183+0000] {logging_mixin.py:151} INFO - [2023-10-29T01:08:04.183+0000] {dag.py:3722} INFO - Setting next_dagrun for example_xcom to 2021-01-01T00:00:00+00:00, run_after=2021-01-01T00:00:00+00:00
[2023-10-29T01:08:04.205+0000] {processor.py:179} INFO - Processing /usr/local/lib/python3.10/dist-packages/airflow/example_dags/example_xcom.py took 0.074 seconds
[2023-10-29T01:08:49.981+0000] {processor.py:157} INFO - Started process (PID=4097) to work on /usr/local/lib/python3.10/dist-packages/airflow/example_dags/example_xcom.py
[2023-10-29T01:08:49.982+0000] {processor.py:829} INFO - Processing file /usr/local/lib/python3.10/dist-packages/airflow/example_dags/example_xcom.py for tasks to queue
[2023-10-29T01:08:49.983+0000] {logging_mixin.py:151} INFO - [2023-10-29T01:08:49.983+0000] {dagbag.py:536} INFO - Filling up the DagBag from /usr/local/lib/python3.10/dist-packages/airflow/example_dags/example_xcom.py
[2023-10-29T01:08:49.991+0000] {processor.py:839} INFO - DAG(s) dict_keys(['example_xcom']) retrieved from /usr/local/lib/python3.10/dist-packages/airflow/example_dags/example_xcom.py
[2023-10-29T01:08:50.009+0000] {logging_mixin.py:151} INFO - [2023-10-29T01:08:50.008+0000] {dag.py:2941} INFO - Sync 1 DAGs
[2023-10-29T01:08:50.028+0000] {logging_mixin.py:151} INFO - [2023-10-29T01:08:50.028+0000] {dag.py:3722} INFO - Setting next_dagrun for example_xcom to 2021-01-01T00:00:00+00:00, run_after=2021-01-01T00:00:00+00:00
[2023-10-29T01:08:50.050+0000] {processor.py:179} INFO - Processing /usr/local/lib/python3.10/dist-packages/airflow/example_dags/example_xcom.py took 0.072 seconds
[2023-10-29T01:09:36.523+0000] {processor.py:157} INFO - Started process (PID=4145) to work on /usr/local/lib/python3.10/dist-packages/airflow/example_dags/example_xcom.py
[2023-10-29T01:09:36.524+0000] {processor.py:829} INFO - Processing file /usr/local/lib/python3.10/dist-packages/airflow/example_dags/example_xcom.py for tasks to queue
[2023-10-29T01:09:36.525+0000] {logging_mixin.py:151} INFO - [2023-10-29T01:09:36.525+0000] {dagbag.py:536} INFO - Filling up the DagBag from /usr/local/lib/python3.10/dist-packages/airflow/example_dags/example_xcom.py
[2023-10-29T01:09:36.533+0000] {processor.py:839} INFO - DAG(s) dict_keys(['example_xcom']) retrieved from /usr/local/lib/python3.10/dist-packages/airflow/example_dags/example_xcom.py
[2023-10-29T01:09:36.551+0000] {logging_mixin.py:151} INFO - [2023-10-29T01:09:36.550+0000] {dag.py:2941} INFO - Sync 1 DAGs
[2023-10-29T01:09:36.570+0000] {logging_mixin.py:151} INFO - [2023-10-29T01:09:36.570+0000] {dag.py:3722} INFO - Setting next_dagrun for example_xcom to 2021-01-01T00:00:00+00:00, run_after=2021-01-01T00:00:00+00:00
[2023-10-29T01:09:36.592+0000] {processor.py:179} INFO - Processing /usr/local/lib/python3.10/dist-packages/airflow/example_dags/example_xcom.py took 0.072 seconds
[2023-10-29T01:10:22.976+0000] {processor.py:157} INFO - Started process (PID=4192) to work on /usr/local/lib/python3.10/dist-packages/airflow/example_dags/example_xcom.py
[2023-10-29T01:10:22.977+0000] {processor.py:829} INFO - Processing file /usr/local/lib/python3.10/dist-packages/airflow/example_dags/example_xcom.py for tasks to queue
[2023-10-29T01:10:22.978+0000] {logging_mixin.py:151} INFO - [2023-10-29T01:10:22.977+0000] {dagbag.py:536} INFO - Filling up the DagBag from /usr/local/lib/python3.10/dist-packages/airflow/example_dags/example_xcom.py
[2023-10-29T01:10:22.986+0000] {processor.py:839} INFO - DAG(s) dict_keys(['example_xcom']) retrieved from /usr/local/lib/python3.10/dist-packages/airflow/example_dags/example_xcom.py
[2023-10-29T01:10:23.003+0000] {logging_mixin.py:151} INFO - [2023-10-29T01:10:23.003+0000] {dag.py:2941} INFO - Sync 1 DAGs
[2023-10-29T01:10:23.024+0000] {logging_mixin.py:151} INFO - [2023-10-29T01:10:23.023+0000] {dag.py:3722} INFO - Setting next_dagrun for example_xcom to 2021-01-01T00:00:00+00:00, run_after=2021-01-01T00:00:00+00:00
[2023-10-29T01:10:23.045+0000] {processor.py:179} INFO - Processing /usr/local/lib/python3.10/dist-packages/airflow/example_dags/example_xcom.py took 0.072 seconds
[2023-10-29T01:10:54.894+0000] {processor.py:157} INFO - Started process (PID=4225) to work on /usr/local/lib/python3.10/dist-packages/airflow/example_dags/example_xcom.py
[2023-10-29T01:10:54.895+0000] {processor.py:829} INFO - Processing file /usr/local/lib/python3.10/dist-packages/airflow/example_dags/example_xcom.py for tasks to queue
[2023-10-29T01:10:54.896+0000] {logging_mixin.py:151} INFO - [2023-10-29T01:10:54.896+0000] {dagbag.py:536} INFO - Filling up the DagBag from /usr/local/lib/python3.10/dist-packages/airflow/example_dags/example_xcom.py
[2023-10-29T01:10:54.904+0000] {processor.py:839} INFO - DAG(s) dict_keys(['example_xcom']) retrieved from /usr/local/lib/python3.10/dist-packages/airflow/example_dags/example_xcom.py
[2023-10-29T01:10:54.921+0000] {logging_mixin.py:151} INFO - [2023-10-29T01:10:54.921+0000] {dag.py:2941} INFO - Sync 1 DAGs
[2023-10-29T01:10:54.940+0000] {logging_mixin.py:151} INFO - [2023-10-29T01:10:54.940+0000] {dag.py:3722} INFO - Setting next_dagrun for example_xcom to 2021-01-01T00:00:00+00:00, run_after=2021-01-01T00:00:00+00:00
[2023-10-29T01:10:54.961+0000] {processor.py:179} INFO - Processing /usr/local/lib/python3.10/dist-packages/airflow/example_dags/example_xcom.py took 0.070 seconds
[2023-10-29T01:11:40.322+0000] {processor.py:157} INFO - Started process (PID=4633) to work on /usr/local/lib/python3.10/dist-packages/airflow/example_dags/example_xcom.py
[2023-10-29T01:11:40.323+0000] {processor.py:829} INFO - Processing file /usr/local/lib/python3.10/dist-packages/airflow/example_dags/example_xcom.py for tasks to queue
[2023-10-29T01:11:40.324+0000] {logging_mixin.py:151} INFO - [2023-10-29T01:11:40.324+0000] {dagbag.py:536} INFO - Filling up the DagBag from /usr/local/lib/python3.10/dist-packages/airflow/example_dags/example_xcom.py
[2023-10-29T01:11:40.332+0000] {processor.py:839} INFO - DAG(s) dict_keys(['example_xcom']) retrieved from /usr/local/lib/python3.10/dist-packages/airflow/example_dags/example_xcom.py
[2023-10-29T01:11:40.350+0000] {logging_mixin.py:151} INFO - [2023-10-29T01:11:40.350+0000] {dag.py:2941} INFO - Sync 1 DAGs
[2023-10-29T01:11:40.370+0000] {logging_mixin.py:151} INFO - [2023-10-29T01:11:40.370+0000] {dag.py:3722} INFO - Setting next_dagrun for example_xcom to 2021-01-01T00:00:00+00:00, run_after=2021-01-01T00:00:00+00:00
[2023-10-29T01:11:40.398+0000] {processor.py:179} INFO - Processing /usr/local/lib/python3.10/dist-packages/airflow/example_dags/example_xcom.py took 0.079 seconds
[2023-10-29T01:12:14.224+0000] {processor.py:157} INFO - Started process (PID=4681) to work on /usr/local/lib/python3.10/dist-packages/airflow/example_dags/example_xcom.py
[2023-10-29T01:12:14.225+0000] {processor.py:829} INFO - Processing file /usr/local/lib/python3.10/dist-packages/airflow/example_dags/example_xcom.py for tasks to queue
[2023-10-29T01:12:14.226+0000] {logging_mixin.py:151} INFO - [2023-10-29T01:12:14.226+0000] {dagbag.py:536} INFO - Filling up the DagBag from /usr/local/lib/python3.10/dist-packages/airflow/example_dags/example_xcom.py
[2023-10-29T01:12:14.234+0000] {processor.py:839} INFO - DAG(s) dict_keys(['example_xcom']) retrieved from /usr/local/lib/python3.10/dist-packages/airflow/example_dags/example_xcom.py
[2023-10-29T01:12:14.252+0000] {logging_mixin.py:151} INFO - [2023-10-29T01:12:14.252+0000] {dag.py:2941} INFO - Sync 1 DAGs
[2023-10-29T01:12:14.272+0000] {logging_mixin.py:151} INFO - [2023-10-29T01:12:14.271+0000] {dag.py:3722} INFO - Setting next_dagrun for example_xcom to 2021-01-01T00:00:00+00:00, run_after=2021-01-01T00:00:00+00:00
[2023-10-29T01:12:14.292+0000] {processor.py:179} INFO - Processing /usr/local/lib/python3.10/dist-packages/airflow/example_dags/example_xcom.py took 0.072 seconds
[2023-10-29T01:12:55.192+0000] {processor.py:157} INFO - Started process (PID=4731) to work on /usr/local/lib/python3.10/dist-packages/airflow/example_dags/example_xcom.py
[2023-10-29T01:12:55.194+0000] {processor.py:829} INFO - Processing file /usr/local/lib/python3.10/dist-packages/airflow/example_dags/example_xcom.py for tasks to queue
[2023-10-29T01:12:55.195+0000] {logging_mixin.py:151} INFO - [2023-10-29T01:12:55.194+0000] {dagbag.py:536} INFO - Filling up the DagBag from /usr/local/lib/python3.10/dist-packages/airflow/example_dags/example_xcom.py
[2023-10-29T01:12:55.202+0000] {processor.py:839} INFO - DAG(s) dict_keys(['example_xcom']) retrieved from /usr/local/lib/python3.10/dist-packages/airflow/example_dags/example_xcom.py
[2023-10-29T01:12:55.220+0000] {logging_mixin.py:151} INFO - [2023-10-29T01:12:55.220+0000] {dag.py:2941} INFO - Sync 1 DAGs
[2023-10-29T01:12:55.241+0000] {logging_mixin.py:151} INFO - [2023-10-29T01:12:55.241+0000] {dag.py:3722} INFO - Setting next_dagrun for example_xcom to 2021-01-01T00:00:00+00:00, run_after=2021-01-01T00:00:00+00:00
[2023-10-29T01:12:55.263+0000] {processor.py:179} INFO - Processing /usr/local/lib/python3.10/dist-packages/airflow/example_dags/example_xcom.py took 0.074 seconds
[2023-10-29T01:13:35.297+0000] {processor.py:157} INFO - Started process (PID=4775) to work on /usr/local/lib/python3.10/dist-packages/airflow/example_dags/example_xcom.py
[2023-10-29T01:13:35.298+0000] {processor.py:829} INFO - Processing file /usr/local/lib/python3.10/dist-packages/airflow/example_dags/example_xcom.py for tasks to queue
[2023-10-29T01:13:35.299+0000] {logging_mixin.py:151} INFO - [2023-10-29T01:13:35.298+0000] {dagbag.py:536} INFO - Filling up the DagBag from /usr/local/lib/python3.10/dist-packages/airflow/example_dags/example_xcom.py
[2023-10-29T01:13:35.307+0000] {processor.py:839} INFO - DAG(s) dict_keys(['example_xcom']) retrieved from /usr/local/lib/python3.10/dist-packages/airflow/example_dags/example_xcom.py
[2023-10-29T01:13:35.324+0000] {logging_mixin.py:151} INFO - [2023-10-29T01:13:35.324+0000] {dag.py:2941} INFO - Sync 1 DAGs
[2023-10-29T01:13:35.344+0000] {logging_mixin.py:151} INFO - [2023-10-29T01:13:35.344+0000] {dag.py:3722} INFO - Setting next_dagrun for example_xcom to 2021-01-01T00:00:00+00:00, run_after=2021-01-01T00:00:00+00:00
[2023-10-29T01:13:35.365+0000] {processor.py:179} INFO - Processing /usr/local/lib/python3.10/dist-packages/airflow/example_dags/example_xcom.py took 0.071 seconds
[2023-10-29T01:14:21.441+0000] {processor.py:157} INFO - Started process (PID=4823) to work on /usr/local/lib/python3.10/dist-packages/airflow/example_dags/example_xcom.py
[2023-10-29T01:14:21.442+0000] {processor.py:829} INFO - Processing file /usr/local/lib/python3.10/dist-packages/airflow/example_dags/example_xcom.py for tasks to queue
[2023-10-29T01:14:21.443+0000] {logging_mixin.py:151} INFO - [2023-10-29T01:14:21.442+0000] {dagbag.py:536} INFO - Filling up the DagBag from /usr/local/lib/python3.10/dist-packages/airflow/example_dags/example_xcom.py
[2023-10-29T01:14:21.451+0000] {processor.py:839} INFO - DAG(s) dict_keys(['example_xcom']) retrieved from /usr/local/lib/python3.10/dist-packages/airflow/example_dags/example_xcom.py
[2023-10-29T01:14:21.468+0000] {logging_mixin.py:151} INFO - [2023-10-29T01:14:21.468+0000] {dag.py:2941} INFO - Sync 1 DAGs
[2023-10-29T01:14:21.488+0000] {logging_mixin.py:151} INFO - [2023-10-29T01:14:21.488+0000] {dag.py:3722} INFO - Setting next_dagrun for example_xcom to 2021-01-01T00:00:00+00:00, run_after=2021-01-01T00:00:00+00:00
[2023-10-29T01:14:21.510+0000] {processor.py:179} INFO - Processing /usr/local/lib/python3.10/dist-packages/airflow/example_dags/example_xcom.py took 0.072 seconds
[2023-10-29T01:15:03.464+0000] {processor.py:157} INFO - Started process (PID=4868) to work on /usr/local/lib/python3.10/dist-packages/airflow/example_dags/example_xcom.py
[2023-10-29T01:15:03.465+0000] {processor.py:829} INFO - Processing file /usr/local/lib/python3.10/dist-packages/airflow/example_dags/example_xcom.py for tasks to queue
[2023-10-29T01:15:03.466+0000] {logging_mixin.py:151} INFO - [2023-10-29T01:15:03.466+0000] {dagbag.py:536} INFO - Filling up the DagBag from /usr/local/lib/python3.10/dist-packages/airflow/example_dags/example_xcom.py
[2023-10-29T01:15:03.474+0000] {processor.py:839} INFO - DAG(s) dict_keys(['example_xcom']) retrieved from /usr/local/lib/python3.10/dist-packages/airflow/example_dags/example_xcom.py
[2023-10-29T01:15:03.492+0000] {logging_mixin.py:151} INFO - [2023-10-29T01:15:03.492+0000] {dag.py:2941} INFO - Sync 1 DAGs
[2023-10-29T01:15:03.512+0000] {logging_mixin.py:151} INFO - [2023-10-29T01:15:03.512+0000] {dag.py:3722} INFO - Setting next_dagrun for example_xcom to 2021-01-01T00:00:00+00:00, run_after=2021-01-01T00:00:00+00:00
[2023-10-29T01:15:03.534+0000] {processor.py:179} INFO - Processing /usr/local/lib/python3.10/dist-packages/airflow/example_dags/example_xcom.py took 0.073 seconds
[2023-10-29T01:15:48.062+0000] {processor.py:157} INFO - Started process (PID=4914) to work on /usr/local/lib/python3.10/dist-packages/airflow/example_dags/example_xcom.py
[2023-10-29T01:15:48.063+0000] {processor.py:829} INFO - Processing file /usr/local/lib/python3.10/dist-packages/airflow/example_dags/example_xcom.py for tasks to queue
[2023-10-29T01:15:48.064+0000] {logging_mixin.py:151} INFO - [2023-10-29T01:15:48.063+0000] {dagbag.py:536} INFO - Filling up the DagBag from /usr/local/lib/python3.10/dist-packages/airflow/example_dags/example_xcom.py
[2023-10-29T01:15:48.072+0000] {processor.py:839} INFO - DAG(s) dict_keys(['example_xcom']) retrieved from /usr/local/lib/python3.10/dist-packages/airflow/example_dags/example_xcom.py
[2023-10-29T01:15:48.089+0000] {logging_mixin.py:151} INFO - [2023-10-29T01:15:48.089+0000] {dag.py:2941} INFO - Sync 1 DAGs
[2023-10-29T01:15:48.110+0000] {logging_mixin.py:151} INFO - [2023-10-29T01:15:48.109+0000] {dag.py:3722} INFO - Setting next_dagrun for example_xcom to 2021-01-01T00:00:00+00:00, run_after=2021-01-01T00:00:00+00:00
[2023-10-29T01:15:48.130+0000] {processor.py:179} INFO - Processing /usr/local/lib/python3.10/dist-packages/airflow/example_dags/example_xcom.py took 0.072 seconds
[2023-10-29T01:16:34.317+0000] {processor.py:157} INFO - Started process (PID=4960) to work on /usr/local/lib/python3.10/dist-packages/airflow/example_dags/example_xcom.py
[2023-10-29T01:16:34.318+0000] {processor.py:829} INFO - Processing file /usr/local/lib/python3.10/dist-packages/airflow/example_dags/example_xcom.py for tasks to queue
[2023-10-29T01:16:34.319+0000] {logging_mixin.py:151} INFO - [2023-10-29T01:16:34.319+0000] {dagbag.py:536} INFO - Filling up the DagBag from /usr/local/lib/python3.10/dist-packages/airflow/example_dags/example_xcom.py
[2023-10-29T01:16:34.327+0000] {processor.py:839} INFO - DAG(s) dict_keys(['example_xcom']) retrieved from /usr/local/lib/python3.10/dist-packages/airflow/example_dags/example_xcom.py
[2023-10-29T01:16:34.345+0000] {logging_mixin.py:151} INFO - [2023-10-29T01:16:34.345+0000] {dag.py:2941} INFO - Sync 1 DAGs
[2023-10-29T01:16:34.365+0000] {logging_mixin.py:151} INFO - [2023-10-29T01:16:34.365+0000] {dag.py:3722} INFO - Setting next_dagrun for example_xcom to 2021-01-01T00:00:00+00:00, run_after=2021-01-01T00:00:00+00:00
[2023-10-29T01:16:34.386+0000] {processor.py:179} INFO - Processing /usr/local/lib/python3.10/dist-packages/airflow/example_dags/example_xcom.py took 0.072 seconds
[2023-10-29T01:17:18.605+0000] {processor.py:157} INFO - Started process (PID=5009) to work on /usr/local/lib/python3.10/dist-packages/airflow/example_dags/example_xcom.py
[2023-10-29T01:17:18.606+0000] {processor.py:829} INFO - Processing file /usr/local/lib/python3.10/dist-packages/airflow/example_dags/example_xcom.py for tasks to queue
[2023-10-29T01:17:18.607+0000] {logging_mixin.py:151} INFO - [2023-10-29T01:17:18.606+0000] {dagbag.py:536} INFO - Filling up the DagBag from /usr/local/lib/python3.10/dist-packages/airflow/example_dags/example_xcom.py
[2023-10-29T01:17:18.615+0000] {processor.py:839} INFO - DAG(s) dict_keys(['example_xcom']) retrieved from /usr/local/lib/python3.10/dist-packages/airflow/example_dags/example_xcom.py
[2023-10-29T01:17:18.632+0000] {logging_mixin.py:151} INFO - [2023-10-29T01:17:18.632+0000] {dag.py:2941} INFO - Sync 1 DAGs
[2023-10-29T01:17:18.653+0000] {logging_mixin.py:151} INFO - [2023-10-29T01:17:18.652+0000] {dag.py:3722} INFO - Setting next_dagrun for example_xcom to 2021-01-01T00:00:00+00:00, run_after=2021-01-01T00:00:00+00:00
[2023-10-29T01:17:18.674+0000] {processor.py:179} INFO - Processing /usr/local/lib/python3.10/dist-packages/airflow/example_dags/example_xcom.py took 0.072 seconds
[2023-10-29T01:18:04.030+0000] {processor.py:157} INFO - Started process (PID=5055) to work on /usr/local/lib/python3.10/dist-packages/airflow/example_dags/example_xcom.py
[2023-10-29T01:18:04.031+0000] {processor.py:829} INFO - Processing file /usr/local/lib/python3.10/dist-packages/airflow/example_dags/example_xcom.py for tasks to queue
[2023-10-29T01:18:04.032+0000] {logging_mixin.py:151} INFO - [2023-10-29T01:18:04.031+0000] {dagbag.py:536} INFO - Filling up the DagBag from /usr/local/lib/python3.10/dist-packages/airflow/example_dags/example_xcom.py
[2023-10-29T01:18:04.040+0000] {processor.py:839} INFO - DAG(s) dict_keys(['example_xcom']) retrieved from /usr/local/lib/python3.10/dist-packages/airflow/example_dags/example_xcom.py
[2023-10-29T01:18:04.058+0000] {logging_mixin.py:151} INFO - [2023-10-29T01:18:04.058+0000] {dag.py:2941} INFO - Sync 1 DAGs
[2023-10-29T01:18:04.078+0000] {logging_mixin.py:151} INFO - [2023-10-29T01:18:04.078+0000] {dag.py:3722} INFO - Setting next_dagrun for example_xcom to 2021-01-01T00:00:00+00:00, run_after=2021-01-01T00:00:00+00:00
[2023-10-29T01:18:04.104+0000] {processor.py:179} INFO - Processing /usr/local/lib/python3.10/dist-packages/airflow/example_dags/example_xcom.py took 0.077 seconds
[2023-10-29T01:18:50.534+0000] {processor.py:157} INFO - Started process (PID=5103) to work on /usr/local/lib/python3.10/dist-packages/airflow/example_dags/example_xcom.py
[2023-10-29T01:18:50.535+0000] {processor.py:829} INFO - Processing file /usr/local/lib/python3.10/dist-packages/airflow/example_dags/example_xcom.py for tasks to queue
[2023-10-29T01:18:50.536+0000] {logging_mixin.py:151} INFO - [2023-10-29T01:18:50.536+0000] {dagbag.py:536} INFO - Filling up the DagBag from /usr/local/lib/python3.10/dist-packages/airflow/example_dags/example_xcom.py
[2023-10-29T01:18:50.544+0000] {processor.py:839} INFO - DAG(s) dict_keys(['example_xcom']) retrieved from /usr/local/lib/python3.10/dist-packages/airflow/example_dags/example_xcom.py
[2023-10-29T01:18:50.563+0000] {logging_mixin.py:151} INFO - [2023-10-29T01:18:50.562+0000] {dag.py:2941} INFO - Sync 1 DAGs
[2023-10-29T01:18:50.583+0000] {logging_mixin.py:151} INFO - [2023-10-29T01:18:50.582+0000] {dag.py:3722} INFO - Setting next_dagrun for example_xcom to 2021-01-01T00:00:00+00:00, run_after=2021-01-01T00:00:00+00:00
[2023-10-29T01:18:50.605+0000] {processor.py:179} INFO - Processing /usr/local/lib/python3.10/dist-packages/airflow/example_dags/example_xcom.py took 0.074 seconds
[2023-10-29T01:19:38.198+0000] {processor.py:157} INFO - Started process (PID=5150) to work on /usr/local/lib/python3.10/dist-packages/airflow/example_dags/example_xcom.py
[2023-10-29T01:19:38.199+0000] {processor.py:829} INFO - Processing file /usr/local/lib/python3.10/dist-packages/airflow/example_dags/example_xcom.py for tasks to queue
[2023-10-29T01:19:38.200+0000] {logging_mixin.py:151} INFO - [2023-10-29T01:19:38.200+0000] {dagbag.py:536} INFO - Filling up the DagBag from /usr/local/lib/python3.10/dist-packages/airflow/example_dags/example_xcom.py
[2023-10-29T01:19:38.208+0000] {processor.py:839} INFO - DAG(s) dict_keys(['example_xcom']) retrieved from /usr/local/lib/python3.10/dist-packages/airflow/example_dags/example_xcom.py
[2023-10-29T01:19:38.226+0000] {logging_mixin.py:151} INFO - [2023-10-29T01:19:38.225+0000] {dag.py:2941} INFO - Sync 1 DAGs
[2023-10-29T01:19:38.245+0000] {logging_mixin.py:151} INFO - [2023-10-29T01:19:38.245+0000] {dag.py:3722} INFO - Setting next_dagrun for example_xcom to 2021-01-01T00:00:00+00:00, run_after=2021-01-01T00:00:00+00:00
[2023-10-29T01:19:38.267+0000] {processor.py:179} INFO - Processing /usr/local/lib/python3.10/dist-packages/airflow/example_dags/example_xcom.py took 0.072 seconds
[2023-10-29T01:20:10.538+0000] {processor.py:157} INFO - Started process (PID=5184) to work on /usr/local/lib/python3.10/dist-packages/airflow/example_dags/example_xcom.py
[2023-10-29T01:20:10.539+0000] {processor.py:829} INFO - Processing file /usr/local/lib/python3.10/dist-packages/airflow/example_dags/example_xcom.py for tasks to queue
[2023-10-29T01:20:10.540+0000] {logging_mixin.py:151} INFO - [2023-10-29T01:20:10.540+0000] {dagbag.py:536} INFO - Filling up the DagBag from /usr/local/lib/python3.10/dist-packages/airflow/example_dags/example_xcom.py
[2023-10-29T01:20:10.548+0000] {processor.py:839} INFO - DAG(s) dict_keys(['example_xcom']) retrieved from /usr/local/lib/python3.10/dist-packages/airflow/example_dags/example_xcom.py
[2023-10-29T01:20:10.565+0000] {logging_mixin.py:151} INFO - [2023-10-29T01:20:10.565+0000] {dag.py:2941} INFO - Sync 1 DAGs
[2023-10-29T01:20:10.584+0000] {logging_mixin.py:151} INFO - [2023-10-29T01:20:10.584+0000] {dag.py:3722} INFO - Setting next_dagrun for example_xcom to 2021-01-01T00:00:00+00:00, run_after=2021-01-01T00:00:00+00:00
[2023-10-29T01:20:10.605+0000] {processor.py:179} INFO - Processing /usr/local/lib/python3.10/dist-packages/airflow/example_dags/example_xcom.py took 0.070 seconds
[2023-10-29T01:20:55.814+0000] {processor.py:157} INFO - Started process (PID=5231) to work on /usr/local/lib/python3.10/dist-packages/airflow/example_dags/example_xcom.py
[2023-10-29T01:20:55.815+0000] {processor.py:829} INFO - Processing file /usr/local/lib/python3.10/dist-packages/airflow/example_dags/example_xcom.py for tasks to queue
[2023-10-29T01:20:55.816+0000] {logging_mixin.py:151} INFO - [2023-10-29T01:20:55.815+0000] {dagbag.py:536} INFO - Filling up the DagBag from /usr/local/lib/python3.10/dist-packages/airflow/example_dags/example_xcom.py
[2023-10-29T01:20:55.824+0000] {processor.py:839} INFO - DAG(s) dict_keys(['example_xcom']) retrieved from /usr/local/lib/python3.10/dist-packages/airflow/example_dags/example_xcom.py
[2023-10-29T01:20:55.842+0000] {logging_mixin.py:151} INFO - [2023-10-29T01:20:55.841+0000] {dag.py:2941} INFO - Sync 1 DAGs
[2023-10-29T01:20:55.861+0000] {logging_mixin.py:151} INFO - [2023-10-29T01:20:55.861+0000] {dag.py:3722} INFO - Setting next_dagrun for example_xcom to 2021-01-01T00:00:00+00:00, run_after=2021-01-01T00:00:00+00:00
[2023-10-29T01:20:55.883+0000] {processor.py:179} INFO - Processing /usr/local/lib/python3.10/dist-packages/airflow/example_dags/example_xcom.py took 0.072 seconds
[2023-10-29T01:21:43.095+0000] {processor.py:157} INFO - Started process (PID=5279) to work on /usr/local/lib/python3.10/dist-packages/airflow/example_dags/example_xcom.py
[2023-10-29T01:21:43.096+0000] {processor.py:829} INFO - Processing file /usr/local/lib/python3.10/dist-packages/airflow/example_dags/example_xcom.py for tasks to queue
[2023-10-29T01:21:43.097+0000] {logging_mixin.py:151} INFO - [2023-10-29T01:21:43.097+0000] {dagbag.py:536} INFO - Filling up the DagBag from /usr/local/lib/python3.10/dist-packages/airflow/example_dags/example_xcom.py
[2023-10-29T01:21:43.105+0000] {processor.py:839} INFO - DAG(s) dict_keys(['example_xcom']) retrieved from /usr/local/lib/python3.10/dist-packages/airflow/example_dags/example_xcom.py
[2023-10-29T01:21:43.123+0000] {logging_mixin.py:151} INFO - [2023-10-29T01:21:43.123+0000] {dag.py:2941} INFO - Sync 1 DAGs
[2023-10-29T01:21:43.143+0000] {logging_mixin.py:151} INFO - [2023-10-29T01:21:43.143+0000] {dag.py:3722} INFO - Setting next_dagrun for example_xcom to 2021-01-01T00:00:00+00:00, run_after=2021-01-01T00:00:00+00:00
[2023-10-29T01:21:43.164+0000] {processor.py:179} INFO - Processing /usr/local/lib/python3.10/dist-packages/airflow/example_dags/example_xcom.py took 0.073 seconds
[2023-10-29T01:22:16.471+0000] {processor.py:157} INFO - Started process (PID=5314) to work on /usr/local/lib/python3.10/dist-packages/airflow/example_dags/example_xcom.py
[2023-10-29T01:22:16.472+0000] {processor.py:829} INFO - Processing file /usr/local/lib/python3.10/dist-packages/airflow/example_dags/example_xcom.py for tasks to queue
[2023-10-29T01:22:16.473+0000] {logging_mixin.py:151} INFO - [2023-10-29T01:22:16.472+0000] {dagbag.py:536} INFO - Filling up the DagBag from /usr/local/lib/python3.10/dist-packages/airflow/example_dags/example_xcom.py
[2023-10-29T01:22:16.481+0000] {processor.py:839} INFO - DAG(s) dict_keys(['example_xcom']) retrieved from /usr/local/lib/python3.10/dist-packages/airflow/example_dags/example_xcom.py
[2023-10-29T01:22:16.499+0000] {logging_mixin.py:151} INFO - [2023-10-29T01:22:16.498+0000] {dag.py:2941} INFO - Sync 1 DAGs
[2023-10-29T01:22:16.518+0000] {logging_mixin.py:151} INFO - [2023-10-29T01:22:16.518+0000] {dag.py:3722} INFO - Setting next_dagrun for example_xcom to 2021-01-01T00:00:00+00:00, run_after=2021-01-01T00:00:00+00:00
[2023-10-29T01:22:16.541+0000] {processor.py:179} INFO - Processing /usr/local/lib/python3.10/dist-packages/airflow/example_dags/example_xcom.py took 0.073 seconds
[2023-10-29T01:23:03.109+0000] {processor.py:157} INFO - Started process (PID=5362) to work on /usr/local/lib/python3.10/dist-packages/airflow/example_dags/example_xcom.py
[2023-10-29T01:23:03.112+0000] {processor.py:829} INFO - Processing file /usr/local/lib/python3.10/dist-packages/airflow/example_dags/example_xcom.py for tasks to queue
[2023-10-29T01:23:03.113+0000] {logging_mixin.py:151} INFO - [2023-10-29T01:23:03.113+0000] {dagbag.py:536} INFO - Filling up the DagBag from /usr/local/lib/python3.10/dist-packages/airflow/example_dags/example_xcom.py
[2023-10-29T01:23:03.121+0000] {processor.py:839} INFO - DAG(s) dict_keys(['example_xcom']) retrieved from /usr/local/lib/python3.10/dist-packages/airflow/example_dags/example_xcom.py
[2023-10-29T01:23:03.140+0000] {logging_mixin.py:151} INFO - [2023-10-29T01:23:03.139+0000] {dag.py:2941} INFO - Sync 1 DAGs
[2023-10-29T01:23:03.160+0000] {logging_mixin.py:151} INFO - [2023-10-29T01:23:03.159+0000] {dag.py:3722} INFO - Setting next_dagrun for example_xcom to 2021-01-01T00:00:00+00:00, run_after=2021-01-01T00:00:00+00:00
[2023-10-29T01:23:03.183+0000] {processor.py:179} INFO - Processing /usr/local/lib/python3.10/dist-packages/airflow/example_dags/example_xcom.py took 0.077 seconds
[2023-10-29T01:23:52.703+0000] {processor.py:157} INFO - Started process (PID=5412) to work on /usr/local/lib/python3.10/dist-packages/airflow/example_dags/example_xcom.py
[2023-10-29T01:23:52.704+0000] {processor.py:829} INFO - Processing file /usr/local/lib/python3.10/dist-packages/airflow/example_dags/example_xcom.py for tasks to queue
[2023-10-29T01:23:52.705+0000] {logging_mixin.py:151} INFO - [2023-10-29T01:23:52.705+0000] {dagbag.py:536} INFO - Filling up the DagBag from /usr/local/lib/python3.10/dist-packages/airflow/example_dags/example_xcom.py
[2023-10-29T01:23:52.713+0000] {processor.py:839} INFO - DAG(s) dict_keys(['example_xcom']) retrieved from /usr/local/lib/python3.10/dist-packages/airflow/example_dags/example_xcom.py
[2023-10-29T01:23:52.731+0000] {logging_mixin.py:151} INFO - [2023-10-29T01:23:52.731+0000] {dag.py:2941} INFO - Sync 1 DAGs
[2023-10-29T01:23:52.751+0000] {logging_mixin.py:151} INFO - [2023-10-29T01:23:52.751+0000] {dag.py:3722} INFO - Setting next_dagrun for example_xcom to 2021-01-01T00:00:00+00:00, run_after=2021-01-01T00:00:00+00:00
[2023-10-29T01:23:52.789+0000] {processor.py:179} INFO - Processing /usr/local/lib/python3.10/dist-packages/airflow/example_dags/example_xcom.py took 0.089 seconds
[2023-10-29T01:24:27.654+0000] {processor.py:157} INFO - Started process (PID=5447) to work on /usr/local/lib/python3.10/dist-packages/airflow/example_dags/example_xcom.py
[2023-10-29T01:24:27.656+0000] {processor.py:829} INFO - Processing file /usr/local/lib/python3.10/dist-packages/airflow/example_dags/example_xcom.py for tasks to queue
[2023-10-29T01:24:27.656+0000] {logging_mixin.py:151} INFO - [2023-10-29T01:24:27.656+0000] {dagbag.py:536} INFO - Filling up the DagBag from /usr/local/lib/python3.10/dist-packages/airflow/example_dags/example_xcom.py
[2023-10-29T01:24:27.664+0000] {processor.py:839} INFO - DAG(s) dict_keys(['example_xcom']) retrieved from /usr/local/lib/python3.10/dist-packages/airflow/example_dags/example_xcom.py
[2023-10-29T01:24:27.682+0000] {logging_mixin.py:151} INFO - [2023-10-29T01:24:27.681+0000] {dag.py:2941} INFO - Sync 1 DAGs
[2023-10-29T01:24:27.701+0000] {logging_mixin.py:151} INFO - [2023-10-29T01:24:27.700+0000] {dag.py:3722} INFO - Setting next_dagrun for example_xcom to 2021-01-01T00:00:00+00:00, run_after=2021-01-01T00:00:00+00:00
[2023-10-29T01:24:27.722+0000] {processor.py:179} INFO - Processing /usr/local/lib/python3.10/dist-packages/airflow/example_dags/example_xcom.py took 0.071 seconds
[2023-10-29T01:25:14.921+0000] {processor.py:157} INFO - Started process (PID=5496) to work on /usr/local/lib/python3.10/dist-packages/airflow/example_dags/example_xcom.py
[2023-10-29T01:25:14.922+0000] {processor.py:829} INFO - Processing file /usr/local/lib/python3.10/dist-packages/airflow/example_dags/example_xcom.py for tasks to queue
[2023-10-29T01:25:14.923+0000] {logging_mixin.py:151} INFO - [2023-10-29T01:25:14.922+0000] {dagbag.py:536} INFO - Filling up the DagBag from /usr/local/lib/python3.10/dist-packages/airflow/example_dags/example_xcom.py
[2023-10-29T01:25:14.931+0000] {processor.py:839} INFO - DAG(s) dict_keys(['example_xcom']) retrieved from /usr/local/lib/python3.10/dist-packages/airflow/example_dags/example_xcom.py
[2023-10-29T01:25:14.949+0000] {logging_mixin.py:151} INFO - [2023-10-29T01:25:14.948+0000] {dag.py:2941} INFO - Sync 1 DAGs
[2023-10-29T01:25:14.969+0000] {logging_mixin.py:151} INFO - [2023-10-29T01:25:14.969+0000] {dag.py:3722} INFO - Setting next_dagrun for example_xcom to 2021-01-01T00:00:00+00:00, run_after=2021-01-01T00:00:00+00:00
[2023-10-29T01:25:14.990+0000] {processor.py:179} INFO - Processing /usr/local/lib/python3.10/dist-packages/airflow/example_dags/example_xcom.py took 0.073 seconds
