[2023-10-29T01:01:31.977+0000] {processor.py:157} INFO - Started process (PID=3642) to work on /usr/local/lib/python3.10/dist-packages/airflow/example_dags/example_params_ui_tutorial.py
[2023-10-29T01:01:31.978+0000] {processor.py:829} INFO - Processing file /usr/local/lib/python3.10/dist-packages/airflow/example_dags/example_params_ui_tutorial.py for tasks to queue
[2023-10-29T01:01:31.979+0000] {logging_mixin.py:151} INFO - [2023-10-29T01:01:31.978+0000] {dagbag.py:536} INFO - Filling up the DagBag from /usr/local/lib/python3.10/dist-packages/airflow/example_dags/example_params_ui_tutorial.py
[2023-10-29T01:01:32.010+0000] {processor.py:839} INFO - DAG(s) dict_keys(['example_params_ui_tutorial']) retrieved from /usr/local/lib/python3.10/dist-packages/airflow/example_dags/example_params_ui_tutorial.py
[2023-10-29T01:01:32.149+0000] {logging_mixin.py:151} INFO - [2023-10-29T01:01:32.148+0000] {manager.py:499} INFO - Created Permission View: %s
[2023-10-29T01:01:32.161+0000] {logging_mixin.py:151} INFO - [2023-10-29T01:01:32.161+0000] {manager.py:499} INFO - Created Permission View: %s
[2023-10-29T01:01:32.170+0000] {logging_mixin.py:151} INFO - [2023-10-29T01:01:32.170+0000] {manager.py:499} INFO - Created Permission View: %s
[2023-10-29T01:01:32.171+0000] {logging_mixin.py:151} INFO - [2023-10-29T01:01:32.170+0000] {dag.py:2941} INFO - Sync 1 DAGs
[2023-10-29T01:01:32.181+0000] {logging_mixin.py:151} INFO - [2023-10-29T01:01:32.181+0000] {dag.py:2963} INFO - Creating ORM DAG for example_params_ui_tutorial
[2023-10-29T01:01:32.182+0000] {logging_mixin.py:151} INFO - [2023-10-29T01:01:32.181+0000] {dag.py:3722} INFO - Setting next_dagrun for example_params_ui_tutorial to None, run_after=None
[2023-10-29T01:01:32.204+0000] {processor.py:179} INFO - Processing /usr/local/lib/python3.10/dist-packages/airflow/example_dags/example_params_ui_tutorial.py took 0.230 seconds
[2023-10-29T01:02:19.919+0000] {processor.py:157} INFO - Started process (PID=3690) to work on /usr/local/lib/python3.10/dist-packages/airflow/example_dags/example_params_ui_tutorial.py
[2023-10-29T01:02:19.921+0000] {processor.py:829} INFO - Processing file /usr/local/lib/python3.10/dist-packages/airflow/example_dags/example_params_ui_tutorial.py for tasks to queue
[2023-10-29T01:02:19.922+0000] {logging_mixin.py:151} INFO - [2023-10-29T01:02:19.921+0000] {dagbag.py:536} INFO - Filling up the DagBag from /usr/local/lib/python3.10/dist-packages/airflow/example_dags/example_params_ui_tutorial.py
[2023-10-29T01:02:19.953+0000] {processor.py:839} INFO - DAG(s) dict_keys(['example_params_ui_tutorial']) retrieved from /usr/local/lib/python3.10/dist-packages/airflow/example_dags/example_params_ui_tutorial.py
[2023-10-29T01:02:20.002+0000] {logging_mixin.py:151} INFO - [2023-10-29T01:02:20.001+0000] {dag.py:2941} INFO - Sync 1 DAGs
[2023-10-29T01:02:20.014+0000] {logging_mixin.py:151} INFO - [2023-10-29T01:02:20.013+0000] {dag.py:3722} INFO - Setting next_dagrun for example_params_ui_tutorial to None, run_after=None
[2023-10-29T01:02:20.035+0000] {processor.py:179} INFO - Processing /usr/local/lib/python3.10/dist-packages/airflow/example_dags/example_params_ui_tutorial.py took 0.119 seconds
[2023-10-29T01:03:03.542+0000] {processor.py:157} INFO - Started process (PID=3737) to work on /usr/local/lib/python3.10/dist-packages/airflow/example_dags/example_params_ui_tutorial.py
[2023-10-29T01:03:03.543+0000] {processor.py:829} INFO - Processing file /usr/local/lib/python3.10/dist-packages/airflow/example_dags/example_params_ui_tutorial.py for tasks to queue
[2023-10-29T01:03:03.544+0000] {logging_mixin.py:151} INFO - [2023-10-29T01:03:03.544+0000] {dagbag.py:536} INFO - Filling up the DagBag from /usr/local/lib/python3.10/dist-packages/airflow/example_dags/example_params_ui_tutorial.py
[2023-10-29T01:03:03.576+0000] {processor.py:839} INFO - DAG(s) dict_keys(['example_params_ui_tutorial']) retrieved from /usr/local/lib/python3.10/dist-packages/airflow/example_dags/example_params_ui_tutorial.py
[2023-10-29T01:03:03.625+0000] {logging_mixin.py:151} INFO - [2023-10-29T01:03:03.625+0000] {dag.py:2941} INFO - Sync 1 DAGs
[2023-10-29T01:03:03.636+0000] {logging_mixin.py:151} INFO - [2023-10-29T01:03:03.636+0000] {dag.py:3722} INFO - Setting next_dagrun for example_params_ui_tutorial to None, run_after=None
[2023-10-29T01:03:03.659+0000] {processor.py:179} INFO - Processing /usr/local/lib/python3.10/dist-packages/airflow/example_dags/example_params_ui_tutorial.py took 0.120 seconds
[2023-10-29T01:03:48.111+0000] {processor.py:157} INFO - Started process (PID=3783) to work on /usr/local/lib/python3.10/dist-packages/airflow/example_dags/example_params_ui_tutorial.py
[2023-10-29T01:03:48.112+0000] {processor.py:829} INFO - Processing file /usr/local/lib/python3.10/dist-packages/airflow/example_dags/example_params_ui_tutorial.py for tasks to queue
[2023-10-29T01:03:48.113+0000] {logging_mixin.py:151} INFO - [2023-10-29T01:03:48.112+0000] {dagbag.py:536} INFO - Filling up the DagBag from /usr/local/lib/python3.10/dist-packages/airflow/example_dags/example_params_ui_tutorial.py
[2023-10-29T01:03:48.144+0000] {processor.py:839} INFO - DAG(s) dict_keys(['example_params_ui_tutorial']) retrieved from /usr/local/lib/python3.10/dist-packages/airflow/example_dags/example_params_ui_tutorial.py
[2023-10-29T01:03:48.192+0000] {logging_mixin.py:151} INFO - [2023-10-29T01:03:48.192+0000] {dag.py:2941} INFO - Sync 1 DAGs
[2023-10-29T01:03:48.204+0000] {logging_mixin.py:151} INFO - [2023-10-29T01:03:48.203+0000] {dag.py:3722} INFO - Setting next_dagrun for example_params_ui_tutorial to None, run_after=None
[2023-10-29T01:03:48.225+0000] {processor.py:179} INFO - Processing /usr/local/lib/python3.10/dist-packages/airflow/example_dags/example_params_ui_tutorial.py took 0.118 seconds
[2023-10-29T01:04:37.782+0000] {processor.py:157} INFO - Started process (PID=3836) to work on /usr/local/lib/python3.10/dist-packages/airflow/example_dags/example_params_ui_tutorial.py
[2023-10-29T01:04:37.784+0000] {processor.py:829} INFO - Processing file /usr/local/lib/python3.10/dist-packages/airflow/example_dags/example_params_ui_tutorial.py for tasks to queue
[2023-10-29T01:04:37.784+0000] {logging_mixin.py:151} INFO - [2023-10-29T01:04:37.784+0000] {dagbag.py:536} INFO - Filling up the DagBag from /usr/local/lib/python3.10/dist-packages/airflow/example_dags/example_params_ui_tutorial.py
[2023-10-29T01:04:37.816+0000] {processor.py:839} INFO - DAG(s) dict_keys(['example_params_ui_tutorial']) retrieved from /usr/local/lib/python3.10/dist-packages/airflow/example_dags/example_params_ui_tutorial.py
[2023-10-29T01:04:37.864+0000] {logging_mixin.py:151} INFO - [2023-10-29T01:04:37.864+0000] {dag.py:2941} INFO - Sync 1 DAGs
[2023-10-29T01:04:37.875+0000] {logging_mixin.py:151} INFO - [2023-10-29T01:04:37.875+0000] {dag.py:3722} INFO - Setting next_dagrun for example_params_ui_tutorial to None, run_after=None
[2023-10-29T01:04:37.897+0000] {processor.py:179} INFO - Processing /usr/local/lib/python3.10/dist-packages/airflow/example_dags/example_params_ui_tutorial.py took 0.118 seconds
[2023-10-29T01:05:24.380+0000] {processor.py:157} INFO - Started process (PID=3884) to work on /usr/local/lib/python3.10/dist-packages/airflow/example_dags/example_params_ui_tutorial.py
[2023-10-29T01:05:24.381+0000] {processor.py:829} INFO - Processing file /usr/local/lib/python3.10/dist-packages/airflow/example_dags/example_params_ui_tutorial.py for tasks to queue
[2023-10-29T01:05:24.382+0000] {logging_mixin.py:151} INFO - [2023-10-29T01:05:24.382+0000] {dagbag.py:536} INFO - Filling up the DagBag from /usr/local/lib/python3.10/dist-packages/airflow/example_dags/example_params_ui_tutorial.py
[2023-10-29T01:05:24.413+0000] {processor.py:839} INFO - DAG(s) dict_keys(['example_params_ui_tutorial']) retrieved from /usr/local/lib/python3.10/dist-packages/airflow/example_dags/example_params_ui_tutorial.py
[2023-10-29T01:05:24.462+0000] {logging_mixin.py:151} INFO - [2023-10-29T01:05:24.462+0000] {dag.py:2941} INFO - Sync 1 DAGs
[2023-10-29T01:05:24.473+0000] {logging_mixin.py:151} INFO - [2023-10-29T01:05:24.473+0000] {dag.py:3722} INFO - Setting next_dagrun for example_params_ui_tutorial to None, run_after=None
[2023-10-29T01:05:24.496+0000] {processor.py:179} INFO - Processing /usr/local/lib/python3.10/dist-packages/airflow/example_dags/example_params_ui_tutorial.py took 0.119 seconds
[2023-10-29T01:06:08.341+0000] {processor.py:157} INFO - Started process (PID=3931) to work on /usr/local/lib/python3.10/dist-packages/airflow/example_dags/example_params_ui_tutorial.py
[2023-10-29T01:06:08.342+0000] {processor.py:829} INFO - Processing file /usr/local/lib/python3.10/dist-packages/airflow/example_dags/example_params_ui_tutorial.py for tasks to queue
[2023-10-29T01:06:08.343+0000] {logging_mixin.py:151} INFO - [2023-10-29T01:06:08.342+0000] {dagbag.py:536} INFO - Filling up the DagBag from /usr/local/lib/python3.10/dist-packages/airflow/example_dags/example_params_ui_tutorial.py
[2023-10-29T01:06:08.375+0000] {processor.py:839} INFO - DAG(s) dict_keys(['example_params_ui_tutorial']) retrieved from /usr/local/lib/python3.10/dist-packages/airflow/example_dags/example_params_ui_tutorial.py
[2023-10-29T01:06:08.423+0000] {logging_mixin.py:151} INFO - [2023-10-29T01:06:08.423+0000] {dag.py:2941} INFO - Sync 1 DAGs
[2023-10-29T01:06:08.435+0000] {logging_mixin.py:151} INFO - [2023-10-29T01:06:08.435+0000] {dag.py:3722} INFO - Setting next_dagrun for example_params_ui_tutorial to None, run_after=None
[2023-10-29T01:06:08.458+0000] {processor.py:179} INFO - Processing /usr/local/lib/python3.10/dist-packages/airflow/example_dags/example_params_ui_tutorial.py took 0.121 seconds
[2023-10-29T01:06:54.030+0000] {processor.py:157} INFO - Started process (PID=3981) to work on /usr/local/lib/python3.10/dist-packages/airflow/example_dags/example_params_ui_tutorial.py
[2023-10-29T01:06:54.032+0000] {processor.py:829} INFO - Processing file /usr/local/lib/python3.10/dist-packages/airflow/example_dags/example_params_ui_tutorial.py for tasks to queue
[2023-10-29T01:06:54.032+0000] {logging_mixin.py:151} INFO - [2023-10-29T01:06:54.032+0000] {dagbag.py:536} INFO - Filling up the DagBag from /usr/local/lib/python3.10/dist-packages/airflow/example_dags/example_params_ui_tutorial.py
[2023-10-29T01:06:54.064+0000] {processor.py:839} INFO - DAG(s) dict_keys(['example_params_ui_tutorial']) retrieved from /usr/local/lib/python3.10/dist-packages/airflow/example_dags/example_params_ui_tutorial.py
[2023-10-29T01:06:54.113+0000] {logging_mixin.py:151} INFO - [2023-10-29T01:06:54.113+0000] {dag.py:2941} INFO - Sync 1 DAGs
[2023-10-29T01:06:54.125+0000] {logging_mixin.py:151} INFO - [2023-10-29T01:06:54.124+0000] {dag.py:3722} INFO - Setting next_dagrun for example_params_ui_tutorial to None, run_after=None
[2023-10-29T01:06:54.146+0000] {processor.py:179} INFO - Processing /usr/local/lib/python3.10/dist-packages/airflow/example_dags/example_params_ui_tutorial.py took 0.119 seconds
[2023-10-29T01:07:36.734+0000] {processor.py:157} INFO - Started process (PID=4024) to work on /usr/local/lib/python3.10/dist-packages/airflow/example_dags/example_params_ui_tutorial.py
[2023-10-29T01:07:36.736+0000] {processor.py:829} INFO - Processing file /usr/local/lib/python3.10/dist-packages/airflow/example_dags/example_params_ui_tutorial.py for tasks to queue
[2023-10-29T01:07:36.736+0000] {logging_mixin.py:151} INFO - [2023-10-29T01:07:36.736+0000] {dagbag.py:536} INFO - Filling up the DagBag from /usr/local/lib/python3.10/dist-packages/airflow/example_dags/example_params_ui_tutorial.py
[2023-10-29T01:07:36.768+0000] {processor.py:839} INFO - DAG(s) dict_keys(['example_params_ui_tutorial']) retrieved from /usr/local/lib/python3.10/dist-packages/airflow/example_dags/example_params_ui_tutorial.py
[2023-10-29T01:07:36.816+0000] {logging_mixin.py:151} INFO - [2023-10-29T01:07:36.816+0000] {dag.py:2941} INFO - Sync 1 DAGs
[2023-10-29T01:07:36.828+0000] {logging_mixin.py:151} INFO - [2023-10-29T01:07:36.828+0000] {dag.py:3722} INFO - Setting next_dagrun for example_params_ui_tutorial to None, run_after=None
[2023-10-29T01:07:36.850+0000] {processor.py:179} INFO - Processing /usr/local/lib/python3.10/dist-packages/airflow/example_dags/example_params_ui_tutorial.py took 0.119 seconds
[2023-10-29T01:08:25.871+0000] {processor.py:157} INFO - Started process (PID=4074) to work on /usr/local/lib/python3.10/dist-packages/airflow/example_dags/example_params_ui_tutorial.py
[2023-10-29T01:08:25.872+0000] {processor.py:829} INFO - Processing file /usr/local/lib/python3.10/dist-packages/airflow/example_dags/example_params_ui_tutorial.py for tasks to queue
[2023-10-29T01:08:25.873+0000] {logging_mixin.py:151} INFO - [2023-10-29T01:08:25.873+0000] {dagbag.py:536} INFO - Filling up the DagBag from /usr/local/lib/python3.10/dist-packages/airflow/example_dags/example_params_ui_tutorial.py
[2023-10-29T01:08:25.904+0000] {processor.py:839} INFO - DAG(s) dict_keys(['example_params_ui_tutorial']) retrieved from /usr/local/lib/python3.10/dist-packages/airflow/example_dags/example_params_ui_tutorial.py
[2023-10-29T01:08:25.952+0000] {logging_mixin.py:151} INFO - [2023-10-29T01:08:25.952+0000] {dag.py:2941} INFO - Sync 1 DAGs
[2023-10-29T01:08:25.963+0000] {logging_mixin.py:151} INFO - [2023-10-29T01:08:25.963+0000] {dag.py:3722} INFO - Setting next_dagrun for example_params_ui_tutorial to None, run_after=None
[2023-10-29T01:08:25.985+0000] {processor.py:179} INFO - Processing /usr/local/lib/python3.10/dist-packages/airflow/example_dags/example_params_ui_tutorial.py took 0.117 seconds
[2023-10-29T01:09:13.862+0000] {processor.py:157} INFO - Started process (PID=4122) to work on /usr/local/lib/python3.10/dist-packages/airflow/example_dags/example_params_ui_tutorial.py
[2023-10-29T01:09:13.863+0000] {processor.py:829} INFO - Processing file /usr/local/lib/python3.10/dist-packages/airflow/example_dags/example_params_ui_tutorial.py for tasks to queue
[2023-10-29T01:09:13.864+0000] {logging_mixin.py:151} INFO - [2023-10-29T01:09:13.864+0000] {dagbag.py:536} INFO - Filling up the DagBag from /usr/local/lib/python3.10/dist-packages/airflow/example_dags/example_params_ui_tutorial.py
[2023-10-29T01:09:13.896+0000] {processor.py:839} INFO - DAG(s) dict_keys(['example_params_ui_tutorial']) retrieved from /usr/local/lib/python3.10/dist-packages/airflow/example_dags/example_params_ui_tutorial.py
[2023-10-29T01:09:13.945+0000] {logging_mixin.py:151} INFO - [2023-10-29T01:09:13.945+0000] {dag.py:2941} INFO - Sync 1 DAGs
[2023-10-29T01:09:13.958+0000] {logging_mixin.py:151} INFO - [2023-10-29T01:09:13.957+0000] {dag.py:3722} INFO - Setting next_dagrun for example_params_ui_tutorial to None, run_after=None
[2023-10-29T01:09:13.978+0000] {processor.py:179} INFO - Processing /usr/local/lib/python3.10/dist-packages/airflow/example_dags/example_params_ui_tutorial.py took 0.120 seconds
[2023-10-29T01:10:00.455+0000] {processor.py:157} INFO - Started process (PID=4169) to work on /usr/local/lib/python3.10/dist-packages/airflow/example_dags/example_params_ui_tutorial.py
[2023-10-29T01:10:00.456+0000] {processor.py:829} INFO - Processing file /usr/local/lib/python3.10/dist-packages/airflow/example_dags/example_params_ui_tutorial.py for tasks to queue
[2023-10-29T01:10:00.457+0000] {logging_mixin.py:151} INFO - [2023-10-29T01:10:00.456+0000] {dagbag.py:536} INFO - Filling up the DagBag from /usr/local/lib/python3.10/dist-packages/airflow/example_dags/example_params_ui_tutorial.py
[2023-10-29T01:10:00.488+0000] {processor.py:839} INFO - DAG(s) dict_keys(['example_params_ui_tutorial']) retrieved from /usr/local/lib/python3.10/dist-packages/airflow/example_dags/example_params_ui_tutorial.py
[2023-10-29T01:10:00.536+0000] {logging_mixin.py:151} INFO - [2023-10-29T01:10:00.536+0000] {dag.py:2941} INFO - Sync 1 DAGs
[2023-10-29T01:10:00.548+0000] {logging_mixin.py:151} INFO - [2023-10-29T01:10:00.548+0000] {dag.py:3722} INFO - Setting next_dagrun for example_params_ui_tutorial to None, run_after=None
[2023-10-29T01:10:00.570+0000] {processor.py:179} INFO - Processing /usr/local/lib/python3.10/dist-packages/airflow/example_dags/example_params_ui_tutorial.py took 0.118 seconds
[2023-10-29T01:10:48.714+0000] {processor.py:157} INFO - Started process (PID=4218) to work on /usr/local/lib/python3.10/dist-packages/airflow/example_dags/example_params_ui_tutorial.py
[2023-10-29T01:10:48.715+0000] {processor.py:829} INFO - Processing file /usr/local/lib/python3.10/dist-packages/airflow/example_dags/example_params_ui_tutorial.py for tasks to queue
[2023-10-29T01:10:48.716+0000] {logging_mixin.py:151} INFO - [2023-10-29T01:10:48.715+0000] {dagbag.py:536} INFO - Filling up the DagBag from /usr/local/lib/python3.10/dist-packages/airflow/example_dags/example_params_ui_tutorial.py
[2023-10-29T01:10:48.747+0000] {processor.py:839} INFO - DAG(s) dict_keys(['example_params_ui_tutorial']) retrieved from /usr/local/lib/python3.10/dist-packages/airflow/example_dags/example_params_ui_tutorial.py
[2023-10-29T01:10:48.797+0000] {logging_mixin.py:151} INFO - [2023-10-29T01:10:48.797+0000] {dag.py:2941} INFO - Sync 1 DAGs
[2023-10-29T01:10:48.809+0000] {logging_mixin.py:151} INFO - [2023-10-29T01:10:48.808+0000] {dag.py:3722} INFO - Setting next_dagrun for example_params_ui_tutorial to None, run_after=None
[2023-10-29T01:10:48.830+0000] {processor.py:179} INFO - Processing /usr/local/lib/python3.10/dist-packages/airflow/example_dags/example_params_ui_tutorial.py took 0.119 seconds
[2023-10-29T01:11:34.598+0000] {processor.py:157} INFO - Started process (PID=4495) to work on /usr/local/lib/python3.10/dist-packages/airflow/example_dags/example_params_ui_tutorial.py
[2023-10-29T01:11:34.599+0000] {processor.py:829} INFO - Processing file /usr/local/lib/python3.10/dist-packages/airflow/example_dags/example_params_ui_tutorial.py for tasks to queue
[2023-10-29T01:11:34.600+0000] {logging_mixin.py:151} INFO - [2023-10-29T01:11:34.600+0000] {dagbag.py:536} INFO - Filling up the DagBag from /usr/local/lib/python3.10/dist-packages/airflow/example_dags/example_params_ui_tutorial.py
[2023-10-29T01:11:34.632+0000] {processor.py:839} INFO - DAG(s) dict_keys(['example_params_ui_tutorial']) retrieved from /usr/local/lib/python3.10/dist-packages/airflow/example_dags/example_params_ui_tutorial.py
[2023-10-29T01:11:34.680+0000] {logging_mixin.py:151} INFO - [2023-10-29T01:11:34.680+0000] {dag.py:2941} INFO - Sync 1 DAGs
[2023-10-29T01:11:34.692+0000] {logging_mixin.py:151} INFO - [2023-10-29T01:11:34.692+0000] {dag.py:3722} INFO - Setting next_dagrun for example_params_ui_tutorial to None, run_after=None
[2023-10-29T01:11:34.714+0000] {processor.py:179} INFO - Processing /usr/local/lib/python3.10/dist-packages/airflow/example_dags/example_params_ui_tutorial.py took 0.119 seconds
[2023-10-29T01:12:21.614+0000] {processor.py:157} INFO - Started process (PID=4689) to work on /usr/local/lib/python3.10/dist-packages/airflow/example_dags/example_params_ui_tutorial.py
[2023-10-29T01:12:21.616+0000] {processor.py:829} INFO - Processing file /usr/local/lib/python3.10/dist-packages/airflow/example_dags/example_params_ui_tutorial.py for tasks to queue
[2023-10-29T01:12:21.617+0000] {logging_mixin.py:151} INFO - [2023-10-29T01:12:21.616+0000] {dagbag.py:536} INFO - Filling up the DagBag from /usr/local/lib/python3.10/dist-packages/airflow/example_dags/example_params_ui_tutorial.py
[2023-10-29T01:12:21.648+0000] {processor.py:839} INFO - DAG(s) dict_keys(['example_params_ui_tutorial']) retrieved from /usr/local/lib/python3.10/dist-packages/airflow/example_dags/example_params_ui_tutorial.py
[2023-10-29T01:12:21.696+0000] {logging_mixin.py:151} INFO - [2023-10-29T01:12:21.696+0000] {dag.py:2941} INFO - Sync 1 DAGs
[2023-10-29T01:12:21.707+0000] {logging_mixin.py:151} INFO - [2023-10-29T01:12:21.707+0000] {dag.py:3722} INFO - Setting next_dagrun for example_params_ui_tutorial to None, run_after=None
[2023-10-29T01:12:21.729+0000] {processor.py:179} INFO - Processing /usr/local/lib/python3.10/dist-packages/airflow/example_dags/example_params_ui_tutorial.py took 0.117 seconds
[2023-10-29T01:13:02.904+0000] {processor.py:157} INFO - Started process (PID=4739) to work on /usr/local/lib/python3.10/dist-packages/airflow/example_dags/example_params_ui_tutorial.py
[2023-10-29T01:13:02.906+0000] {processor.py:829} INFO - Processing file /usr/local/lib/python3.10/dist-packages/airflow/example_dags/example_params_ui_tutorial.py for tasks to queue
[2023-10-29T01:13:02.907+0000] {logging_mixin.py:151} INFO - [2023-10-29T01:13:02.906+0000] {dagbag.py:536} INFO - Filling up the DagBag from /usr/local/lib/python3.10/dist-packages/airflow/example_dags/example_params_ui_tutorial.py
[2023-10-29T01:13:02.938+0000] {processor.py:839} INFO - DAG(s) dict_keys(['example_params_ui_tutorial']) retrieved from /usr/local/lib/python3.10/dist-packages/airflow/example_dags/example_params_ui_tutorial.py
[2023-10-29T01:13:02.986+0000] {logging_mixin.py:151} INFO - [2023-10-29T01:13:02.986+0000] {dag.py:2941} INFO - Sync 1 DAGs
[2023-10-29T01:13:02.999+0000] {logging_mixin.py:151} INFO - [2023-10-29T01:13:02.999+0000] {dag.py:3722} INFO - Setting next_dagrun for example_params_ui_tutorial to None, run_after=None
[2023-10-29T01:13:03.021+0000] {processor.py:179} INFO - Processing /usr/local/lib/python3.10/dist-packages/airflow/example_dags/example_params_ui_tutorial.py took 0.120 seconds
[2023-10-29T01:13:53.869+0000] {processor.py:157} INFO - Started process (PID=4794) to work on /usr/local/lib/python3.10/dist-packages/airflow/example_dags/example_params_ui_tutorial.py
[2023-10-29T01:13:53.870+0000] {processor.py:829} INFO - Processing file /usr/local/lib/python3.10/dist-packages/airflow/example_dags/example_params_ui_tutorial.py for tasks to queue
[2023-10-29T01:13:53.871+0000] {logging_mixin.py:151} INFO - [2023-10-29T01:13:53.871+0000] {dagbag.py:536} INFO - Filling up the DagBag from /usr/local/lib/python3.10/dist-packages/airflow/example_dags/example_params_ui_tutorial.py
[2023-10-29T01:13:53.903+0000] {processor.py:839} INFO - DAG(s) dict_keys(['example_params_ui_tutorial']) retrieved from /usr/local/lib/python3.10/dist-packages/airflow/example_dags/example_params_ui_tutorial.py
[2023-10-29T01:13:53.951+0000] {logging_mixin.py:151} INFO - [2023-10-29T01:13:53.951+0000] {dag.py:2941} INFO - Sync 1 DAGs
[2023-10-29T01:13:53.963+0000] {logging_mixin.py:151} INFO - [2023-10-29T01:13:53.962+0000] {dag.py:3722} INFO - Setting next_dagrun for example_params_ui_tutorial to None, run_after=None
[2023-10-29T01:13:53.984+0000] {processor.py:179} INFO - Processing /usr/local/lib/python3.10/dist-packages/airflow/example_dags/example_params_ui_tutorial.py took 0.118 seconds
[2023-10-29T01:14:38.178+0000] {processor.py:157} INFO - Started process (PID=4842) to work on /usr/local/lib/python3.10/dist-packages/airflow/example_dags/example_params_ui_tutorial.py
[2023-10-29T01:14:38.179+0000] {processor.py:829} INFO - Processing file /usr/local/lib/python3.10/dist-packages/airflow/example_dags/example_params_ui_tutorial.py for tasks to queue
[2023-10-29T01:14:38.180+0000] {logging_mixin.py:151} INFO - [2023-10-29T01:14:38.180+0000] {dagbag.py:536} INFO - Filling up the DagBag from /usr/local/lib/python3.10/dist-packages/airflow/example_dags/example_params_ui_tutorial.py
[2023-10-29T01:14:38.211+0000] {processor.py:839} INFO - DAG(s) dict_keys(['example_params_ui_tutorial']) retrieved from /usr/local/lib/python3.10/dist-packages/airflow/example_dags/example_params_ui_tutorial.py
[2023-10-29T01:14:38.259+0000] {logging_mixin.py:151} INFO - [2023-10-29T01:14:38.259+0000] {dag.py:2941} INFO - Sync 1 DAGs
[2023-10-29T01:14:38.271+0000] {logging_mixin.py:151} INFO - [2023-10-29T01:14:38.271+0000] {dag.py:3722} INFO - Setting next_dagrun for example_params_ui_tutorial to None, run_after=None
[2023-10-29T01:14:38.293+0000] {processor.py:179} INFO - Processing /usr/local/lib/python3.10/dist-packages/airflow/example_dags/example_params_ui_tutorial.py took 0.118 seconds
[2023-10-29T01:15:22.020+0000] {processor.py:157} INFO - Started process (PID=4887) to work on /usr/local/lib/python3.10/dist-packages/airflow/example_dags/example_params_ui_tutorial.py
[2023-10-29T01:15:22.022+0000] {processor.py:829} INFO - Processing file /usr/local/lib/python3.10/dist-packages/airflow/example_dags/example_params_ui_tutorial.py for tasks to queue
[2023-10-29T01:15:22.022+0000] {logging_mixin.py:151} INFO - [2023-10-29T01:15:22.022+0000] {dagbag.py:536} INFO - Filling up the DagBag from /usr/local/lib/python3.10/dist-packages/airflow/example_dags/example_params_ui_tutorial.py
[2023-10-29T01:15:22.054+0000] {processor.py:839} INFO - DAG(s) dict_keys(['example_params_ui_tutorial']) retrieved from /usr/local/lib/python3.10/dist-packages/airflow/example_dags/example_params_ui_tutorial.py
[2023-10-29T01:15:22.102+0000] {logging_mixin.py:151} INFO - [2023-10-29T01:15:22.102+0000] {dag.py:2941} INFO - Sync 1 DAGs
[2023-10-29T01:15:22.113+0000] {logging_mixin.py:151} INFO - [2023-10-29T01:15:22.113+0000] {dag.py:3722} INFO - Setting next_dagrun for example_params_ui_tutorial to None, run_after=None
[2023-10-29T01:15:22.134+0000] {processor.py:179} INFO - Processing /usr/local/lib/python3.10/dist-packages/airflow/example_dags/example_params_ui_tutorial.py took 0.117 seconds
[2023-10-29T01:16:07.009+0000] {processor.py:157} INFO - Started process (PID=4933) to work on /usr/local/lib/python3.10/dist-packages/airflow/example_dags/example_params_ui_tutorial.py
[2023-10-29T01:16:07.010+0000] {processor.py:829} INFO - Processing file /usr/local/lib/python3.10/dist-packages/airflow/example_dags/example_params_ui_tutorial.py for tasks to queue
[2023-10-29T01:16:07.011+0000] {logging_mixin.py:151} INFO - [2023-10-29T01:16:07.010+0000] {dagbag.py:536} INFO - Filling up the DagBag from /usr/local/lib/python3.10/dist-packages/airflow/example_dags/example_params_ui_tutorial.py
[2023-10-29T01:16:07.042+0000] {processor.py:839} INFO - DAG(s) dict_keys(['example_params_ui_tutorial']) retrieved from /usr/local/lib/python3.10/dist-packages/airflow/example_dags/example_params_ui_tutorial.py
[2023-10-29T01:16:07.091+0000] {logging_mixin.py:151} INFO - [2023-10-29T01:16:07.091+0000] {dag.py:2941} INFO - Sync 1 DAGs
[2023-10-29T01:16:07.103+0000] {logging_mixin.py:151} INFO - [2023-10-29T01:16:07.102+0000] {dag.py:3722} INFO - Setting next_dagrun for example_params_ui_tutorial to None, run_after=None
[2023-10-29T01:16:07.123+0000] {processor.py:179} INFO - Processing /usr/local/lib/python3.10/dist-packages/airflow/example_dags/example_params_ui_tutorial.py took 0.118 seconds
[2023-10-29T01:16:55.055+0000] {processor.py:157} INFO - Started process (PID=4982) to work on /usr/local/lib/python3.10/dist-packages/airflow/example_dags/example_params_ui_tutorial.py
[2023-10-29T01:16:55.056+0000] {processor.py:829} INFO - Processing file /usr/local/lib/python3.10/dist-packages/airflow/example_dags/example_params_ui_tutorial.py for tasks to queue
[2023-10-29T01:16:55.057+0000] {logging_mixin.py:151} INFO - [2023-10-29T01:16:55.057+0000] {dagbag.py:536} INFO - Filling up the DagBag from /usr/local/lib/python3.10/dist-packages/airflow/example_dags/example_params_ui_tutorial.py
[2023-10-29T01:16:55.089+0000] {processor.py:839} INFO - DAG(s) dict_keys(['example_params_ui_tutorial']) retrieved from /usr/local/lib/python3.10/dist-packages/airflow/example_dags/example_params_ui_tutorial.py
[2023-10-29T01:16:55.139+0000] {logging_mixin.py:151} INFO - [2023-10-29T01:16:55.138+0000] {dag.py:2941} INFO - Sync 1 DAGs
[2023-10-29T01:16:55.150+0000] {logging_mixin.py:151} INFO - [2023-10-29T01:16:55.150+0000] {dag.py:3722} INFO - Setting next_dagrun for example_params_ui_tutorial to None, run_after=None
[2023-10-29T01:16:55.171+0000] {processor.py:179} INFO - Processing /usr/local/lib/python3.10/dist-packages/airflow/example_dags/example_params_ui_tutorial.py took 0.119 seconds
[2023-10-29T01:17:41.358+0000] {processor.py:157} INFO - Started process (PID=5032) to work on /usr/local/lib/python3.10/dist-packages/airflow/example_dags/example_params_ui_tutorial.py
[2023-10-29T01:17:41.359+0000] {processor.py:829} INFO - Processing file /usr/local/lib/python3.10/dist-packages/airflow/example_dags/example_params_ui_tutorial.py for tasks to queue
[2023-10-29T01:17:41.360+0000] {logging_mixin.py:151} INFO - [2023-10-29T01:17:41.359+0000] {dagbag.py:536} INFO - Filling up the DagBag from /usr/local/lib/python3.10/dist-packages/airflow/example_dags/example_params_ui_tutorial.py
[2023-10-29T01:17:41.391+0000] {processor.py:839} INFO - DAG(s) dict_keys(['example_params_ui_tutorial']) retrieved from /usr/local/lib/python3.10/dist-packages/airflow/example_dags/example_params_ui_tutorial.py
[2023-10-29T01:17:41.439+0000] {logging_mixin.py:151} INFO - [2023-10-29T01:17:41.439+0000] {dag.py:2941} INFO - Sync 1 DAGs
[2023-10-29T01:17:41.451+0000] {logging_mixin.py:151} INFO - [2023-10-29T01:17:41.450+0000] {dag.py:3722} INFO - Setting next_dagrun for example_params_ui_tutorial to None, run_after=None
[2023-10-29T01:17:41.472+0000] {processor.py:179} INFO - Processing /usr/local/lib/python3.10/dist-packages/airflow/example_dags/example_params_ui_tutorial.py took 0.117 seconds
[2023-10-29T01:18:27.685+0000] {processor.py:157} INFO - Started process (PID=5079) to work on /usr/local/lib/python3.10/dist-packages/airflow/example_dags/example_params_ui_tutorial.py
[2023-10-29T01:18:27.686+0000] {processor.py:829} INFO - Processing file /usr/local/lib/python3.10/dist-packages/airflow/example_dags/example_params_ui_tutorial.py for tasks to queue
[2023-10-29T01:18:27.687+0000] {logging_mixin.py:151} INFO - [2023-10-29T01:18:27.686+0000] {dagbag.py:536} INFO - Filling up the DagBag from /usr/local/lib/python3.10/dist-packages/airflow/example_dags/example_params_ui_tutorial.py
[2023-10-29T01:18:27.718+0000] {processor.py:839} INFO - DAG(s) dict_keys(['example_params_ui_tutorial']) retrieved from /usr/local/lib/python3.10/dist-packages/airflow/example_dags/example_params_ui_tutorial.py
[2023-10-29T01:18:27.766+0000] {logging_mixin.py:151} INFO - [2023-10-29T01:18:27.766+0000] {dag.py:2941} INFO - Sync 1 DAGs
[2023-10-29T01:18:27.778+0000] {logging_mixin.py:151} INFO - [2023-10-29T01:18:27.778+0000] {dag.py:3722} INFO - Setting next_dagrun for example_params_ui_tutorial to None, run_after=None
[2023-10-29T01:18:27.801+0000] {processor.py:179} INFO - Processing /usr/local/lib/python3.10/dist-packages/airflow/example_dags/example_params_ui_tutorial.py took 0.119 seconds
[2023-10-29T01:19:14.086+0000] {processor.py:157} INFO - Started process (PID=5126) to work on /usr/local/lib/python3.10/dist-packages/airflow/example_dags/example_params_ui_tutorial.py
[2023-10-29T01:19:14.087+0000] {processor.py:829} INFO - Processing file /usr/local/lib/python3.10/dist-packages/airflow/example_dags/example_params_ui_tutorial.py for tasks to queue
[2023-10-29T01:19:14.088+0000] {logging_mixin.py:151} INFO - [2023-10-29T01:19:14.088+0000] {dagbag.py:536} INFO - Filling up the DagBag from /usr/local/lib/python3.10/dist-packages/airflow/example_dags/example_params_ui_tutorial.py
[2023-10-29T01:19:14.120+0000] {processor.py:839} INFO - DAG(s) dict_keys(['example_params_ui_tutorial']) retrieved from /usr/local/lib/python3.10/dist-packages/airflow/example_dags/example_params_ui_tutorial.py
[2023-10-29T01:19:14.168+0000] {logging_mixin.py:151} INFO - [2023-10-29T01:19:14.168+0000] {dag.py:2941} INFO - Sync 1 DAGs
[2023-10-29T01:19:14.181+0000] {logging_mixin.py:151} INFO - [2023-10-29T01:19:14.180+0000] {dag.py:3722} INFO - Setting next_dagrun for example_params_ui_tutorial to None, run_after=None
[2023-10-29T01:19:14.202+0000] {processor.py:179} INFO - Processing /usr/local/lib/python3.10/dist-packages/airflow/example_dags/example_params_ui_tutorial.py took 0.119 seconds
[2023-10-29T01:20:04.099+0000] {processor.py:157} INFO - Started process (PID=5177) to work on /usr/local/lib/python3.10/dist-packages/airflow/example_dags/example_params_ui_tutorial.py
[2023-10-29T01:20:04.100+0000] {processor.py:829} INFO - Processing file /usr/local/lib/python3.10/dist-packages/airflow/example_dags/example_params_ui_tutorial.py for tasks to queue
[2023-10-29T01:20:04.101+0000] {logging_mixin.py:151} INFO - [2023-10-29T01:20:04.100+0000] {dagbag.py:536} INFO - Filling up the DagBag from /usr/local/lib/python3.10/dist-packages/airflow/example_dags/example_params_ui_tutorial.py
[2023-10-29T01:20:04.133+0000] {processor.py:839} INFO - DAG(s) dict_keys(['example_params_ui_tutorial']) retrieved from /usr/local/lib/python3.10/dist-packages/airflow/example_dags/example_params_ui_tutorial.py
[2023-10-29T01:20:04.182+0000] {logging_mixin.py:151} INFO - [2023-10-29T01:20:04.182+0000] {dag.py:2941} INFO - Sync 1 DAGs
[2023-10-29T01:20:04.195+0000] {logging_mixin.py:151} INFO - [2023-10-29T01:20:04.194+0000] {dag.py:3722} INFO - Setting next_dagrun for example_params_ui_tutorial to None, run_after=None
[2023-10-29T01:20:04.218+0000] {processor.py:179} INFO - Processing /usr/local/lib/python3.10/dist-packages/airflow/example_dags/example_params_ui_tutorial.py took 0.122 seconds
[2023-10-29T01:20:48.815+0000] {processor.py:157} INFO - Started process (PID=5223) to work on /usr/local/lib/python3.10/dist-packages/airflow/example_dags/example_params_ui_tutorial.py
[2023-10-29T01:20:48.817+0000] {processor.py:829} INFO - Processing file /usr/local/lib/python3.10/dist-packages/airflow/example_dags/example_params_ui_tutorial.py for tasks to queue
[2023-10-29T01:20:48.818+0000] {logging_mixin.py:151} INFO - [2023-10-29T01:20:48.817+0000] {dagbag.py:536} INFO - Filling up the DagBag from /usr/local/lib/python3.10/dist-packages/airflow/example_dags/example_params_ui_tutorial.py
[2023-10-29T01:20:48.849+0000] {processor.py:839} INFO - DAG(s) dict_keys(['example_params_ui_tutorial']) retrieved from /usr/local/lib/python3.10/dist-packages/airflow/example_dags/example_params_ui_tutorial.py
[2023-10-29T01:20:48.899+0000] {logging_mixin.py:151} INFO - [2023-10-29T01:20:48.899+0000] {dag.py:2941} INFO - Sync 1 DAGs
[2023-10-29T01:20:48.911+0000] {logging_mixin.py:151} INFO - [2023-10-29T01:20:48.910+0000] {dag.py:3722} INFO - Setting next_dagrun for example_params_ui_tutorial to None, run_after=None
[2023-10-29T01:20:48.932+0000] {processor.py:179} INFO - Processing /usr/local/lib/python3.10/dist-packages/airflow/example_dags/example_params_ui_tutorial.py took 0.120 seconds
[2023-10-29T01:21:33.968+0000] {processor.py:157} INFO - Started process (PID=5270) to work on /usr/local/lib/python3.10/dist-packages/airflow/example_dags/example_params_ui_tutorial.py
[2023-10-29T01:21:33.969+0000] {processor.py:829} INFO - Processing file /usr/local/lib/python3.10/dist-packages/airflow/example_dags/example_params_ui_tutorial.py for tasks to queue
[2023-10-29T01:21:33.970+0000] {logging_mixin.py:151} INFO - [2023-10-29T01:21:33.970+0000] {dagbag.py:536} INFO - Filling up the DagBag from /usr/local/lib/python3.10/dist-packages/airflow/example_dags/example_params_ui_tutorial.py
[2023-10-29T01:21:34.001+0000] {processor.py:839} INFO - DAG(s) dict_keys(['example_params_ui_tutorial']) retrieved from /usr/local/lib/python3.10/dist-packages/airflow/example_dags/example_params_ui_tutorial.py
[2023-10-29T01:21:34.049+0000] {logging_mixin.py:151} INFO - [2023-10-29T01:21:34.049+0000] {dag.py:2941} INFO - Sync 1 DAGs
[2023-10-29T01:21:34.061+0000] {logging_mixin.py:151} INFO - [2023-10-29T01:21:34.060+0000] {dag.py:3722} INFO - Setting next_dagrun for example_params_ui_tutorial to None, run_after=None
[2023-10-29T01:21:34.082+0000] {processor.py:179} INFO - Processing /usr/local/lib/python3.10/dist-packages/airflow/example_dags/example_params_ui_tutorial.py took 0.118 seconds
[2023-10-29T01:22:23.662+0000] {processor.py:157} INFO - Started process (PID=5322) to work on /usr/local/lib/python3.10/dist-packages/airflow/example_dags/example_params_ui_tutorial.py
[2023-10-29T01:22:23.663+0000] {processor.py:829} INFO - Processing file /usr/local/lib/python3.10/dist-packages/airflow/example_dags/example_params_ui_tutorial.py for tasks to queue
[2023-10-29T01:22:23.664+0000] {logging_mixin.py:151} INFO - [2023-10-29T01:22:23.663+0000] {dagbag.py:536} INFO - Filling up the DagBag from /usr/local/lib/python3.10/dist-packages/airflow/example_dags/example_params_ui_tutorial.py
[2023-10-29T01:22:23.695+0000] {processor.py:839} INFO - DAG(s) dict_keys(['example_params_ui_tutorial']) retrieved from /usr/local/lib/python3.10/dist-packages/airflow/example_dags/example_params_ui_tutorial.py
[2023-10-29T01:22:23.744+0000] {logging_mixin.py:151} INFO - [2023-10-29T01:22:23.744+0000] {dag.py:2941} INFO - Sync 1 DAGs
[2023-10-29T01:22:23.755+0000] {logging_mixin.py:151} INFO - [2023-10-29T01:22:23.755+0000] {dag.py:3722} INFO - Setting next_dagrun for example_params_ui_tutorial to None, run_after=None
[2023-10-29T01:22:23.778+0000] {processor.py:179} INFO - Processing /usr/local/lib/python3.10/dist-packages/airflow/example_dags/example_params_ui_tutorial.py took 0.119 seconds
[2023-10-29T01:23:10.695+0000] {processor.py:157} INFO - Started process (PID=5370) to work on /usr/local/lib/python3.10/dist-packages/airflow/example_dags/example_params_ui_tutorial.py
[2023-10-29T01:23:10.697+0000] {processor.py:829} INFO - Processing file /usr/local/lib/python3.10/dist-packages/airflow/example_dags/example_params_ui_tutorial.py for tasks to queue
[2023-10-29T01:23:10.697+0000] {logging_mixin.py:151} INFO - [2023-10-29T01:23:10.697+0000] {dagbag.py:536} INFO - Filling up the DagBag from /usr/local/lib/python3.10/dist-packages/airflow/example_dags/example_params_ui_tutorial.py
[2023-10-29T01:23:10.729+0000] {processor.py:839} INFO - DAG(s) dict_keys(['example_params_ui_tutorial']) retrieved from /usr/local/lib/python3.10/dist-packages/airflow/example_dags/example_params_ui_tutorial.py
[2023-10-29T01:23:10.776+0000] {logging_mixin.py:151} INFO - [2023-10-29T01:23:10.776+0000] {dag.py:2941} INFO - Sync 1 DAGs
[2023-10-29T01:23:10.788+0000] {logging_mixin.py:151} INFO - [2023-10-29T01:23:10.787+0000] {dag.py:3722} INFO - Setting next_dagrun for example_params_ui_tutorial to None, run_after=None
[2023-10-29T01:23:10.835+0000] {processor.py:179} INFO - Processing /usr/local/lib/python3.10/dist-packages/airflow/example_dags/example_params_ui_tutorial.py took 0.143 seconds
[2023-10-29T01:24:02.054+0000] {processor.py:157} INFO - Started process (PID=5421) to work on /usr/local/lib/python3.10/dist-packages/airflow/example_dags/example_params_ui_tutorial.py
[2023-10-29T01:24:02.055+0000] {processor.py:829} INFO - Processing file /usr/local/lib/python3.10/dist-packages/airflow/example_dags/example_params_ui_tutorial.py for tasks to queue
[2023-10-29T01:24:02.056+0000] {logging_mixin.py:151} INFO - [2023-10-29T01:24:02.056+0000] {dagbag.py:536} INFO - Filling up the DagBag from /usr/local/lib/python3.10/dist-packages/airflow/example_dags/example_params_ui_tutorial.py
[2023-10-29T01:24:02.090+0000] {processor.py:839} INFO - DAG(s) dict_keys(['example_params_ui_tutorial']) retrieved from /usr/local/lib/python3.10/dist-packages/airflow/example_dags/example_params_ui_tutorial.py
[2023-10-29T01:24:02.141+0000] {logging_mixin.py:151} INFO - [2023-10-29T01:24:02.141+0000] {dag.py:2941} INFO - Sync 1 DAGs
[2023-10-29T01:24:02.154+0000] {logging_mixin.py:151} INFO - [2023-10-29T01:24:02.153+0000] {dag.py:3722} INFO - Setting next_dagrun for example_params_ui_tutorial to None, run_after=None
[2023-10-29T01:24:02.177+0000] {processor.py:179} INFO - Processing /usr/local/lib/python3.10/dist-packages/airflow/example_dags/example_params_ui_tutorial.py took 0.126 seconds
[2023-10-29T01:24:52.502+0000] {processor.py:157} INFO - Started process (PID=5472) to work on /usr/local/lib/python3.10/dist-packages/airflow/example_dags/example_params_ui_tutorial.py
[2023-10-29T01:24:52.504+0000] {processor.py:829} INFO - Processing file /usr/local/lib/python3.10/dist-packages/airflow/example_dags/example_params_ui_tutorial.py for tasks to queue
[2023-10-29T01:24:52.505+0000] {logging_mixin.py:151} INFO - [2023-10-29T01:24:52.504+0000] {dagbag.py:536} INFO - Filling up the DagBag from /usr/local/lib/python3.10/dist-packages/airflow/example_dags/example_params_ui_tutorial.py
[2023-10-29T01:24:52.536+0000] {processor.py:839} INFO - DAG(s) dict_keys(['example_params_ui_tutorial']) retrieved from /usr/local/lib/python3.10/dist-packages/airflow/example_dags/example_params_ui_tutorial.py
[2023-10-29T01:24:52.584+0000] {logging_mixin.py:151} INFO - [2023-10-29T01:24:52.584+0000] {dag.py:2941} INFO - Sync 1 DAGs
[2023-10-29T01:24:52.596+0000] {logging_mixin.py:151} INFO - [2023-10-29T01:24:52.596+0000] {dag.py:3722} INFO - Setting next_dagrun for example_params_ui_tutorial to None, run_after=None
[2023-10-29T01:24:52.621+0000] {processor.py:179} INFO - Processing /usr/local/lib/python3.10/dist-packages/airflow/example_dags/example_params_ui_tutorial.py took 0.122 seconds
[2023-10-29T01:25:40.715+0000] {processor.py:157} INFO - Started process (PID=5522) to work on /usr/local/lib/python3.10/dist-packages/airflow/example_dags/example_params_ui_tutorial.py
[2023-10-29T01:25:40.717+0000] {processor.py:829} INFO - Processing file /usr/local/lib/python3.10/dist-packages/airflow/example_dags/example_params_ui_tutorial.py for tasks to queue
[2023-10-29T01:25:40.718+0000] {logging_mixin.py:151} INFO - [2023-10-29T01:25:40.717+0000] {dagbag.py:536} INFO - Filling up the DagBag from /usr/local/lib/python3.10/dist-packages/airflow/example_dags/example_params_ui_tutorial.py
[2023-10-29T01:25:40.749+0000] {processor.py:839} INFO - DAG(s) dict_keys(['example_params_ui_tutorial']) retrieved from /usr/local/lib/python3.10/dist-packages/airflow/example_dags/example_params_ui_tutorial.py
[2023-10-29T01:25:40.797+0000] {logging_mixin.py:151} INFO - [2023-10-29T01:25:40.796+0000] {dag.py:2941} INFO - Sync 1 DAGs
[2023-10-29T01:25:40.808+0000] {logging_mixin.py:151} INFO - [2023-10-29T01:25:40.808+0000] {dag.py:3722} INFO - Setting next_dagrun for example_params_ui_tutorial to None, run_after=None
[2023-10-29T01:25:40.829+0000] {processor.py:179} INFO - Processing /usr/local/lib/python3.10/dist-packages/airflow/example_dags/example_params_ui_tutorial.py took 0.117 seconds
