[2023-10-29T01:01:14.002+0000] {processor.py:157} INFO - Started process (PID=3624) to work on /usr/local/lib/python3.10/dist-packages/airflow/example_dags/example_subdag_operator.py
[2023-10-29T01:01:14.002+0000] {processor.py:829} INFO - Processing file /usr/local/lib/python3.10/dist-packages/airflow/example_dags/example_subdag_operator.py for tasks to queue
[2023-10-29T01:01:14.003+0000] {logging_mixin.py:151} INFO - [2023-10-29T01:01:14.003+0000] {dagbag.py:536} INFO - Filling up the DagBag from /usr/local/lib/python3.10/dist-packages/airflow/example_dags/example_subdag_operator.py
[2023-10-29T01:01:14.026+0000] {processor.py:839} INFO - DAG(s) dict_keys(['example_subdag_operator.section-1', 'example_subdag_operator.section-2', 'example_subdag_operator']) retrieved from /usr/local/lib/python3.10/dist-packages/airflow/example_dags/example_subdag_operator.py
[2023-10-29T01:01:14.232+0000] {logging_mixin.py:151} INFO - [2023-10-29T01:01:14.232+0000] {manager.py:499} INFO - Created Permission View: %s
[2023-10-29T01:01:14.246+0000] {logging_mixin.py:151} INFO - [2023-10-29T01:01:14.246+0000] {manager.py:499} INFO - Created Permission View: %s
[2023-10-29T01:01:14.257+0000] {logging_mixin.py:151} INFO - [2023-10-29T01:01:14.256+0000] {manager.py:499} INFO - Created Permission View: %s
[2023-10-29T01:01:14.257+0000] {logging_mixin.py:151} INFO - [2023-10-29T01:01:14.257+0000] {dag.py:2941} INFO - Sync 3 DAGs
[2023-10-29T01:01:14.267+0000] {logging_mixin.py:151} INFO - [2023-10-29T01:01:14.267+0000] {dag.py:2963} INFO - Creating ORM DAG for example_subdag_operator.section-1
[2023-10-29T01:01:14.267+0000] {logging_mixin.py:151} INFO - [2023-10-29T01:01:14.267+0000] {dag.py:2963} INFO - Creating ORM DAG for example_subdag_operator
[2023-10-29T01:01:14.268+0000] {logging_mixin.py:151} INFO - [2023-10-29T01:01:14.268+0000] {dag.py:2963} INFO - Creating ORM DAG for example_subdag_operator.section-2
[2023-10-29T01:01:14.276+0000] {logging_mixin.py:151} INFO - [2023-10-29T01:01:14.276+0000] {dag.py:3722} INFO - Setting next_dagrun for example_subdag_operator to 2022-01-01T00:00:00+00:00, run_after=2022-01-01T00:00:00+00:00
[2023-10-29T01:01:14.276+0000] {logging_mixin.py:151} INFO - [2023-10-29T01:01:14.276+0000] {dag.py:3722} INFO - Setting next_dagrun for example_subdag_operator.section-1 to None, run_after=None
[2023-10-29T01:01:14.277+0000] {logging_mixin.py:151} INFO - [2023-10-29T01:01:14.277+0000] {dag.py:3722} INFO - Setting next_dagrun for example_subdag_operator.section-2 to None, run_after=None
[2023-10-29T01:01:14.283+0000] {logging_mixin.py:151} INFO - [2023-10-29T01:01:14.282+0000] {dag.py:2941} INFO - Sync 2 DAGs
[2023-10-29T01:01:14.287+0000] {logging_mixin.py:151} INFO - [2023-10-29T01:01:14.286+0000] {dag.py:3722} INFO - Setting next_dagrun for example_subdag_operator.section-1 to None, run_after=None
[2023-10-29T01:01:14.289+0000] {logging_mixin.py:151} INFO - [2023-10-29T01:01:14.289+0000] {dag.py:3722} INFO - Setting next_dagrun for example_subdag_operator.section-2 to None, run_after=None
[2023-10-29T01:01:14.309+0000] {processor.py:179} INFO - Processing /usr/local/lib/python3.10/dist-packages/airflow/example_dags/example_subdag_operator.py took 0.311 seconds
[2023-10-29T01:02:04.475+0000] {processor.py:157} INFO - Started process (PID=3675) to work on /usr/local/lib/python3.10/dist-packages/airflow/example_dags/example_subdag_operator.py
[2023-10-29T01:02:04.477+0000] {processor.py:829} INFO - Processing file /usr/local/lib/python3.10/dist-packages/airflow/example_dags/example_subdag_operator.py for tasks to queue
[2023-10-29T01:02:04.478+0000] {logging_mixin.py:151} INFO - [2023-10-29T01:02:04.477+0000] {dagbag.py:536} INFO - Filling up the DagBag from /usr/local/lib/python3.10/dist-packages/airflow/example_dags/example_subdag_operator.py
[2023-10-29T01:02:04.499+0000] {processor.py:839} INFO - DAG(s) dict_keys(['example_subdag_operator.section-1', 'example_subdag_operator.section-2', 'example_subdag_operator']) retrieved from /usr/local/lib/python3.10/dist-packages/airflow/example_dags/example_subdag_operator.py
[2023-10-29T01:02:04.516+0000] {logging_mixin.py:151} INFO - [2023-10-29T01:02:04.516+0000] {dag.py:2941} INFO - Sync 3 DAGs
[2023-10-29T01:02:04.537+0000] {logging_mixin.py:151} INFO - [2023-10-29T01:02:04.536+0000] {dag.py:3722} INFO - Setting next_dagrun for example_subdag_operator to 2022-01-01T00:00:00+00:00, run_after=2022-01-01T00:00:00+00:00
[2023-10-29T01:02:04.540+0000] {logging_mixin.py:151} INFO - [2023-10-29T01:02:04.539+0000] {dag.py:3722} INFO - Setting next_dagrun for example_subdag_operator.section-1 to None, run_after=None
[2023-10-29T01:02:04.540+0000] {logging_mixin.py:151} INFO - [2023-10-29T01:02:04.540+0000] {dag.py:3722} INFO - Setting next_dagrun for example_subdag_operator.section-2 to None, run_after=None
[2023-10-29T01:02:04.546+0000] {logging_mixin.py:151} INFO - [2023-10-29T01:02:04.546+0000] {dag.py:2941} INFO - Sync 2 DAGs
[2023-10-29T01:02:04.550+0000] {logging_mixin.py:151} INFO - [2023-10-29T01:02:04.550+0000] {dag.py:3722} INFO - Setting next_dagrun for example_subdag_operator.section-1 to None, run_after=None
[2023-10-29T01:02:04.551+0000] {logging_mixin.py:151} INFO - [2023-10-29T01:02:04.550+0000] {dag.py:3722} INFO - Setting next_dagrun for example_subdag_operator.section-2 to None, run_after=None
[2023-10-29T01:02:04.567+0000] {processor.py:179} INFO - Processing /usr/local/lib/python3.10/dist-packages/airflow/example_dags/example_subdag_operator.py took 0.095 seconds
[2023-10-29T01:02:49.819+0000] {processor.py:157} INFO - Started process (PID=3721) to work on /usr/local/lib/python3.10/dist-packages/airflow/example_dags/example_subdag_operator.py
[2023-10-29T01:02:49.820+0000] {processor.py:829} INFO - Processing file /usr/local/lib/python3.10/dist-packages/airflow/example_dags/example_subdag_operator.py for tasks to queue
[2023-10-29T01:02:49.821+0000] {logging_mixin.py:151} INFO - [2023-10-29T01:02:49.821+0000] {dagbag.py:536} INFO - Filling up the DagBag from /usr/local/lib/python3.10/dist-packages/airflow/example_dags/example_subdag_operator.py
[2023-10-29T01:02:49.843+0000] {processor.py:839} INFO - DAG(s) dict_keys(['example_subdag_operator.section-1', 'example_subdag_operator.section-2', 'example_subdag_operator']) retrieved from /usr/local/lib/python3.10/dist-packages/airflow/example_dags/example_subdag_operator.py
[2023-10-29T01:02:49.858+0000] {logging_mixin.py:151} INFO - [2023-10-29T01:02:49.858+0000] {dag.py:2941} INFO - Sync 3 DAGs
[2023-10-29T01:02:49.878+0000] {logging_mixin.py:151} INFO - [2023-10-29T01:02:49.877+0000] {dag.py:3722} INFO - Setting next_dagrun for example_subdag_operator to 2022-01-01T00:00:00+00:00, run_after=2022-01-01T00:00:00+00:00
[2023-10-29T01:02:49.880+0000] {logging_mixin.py:151} INFO - [2023-10-29T01:02:49.880+0000] {dag.py:3722} INFO - Setting next_dagrun for example_subdag_operator.section-1 to None, run_after=None
[2023-10-29T01:02:49.881+0000] {logging_mixin.py:151} INFO - [2023-10-29T01:02:49.881+0000] {dag.py:3722} INFO - Setting next_dagrun for example_subdag_operator.section-2 to None, run_after=None
[2023-10-29T01:02:49.887+0000] {logging_mixin.py:151} INFO - [2023-10-29T01:02:49.887+0000] {dag.py:2941} INFO - Sync 2 DAGs
[2023-10-29T01:02:49.890+0000] {logging_mixin.py:151} INFO - [2023-10-29T01:02:49.890+0000] {dag.py:3722} INFO - Setting next_dagrun for example_subdag_operator.section-1 to None, run_after=None
[2023-10-29T01:02:49.891+0000] {logging_mixin.py:151} INFO - [2023-10-29T01:02:49.891+0000] {dag.py:3722} INFO - Setting next_dagrun for example_subdag_operator.section-2 to None, run_after=None
[2023-10-29T01:02:49.905+0000] {processor.py:179} INFO - Processing /usr/local/lib/python3.10/dist-packages/airflow/example_dags/example_subdag_operator.py took 0.089 seconds
[2023-10-29T01:03:30.107+0000] {processor.py:157} INFO - Started process (PID=3764) to work on /usr/local/lib/python3.10/dist-packages/airflow/example_dags/example_subdag_operator.py
[2023-10-29T01:03:30.109+0000] {processor.py:829} INFO - Processing file /usr/local/lib/python3.10/dist-packages/airflow/example_dags/example_subdag_operator.py for tasks to queue
[2023-10-29T01:03:30.110+0000] {logging_mixin.py:151} INFO - [2023-10-29T01:03:30.109+0000] {dagbag.py:536} INFO - Filling up the DagBag from /usr/local/lib/python3.10/dist-packages/airflow/example_dags/example_subdag_operator.py
[2023-10-29T01:03:30.131+0000] {processor.py:839} INFO - DAG(s) dict_keys(['example_subdag_operator.section-1', 'example_subdag_operator.section-2', 'example_subdag_operator']) retrieved from /usr/local/lib/python3.10/dist-packages/airflow/example_dags/example_subdag_operator.py
[2023-10-29T01:03:30.147+0000] {logging_mixin.py:151} INFO - [2023-10-29T01:03:30.147+0000] {dag.py:2941} INFO - Sync 3 DAGs
[2023-10-29T01:03:30.167+0000] {logging_mixin.py:151} INFO - [2023-10-29T01:03:30.167+0000] {dag.py:3722} INFO - Setting next_dagrun for example_subdag_operator to 2022-01-01T00:00:00+00:00, run_after=2022-01-01T00:00:00+00:00
[2023-10-29T01:03:30.170+0000] {logging_mixin.py:151} INFO - [2023-10-29T01:03:30.170+0000] {dag.py:3722} INFO - Setting next_dagrun for example_subdag_operator.section-1 to None, run_after=None
[2023-10-29T01:03:30.171+0000] {logging_mixin.py:151} INFO - [2023-10-29T01:03:30.171+0000] {dag.py:3722} INFO - Setting next_dagrun for example_subdag_operator.section-2 to None, run_after=None
[2023-10-29T01:03:30.177+0000] {logging_mixin.py:151} INFO - [2023-10-29T01:03:30.177+0000] {dag.py:2941} INFO - Sync 2 DAGs
[2023-10-29T01:03:30.181+0000] {logging_mixin.py:151} INFO - [2023-10-29T01:03:30.181+0000] {dag.py:3722} INFO - Setting next_dagrun for example_subdag_operator.section-1 to None, run_after=None
[2023-10-29T01:03:30.181+0000] {logging_mixin.py:151} INFO - [2023-10-29T01:03:30.181+0000] {dag.py:3722} INFO - Setting next_dagrun for example_subdag_operator.section-2 to None, run_after=None
[2023-10-29T01:03:30.196+0000] {processor.py:179} INFO - Processing /usr/local/lib/python3.10/dist-packages/airflow/example_dags/example_subdag_operator.py took 0.092 seconds
[2023-10-29T01:04:13.551+0000] {processor.py:157} INFO - Started process (PID=3810) to work on /usr/local/lib/python3.10/dist-packages/airflow/example_dags/example_subdag_operator.py
[2023-10-29T01:04:13.553+0000] {processor.py:829} INFO - Processing file /usr/local/lib/python3.10/dist-packages/airflow/example_dags/example_subdag_operator.py for tasks to queue
[2023-10-29T01:04:13.554+0000] {logging_mixin.py:151} INFO - [2023-10-29T01:04:13.553+0000] {dagbag.py:536} INFO - Filling up the DagBag from /usr/local/lib/python3.10/dist-packages/airflow/example_dags/example_subdag_operator.py
[2023-10-29T01:04:13.575+0000] {processor.py:839} INFO - DAG(s) dict_keys(['example_subdag_operator.section-1', 'example_subdag_operator.section-2', 'example_subdag_operator']) retrieved from /usr/local/lib/python3.10/dist-packages/airflow/example_dags/example_subdag_operator.py
[2023-10-29T01:04:13.591+0000] {logging_mixin.py:151} INFO - [2023-10-29T01:04:13.591+0000] {dag.py:2941} INFO - Sync 3 DAGs
[2023-10-29T01:04:13.610+0000] {logging_mixin.py:151} INFO - [2023-10-29T01:04:13.610+0000] {dag.py:3722} INFO - Setting next_dagrun for example_subdag_operator to 2022-01-01T00:00:00+00:00, run_after=2022-01-01T00:00:00+00:00
[2023-10-29T01:04:13.613+0000] {logging_mixin.py:151} INFO - [2023-10-29T01:04:13.613+0000] {dag.py:3722} INFO - Setting next_dagrun for example_subdag_operator.section-1 to None, run_after=None
[2023-10-29T01:04:13.614+0000] {logging_mixin.py:151} INFO - [2023-10-29T01:04:13.614+0000] {dag.py:3722} INFO - Setting next_dagrun for example_subdag_operator.section-2 to None, run_after=None
[2023-10-29T01:04:13.619+0000] {logging_mixin.py:151} INFO - [2023-10-29T01:04:13.619+0000] {dag.py:2941} INFO - Sync 2 DAGs
[2023-10-29T01:04:13.623+0000] {logging_mixin.py:151} INFO - [2023-10-29T01:04:13.623+0000] {dag.py:3722} INFO - Setting next_dagrun for example_subdag_operator.section-1 to None, run_after=None
[2023-10-29T01:04:13.623+0000] {logging_mixin.py:151} INFO - [2023-10-29T01:04:13.623+0000] {dag.py:3722} INFO - Setting next_dagrun for example_subdag_operator.section-2 to None, run_after=None
[2023-10-29T01:04:13.638+0000] {processor.py:179} INFO - Processing /usr/local/lib/python3.10/dist-packages/airflow/example_dags/example_subdag_operator.py took 0.090 seconds
[2023-10-29T01:04:53.593+0000] {processor.py:157} INFO - Started process (PID=3852) to work on /usr/local/lib/python3.10/dist-packages/airflow/example_dags/example_subdag_operator.py
[2023-10-29T01:04:53.594+0000] {processor.py:829} INFO - Processing file /usr/local/lib/python3.10/dist-packages/airflow/example_dags/example_subdag_operator.py for tasks to queue
[2023-10-29T01:04:53.595+0000] {logging_mixin.py:151} INFO - [2023-10-29T01:04:53.594+0000] {dagbag.py:536} INFO - Filling up the DagBag from /usr/local/lib/python3.10/dist-packages/airflow/example_dags/example_subdag_operator.py
[2023-10-29T01:04:53.616+0000] {processor.py:839} INFO - DAG(s) dict_keys(['example_subdag_operator.section-1', 'example_subdag_operator.section-2', 'example_subdag_operator']) retrieved from /usr/local/lib/python3.10/dist-packages/airflow/example_dags/example_subdag_operator.py
[2023-10-29T01:04:53.632+0000] {logging_mixin.py:151} INFO - [2023-10-29T01:04:53.632+0000] {dag.py:2941} INFO - Sync 3 DAGs
[2023-10-29T01:04:53.652+0000] {logging_mixin.py:151} INFO - [2023-10-29T01:04:53.652+0000] {dag.py:3722} INFO - Setting next_dagrun for example_subdag_operator to 2022-01-01T00:00:00+00:00, run_after=2022-01-01T00:00:00+00:00
[2023-10-29T01:04:53.655+0000] {logging_mixin.py:151} INFO - [2023-10-29T01:04:53.655+0000] {dag.py:3722} INFO - Setting next_dagrun for example_subdag_operator.section-1 to None, run_after=None
[2023-10-29T01:04:53.656+0000] {logging_mixin.py:151} INFO - [2023-10-29T01:04:53.655+0000] {dag.py:3722} INFO - Setting next_dagrun for example_subdag_operator.section-2 to None, run_after=None
[2023-10-29T01:04:53.661+0000] {logging_mixin.py:151} INFO - [2023-10-29T01:04:53.661+0000] {dag.py:2941} INFO - Sync 2 DAGs
[2023-10-29T01:04:53.665+0000] {logging_mixin.py:151} INFO - [2023-10-29T01:04:53.665+0000] {dag.py:3722} INFO - Setting next_dagrun for example_subdag_operator.section-1 to None, run_after=None
[2023-10-29T01:04:53.665+0000] {logging_mixin.py:151} INFO - [2023-10-29T01:04:53.665+0000] {dag.py:3722} INFO - Setting next_dagrun for example_subdag_operator.section-2 to None, run_after=None
[2023-10-29T01:04:53.680+0000] {processor.py:179} INFO - Processing /usr/local/lib/python3.10/dist-packages/airflow/example_dags/example_subdag_operator.py took 0.091 seconds
[2023-10-29T01:05:39.856+0000] {processor.py:157} INFO - Started process (PID=3900) to work on /usr/local/lib/python3.10/dist-packages/airflow/example_dags/example_subdag_operator.py
[2023-10-29T01:05:39.857+0000] {processor.py:829} INFO - Processing file /usr/local/lib/python3.10/dist-packages/airflow/example_dags/example_subdag_operator.py for tasks to queue
[2023-10-29T01:05:39.858+0000] {logging_mixin.py:151} INFO - [2023-10-29T01:05:39.858+0000] {dagbag.py:536} INFO - Filling up the DagBag from /usr/local/lib/python3.10/dist-packages/airflow/example_dags/example_subdag_operator.py
[2023-10-29T01:05:39.879+0000] {processor.py:839} INFO - DAG(s) dict_keys(['example_subdag_operator.section-1', 'example_subdag_operator.section-2', 'example_subdag_operator']) retrieved from /usr/local/lib/python3.10/dist-packages/airflow/example_dags/example_subdag_operator.py
[2023-10-29T01:05:39.895+0000] {logging_mixin.py:151} INFO - [2023-10-29T01:05:39.895+0000] {dag.py:2941} INFO - Sync 3 DAGs
[2023-10-29T01:05:39.914+0000] {logging_mixin.py:151} INFO - [2023-10-29T01:05:39.914+0000] {dag.py:3722} INFO - Setting next_dagrun for example_subdag_operator to 2022-01-01T00:00:00+00:00, run_after=2022-01-01T00:00:00+00:00
[2023-10-29T01:05:39.917+0000] {logging_mixin.py:151} INFO - [2023-10-29T01:05:39.917+0000] {dag.py:3722} INFO - Setting next_dagrun for example_subdag_operator.section-1 to None, run_after=None
[2023-10-29T01:05:39.918+0000] {logging_mixin.py:151} INFO - [2023-10-29T01:05:39.918+0000] {dag.py:3722} INFO - Setting next_dagrun for example_subdag_operator.section-2 to None, run_after=None
[2023-10-29T01:05:39.924+0000] {logging_mixin.py:151} INFO - [2023-10-29T01:05:39.923+0000] {dag.py:2941} INFO - Sync 2 DAGs
[2023-10-29T01:05:39.927+0000] {logging_mixin.py:151} INFO - [2023-10-29T01:05:39.927+0000] {dag.py:3722} INFO - Setting next_dagrun for example_subdag_operator.section-1 to None, run_after=None
[2023-10-29T01:05:39.928+0000] {logging_mixin.py:151} INFO - [2023-10-29T01:05:39.928+0000] {dag.py:3722} INFO - Setting next_dagrun for example_subdag_operator.section-2 to None, run_after=None
[2023-10-29T01:05:39.943+0000] {processor.py:179} INFO - Processing /usr/local/lib/python3.10/dist-packages/airflow/example_dags/example_subdag_operator.py took 0.090 seconds
[2023-10-29T01:06:24.916+0000] {processor.py:157} INFO - Started process (PID=3948) to work on /usr/local/lib/python3.10/dist-packages/airflow/example_dags/example_subdag_operator.py
[2023-10-29T01:06:24.917+0000] {processor.py:829} INFO - Processing file /usr/local/lib/python3.10/dist-packages/airflow/example_dags/example_subdag_operator.py for tasks to queue
[2023-10-29T01:06:24.918+0000] {logging_mixin.py:151} INFO - [2023-10-29T01:06:24.918+0000] {dagbag.py:536} INFO - Filling up the DagBag from /usr/local/lib/python3.10/dist-packages/airflow/example_dags/example_subdag_operator.py
[2023-10-29T01:06:24.942+0000] {processor.py:839} INFO - DAG(s) dict_keys(['example_subdag_operator.section-1', 'example_subdag_operator.section-2', 'example_subdag_operator']) retrieved from /usr/local/lib/python3.10/dist-packages/airflow/example_dags/example_subdag_operator.py
[2023-10-29T01:06:24.959+0000] {logging_mixin.py:151} INFO - [2023-10-29T01:06:24.959+0000] {dag.py:2941} INFO - Sync 3 DAGs
[2023-10-29T01:06:24.982+0000] {logging_mixin.py:151} INFO - [2023-10-29T01:06:24.982+0000] {dag.py:3722} INFO - Setting next_dagrun for example_subdag_operator to 2022-01-01T00:00:00+00:00, run_after=2022-01-01T00:00:00+00:00
[2023-10-29T01:06:24.986+0000] {logging_mixin.py:151} INFO - [2023-10-29T01:06:24.986+0000] {dag.py:3722} INFO - Setting next_dagrun for example_subdag_operator.section-1 to None, run_after=None
[2023-10-29T01:06:24.987+0000] {logging_mixin.py:151} INFO - [2023-10-29T01:06:24.987+0000] {dag.py:3722} INFO - Setting next_dagrun for example_subdag_operator.section-2 to None, run_after=None
[2023-10-29T01:06:24.993+0000] {logging_mixin.py:151} INFO - [2023-10-29T01:06:24.993+0000] {dag.py:2941} INFO - Sync 2 DAGs
[2023-10-29T01:06:24.998+0000] {logging_mixin.py:151} INFO - [2023-10-29T01:06:24.998+0000] {dag.py:3722} INFO - Setting next_dagrun for example_subdag_operator.section-1 to None, run_after=None
[2023-10-29T01:06:24.998+0000] {logging_mixin.py:151} INFO - [2023-10-29T01:06:24.998+0000] {dag.py:3722} INFO - Setting next_dagrun for example_subdag_operator.section-2 to None, run_after=None
[2023-10-29T01:06:25.016+0000] {processor.py:179} INFO - Processing /usr/local/lib/python3.10/dist-packages/airflow/example_dags/example_subdag_operator.py took 0.103 seconds
[2023-10-29T01:07:06.989+0000] {processor.py:157} INFO - Started process (PID=3994) to work on /usr/local/lib/python3.10/dist-packages/airflow/example_dags/example_subdag_operator.py
[2023-10-29T01:07:06.991+0000] {processor.py:829} INFO - Processing file /usr/local/lib/python3.10/dist-packages/airflow/example_dags/example_subdag_operator.py for tasks to queue
[2023-10-29T01:07:06.991+0000] {logging_mixin.py:151} INFO - [2023-10-29T01:07:06.991+0000] {dagbag.py:536} INFO - Filling up the DagBag from /usr/local/lib/python3.10/dist-packages/airflow/example_dags/example_subdag_operator.py
[2023-10-29T01:07:07.013+0000] {processor.py:839} INFO - DAG(s) dict_keys(['example_subdag_operator.section-1', 'example_subdag_operator.section-2', 'example_subdag_operator']) retrieved from /usr/local/lib/python3.10/dist-packages/airflow/example_dags/example_subdag_operator.py
[2023-10-29T01:07:07.029+0000] {logging_mixin.py:151} INFO - [2023-10-29T01:07:07.029+0000] {dag.py:2941} INFO - Sync 3 DAGs
[2023-10-29T01:07:07.048+0000] {logging_mixin.py:151} INFO - [2023-10-29T01:07:07.048+0000] {dag.py:3722} INFO - Setting next_dagrun for example_subdag_operator to 2022-01-01T00:00:00+00:00, run_after=2022-01-01T00:00:00+00:00
[2023-10-29T01:07:07.051+0000] {logging_mixin.py:151} INFO - [2023-10-29T01:07:07.051+0000] {dag.py:3722} INFO - Setting next_dagrun for example_subdag_operator.section-1 to None, run_after=None
[2023-10-29T01:07:07.052+0000] {logging_mixin.py:151} INFO - [2023-10-29T01:07:07.052+0000] {dag.py:3722} INFO - Setting next_dagrun for example_subdag_operator.section-2 to None, run_after=None
[2023-10-29T01:07:07.057+0000] {logging_mixin.py:151} INFO - [2023-10-29T01:07:07.057+0000] {dag.py:2941} INFO - Sync 2 DAGs
[2023-10-29T01:07:07.061+0000] {logging_mixin.py:151} INFO - [2023-10-29T01:07:07.061+0000] {dag.py:3722} INFO - Setting next_dagrun for example_subdag_operator.section-1 to None, run_after=None
[2023-10-29T01:07:07.062+0000] {logging_mixin.py:151} INFO - [2023-10-29T01:07:07.062+0000] {dag.py:3722} INFO - Setting next_dagrun for example_subdag_operator.section-2 to None, run_after=None
[2023-10-29T01:07:07.076+0000] {processor.py:179} INFO - Processing /usr/local/lib/python3.10/dist-packages/airflow/example_dags/example_subdag_operator.py took 0.090 seconds
[2023-10-29T01:07:48.165+0000] {processor.py:157} INFO - Started process (PID=4035) to work on /usr/local/lib/python3.10/dist-packages/airflow/example_dags/example_subdag_operator.py
[2023-10-29T01:07:48.167+0000] {processor.py:829} INFO - Processing file /usr/local/lib/python3.10/dist-packages/airflow/example_dags/example_subdag_operator.py for tasks to queue
[2023-10-29T01:07:48.168+0000] {logging_mixin.py:151} INFO - [2023-10-29T01:07:48.167+0000] {dagbag.py:536} INFO - Filling up the DagBag from /usr/local/lib/python3.10/dist-packages/airflow/example_dags/example_subdag_operator.py
[2023-10-29T01:07:48.189+0000] {processor.py:839} INFO - DAG(s) dict_keys(['example_subdag_operator.section-1', 'example_subdag_operator.section-2', 'example_subdag_operator']) retrieved from /usr/local/lib/python3.10/dist-packages/airflow/example_dags/example_subdag_operator.py
[2023-10-29T01:07:48.205+0000] {logging_mixin.py:151} INFO - [2023-10-29T01:07:48.205+0000] {dag.py:2941} INFO - Sync 3 DAGs
[2023-10-29T01:07:48.225+0000] {logging_mixin.py:151} INFO - [2023-10-29T01:07:48.224+0000] {dag.py:3722} INFO - Setting next_dagrun for example_subdag_operator to 2022-01-01T00:00:00+00:00, run_after=2022-01-01T00:00:00+00:00
[2023-10-29T01:07:48.227+0000] {logging_mixin.py:151} INFO - [2023-10-29T01:07:48.227+0000] {dag.py:3722} INFO - Setting next_dagrun for example_subdag_operator.section-1 to None, run_after=None
[2023-10-29T01:07:48.228+0000] {logging_mixin.py:151} INFO - [2023-10-29T01:07:48.228+0000] {dag.py:3722} INFO - Setting next_dagrun for example_subdag_operator.section-2 to None, run_after=None
[2023-10-29T01:07:48.234+0000] {logging_mixin.py:151} INFO - [2023-10-29T01:07:48.234+0000] {dag.py:2941} INFO - Sync 2 DAGs
[2023-10-29T01:07:48.238+0000] {logging_mixin.py:151} INFO - [2023-10-29T01:07:48.238+0000] {dag.py:3722} INFO - Setting next_dagrun for example_subdag_operator.section-1 to None, run_after=None
[2023-10-29T01:07:48.238+0000] {logging_mixin.py:151} INFO - [2023-10-29T01:07:48.238+0000] {dag.py:3722} INFO - Setting next_dagrun for example_subdag_operator.section-2 to None, run_after=None
[2023-10-29T01:07:48.253+0000] {processor.py:179} INFO - Processing /usr/local/lib/python3.10/dist-packages/airflow/example_dags/example_subdag_operator.py took 0.091 seconds
[2023-10-29T01:08:36.165+0000] {processor.py:157} INFO - Started process (PID=4084) to work on /usr/local/lib/python3.10/dist-packages/airflow/example_dags/example_subdag_operator.py
[2023-10-29T01:08:36.166+0000] {processor.py:829} INFO - Processing file /usr/local/lib/python3.10/dist-packages/airflow/example_dags/example_subdag_operator.py for tasks to queue
[2023-10-29T01:08:36.167+0000] {logging_mixin.py:151} INFO - [2023-10-29T01:08:36.167+0000] {dagbag.py:536} INFO - Filling up the DagBag from /usr/local/lib/python3.10/dist-packages/airflow/example_dags/example_subdag_operator.py
[2023-10-29T01:08:36.189+0000] {processor.py:839} INFO - DAG(s) dict_keys(['example_subdag_operator.section-1', 'example_subdag_operator.section-2', 'example_subdag_operator']) retrieved from /usr/local/lib/python3.10/dist-packages/airflow/example_dags/example_subdag_operator.py
[2023-10-29T01:08:36.205+0000] {logging_mixin.py:151} INFO - [2023-10-29T01:08:36.205+0000] {dag.py:2941} INFO - Sync 3 DAGs
[2023-10-29T01:08:36.225+0000] {logging_mixin.py:151} INFO - [2023-10-29T01:08:36.225+0000] {dag.py:3722} INFO - Setting next_dagrun for example_subdag_operator to 2022-01-01T00:00:00+00:00, run_after=2022-01-01T00:00:00+00:00
[2023-10-29T01:08:36.228+0000] {logging_mixin.py:151} INFO - [2023-10-29T01:08:36.228+0000] {dag.py:3722} INFO - Setting next_dagrun for example_subdag_operator.section-1 to None, run_after=None
[2023-10-29T01:08:36.229+0000] {logging_mixin.py:151} INFO - [2023-10-29T01:08:36.229+0000] {dag.py:3722} INFO - Setting next_dagrun for example_subdag_operator.section-2 to None, run_after=None
[2023-10-29T01:08:36.235+0000] {logging_mixin.py:151} INFO - [2023-10-29T01:08:36.234+0000] {dag.py:2941} INFO - Sync 2 DAGs
[2023-10-29T01:08:36.239+0000] {logging_mixin.py:151} INFO - [2023-10-29T01:08:36.238+0000] {dag.py:3722} INFO - Setting next_dagrun for example_subdag_operator.section-1 to None, run_after=None
[2023-10-29T01:08:36.239+0000] {logging_mixin.py:151} INFO - [2023-10-29T01:08:36.239+0000] {dag.py:3722} INFO - Setting next_dagrun for example_subdag_operator.section-2 to None, run_after=None
[2023-10-29T01:08:36.254+0000] {processor.py:179} INFO - Processing /usr/local/lib/python3.10/dist-packages/airflow/example_dags/example_subdag_operator.py took 0.093 seconds
[2023-10-29T01:09:24.002+0000] {processor.py:157} INFO - Started process (PID=4132) to work on /usr/local/lib/python3.10/dist-packages/airflow/example_dags/example_subdag_operator.py
[2023-10-29T01:09:24.003+0000] {processor.py:829} INFO - Processing file /usr/local/lib/python3.10/dist-packages/airflow/example_dags/example_subdag_operator.py for tasks to queue
[2023-10-29T01:09:24.004+0000] {logging_mixin.py:151} INFO - [2023-10-29T01:09:24.004+0000] {dagbag.py:536} INFO - Filling up the DagBag from /usr/local/lib/python3.10/dist-packages/airflow/example_dags/example_subdag_operator.py
[2023-10-29T01:09:24.026+0000] {processor.py:839} INFO - DAG(s) dict_keys(['example_subdag_operator.section-1', 'example_subdag_operator.section-2', 'example_subdag_operator']) retrieved from /usr/local/lib/python3.10/dist-packages/airflow/example_dags/example_subdag_operator.py
[2023-10-29T01:09:24.042+0000] {logging_mixin.py:151} INFO - [2023-10-29T01:09:24.041+0000] {dag.py:2941} INFO - Sync 3 DAGs
[2023-10-29T01:09:24.061+0000] {logging_mixin.py:151} INFO - [2023-10-29T01:09:24.061+0000] {dag.py:3722} INFO - Setting next_dagrun for example_subdag_operator to 2022-01-01T00:00:00+00:00, run_after=2022-01-01T00:00:00+00:00
[2023-10-29T01:09:24.064+0000] {logging_mixin.py:151} INFO - [2023-10-29T01:09:24.064+0000] {dag.py:3722} INFO - Setting next_dagrun for example_subdag_operator.section-1 to None, run_after=None
[2023-10-29T01:09:24.065+0000] {logging_mixin.py:151} INFO - [2023-10-29T01:09:24.065+0000] {dag.py:3722} INFO - Setting next_dagrun for example_subdag_operator.section-2 to None, run_after=None
[2023-10-29T01:09:24.071+0000] {logging_mixin.py:151} INFO - [2023-10-29T01:09:24.071+0000] {dag.py:2941} INFO - Sync 2 DAGs
[2023-10-29T01:09:24.075+0000] {logging_mixin.py:151} INFO - [2023-10-29T01:09:24.075+0000] {dag.py:3722} INFO - Setting next_dagrun for example_subdag_operator.section-1 to None, run_after=None
[2023-10-29T01:09:24.075+0000] {logging_mixin.py:151} INFO - [2023-10-29T01:09:24.075+0000] {dag.py:3722} INFO - Setting next_dagrun for example_subdag_operator.section-2 to None, run_after=None
[2023-10-29T01:09:24.090+0000] {processor.py:179} INFO - Processing /usr/local/lib/python3.10/dist-packages/airflow/example_dags/example_subdag_operator.py took 0.092 seconds
[2023-10-29T01:10:11.896+0000] {processor.py:157} INFO - Started process (PID=4180) to work on /usr/local/lib/python3.10/dist-packages/airflow/example_dags/example_subdag_operator.py
[2023-10-29T01:10:11.898+0000] {processor.py:829} INFO - Processing file /usr/local/lib/python3.10/dist-packages/airflow/example_dags/example_subdag_operator.py for tasks to queue
[2023-10-29T01:10:11.898+0000] {logging_mixin.py:151} INFO - [2023-10-29T01:10:11.898+0000] {dagbag.py:536} INFO - Filling up the DagBag from /usr/local/lib/python3.10/dist-packages/airflow/example_dags/example_subdag_operator.py
[2023-10-29T01:10:11.921+0000] {processor.py:839} INFO - DAG(s) dict_keys(['example_subdag_operator.section-1', 'example_subdag_operator.section-2', 'example_subdag_operator']) retrieved from /usr/local/lib/python3.10/dist-packages/airflow/example_dags/example_subdag_operator.py
[2023-10-29T01:10:11.937+0000] {logging_mixin.py:151} INFO - [2023-10-29T01:10:11.937+0000] {dag.py:2941} INFO - Sync 3 DAGs
[2023-10-29T01:10:11.956+0000] {logging_mixin.py:151} INFO - [2023-10-29T01:10:11.956+0000] {dag.py:3722} INFO - Setting next_dagrun for example_subdag_operator to 2022-01-01T00:00:00+00:00, run_after=2022-01-01T00:00:00+00:00
[2023-10-29T01:10:11.959+0000] {logging_mixin.py:151} INFO - [2023-10-29T01:10:11.959+0000] {dag.py:3722} INFO - Setting next_dagrun for example_subdag_operator.section-1 to None, run_after=None
[2023-10-29T01:10:11.960+0000] {logging_mixin.py:151} INFO - [2023-10-29T01:10:11.960+0000] {dag.py:3722} INFO - Setting next_dagrun for example_subdag_operator.section-2 to None, run_after=None
[2023-10-29T01:10:11.967+0000] {logging_mixin.py:151} INFO - [2023-10-29T01:10:11.966+0000] {dag.py:2941} INFO - Sync 2 DAGs
[2023-10-29T01:10:11.970+0000] {logging_mixin.py:151} INFO - [2023-10-29T01:10:11.970+0000] {dag.py:3722} INFO - Setting next_dagrun for example_subdag_operator.section-1 to None, run_after=None
[2023-10-29T01:10:11.971+0000] {logging_mixin.py:151} INFO - [2023-10-29T01:10:11.971+0000] {dag.py:3722} INFO - Setting next_dagrun for example_subdag_operator.section-2 to None, run_after=None
[2023-10-29T01:10:11.986+0000] {processor.py:179} INFO - Processing /usr/local/lib/python3.10/dist-packages/airflow/example_dags/example_subdag_operator.py took 0.092 seconds
[2023-10-29T01:10:58.318+0000] {processor.py:157} INFO - Started process (PID=4228) to work on /usr/local/lib/python3.10/dist-packages/airflow/example_dags/example_subdag_operator.py
[2023-10-29T01:10:58.319+0000] {processor.py:829} INFO - Processing file /usr/local/lib/python3.10/dist-packages/airflow/example_dags/example_subdag_operator.py for tasks to queue
[2023-10-29T01:10:58.320+0000] {logging_mixin.py:151} INFO - [2023-10-29T01:10:58.319+0000] {dagbag.py:536} INFO - Filling up the DagBag from /usr/local/lib/python3.10/dist-packages/airflow/example_dags/example_subdag_operator.py
[2023-10-29T01:10:58.341+0000] {processor.py:839} INFO - DAG(s) dict_keys(['example_subdag_operator.section-1', 'example_subdag_operator.section-2', 'example_subdag_operator']) retrieved from /usr/local/lib/python3.10/dist-packages/airflow/example_dags/example_subdag_operator.py
[2023-10-29T01:10:58.357+0000] {logging_mixin.py:151} INFO - [2023-10-29T01:10:58.357+0000] {dag.py:2941} INFO - Sync 3 DAGs
[2023-10-29T01:10:58.376+0000] {logging_mixin.py:151} INFO - [2023-10-29T01:10:58.376+0000] {dag.py:3722} INFO - Setting next_dagrun for example_subdag_operator to 2022-01-01T00:00:00+00:00, run_after=2022-01-01T00:00:00+00:00
[2023-10-29T01:10:58.380+0000] {logging_mixin.py:151} INFO - [2023-10-29T01:10:58.379+0000] {dag.py:3722} INFO - Setting next_dagrun for example_subdag_operator.section-1 to None, run_after=None
[2023-10-29T01:10:58.380+0000] {logging_mixin.py:151} INFO - [2023-10-29T01:10:58.380+0000] {dag.py:3722} INFO - Setting next_dagrun for example_subdag_operator.section-2 to None, run_after=None
[2023-10-29T01:10:58.386+0000] {logging_mixin.py:151} INFO - [2023-10-29T01:10:58.386+0000] {dag.py:2941} INFO - Sync 2 DAGs
[2023-10-29T01:10:58.390+0000] {logging_mixin.py:151} INFO - [2023-10-29T01:10:58.390+0000] {dag.py:3722} INFO - Setting next_dagrun for example_subdag_operator.section-1 to None, run_after=None
[2023-10-29T01:10:58.390+0000] {logging_mixin.py:151} INFO - [2023-10-29T01:10:58.390+0000] {dag.py:3722} INFO - Setting next_dagrun for example_subdag_operator.section-2 to None, run_after=None
[2023-10-29T01:10:58.404+0000] {processor.py:179} INFO - Processing /usr/local/lib/python3.10/dist-packages/airflow/example_dags/example_subdag_operator.py took 0.090 seconds
[2023-10-29T01:11:43.598+0000] {processor.py:157} INFO - Started process (PID=4650) to work on /usr/local/lib/python3.10/dist-packages/airflow/example_dags/example_subdag_operator.py
[2023-10-29T01:11:43.599+0000] {processor.py:829} INFO - Processing file /usr/local/lib/python3.10/dist-packages/airflow/example_dags/example_subdag_operator.py for tasks to queue
[2023-10-29T01:11:43.600+0000] {logging_mixin.py:151} INFO - [2023-10-29T01:11:43.600+0000] {dagbag.py:536} INFO - Filling up the DagBag from /usr/local/lib/python3.10/dist-packages/airflow/example_dags/example_subdag_operator.py
[2023-10-29T01:11:43.623+0000] {processor.py:839} INFO - DAG(s) dict_keys(['example_subdag_operator.section-1', 'example_subdag_operator.section-2', 'example_subdag_operator']) retrieved from /usr/local/lib/python3.10/dist-packages/airflow/example_dags/example_subdag_operator.py
[2023-10-29T01:11:43.641+0000] {logging_mixin.py:151} INFO - [2023-10-29T01:11:43.640+0000] {dag.py:2941} INFO - Sync 3 DAGs
[2023-10-29T01:11:43.663+0000] {logging_mixin.py:151} INFO - [2023-10-29T01:11:43.663+0000] {dag.py:3722} INFO - Setting next_dagrun for example_subdag_operator to 2022-01-01T00:00:00+00:00, run_after=2022-01-01T00:00:00+00:00
[2023-10-29T01:11:43.666+0000] {logging_mixin.py:151} INFO - [2023-10-29T01:11:43.666+0000] {dag.py:3722} INFO - Setting next_dagrun for example_subdag_operator.section-1 to None, run_after=None
[2023-10-29T01:11:43.667+0000] {logging_mixin.py:151} INFO - [2023-10-29T01:11:43.667+0000] {dag.py:3722} INFO - Setting next_dagrun for example_subdag_operator.section-2 to None, run_after=None
[2023-10-29T01:11:43.673+0000] {logging_mixin.py:151} INFO - [2023-10-29T01:11:43.673+0000] {dag.py:2941} INFO - Sync 2 DAGs
[2023-10-29T01:11:43.678+0000] {logging_mixin.py:151} INFO - [2023-10-29T01:11:43.678+0000] {dag.py:3722} INFO - Setting next_dagrun for example_subdag_operator.section-1 to None, run_after=None
[2023-10-29T01:11:43.678+0000] {logging_mixin.py:151} INFO - [2023-10-29T01:11:43.678+0000] {dag.py:3722} INFO - Setting next_dagrun for example_subdag_operator.section-2 to None, run_after=None
[2023-10-29T01:11:43.695+0000] {processor.py:179} INFO - Processing /usr/local/lib/python3.10/dist-packages/airflow/example_dags/example_subdag_operator.py took 0.100 seconds
[2023-10-29T01:12:30.287+0000] {processor.py:157} INFO - Started process (PID=4698) to work on /usr/local/lib/python3.10/dist-packages/airflow/example_dags/example_subdag_operator.py
[2023-10-29T01:12:30.288+0000] {processor.py:829} INFO - Processing file /usr/local/lib/python3.10/dist-packages/airflow/example_dags/example_subdag_operator.py for tasks to queue
[2023-10-29T01:12:30.289+0000] {logging_mixin.py:151} INFO - [2023-10-29T01:12:30.289+0000] {dagbag.py:536} INFO - Filling up the DagBag from /usr/local/lib/python3.10/dist-packages/airflow/example_dags/example_subdag_operator.py
[2023-10-29T01:12:30.311+0000] {processor.py:839} INFO - DAG(s) dict_keys(['example_subdag_operator.section-1', 'example_subdag_operator.section-2', 'example_subdag_operator']) retrieved from /usr/local/lib/python3.10/dist-packages/airflow/example_dags/example_subdag_operator.py
[2023-10-29T01:12:30.327+0000] {logging_mixin.py:151} INFO - [2023-10-29T01:12:30.327+0000] {dag.py:2941} INFO - Sync 3 DAGs
[2023-10-29T01:12:30.346+0000] {logging_mixin.py:151} INFO - [2023-10-29T01:12:30.346+0000] {dag.py:3722} INFO - Setting next_dagrun for example_subdag_operator to 2022-01-01T00:00:00+00:00, run_after=2022-01-01T00:00:00+00:00
[2023-10-29T01:12:30.349+0000] {logging_mixin.py:151} INFO - [2023-10-29T01:12:30.349+0000] {dag.py:3722} INFO - Setting next_dagrun for example_subdag_operator.section-1 to None, run_after=None
[2023-10-29T01:12:30.350+0000] {logging_mixin.py:151} INFO - [2023-10-29T01:12:30.350+0000] {dag.py:3722} INFO - Setting next_dagrun for example_subdag_operator.section-2 to None, run_after=None
[2023-10-29T01:12:30.356+0000] {logging_mixin.py:151} INFO - [2023-10-29T01:12:30.356+0000] {dag.py:2941} INFO - Sync 2 DAGs
[2023-10-29T01:12:30.360+0000] {logging_mixin.py:151} INFO - [2023-10-29T01:12:30.360+0000] {dag.py:3722} INFO - Setting next_dagrun for example_subdag_operator.section-1 to None, run_after=None
[2023-10-29T01:12:30.360+0000] {logging_mixin.py:151} INFO - [2023-10-29T01:12:30.360+0000] {dag.py:3722} INFO - Setting next_dagrun for example_subdag_operator.section-2 to None, run_after=None
[2023-10-29T01:12:30.376+0000] {processor.py:179} INFO - Processing /usr/local/lib/python3.10/dist-packages/airflow/example_dags/example_subdag_operator.py took 0.093 seconds
[2023-10-29T01:13:10.438+0000] {processor.py:157} INFO - Started process (PID=4746) to work on /usr/local/lib/python3.10/dist-packages/airflow/example_dags/example_subdag_operator.py
[2023-10-29T01:13:10.439+0000] {processor.py:829} INFO - Processing file /usr/local/lib/python3.10/dist-packages/airflow/example_dags/example_subdag_operator.py for tasks to queue
[2023-10-29T01:13:10.440+0000] {logging_mixin.py:151} INFO - [2023-10-29T01:13:10.440+0000] {dagbag.py:536} INFO - Filling up the DagBag from /usr/local/lib/python3.10/dist-packages/airflow/example_dags/example_subdag_operator.py
[2023-10-29T01:13:10.461+0000] {processor.py:839} INFO - DAG(s) dict_keys(['example_subdag_operator.section-1', 'example_subdag_operator.section-2', 'example_subdag_operator']) retrieved from /usr/local/lib/python3.10/dist-packages/airflow/example_dags/example_subdag_operator.py
[2023-10-29T01:13:10.477+0000] {logging_mixin.py:151} INFO - [2023-10-29T01:13:10.477+0000] {dag.py:2941} INFO - Sync 3 DAGs
[2023-10-29T01:13:10.497+0000] {logging_mixin.py:151} INFO - [2023-10-29T01:13:10.497+0000] {dag.py:3722} INFO - Setting next_dagrun for example_subdag_operator to 2022-01-01T00:00:00+00:00, run_after=2022-01-01T00:00:00+00:00
[2023-10-29T01:13:10.500+0000] {logging_mixin.py:151} INFO - [2023-10-29T01:13:10.500+0000] {dag.py:3722} INFO - Setting next_dagrun for example_subdag_operator.section-1 to None, run_after=None
[2023-10-29T01:13:10.501+0000] {logging_mixin.py:151} INFO - [2023-10-29T01:13:10.501+0000] {dag.py:3722} INFO - Setting next_dagrun for example_subdag_operator.section-2 to None, run_after=None
[2023-10-29T01:13:10.506+0000] {logging_mixin.py:151} INFO - [2023-10-29T01:13:10.506+0000] {dag.py:2941} INFO - Sync 2 DAGs
[2023-10-29T01:13:10.510+0000] {logging_mixin.py:151} INFO - [2023-10-29T01:13:10.510+0000] {dag.py:3722} INFO - Setting next_dagrun for example_subdag_operator.section-1 to None, run_after=None
[2023-10-29T01:13:10.511+0000] {logging_mixin.py:151} INFO - [2023-10-29T01:13:10.511+0000] {dag.py:3722} INFO - Setting next_dagrun for example_subdag_operator.section-2 to None, run_after=None
[2023-10-29T01:13:10.525+0000] {processor.py:179} INFO - Processing /usr/local/lib/python3.10/dist-packages/airflow/example_dags/example_subdag_operator.py took 0.090 seconds
[2023-10-29T01:13:50.452+0000] {processor.py:157} INFO - Started process (PID=4791) to work on /usr/local/lib/python3.10/dist-packages/airflow/example_dags/example_subdag_operator.py
[2023-10-29T01:13:50.454+0000] {processor.py:829} INFO - Processing file /usr/local/lib/python3.10/dist-packages/airflow/example_dags/example_subdag_operator.py for tasks to queue
[2023-10-29T01:13:50.455+0000] {logging_mixin.py:151} INFO - [2023-10-29T01:13:50.454+0000] {dagbag.py:536} INFO - Filling up the DagBag from /usr/local/lib/python3.10/dist-packages/airflow/example_dags/example_subdag_operator.py
[2023-10-29T01:13:50.476+0000] {processor.py:839} INFO - DAG(s) dict_keys(['example_subdag_operator.section-1', 'example_subdag_operator.section-2', 'example_subdag_operator']) retrieved from /usr/local/lib/python3.10/dist-packages/airflow/example_dags/example_subdag_operator.py
[2023-10-29T01:13:50.492+0000] {logging_mixin.py:151} INFO - [2023-10-29T01:13:50.492+0000] {dag.py:2941} INFO - Sync 3 DAGs
[2023-10-29T01:13:50.511+0000] {logging_mixin.py:151} INFO - [2023-10-29T01:13:50.511+0000] {dag.py:3722} INFO - Setting next_dagrun for example_subdag_operator to 2022-01-01T00:00:00+00:00, run_after=2022-01-01T00:00:00+00:00
[2023-10-29T01:13:50.514+0000] {logging_mixin.py:151} INFO - [2023-10-29T01:13:50.514+0000] {dag.py:3722} INFO - Setting next_dagrun for example_subdag_operator.section-1 to None, run_after=None
[2023-10-29T01:13:50.515+0000] {logging_mixin.py:151} INFO - [2023-10-29T01:13:50.515+0000] {dag.py:3722} INFO - Setting next_dagrun for example_subdag_operator.section-2 to None, run_after=None
[2023-10-29T01:13:50.520+0000] {logging_mixin.py:151} INFO - [2023-10-29T01:13:50.520+0000] {dag.py:2941} INFO - Sync 2 DAGs
[2023-10-29T01:13:50.524+0000] {logging_mixin.py:151} INFO - [2023-10-29T01:13:50.524+0000] {dag.py:3722} INFO - Setting next_dagrun for example_subdag_operator.section-1 to None, run_after=None
[2023-10-29T01:13:50.525+0000] {logging_mixin.py:151} INFO - [2023-10-29T01:13:50.525+0000] {dag.py:3722} INFO - Setting next_dagrun for example_subdag_operator.section-2 to None, run_after=None
[2023-10-29T01:13:50.540+0000] {processor.py:179} INFO - Processing /usr/local/lib/python3.10/dist-packages/airflow/example_dags/example_subdag_operator.py took 0.091 seconds
[2023-10-29T01:14:35.733+0000] {processor.py:157} INFO - Started process (PID=4839) to work on /usr/local/lib/python3.10/dist-packages/airflow/example_dags/example_subdag_operator.py
[2023-10-29T01:14:35.734+0000] {processor.py:829} INFO - Processing file /usr/local/lib/python3.10/dist-packages/airflow/example_dags/example_subdag_operator.py for tasks to queue
[2023-10-29T01:14:35.735+0000] {logging_mixin.py:151} INFO - [2023-10-29T01:14:35.735+0000] {dagbag.py:536} INFO - Filling up the DagBag from /usr/local/lib/python3.10/dist-packages/airflow/example_dags/example_subdag_operator.py
[2023-10-29T01:14:35.757+0000] {processor.py:839} INFO - DAG(s) dict_keys(['example_subdag_operator.section-1', 'example_subdag_operator.section-2', 'example_subdag_operator']) retrieved from /usr/local/lib/python3.10/dist-packages/airflow/example_dags/example_subdag_operator.py
[2023-10-29T01:14:35.773+0000] {logging_mixin.py:151} INFO - [2023-10-29T01:14:35.773+0000] {dag.py:2941} INFO - Sync 3 DAGs
[2023-10-29T01:14:35.793+0000] {logging_mixin.py:151} INFO - [2023-10-29T01:14:35.793+0000] {dag.py:3722} INFO - Setting next_dagrun for example_subdag_operator to 2022-01-01T00:00:00+00:00, run_after=2022-01-01T00:00:00+00:00
[2023-10-29T01:14:35.796+0000] {logging_mixin.py:151} INFO - [2023-10-29T01:14:35.796+0000] {dag.py:3722} INFO - Setting next_dagrun for example_subdag_operator.section-1 to None, run_after=None
[2023-10-29T01:14:35.797+0000] {logging_mixin.py:151} INFO - [2023-10-29T01:14:35.797+0000] {dag.py:3722} INFO - Setting next_dagrun for example_subdag_operator.section-2 to None, run_after=None
[2023-10-29T01:14:35.802+0000] {logging_mixin.py:151} INFO - [2023-10-29T01:14:35.802+0000] {dag.py:2941} INFO - Sync 2 DAGs
[2023-10-29T01:14:35.806+0000] {logging_mixin.py:151} INFO - [2023-10-29T01:14:35.806+0000] {dag.py:3722} INFO - Setting next_dagrun for example_subdag_operator.section-1 to None, run_after=None
[2023-10-29T01:14:35.807+0000] {logging_mixin.py:151} INFO - [2023-10-29T01:14:35.807+0000] {dag.py:3722} INFO - Setting next_dagrun for example_subdag_operator.section-2 to None, run_after=None
[2023-10-29T01:14:35.821+0000] {processor.py:179} INFO - Processing /usr/local/lib/python3.10/dist-packages/airflow/example_dags/example_subdag_operator.py took 0.091 seconds
[2023-10-29T01:15:16.913+0000] {processor.py:157} INFO - Started process (PID=4882) to work on /usr/local/lib/python3.10/dist-packages/airflow/example_dags/example_subdag_operator.py
[2023-10-29T01:15:16.915+0000] {processor.py:829} INFO - Processing file /usr/local/lib/python3.10/dist-packages/airflow/example_dags/example_subdag_operator.py for tasks to queue
[2023-10-29T01:15:16.915+0000] {logging_mixin.py:151} INFO - [2023-10-29T01:15:16.915+0000] {dagbag.py:536} INFO - Filling up the DagBag from /usr/local/lib/python3.10/dist-packages/airflow/example_dags/example_subdag_operator.py
[2023-10-29T01:15:16.937+0000] {processor.py:839} INFO - DAG(s) dict_keys(['example_subdag_operator.section-1', 'example_subdag_operator.section-2', 'example_subdag_operator']) retrieved from /usr/local/lib/python3.10/dist-packages/airflow/example_dags/example_subdag_operator.py
[2023-10-29T01:15:16.953+0000] {logging_mixin.py:151} INFO - [2023-10-29T01:15:16.952+0000] {dag.py:2941} INFO - Sync 3 DAGs
[2023-10-29T01:15:16.972+0000] {logging_mixin.py:151} INFO - [2023-10-29T01:15:16.972+0000] {dag.py:3722} INFO - Setting next_dagrun for example_subdag_operator to 2022-01-01T00:00:00+00:00, run_after=2022-01-01T00:00:00+00:00
[2023-10-29T01:15:16.975+0000] {logging_mixin.py:151} INFO - [2023-10-29T01:15:16.975+0000] {dag.py:3722} INFO - Setting next_dagrun for example_subdag_operator.section-1 to None, run_after=None
[2023-10-29T01:15:16.976+0000] {logging_mixin.py:151} INFO - [2023-10-29T01:15:16.976+0000] {dag.py:3722} INFO - Setting next_dagrun for example_subdag_operator.section-2 to None, run_after=None
[2023-10-29T01:15:16.982+0000] {logging_mixin.py:151} INFO - [2023-10-29T01:15:16.982+0000] {dag.py:2941} INFO - Sync 2 DAGs
[2023-10-29T01:15:16.986+0000] {logging_mixin.py:151} INFO - [2023-10-29T01:15:16.985+0000] {dag.py:3722} INFO - Setting next_dagrun for example_subdag_operator.section-1 to None, run_after=None
[2023-10-29T01:15:16.986+0000] {logging_mixin.py:151} INFO - [2023-10-29T01:15:16.986+0000] {dag.py:3722} INFO - Setting next_dagrun for example_subdag_operator.section-2 to None, run_after=None
[2023-10-29T01:15:17.036+0000] {processor.py:179} INFO - Processing /usr/local/lib/python3.10/dist-packages/airflow/example_dags/example_subdag_operator.py took 0.126 seconds
[2023-10-29T01:16:01.861+0000] {processor.py:157} INFO - Started process (PID=4928) to work on /usr/local/lib/python3.10/dist-packages/airflow/example_dags/example_subdag_operator.py
[2023-10-29T01:16:01.863+0000] {processor.py:829} INFO - Processing file /usr/local/lib/python3.10/dist-packages/airflow/example_dags/example_subdag_operator.py for tasks to queue
[2023-10-29T01:16:01.863+0000] {logging_mixin.py:151} INFO - [2023-10-29T01:16:01.863+0000] {dagbag.py:536} INFO - Filling up the DagBag from /usr/local/lib/python3.10/dist-packages/airflow/example_dags/example_subdag_operator.py
[2023-10-29T01:16:01.885+0000] {processor.py:839} INFO - DAG(s) dict_keys(['example_subdag_operator.section-1', 'example_subdag_operator.section-2', 'example_subdag_operator']) retrieved from /usr/local/lib/python3.10/dist-packages/airflow/example_dags/example_subdag_operator.py
[2023-10-29T01:16:01.901+0000] {logging_mixin.py:151} INFO - [2023-10-29T01:16:01.901+0000] {dag.py:2941} INFO - Sync 3 DAGs
[2023-10-29T01:16:01.922+0000] {logging_mixin.py:151} INFO - [2023-10-29T01:16:01.921+0000] {dag.py:3722} INFO - Setting next_dagrun for example_subdag_operator to 2022-01-01T00:00:00+00:00, run_after=2022-01-01T00:00:00+00:00
[2023-10-29T01:16:01.925+0000] {logging_mixin.py:151} INFO - [2023-10-29T01:16:01.924+0000] {dag.py:3722} INFO - Setting next_dagrun for example_subdag_operator.section-1 to None, run_after=None
[2023-10-29T01:16:01.925+0000] {logging_mixin.py:151} INFO - [2023-10-29T01:16:01.925+0000] {dag.py:3722} INFO - Setting next_dagrun for example_subdag_operator.section-2 to None, run_after=None
[2023-10-29T01:16:01.931+0000] {logging_mixin.py:151} INFO - [2023-10-29T01:16:01.931+0000] {dag.py:2941} INFO - Sync 2 DAGs
[2023-10-29T01:16:01.935+0000] {logging_mixin.py:151} INFO - [2023-10-29T01:16:01.935+0000] {dag.py:3722} INFO - Setting next_dagrun for example_subdag_operator.section-1 to None, run_after=None
[2023-10-29T01:16:01.936+0000] {logging_mixin.py:151} INFO - [2023-10-29T01:16:01.935+0000] {dag.py:3722} INFO - Setting next_dagrun for example_subdag_operator.section-2 to None, run_after=None
[2023-10-29T01:16:01.951+0000] {processor.py:179} INFO - Processing /usr/local/lib/python3.10/dist-packages/airflow/example_dags/example_subdag_operator.py took 0.093 seconds
[2023-10-29T01:16:49.907+0000] {processor.py:157} INFO - Started process (PID=4977) to work on /usr/local/lib/python3.10/dist-packages/airflow/example_dags/example_subdag_operator.py
[2023-10-29T01:16:49.909+0000] {processor.py:829} INFO - Processing file /usr/local/lib/python3.10/dist-packages/airflow/example_dags/example_subdag_operator.py for tasks to queue
[2023-10-29T01:16:49.909+0000] {logging_mixin.py:151} INFO - [2023-10-29T01:16:49.909+0000] {dagbag.py:536} INFO - Filling up the DagBag from /usr/local/lib/python3.10/dist-packages/airflow/example_dags/example_subdag_operator.py
[2023-10-29T01:16:49.931+0000] {processor.py:839} INFO - DAG(s) dict_keys(['example_subdag_operator.section-1', 'example_subdag_operator.section-2', 'example_subdag_operator']) retrieved from /usr/local/lib/python3.10/dist-packages/airflow/example_dags/example_subdag_operator.py
[2023-10-29T01:16:49.947+0000] {logging_mixin.py:151} INFO - [2023-10-29T01:16:49.947+0000] {dag.py:2941} INFO - Sync 3 DAGs
[2023-10-29T01:16:49.966+0000] {logging_mixin.py:151} INFO - [2023-10-29T01:16:49.966+0000] {dag.py:3722} INFO - Setting next_dagrun for example_subdag_operator to 2022-01-01T00:00:00+00:00, run_after=2022-01-01T00:00:00+00:00
[2023-10-29T01:16:49.969+0000] {logging_mixin.py:151} INFO - [2023-10-29T01:16:49.969+0000] {dag.py:3722} INFO - Setting next_dagrun for example_subdag_operator.section-1 to None, run_after=None
[2023-10-29T01:16:49.970+0000] {logging_mixin.py:151} INFO - [2023-10-29T01:16:49.970+0000] {dag.py:3722} INFO - Setting next_dagrun for example_subdag_operator.section-2 to None, run_after=None
[2023-10-29T01:16:49.975+0000] {logging_mixin.py:151} INFO - [2023-10-29T01:16:49.975+0000] {dag.py:2941} INFO - Sync 2 DAGs
[2023-10-29T01:16:49.979+0000] {logging_mixin.py:151} INFO - [2023-10-29T01:16:49.979+0000] {dag.py:3722} INFO - Setting next_dagrun for example_subdag_operator.section-1 to None, run_after=None
[2023-10-29T01:16:49.980+0000] {logging_mixin.py:151} INFO - [2023-10-29T01:16:49.979+0000] {dag.py:3722} INFO - Setting next_dagrun for example_subdag_operator.section-2 to None, run_after=None
[2023-10-29T01:16:49.994+0000] {processor.py:179} INFO - Processing /usr/local/lib/python3.10/dist-packages/airflow/example_dags/example_subdag_operator.py took 0.090 seconds
[2023-10-29T01:17:36.209+0000] {processor.py:157} INFO - Started process (PID=5027) to work on /usr/local/lib/python3.10/dist-packages/airflow/example_dags/example_subdag_operator.py
[2023-10-29T01:17:36.211+0000] {processor.py:829} INFO - Processing file /usr/local/lib/python3.10/dist-packages/airflow/example_dags/example_subdag_operator.py for tasks to queue
[2023-10-29T01:17:36.211+0000] {logging_mixin.py:151} INFO - [2023-10-29T01:17:36.211+0000] {dagbag.py:536} INFO - Filling up the DagBag from /usr/local/lib/python3.10/dist-packages/airflow/example_dags/example_subdag_operator.py
[2023-10-29T01:17:36.234+0000] {processor.py:839} INFO - DAG(s) dict_keys(['example_subdag_operator.section-1', 'example_subdag_operator.section-2', 'example_subdag_operator']) retrieved from /usr/local/lib/python3.10/dist-packages/airflow/example_dags/example_subdag_operator.py
[2023-10-29T01:17:36.250+0000] {logging_mixin.py:151} INFO - [2023-10-29T01:17:36.250+0000] {dag.py:2941} INFO - Sync 3 DAGs
[2023-10-29T01:17:36.270+0000] {logging_mixin.py:151} INFO - [2023-10-29T01:17:36.270+0000] {dag.py:3722} INFO - Setting next_dagrun for example_subdag_operator to 2022-01-01T00:00:00+00:00, run_after=2022-01-01T00:00:00+00:00
[2023-10-29T01:17:36.273+0000] {logging_mixin.py:151} INFO - [2023-10-29T01:17:36.273+0000] {dag.py:3722} INFO - Setting next_dagrun for example_subdag_operator.section-1 to None, run_after=None
[2023-10-29T01:17:36.274+0000] {logging_mixin.py:151} INFO - [2023-10-29T01:17:36.274+0000] {dag.py:3722} INFO - Setting next_dagrun for example_subdag_operator.section-2 to None, run_after=None
[2023-10-29T01:17:36.279+0000] {logging_mixin.py:151} INFO - [2023-10-29T01:17:36.279+0000] {dag.py:2941} INFO - Sync 2 DAGs
[2023-10-29T01:17:36.283+0000] {logging_mixin.py:151} INFO - [2023-10-29T01:17:36.283+0000] {dag.py:3722} INFO - Setting next_dagrun for example_subdag_operator.section-1 to None, run_after=None
[2023-10-29T01:17:36.284+0000] {logging_mixin.py:151} INFO - [2023-10-29T01:17:36.284+0000] {dag.py:3722} INFO - Setting next_dagrun for example_subdag_operator.section-2 to None, run_after=None
[2023-10-29T01:17:36.298+0000] {processor.py:179} INFO - Processing /usr/local/lib/python3.10/dist-packages/airflow/example_dags/example_subdag_operator.py took 0.092 seconds
[2023-10-29T01:18:22.529+0000] {processor.py:157} INFO - Started process (PID=5074) to work on /usr/local/lib/python3.10/dist-packages/airflow/example_dags/example_subdag_operator.py
[2023-10-29T01:18:22.530+0000] {processor.py:829} INFO - Processing file /usr/local/lib/python3.10/dist-packages/airflow/example_dags/example_subdag_operator.py for tasks to queue
[2023-10-29T01:18:22.531+0000] {logging_mixin.py:151} INFO - [2023-10-29T01:18:22.530+0000] {dagbag.py:536} INFO - Filling up the DagBag from /usr/local/lib/python3.10/dist-packages/airflow/example_dags/example_subdag_operator.py
[2023-10-29T01:18:22.553+0000] {processor.py:839} INFO - DAG(s) dict_keys(['example_subdag_operator.section-1', 'example_subdag_operator.section-2', 'example_subdag_operator']) retrieved from /usr/local/lib/python3.10/dist-packages/airflow/example_dags/example_subdag_operator.py
[2023-10-29T01:18:22.569+0000] {logging_mixin.py:151} INFO - [2023-10-29T01:18:22.569+0000] {dag.py:2941} INFO - Sync 3 DAGs
[2023-10-29T01:18:22.588+0000] {logging_mixin.py:151} INFO - [2023-10-29T01:18:22.588+0000] {dag.py:3722} INFO - Setting next_dagrun for example_subdag_operator to 2022-01-01T00:00:00+00:00, run_after=2022-01-01T00:00:00+00:00
[2023-10-29T01:18:22.591+0000] {logging_mixin.py:151} INFO - [2023-10-29T01:18:22.591+0000] {dag.py:3722} INFO - Setting next_dagrun for example_subdag_operator.section-1 to None, run_after=None
[2023-10-29T01:18:22.592+0000] {logging_mixin.py:151} INFO - [2023-10-29T01:18:22.591+0000] {dag.py:3722} INFO - Setting next_dagrun for example_subdag_operator.section-2 to None, run_after=None
[2023-10-29T01:18:22.597+0000] {logging_mixin.py:151} INFO - [2023-10-29T01:18:22.597+0000] {dag.py:2941} INFO - Sync 2 DAGs
[2023-10-29T01:18:22.601+0000] {logging_mixin.py:151} INFO - [2023-10-29T01:18:22.601+0000] {dag.py:3722} INFO - Setting next_dagrun for example_subdag_operator.section-1 to None, run_after=None
[2023-10-29T01:18:22.601+0000] {logging_mixin.py:151} INFO - [2023-10-29T01:18:22.601+0000] {dag.py:3722} INFO - Setting next_dagrun for example_subdag_operator.section-2 to None, run_after=None
[2023-10-29T01:18:22.622+0000] {processor.py:179} INFO - Processing /usr/local/lib/python3.10/dist-packages/airflow/example_dags/example_subdag_operator.py took 0.097 seconds
[2023-10-29T01:19:08.935+0000] {processor.py:157} INFO - Started process (PID=5121) to work on /usr/local/lib/python3.10/dist-packages/airflow/example_dags/example_subdag_operator.py
[2023-10-29T01:19:08.937+0000] {processor.py:829} INFO - Processing file /usr/local/lib/python3.10/dist-packages/airflow/example_dags/example_subdag_operator.py for tasks to queue
[2023-10-29T01:19:08.938+0000] {logging_mixin.py:151} INFO - [2023-10-29T01:19:08.937+0000] {dagbag.py:536} INFO - Filling up the DagBag from /usr/local/lib/python3.10/dist-packages/airflow/example_dags/example_subdag_operator.py
[2023-10-29T01:19:08.959+0000] {processor.py:839} INFO - DAG(s) dict_keys(['example_subdag_operator.section-1', 'example_subdag_operator.section-2', 'example_subdag_operator']) retrieved from /usr/local/lib/python3.10/dist-packages/airflow/example_dags/example_subdag_operator.py
[2023-10-29T01:19:08.975+0000] {logging_mixin.py:151} INFO - [2023-10-29T01:19:08.975+0000] {dag.py:2941} INFO - Sync 3 DAGs
[2023-10-29T01:19:08.995+0000] {logging_mixin.py:151} INFO - [2023-10-29T01:19:08.994+0000] {dag.py:3722} INFO - Setting next_dagrun for example_subdag_operator to 2022-01-01T00:00:00+00:00, run_after=2022-01-01T00:00:00+00:00
[2023-10-29T01:19:08.997+0000] {logging_mixin.py:151} INFO - [2023-10-29T01:19:08.997+0000] {dag.py:3722} INFO - Setting next_dagrun for example_subdag_operator.section-1 to None, run_after=None
[2023-10-29T01:19:08.998+0000] {logging_mixin.py:151} INFO - [2023-10-29T01:19:08.998+0000] {dag.py:3722} INFO - Setting next_dagrun for example_subdag_operator.section-2 to None, run_after=None
[2023-10-29T01:19:09.004+0000] {logging_mixin.py:151} INFO - [2023-10-29T01:19:09.004+0000] {dag.py:2941} INFO - Sync 2 DAGs
[2023-10-29T01:19:09.008+0000] {logging_mixin.py:151} INFO - [2023-10-29T01:19:09.008+0000] {dag.py:3722} INFO - Setting next_dagrun for example_subdag_operator.section-1 to None, run_after=None
[2023-10-29T01:19:09.009+0000] {logging_mixin.py:151} INFO - [2023-10-29T01:19:09.008+0000] {dag.py:3722} INFO - Setting next_dagrun for example_subdag_operator.section-2 to None, run_after=None
[2023-10-29T01:19:09.023+0000] {processor.py:179} INFO - Processing /usr/local/lib/python3.10/dist-packages/airflow/example_dags/example_subdag_operator.py took 0.091 seconds
[2023-10-29T01:19:59.918+0000] {processor.py:157} INFO - Started process (PID=5172) to work on /usr/local/lib/python3.10/dist-packages/airflow/example_dags/example_subdag_operator.py
[2023-10-29T01:19:59.919+0000] {processor.py:829} INFO - Processing file /usr/local/lib/python3.10/dist-packages/airflow/example_dags/example_subdag_operator.py for tasks to queue
[2023-10-29T01:19:59.920+0000] {logging_mixin.py:151} INFO - [2023-10-29T01:19:59.919+0000] {dagbag.py:536} INFO - Filling up the DagBag from /usr/local/lib/python3.10/dist-packages/airflow/example_dags/example_subdag_operator.py
[2023-10-29T01:19:59.942+0000] {processor.py:839} INFO - DAG(s) dict_keys(['example_subdag_operator.section-1', 'example_subdag_operator.section-2', 'example_subdag_operator']) retrieved from /usr/local/lib/python3.10/dist-packages/airflow/example_dags/example_subdag_operator.py
[2023-10-29T01:19:59.958+0000] {logging_mixin.py:151} INFO - [2023-10-29T01:19:59.958+0000] {dag.py:2941} INFO - Sync 3 DAGs
[2023-10-29T01:19:59.978+0000] {logging_mixin.py:151} INFO - [2023-10-29T01:19:59.977+0000] {dag.py:3722} INFO - Setting next_dagrun for example_subdag_operator to 2022-01-01T00:00:00+00:00, run_after=2022-01-01T00:00:00+00:00
[2023-10-29T01:19:59.981+0000] {logging_mixin.py:151} INFO - [2023-10-29T01:19:59.981+0000] {dag.py:3722} INFO - Setting next_dagrun for example_subdag_operator.section-1 to None, run_after=None
[2023-10-29T01:19:59.982+0000] {logging_mixin.py:151} INFO - [2023-10-29T01:19:59.982+0000] {dag.py:3722} INFO - Setting next_dagrun for example_subdag_operator.section-2 to None, run_after=None
[2023-10-29T01:19:59.987+0000] {logging_mixin.py:151} INFO - [2023-10-29T01:19:59.987+0000] {dag.py:2941} INFO - Sync 2 DAGs
[2023-10-29T01:19:59.991+0000] {logging_mixin.py:151} INFO - [2023-10-29T01:19:59.991+0000] {dag.py:3722} INFO - Setting next_dagrun for example_subdag_operator.section-1 to None, run_after=None
[2023-10-29T01:19:59.991+0000] {logging_mixin.py:151} INFO - [2023-10-29T01:19:59.991+0000] {dag.py:3722} INFO - Setting next_dagrun for example_subdag_operator.section-2 to None, run_after=None
[2023-10-29T01:20:00.006+0000] {processor.py:179} INFO - Processing /usr/local/lib/python3.10/dist-packages/airflow/example_dags/example_subdag_operator.py took 0.092 seconds
[2023-10-29T01:20:43.669+0000] {processor.py:157} INFO - Started process (PID=5218) to work on /usr/local/lib/python3.10/dist-packages/airflow/example_dags/example_subdag_operator.py
[2023-10-29T01:20:43.670+0000] {processor.py:829} INFO - Processing file /usr/local/lib/python3.10/dist-packages/airflow/example_dags/example_subdag_operator.py for tasks to queue
[2023-10-29T01:20:43.671+0000] {logging_mixin.py:151} INFO - [2023-10-29T01:20:43.671+0000] {dagbag.py:536} INFO - Filling up the DagBag from /usr/local/lib/python3.10/dist-packages/airflow/example_dags/example_subdag_operator.py
[2023-10-29T01:20:43.695+0000] {processor.py:839} INFO - DAG(s) dict_keys(['example_subdag_operator.section-1', 'example_subdag_operator.section-2', 'example_subdag_operator']) retrieved from /usr/local/lib/python3.10/dist-packages/airflow/example_dags/example_subdag_operator.py
[2023-10-29T01:20:43.712+0000] {logging_mixin.py:151} INFO - [2023-10-29T01:20:43.712+0000] {dag.py:2941} INFO - Sync 3 DAGs
[2023-10-29T01:20:43.734+0000] {logging_mixin.py:151} INFO - [2023-10-29T01:20:43.734+0000] {dag.py:3722} INFO - Setting next_dagrun for example_subdag_operator to 2022-01-01T00:00:00+00:00, run_after=2022-01-01T00:00:00+00:00
[2023-10-29T01:20:43.738+0000] {logging_mixin.py:151} INFO - [2023-10-29T01:20:43.738+0000] {dag.py:3722} INFO - Setting next_dagrun for example_subdag_operator.section-1 to None, run_after=None
[2023-10-29T01:20:43.739+0000] {logging_mixin.py:151} INFO - [2023-10-29T01:20:43.739+0000] {dag.py:3722} INFO - Setting next_dagrun for example_subdag_operator.section-2 to None, run_after=None
[2023-10-29T01:20:43.746+0000] {logging_mixin.py:151} INFO - [2023-10-29T01:20:43.745+0000] {dag.py:2941} INFO - Sync 2 DAGs
[2023-10-29T01:20:43.750+0000] {logging_mixin.py:151} INFO - [2023-10-29T01:20:43.750+0000] {dag.py:3722} INFO - Setting next_dagrun for example_subdag_operator.section-1 to None, run_after=None
[2023-10-29T01:20:43.751+0000] {logging_mixin.py:151} INFO - [2023-10-29T01:20:43.750+0000] {dag.py:3722} INFO - Setting next_dagrun for example_subdag_operator.section-2 to None, run_after=None
[2023-10-29T01:20:43.767+0000] {processor.py:179} INFO - Processing /usr/local/lib/python3.10/dist-packages/airflow/example_dags/example_subdag_operator.py took 0.102 seconds
[2023-10-29T01:21:28.821+0000] {processor.py:157} INFO - Started process (PID=5265) to work on /usr/local/lib/python3.10/dist-packages/airflow/example_dags/example_subdag_operator.py
[2023-10-29T01:21:28.822+0000] {processor.py:829} INFO - Processing file /usr/local/lib/python3.10/dist-packages/airflow/example_dags/example_subdag_operator.py for tasks to queue
[2023-10-29T01:21:28.823+0000] {logging_mixin.py:151} INFO - [2023-10-29T01:21:28.822+0000] {dagbag.py:536} INFO - Filling up the DagBag from /usr/local/lib/python3.10/dist-packages/airflow/example_dags/example_subdag_operator.py
[2023-10-29T01:21:28.844+0000] {processor.py:839} INFO - DAG(s) dict_keys(['example_subdag_operator.section-1', 'example_subdag_operator.section-2', 'example_subdag_operator']) retrieved from /usr/local/lib/python3.10/dist-packages/airflow/example_dags/example_subdag_operator.py
[2023-10-29T01:21:28.860+0000] {logging_mixin.py:151} INFO - [2023-10-29T01:21:28.860+0000] {dag.py:2941} INFO - Sync 3 DAGs
[2023-10-29T01:21:28.880+0000] {logging_mixin.py:151} INFO - [2023-10-29T01:21:28.880+0000] {dag.py:3722} INFO - Setting next_dagrun for example_subdag_operator to 2022-01-01T00:00:00+00:00, run_after=2022-01-01T00:00:00+00:00
[2023-10-29T01:21:28.883+0000] {logging_mixin.py:151} INFO - [2023-10-29T01:21:28.883+0000] {dag.py:3722} INFO - Setting next_dagrun for example_subdag_operator.section-1 to None, run_after=None
[2023-10-29T01:21:28.884+0000] {logging_mixin.py:151} INFO - [2023-10-29T01:21:28.884+0000] {dag.py:3722} INFO - Setting next_dagrun for example_subdag_operator.section-2 to None, run_after=None
[2023-10-29T01:21:28.890+0000] {logging_mixin.py:151} INFO - [2023-10-29T01:21:28.890+0000] {dag.py:2941} INFO - Sync 2 DAGs
[2023-10-29T01:21:28.894+0000] {logging_mixin.py:151} INFO - [2023-10-29T01:21:28.894+0000] {dag.py:3722} INFO - Setting next_dagrun for example_subdag_operator.section-1 to None, run_after=None
[2023-10-29T01:21:28.895+0000] {logging_mixin.py:151} INFO - [2023-10-29T01:21:28.895+0000] {dag.py:3722} INFO - Setting next_dagrun for example_subdag_operator.section-2 to None, run_after=None
[2023-10-29T01:21:28.910+0000] {processor.py:179} INFO - Processing /usr/local/lib/python3.10/dist-packages/airflow/example_dags/example_subdag_operator.py took 0.093 seconds
[2023-10-29T01:22:19.331+0000] {processor.py:157} INFO - Started process (PID=5317) to work on /usr/local/lib/python3.10/dist-packages/airflow/example_dags/example_subdag_operator.py
[2023-10-29T01:22:19.333+0000] {processor.py:829} INFO - Processing file /usr/local/lib/python3.10/dist-packages/airflow/example_dags/example_subdag_operator.py for tasks to queue
[2023-10-29T01:22:19.333+0000] {logging_mixin.py:151} INFO - [2023-10-29T01:22:19.333+0000] {dagbag.py:536} INFO - Filling up the DagBag from /usr/local/lib/python3.10/dist-packages/airflow/example_dags/example_subdag_operator.py
[2023-10-29T01:22:19.355+0000] {processor.py:839} INFO - DAG(s) dict_keys(['example_subdag_operator.section-1', 'example_subdag_operator.section-2', 'example_subdag_operator']) retrieved from /usr/local/lib/python3.10/dist-packages/airflow/example_dags/example_subdag_operator.py
[2023-10-29T01:22:19.371+0000] {logging_mixin.py:151} INFO - [2023-10-29T01:22:19.371+0000] {dag.py:2941} INFO - Sync 3 DAGs
[2023-10-29T01:22:19.390+0000] {logging_mixin.py:151} INFO - [2023-10-29T01:22:19.390+0000] {dag.py:3722} INFO - Setting next_dagrun for example_subdag_operator to 2022-01-01T00:00:00+00:00, run_after=2022-01-01T00:00:00+00:00
[2023-10-29T01:22:19.393+0000] {logging_mixin.py:151} INFO - [2023-10-29T01:22:19.393+0000] {dag.py:3722} INFO - Setting next_dagrun for example_subdag_operator.section-1 to None, run_after=None
[2023-10-29T01:22:19.394+0000] {logging_mixin.py:151} INFO - [2023-10-29T01:22:19.394+0000] {dag.py:3722} INFO - Setting next_dagrun for example_subdag_operator.section-2 to None, run_after=None
[2023-10-29T01:22:19.400+0000] {logging_mixin.py:151} INFO - [2023-10-29T01:22:19.399+0000] {dag.py:2941} INFO - Sync 2 DAGs
[2023-10-29T01:22:19.404+0000] {logging_mixin.py:151} INFO - [2023-10-29T01:22:19.403+0000] {dag.py:3722} INFO - Setting next_dagrun for example_subdag_operator.section-1 to None, run_after=None
[2023-10-29T01:22:19.404+0000] {logging_mixin.py:151} INFO - [2023-10-29T01:22:19.404+0000] {dag.py:3722} INFO - Setting next_dagrun for example_subdag_operator.section-2 to None, run_after=None
[2023-10-29T01:22:19.420+0000] {processor.py:179} INFO - Processing /usr/local/lib/python3.10/dist-packages/airflow/example_dags/example_subdag_operator.py took 0.092 seconds
[2023-10-29T01:23:05.969+0000] {processor.py:157} INFO - Started process (PID=5365) to work on /usr/local/lib/python3.10/dist-packages/airflow/example_dags/example_subdag_operator.py
[2023-10-29T01:23:05.970+0000] {processor.py:829} INFO - Processing file /usr/local/lib/python3.10/dist-packages/airflow/example_dags/example_subdag_operator.py for tasks to queue
[2023-10-29T01:23:05.971+0000] {logging_mixin.py:151} INFO - [2023-10-29T01:23:05.971+0000] {dagbag.py:536} INFO - Filling up the DagBag from /usr/local/lib/python3.10/dist-packages/airflow/example_dags/example_subdag_operator.py
[2023-10-29T01:23:05.992+0000] {processor.py:839} INFO - DAG(s) dict_keys(['example_subdag_operator.section-1', 'example_subdag_operator.section-2', 'example_subdag_operator']) retrieved from /usr/local/lib/python3.10/dist-packages/airflow/example_dags/example_subdag_operator.py
[2023-10-29T01:23:06.009+0000] {logging_mixin.py:151} INFO - [2023-10-29T01:23:06.008+0000] {dag.py:2941} INFO - Sync 3 DAGs
[2023-10-29T01:23:06.028+0000] {logging_mixin.py:151} INFO - [2023-10-29T01:23:06.028+0000] {dag.py:3722} INFO - Setting next_dagrun for example_subdag_operator to 2022-01-01T00:00:00+00:00, run_after=2022-01-01T00:00:00+00:00
[2023-10-29T01:23:06.031+0000] {logging_mixin.py:151} INFO - [2023-10-29T01:23:06.031+0000] {dag.py:3722} INFO - Setting next_dagrun for example_subdag_operator.section-1 to None, run_after=None
[2023-10-29T01:23:06.032+0000] {logging_mixin.py:151} INFO - [2023-10-29T01:23:06.032+0000] {dag.py:3722} INFO - Setting next_dagrun for example_subdag_operator.section-2 to None, run_after=None
[2023-10-29T01:23:06.037+0000] {logging_mixin.py:151} INFO - [2023-10-29T01:23:06.037+0000] {dag.py:2941} INFO - Sync 2 DAGs
[2023-10-29T01:23:06.041+0000] {logging_mixin.py:151} INFO - [2023-10-29T01:23:06.041+0000] {dag.py:3722} INFO - Setting next_dagrun for example_subdag_operator.section-1 to None, run_after=None
[2023-10-29T01:23:06.042+0000] {logging_mixin.py:151} INFO - [2023-10-29T01:23:06.041+0000] {dag.py:3722} INFO - Setting next_dagrun for example_subdag_operator.section-2 to None, run_after=None
[2023-10-29T01:23:06.056+0000] {processor.py:179} INFO - Processing /usr/local/lib/python3.10/dist-packages/airflow/example_dags/example_subdag_operator.py took 0.090 seconds
[2023-10-29T01:23:57.064+0000] {processor.py:157} INFO - Started process (PID=5416) to work on /usr/local/lib/python3.10/dist-packages/airflow/example_dags/example_subdag_operator.py
[2023-10-29T01:23:57.066+0000] {processor.py:829} INFO - Processing file /usr/local/lib/python3.10/dist-packages/airflow/example_dags/example_subdag_operator.py for tasks to queue
[2023-10-29T01:23:57.066+0000] {logging_mixin.py:151} INFO - [2023-10-29T01:23:57.066+0000] {dagbag.py:536} INFO - Filling up the DagBag from /usr/local/lib/python3.10/dist-packages/airflow/example_dags/example_subdag_operator.py
[2023-10-29T01:23:57.088+0000] {processor.py:839} INFO - DAG(s) dict_keys(['example_subdag_operator.section-1', 'example_subdag_operator.section-2', 'example_subdag_operator']) retrieved from /usr/local/lib/python3.10/dist-packages/airflow/example_dags/example_subdag_operator.py
[2023-10-29T01:23:57.105+0000] {logging_mixin.py:151} INFO - [2023-10-29T01:23:57.105+0000] {dag.py:2941} INFO - Sync 3 DAGs
[2023-10-29T01:23:57.124+0000] {logging_mixin.py:151} INFO - [2023-10-29T01:23:57.124+0000] {dag.py:3722} INFO - Setting next_dagrun for example_subdag_operator to 2022-01-01T00:00:00+00:00, run_after=2022-01-01T00:00:00+00:00
[2023-10-29T01:23:57.127+0000] {logging_mixin.py:151} INFO - [2023-10-29T01:23:57.127+0000] {dag.py:3722} INFO - Setting next_dagrun for example_subdag_operator.section-1 to None, run_after=None
[2023-10-29T01:23:57.128+0000] {logging_mixin.py:151} INFO - [2023-10-29T01:23:57.128+0000] {dag.py:3722} INFO - Setting next_dagrun for example_subdag_operator.section-2 to None, run_after=None
[2023-10-29T01:23:57.134+0000] {logging_mixin.py:151} INFO - [2023-10-29T01:23:57.134+0000] {dag.py:2941} INFO - Sync 2 DAGs
[2023-10-29T01:23:57.138+0000] {logging_mixin.py:151} INFO - [2023-10-29T01:23:57.138+0000] {dag.py:3722} INFO - Setting next_dagrun for example_subdag_operator.section-1 to None, run_after=None
[2023-10-29T01:23:57.138+0000] {logging_mixin.py:151} INFO - [2023-10-29T01:23:57.138+0000] {dag.py:3722} INFO - Setting next_dagrun for example_subdag_operator.section-2 to None, run_after=None
[2023-10-29T01:23:57.153+0000] {processor.py:179} INFO - Processing /usr/local/lib/python3.10/dist-packages/airflow/example_dags/example_subdag_operator.py took 0.093 seconds
[2023-10-29T01:24:46.799+0000] {processor.py:157} INFO - Started process (PID=5467) to work on /usr/local/lib/python3.10/dist-packages/airflow/example_dags/example_subdag_operator.py
[2023-10-29T01:24:46.800+0000] {processor.py:829} INFO - Processing file /usr/local/lib/python3.10/dist-packages/airflow/example_dags/example_subdag_operator.py for tasks to queue
[2023-10-29T01:24:46.801+0000] {logging_mixin.py:151} INFO - [2023-10-29T01:24:46.800+0000] {dagbag.py:536} INFO - Filling up the DagBag from /usr/local/lib/python3.10/dist-packages/airflow/example_dags/example_subdag_operator.py
[2023-10-29T01:24:46.822+0000] {processor.py:839} INFO - DAG(s) dict_keys(['example_subdag_operator.section-1', 'example_subdag_operator.section-2', 'example_subdag_operator']) retrieved from /usr/local/lib/python3.10/dist-packages/airflow/example_dags/example_subdag_operator.py
[2023-10-29T01:24:46.838+0000] {logging_mixin.py:151} INFO - [2023-10-29T01:24:46.838+0000] {dag.py:2941} INFO - Sync 3 DAGs
[2023-10-29T01:24:46.857+0000] {logging_mixin.py:151} INFO - [2023-10-29T01:24:46.857+0000] {dag.py:3722} INFO - Setting next_dagrun for example_subdag_operator to 2022-01-01T00:00:00+00:00, run_after=2022-01-01T00:00:00+00:00
[2023-10-29T01:24:46.861+0000] {logging_mixin.py:151} INFO - [2023-10-29T01:24:46.861+0000] {dag.py:3722} INFO - Setting next_dagrun for example_subdag_operator.section-1 to None, run_after=None
[2023-10-29T01:24:46.862+0000] {logging_mixin.py:151} INFO - [2023-10-29T01:24:46.862+0000] {dag.py:3722} INFO - Setting next_dagrun for example_subdag_operator.section-2 to None, run_after=None
[2023-10-29T01:24:46.868+0000] {logging_mixin.py:151} INFO - [2023-10-29T01:24:46.868+0000] {dag.py:2941} INFO - Sync 2 DAGs
[2023-10-29T01:24:46.872+0000] {logging_mixin.py:151} INFO - [2023-10-29T01:24:46.872+0000] {dag.py:3722} INFO - Setting next_dagrun for example_subdag_operator.section-1 to None, run_after=None
[2023-10-29T01:24:46.872+0000] {logging_mixin.py:151} INFO - [2023-10-29T01:24:46.872+0000] {dag.py:3722} INFO - Setting next_dagrun for example_subdag_operator.section-2 to None, run_after=None
[2023-10-29T01:24:46.887+0000] {processor.py:179} INFO - Processing /usr/local/lib/python3.10/dist-packages/airflow/example_dags/example_subdag_operator.py took 0.092 seconds
[2023-10-29T01:25:35.468+0000] {processor.py:157} INFO - Started process (PID=5517) to work on /usr/local/lib/python3.10/dist-packages/airflow/example_dags/example_subdag_operator.py
[2023-10-29T01:25:35.469+0000] {processor.py:829} INFO - Processing file /usr/local/lib/python3.10/dist-packages/airflow/example_dags/example_subdag_operator.py for tasks to queue
[2023-10-29T01:25:35.470+0000] {logging_mixin.py:151} INFO - [2023-10-29T01:25:35.469+0000] {dagbag.py:536} INFO - Filling up the DagBag from /usr/local/lib/python3.10/dist-packages/airflow/example_dags/example_subdag_operator.py
[2023-10-29T01:25:35.492+0000] {processor.py:839} INFO - DAG(s) dict_keys(['example_subdag_operator.section-1', 'example_subdag_operator.section-2', 'example_subdag_operator']) retrieved from /usr/local/lib/python3.10/dist-packages/airflow/example_dags/example_subdag_operator.py
[2023-10-29T01:25:35.508+0000] {logging_mixin.py:151} INFO - [2023-10-29T01:25:35.508+0000] {dag.py:2941} INFO - Sync 3 DAGs
[2023-10-29T01:25:35.528+0000] {logging_mixin.py:151} INFO - [2023-10-29T01:25:35.527+0000] {dag.py:3722} INFO - Setting next_dagrun for example_subdag_operator to 2022-01-01T00:00:00+00:00, run_after=2022-01-01T00:00:00+00:00
[2023-10-29T01:25:35.539+0000] {logging_mixin.py:151} INFO - [2023-10-29T01:25:35.539+0000] {dag.py:3722} INFO - Setting next_dagrun for example_subdag_operator.section-1 to None, run_after=None
[2023-10-29T01:25:35.541+0000] {logging_mixin.py:151} INFO - [2023-10-29T01:25:35.540+0000] {dag.py:3722} INFO - Setting next_dagrun for example_subdag_operator.section-2 to None, run_after=None
[2023-10-29T01:25:35.547+0000] {logging_mixin.py:151} INFO - [2023-10-29T01:25:35.547+0000] {dag.py:2941} INFO - Sync 2 DAGs
[2023-10-29T01:25:35.551+0000] {logging_mixin.py:151} INFO - [2023-10-29T01:25:35.551+0000] {dag.py:3722} INFO - Setting next_dagrun for example_subdag_operator.section-1 to None, run_after=None
[2023-10-29T01:25:35.551+0000] {logging_mixin.py:151} INFO - [2023-10-29T01:25:35.551+0000] {dag.py:3722} INFO - Setting next_dagrun for example_subdag_operator.section-2 to None, run_after=None
[2023-10-29T01:25:35.566+0000] {processor.py:179} INFO - Processing /usr/local/lib/python3.10/dist-packages/airflow/example_dags/example_subdag_operator.py took 0.102 seconds
