[2023-10-29T01:01:02.954+0000] {processor.py:157} INFO - Started process (PID=3614) to work on /usr/local/lib/python3.10/dist-packages/airflow/example_dags/example_setup_teardown_taskflow.py
[2023-10-29T01:01:02.955+0000] {processor.py:829} INFO - Processing file /usr/local/lib/python3.10/dist-packages/airflow/example_dags/example_setup_teardown_taskflow.py for tasks to queue
[2023-10-29T01:01:02.955+0000] {logging_mixin.py:151} INFO - [2023-10-29T01:01:02.955+0000] {dagbag.py:536} INFO - Filling up the DagBag from /usr/local/lib/python3.10/dist-packages/airflow/example_dags/example_setup_teardown_taskflow.py
[2023-10-29T01:01:02.969+0000] {processor.py:839} INFO - DAG(s) dict_keys(['example_setup_teardown_taskflow']) retrieved from /usr/local/lib/python3.10/dist-packages/airflow/example_dags/example_setup_teardown_taskflow.py
[2023-10-29T01:01:03.190+0000] {logging_mixin.py:151} INFO - [2023-10-29T01:01:03.190+0000] {manager.py:499} INFO - Created Permission View: %s
[2023-10-29T01:01:03.204+0000] {logging_mixin.py:151} INFO - [2023-10-29T01:01:03.203+0000] {manager.py:499} INFO - Created Permission View: %s
[2023-10-29T01:01:03.214+0000] {logging_mixin.py:151} INFO - [2023-10-29T01:01:03.214+0000] {manager.py:499} INFO - Created Permission View: %s
[2023-10-29T01:01:03.214+0000] {logging_mixin.py:151} INFO - [2023-10-29T01:01:03.214+0000] {dag.py:2941} INFO - Sync 1 DAGs
[2023-10-29T01:01:03.225+0000] {logging_mixin.py:151} INFO - [2023-10-29T01:01:03.224+0000] {dag.py:2963} INFO - Creating ORM DAG for example_setup_teardown_taskflow
[2023-10-29T01:01:03.233+0000] {logging_mixin.py:151} INFO - [2023-10-29T01:01:03.233+0000] {dag.py:3722} INFO - Setting next_dagrun for example_setup_teardown_taskflow to 2023-10-28T01:01:03.233143+00:00, run_after=2023-10-29T01:01:03.233143+00:00
[2023-10-29T01:01:03.256+0000] {processor.py:179} INFO - Processing /usr/local/lib/python3.10/dist-packages/airflow/example_dags/example_setup_teardown_taskflow.py took 0.305 seconds
[2023-10-29T01:01:54.433+0000] {processor.py:157} INFO - Started process (PID=3665) to work on /usr/local/lib/python3.10/dist-packages/airflow/example_dags/example_setup_teardown_taskflow.py
[2023-10-29T01:01:54.435+0000] {processor.py:829} INFO - Processing file /usr/local/lib/python3.10/dist-packages/airflow/example_dags/example_setup_teardown_taskflow.py for tasks to queue
[2023-10-29T01:01:54.435+0000] {logging_mixin.py:151} INFO - [2023-10-29T01:01:54.435+0000] {dagbag.py:536} INFO - Filling up the DagBag from /usr/local/lib/python3.10/dist-packages/airflow/example_dags/example_setup_teardown_taskflow.py
[2023-10-29T01:01:54.446+0000] {processor.py:839} INFO - DAG(s) dict_keys(['example_setup_teardown_taskflow']) retrieved from /usr/local/lib/python3.10/dist-packages/airflow/example_dags/example_setup_teardown_taskflow.py
[2023-10-29T01:01:54.464+0000] {logging_mixin.py:151} INFO - [2023-10-29T01:01:54.463+0000] {dag.py:2941} INFO - Sync 1 DAGs
[2023-10-29T01:01:54.484+0000] {logging_mixin.py:151} INFO - [2023-10-29T01:01:54.483+0000] {dag.py:3722} INFO - Setting next_dagrun for example_setup_teardown_taskflow to 2023-10-28T01:01:54.483749+00:00, run_after=2023-10-29T01:01:54.483749+00:00
[2023-10-29T01:01:54.507+0000] {processor.py:179} INFO - Processing /usr/local/lib/python3.10/dist-packages/airflow/example_dags/example_setup_teardown_taskflow.py took 0.076 seconds
[2023-10-29T01:02:32.491+0000] {processor.py:157} INFO - Started process (PID=3702) to work on /usr/local/lib/python3.10/dist-packages/airflow/example_dags/example_setup_teardown_taskflow.py
[2023-10-29T01:02:32.492+0000] {processor.py:829} INFO - Processing file /usr/local/lib/python3.10/dist-packages/airflow/example_dags/example_setup_teardown_taskflow.py for tasks to queue
[2023-10-29T01:02:32.493+0000] {logging_mixin.py:151} INFO - [2023-10-29T01:02:32.492+0000] {dagbag.py:536} INFO - Filling up the DagBag from /usr/local/lib/python3.10/dist-packages/airflow/example_dags/example_setup_teardown_taskflow.py
[2023-10-29T01:02:32.504+0000] {processor.py:839} INFO - DAG(s) dict_keys(['example_setup_teardown_taskflow']) retrieved from /usr/local/lib/python3.10/dist-packages/airflow/example_dags/example_setup_teardown_taskflow.py
[2023-10-29T01:02:32.522+0000] {logging_mixin.py:151} INFO - [2023-10-29T01:02:32.522+0000] {dag.py:2941} INFO - Sync 1 DAGs
[2023-10-29T01:02:32.542+0000] {logging_mixin.py:151} INFO - [2023-10-29T01:02:32.542+0000] {dag.py:3722} INFO - Setting next_dagrun for example_setup_teardown_taskflow to 2023-10-28T01:02:32.541926+00:00, run_after=2023-10-29T01:02:32.541926+00:00
[2023-10-29T01:02:32.565+0000] {processor.py:179} INFO - Processing /usr/local/lib/python3.10/dist-packages/airflow/example_dags/example_setup_teardown_taskflow.py took 0.077 seconds
[2023-10-29T01:03:13.836+0000] {processor.py:157} INFO - Started process (PID=3748) to work on /usr/local/lib/python3.10/dist-packages/airflow/example_dags/example_setup_teardown_taskflow.py
[2023-10-29T01:03:13.838+0000] {processor.py:829} INFO - Processing file /usr/local/lib/python3.10/dist-packages/airflow/example_dags/example_setup_teardown_taskflow.py for tasks to queue
[2023-10-29T01:03:13.839+0000] {logging_mixin.py:151} INFO - [2023-10-29T01:03:13.838+0000] {dagbag.py:536} INFO - Filling up the DagBag from /usr/local/lib/python3.10/dist-packages/airflow/example_dags/example_setup_teardown_taskflow.py
[2023-10-29T01:03:13.850+0000] {processor.py:839} INFO - DAG(s) dict_keys(['example_setup_teardown_taskflow']) retrieved from /usr/local/lib/python3.10/dist-packages/airflow/example_dags/example_setup_teardown_taskflow.py
[2023-10-29T01:03:13.869+0000] {logging_mixin.py:151} INFO - [2023-10-29T01:03:13.869+0000] {dag.py:2941} INFO - Sync 1 DAGs
[2023-10-29T01:03:13.891+0000] {logging_mixin.py:151} INFO - [2023-10-29T01:03:13.891+0000] {dag.py:3722} INFO - Setting next_dagrun for example_setup_teardown_taskflow to 2023-10-28T01:03:13.890806+00:00, run_after=2023-10-29T01:03:13.890806+00:00
[2023-10-29T01:03:13.916+0000] {processor.py:179} INFO - Processing /usr/local/lib/python3.10/dist-packages/airflow/example_dags/example_setup_teardown_taskflow.py took 0.083 seconds
[2023-10-29T01:03:55.539+0000] {processor.py:157} INFO - Started process (PID=3791) to work on /usr/local/lib/python3.10/dist-packages/airflow/example_dags/example_setup_teardown_taskflow.py
[2023-10-29T01:03:55.541+0000] {processor.py:829} INFO - Processing file /usr/local/lib/python3.10/dist-packages/airflow/example_dags/example_setup_teardown_taskflow.py for tasks to queue
[2023-10-29T01:03:55.541+0000] {logging_mixin.py:151} INFO - [2023-10-29T01:03:55.541+0000] {dagbag.py:536} INFO - Filling up the DagBag from /usr/local/lib/python3.10/dist-packages/airflow/example_dags/example_setup_teardown_taskflow.py
[2023-10-29T01:03:55.552+0000] {processor.py:839} INFO - DAG(s) dict_keys(['example_setup_teardown_taskflow']) retrieved from /usr/local/lib/python3.10/dist-packages/airflow/example_dags/example_setup_teardown_taskflow.py
[2023-10-29T01:03:55.570+0000] {logging_mixin.py:151} INFO - [2023-10-29T01:03:55.570+0000] {dag.py:2941} INFO - Sync 1 DAGs
[2023-10-29T01:03:55.590+0000] {logging_mixin.py:151} INFO - [2023-10-29T01:03:55.590+0000] {dag.py:3722} INFO - Setting next_dagrun for example_setup_teardown_taskflow to 2023-10-28T01:03:55.589986+00:00, run_after=2023-10-29T01:03:55.589986+00:00
[2023-10-29T01:03:55.612+0000] {processor.py:179} INFO - Processing /usr/local/lib/python3.10/dist-packages/airflow/example_dags/example_setup_teardown_taskflow.py took 0.076 seconds
[2023-10-29T01:04:36.421+0000] {processor.py:157} INFO - Started process (PID=3834) to work on /usr/local/lib/python3.10/dist-packages/airflow/example_dags/example_setup_teardown_taskflow.py
[2023-10-29T01:04:36.422+0000] {processor.py:829} INFO - Processing file /usr/local/lib/python3.10/dist-packages/airflow/example_dags/example_setup_teardown_taskflow.py for tasks to queue
[2023-10-29T01:04:36.423+0000] {logging_mixin.py:151} INFO - [2023-10-29T01:04:36.423+0000] {dagbag.py:536} INFO - Filling up the DagBag from /usr/local/lib/python3.10/dist-packages/airflow/example_dags/example_setup_teardown_taskflow.py
[2023-10-29T01:04:36.435+0000] {processor.py:839} INFO - DAG(s) dict_keys(['example_setup_teardown_taskflow']) retrieved from /usr/local/lib/python3.10/dist-packages/airflow/example_dags/example_setup_teardown_taskflow.py
[2023-10-29T01:04:36.453+0000] {logging_mixin.py:151} INFO - [2023-10-29T01:04:36.453+0000] {dag.py:2941} INFO - Sync 1 DAGs
[2023-10-29T01:04:36.475+0000] {logging_mixin.py:151} INFO - [2023-10-29T01:04:36.475+0000] {dag.py:3722} INFO - Setting next_dagrun for example_setup_teardown_taskflow to 2023-10-28T01:04:36.474966+00:00, run_after=2023-10-29T01:04:36.474966+00:00
[2023-10-29T01:04:36.501+0000] {processor.py:179} INFO - Processing /usr/local/lib/python3.10/dist-packages/airflow/example_dags/example_setup_teardown_taskflow.py took 0.083 seconds
[2023-10-29T01:05:19.575+0000] {processor.py:157} INFO - Started process (PID=3880) to work on /usr/local/lib/python3.10/dist-packages/airflow/example_dags/example_setup_teardown_taskflow.py
[2023-10-29T01:05:19.577+0000] {processor.py:829} INFO - Processing file /usr/local/lib/python3.10/dist-packages/airflow/example_dags/example_setup_teardown_taskflow.py for tasks to queue
[2023-10-29T01:05:19.577+0000] {logging_mixin.py:151} INFO - [2023-10-29T01:05:19.577+0000] {dagbag.py:536} INFO - Filling up the DagBag from /usr/local/lib/python3.10/dist-packages/airflow/example_dags/example_setup_teardown_taskflow.py
[2023-10-29T01:05:19.588+0000] {processor.py:839} INFO - DAG(s) dict_keys(['example_setup_teardown_taskflow']) retrieved from /usr/local/lib/python3.10/dist-packages/airflow/example_dags/example_setup_teardown_taskflow.py
[2023-10-29T01:05:19.605+0000] {logging_mixin.py:151} INFO - [2023-10-29T01:05:19.605+0000] {dag.py:2941} INFO - Sync 1 DAGs
[2023-10-29T01:05:19.625+0000] {logging_mixin.py:151} INFO - [2023-10-29T01:05:19.625+0000] {dag.py:3722} INFO - Setting next_dagrun for example_setup_teardown_taskflow to 2023-10-28T01:05:19.625343+00:00, run_after=2023-10-29T01:05:19.625343+00:00
[2023-10-29T01:05:19.648+0000] {processor.py:179} INFO - Processing /usr/local/lib/python3.10/dist-packages/airflow/example_dags/example_setup_teardown_taskflow.py took 0.076 seconds
[2023-10-29T01:06:04.332+0000] {processor.py:157} INFO - Started process (PID=3927) to work on /usr/local/lib/python3.10/dist-packages/airflow/example_dags/example_setup_teardown_taskflow.py
[2023-10-29T01:06:04.333+0000] {processor.py:829} INFO - Processing file /usr/local/lib/python3.10/dist-packages/airflow/example_dags/example_setup_teardown_taskflow.py for tasks to queue
[2023-10-29T01:06:04.334+0000] {logging_mixin.py:151} INFO - [2023-10-29T01:06:04.334+0000] {dagbag.py:536} INFO - Filling up the DagBag from /usr/local/lib/python3.10/dist-packages/airflow/example_dags/example_setup_teardown_taskflow.py
[2023-10-29T01:06:04.345+0000] {processor.py:839} INFO - DAG(s) dict_keys(['example_setup_teardown_taskflow']) retrieved from /usr/local/lib/python3.10/dist-packages/airflow/example_dags/example_setup_teardown_taskflow.py
[2023-10-29T01:06:04.362+0000] {logging_mixin.py:151} INFO - [2023-10-29T01:06:04.362+0000] {dag.py:2941} INFO - Sync 1 DAGs
[2023-10-29T01:06:04.382+0000] {logging_mixin.py:151} INFO - [2023-10-29T01:06:04.381+0000] {dag.py:3722} INFO - Setting next_dagrun for example_setup_teardown_taskflow to 2023-10-28T01:06:04.381739+00:00, run_after=2023-10-29T01:06:04.381739+00:00
[2023-10-29T01:06:04.404+0000] {processor.py:179} INFO - Processing /usr/local/lib/python3.10/dist-packages/airflow/example_dags/example_setup_teardown_taskflow.py took 0.075 seconds
[2023-10-29T01:06:49.655+0000] {processor.py:157} INFO - Started process (PID=3975) to work on /usr/local/lib/python3.10/dist-packages/airflow/example_dags/example_setup_teardown_taskflow.py
[2023-10-29T01:06:49.656+0000] {processor.py:829} INFO - Processing file /usr/local/lib/python3.10/dist-packages/airflow/example_dags/example_setup_teardown_taskflow.py for tasks to queue
[2023-10-29T01:06:49.657+0000] {logging_mixin.py:151} INFO - [2023-10-29T01:06:49.657+0000] {dagbag.py:536} INFO - Filling up the DagBag from /usr/local/lib/python3.10/dist-packages/airflow/example_dags/example_setup_teardown_taskflow.py
[2023-10-29T01:06:49.668+0000] {processor.py:839} INFO - DAG(s) dict_keys(['example_setup_teardown_taskflow']) retrieved from /usr/local/lib/python3.10/dist-packages/airflow/example_dags/example_setup_teardown_taskflow.py
[2023-10-29T01:06:49.686+0000] {logging_mixin.py:151} INFO - [2023-10-29T01:06:49.686+0000] {dag.py:2941} INFO - Sync 1 DAGs
[2023-10-29T01:06:49.707+0000] {logging_mixin.py:151} INFO - [2023-10-29T01:06:49.706+0000] {dag.py:3722} INFO - Setting next_dagrun for example_setup_teardown_taskflow to 2023-10-28T01:06:49.706584+00:00, run_after=2023-10-29T01:06:49.706584+00:00
[2023-10-29T01:06:49.730+0000] {processor.py:179} INFO - Processing /usr/local/lib/python3.10/dist-packages/airflow/example_dags/example_setup_teardown_taskflow.py took 0.078 seconds
[2023-10-29T01:07:28.161+0000] {processor.py:157} INFO - Started process (PID=4016) to work on /usr/local/lib/python3.10/dist-packages/airflow/example_dags/example_setup_teardown_taskflow.py
[2023-10-29T01:07:28.162+0000] {processor.py:829} INFO - Processing file /usr/local/lib/python3.10/dist-packages/airflow/example_dags/example_setup_teardown_taskflow.py for tasks to queue
[2023-10-29T01:07:28.163+0000] {logging_mixin.py:151} INFO - [2023-10-29T01:07:28.162+0000] {dagbag.py:536} INFO - Filling up the DagBag from /usr/local/lib/python3.10/dist-packages/airflow/example_dags/example_setup_teardown_taskflow.py
[2023-10-29T01:07:28.173+0000] {processor.py:839} INFO - DAG(s) dict_keys(['example_setup_teardown_taskflow']) retrieved from /usr/local/lib/python3.10/dist-packages/airflow/example_dags/example_setup_teardown_taskflow.py
[2023-10-29T01:07:28.191+0000] {logging_mixin.py:151} INFO - [2023-10-29T01:07:28.190+0000] {dag.py:2941} INFO - Sync 1 DAGs
[2023-10-29T01:07:28.211+0000] {logging_mixin.py:151} INFO - [2023-10-29T01:07:28.211+0000] {dag.py:3722} INFO - Setting next_dagrun for example_setup_teardown_taskflow to 2023-10-28T01:07:28.210850+00:00, run_after=2023-10-29T01:07:28.210850+00:00
[2023-10-29T01:07:28.233+0000] {processor.py:179} INFO - Processing /usr/local/lib/python3.10/dist-packages/airflow/example_dags/example_setup_teardown_taskflow.py took 0.076 seconds
[2023-10-29T01:08:05.282+0000] {processor.py:157} INFO - Started process (PID=4052) to work on /usr/local/lib/python3.10/dist-packages/airflow/example_dags/example_setup_teardown_taskflow.py
[2023-10-29T01:08:05.284+0000] {processor.py:829} INFO - Processing file /usr/local/lib/python3.10/dist-packages/airflow/example_dags/example_setup_teardown_taskflow.py for tasks to queue
[2023-10-29T01:08:05.284+0000] {logging_mixin.py:151} INFO - [2023-10-29T01:08:05.284+0000] {dagbag.py:536} INFO - Filling up the DagBag from /usr/local/lib/python3.10/dist-packages/airflow/example_dags/example_setup_teardown_taskflow.py
[2023-10-29T01:08:05.295+0000] {processor.py:839} INFO - DAG(s) dict_keys(['example_setup_teardown_taskflow']) retrieved from /usr/local/lib/python3.10/dist-packages/airflow/example_dags/example_setup_teardown_taskflow.py
[2023-10-29T01:08:05.313+0000] {logging_mixin.py:151} INFO - [2023-10-29T01:08:05.313+0000] {dag.py:2941} INFO - Sync 1 DAGs
[2023-10-29T01:08:05.332+0000] {logging_mixin.py:151} INFO - [2023-10-29T01:08:05.332+0000] {dag.py:3722} INFO - Setting next_dagrun for example_setup_teardown_taskflow to 2023-10-28T01:08:05.332532+00:00, run_after=2023-10-29T01:08:05.332532+00:00
[2023-10-29T01:08:05.354+0000] {processor.py:179} INFO - Processing /usr/local/lib/python3.10/dist-packages/airflow/example_dags/example_setup_teardown_taskflow.py took 0.075 seconds
[2023-10-29T01:08:50.460+0000] {processor.py:157} INFO - Started process (PID=4098) to work on /usr/local/lib/python3.10/dist-packages/airflow/example_dags/example_setup_teardown_taskflow.py
[2023-10-29T01:08:50.461+0000] {processor.py:829} INFO - Processing file /usr/local/lib/python3.10/dist-packages/airflow/example_dags/example_setup_teardown_taskflow.py for tasks to queue
[2023-10-29T01:08:50.462+0000] {logging_mixin.py:151} INFO - [2023-10-29T01:08:50.462+0000] {dagbag.py:536} INFO - Filling up the DagBag from /usr/local/lib/python3.10/dist-packages/airflow/example_dags/example_setup_teardown_taskflow.py
[2023-10-29T01:08:50.473+0000] {processor.py:839} INFO - DAG(s) dict_keys(['example_setup_teardown_taskflow']) retrieved from /usr/local/lib/python3.10/dist-packages/airflow/example_dags/example_setup_teardown_taskflow.py
[2023-10-29T01:08:50.490+0000] {logging_mixin.py:151} INFO - [2023-10-29T01:08:50.490+0000] {dag.py:2941} INFO - Sync 1 DAGs
[2023-10-29T01:08:50.509+0000] {logging_mixin.py:151} INFO - [2023-10-29T01:08:50.509+0000] {dag.py:3722} INFO - Setting next_dagrun for example_setup_teardown_taskflow to 2023-10-28T01:08:50.509488+00:00, run_after=2023-10-29T01:08:50.509488+00:00
[2023-10-29T01:08:50.532+0000] {processor.py:179} INFO - Processing /usr/local/lib/python3.10/dist-packages/airflow/example_dags/example_setup_teardown_taskflow.py took 0.076 seconds
[2023-10-29T01:09:36.731+0000] {processor.py:157} INFO - Started process (PID=4146) to work on /usr/local/lib/python3.10/dist-packages/airflow/example_dags/example_setup_teardown_taskflow.py
[2023-10-29T01:09:36.732+0000] {processor.py:829} INFO - Processing file /usr/local/lib/python3.10/dist-packages/airflow/example_dags/example_setup_teardown_taskflow.py for tasks to queue
[2023-10-29T01:09:36.733+0000] {logging_mixin.py:151} INFO - [2023-10-29T01:09:36.733+0000] {dagbag.py:536} INFO - Filling up the DagBag from /usr/local/lib/python3.10/dist-packages/airflow/example_dags/example_setup_teardown_taskflow.py
[2023-10-29T01:09:36.744+0000] {processor.py:839} INFO - DAG(s) dict_keys(['example_setup_teardown_taskflow']) retrieved from /usr/local/lib/python3.10/dist-packages/airflow/example_dags/example_setup_teardown_taskflow.py
[2023-10-29T01:09:36.761+0000] {logging_mixin.py:151} INFO - [2023-10-29T01:09:36.761+0000] {dag.py:2941} INFO - Sync 1 DAGs
[2023-10-29T01:09:36.781+0000] {logging_mixin.py:151} INFO - [2023-10-29T01:09:36.781+0000] {dag.py:3722} INFO - Setting next_dagrun for example_setup_teardown_taskflow to 2023-10-28T01:09:36.780933+00:00, run_after=2023-10-29T01:09:36.780933+00:00
[2023-10-29T01:09:36.802+0000] {processor.py:179} INFO - Processing /usr/local/lib/python3.10/dist-packages/airflow/example_dags/example_setup_teardown_taskflow.py took 0.074 seconds
[2023-10-29T01:10:24.124+0000] {processor.py:157} INFO - Started process (PID=4193) to work on /usr/local/lib/python3.10/dist-packages/airflow/example_dags/example_setup_teardown_taskflow.py
[2023-10-29T01:10:24.125+0000] {processor.py:829} INFO - Processing file /usr/local/lib/python3.10/dist-packages/airflow/example_dags/example_setup_teardown_taskflow.py for tasks to queue
[2023-10-29T01:10:24.126+0000] {logging_mixin.py:151} INFO - [2023-10-29T01:10:24.125+0000] {dagbag.py:536} INFO - Filling up the DagBag from /usr/local/lib/python3.10/dist-packages/airflow/example_dags/example_setup_teardown_taskflow.py
[2023-10-29T01:10:24.136+0000] {processor.py:839} INFO - DAG(s) dict_keys(['example_setup_teardown_taskflow']) retrieved from /usr/local/lib/python3.10/dist-packages/airflow/example_dags/example_setup_teardown_taskflow.py
[2023-10-29T01:10:24.154+0000] {logging_mixin.py:151} INFO - [2023-10-29T01:10:24.153+0000] {dag.py:2941} INFO - Sync 1 DAGs
[2023-10-29T01:10:24.174+0000] {logging_mixin.py:151} INFO - [2023-10-29T01:10:24.174+0000] {dag.py:3722} INFO - Setting next_dagrun for example_setup_teardown_taskflow to 2023-10-28T01:10:24.174138+00:00, run_after=2023-10-29T01:10:24.174138+00:00
[2023-10-29T01:10:24.196+0000] {processor.py:179} INFO - Processing /usr/local/lib/python3.10/dist-packages/airflow/example_dags/example_setup_teardown_taskflow.py took 0.075 seconds
[2023-10-29T01:11:10.476+0000] {processor.py:157} INFO - Started process (PID=4240) to work on /usr/local/lib/python3.10/dist-packages/airflow/example_dags/example_setup_teardown_taskflow.py
[2023-10-29T01:11:10.477+0000] {processor.py:829} INFO - Processing file /usr/local/lib/python3.10/dist-packages/airflow/example_dags/example_setup_teardown_taskflow.py for tasks to queue
[2023-10-29T01:11:10.478+0000] {logging_mixin.py:151} INFO - [2023-10-29T01:11:10.478+0000] {dagbag.py:536} INFO - Filling up the DagBag from /usr/local/lib/python3.10/dist-packages/airflow/example_dags/example_setup_teardown_taskflow.py
[2023-10-29T01:11:10.489+0000] {processor.py:839} INFO - DAG(s) dict_keys(['example_setup_teardown_taskflow']) retrieved from /usr/local/lib/python3.10/dist-packages/airflow/example_dags/example_setup_teardown_taskflow.py
[2023-10-29T01:11:10.506+0000] {logging_mixin.py:151} INFO - [2023-10-29T01:11:10.506+0000] {dag.py:2941} INFO - Sync 1 DAGs
[2023-10-29T01:11:10.525+0000] {logging_mixin.py:151} INFO - [2023-10-29T01:11:10.525+0000] {dag.py:3722} INFO - Setting next_dagrun for example_setup_teardown_taskflow to 2023-10-28T01:11:10.525435+00:00, run_after=2023-10-29T01:11:10.525435+00:00
[2023-10-29T01:11:10.547+0000] {processor.py:179} INFO - Processing /usr/local/lib/python3.10/dist-packages/airflow/example_dags/example_setup_teardown_taskflow.py took 0.074 seconds
[2023-10-29T01:11:57.023+0000] {processor.py:157} INFO - Started process (PID=4663) to work on /usr/local/lib/python3.10/dist-packages/airflow/example_dags/example_setup_teardown_taskflow.py
[2023-10-29T01:11:57.024+0000] {processor.py:829} INFO - Processing file /usr/local/lib/python3.10/dist-packages/airflow/example_dags/example_setup_teardown_taskflow.py for tasks to queue
[2023-10-29T01:11:57.025+0000] {logging_mixin.py:151} INFO - [2023-10-29T01:11:57.024+0000] {dagbag.py:536} INFO - Filling up the DagBag from /usr/local/lib/python3.10/dist-packages/airflow/example_dags/example_setup_teardown_taskflow.py
[2023-10-29T01:11:57.036+0000] {processor.py:839} INFO - DAG(s) dict_keys(['example_setup_teardown_taskflow']) retrieved from /usr/local/lib/python3.10/dist-packages/airflow/example_dags/example_setup_teardown_taskflow.py
[2023-10-29T01:11:57.053+0000] {logging_mixin.py:151} INFO - [2023-10-29T01:11:57.053+0000] {dag.py:2941} INFO - Sync 1 DAGs
[2023-10-29T01:11:57.074+0000] {logging_mixin.py:151} INFO - [2023-10-29T01:11:57.073+0000] {dag.py:3722} INFO - Setting next_dagrun for example_setup_teardown_taskflow to 2023-10-28T01:11:57.073576+00:00, run_after=2023-10-29T01:11:57.073576+00:00
[2023-10-29T01:11:57.095+0000] {processor.py:179} INFO - Processing /usr/local/lib/python3.10/dist-packages/airflow/example_dags/example_setup_teardown_taskflow.py took 0.076 seconds
[2023-10-29T01:12:40.689+0000] {processor.py:157} INFO - Started process (PID=4710) to work on /usr/local/lib/python3.10/dist-packages/airflow/example_dags/example_setup_teardown_taskflow.py
[2023-10-29T01:12:40.690+0000] {processor.py:829} INFO - Processing file /usr/local/lib/python3.10/dist-packages/airflow/example_dags/example_setup_teardown_taskflow.py for tasks to queue
[2023-10-29T01:12:40.691+0000] {logging_mixin.py:151} INFO - [2023-10-29T01:12:40.691+0000] {dagbag.py:536} INFO - Filling up the DagBag from /usr/local/lib/python3.10/dist-packages/airflow/example_dags/example_setup_teardown_taskflow.py
[2023-10-29T01:12:40.702+0000] {processor.py:839} INFO - DAG(s) dict_keys(['example_setup_teardown_taskflow']) retrieved from /usr/local/lib/python3.10/dist-packages/airflow/example_dags/example_setup_teardown_taskflow.py
[2023-10-29T01:12:40.720+0000] {logging_mixin.py:151} INFO - [2023-10-29T01:12:40.720+0000] {dag.py:2941} INFO - Sync 1 DAGs
[2023-10-29T01:12:40.740+0000] {logging_mixin.py:151} INFO - [2023-10-29T01:12:40.739+0000] {dag.py:3722} INFO - Setting next_dagrun for example_setup_teardown_taskflow to 2023-10-28T01:12:40.739708+00:00, run_after=2023-10-29T01:12:40.739708+00:00
[2023-10-29T01:12:40.764+0000] {processor.py:179} INFO - Processing /usr/local/lib/python3.10/dist-packages/airflow/example_dags/example_setup_teardown_taskflow.py took 0.078 seconds
[2023-10-29T01:13:19.595+0000] {processor.py:157} INFO - Started process (PID=4756) to work on /usr/local/lib/python3.10/dist-packages/airflow/example_dags/example_setup_teardown_taskflow.py
[2023-10-29T01:13:19.596+0000] {processor.py:829} INFO - Processing file /usr/local/lib/python3.10/dist-packages/airflow/example_dags/example_setup_teardown_taskflow.py for tasks to queue
[2023-10-29T01:13:19.597+0000] {logging_mixin.py:151} INFO - [2023-10-29T01:13:19.597+0000] {dagbag.py:536} INFO - Filling up the DagBag from /usr/local/lib/python3.10/dist-packages/airflow/example_dags/example_setup_teardown_taskflow.py
[2023-10-29T01:13:19.608+0000] {processor.py:839} INFO - DAG(s) dict_keys(['example_setup_teardown_taskflow']) retrieved from /usr/local/lib/python3.10/dist-packages/airflow/example_dags/example_setup_teardown_taskflow.py
[2023-10-29T01:13:19.625+0000] {logging_mixin.py:151} INFO - [2023-10-29T01:13:19.625+0000] {dag.py:2941} INFO - Sync 1 DAGs
[2023-10-29T01:13:19.645+0000] {logging_mixin.py:151} INFO - [2023-10-29T01:13:19.645+0000] {dag.py:3722} INFO - Setting next_dagrun for example_setup_teardown_taskflow to 2023-10-28T01:13:19.645305+00:00, run_after=2023-10-29T01:13:19.645305+00:00
[2023-10-29T01:13:19.666+0000] {processor.py:179} INFO - Processing /usr/local/lib/python3.10/dist-packages/airflow/example_dags/example_setup_teardown_taskflow.py took 0.075 seconds
[2023-10-29T01:14:01.863+0000] {processor.py:157} INFO - Started process (PID=4802) to work on /usr/local/lib/python3.10/dist-packages/airflow/example_dags/example_setup_teardown_taskflow.py
[2023-10-29T01:14:01.864+0000] {processor.py:829} INFO - Processing file /usr/local/lib/python3.10/dist-packages/airflow/example_dags/example_setup_teardown_taskflow.py for tasks to queue
[2023-10-29T01:14:01.865+0000] {logging_mixin.py:151} INFO - [2023-10-29T01:14:01.865+0000] {dagbag.py:536} INFO - Filling up the DagBag from /usr/local/lib/python3.10/dist-packages/airflow/example_dags/example_setup_teardown_taskflow.py
[2023-10-29T01:14:01.876+0000] {processor.py:839} INFO - DAG(s) dict_keys(['example_setup_teardown_taskflow']) retrieved from /usr/local/lib/python3.10/dist-packages/airflow/example_dags/example_setup_teardown_taskflow.py
[2023-10-29T01:14:01.895+0000] {logging_mixin.py:151} INFO - [2023-10-29T01:14:01.894+0000] {dag.py:2941} INFO - Sync 1 DAGs
[2023-10-29T01:14:01.915+0000] {logging_mixin.py:151} INFO - [2023-10-29T01:14:01.915+0000] {dag.py:3722} INFO - Setting next_dagrun for example_setup_teardown_taskflow to 2023-10-28T01:14:01.914842+00:00, run_after=2023-10-29T01:14:01.914842+00:00
[2023-10-29T01:14:01.937+0000] {processor.py:179} INFO - Processing /usr/local/lib/python3.10/dist-packages/airflow/example_dags/example_setup_teardown_taskflow.py took 0.078 seconds
[2023-10-29T01:14:33.295+0000] {processor.py:157} INFO - Started process (PID=4836) to work on /usr/local/lib/python3.10/dist-packages/airflow/example_dags/example_setup_teardown_taskflow.py
[2023-10-29T01:14:33.296+0000] {processor.py:829} INFO - Processing file /usr/local/lib/python3.10/dist-packages/airflow/example_dags/example_setup_teardown_taskflow.py for tasks to queue
[2023-10-29T01:14:33.297+0000] {logging_mixin.py:151} INFO - [2023-10-29T01:14:33.296+0000] {dagbag.py:536} INFO - Filling up the DagBag from /usr/local/lib/python3.10/dist-packages/airflow/example_dags/example_setup_teardown_taskflow.py
[2023-10-29T01:14:33.307+0000] {processor.py:839} INFO - DAG(s) dict_keys(['example_setup_teardown_taskflow']) retrieved from /usr/local/lib/python3.10/dist-packages/airflow/example_dags/example_setup_teardown_taskflow.py
[2023-10-29T01:14:33.325+0000] {logging_mixin.py:151} INFO - [2023-10-29T01:14:33.325+0000] {dag.py:2941} INFO - Sync 1 DAGs
[2023-10-29T01:14:33.345+0000] {logging_mixin.py:151} INFO - [2023-10-29T01:14:33.345+0000] {dag.py:3722} INFO - Setting next_dagrun for example_setup_teardown_taskflow to 2023-10-28T01:14:33.345214+00:00, run_after=2023-10-29T01:14:33.345214+00:00
[2023-10-29T01:14:33.367+0000] {processor.py:179} INFO - Processing /usr/local/lib/python3.10/dist-packages/airflow/example_dags/example_setup_teardown_taskflow.py took 0.075 seconds
[2023-10-29T01:15:14.054+0000] {processor.py:157} INFO - Started process (PID=4879) to work on /usr/local/lib/python3.10/dist-packages/airflow/example_dags/example_setup_teardown_taskflow.py
[2023-10-29T01:15:14.055+0000] {processor.py:829} INFO - Processing file /usr/local/lib/python3.10/dist-packages/airflow/example_dags/example_setup_teardown_taskflow.py for tasks to queue
[2023-10-29T01:15:14.056+0000] {logging_mixin.py:151} INFO - [2023-10-29T01:15:14.056+0000] {dagbag.py:536} INFO - Filling up the DagBag from /usr/local/lib/python3.10/dist-packages/airflow/example_dags/example_setup_teardown_taskflow.py
[2023-10-29T01:15:14.067+0000] {processor.py:839} INFO - DAG(s) dict_keys(['example_setup_teardown_taskflow']) retrieved from /usr/local/lib/python3.10/dist-packages/airflow/example_dags/example_setup_teardown_taskflow.py
[2023-10-29T01:15:14.084+0000] {logging_mixin.py:151} INFO - [2023-10-29T01:15:14.084+0000] {dag.py:2941} INFO - Sync 1 DAGs
[2023-10-29T01:15:14.104+0000] {logging_mixin.py:151} INFO - [2023-10-29T01:15:14.104+0000] {dag.py:3722} INFO - Setting next_dagrun for example_setup_teardown_taskflow to 2023-10-28T01:15:14.104212+00:00, run_after=2023-10-29T01:15:14.104212+00:00
[2023-10-29T01:15:14.125+0000] {processor.py:179} INFO - Processing /usr/local/lib/python3.10/dist-packages/airflow/example_dags/example_setup_teardown_taskflow.py took 0.074 seconds
[2023-10-29T01:15:58.434+0000] {processor.py:157} INFO - Started process (PID=4925) to work on /usr/local/lib/python3.10/dist-packages/airflow/example_dags/example_setup_teardown_taskflow.py
[2023-10-29T01:15:58.436+0000] {processor.py:829} INFO - Processing file /usr/local/lib/python3.10/dist-packages/airflow/example_dags/example_setup_teardown_taskflow.py for tasks to queue
[2023-10-29T01:15:58.436+0000] {logging_mixin.py:151} INFO - [2023-10-29T01:15:58.436+0000] {dagbag.py:536} INFO - Filling up the DagBag from /usr/local/lib/python3.10/dist-packages/airflow/example_dags/example_setup_teardown_taskflow.py
[2023-10-29T01:15:58.447+0000] {processor.py:839} INFO - DAG(s) dict_keys(['example_setup_teardown_taskflow']) retrieved from /usr/local/lib/python3.10/dist-packages/airflow/example_dags/example_setup_teardown_taskflow.py
[2023-10-29T01:15:58.465+0000] {logging_mixin.py:151} INFO - [2023-10-29T01:15:58.465+0000] {dag.py:2941} INFO - Sync 1 DAGs
[2023-10-29T01:15:58.485+0000] {logging_mixin.py:151} INFO - [2023-10-29T01:15:58.485+0000] {dag.py:3722} INFO - Setting next_dagrun for example_setup_teardown_taskflow to 2023-10-28T01:15:58.484919+00:00, run_after=2023-10-29T01:15:58.484919+00:00
[2023-10-29T01:15:58.506+0000] {processor.py:179} INFO - Processing /usr/local/lib/python3.10/dist-packages/airflow/example_dags/example_setup_teardown_taskflow.py took 0.075 seconds
[2023-10-29T01:16:34.467+0000] {processor.py:157} INFO - Started process (PID=4961) to work on /usr/local/lib/python3.10/dist-packages/airflow/example_dags/example_setup_teardown_taskflow.py
[2023-10-29T01:16:34.468+0000] {processor.py:829} INFO - Processing file /usr/local/lib/python3.10/dist-packages/airflow/example_dags/example_setup_teardown_taskflow.py for tasks to queue
[2023-10-29T01:16:34.469+0000] {logging_mixin.py:151} INFO - [2023-10-29T01:16:34.468+0000] {dagbag.py:536} INFO - Filling up the DagBag from /usr/local/lib/python3.10/dist-packages/airflow/example_dags/example_setup_teardown_taskflow.py
[2023-10-29T01:16:34.480+0000] {processor.py:839} INFO - DAG(s) dict_keys(['example_setup_teardown_taskflow']) retrieved from /usr/local/lib/python3.10/dist-packages/airflow/example_dags/example_setup_teardown_taskflow.py
[2023-10-29T01:16:34.498+0000] {logging_mixin.py:151} INFO - [2023-10-29T01:16:34.498+0000] {dag.py:2941} INFO - Sync 1 DAGs
[2023-10-29T01:16:34.518+0000] {logging_mixin.py:151} INFO - [2023-10-29T01:16:34.518+0000] {dag.py:3722} INFO - Setting next_dagrun for example_setup_teardown_taskflow to 2023-10-28T01:16:34.517814+00:00, run_after=2023-10-29T01:16:34.517814+00:00
[2023-10-29T01:16:34.539+0000] {processor.py:179} INFO - Processing /usr/local/lib/python3.10/dist-packages/airflow/example_dags/example_setup_teardown_taskflow.py took 0.075 seconds
[2023-10-29T01:17:19.745+0000] {processor.py:157} INFO - Started process (PID=5010) to work on /usr/local/lib/python3.10/dist-packages/airflow/example_dags/example_setup_teardown_taskflow.py
[2023-10-29T01:17:19.746+0000] {processor.py:829} INFO - Processing file /usr/local/lib/python3.10/dist-packages/airflow/example_dags/example_setup_teardown_taskflow.py for tasks to queue
[2023-10-29T01:17:19.747+0000] {logging_mixin.py:151} INFO - [2023-10-29T01:17:19.747+0000] {dagbag.py:536} INFO - Filling up the DagBag from /usr/local/lib/python3.10/dist-packages/airflow/example_dags/example_setup_teardown_taskflow.py
[2023-10-29T01:17:19.758+0000] {processor.py:839} INFO - DAG(s) dict_keys(['example_setup_teardown_taskflow']) retrieved from /usr/local/lib/python3.10/dist-packages/airflow/example_dags/example_setup_teardown_taskflow.py
[2023-10-29T01:17:19.776+0000] {logging_mixin.py:151} INFO - [2023-10-29T01:17:19.776+0000] {dag.py:2941} INFO - Sync 1 DAGs
[2023-10-29T01:17:19.796+0000] {logging_mixin.py:151} INFO - [2023-10-29T01:17:19.796+0000] {dag.py:3722} INFO - Setting next_dagrun for example_setup_teardown_taskflow to 2023-10-28T01:17:19.796288+00:00, run_after=2023-10-29T01:17:19.796288+00:00
[2023-10-29T01:17:19.820+0000] {processor.py:179} INFO - Processing /usr/local/lib/python3.10/dist-packages/airflow/example_dags/example_setup_teardown_taskflow.py took 0.079 seconds
[2023-10-29T01:18:05.175+0000] {processor.py:157} INFO - Started process (PID=5056) to work on /usr/local/lib/python3.10/dist-packages/airflow/example_dags/example_setup_teardown_taskflow.py
[2023-10-29T01:18:05.176+0000] {processor.py:829} INFO - Processing file /usr/local/lib/python3.10/dist-packages/airflow/example_dags/example_setup_teardown_taskflow.py for tasks to queue
[2023-10-29T01:18:05.177+0000] {logging_mixin.py:151} INFO - [2023-10-29T01:18:05.176+0000] {dagbag.py:536} INFO - Filling up the DagBag from /usr/local/lib/python3.10/dist-packages/airflow/example_dags/example_setup_teardown_taskflow.py
[2023-10-29T01:18:05.187+0000] {processor.py:839} INFO - DAG(s) dict_keys(['example_setup_teardown_taskflow']) retrieved from /usr/local/lib/python3.10/dist-packages/airflow/example_dags/example_setup_teardown_taskflow.py
[2023-10-29T01:18:05.205+0000] {logging_mixin.py:151} INFO - [2023-10-29T01:18:05.205+0000] {dag.py:2941} INFO - Sync 1 DAGs
[2023-10-29T01:18:05.224+0000] {logging_mixin.py:151} INFO - [2023-10-29T01:18:05.224+0000] {dag.py:3722} INFO - Setting next_dagrun for example_setup_teardown_taskflow to 2023-10-28T01:18:05.224401+00:00, run_after=2023-10-29T01:18:05.224401+00:00
[2023-10-29T01:18:05.246+0000] {processor.py:179} INFO - Processing /usr/local/lib/python3.10/dist-packages/airflow/example_dags/example_setup_teardown_taskflow.py took 0.075 seconds
[2023-10-29T01:18:51.673+0000] {processor.py:157} INFO - Started process (PID=5104) to work on /usr/local/lib/python3.10/dist-packages/airflow/example_dags/example_setup_teardown_taskflow.py
[2023-10-29T01:18:51.674+0000] {processor.py:829} INFO - Processing file /usr/local/lib/python3.10/dist-packages/airflow/example_dags/example_setup_teardown_taskflow.py for tasks to queue
[2023-10-29T01:18:51.675+0000] {logging_mixin.py:151} INFO - [2023-10-29T01:18:51.675+0000] {dagbag.py:536} INFO - Filling up the DagBag from /usr/local/lib/python3.10/dist-packages/airflow/example_dags/example_setup_teardown_taskflow.py
[2023-10-29T01:18:51.686+0000] {processor.py:839} INFO - DAG(s) dict_keys(['example_setup_teardown_taskflow']) retrieved from /usr/local/lib/python3.10/dist-packages/airflow/example_dags/example_setup_teardown_taskflow.py
[2023-10-29T01:18:51.705+0000] {logging_mixin.py:151} INFO - [2023-10-29T01:18:51.705+0000] {dag.py:2941} INFO - Sync 1 DAGs
[2023-10-29T01:18:51.727+0000] {logging_mixin.py:151} INFO - [2023-10-29T01:18:51.726+0000] {dag.py:3722} INFO - Setting next_dagrun for example_setup_teardown_taskflow to 2023-10-28T01:18:51.726730+00:00, run_after=2023-10-29T01:18:51.726730+00:00
[2023-10-29T01:18:51.752+0000] {processor.py:179} INFO - Processing /usr/local/lib/python3.10/dist-packages/airflow/example_dags/example_setup_teardown_taskflow.py took 0.082 seconds
[2023-10-29T01:19:39.336+0000] {processor.py:157} INFO - Started process (PID=5151) to work on /usr/local/lib/python3.10/dist-packages/airflow/example_dags/example_setup_teardown_taskflow.py
[2023-10-29T01:19:39.338+0000] {processor.py:829} INFO - Processing file /usr/local/lib/python3.10/dist-packages/airflow/example_dags/example_setup_teardown_taskflow.py for tasks to queue
[2023-10-29T01:19:39.338+0000] {logging_mixin.py:151} INFO - [2023-10-29T01:19:39.338+0000] {dagbag.py:536} INFO - Filling up the DagBag from /usr/local/lib/python3.10/dist-packages/airflow/example_dags/example_setup_teardown_taskflow.py
[2023-10-29T01:19:39.349+0000] {processor.py:839} INFO - DAG(s) dict_keys(['example_setup_teardown_taskflow']) retrieved from /usr/local/lib/python3.10/dist-packages/airflow/example_dags/example_setup_teardown_taskflow.py
[2023-10-29T01:19:39.367+0000] {logging_mixin.py:151} INFO - [2023-10-29T01:19:39.367+0000] {dag.py:2941} INFO - Sync 1 DAGs
[2023-10-29T01:19:39.387+0000] {logging_mixin.py:151} INFO - [2023-10-29T01:19:39.386+0000] {dag.py:3722} INFO - Setting next_dagrun for example_setup_teardown_taskflow to 2023-10-28T01:19:39.386658+00:00, run_after=2023-10-29T01:19:39.386658+00:00
[2023-10-29T01:19:39.408+0000] {processor.py:179} INFO - Processing /usr/local/lib/python3.10/dist-packages/airflow/example_dags/example_setup_teardown_taskflow.py took 0.075 seconds
[2023-10-29T01:20:10.817+0000] {processor.py:157} INFO - Started process (PID=5185) to work on /usr/local/lib/python3.10/dist-packages/airflow/example_dags/example_setup_teardown_taskflow.py
[2023-10-29T01:20:10.817+0000] {processor.py:829} INFO - Processing file /usr/local/lib/python3.10/dist-packages/airflow/example_dags/example_setup_teardown_taskflow.py for tasks to queue
[2023-10-29T01:20:10.818+0000] {logging_mixin.py:151} INFO - [2023-10-29T01:20:10.818+0000] {dagbag.py:536} INFO - Filling up the DagBag from /usr/local/lib/python3.10/dist-packages/airflow/example_dags/example_setup_teardown_taskflow.py
[2023-10-29T01:20:10.829+0000] {processor.py:839} INFO - DAG(s) dict_keys(['example_setup_teardown_taskflow']) retrieved from /usr/local/lib/python3.10/dist-packages/airflow/example_dags/example_setup_teardown_taskflow.py
[2023-10-29T01:20:10.847+0000] {logging_mixin.py:151} INFO - [2023-10-29T01:20:10.847+0000] {dag.py:2941} INFO - Sync 1 DAGs
[2023-10-29T01:20:10.867+0000] {logging_mixin.py:151} INFO - [2023-10-29T01:20:10.867+0000] {dag.py:3722} INFO - Setting next_dagrun for example_setup_teardown_taskflow to 2023-10-28T01:20:10.867101+00:00, run_after=2023-10-29T01:20:10.867101+00:00
[2023-10-29T01:20:10.889+0000] {processor.py:179} INFO - Processing /usr/local/lib/python3.10/dist-packages/airflow/example_dags/example_setup_teardown_taskflow.py took 0.076 seconds
[2023-10-29T01:20:56.638+0000] {processor.py:157} INFO - Started process (PID=5232) to work on /usr/local/lib/python3.10/dist-packages/airflow/example_dags/example_setup_teardown_taskflow.py
[2023-10-29T01:20:56.639+0000] {processor.py:829} INFO - Processing file /usr/local/lib/python3.10/dist-packages/airflow/example_dags/example_setup_teardown_taskflow.py for tasks to queue
[2023-10-29T01:20:56.640+0000] {logging_mixin.py:151} INFO - [2023-10-29T01:20:56.640+0000] {dagbag.py:536} INFO - Filling up the DagBag from /usr/local/lib/python3.10/dist-packages/airflow/example_dags/example_setup_teardown_taskflow.py
[2023-10-29T01:20:56.651+0000] {processor.py:839} INFO - DAG(s) dict_keys(['example_setup_teardown_taskflow']) retrieved from /usr/local/lib/python3.10/dist-packages/airflow/example_dags/example_setup_teardown_taskflow.py
[2023-10-29T01:20:56.669+0000] {logging_mixin.py:151} INFO - [2023-10-29T01:20:56.669+0000] {dag.py:2941} INFO - Sync 1 DAGs
[2023-10-29T01:20:56.689+0000] {logging_mixin.py:151} INFO - [2023-10-29T01:20:56.688+0000] {dag.py:3722} INFO - Setting next_dagrun for example_setup_teardown_taskflow to 2023-10-28T01:20:56.688604+00:00, run_after=2023-10-29T01:20:56.688604+00:00
[2023-10-29T01:20:56.710+0000] {processor.py:179} INFO - Processing /usr/local/lib/python3.10/dist-packages/airflow/example_dags/example_setup_teardown_taskflow.py took 0.075 seconds
[2023-10-29T01:21:44.244+0000] {processor.py:157} INFO - Started process (PID=5280) to work on /usr/local/lib/python3.10/dist-packages/airflow/example_dags/example_setup_teardown_taskflow.py
[2023-10-29T01:21:44.245+0000] {processor.py:829} INFO - Processing file /usr/local/lib/python3.10/dist-packages/airflow/example_dags/example_setup_teardown_taskflow.py for tasks to queue
[2023-10-29T01:21:44.246+0000] {logging_mixin.py:151} INFO - [2023-10-29T01:21:44.245+0000] {dagbag.py:536} INFO - Filling up the DagBag from /usr/local/lib/python3.10/dist-packages/airflow/example_dags/example_setup_teardown_taskflow.py
[2023-10-29T01:21:44.257+0000] {processor.py:839} INFO - DAG(s) dict_keys(['example_setup_teardown_taskflow']) retrieved from /usr/local/lib/python3.10/dist-packages/airflow/example_dags/example_setup_teardown_taskflow.py
[2023-10-29T01:21:44.274+0000] {logging_mixin.py:151} INFO - [2023-10-29T01:21:44.274+0000] {dag.py:2941} INFO - Sync 1 DAGs
[2023-10-29T01:21:44.293+0000] {logging_mixin.py:151} INFO - [2023-10-29T01:21:44.293+0000] {dag.py:3722} INFO - Setting next_dagrun for example_setup_teardown_taskflow to 2023-10-28T01:21:44.293305+00:00, run_after=2023-10-29T01:21:44.293305+00:00
[2023-10-29T01:21:44.315+0000] {processor.py:179} INFO - Processing /usr/local/lib/python3.10/dist-packages/airflow/example_dags/example_setup_teardown_taskflow.py took 0.074 seconds
[2023-10-29T01:22:32.660+0000] {processor.py:157} INFO - Started process (PID=5331) to work on /usr/local/lib/python3.10/dist-packages/airflow/example_dags/example_setup_teardown_taskflow.py
[2023-10-29T01:22:32.661+0000] {processor.py:829} INFO - Processing file /usr/local/lib/python3.10/dist-packages/airflow/example_dags/example_setup_teardown_taskflow.py for tasks to queue
[2023-10-29T01:22:32.662+0000] {logging_mixin.py:151} INFO - [2023-10-29T01:22:32.662+0000] {dagbag.py:536} INFO - Filling up the DagBag from /usr/local/lib/python3.10/dist-packages/airflow/example_dags/example_setup_teardown_taskflow.py
[2023-10-29T01:22:32.673+0000] {processor.py:839} INFO - DAG(s) dict_keys(['example_setup_teardown_taskflow']) retrieved from /usr/local/lib/python3.10/dist-packages/airflow/example_dags/example_setup_teardown_taskflow.py
[2023-10-29T01:22:32.691+0000] {logging_mixin.py:151} INFO - [2023-10-29T01:22:32.690+0000] {dag.py:2941} INFO - Sync 1 DAGs
[2023-10-29T01:22:32.710+0000] {logging_mixin.py:151} INFO - [2023-10-29T01:22:32.710+0000] {dag.py:3722} INFO - Setting next_dagrun for example_setup_teardown_taskflow to 2023-10-28T01:22:32.710137+00:00, run_after=2023-10-29T01:22:32.710137+00:00
[2023-10-29T01:22:32.733+0000] {processor.py:179} INFO - Processing /usr/local/lib/python3.10/dist-packages/airflow/example_dags/example_setup_teardown_taskflow.py took 0.077 seconds
[2023-10-29T01:23:19.692+0000] {processor.py:157} INFO - Started process (PID=5379) to work on /usr/local/lib/python3.10/dist-packages/airflow/example_dags/example_setup_teardown_taskflow.py
[2023-10-29T01:23:19.693+0000] {processor.py:829} INFO - Processing file /usr/local/lib/python3.10/dist-packages/airflow/example_dags/example_setup_teardown_taskflow.py for tasks to queue
[2023-10-29T01:23:19.694+0000] {logging_mixin.py:151} INFO - [2023-10-29T01:23:19.694+0000] {dagbag.py:536} INFO - Filling up the DagBag from /usr/local/lib/python3.10/dist-packages/airflow/example_dags/example_setup_teardown_taskflow.py
[2023-10-29T01:23:19.705+0000] {processor.py:839} INFO - DAG(s) dict_keys(['example_setup_teardown_taskflow']) retrieved from /usr/local/lib/python3.10/dist-packages/airflow/example_dags/example_setup_teardown_taskflow.py
[2023-10-29T01:23:19.723+0000] {logging_mixin.py:151} INFO - [2023-10-29T01:23:19.723+0000] {dag.py:2941} INFO - Sync 1 DAGs
[2023-10-29T01:23:19.743+0000] {logging_mixin.py:151} INFO - [2023-10-29T01:23:19.743+0000] {dag.py:3722} INFO - Setting next_dagrun for example_setup_teardown_taskflow to 2023-10-28T01:23:19.743259+00:00, run_after=2023-10-29T01:23:19.743259+00:00
[2023-10-29T01:23:19.766+0000] {processor.py:179} INFO - Processing /usr/local/lib/python3.10/dist-packages/airflow/example_dags/example_setup_teardown_taskflow.py took 0.077 seconds
[2023-10-29T01:23:53.813+0000] {processor.py:157} INFO - Started process (PID=5413) to work on /usr/local/lib/python3.10/dist-packages/airflow/example_dags/example_setup_teardown_taskflow.py
[2023-10-29T01:23:53.814+0000] {processor.py:829} INFO - Processing file /usr/local/lib/python3.10/dist-packages/airflow/example_dags/example_setup_teardown_taskflow.py for tasks to queue
[2023-10-29T01:23:53.815+0000] {logging_mixin.py:151} INFO - [2023-10-29T01:23:53.814+0000] {dagbag.py:536} INFO - Filling up the DagBag from /usr/local/lib/python3.10/dist-packages/airflow/example_dags/example_setup_teardown_taskflow.py
[2023-10-29T01:23:53.825+0000] {processor.py:839} INFO - DAG(s) dict_keys(['example_setup_teardown_taskflow']) retrieved from /usr/local/lib/python3.10/dist-packages/airflow/example_dags/example_setup_teardown_taskflow.py
[2023-10-29T01:23:53.843+0000] {logging_mixin.py:151} INFO - [2023-10-29T01:23:53.843+0000] {dag.py:2941} INFO - Sync 1 DAGs
[2023-10-29T01:23:53.863+0000] {logging_mixin.py:151} INFO - [2023-10-29T01:23:53.863+0000] {dag.py:3722} INFO - Setting next_dagrun for example_setup_teardown_taskflow to 2023-10-28T01:23:53.863197+00:00, run_after=2023-10-29T01:23:53.863197+00:00
[2023-10-29T01:23:53.885+0000] {processor.py:179} INFO - Processing /usr/local/lib/python3.10/dist-packages/airflow/example_dags/example_setup_teardown_taskflow.py took 0.075 seconds
[2023-10-29T01:24:28.581+0000] {processor.py:157} INFO - Started process (PID=5448) to work on /usr/local/lib/python3.10/dist-packages/airflow/example_dags/example_setup_teardown_taskflow.py
[2023-10-29T01:24:28.583+0000] {processor.py:829} INFO - Processing file /usr/local/lib/python3.10/dist-packages/airflow/example_dags/example_setup_teardown_taskflow.py for tasks to queue
[2023-10-29T01:24:28.584+0000] {logging_mixin.py:151} INFO - [2023-10-29T01:24:28.584+0000] {dagbag.py:536} INFO - Filling up the DagBag from /usr/local/lib/python3.10/dist-packages/airflow/example_dags/example_setup_teardown_taskflow.py
[2023-10-29T01:24:28.595+0000] {processor.py:839} INFO - DAG(s) dict_keys(['example_setup_teardown_taskflow']) retrieved from /usr/local/lib/python3.10/dist-packages/airflow/example_dags/example_setup_teardown_taskflow.py
[2023-10-29T01:24:28.612+0000] {logging_mixin.py:151} INFO - [2023-10-29T01:24:28.612+0000] {dag.py:2941} INFO - Sync 1 DAGs
[2023-10-29T01:24:28.631+0000] {logging_mixin.py:151} INFO - [2023-10-29T01:24:28.631+0000] {dag.py:3722} INFO - Setting next_dagrun for example_setup_teardown_taskflow to 2023-10-28T01:24:28.631503+00:00, run_after=2023-10-29T01:24:28.631503+00:00
[2023-10-29T01:24:28.654+0000] {processor.py:179} INFO - Processing /usr/local/lib/python3.10/dist-packages/airflow/example_dags/example_setup_teardown_taskflow.py took 0.076 seconds
[2023-10-29T01:25:16.070+0000] {processor.py:157} INFO - Started process (PID=5497) to work on /usr/local/lib/python3.10/dist-packages/airflow/example_dags/example_setup_teardown_taskflow.py
[2023-10-29T01:25:16.072+0000] {processor.py:829} INFO - Processing file /usr/local/lib/python3.10/dist-packages/airflow/example_dags/example_setup_teardown_taskflow.py for tasks to queue
[2023-10-29T01:25:16.073+0000] {logging_mixin.py:151} INFO - [2023-10-29T01:25:16.072+0000] {dagbag.py:536} INFO - Filling up the DagBag from /usr/local/lib/python3.10/dist-packages/airflow/example_dags/example_setup_teardown_taskflow.py
[2023-10-29T01:25:16.083+0000] {processor.py:839} INFO - DAG(s) dict_keys(['example_setup_teardown_taskflow']) retrieved from /usr/local/lib/python3.10/dist-packages/airflow/example_dags/example_setup_teardown_taskflow.py
[2023-10-29T01:25:16.101+0000] {logging_mixin.py:151} INFO - [2023-10-29T01:25:16.101+0000] {dag.py:2941} INFO - Sync 1 DAGs
[2023-10-29T01:25:16.121+0000] {logging_mixin.py:151} INFO - [2023-10-29T01:25:16.121+0000] {dag.py:3722} INFO - Setting next_dagrun for example_setup_teardown_taskflow to 2023-10-28T01:25:16.120951+00:00, run_after=2023-10-29T01:25:16.120951+00:00
[2023-10-29T01:25:16.143+0000] {processor.py:179} INFO - Processing /usr/local/lib/python3.10/dist-packages/airflow/example_dags/example_setup_teardown_taskflow.py took 0.076 seconds
