[2023-10-29T01:01:30.739+0000] {processor.py:157} INFO - Started process (PID=3641) to work on /usr/local/lib/python3.10/dist-packages/airflow/example_dags/example_branch_python_dop_operator_3.py
[2023-10-29T01:01:30.740+0000] {processor.py:829} INFO - Processing file /usr/local/lib/python3.10/dist-packages/airflow/example_dags/example_branch_python_dop_operator_3.py for tasks to queue
[2023-10-29T01:01:30.741+0000] {logging_mixin.py:151} INFO - [2023-10-29T01:01:30.740+0000] {dagbag.py:536} INFO - Filling up the DagBag from /usr/local/lib/python3.10/dist-packages/airflow/example_dags/example_branch_python_dop_operator_3.py
[2023-10-29T01:01:30.750+0000] {processor.py:839} INFO - DAG(s) dict_keys(['example_branch_dop_operator_v3']) retrieved from /usr/local/lib/python3.10/dist-packages/airflow/example_dags/example_branch_python_dop_operator_3.py
[2023-10-29T01:01:30.858+0000] {logging_mixin.py:151} INFO - [2023-10-29T01:01:30.858+0000] {manager.py:499} INFO - Created Permission View: %s
[2023-10-29T01:01:30.870+0000] {logging_mixin.py:151} INFO - [2023-10-29T01:01:30.870+0000] {manager.py:499} INFO - Created Permission View: %s
[2023-10-29T01:01:30.879+0000] {logging_mixin.py:151} INFO - [2023-10-29T01:01:30.879+0000] {manager.py:499} INFO - Created Permission View: %s
[2023-10-29T01:01:30.879+0000] {logging_mixin.py:151} INFO - [2023-10-29T01:01:30.879+0000] {dag.py:2941} INFO - Sync 1 DAGs
[2023-10-29T01:01:30.889+0000] {logging_mixin.py:151} INFO - [2023-10-29T01:01:30.889+0000] {dag.py:2963} INFO - Creating ORM DAG for example_branch_dop_operator_v3
[2023-10-29T01:01:30.902+0000] {logging_mixin.py:151} INFO - [2023-10-29T01:01:30.902+0000] {dag.py:3722} INFO - Setting next_dagrun for example_branch_dop_operator_v3 to 2023-10-29T01:00:00+00:00, run_after=2023-10-29T01:01:00+00:00
[2023-10-29T01:01:30.926+0000] {processor.py:179} INFO - Processing /usr/local/lib/python3.10/dist-packages/airflow/example_dags/example_branch_python_dop_operator_3.py took 0.190 seconds
[2023-10-29T01:02:18.770+0000] {processor.py:157} INFO - Started process (PID=3689) to work on /usr/local/lib/python3.10/dist-packages/airflow/example_dags/example_branch_python_dop_operator_3.py
[2023-10-29T01:02:18.772+0000] {processor.py:829} INFO - Processing file /usr/local/lib/python3.10/dist-packages/airflow/example_dags/example_branch_python_dop_operator_3.py for tasks to queue
[2023-10-29T01:02:18.773+0000] {logging_mixin.py:151} INFO - [2023-10-29T01:02:18.772+0000] {dagbag.py:536} INFO - Filling up the DagBag from /usr/local/lib/python3.10/dist-packages/airflow/example_dags/example_branch_python_dop_operator_3.py
[2023-10-29T01:02:18.782+0000] {processor.py:839} INFO - DAG(s) dict_keys(['example_branch_dop_operator_v3']) retrieved from /usr/local/lib/python3.10/dist-packages/airflow/example_dags/example_branch_python_dop_operator_3.py
[2023-10-29T01:02:18.799+0000] {logging_mixin.py:151} INFO - [2023-10-29T01:02:18.798+0000] {dag.py:2941} INFO - Sync 1 DAGs
[2023-10-29T01:02:18.824+0000] {logging_mixin.py:151} INFO - [2023-10-29T01:02:18.824+0000] {dag.py:3722} INFO - Setting next_dagrun for example_branch_dop_operator_v3 to 2023-10-29T01:01:00+00:00, run_after=2023-10-29T01:02:00+00:00
[2023-10-29T01:02:18.846+0000] {processor.py:179} INFO - Processing /usr/local/lib/python3.10/dist-packages/airflow/example_dags/example_branch_python_dop_operator_3.py took 0.078 seconds
[2023-10-29T01:03:02.403+0000] {processor.py:157} INFO - Started process (PID=3736) to work on /usr/local/lib/python3.10/dist-packages/airflow/example_dags/example_branch_python_dop_operator_3.py
[2023-10-29T01:03:02.404+0000] {processor.py:829} INFO - Processing file /usr/local/lib/python3.10/dist-packages/airflow/example_dags/example_branch_python_dop_operator_3.py for tasks to queue
[2023-10-29T01:03:02.405+0000] {logging_mixin.py:151} INFO - [2023-10-29T01:03:02.404+0000] {dagbag.py:536} INFO - Filling up the DagBag from /usr/local/lib/python3.10/dist-packages/airflow/example_dags/example_branch_python_dop_operator_3.py
[2023-10-29T01:03:02.414+0000] {processor.py:839} INFO - DAG(s) dict_keys(['example_branch_dop_operator_v3']) retrieved from /usr/local/lib/python3.10/dist-packages/airflow/example_dags/example_branch_python_dop_operator_3.py
[2023-10-29T01:03:02.432+0000] {logging_mixin.py:151} INFO - [2023-10-29T01:03:02.431+0000] {dag.py:2941} INFO - Sync 1 DAGs
[2023-10-29T01:03:02.456+0000] {logging_mixin.py:151} INFO - [2023-10-29T01:03:02.456+0000] {dag.py:3722} INFO - Setting next_dagrun for example_branch_dop_operator_v3 to 2023-10-29T01:02:00+00:00, run_after=2023-10-29T01:03:00+00:00
[2023-10-29T01:03:02.478+0000] {processor.py:179} INFO - Processing /usr/local/lib/python3.10/dist-packages/airflow/example_dags/example_branch_python_dop_operator_3.py took 0.079 seconds
[2023-10-29T01:03:46.968+0000] {processor.py:157} INFO - Started process (PID=3782) to work on /usr/local/lib/python3.10/dist-packages/airflow/example_dags/example_branch_python_dop_operator_3.py
[2023-10-29T01:03:46.970+0000] {processor.py:829} INFO - Processing file /usr/local/lib/python3.10/dist-packages/airflow/example_dags/example_branch_python_dop_operator_3.py for tasks to queue
[2023-10-29T01:03:46.971+0000] {logging_mixin.py:151} INFO - [2023-10-29T01:03:46.970+0000] {dagbag.py:536} INFO - Filling up the DagBag from /usr/local/lib/python3.10/dist-packages/airflow/example_dags/example_branch_python_dop_operator_3.py
[2023-10-29T01:03:46.980+0000] {processor.py:839} INFO - DAG(s) dict_keys(['example_branch_dop_operator_v3']) retrieved from /usr/local/lib/python3.10/dist-packages/airflow/example_dags/example_branch_python_dop_operator_3.py
[2023-10-29T01:03:46.997+0000] {logging_mixin.py:151} INFO - [2023-10-29T01:03:46.996+0000] {dag.py:2941} INFO - Sync 1 DAGs
[2023-10-29T01:03:47.022+0000] {logging_mixin.py:151} INFO - [2023-10-29T01:03:47.022+0000] {dag.py:3722} INFO - Setting next_dagrun for example_branch_dop_operator_v3 to 2023-10-29T01:02:00+00:00, run_after=2023-10-29T01:03:00+00:00
[2023-10-29T01:03:47.045+0000] {processor.py:179} INFO - Processing /usr/local/lib/python3.10/dist-packages/airflow/example_dags/example_branch_python_dop_operator_3.py took 0.080 seconds
[2023-10-29T01:04:30.133+0000] {processor.py:157} INFO - Started process (PID=3828) to work on /usr/local/lib/python3.10/dist-packages/airflow/example_dags/example_branch_python_dop_operator_3.py
[2023-10-29T01:04:30.135+0000] {processor.py:829} INFO - Processing file /usr/local/lib/python3.10/dist-packages/airflow/example_dags/example_branch_python_dop_operator_3.py for tasks to queue
[2023-10-29T01:04:30.136+0000] {logging_mixin.py:151} INFO - [2023-10-29T01:04:30.135+0000] {dagbag.py:536} INFO - Filling up the DagBag from /usr/local/lib/python3.10/dist-packages/airflow/example_dags/example_branch_python_dop_operator_3.py
[2023-10-29T01:04:30.145+0000] {processor.py:839} INFO - DAG(s) dict_keys(['example_branch_dop_operator_v3']) retrieved from /usr/local/lib/python3.10/dist-packages/airflow/example_dags/example_branch_python_dop_operator_3.py
[2023-10-29T01:04:30.162+0000] {logging_mixin.py:151} INFO - [2023-10-29T01:04:30.162+0000] {dag.py:2941} INFO - Sync 1 DAGs
[2023-10-29T01:04:30.187+0000] {logging_mixin.py:151} INFO - [2023-10-29T01:04:30.186+0000] {dag.py:3722} INFO - Setting next_dagrun for example_branch_dop_operator_v3 to 2023-10-29T01:03:00+00:00, run_after=2023-10-29T01:04:00+00:00
[2023-10-29T01:04:30.208+0000] {processor.py:179} INFO - Processing /usr/local/lib/python3.10/dist-packages/airflow/example_dags/example_branch_python_dop_operator_3.py took 0.078 seconds
[2023-10-29T01:05:23.052+0000] {processor.py:157} INFO - Started process (PID=3883) to work on /usr/local/lib/python3.10/dist-packages/airflow/example_dags/example_branch_python_dop_operator_3.py
[2023-10-29T01:05:23.053+0000] {processor.py:829} INFO - Processing file /usr/local/lib/python3.10/dist-packages/airflow/example_dags/example_branch_python_dop_operator_3.py for tasks to queue
[2023-10-29T01:05:23.054+0000] {logging_mixin.py:151} INFO - [2023-10-29T01:05:23.054+0000] {dagbag.py:536} INFO - Filling up the DagBag from /usr/local/lib/python3.10/dist-packages/airflow/example_dags/example_branch_python_dop_operator_3.py
[2023-10-29T01:05:23.065+0000] {processor.py:839} INFO - DAG(s) dict_keys(['example_branch_dop_operator_v3']) retrieved from /usr/local/lib/python3.10/dist-packages/airflow/example_dags/example_branch_python_dop_operator_3.py
[2023-10-29T01:05:23.083+0000] {logging_mixin.py:151} INFO - [2023-10-29T01:05:23.083+0000] {dag.py:2941} INFO - Sync 1 DAGs
[2023-10-29T01:05:23.121+0000] {logging_mixin.py:151} INFO - [2023-10-29T01:05:23.120+0000] {dag.py:3722} INFO - Setting next_dagrun for example_branch_dop_operator_v3 to 2023-10-29T01:04:00+00:00, run_after=2023-10-29T01:05:00+00:00
[2023-10-29T01:05:23.182+0000] {processor.py:179} INFO - Processing /usr/local/lib/python3.10/dist-packages/airflow/example_dags/example_branch_python_dop_operator_3.py took 0.134 seconds
[2023-10-29T01:06:07.201+0000] {processor.py:157} INFO - Started process (PID=3930) to work on /usr/local/lib/python3.10/dist-packages/airflow/example_dags/example_branch_python_dop_operator_3.py
[2023-10-29T01:06:07.202+0000] {processor.py:829} INFO - Processing file /usr/local/lib/python3.10/dist-packages/airflow/example_dags/example_branch_python_dop_operator_3.py for tasks to queue
[2023-10-29T01:06:07.203+0000] {logging_mixin.py:151} INFO - [2023-10-29T01:06:07.203+0000] {dagbag.py:536} INFO - Filling up the DagBag from /usr/local/lib/python3.10/dist-packages/airflow/example_dags/example_branch_python_dop_operator_3.py
[2023-10-29T01:06:07.213+0000] {processor.py:839} INFO - DAG(s) dict_keys(['example_branch_dop_operator_v3']) retrieved from /usr/local/lib/python3.10/dist-packages/airflow/example_dags/example_branch_python_dop_operator_3.py
[2023-10-29T01:06:07.230+0000] {logging_mixin.py:151} INFO - [2023-10-29T01:06:07.229+0000] {dag.py:2941} INFO - Sync 1 DAGs
[2023-10-29T01:06:07.254+0000] {logging_mixin.py:151} INFO - [2023-10-29T01:06:07.254+0000] {dag.py:3722} INFO - Setting next_dagrun for example_branch_dop_operator_v3 to 2023-10-29T01:05:00+00:00, run_after=2023-10-29T01:06:00+00:00
[2023-10-29T01:06:07.277+0000] {processor.py:179} INFO - Processing /usr/local/lib/python3.10/dist-packages/airflow/example_dags/example_branch_python_dop_operator_3.py took 0.079 seconds
[2023-10-29T01:06:53.732+0000] {processor.py:157} INFO - Started process (PID=3980) to work on /usr/local/lib/python3.10/dist-packages/airflow/example_dags/example_branch_python_dop_operator_3.py
[2023-10-29T01:06:53.733+0000] {processor.py:829} INFO - Processing file /usr/local/lib/python3.10/dist-packages/airflow/example_dags/example_branch_python_dop_operator_3.py for tasks to queue
[2023-10-29T01:06:53.734+0000] {logging_mixin.py:151} INFO - [2023-10-29T01:06:53.734+0000] {dagbag.py:536} INFO - Filling up the DagBag from /usr/local/lib/python3.10/dist-packages/airflow/example_dags/example_branch_python_dop_operator_3.py
[2023-10-29T01:06:53.743+0000] {processor.py:839} INFO - DAG(s) dict_keys(['example_branch_dop_operator_v3']) retrieved from /usr/local/lib/python3.10/dist-packages/airflow/example_dags/example_branch_python_dop_operator_3.py
[2023-10-29T01:06:53.761+0000] {logging_mixin.py:151} INFO - [2023-10-29T01:06:53.760+0000] {dag.py:2941} INFO - Sync 1 DAGs
[2023-10-29T01:06:53.786+0000] {logging_mixin.py:151} INFO - [2023-10-29T01:06:53.786+0000] {dag.py:3722} INFO - Setting next_dagrun for example_branch_dop_operator_v3 to 2023-10-29T01:05:00+00:00, run_after=2023-10-29T01:06:00+00:00
[2023-10-29T01:06:53.807+0000] {processor.py:179} INFO - Processing /usr/local/lib/python3.10/dist-packages/airflow/example_dags/example_branch_python_dop_operator_3.py took 0.079 seconds
[2023-10-29T01:07:35.594+0000] {processor.py:157} INFO - Started process (PID=4023) to work on /usr/local/lib/python3.10/dist-packages/airflow/example_dags/example_branch_python_dop_operator_3.py
[2023-10-29T01:07:35.595+0000] {processor.py:829} INFO - Processing file /usr/local/lib/python3.10/dist-packages/airflow/example_dags/example_branch_python_dop_operator_3.py for tasks to queue
[2023-10-29T01:07:35.596+0000] {logging_mixin.py:151} INFO - [2023-10-29T01:07:35.596+0000] {dagbag.py:536} INFO - Filling up the DagBag from /usr/local/lib/python3.10/dist-packages/airflow/example_dags/example_branch_python_dop_operator_3.py
[2023-10-29T01:07:35.605+0000] {processor.py:839} INFO - DAG(s) dict_keys(['example_branch_dop_operator_v3']) retrieved from /usr/local/lib/python3.10/dist-packages/airflow/example_dags/example_branch_python_dop_operator_3.py
[2023-10-29T01:07:35.622+0000] {logging_mixin.py:151} INFO - [2023-10-29T01:07:35.622+0000] {dag.py:2941} INFO - Sync 1 DAGs
[2023-10-29T01:07:35.647+0000] {logging_mixin.py:151} INFO - [2023-10-29T01:07:35.646+0000] {dag.py:3722} INFO - Setting next_dagrun for example_branch_dop_operator_v3 to 2023-10-29T01:06:00+00:00, run_after=2023-10-29T01:07:00+00:00
[2023-10-29T01:07:35.669+0000] {processor.py:179} INFO - Processing /usr/local/lib/python3.10/dist-packages/airflow/example_dags/example_branch_python_dop_operator_3.py took 0.079 seconds
[2023-10-29T01:08:24.723+0000] {processor.py:157} INFO - Started process (PID=4073) to work on /usr/local/lib/python3.10/dist-packages/airflow/example_dags/example_branch_python_dop_operator_3.py
[2023-10-29T01:08:24.725+0000] {processor.py:829} INFO - Processing file /usr/local/lib/python3.10/dist-packages/airflow/example_dags/example_branch_python_dop_operator_3.py for tasks to queue
[2023-10-29T01:08:24.725+0000] {logging_mixin.py:151} INFO - [2023-10-29T01:08:24.725+0000] {dagbag.py:536} INFO - Filling up the DagBag from /usr/local/lib/python3.10/dist-packages/airflow/example_dags/example_branch_python_dop_operator_3.py
[2023-10-29T01:08:24.735+0000] {processor.py:839} INFO - DAG(s) dict_keys(['example_branch_dop_operator_v3']) retrieved from /usr/local/lib/python3.10/dist-packages/airflow/example_dags/example_branch_python_dop_operator_3.py
[2023-10-29T01:08:24.751+0000] {logging_mixin.py:151} INFO - [2023-10-29T01:08:24.751+0000] {dag.py:2941} INFO - Sync 1 DAGs
[2023-10-29T01:08:24.775+0000] {logging_mixin.py:151} INFO - [2023-10-29T01:08:24.775+0000] {dag.py:3722} INFO - Setting next_dagrun for example_branch_dop_operator_v3 to 2023-10-29T01:07:00+00:00, run_after=2023-10-29T01:08:00+00:00
[2023-10-29T01:08:24.796+0000] {processor.py:179} INFO - Processing /usr/local/lib/python3.10/dist-packages/airflow/example_dags/example_branch_python_dop_operator_3.py took 0.076 seconds
[2023-10-29T01:09:12.722+0000] {processor.py:157} INFO - Started process (PID=4121) to work on /usr/local/lib/python3.10/dist-packages/airflow/example_dags/example_branch_python_dop_operator_3.py
[2023-10-29T01:09:12.723+0000] {processor.py:829} INFO - Processing file /usr/local/lib/python3.10/dist-packages/airflow/example_dags/example_branch_python_dop_operator_3.py for tasks to queue
[2023-10-29T01:09:12.724+0000] {logging_mixin.py:151} INFO - [2023-10-29T01:09:12.724+0000] {dagbag.py:536} INFO - Filling up the DagBag from /usr/local/lib/python3.10/dist-packages/airflow/example_dags/example_branch_python_dop_operator_3.py
[2023-10-29T01:09:12.734+0000] {processor.py:839} INFO - DAG(s) dict_keys(['example_branch_dop_operator_v3']) retrieved from /usr/local/lib/python3.10/dist-packages/airflow/example_dags/example_branch_python_dop_operator_3.py
[2023-10-29T01:09:12.750+0000] {logging_mixin.py:151} INFO - [2023-10-29T01:09:12.750+0000] {dag.py:2941} INFO - Sync 1 DAGs
[2023-10-29T01:09:12.775+0000] {logging_mixin.py:151} INFO - [2023-10-29T01:09:12.775+0000] {dag.py:3722} INFO - Setting next_dagrun for example_branch_dop_operator_v3 to 2023-10-29T01:08:00+00:00, run_after=2023-10-29T01:09:00+00:00
[2023-10-29T01:09:12.797+0000] {processor.py:179} INFO - Processing /usr/local/lib/python3.10/dist-packages/airflow/example_dags/example_branch_python_dop_operator_3.py took 0.078 seconds
[2023-10-29T01:09:59.308+0000] {processor.py:157} INFO - Started process (PID=4168) to work on /usr/local/lib/python3.10/dist-packages/airflow/example_dags/example_branch_python_dop_operator_3.py
[2023-10-29T01:09:59.309+0000] {processor.py:829} INFO - Processing file /usr/local/lib/python3.10/dist-packages/airflow/example_dags/example_branch_python_dop_operator_3.py for tasks to queue
[2023-10-29T01:09:59.310+0000] {logging_mixin.py:151} INFO - [2023-10-29T01:09:59.310+0000] {dagbag.py:536} INFO - Filling up the DagBag from /usr/local/lib/python3.10/dist-packages/airflow/example_dags/example_branch_python_dop_operator_3.py
[2023-10-29T01:09:59.319+0000] {processor.py:839} INFO - DAG(s) dict_keys(['example_branch_dop_operator_v3']) retrieved from /usr/local/lib/python3.10/dist-packages/airflow/example_dags/example_branch_python_dop_operator_3.py
[2023-10-29T01:09:59.336+0000] {logging_mixin.py:151} INFO - [2023-10-29T01:09:59.336+0000] {dag.py:2941} INFO - Sync 1 DAGs
[2023-10-29T01:09:59.361+0000] {logging_mixin.py:151} INFO - [2023-10-29T01:09:59.361+0000] {dag.py:3722} INFO - Setting next_dagrun for example_branch_dop_operator_v3 to 2023-10-29T01:08:00+00:00, run_after=2023-10-29T01:09:00+00:00
[2023-10-29T01:09:59.384+0000] {processor.py:179} INFO - Processing /usr/local/lib/python3.10/dist-packages/airflow/example_dags/example_branch_python_dop_operator_3.py took 0.079 seconds
[2023-10-29T01:10:48.231+0000] {processor.py:157} INFO - Started process (PID=4217) to work on /usr/local/lib/python3.10/dist-packages/airflow/example_dags/example_branch_python_dop_operator_3.py
[2023-10-29T01:10:48.232+0000] {processor.py:829} INFO - Processing file /usr/local/lib/python3.10/dist-packages/airflow/example_dags/example_branch_python_dop_operator_3.py for tasks to queue
[2023-10-29T01:10:48.233+0000] {logging_mixin.py:151} INFO - [2023-10-29T01:10:48.233+0000] {dagbag.py:536} INFO - Filling up the DagBag from /usr/local/lib/python3.10/dist-packages/airflow/example_dags/example_branch_python_dop_operator_3.py
[2023-10-29T01:10:48.243+0000] {processor.py:839} INFO - DAG(s) dict_keys(['example_branch_dop_operator_v3']) retrieved from /usr/local/lib/python3.10/dist-packages/airflow/example_dags/example_branch_python_dop_operator_3.py
[2023-10-29T01:10:48.259+0000] {logging_mixin.py:151} INFO - [2023-10-29T01:10:48.259+0000] {dag.py:2941} INFO - Sync 1 DAGs
[2023-10-29T01:10:48.284+0000] {logging_mixin.py:151} INFO - [2023-10-29T01:10:48.284+0000] {dag.py:3722} INFO - Setting next_dagrun for example_branch_dop_operator_v3 to 2023-10-29T01:09:00+00:00, run_after=2023-10-29T01:10:00+00:00
[2023-10-29T01:10:48.306+0000] {processor.py:179} INFO - Processing /usr/local/lib/python3.10/dist-packages/airflow/example_dags/example_branch_python_dop_operator_3.py took 0.078 seconds
[2023-10-29T01:11:33.456+0000] {processor.py:157} INFO - Started process (PID=4494) to work on /usr/local/lib/python3.10/dist-packages/airflow/example_dags/example_branch_python_dop_operator_3.py
[2023-10-29T01:11:33.458+0000] {processor.py:829} INFO - Processing file /usr/local/lib/python3.10/dist-packages/airflow/example_dags/example_branch_python_dop_operator_3.py for tasks to queue
[2023-10-29T01:11:33.459+0000] {logging_mixin.py:151} INFO - [2023-10-29T01:11:33.458+0000] {dagbag.py:536} INFO - Filling up the DagBag from /usr/local/lib/python3.10/dist-packages/airflow/example_dags/example_branch_python_dop_operator_3.py
[2023-10-29T01:11:33.468+0000] {processor.py:839} INFO - DAG(s) dict_keys(['example_branch_dop_operator_v3']) retrieved from /usr/local/lib/python3.10/dist-packages/airflow/example_dags/example_branch_python_dop_operator_3.py
[2023-10-29T01:11:33.485+0000] {logging_mixin.py:151} INFO - [2023-10-29T01:11:33.485+0000] {dag.py:2941} INFO - Sync 1 DAGs
[2023-10-29T01:11:33.510+0000] {logging_mixin.py:151} INFO - [2023-10-29T01:11:33.509+0000] {dag.py:3722} INFO - Setting next_dagrun for example_branch_dop_operator_v3 to 2023-10-29T01:10:00+00:00, run_after=2023-10-29T01:11:00+00:00
[2023-10-29T01:11:33.533+0000] {processor.py:179} INFO - Processing /usr/local/lib/python3.10/dist-packages/airflow/example_dags/example_branch_python_dop_operator_3.py took 0.080 seconds
[2023-10-29T01:12:21.129+0000] {processor.py:157} INFO - Started process (PID=4688) to work on /usr/local/lib/python3.10/dist-packages/airflow/example_dags/example_branch_python_dop_operator_3.py
[2023-10-29T01:12:21.130+0000] {processor.py:829} INFO - Processing file /usr/local/lib/python3.10/dist-packages/airflow/example_dags/example_branch_python_dop_operator_3.py for tasks to queue
[2023-10-29T01:12:21.131+0000] {logging_mixin.py:151} INFO - [2023-10-29T01:12:21.131+0000] {dagbag.py:536} INFO - Filling up the DagBag from /usr/local/lib/python3.10/dist-packages/airflow/example_dags/example_branch_python_dop_operator_3.py
[2023-10-29T01:12:21.141+0000] {processor.py:839} INFO - DAG(s) dict_keys(['example_branch_dop_operator_v3']) retrieved from /usr/local/lib/python3.10/dist-packages/airflow/example_dags/example_branch_python_dop_operator_3.py
[2023-10-29T01:12:21.158+0000] {logging_mixin.py:151} INFO - [2023-10-29T01:12:21.158+0000] {dag.py:2941} INFO - Sync 1 DAGs
[2023-10-29T01:12:21.183+0000] {logging_mixin.py:151} INFO - [2023-10-29T01:12:21.182+0000] {dag.py:3722} INFO - Setting next_dagrun for example_branch_dop_operator_v3 to 2023-10-29T01:11:00+00:00, run_after=2023-10-29T01:12:00+00:00
[2023-10-29T01:12:21.205+0000] {processor.py:179} INFO - Processing /usr/local/lib/python3.10/dist-packages/airflow/example_dags/example_branch_python_dop_operator_3.py took 0.079 seconds
[2023-10-29T01:13:02.336+0000] {processor.py:157} INFO - Started process (PID=4738) to work on /usr/local/lib/python3.10/dist-packages/airflow/example_dags/example_branch_python_dop_operator_3.py
[2023-10-29T01:13:02.338+0000] {processor.py:829} INFO - Processing file /usr/local/lib/python3.10/dist-packages/airflow/example_dags/example_branch_python_dop_operator_3.py for tasks to queue
[2023-10-29T01:13:02.338+0000] {logging_mixin.py:151} INFO - [2023-10-29T01:13:02.338+0000] {dagbag.py:536} INFO - Filling up the DagBag from /usr/local/lib/python3.10/dist-packages/airflow/example_dags/example_branch_python_dop_operator_3.py
[2023-10-29T01:13:02.348+0000] {processor.py:839} INFO - DAG(s) dict_keys(['example_branch_dop_operator_v3']) retrieved from /usr/local/lib/python3.10/dist-packages/airflow/example_dags/example_branch_python_dop_operator_3.py
[2023-10-29T01:13:02.365+0000] {logging_mixin.py:151} INFO - [2023-10-29T01:13:02.365+0000] {dag.py:2941} INFO - Sync 1 DAGs
[2023-10-29T01:13:02.390+0000] {logging_mixin.py:151} INFO - [2023-10-29T01:13:02.390+0000] {dag.py:3722} INFO - Setting next_dagrun for example_branch_dop_operator_v3 to 2023-10-29T01:12:00+00:00, run_after=2023-10-29T01:13:00+00:00
[2023-10-29T01:13:02.413+0000] {processor.py:179} INFO - Processing /usr/local/lib/python3.10/dist-packages/airflow/example_dags/example_branch_python_dop_operator_3.py took 0.080 seconds
[2023-10-29T01:13:45.305+0000] {processor.py:157} INFO - Started process (PID=4785) to work on /usr/local/lib/python3.10/dist-packages/airflow/example_dags/example_branch_python_dop_operator_3.py
[2023-10-29T01:13:45.306+0000] {processor.py:829} INFO - Processing file /usr/local/lib/python3.10/dist-packages/airflow/example_dags/example_branch_python_dop_operator_3.py for tasks to queue
[2023-10-29T01:13:45.307+0000] {logging_mixin.py:151} INFO - [2023-10-29T01:13:45.307+0000] {dagbag.py:536} INFO - Filling up the DagBag from /usr/local/lib/python3.10/dist-packages/airflow/example_dags/example_branch_python_dop_operator_3.py
[2023-10-29T01:13:45.316+0000] {processor.py:839} INFO - DAG(s) dict_keys(['example_branch_dop_operator_v3']) retrieved from /usr/local/lib/python3.10/dist-packages/airflow/example_dags/example_branch_python_dop_operator_3.py
[2023-10-29T01:13:45.334+0000] {logging_mixin.py:151} INFO - [2023-10-29T01:13:45.333+0000] {dag.py:2941} INFO - Sync 1 DAGs
[2023-10-29T01:13:45.358+0000] {logging_mixin.py:151} INFO - [2023-10-29T01:13:45.358+0000] {dag.py:3722} INFO - Setting next_dagrun for example_branch_dop_operator_v3 to 2023-10-29T01:12:00+00:00, run_after=2023-10-29T01:13:00+00:00
[2023-10-29T01:13:45.380+0000] {processor.py:179} INFO - Processing /usr/local/lib/python3.10/dist-packages/airflow/example_dags/example_branch_python_dop_operator_3.py took 0.078 seconds
[2023-10-29T01:14:30.587+0000] {processor.py:157} INFO - Started process (PID=4833) to work on /usr/local/lib/python3.10/dist-packages/airflow/example_dags/example_branch_python_dop_operator_3.py
[2023-10-29T01:14:30.588+0000] {processor.py:829} INFO - Processing file /usr/local/lib/python3.10/dist-packages/airflow/example_dags/example_branch_python_dop_operator_3.py for tasks to queue
[2023-10-29T01:14:30.589+0000] {logging_mixin.py:151} INFO - [2023-10-29T01:14:30.589+0000] {dagbag.py:536} INFO - Filling up the DagBag from /usr/local/lib/python3.10/dist-packages/airflow/example_dags/example_branch_python_dop_operator_3.py
[2023-10-29T01:14:30.599+0000] {processor.py:839} INFO - DAG(s) dict_keys(['example_branch_dop_operator_v3']) retrieved from /usr/local/lib/python3.10/dist-packages/airflow/example_dags/example_branch_python_dop_operator_3.py
[2023-10-29T01:14:30.616+0000] {logging_mixin.py:151} INFO - [2023-10-29T01:14:30.615+0000] {dag.py:2941} INFO - Sync 1 DAGs
[2023-10-29T01:14:30.641+0000] {logging_mixin.py:151} INFO - [2023-10-29T01:14:30.641+0000] {dag.py:3722} INFO - Setting next_dagrun for example_branch_dop_operator_v3 to 2023-10-29T01:13:00+00:00, run_after=2023-10-29T01:14:00+00:00
[2023-10-29T01:14:30.662+0000] {processor.py:179} INFO - Processing /usr/local/lib/python3.10/dist-packages/airflow/example_dags/example_branch_python_dop_operator_3.py took 0.078 seconds
[2023-10-29T01:15:20.881+0000] {processor.py:157} INFO - Started process (PID=4886) to work on /usr/local/lib/python3.10/dist-packages/airflow/example_dags/example_branch_python_dop_operator_3.py
[2023-10-29T01:15:20.882+0000] {processor.py:829} INFO - Processing file /usr/local/lib/python3.10/dist-packages/airflow/example_dags/example_branch_python_dop_operator_3.py for tasks to queue
[2023-10-29T01:15:20.883+0000] {logging_mixin.py:151} INFO - [2023-10-29T01:15:20.882+0000] {dagbag.py:536} INFO - Filling up the DagBag from /usr/local/lib/python3.10/dist-packages/airflow/example_dags/example_branch_python_dop_operator_3.py
[2023-10-29T01:15:20.892+0000] {processor.py:839} INFO - DAG(s) dict_keys(['example_branch_dop_operator_v3']) retrieved from /usr/local/lib/python3.10/dist-packages/airflow/example_dags/example_branch_python_dop_operator_3.py
[2023-10-29T01:15:20.909+0000] {logging_mixin.py:151} INFO - [2023-10-29T01:15:20.909+0000] {dag.py:2941} INFO - Sync 1 DAGs
[2023-10-29T01:15:20.934+0000] {logging_mixin.py:151} INFO - [2023-10-29T01:15:20.934+0000] {dag.py:3722} INFO - Setting next_dagrun for example_branch_dop_operator_v3 to 2023-10-29T01:14:00+00:00, run_after=2023-10-29T01:15:00+00:00
[2023-10-29T01:15:20.956+0000] {processor.py:179} INFO - Processing /usr/local/lib/python3.10/dist-packages/airflow/example_dags/example_branch_python_dop_operator_3.py took 0.078 seconds
[2023-10-29T01:16:05.869+0000] {processor.py:157} INFO - Started process (PID=4932) to work on /usr/local/lib/python3.10/dist-packages/airflow/example_dags/example_branch_python_dop_operator_3.py
[2023-10-29T01:16:05.870+0000] {processor.py:829} INFO - Processing file /usr/local/lib/python3.10/dist-packages/airflow/example_dags/example_branch_python_dop_operator_3.py for tasks to queue
[2023-10-29T01:16:05.871+0000] {logging_mixin.py:151} INFO - [2023-10-29T01:16:05.871+0000] {dagbag.py:536} INFO - Filling up the DagBag from /usr/local/lib/python3.10/dist-packages/airflow/example_dags/example_branch_python_dop_operator_3.py
[2023-10-29T01:16:05.881+0000] {processor.py:839} INFO - DAG(s) dict_keys(['example_branch_dop_operator_v3']) retrieved from /usr/local/lib/python3.10/dist-packages/airflow/example_dags/example_branch_python_dop_operator_3.py
[2023-10-29T01:16:05.898+0000] {logging_mixin.py:151} INFO - [2023-10-29T01:16:05.897+0000] {dag.py:2941} INFO - Sync 1 DAGs
[2023-10-29T01:16:05.923+0000] {logging_mixin.py:151} INFO - [2023-10-29T01:16:05.923+0000] {dag.py:3722} INFO - Setting next_dagrun for example_branch_dop_operator_v3 to 2023-10-29T01:15:00+00:00, run_after=2023-10-29T01:16:00+00:00
[2023-10-29T01:16:05.945+0000] {processor.py:179} INFO - Processing /usr/local/lib/python3.10/dist-packages/airflow/example_dags/example_branch_python_dop_operator_3.py took 0.079 seconds
[2023-10-29T01:16:54.393+0000] {processor.py:157} INFO - Started process (PID=4981) to work on /usr/local/lib/python3.10/dist-packages/airflow/example_dags/example_branch_python_dop_operator_3.py
[2023-10-29T01:16:54.394+0000] {processor.py:829} INFO - Processing file /usr/local/lib/python3.10/dist-packages/airflow/example_dags/example_branch_python_dop_operator_3.py for tasks to queue
[2023-10-29T01:16:54.395+0000] {logging_mixin.py:151} INFO - [2023-10-29T01:16:54.394+0000] {dagbag.py:536} INFO - Filling up the DagBag from /usr/local/lib/python3.10/dist-packages/airflow/example_dags/example_branch_python_dop_operator_3.py
[2023-10-29T01:16:54.404+0000] {processor.py:839} INFO - DAG(s) dict_keys(['example_branch_dop_operator_v3']) retrieved from /usr/local/lib/python3.10/dist-packages/airflow/example_dags/example_branch_python_dop_operator_3.py
[2023-10-29T01:16:54.421+0000] {logging_mixin.py:151} INFO - [2023-10-29T01:16:54.421+0000] {dag.py:2941} INFO - Sync 1 DAGs
[2023-10-29T01:16:54.445+0000] {logging_mixin.py:151} INFO - [2023-10-29T01:16:54.445+0000] {dag.py:3722} INFO - Setting next_dagrun for example_branch_dop_operator_v3 to 2023-10-29T01:15:00+00:00, run_after=2023-10-29T01:16:00+00:00
[2023-10-29T01:16:54.465+0000] {processor.py:179} INFO - Processing /usr/local/lib/python3.10/dist-packages/airflow/example_dags/example_branch_python_dop_operator_3.py took 0.076 seconds
[2023-10-29T01:17:40.726+0000] {processor.py:157} INFO - Started process (PID=5031) to work on /usr/local/lib/python3.10/dist-packages/airflow/example_dags/example_branch_python_dop_operator_3.py
[2023-10-29T01:17:40.727+0000] {processor.py:829} INFO - Processing file /usr/local/lib/python3.10/dist-packages/airflow/example_dags/example_branch_python_dop_operator_3.py for tasks to queue
[2023-10-29T01:17:40.728+0000] {logging_mixin.py:151} INFO - [2023-10-29T01:17:40.727+0000] {dagbag.py:536} INFO - Filling up the DagBag from /usr/local/lib/python3.10/dist-packages/airflow/example_dags/example_branch_python_dop_operator_3.py
[2023-10-29T01:17:40.737+0000] {processor.py:839} INFO - DAG(s) dict_keys(['example_branch_dop_operator_v3']) retrieved from /usr/local/lib/python3.10/dist-packages/airflow/example_dags/example_branch_python_dop_operator_3.py
[2023-10-29T01:17:40.754+0000] {logging_mixin.py:151} INFO - [2023-10-29T01:17:40.754+0000] {dag.py:2941} INFO - Sync 1 DAGs
[2023-10-29T01:17:40.779+0000] {logging_mixin.py:151} INFO - [2023-10-29T01:17:40.779+0000] {dag.py:3722} INFO - Setting next_dagrun for example_branch_dop_operator_v3 to 2023-10-29T01:16:00+00:00, run_after=2023-10-29T01:17:00+00:00
[2023-10-29T01:17:40.800+0000] {processor.py:179} INFO - Processing /usr/local/lib/python3.10/dist-packages/airflow/example_dags/example_branch_python_dop_operator_3.py took 0.078 seconds
[2023-10-29T01:18:27.099+0000] {processor.py:157} INFO - Started process (PID=5078) to work on /usr/local/lib/python3.10/dist-packages/airflow/example_dags/example_branch_python_dop_operator_3.py
[2023-10-29T01:18:27.101+0000] {processor.py:829} INFO - Processing file /usr/local/lib/python3.10/dist-packages/airflow/example_dags/example_branch_python_dop_operator_3.py for tasks to queue
[2023-10-29T01:18:27.102+0000] {logging_mixin.py:151} INFO - [2023-10-29T01:18:27.101+0000] {dagbag.py:536} INFO - Filling up the DagBag from /usr/local/lib/python3.10/dist-packages/airflow/example_dags/example_branch_python_dop_operator_3.py
[2023-10-29T01:18:27.111+0000] {processor.py:839} INFO - DAG(s) dict_keys(['example_branch_dop_operator_v3']) retrieved from /usr/local/lib/python3.10/dist-packages/airflow/example_dags/example_branch_python_dop_operator_3.py
[2023-10-29T01:18:27.128+0000] {logging_mixin.py:151} INFO - [2023-10-29T01:18:27.128+0000] {dag.py:2941} INFO - Sync 1 DAGs
[2023-10-29T01:18:27.153+0000] {logging_mixin.py:151} INFO - [2023-10-29T01:18:27.153+0000] {dag.py:3722} INFO - Setting next_dagrun for example_branch_dop_operator_v3 to 2023-10-29T01:17:00+00:00, run_after=2023-10-29T01:18:00+00:00
[2023-10-29T01:18:27.176+0000] {processor.py:179} INFO - Processing /usr/local/lib/python3.10/dist-packages/airflow/example_dags/example_branch_python_dop_operator_3.py took 0.079 seconds
[2023-10-29T01:19:13.194+0000] {processor.py:157} INFO - Started process (PID=5125) to work on /usr/local/lib/python3.10/dist-packages/airflow/example_dags/example_branch_python_dop_operator_3.py
[2023-10-29T01:19:13.196+0000] {processor.py:829} INFO - Processing file /usr/local/lib/python3.10/dist-packages/airflow/example_dags/example_branch_python_dop_operator_3.py for tasks to queue
[2023-10-29T01:19:13.197+0000] {logging_mixin.py:151} INFO - [2023-10-29T01:19:13.196+0000] {dagbag.py:536} INFO - Filling up the DagBag from /usr/local/lib/python3.10/dist-packages/airflow/example_dags/example_branch_python_dop_operator_3.py
[2023-10-29T01:19:13.206+0000] {processor.py:839} INFO - DAG(s) dict_keys(['example_branch_dop_operator_v3']) retrieved from /usr/local/lib/python3.10/dist-packages/airflow/example_dags/example_branch_python_dop_operator_3.py
[2023-10-29T01:19:13.223+0000] {logging_mixin.py:151} INFO - [2023-10-29T01:19:13.222+0000] {dag.py:2941} INFO - Sync 1 DAGs
[2023-10-29T01:19:13.247+0000] {logging_mixin.py:151} INFO - [2023-10-29T01:19:13.247+0000] {dag.py:3722} INFO - Setting next_dagrun for example_branch_dop_operator_v3 to 2023-10-29T01:18:00+00:00, run_after=2023-10-29T01:19:00+00:00
[2023-10-29T01:19:13.270+0000] {processor.py:179} INFO - Processing /usr/local/lib/python3.10/dist-packages/airflow/example_dags/example_branch_python_dop_operator_3.py took 0.078 seconds
[2023-10-29T01:20:02.956+0000] {processor.py:157} INFO - Started process (PID=5176) to work on /usr/local/lib/python3.10/dist-packages/airflow/example_dags/example_branch_python_dop_operator_3.py
[2023-10-29T01:20:02.957+0000] {processor.py:829} INFO - Processing file /usr/local/lib/python3.10/dist-packages/airflow/example_dags/example_branch_python_dop_operator_3.py for tasks to queue
[2023-10-29T01:20:02.958+0000] {logging_mixin.py:151} INFO - [2023-10-29T01:20:02.958+0000] {dagbag.py:536} INFO - Filling up the DagBag from /usr/local/lib/python3.10/dist-packages/airflow/example_dags/example_branch_python_dop_operator_3.py
[2023-10-29T01:20:02.968+0000] {processor.py:839} INFO - DAG(s) dict_keys(['example_branch_dop_operator_v3']) retrieved from /usr/local/lib/python3.10/dist-packages/airflow/example_dags/example_branch_python_dop_operator_3.py
[2023-10-29T01:20:02.985+0000] {logging_mixin.py:151} INFO - [2023-10-29T01:20:02.985+0000] {dag.py:2941} INFO - Sync 1 DAGs
[2023-10-29T01:20:03.011+0000] {logging_mixin.py:151} INFO - [2023-10-29T01:20:03.011+0000] {dag.py:3722} INFO - Setting next_dagrun for example_branch_dop_operator_v3 to 2023-10-29T01:19:00+00:00, run_after=2023-10-29T01:20:00+00:00
[2023-10-29T01:20:03.035+0000] {processor.py:179} INFO - Processing /usr/local/lib/python3.10/dist-packages/airflow/example_dags/example_branch_python_dop_operator_3.py took 0.082 seconds
[2023-10-29T01:20:47.675+0000] {processor.py:157} INFO - Started process (PID=5222) to work on /usr/local/lib/python3.10/dist-packages/airflow/example_dags/example_branch_python_dop_operator_3.py
[2023-10-29T01:20:47.676+0000] {processor.py:829} INFO - Processing file /usr/local/lib/python3.10/dist-packages/airflow/example_dags/example_branch_python_dop_operator_3.py for tasks to queue
[2023-10-29T01:20:47.677+0000] {logging_mixin.py:151} INFO - [2023-10-29T01:20:47.676+0000] {dagbag.py:536} INFO - Filling up the DagBag from /usr/local/lib/python3.10/dist-packages/airflow/example_dags/example_branch_python_dop_operator_3.py
[2023-10-29T01:20:47.686+0000] {processor.py:839} INFO - DAG(s) dict_keys(['example_branch_dop_operator_v3']) retrieved from /usr/local/lib/python3.10/dist-packages/airflow/example_dags/example_branch_python_dop_operator_3.py
[2023-10-29T01:20:47.703+0000] {logging_mixin.py:151} INFO - [2023-10-29T01:20:47.703+0000] {dag.py:2941} INFO - Sync 1 DAGs
[2023-10-29T01:20:47.728+0000] {logging_mixin.py:151} INFO - [2023-10-29T01:20:47.728+0000] {dag.py:3722} INFO - Setting next_dagrun for example_branch_dop_operator_v3 to 2023-10-29T01:19:00+00:00, run_after=2023-10-29T01:20:00+00:00
[2023-10-29T01:20:47.751+0000] {processor.py:179} INFO - Processing /usr/local/lib/python3.10/dist-packages/airflow/example_dags/example_branch_python_dop_operator_3.py took 0.079 seconds
[2023-10-29T01:21:32.820+0000] {processor.py:157} INFO - Started process (PID=5269) to work on /usr/local/lib/python3.10/dist-packages/airflow/example_dags/example_branch_python_dop_operator_3.py
[2023-10-29T01:21:32.822+0000] {processor.py:829} INFO - Processing file /usr/local/lib/python3.10/dist-packages/airflow/example_dags/example_branch_python_dop_operator_3.py for tasks to queue
[2023-10-29T01:21:32.822+0000] {logging_mixin.py:151} INFO - [2023-10-29T01:21:32.822+0000] {dagbag.py:536} INFO - Filling up the DagBag from /usr/local/lib/python3.10/dist-packages/airflow/example_dags/example_branch_python_dop_operator_3.py
[2023-10-29T01:21:32.832+0000] {processor.py:839} INFO - DAG(s) dict_keys(['example_branch_dop_operator_v3']) retrieved from /usr/local/lib/python3.10/dist-packages/airflow/example_dags/example_branch_python_dop_operator_3.py
[2023-10-29T01:21:32.848+0000] {logging_mixin.py:151} INFO - [2023-10-29T01:21:32.848+0000] {dag.py:2941} INFO - Sync 1 DAGs
[2023-10-29T01:21:32.872+0000] {logging_mixin.py:151} INFO - [2023-10-29T01:21:32.872+0000] {dag.py:3722} INFO - Setting next_dagrun for example_branch_dop_operator_v3 to 2023-10-29T01:20:00+00:00, run_after=2023-10-29T01:21:00+00:00
[2023-10-29T01:21:32.894+0000] {processor.py:179} INFO - Processing /usr/local/lib/python3.10/dist-packages/airflow/example_dags/example_branch_python_dop_operator_3.py took 0.077 seconds
[2023-10-29T01:22:22.519+0000] {processor.py:157} INFO - Started process (PID=5321) to work on /usr/local/lib/python3.10/dist-packages/airflow/example_dags/example_branch_python_dop_operator_3.py
[2023-10-29T01:22:22.520+0000] {processor.py:829} INFO - Processing file /usr/local/lib/python3.10/dist-packages/airflow/example_dags/example_branch_python_dop_operator_3.py for tasks to queue
[2023-10-29T01:22:22.521+0000] {logging_mixin.py:151} INFO - [2023-10-29T01:22:22.521+0000] {dagbag.py:536} INFO - Filling up the DagBag from /usr/local/lib/python3.10/dist-packages/airflow/example_dags/example_branch_python_dop_operator_3.py
[2023-10-29T01:22:22.530+0000] {processor.py:839} INFO - DAG(s) dict_keys(['example_branch_dop_operator_v3']) retrieved from /usr/local/lib/python3.10/dist-packages/airflow/example_dags/example_branch_python_dop_operator_3.py
[2023-10-29T01:22:22.547+0000] {logging_mixin.py:151} INFO - [2023-10-29T01:22:22.547+0000] {dag.py:2941} INFO - Sync 1 DAGs
[2023-10-29T01:22:22.571+0000] {logging_mixin.py:151} INFO - [2023-10-29T01:22:22.571+0000] {dag.py:3722} INFO - Setting next_dagrun for example_branch_dop_operator_v3 to 2023-10-29T01:21:00+00:00, run_after=2023-10-29T01:22:00+00:00
[2023-10-29T01:22:22.593+0000] {processor.py:179} INFO - Processing /usr/local/lib/python3.10/dist-packages/airflow/example_dags/example_branch_python_dop_operator_3.py took 0.077 seconds
[2023-10-29T01:23:09.556+0000] {processor.py:157} INFO - Started process (PID=5369) to work on /usr/local/lib/python3.10/dist-packages/airflow/example_dags/example_branch_python_dop_operator_3.py
[2023-10-29T01:23:09.557+0000] {processor.py:829} INFO - Processing file /usr/local/lib/python3.10/dist-packages/airflow/example_dags/example_branch_python_dop_operator_3.py for tasks to queue
[2023-10-29T01:23:09.558+0000] {logging_mixin.py:151} INFO - [2023-10-29T01:23:09.558+0000] {dagbag.py:536} INFO - Filling up the DagBag from /usr/local/lib/python3.10/dist-packages/airflow/example_dags/example_branch_python_dop_operator_3.py
[2023-10-29T01:23:09.568+0000] {processor.py:839} INFO - DAG(s) dict_keys(['example_branch_dop_operator_v3']) retrieved from /usr/local/lib/python3.10/dist-packages/airflow/example_dags/example_branch_python_dop_operator_3.py
[2023-10-29T01:23:09.584+0000] {logging_mixin.py:151} INFO - [2023-10-29T01:23:09.584+0000] {dag.py:2941} INFO - Sync 1 DAGs
[2023-10-29T01:23:09.609+0000] {logging_mixin.py:151} INFO - [2023-10-29T01:23:09.608+0000] {dag.py:3722} INFO - Setting next_dagrun for example_branch_dop_operator_v3 to 2023-10-29T01:22:00+00:00, run_after=2023-10-29T01:23:00+00:00
[2023-10-29T01:23:09.631+0000] {processor.py:179} INFO - Processing /usr/local/lib/python3.10/dist-packages/airflow/example_dags/example_branch_python_dop_operator_3.py took 0.078 seconds
[2023-10-29T01:24:00.913+0000] {processor.py:157} INFO - Started process (PID=5420) to work on /usr/local/lib/python3.10/dist-packages/airflow/example_dags/example_branch_python_dop_operator_3.py
[2023-10-29T01:24:00.914+0000] {processor.py:829} INFO - Processing file /usr/local/lib/python3.10/dist-packages/airflow/example_dags/example_branch_python_dop_operator_3.py for tasks to queue
[2023-10-29T01:24:00.915+0000] {logging_mixin.py:151} INFO - [2023-10-29T01:24:00.915+0000] {dagbag.py:536} INFO - Filling up the DagBag from /usr/local/lib/python3.10/dist-packages/airflow/example_dags/example_branch_python_dop_operator_3.py
[2023-10-29T01:24:00.925+0000] {processor.py:839} INFO - DAG(s) dict_keys(['example_branch_dop_operator_v3']) retrieved from /usr/local/lib/python3.10/dist-packages/airflow/example_dags/example_branch_python_dop_operator_3.py
[2023-10-29T01:24:00.942+0000] {logging_mixin.py:151} INFO - [2023-10-29T01:24:00.942+0000] {dag.py:2941} INFO - Sync 1 DAGs
[2023-10-29T01:24:00.966+0000] {logging_mixin.py:151} INFO - [2023-10-29T01:24:00.966+0000] {dag.py:3722} INFO - Setting next_dagrun for example_branch_dop_operator_v3 to 2023-10-29T01:23:00+00:00, run_after=2023-10-29T01:24:00+00:00
[2023-10-29T01:24:00.991+0000] {processor.py:179} INFO - Processing /usr/local/lib/python3.10/dist-packages/airflow/example_dags/example_branch_python_dop_operator_3.py took 0.081 seconds
[2023-10-29T01:24:51.363+0000] {processor.py:157} INFO - Started process (PID=5471) to work on /usr/local/lib/python3.10/dist-packages/airflow/example_dags/example_branch_python_dop_operator_3.py
[2023-10-29T01:24:51.364+0000] {processor.py:829} INFO - Processing file /usr/local/lib/python3.10/dist-packages/airflow/example_dags/example_branch_python_dop_operator_3.py for tasks to queue
[2023-10-29T01:24:51.365+0000] {logging_mixin.py:151} INFO - [2023-10-29T01:24:51.364+0000] {dagbag.py:536} INFO - Filling up the DagBag from /usr/local/lib/python3.10/dist-packages/airflow/example_dags/example_branch_python_dop_operator_3.py
[2023-10-29T01:24:51.374+0000] {processor.py:839} INFO - DAG(s) dict_keys(['example_branch_dop_operator_v3']) retrieved from /usr/local/lib/python3.10/dist-packages/airflow/example_dags/example_branch_python_dop_operator_3.py
[2023-10-29T01:24:51.392+0000] {logging_mixin.py:151} INFO - [2023-10-29T01:24:51.392+0000] {dag.py:2941} INFO - Sync 1 DAGs
[2023-10-29T01:24:51.417+0000] {logging_mixin.py:151} INFO - [2023-10-29T01:24:51.417+0000] {dag.py:3722} INFO - Setting next_dagrun for example_branch_dop_operator_v3 to 2023-10-29T01:23:00+00:00, run_after=2023-10-29T01:24:00+00:00
[2023-10-29T01:24:51.441+0000] {processor.py:179} INFO - Processing /usr/local/lib/python3.10/dist-packages/airflow/example_dags/example_branch_python_dop_operator_3.py took 0.081 seconds
[2023-10-29T01:25:39.778+0000] {processor.py:157} INFO - Started process (PID=5521) to work on /usr/local/lib/python3.10/dist-packages/airflow/example_dags/example_branch_python_dop_operator_3.py
[2023-10-29T01:25:39.779+0000] {processor.py:829} INFO - Processing file /usr/local/lib/python3.10/dist-packages/airflow/example_dags/example_branch_python_dop_operator_3.py for tasks to queue
[2023-10-29T01:25:39.780+0000] {logging_mixin.py:151} INFO - [2023-10-29T01:25:39.780+0000] {dagbag.py:536} INFO - Filling up the DagBag from /usr/local/lib/python3.10/dist-packages/airflow/example_dags/example_branch_python_dop_operator_3.py
[2023-10-29T01:25:39.789+0000] {processor.py:839} INFO - DAG(s) dict_keys(['example_branch_dop_operator_v3']) retrieved from /usr/local/lib/python3.10/dist-packages/airflow/example_dags/example_branch_python_dop_operator_3.py
[2023-10-29T01:25:39.806+0000] {logging_mixin.py:151} INFO - [2023-10-29T01:25:39.806+0000] {dag.py:2941} INFO - Sync 1 DAGs
[2023-10-29T01:25:39.830+0000] {logging_mixin.py:151} INFO - [2023-10-29T01:25:39.829+0000] {dag.py:3722} INFO - Setting next_dagrun for example_branch_dop_operator_v3 to 2023-10-29T01:24:00+00:00, run_after=2023-10-29T01:25:00+00:00
[2023-10-29T01:25:39.851+0000] {processor.py:179} INFO - Processing /usr/local/lib/python3.10/dist-packages/airflow/example_dags/example_branch_python_dop_operator_3.py took 0.076 seconds
