[2023-10-29T01:01:12.310+0000] {processor.py:157} INFO - Started process (PID=3622) to work on /usr/local/lib/python3.10/dist-packages/airflow/example_dags/example_task_group.py
[2023-10-29T01:01:12.311+0000] {processor.py:829} INFO - Processing file /usr/local/lib/python3.10/dist-packages/airflow/example_dags/example_task_group.py for tasks to queue
[2023-10-29T01:01:12.311+0000] {logging_mixin.py:151} INFO - [2023-10-29T01:01:12.311+0000] {dagbag.py:536} INFO - Filling up the DagBag from /usr/local/lib/python3.10/dist-packages/airflow/example_dags/example_task_group.py
[2023-10-29T01:01:12.324+0000] {processor.py:839} INFO - DAG(s) dict_keys(['example_task_group']) retrieved from /usr/local/lib/python3.10/dist-packages/airflow/example_dags/example_task_group.py
[2023-10-29T01:01:12.524+0000] {logging_mixin.py:151} INFO - [2023-10-29T01:01:12.523+0000] {manager.py:499} INFO - Created Permission View: %s
[2023-10-29T01:01:12.536+0000] {logging_mixin.py:151} INFO - [2023-10-29T01:01:12.536+0000] {manager.py:499} INFO - Created Permission View: %s
[2023-10-29T01:01:12.546+0000] {logging_mixin.py:151} INFO - [2023-10-29T01:01:12.546+0000] {manager.py:499} INFO - Created Permission View: %s
[2023-10-29T01:01:12.546+0000] {logging_mixin.py:151} INFO - [2023-10-29T01:01:12.546+0000] {dag.py:2941} INFO - Sync 1 DAGs
[2023-10-29T01:01:12.556+0000] {logging_mixin.py:151} INFO - [2023-10-29T01:01:12.556+0000] {dag.py:2963} INFO - Creating ORM DAG for example_task_group
[2023-10-29T01:01:12.564+0000] {logging_mixin.py:151} INFO - [2023-10-29T01:01:12.564+0000] {dag.py:3722} INFO - Setting next_dagrun for example_task_group to 2023-10-28T01:01:12.564158+00:00, run_after=2023-10-29T01:01:12.564158+00:00
[2023-10-29T01:01:12.586+0000] {processor.py:179} INFO - Processing /usr/local/lib/python3.10/dist-packages/airflow/example_dags/example_task_group.py took 0.279 seconds
[2023-10-29T01:02:02.741+0000] {processor.py:157} INFO - Started process (PID=3673) to work on /usr/local/lib/python3.10/dist-packages/airflow/example_dags/example_task_group.py
[2023-10-29T01:02:02.742+0000] {processor.py:829} INFO - Processing file /usr/local/lib/python3.10/dist-packages/airflow/example_dags/example_task_group.py for tasks to queue
[2023-10-29T01:02:02.743+0000] {logging_mixin.py:151} INFO - [2023-10-29T01:02:02.742+0000] {dagbag.py:536} INFO - Filling up the DagBag from /usr/local/lib/python3.10/dist-packages/airflow/example_dags/example_task_group.py
[2023-10-29T01:02:02.751+0000] {processor.py:839} INFO - DAG(s) dict_keys(['example_task_group']) retrieved from /usr/local/lib/python3.10/dist-packages/airflow/example_dags/example_task_group.py
[2023-10-29T01:02:02.769+0000] {logging_mixin.py:151} INFO - [2023-10-29T01:02:02.769+0000] {dag.py:2941} INFO - Sync 1 DAGs
[2023-10-29T01:02:02.790+0000] {logging_mixin.py:151} INFO - [2023-10-29T01:02:02.790+0000] {dag.py:3722} INFO - Setting next_dagrun for example_task_group to 2023-10-28T01:02:02.789988+00:00, run_after=2023-10-29T01:02:02.789988+00:00
[2023-10-29T01:02:02.814+0000] {processor.py:179} INFO - Processing /usr/local/lib/python3.10/dist-packages/airflow/example_dags/example_task_group.py took 0.076 seconds
[2023-10-29T01:02:48.425+0000] {processor.py:157} INFO - Started process (PID=3719) to work on /usr/local/lib/python3.10/dist-packages/airflow/example_dags/example_task_group.py
[2023-10-29T01:02:48.426+0000] {processor.py:829} INFO - Processing file /usr/local/lib/python3.10/dist-packages/airflow/example_dags/example_task_group.py for tasks to queue
[2023-10-29T01:02:48.427+0000] {logging_mixin.py:151} INFO - [2023-10-29T01:02:48.426+0000] {dagbag.py:536} INFO - Filling up the DagBag from /usr/local/lib/python3.10/dist-packages/airflow/example_dags/example_task_group.py
[2023-10-29T01:02:48.435+0000] {processor.py:839} INFO - DAG(s) dict_keys(['example_task_group']) retrieved from /usr/local/lib/python3.10/dist-packages/airflow/example_dags/example_task_group.py
[2023-10-29T01:02:48.453+0000] {logging_mixin.py:151} INFO - [2023-10-29T01:02:48.453+0000] {dag.py:2941} INFO - Sync 1 DAGs
[2023-10-29T01:02:48.473+0000] {logging_mixin.py:151} INFO - [2023-10-29T01:02:48.473+0000] {dag.py:3722} INFO - Setting next_dagrun for example_task_group to 2023-10-28T01:02:48.472764+00:00, run_after=2023-10-29T01:02:48.472764+00:00
[2023-10-29T01:02:48.495+0000] {processor.py:179} INFO - Processing /usr/local/lib/python3.10/dist-packages/airflow/example_dags/example_task_group.py took 0.073 seconds
[2023-10-29T01:03:27.829+0000] {processor.py:157} INFO - Started process (PID=3762) to work on /usr/local/lib/python3.10/dist-packages/airflow/example_dags/example_task_group.py
[2023-10-29T01:03:27.831+0000] {processor.py:829} INFO - Processing file /usr/local/lib/python3.10/dist-packages/airflow/example_dags/example_task_group.py for tasks to queue
[2023-10-29T01:03:27.831+0000] {logging_mixin.py:151} INFO - [2023-10-29T01:03:27.831+0000] {dagbag.py:536} INFO - Filling up the DagBag from /usr/local/lib/python3.10/dist-packages/airflow/example_dags/example_task_group.py
[2023-10-29T01:03:27.840+0000] {processor.py:839} INFO - DAG(s) dict_keys(['example_task_group']) retrieved from /usr/local/lib/python3.10/dist-packages/airflow/example_dags/example_task_group.py
[2023-10-29T01:03:27.858+0000] {logging_mixin.py:151} INFO - [2023-10-29T01:03:27.857+0000] {dag.py:2941} INFO - Sync 1 DAGs
[2023-10-29T01:03:27.878+0000] {logging_mixin.py:151} INFO - [2023-10-29T01:03:27.878+0000] {dag.py:3722} INFO - Setting next_dagrun for example_task_group to 2023-10-28T01:03:27.878108+00:00, run_after=2023-10-29T01:03:27.878108+00:00
[2023-10-29T01:03:27.900+0000] {processor.py:179} INFO - Processing /usr/local/lib/python3.10/dist-packages/airflow/example_dags/example_task_group.py took 0.074 seconds
[2023-10-29T01:04:11.820+0000] {processor.py:157} INFO - Started process (PID=3808) to work on /usr/local/lib/python3.10/dist-packages/airflow/example_dags/example_task_group.py
[2023-10-29T01:04:11.821+0000] {processor.py:829} INFO - Processing file /usr/local/lib/python3.10/dist-packages/airflow/example_dags/example_task_group.py for tasks to queue
[2023-10-29T01:04:11.822+0000] {logging_mixin.py:151} INFO - [2023-10-29T01:04:11.821+0000] {dagbag.py:536} INFO - Filling up the DagBag from /usr/local/lib/python3.10/dist-packages/airflow/example_dags/example_task_group.py
[2023-10-29T01:04:11.830+0000] {processor.py:839} INFO - DAG(s) dict_keys(['example_task_group']) retrieved from /usr/local/lib/python3.10/dist-packages/airflow/example_dags/example_task_group.py
[2023-10-29T01:04:11.847+0000] {logging_mixin.py:151} INFO - [2023-10-29T01:04:11.847+0000] {dag.py:2941} INFO - Sync 1 DAGs
[2023-10-29T01:04:11.866+0000] {logging_mixin.py:151} INFO - [2023-10-29T01:04:11.866+0000] {dag.py:3722} INFO - Setting next_dagrun for example_task_group to 2023-10-28T01:04:11.866279+00:00, run_after=2023-10-29T01:04:11.866279+00:00
[2023-10-29T01:04:11.888+0000] {processor.py:179} INFO - Processing /usr/local/lib/python3.10/dist-packages/airflow/example_dags/example_task_group.py took 0.071 seconds
[2023-10-29T01:04:52.016+0000] {processor.py:157} INFO - Started process (PID=3850) to work on /usr/local/lib/python3.10/dist-packages/airflow/example_dags/example_task_group.py
[2023-10-29T01:04:52.017+0000] {processor.py:829} INFO - Processing file /usr/local/lib/python3.10/dist-packages/airflow/example_dags/example_task_group.py for tasks to queue
[2023-10-29T01:04:52.018+0000] {logging_mixin.py:151} INFO - [2023-10-29T01:04:52.017+0000] {dagbag.py:536} INFO - Filling up the DagBag from /usr/local/lib/python3.10/dist-packages/airflow/example_dags/example_task_group.py
[2023-10-29T01:04:52.027+0000] {processor.py:839} INFO - DAG(s) dict_keys(['example_task_group']) retrieved from /usr/local/lib/python3.10/dist-packages/airflow/example_dags/example_task_group.py
[2023-10-29T01:04:52.045+0000] {logging_mixin.py:151} INFO - [2023-10-29T01:04:52.045+0000] {dag.py:2941} INFO - Sync 1 DAGs
[2023-10-29T01:04:52.067+0000] {logging_mixin.py:151} INFO - [2023-10-29T01:04:52.067+0000] {dag.py:3722} INFO - Setting next_dagrun for example_task_group to 2023-10-28T01:04:52.066816+00:00, run_after=2023-10-29T01:04:52.066816+00:00
[2023-10-29T01:04:52.090+0000] {processor.py:179} INFO - Processing /usr/local/lib/python3.10/dist-packages/airflow/example_dags/example_task_group.py took 0.078 seconds
[2023-10-29T01:05:38.491+0000] {processor.py:157} INFO - Started process (PID=3898) to work on /usr/local/lib/python3.10/dist-packages/airflow/example_dags/example_task_group.py
[2023-10-29T01:05:38.492+0000] {processor.py:829} INFO - Processing file /usr/local/lib/python3.10/dist-packages/airflow/example_dags/example_task_group.py for tasks to queue
[2023-10-29T01:05:38.493+0000] {logging_mixin.py:151} INFO - [2023-10-29T01:05:38.493+0000] {dagbag.py:536} INFO - Filling up the DagBag from /usr/local/lib/python3.10/dist-packages/airflow/example_dags/example_task_group.py
[2023-10-29T01:05:38.502+0000] {processor.py:839} INFO - DAG(s) dict_keys(['example_task_group']) retrieved from /usr/local/lib/python3.10/dist-packages/airflow/example_dags/example_task_group.py
[2023-10-29T01:05:38.520+0000] {logging_mixin.py:151} INFO - [2023-10-29T01:05:38.520+0000] {dag.py:2941} INFO - Sync 1 DAGs
[2023-10-29T01:05:38.540+0000] {logging_mixin.py:151} INFO - [2023-10-29T01:05:38.540+0000] {dag.py:3722} INFO - Setting next_dagrun for example_task_group to 2023-10-28T01:05:38.540016+00:00, run_after=2023-10-29T01:05:38.540016+00:00
[2023-10-29T01:05:38.562+0000] {processor.py:179} INFO - Processing /usr/local/lib/python3.10/dist-packages/airflow/example_dags/example_task_group.py took 0.074 seconds
[2023-10-29T01:06:22.638+0000] {processor.py:157} INFO - Started process (PID=3946) to work on /usr/local/lib/python3.10/dist-packages/airflow/example_dags/example_task_group.py
[2023-10-29T01:06:22.639+0000] {processor.py:829} INFO - Processing file /usr/local/lib/python3.10/dist-packages/airflow/example_dags/example_task_group.py for tasks to queue
[2023-10-29T01:06:22.640+0000] {logging_mixin.py:151} INFO - [2023-10-29T01:06:22.640+0000] {dagbag.py:536} INFO - Filling up the DagBag from /usr/local/lib/python3.10/dist-packages/airflow/example_dags/example_task_group.py
[2023-10-29T01:06:22.649+0000] {processor.py:839} INFO - DAG(s) dict_keys(['example_task_group']) retrieved from /usr/local/lib/python3.10/dist-packages/airflow/example_dags/example_task_group.py
[2023-10-29T01:06:22.667+0000] {logging_mixin.py:151} INFO - [2023-10-29T01:06:22.667+0000] {dag.py:2941} INFO - Sync 1 DAGs
[2023-10-29T01:06:22.687+0000] {logging_mixin.py:151} INFO - [2023-10-29T01:06:22.687+0000] {dag.py:3722} INFO - Setting next_dagrun for example_task_group to 2023-10-28T01:06:22.686872+00:00, run_after=2023-10-29T01:06:22.686872+00:00
[2023-10-29T01:06:22.711+0000] {processor.py:179} INFO - Processing /usr/local/lib/python3.10/dist-packages/airflow/example_dags/example_task_group.py took 0.076 seconds
[2023-10-29T01:07:04.712+0000] {processor.py:157} INFO - Started process (PID=3992) to work on /usr/local/lib/python3.10/dist-packages/airflow/example_dags/example_task_group.py
[2023-10-29T01:07:04.714+0000] {processor.py:829} INFO - Processing file /usr/local/lib/python3.10/dist-packages/airflow/example_dags/example_task_group.py for tasks to queue
[2023-10-29T01:07:04.714+0000] {logging_mixin.py:151} INFO - [2023-10-29T01:07:04.714+0000] {dagbag.py:536} INFO - Filling up the DagBag from /usr/local/lib/python3.10/dist-packages/airflow/example_dags/example_task_group.py
[2023-10-29T01:07:04.723+0000] {processor.py:839} INFO - DAG(s) dict_keys(['example_task_group']) retrieved from /usr/local/lib/python3.10/dist-packages/airflow/example_dags/example_task_group.py
[2023-10-29T01:07:04.741+0000] {logging_mixin.py:151} INFO - [2023-10-29T01:07:04.741+0000] {dag.py:2941} INFO - Sync 1 DAGs
[2023-10-29T01:07:04.761+0000] {logging_mixin.py:151} INFO - [2023-10-29T01:07:04.761+0000] {dag.py:3722} INFO - Setting next_dagrun for example_task_group to 2023-10-28T01:07:04.761461+00:00, run_after=2023-10-29T01:07:04.761461+00:00
[2023-10-29T01:07:04.784+0000] {processor.py:179} INFO - Processing /usr/local/lib/python3.10/dist-packages/airflow/example_dags/example_task_group.py took 0.075 seconds
[2023-10-29T01:07:45.888+0000] {processor.py:157} INFO - Started process (PID=4033) to work on /usr/local/lib/python3.10/dist-packages/airflow/example_dags/example_task_group.py
[2023-10-29T01:07:45.890+0000] {processor.py:829} INFO - Processing file /usr/local/lib/python3.10/dist-packages/airflow/example_dags/example_task_group.py for tasks to queue
[2023-10-29T01:07:45.890+0000] {logging_mixin.py:151} INFO - [2023-10-29T01:07:45.890+0000] {dagbag.py:536} INFO - Filling up the DagBag from /usr/local/lib/python3.10/dist-packages/airflow/example_dags/example_task_group.py
[2023-10-29T01:07:45.899+0000] {processor.py:839} INFO - DAG(s) dict_keys(['example_task_group']) retrieved from /usr/local/lib/python3.10/dist-packages/airflow/example_dags/example_task_group.py
[2023-10-29T01:07:45.917+0000] {logging_mixin.py:151} INFO - [2023-10-29T01:07:45.917+0000] {dag.py:2941} INFO - Sync 1 DAGs
[2023-10-29T01:07:45.938+0000] {logging_mixin.py:151} INFO - [2023-10-29T01:07:45.937+0000] {dag.py:3722} INFO - Setting next_dagrun for example_task_group to 2023-10-28T01:07:45.937642+00:00, run_after=2023-10-29T01:07:45.937642+00:00
[2023-10-29T01:07:45.960+0000] {processor.py:179} INFO - Processing /usr/local/lib/python3.10/dist-packages/airflow/example_dags/example_task_group.py took 0.075 seconds
[2023-10-29T01:08:34.438+0000] {processor.py:157} INFO - Started process (PID=4082) to work on /usr/local/lib/python3.10/dist-packages/airflow/example_dags/example_task_group.py
[2023-10-29T01:08:34.440+0000] {processor.py:829} INFO - Processing file /usr/local/lib/python3.10/dist-packages/airflow/example_dags/example_task_group.py for tasks to queue
[2023-10-29T01:08:34.440+0000] {logging_mixin.py:151} INFO - [2023-10-29T01:08:34.440+0000] {dagbag.py:536} INFO - Filling up the DagBag from /usr/local/lib/python3.10/dist-packages/airflow/example_dags/example_task_group.py
[2023-10-29T01:08:34.449+0000] {processor.py:839} INFO - DAG(s) dict_keys(['example_task_group']) retrieved from /usr/local/lib/python3.10/dist-packages/airflow/example_dags/example_task_group.py
[2023-10-29T01:08:34.466+0000] {logging_mixin.py:151} INFO - [2023-10-29T01:08:34.466+0000] {dag.py:2941} INFO - Sync 1 DAGs
[2023-10-29T01:08:34.485+0000] {logging_mixin.py:151} INFO - [2023-10-29T01:08:34.485+0000] {dag.py:3722} INFO - Setting next_dagrun for example_task_group to 2023-10-28T01:08:34.485453+00:00, run_after=2023-10-29T01:08:34.485453+00:00
[2023-10-29T01:08:34.530+0000] {processor.py:179} INFO - Processing /usr/local/lib/python3.10/dist-packages/airflow/example_dags/example_task_group.py took 0.095 seconds
[2023-10-29T01:09:21.722+0000] {processor.py:157} INFO - Started process (PID=4130) to work on /usr/local/lib/python3.10/dist-packages/airflow/example_dags/example_task_group.py
[2023-10-29T01:09:21.723+0000] {processor.py:829} INFO - Processing file /usr/local/lib/python3.10/dist-packages/airflow/example_dags/example_task_group.py for tasks to queue
[2023-10-29T01:09:21.724+0000] {logging_mixin.py:151} INFO - [2023-10-29T01:09:21.723+0000] {dagbag.py:536} INFO - Filling up the DagBag from /usr/local/lib/python3.10/dist-packages/airflow/example_dags/example_task_group.py
[2023-10-29T01:09:21.732+0000] {processor.py:839} INFO - DAG(s) dict_keys(['example_task_group']) retrieved from /usr/local/lib/python3.10/dist-packages/airflow/example_dags/example_task_group.py
[2023-10-29T01:09:21.750+0000] {logging_mixin.py:151} INFO - [2023-10-29T01:09:21.750+0000] {dag.py:2941} INFO - Sync 1 DAGs
[2023-10-29T01:09:21.771+0000] {logging_mixin.py:151} INFO - [2023-10-29T01:09:21.771+0000] {dag.py:3722} INFO - Setting next_dagrun for example_task_group to 2023-10-28T01:09:21.770857+00:00, run_after=2023-10-29T01:09:21.770857+00:00
[2023-10-29T01:09:21.793+0000] {processor.py:179} INFO - Processing /usr/local/lib/python3.10/dist-packages/airflow/example_dags/example_task_group.py took 0.075 seconds
[2023-10-29T01:10:09.620+0000] {processor.py:157} INFO - Started process (PID=4178) to work on /usr/local/lib/python3.10/dist-packages/airflow/example_dags/example_task_group.py
[2023-10-29T01:10:09.621+0000] {processor.py:829} INFO - Processing file /usr/local/lib/python3.10/dist-packages/airflow/example_dags/example_task_group.py for tasks to queue
[2023-10-29T01:10:09.622+0000] {logging_mixin.py:151} INFO - [2023-10-29T01:10:09.622+0000] {dagbag.py:536} INFO - Filling up the DagBag from /usr/local/lib/python3.10/dist-packages/airflow/example_dags/example_task_group.py
[2023-10-29T01:10:09.631+0000] {processor.py:839} INFO - DAG(s) dict_keys(['example_task_group']) retrieved from /usr/local/lib/python3.10/dist-packages/airflow/example_dags/example_task_group.py
[2023-10-29T01:10:09.649+0000] {logging_mixin.py:151} INFO - [2023-10-29T01:10:09.648+0000] {dag.py:2941} INFO - Sync 1 DAGs
[2023-10-29T01:10:09.668+0000] {logging_mixin.py:151} INFO - [2023-10-29T01:10:09.668+0000] {dag.py:3722} INFO - Setting next_dagrun for example_task_group to 2023-10-28T01:10:09.668375+00:00, run_after=2023-10-29T01:10:09.668375+00:00
[2023-10-29T01:10:09.690+0000] {processor.py:179} INFO - Processing /usr/local/lib/python3.10/dist-packages/airflow/example_dags/example_task_group.py took 0.074 seconds
[2023-10-29T01:10:56.038+0000] {processor.py:157} INFO - Started process (PID=4226) to work on /usr/local/lib/python3.10/dist-packages/airflow/example_dags/example_task_group.py
[2023-10-29T01:10:56.039+0000] {processor.py:829} INFO - Processing file /usr/local/lib/python3.10/dist-packages/airflow/example_dags/example_task_group.py for tasks to queue
[2023-10-29T01:10:56.040+0000] {logging_mixin.py:151} INFO - [2023-10-29T01:10:56.040+0000] {dagbag.py:536} INFO - Filling up the DagBag from /usr/local/lib/python3.10/dist-packages/airflow/example_dags/example_task_group.py
[2023-10-29T01:10:56.049+0000] {processor.py:839} INFO - DAG(s) dict_keys(['example_task_group']) retrieved from /usr/local/lib/python3.10/dist-packages/airflow/example_dags/example_task_group.py
[2023-10-29T01:10:56.067+0000] {logging_mixin.py:151} INFO - [2023-10-29T01:10:56.067+0000] {dag.py:2941} INFO - Sync 1 DAGs
[2023-10-29T01:10:56.087+0000] {logging_mixin.py:151} INFO - [2023-10-29T01:10:56.087+0000] {dag.py:3722} INFO - Setting next_dagrun for example_task_group to 2023-10-28T01:10:56.087006+00:00, run_after=2023-10-29T01:10:56.087006+00:00
[2023-10-29T01:10:56.108+0000] {processor.py:179} INFO - Processing /usr/local/lib/python3.10/dist-packages/airflow/example_dags/example_task_group.py took 0.074 seconds
[2023-10-29T01:11:41.474+0000] {processor.py:157} INFO - Started process (PID=4648) to work on /usr/local/lib/python3.10/dist-packages/airflow/example_dags/example_task_group.py
[2023-10-29T01:11:41.475+0000] {processor.py:829} INFO - Processing file /usr/local/lib/python3.10/dist-packages/airflow/example_dags/example_task_group.py for tasks to queue
[2023-10-29T01:11:41.476+0000] {logging_mixin.py:151} INFO - [2023-10-29T01:11:41.476+0000] {dagbag.py:536} INFO - Filling up the DagBag from /usr/local/lib/python3.10/dist-packages/airflow/example_dags/example_task_group.py
[2023-10-29T01:11:41.485+0000] {processor.py:839} INFO - DAG(s) dict_keys(['example_task_group']) retrieved from /usr/local/lib/python3.10/dist-packages/airflow/example_dags/example_task_group.py
[2023-10-29T01:11:41.503+0000] {logging_mixin.py:151} INFO - [2023-10-29T01:11:41.503+0000] {dag.py:2941} INFO - Sync 1 DAGs
[2023-10-29T01:11:41.523+0000] {logging_mixin.py:151} INFO - [2023-10-29T01:11:41.523+0000] {dag.py:3722} INFO - Setting next_dagrun for example_task_group to 2023-10-28T01:11:41.522854+00:00, run_after=2023-10-29T01:11:41.522854+00:00
[2023-10-29T01:11:41.546+0000] {processor.py:179} INFO - Processing /usr/local/lib/python3.10/dist-packages/airflow/example_dags/example_task_group.py took 0.075 seconds
[2023-10-29T01:12:28.010+0000] {processor.py:157} INFO - Started process (PID=4696) to work on /usr/local/lib/python3.10/dist-packages/airflow/example_dags/example_task_group.py
[2023-10-29T01:12:28.011+0000] {processor.py:829} INFO - Processing file /usr/local/lib/python3.10/dist-packages/airflow/example_dags/example_task_group.py for tasks to queue
[2023-10-29T01:12:28.012+0000] {logging_mixin.py:151} INFO - [2023-10-29T01:12:28.012+0000] {dagbag.py:536} INFO - Filling up the DagBag from /usr/local/lib/python3.10/dist-packages/airflow/example_dags/example_task_group.py
[2023-10-29T01:12:28.020+0000] {processor.py:839} INFO - DAG(s) dict_keys(['example_task_group']) retrieved from /usr/local/lib/python3.10/dist-packages/airflow/example_dags/example_task_group.py
[2023-10-29T01:12:28.038+0000] {logging_mixin.py:151} INFO - [2023-10-29T01:12:28.038+0000] {dag.py:2941} INFO - Sync 1 DAGs
[2023-10-29T01:12:28.058+0000] {logging_mixin.py:151} INFO - [2023-10-29T01:12:28.057+0000] {dag.py:3722} INFO - Setting next_dagrun for example_task_group to 2023-10-28T01:12:28.057729+00:00, run_after=2023-10-29T01:12:28.057729+00:00
[2023-10-29T01:12:28.080+0000] {processor.py:179} INFO - Processing /usr/local/lib/python3.10/dist-packages/airflow/example_dags/example_task_group.py took 0.074 seconds
[2023-10-29T01:13:08.153+0000] {processor.py:157} INFO - Started process (PID=4744) to work on /usr/local/lib/python3.10/dist-packages/airflow/example_dags/example_task_group.py
[2023-10-29T01:13:08.154+0000] {processor.py:829} INFO - Processing file /usr/local/lib/python3.10/dist-packages/airflow/example_dags/example_task_group.py for tasks to queue
[2023-10-29T01:13:08.155+0000] {logging_mixin.py:151} INFO - [2023-10-29T01:13:08.155+0000] {dagbag.py:536} INFO - Filling up the DagBag from /usr/local/lib/python3.10/dist-packages/airflow/example_dags/example_task_group.py
[2023-10-29T01:13:08.164+0000] {processor.py:839} INFO - DAG(s) dict_keys(['example_task_group']) retrieved from /usr/local/lib/python3.10/dist-packages/airflow/example_dags/example_task_group.py
[2023-10-29T01:13:08.182+0000] {logging_mixin.py:151} INFO - [2023-10-29T01:13:08.181+0000] {dag.py:2941} INFO - Sync 1 DAGs
[2023-10-29T01:13:08.202+0000] {logging_mixin.py:151} INFO - [2023-10-29T01:13:08.202+0000] {dag.py:3722} INFO - Setting next_dagrun for example_task_group to 2023-10-28T01:13:08.201963+00:00, run_after=2023-10-29T01:13:08.201963+00:00
[2023-10-29T01:13:08.230+0000] {processor.py:179} INFO - Processing /usr/local/lib/python3.10/dist-packages/airflow/example_dags/example_task_group.py took 0.080 seconds
[2023-10-29T01:13:49.053+0000] {processor.py:157} INFO - Started process (PID=4789) to work on /usr/local/lib/python3.10/dist-packages/airflow/example_dags/example_task_group.py
[2023-10-29T01:13:49.054+0000] {processor.py:829} INFO - Processing file /usr/local/lib/python3.10/dist-packages/airflow/example_dags/example_task_group.py for tasks to queue
[2023-10-29T01:13:49.055+0000] {logging_mixin.py:151} INFO - [2023-10-29T01:13:49.054+0000] {dagbag.py:536} INFO - Filling up the DagBag from /usr/local/lib/python3.10/dist-packages/airflow/example_dags/example_task_group.py
[2023-10-29T01:13:49.063+0000] {processor.py:839} INFO - DAG(s) dict_keys(['example_task_group']) retrieved from /usr/local/lib/python3.10/dist-packages/airflow/example_dags/example_task_group.py
[2023-10-29T01:13:49.081+0000] {logging_mixin.py:151} INFO - [2023-10-29T01:13:49.080+0000] {dag.py:2941} INFO - Sync 1 DAGs
[2023-10-29T01:13:49.100+0000] {logging_mixin.py:151} INFO - [2023-10-29T01:13:49.100+0000] {dag.py:3722} INFO - Setting next_dagrun for example_task_group to 2023-10-28T01:13:49.100447+00:00, run_after=2023-10-29T01:13:49.100447+00:00
[2023-10-29T01:13:49.123+0000] {processor.py:179} INFO - Processing /usr/local/lib/python3.10/dist-packages/airflow/example_dags/example_task_group.py took 0.073 seconds
[2023-10-29T01:14:34.433+0000] {processor.py:157} INFO - Started process (PID=4837) to work on /usr/local/lib/python3.10/dist-packages/airflow/example_dags/example_task_group.py
[2023-10-29T01:14:34.434+0000] {processor.py:829} INFO - Processing file /usr/local/lib/python3.10/dist-packages/airflow/example_dags/example_task_group.py for tasks to queue
[2023-10-29T01:14:34.435+0000] {logging_mixin.py:151} INFO - [2023-10-29T01:14:34.435+0000] {dagbag.py:536} INFO - Filling up the DagBag from /usr/local/lib/python3.10/dist-packages/airflow/example_dags/example_task_group.py
[2023-10-29T01:14:34.444+0000] {processor.py:839} INFO - DAG(s) dict_keys(['example_task_group']) retrieved from /usr/local/lib/python3.10/dist-packages/airflow/example_dags/example_task_group.py
[2023-10-29T01:14:34.462+0000] {logging_mixin.py:151} INFO - [2023-10-29T01:14:34.461+0000] {dag.py:2941} INFO - Sync 1 DAGs
[2023-10-29T01:14:34.483+0000] {logging_mixin.py:151} INFO - [2023-10-29T01:14:34.482+0000] {dag.py:3722} INFO - Setting next_dagrun for example_task_group to 2023-10-28T01:14:34.482581+00:00, run_after=2023-10-29T01:14:34.482581+00:00
[2023-10-29T01:14:34.507+0000] {processor.py:179} INFO - Processing /usr/local/lib/python3.10/dist-packages/airflow/example_dags/example_task_group.py took 0.077 seconds
[2023-10-29T01:15:15.193+0000] {processor.py:157} INFO - Started process (PID=4880) to work on /usr/local/lib/python3.10/dist-packages/airflow/example_dags/example_task_group.py
[2023-10-29T01:15:15.195+0000] {processor.py:829} INFO - Processing file /usr/local/lib/python3.10/dist-packages/airflow/example_dags/example_task_group.py for tasks to queue
[2023-10-29T01:15:15.196+0000] {logging_mixin.py:151} INFO - [2023-10-29T01:15:15.195+0000] {dagbag.py:536} INFO - Filling up the DagBag from /usr/local/lib/python3.10/dist-packages/airflow/example_dags/example_task_group.py
[2023-10-29T01:15:15.204+0000] {processor.py:839} INFO - DAG(s) dict_keys(['example_task_group']) retrieved from /usr/local/lib/python3.10/dist-packages/airflow/example_dags/example_task_group.py
[2023-10-29T01:15:15.222+0000] {logging_mixin.py:151} INFO - [2023-10-29T01:15:15.221+0000] {dag.py:2941} INFO - Sync 1 DAGs
[2023-10-29T01:15:15.241+0000] {logging_mixin.py:151} INFO - [2023-10-29T01:15:15.241+0000] {dag.py:3722} INFO - Setting next_dagrun for example_task_group to 2023-10-28T01:15:15.241306+00:00, run_after=2023-10-29T01:15:15.241306+00:00
[2023-10-29T01:15:15.262+0000] {processor.py:179} INFO - Processing /usr/local/lib/python3.10/dist-packages/airflow/example_dags/example_task_group.py took 0.072 seconds
[2023-10-29T01:15:59.582+0000] {processor.py:157} INFO - Started process (PID=4926) to work on /usr/local/lib/python3.10/dist-packages/airflow/example_dags/example_task_group.py
[2023-10-29T01:15:59.583+0000] {processor.py:829} INFO - Processing file /usr/local/lib/python3.10/dist-packages/airflow/example_dags/example_task_group.py for tasks to queue
[2023-10-29T01:15:59.584+0000] {logging_mixin.py:151} INFO - [2023-10-29T01:15:59.584+0000] {dagbag.py:536} INFO - Filling up the DagBag from /usr/local/lib/python3.10/dist-packages/airflow/example_dags/example_task_group.py
[2023-10-29T01:15:59.592+0000] {processor.py:839} INFO - DAG(s) dict_keys(['example_task_group']) retrieved from /usr/local/lib/python3.10/dist-packages/airflow/example_dags/example_task_group.py
[2023-10-29T01:15:59.609+0000] {logging_mixin.py:151} INFO - [2023-10-29T01:15:59.609+0000] {dag.py:2941} INFO - Sync 1 DAGs
[2023-10-29T01:15:59.629+0000] {logging_mixin.py:151} INFO - [2023-10-29T01:15:59.629+0000] {dag.py:3722} INFO - Setting next_dagrun for example_task_group to 2023-10-28T01:15:59.629408+00:00, run_after=2023-10-29T01:15:59.629408+00:00
[2023-10-29T01:15:59.651+0000] {processor.py:179} INFO - Processing /usr/local/lib/python3.10/dist-packages/airflow/example_dags/example_task_group.py took 0.072 seconds
[2023-10-29T01:16:48.319+0000] {processor.py:157} INFO - Started process (PID=4975) to work on /usr/local/lib/python3.10/dist-packages/airflow/example_dags/example_task_group.py
[2023-10-29T01:16:48.320+0000] {processor.py:829} INFO - Processing file /usr/local/lib/python3.10/dist-packages/airflow/example_dags/example_task_group.py for tasks to queue
[2023-10-29T01:16:48.321+0000] {logging_mixin.py:151} INFO - [2023-10-29T01:16:48.321+0000] {dagbag.py:536} INFO - Filling up the DagBag from /usr/local/lib/python3.10/dist-packages/airflow/example_dags/example_task_group.py
[2023-10-29T01:16:48.330+0000] {processor.py:839} INFO - DAG(s) dict_keys(['example_task_group']) retrieved from /usr/local/lib/python3.10/dist-packages/airflow/example_dags/example_task_group.py
[2023-10-29T01:16:48.347+0000] {logging_mixin.py:151} INFO - [2023-10-29T01:16:48.347+0000] {dag.py:2941} INFO - Sync 1 DAGs
[2023-10-29T01:16:48.366+0000] {logging_mixin.py:151} INFO - [2023-10-29T01:16:48.366+0000] {dag.py:3722} INFO - Setting next_dagrun for example_task_group to 2023-10-28T01:16:48.366448+00:00, run_after=2023-10-29T01:16:48.366448+00:00
[2023-10-29T01:16:48.387+0000] {processor.py:179} INFO - Processing /usr/local/lib/python3.10/dist-packages/airflow/example_dags/example_task_group.py took 0.071 seconds
[2023-10-29T01:17:34.889+0000] {processor.py:157} INFO - Started process (PID=5025) to work on /usr/local/lib/python3.10/dist-packages/airflow/example_dags/example_task_group.py
[2023-10-29T01:17:34.890+0000] {processor.py:829} INFO - Processing file /usr/local/lib/python3.10/dist-packages/airflow/example_dags/example_task_group.py for tasks to queue
[2023-10-29T01:17:34.891+0000] {logging_mixin.py:151} INFO - [2023-10-29T01:17:34.890+0000] {dagbag.py:536} INFO - Filling up the DagBag from /usr/local/lib/python3.10/dist-packages/airflow/example_dags/example_task_group.py
[2023-10-29T01:17:34.899+0000] {processor.py:839} INFO - DAG(s) dict_keys(['example_task_group']) retrieved from /usr/local/lib/python3.10/dist-packages/airflow/example_dags/example_task_group.py
[2023-10-29T01:17:34.917+0000] {logging_mixin.py:151} INFO - [2023-10-29T01:17:34.917+0000] {dag.py:2941} INFO - Sync 1 DAGs
[2023-10-29T01:17:34.937+0000] {logging_mixin.py:151} INFO - [2023-10-29T01:17:34.937+0000] {dag.py:3722} INFO - Setting next_dagrun for example_task_group to 2023-10-28T01:17:34.937040+00:00, run_after=2023-10-29T01:17:34.937040+00:00
[2023-10-29T01:17:34.958+0000] {processor.py:179} INFO - Processing /usr/local/lib/python3.10/dist-packages/airflow/example_dags/example_task_group.py took 0.073 seconds
[2023-10-29T01:18:20.252+0000] {processor.py:157} INFO - Started process (PID=5072) to work on /usr/local/lib/python3.10/dist-packages/airflow/example_dags/example_task_group.py
[2023-10-29T01:18:20.253+0000] {processor.py:829} INFO - Processing file /usr/local/lib/python3.10/dist-packages/airflow/example_dags/example_task_group.py for tasks to queue
[2023-10-29T01:18:20.254+0000] {logging_mixin.py:151} INFO - [2023-10-29T01:18:20.254+0000] {dagbag.py:536} INFO - Filling up the DagBag from /usr/local/lib/python3.10/dist-packages/airflow/example_dags/example_task_group.py
[2023-10-29T01:18:20.263+0000] {processor.py:839} INFO - DAG(s) dict_keys(['example_task_group']) retrieved from /usr/local/lib/python3.10/dist-packages/airflow/example_dags/example_task_group.py
[2023-10-29T01:18:20.280+0000] {logging_mixin.py:151} INFO - [2023-10-29T01:18:20.280+0000] {dag.py:2941} INFO - Sync 1 DAGs
[2023-10-29T01:18:20.300+0000] {logging_mixin.py:151} INFO - [2023-10-29T01:18:20.300+0000] {dag.py:3722} INFO - Setting next_dagrun for example_task_group to 2023-10-28T01:18:20.300034+00:00, run_after=2023-10-29T01:18:20.300034+00:00
[2023-10-29T01:18:20.322+0000] {processor.py:179} INFO - Processing /usr/local/lib/python3.10/dist-packages/airflow/example_dags/example_task_group.py took 0.073 seconds
[2023-10-29T01:19:06.813+0000] {processor.py:157} INFO - Started process (PID=5119) to work on /usr/local/lib/python3.10/dist-packages/airflow/example_dags/example_task_group.py
[2023-10-29T01:19:06.814+0000] {processor.py:829} INFO - Processing file /usr/local/lib/python3.10/dist-packages/airflow/example_dags/example_task_group.py for tasks to queue
[2023-10-29T01:19:06.815+0000] {logging_mixin.py:151} INFO - [2023-10-29T01:19:06.815+0000] {dagbag.py:536} INFO - Filling up the DagBag from /usr/local/lib/python3.10/dist-packages/airflow/example_dags/example_task_group.py
[2023-10-29T01:19:06.824+0000] {processor.py:839} INFO - DAG(s) dict_keys(['example_task_group']) retrieved from /usr/local/lib/python3.10/dist-packages/airflow/example_dags/example_task_group.py
[2023-10-29T01:19:06.842+0000] {logging_mixin.py:151} INFO - [2023-10-29T01:19:06.842+0000] {dag.py:2941} INFO - Sync 1 DAGs
[2023-10-29T01:19:06.862+0000] {logging_mixin.py:151} INFO - [2023-10-29T01:19:06.862+0000] {dag.py:3722} INFO - Setting next_dagrun for example_task_group to 2023-10-28T01:19:06.862454+00:00, run_after=2023-10-29T01:19:06.862454+00:00
[2023-10-29T01:19:06.884+0000] {processor.py:179} INFO - Processing /usr/local/lib/python3.10/dist-packages/airflow/example_dags/example_task_group.py took 0.074 seconds
[2023-10-29T01:19:46.100+0000] {processor.py:157} INFO - Started process (PID=5158) to work on /usr/local/lib/python3.10/dist-packages/airflow/example_dags/example_task_group.py
[2023-10-29T01:19:46.101+0000] {processor.py:829} INFO - Processing file /usr/local/lib/python3.10/dist-packages/airflow/example_dags/example_task_group.py for tasks to queue
[2023-10-29T01:19:46.102+0000] {logging_mixin.py:151} INFO - [2023-10-29T01:19:46.102+0000] {dagbag.py:536} INFO - Filling up the DagBag from /usr/local/lib/python3.10/dist-packages/airflow/example_dags/example_task_group.py
[2023-10-29T01:19:46.111+0000] {processor.py:839} INFO - DAG(s) dict_keys(['example_task_group']) retrieved from /usr/local/lib/python3.10/dist-packages/airflow/example_dags/example_task_group.py
[2023-10-29T01:19:46.128+0000] {logging_mixin.py:151} INFO - [2023-10-29T01:19:46.128+0000] {dag.py:2941} INFO - Sync 1 DAGs
[2023-10-29T01:19:46.148+0000] {logging_mixin.py:151} INFO - [2023-10-29T01:19:46.148+0000] {dag.py:3722} INFO - Setting next_dagrun for example_task_group to 2023-10-28T01:19:46.148390+00:00, run_after=2023-10-29T01:19:46.148390+00:00
[2023-10-29T01:19:46.171+0000] {processor.py:179} INFO - Processing /usr/local/lib/python3.10/dist-packages/airflow/example_dags/example_task_group.py took 0.074 seconds
[2023-10-29T01:20:31.084+0000] {processor.py:157} INFO - Started process (PID=5205) to work on /usr/local/lib/python3.10/dist-packages/airflow/example_dags/example_task_group.py
[2023-10-29T01:20:31.086+0000] {processor.py:829} INFO - Processing file /usr/local/lib/python3.10/dist-packages/airflow/example_dags/example_task_group.py for tasks to queue
[2023-10-29T01:20:31.087+0000] {logging_mixin.py:151} INFO - [2023-10-29T01:20:31.086+0000] {dagbag.py:536} INFO - Filling up the DagBag from /usr/local/lib/python3.10/dist-packages/airflow/example_dags/example_task_group.py
[2023-10-29T01:20:31.095+0000] {processor.py:839} INFO - DAG(s) dict_keys(['example_task_group']) retrieved from /usr/local/lib/python3.10/dist-packages/airflow/example_dags/example_task_group.py
[2023-10-29T01:20:31.112+0000] {logging_mixin.py:151} INFO - [2023-10-29T01:20:31.112+0000] {dag.py:2941} INFO - Sync 1 DAGs
[2023-10-29T01:20:31.132+0000] {logging_mixin.py:151} INFO - [2023-10-29T01:20:31.132+0000] {dag.py:3722} INFO - Setting next_dagrun for example_task_group to 2023-10-28T01:20:31.132580+00:00, run_after=2023-10-29T01:20:31.132580+00:00
[2023-10-29T01:20:31.154+0000] {processor.py:179} INFO - Processing /usr/local/lib/python3.10/dist-packages/airflow/example_dags/example_task_group.py took 0.073 seconds
[2023-10-29T01:21:16.794+0000] {processor.py:157} INFO - Started process (PID=5252) to work on /usr/local/lib/python3.10/dist-packages/airflow/example_dags/example_task_group.py
[2023-10-29T01:21:16.795+0000] {processor.py:829} INFO - Processing file /usr/local/lib/python3.10/dist-packages/airflow/example_dags/example_task_group.py for tasks to queue
[2023-10-29T01:21:16.796+0000] {logging_mixin.py:151} INFO - [2023-10-29T01:21:16.795+0000] {dagbag.py:536} INFO - Filling up the DagBag from /usr/local/lib/python3.10/dist-packages/airflow/example_dags/example_task_group.py
[2023-10-29T01:21:16.804+0000] {processor.py:839} INFO - DAG(s) dict_keys(['example_task_group']) retrieved from /usr/local/lib/python3.10/dist-packages/airflow/example_dags/example_task_group.py
[2023-10-29T01:21:16.822+0000] {logging_mixin.py:151} INFO - [2023-10-29T01:21:16.821+0000] {dag.py:2941} INFO - Sync 1 DAGs
[2023-10-29T01:21:16.842+0000] {logging_mixin.py:151} INFO - [2023-10-29T01:21:16.841+0000] {dag.py:3722} INFO - Setting next_dagrun for example_task_group to 2023-10-28T01:21:16.841649+00:00, run_after=2023-10-29T01:21:16.841649+00:00
[2023-10-29T01:21:16.864+0000] {processor.py:179} INFO - Processing /usr/local/lib/python3.10/dist-packages/airflow/example_dags/example_task_group.py took 0.074 seconds
[2023-10-29T01:22:04.940+0000] {processor.py:157} INFO - Started process (PID=5303) to work on /usr/local/lib/python3.10/dist-packages/airflow/example_dags/example_task_group.py
[2023-10-29T01:22:04.941+0000] {processor.py:829} INFO - Processing file /usr/local/lib/python3.10/dist-packages/airflow/example_dags/example_task_group.py for tasks to queue
[2023-10-29T01:22:04.942+0000] {logging_mixin.py:151} INFO - [2023-10-29T01:22:04.942+0000] {dagbag.py:536} INFO - Filling up the DagBag from /usr/local/lib/python3.10/dist-packages/airflow/example_dags/example_task_group.py
[2023-10-29T01:22:04.951+0000] {processor.py:839} INFO - DAG(s) dict_keys(['example_task_group']) retrieved from /usr/local/lib/python3.10/dist-packages/airflow/example_dags/example_task_group.py
[2023-10-29T01:22:04.969+0000] {logging_mixin.py:151} INFO - [2023-10-29T01:22:04.968+0000] {dag.py:2941} INFO - Sync 1 DAGs
[2023-10-29T01:22:04.989+0000] {logging_mixin.py:151} INFO - [2023-10-29T01:22:04.989+0000] {dag.py:3722} INFO - Setting next_dagrun for example_task_group to 2023-10-28T01:22:04.988935+00:00, run_after=2023-10-29T01:22:04.988935+00:00
[2023-10-29T01:22:05.011+0000] {processor.py:179} INFO - Processing /usr/local/lib/python3.10/dist-packages/airflow/example_dags/example_task_group.py took 0.074 seconds
[2023-10-29T01:22:53.041+0000] {processor.py:157} INFO - Started process (PID=5352) to work on /usr/local/lib/python3.10/dist-packages/airflow/example_dags/example_task_group.py
[2023-10-29T01:22:53.042+0000] {processor.py:829} INFO - Processing file /usr/local/lib/python3.10/dist-packages/airflow/example_dags/example_task_group.py for tasks to queue
[2023-10-29T01:22:53.043+0000] {logging_mixin.py:151} INFO - [2023-10-29T01:22:53.042+0000] {dagbag.py:536} INFO - Filling up the DagBag from /usr/local/lib/python3.10/dist-packages/airflow/example_dags/example_task_group.py
[2023-10-29T01:22:53.051+0000] {processor.py:839} INFO - DAG(s) dict_keys(['example_task_group']) retrieved from /usr/local/lib/python3.10/dist-packages/airflow/example_dags/example_task_group.py
[2023-10-29T01:22:53.069+0000] {logging_mixin.py:151} INFO - [2023-10-29T01:22:53.069+0000] {dag.py:2941} INFO - Sync 1 DAGs
[2023-10-29T01:22:53.089+0000] {logging_mixin.py:151} INFO - [2023-10-29T01:22:53.088+0000] {dag.py:3722} INFO - Setting next_dagrun for example_task_group to 2023-10-28T01:22:53.088550+00:00, run_after=2023-10-29T01:22:53.088550+00:00
[2023-10-29T01:22:53.111+0000] {processor.py:179} INFO - Processing /usr/local/lib/python3.10/dist-packages/airflow/example_dags/example_task_group.py took 0.073 seconds
[2023-10-29T01:23:42.099+0000] {processor.py:157} INFO - Started process (PID=5401) to work on /usr/local/lib/python3.10/dist-packages/airflow/example_dags/example_task_group.py
[2023-10-29T01:23:42.100+0000] {processor.py:829} INFO - Processing file /usr/local/lib/python3.10/dist-packages/airflow/example_dags/example_task_group.py for tasks to queue
[2023-10-29T01:23:42.101+0000] {logging_mixin.py:151} INFO - [2023-10-29T01:23:42.100+0000] {dagbag.py:536} INFO - Filling up the DagBag from /usr/local/lib/python3.10/dist-packages/airflow/example_dags/example_task_group.py
[2023-10-29T01:23:42.109+0000] {processor.py:839} INFO - DAG(s) dict_keys(['example_task_group']) retrieved from /usr/local/lib/python3.10/dist-packages/airflow/example_dags/example_task_group.py
[2023-10-29T01:23:42.127+0000] {logging_mixin.py:151} INFO - [2023-10-29T01:23:42.126+0000] {dag.py:2941} INFO - Sync 1 DAGs
[2023-10-29T01:23:42.147+0000] {logging_mixin.py:151} INFO - [2023-10-29T01:23:42.146+0000] {dag.py:3722} INFO - Setting next_dagrun for example_task_group to 2023-10-28T01:23:42.146623+00:00, run_after=2023-10-29T01:23:42.146623+00:00
[2023-10-29T01:23:42.169+0000] {processor.py:179} INFO - Processing /usr/local/lib/python3.10/dist-packages/airflow/example_dags/example_task_group.py took 0.073 seconds
[2023-10-29T01:24:33.728+0000] {processor.py:157} INFO - Started process (PID=5453) to work on /usr/local/lib/python3.10/dist-packages/airflow/example_dags/example_task_group.py
[2023-10-29T01:24:33.730+0000] {processor.py:829} INFO - Processing file /usr/local/lib/python3.10/dist-packages/airflow/example_dags/example_task_group.py for tasks to queue
[2023-10-29T01:24:33.731+0000] {logging_mixin.py:151} INFO - [2023-10-29T01:24:33.730+0000] {dagbag.py:536} INFO - Filling up the DagBag from /usr/local/lib/python3.10/dist-packages/airflow/example_dags/example_task_group.py
[2023-10-29T01:24:33.739+0000] {processor.py:839} INFO - DAG(s) dict_keys(['example_task_group']) retrieved from /usr/local/lib/python3.10/dist-packages/airflow/example_dags/example_task_group.py
[2023-10-29T01:24:33.757+0000] {logging_mixin.py:151} INFO - [2023-10-29T01:24:33.756+0000] {dag.py:2941} INFO - Sync 1 DAGs
[2023-10-29T01:24:33.776+0000] {logging_mixin.py:151} INFO - [2023-10-29T01:24:33.776+0000] {dag.py:3722} INFO - Setting next_dagrun for example_task_group to 2023-10-28T01:24:33.776341+00:00, run_after=2023-10-29T01:24:33.776341+00:00
[2023-10-29T01:24:33.798+0000] {processor.py:179} INFO - Processing /usr/local/lib/python3.10/dist-packages/airflow/example_dags/example_task_group.py took 0.073 seconds
[2023-10-29T01:25:21.217+0000] {processor.py:157} INFO - Started process (PID=5502) to work on /usr/local/lib/python3.10/dist-packages/airflow/example_dags/example_task_group.py
[2023-10-29T01:25:21.218+0000] {processor.py:829} INFO - Processing file /usr/local/lib/python3.10/dist-packages/airflow/example_dags/example_task_group.py for tasks to queue
[2023-10-29T01:25:21.219+0000] {logging_mixin.py:151} INFO - [2023-10-29T01:25:21.219+0000] {dagbag.py:536} INFO - Filling up the DagBag from /usr/local/lib/python3.10/dist-packages/airflow/example_dags/example_task_group.py
[2023-10-29T01:25:21.228+0000] {processor.py:839} INFO - DAG(s) dict_keys(['example_task_group']) retrieved from /usr/local/lib/python3.10/dist-packages/airflow/example_dags/example_task_group.py
[2023-10-29T01:25:21.245+0000] {logging_mixin.py:151} INFO - [2023-10-29T01:25:21.245+0000] {dag.py:2941} INFO - Sync 1 DAGs
[2023-10-29T01:25:21.265+0000] {logging_mixin.py:151} INFO - [2023-10-29T01:25:21.265+0000] {dag.py:3722} INFO - Setting next_dagrun for example_task_group to 2023-10-28T01:25:21.265402+00:00, run_after=2023-10-29T01:25:21.265402+00:00
[2023-10-29T01:25:21.287+0000] {processor.py:179} INFO - Processing /usr/local/lib/python3.10/dist-packages/airflow/example_dags/example_task_group.py took 0.073 seconds
