[2023-10-29T01:01:40.431+0000] {processor.py:157} INFO - Started process (PID=3650) to work on /usr/local/lib/python3.10/dist-packages/airflow/example_dags/example_branch_operator.py
[2023-10-29T01:01:40.432+0000] {processor.py:829} INFO - Processing file /usr/local/lib/python3.10/dist-packages/airflow/example_dags/example_branch_operator.py for tasks to queue
[2023-10-29T01:01:40.433+0000] {logging_mixin.py:151} INFO - [2023-10-29T01:01:40.432+0000] {dagbag.py:536} INFO - Filling up the DagBag from /usr/local/lib/python3.10/dist-packages/airflow/example_dags/example_branch_operator.py
[2023-10-29T01:01:40.443+0000] {processor.py:839} INFO - DAG(s) dict_keys(['example_branch_operator']) retrieved from /usr/local/lib/python3.10/dist-packages/airflow/example_dags/example_branch_operator.py
[2023-10-29T01:01:40.552+0000] {logging_mixin.py:151} INFO - [2023-10-29T01:01:40.552+0000] {manager.py:499} INFO - Created Permission View: %s
[2023-10-29T01:01:40.564+0000] {logging_mixin.py:151} INFO - [2023-10-29T01:01:40.564+0000] {manager.py:499} INFO - Created Permission View: %s
[2023-10-29T01:01:40.574+0000] {logging_mixin.py:151} INFO - [2023-10-29T01:01:40.574+0000] {manager.py:499} INFO - Created Permission View: %s
[2023-10-29T01:01:40.574+0000] {logging_mixin.py:151} INFO - [2023-10-29T01:01:40.574+0000] {dag.py:2941} INFO - Sync 1 DAGs
[2023-10-29T01:01:40.586+0000] {logging_mixin.py:151} INFO - [2023-10-29T01:01:40.586+0000] {dag.py:2963} INFO - Creating ORM DAG for example_branch_operator
[2023-10-29T01:01:40.596+0000] {logging_mixin.py:151} INFO - [2023-10-29T01:01:40.596+0000] {dag.py:3722} INFO - Setting next_dagrun for example_branch_operator to 2023-10-28T00:00:00+00:00, run_after=2023-10-29T00:00:00+00:00
[2023-10-29T01:01:40.619+0000] {processor.py:179} INFO - Processing /usr/local/lib/python3.10/dist-packages/airflow/example_dags/example_branch_operator.py took 0.191 seconds
[2023-10-29T01:02:36.005+0000] {processor.py:157} INFO - Started process (PID=3706) to work on /usr/local/lib/python3.10/dist-packages/airflow/example_dags/example_branch_operator.py
[2023-10-29T01:02:36.006+0000] {processor.py:829} INFO - Processing file /usr/local/lib/python3.10/dist-packages/airflow/example_dags/example_branch_operator.py for tasks to queue
[2023-10-29T01:02:36.007+0000] {logging_mixin.py:151} INFO - [2023-10-29T01:02:36.007+0000] {dagbag.py:536} INFO - Filling up the DagBag from /usr/local/lib/python3.10/dist-packages/airflow/example_dags/example_branch_operator.py
[2023-10-29T01:02:36.017+0000] {processor.py:839} INFO - DAG(s) dict_keys(['example_branch_operator']) retrieved from /usr/local/lib/python3.10/dist-packages/airflow/example_dags/example_branch_operator.py
[2023-10-29T01:02:36.037+0000] {logging_mixin.py:151} INFO - [2023-10-29T01:02:36.036+0000] {dag.py:2941} INFO - Sync 1 DAGs
[2023-10-29T01:02:36.058+0000] {logging_mixin.py:151} INFO - [2023-10-29T01:02:36.058+0000] {dag.py:3722} INFO - Setting next_dagrun for example_branch_operator to 2023-10-28T00:00:00+00:00, run_after=2023-10-29T00:00:00+00:00
[2023-10-29T01:02:36.080+0000] {processor.py:179} INFO - Processing /usr/local/lib/python3.10/dist-packages/airflow/example_dags/example_branch_operator.py took 0.078 seconds
[2023-10-29T01:03:17.688+0000] {processor.py:157} INFO - Started process (PID=3752) to work on /usr/local/lib/python3.10/dist-packages/airflow/example_dags/example_branch_operator.py
[2023-10-29T01:03:17.690+0000] {processor.py:829} INFO - Processing file /usr/local/lib/python3.10/dist-packages/airflow/example_dags/example_branch_operator.py for tasks to queue
[2023-10-29T01:03:17.690+0000] {logging_mixin.py:151} INFO - [2023-10-29T01:03:17.690+0000] {dagbag.py:536} INFO - Filling up the DagBag from /usr/local/lib/python3.10/dist-packages/airflow/example_dags/example_branch_operator.py
[2023-10-29T01:03:17.700+0000] {processor.py:839} INFO - DAG(s) dict_keys(['example_branch_operator']) retrieved from /usr/local/lib/python3.10/dist-packages/airflow/example_dags/example_branch_operator.py
[2023-10-29T01:03:17.719+0000] {logging_mixin.py:151} INFO - [2023-10-29T01:03:17.719+0000] {dag.py:2941} INFO - Sync 1 DAGs
[2023-10-29T01:03:17.741+0000] {logging_mixin.py:151} INFO - [2023-10-29T01:03:17.740+0000] {dag.py:3722} INFO - Setting next_dagrun for example_branch_operator to 2023-10-28T00:00:00+00:00, run_after=2023-10-29T00:00:00+00:00
[2023-10-29T01:03:17.762+0000] {processor.py:179} INFO - Processing /usr/local/lib/python3.10/dist-packages/airflow/example_dags/example_branch_operator.py took 0.076 seconds
[2023-10-29T01:04:01.872+0000] {processor.py:157} INFO - Started process (PID=3798) to work on /usr/local/lib/python3.10/dist-packages/airflow/example_dags/example_branch_operator.py
[2023-10-29T01:04:01.873+0000] {processor.py:829} INFO - Processing file /usr/local/lib/python3.10/dist-packages/airflow/example_dags/example_branch_operator.py for tasks to queue
[2023-10-29T01:04:01.874+0000] {logging_mixin.py:151} INFO - [2023-10-29T01:04:01.873+0000] {dagbag.py:536} INFO - Filling up the DagBag from /usr/local/lib/python3.10/dist-packages/airflow/example_dags/example_branch_operator.py
[2023-10-29T01:04:01.884+0000] {processor.py:839} INFO - DAG(s) dict_keys(['example_branch_operator']) retrieved from /usr/local/lib/python3.10/dist-packages/airflow/example_dags/example_branch_operator.py
[2023-10-29T01:04:01.903+0000] {logging_mixin.py:151} INFO - [2023-10-29T01:04:01.903+0000] {dag.py:2941} INFO - Sync 1 DAGs
[2023-10-29T01:04:01.926+0000] {logging_mixin.py:151} INFO - [2023-10-29T01:04:01.925+0000] {dag.py:3722} INFO - Setting next_dagrun for example_branch_operator to 2023-10-28T00:00:00+00:00, run_after=2023-10-29T00:00:00+00:00
[2023-10-29T01:04:01.948+0000] {processor.py:179} INFO - Processing /usr/local/lib/python3.10/dist-packages/airflow/example_dags/example_branch_operator.py took 0.079 seconds
[2023-10-29T01:04:54.894+0000] {processor.py:157} INFO - Started process (PID=3854) to work on /usr/local/lib/python3.10/dist-packages/airflow/example_dags/example_branch_operator.py
[2023-10-29T01:04:54.895+0000] {processor.py:829} INFO - Processing file /usr/local/lib/python3.10/dist-packages/airflow/example_dags/example_branch_operator.py for tasks to queue
[2023-10-29T01:04:54.896+0000] {logging_mixin.py:151} INFO - [2023-10-29T01:04:54.895+0000] {dagbag.py:536} INFO - Filling up the DagBag from /usr/local/lib/python3.10/dist-packages/airflow/example_dags/example_branch_operator.py
[2023-10-29T01:04:54.906+0000] {processor.py:839} INFO - DAG(s) dict_keys(['example_branch_operator']) retrieved from /usr/local/lib/python3.10/dist-packages/airflow/example_dags/example_branch_operator.py
[2023-10-29T01:04:54.925+0000] {logging_mixin.py:151} INFO - [2023-10-29T01:04:54.925+0000] {dag.py:2941} INFO - Sync 1 DAGs
[2023-10-29T01:04:54.947+0000] {logging_mixin.py:151} INFO - [2023-10-29T01:04:54.947+0000] {dag.py:3722} INFO - Setting next_dagrun for example_branch_operator to 2023-10-28T00:00:00+00:00, run_after=2023-10-29T00:00:00+00:00
[2023-10-29T01:04:54.969+0000] {processor.py:179} INFO - Processing /usr/local/lib/python3.10/dist-packages/airflow/example_dags/example_branch_operator.py took 0.079 seconds
[2023-10-29T01:05:42.705+0000] {processor.py:157} INFO - Started process (PID=3904) to work on /usr/local/lib/python3.10/dist-packages/airflow/example_dags/example_branch_operator.py
[2023-10-29T01:05:42.706+0000] {processor.py:829} INFO - Processing file /usr/local/lib/python3.10/dist-packages/airflow/example_dags/example_branch_operator.py for tasks to queue
[2023-10-29T01:05:42.707+0000] {logging_mixin.py:151} INFO - [2023-10-29T01:05:42.706+0000] {dagbag.py:536} INFO - Filling up the DagBag from /usr/local/lib/python3.10/dist-packages/airflow/example_dags/example_branch_operator.py
[2023-10-29T01:05:42.717+0000] {processor.py:839} INFO - DAG(s) dict_keys(['example_branch_operator']) retrieved from /usr/local/lib/python3.10/dist-packages/airflow/example_dags/example_branch_operator.py
[2023-10-29T01:05:42.736+0000] {logging_mixin.py:151} INFO - [2023-10-29T01:05:42.736+0000] {dag.py:2941} INFO - Sync 1 DAGs
[2023-10-29T01:05:42.757+0000] {logging_mixin.py:151} INFO - [2023-10-29T01:05:42.757+0000] {dag.py:3722} INFO - Setting next_dagrun for example_branch_operator to 2023-10-28T00:00:00+00:00, run_after=2023-10-29T00:00:00+00:00
[2023-10-29T01:05:42.779+0000] {processor.py:179} INFO - Processing /usr/local/lib/python3.10/dist-packages/airflow/example_dags/example_branch_operator.py took 0.077 seconds
[2023-10-29T01:06:28.136+0000] {processor.py:157} INFO - Started process (PID=3952) to work on /usr/local/lib/python3.10/dist-packages/airflow/example_dags/example_branch_operator.py
[2023-10-29T01:06:28.137+0000] {processor.py:829} INFO - Processing file /usr/local/lib/python3.10/dist-packages/airflow/example_dags/example_branch_operator.py for tasks to queue
[2023-10-29T01:06:28.138+0000] {logging_mixin.py:151} INFO - [2023-10-29T01:06:28.137+0000] {dagbag.py:536} INFO - Filling up the DagBag from /usr/local/lib/python3.10/dist-packages/airflow/example_dags/example_branch_operator.py
[2023-10-29T01:06:28.148+0000] {processor.py:839} INFO - DAG(s) dict_keys(['example_branch_operator']) retrieved from /usr/local/lib/python3.10/dist-packages/airflow/example_dags/example_branch_operator.py
[2023-10-29T01:06:28.167+0000] {logging_mixin.py:151} INFO - [2023-10-29T01:06:28.167+0000] {dag.py:2941} INFO - Sync 1 DAGs
[2023-10-29T01:06:28.189+0000] {logging_mixin.py:151} INFO - [2023-10-29T01:06:28.189+0000] {dag.py:3722} INFO - Setting next_dagrun for example_branch_operator to 2023-10-28T00:00:00+00:00, run_after=2023-10-29T00:00:00+00:00
[2023-10-29T01:06:28.210+0000] {processor.py:179} INFO - Processing /usr/local/lib/python3.10/dist-packages/airflow/example_dags/example_branch_operator.py took 0.078 seconds
[2023-10-29T01:07:10.137+0000] {processor.py:157} INFO - Started process (PID=3998) to work on /usr/local/lib/python3.10/dist-packages/airflow/example_dags/example_branch_operator.py
[2023-10-29T01:07:10.138+0000] {processor.py:829} INFO - Processing file /usr/local/lib/python3.10/dist-packages/airflow/example_dags/example_branch_operator.py for tasks to queue
[2023-10-29T01:07:10.139+0000] {logging_mixin.py:151} INFO - [2023-10-29T01:07:10.139+0000] {dagbag.py:536} INFO - Filling up the DagBag from /usr/local/lib/python3.10/dist-packages/airflow/example_dags/example_branch_operator.py
[2023-10-29T01:07:10.149+0000] {processor.py:839} INFO - DAG(s) dict_keys(['example_branch_operator']) retrieved from /usr/local/lib/python3.10/dist-packages/airflow/example_dags/example_branch_operator.py
[2023-10-29T01:07:10.168+0000] {logging_mixin.py:151} INFO - [2023-10-29T01:07:10.168+0000] {dag.py:2941} INFO - Sync 1 DAGs
[2023-10-29T01:07:10.190+0000] {logging_mixin.py:151} INFO - [2023-10-29T01:07:10.190+0000] {dag.py:3722} INFO - Setting next_dagrun for example_branch_operator to 2023-10-28T00:00:00+00:00, run_after=2023-10-29T00:00:00+00:00
[2023-10-29T01:07:10.213+0000] {processor.py:179} INFO - Processing /usr/local/lib/python3.10/dist-packages/airflow/example_dags/example_branch_operator.py took 0.079 seconds
[2023-10-29T01:07:56.757+0000] {processor.py:157} INFO - Started process (PID=4044) to work on /usr/local/lib/python3.10/dist-packages/airflow/example_dags/example_branch_operator.py
[2023-10-29T01:07:56.759+0000] {processor.py:829} INFO - Processing file /usr/local/lib/python3.10/dist-packages/airflow/example_dags/example_branch_operator.py for tasks to queue
[2023-10-29T01:07:56.759+0000] {logging_mixin.py:151} INFO - [2023-10-29T01:07:56.759+0000] {dagbag.py:536} INFO - Filling up the DagBag from /usr/local/lib/python3.10/dist-packages/airflow/example_dags/example_branch_operator.py
[2023-10-29T01:07:56.769+0000] {processor.py:839} INFO - DAG(s) dict_keys(['example_branch_operator']) retrieved from /usr/local/lib/python3.10/dist-packages/airflow/example_dags/example_branch_operator.py
[2023-10-29T01:07:56.788+0000] {logging_mixin.py:151} INFO - [2023-10-29T01:07:56.788+0000] {dag.py:2941} INFO - Sync 1 DAGs
[2023-10-29T01:07:56.811+0000] {logging_mixin.py:151} INFO - [2023-10-29T01:07:56.811+0000] {dag.py:3722} INFO - Setting next_dagrun for example_branch_operator to 2023-10-28T00:00:00+00:00, run_after=2023-10-29T00:00:00+00:00
[2023-10-29T01:07:56.833+0000] {processor.py:179} INFO - Processing /usr/local/lib/python3.10/dist-packages/airflow/example_dags/example_branch_operator.py took 0.079 seconds
[2023-10-29T01:08:45.312+0000] {processor.py:157} INFO - Started process (PID=4093) to work on /usr/local/lib/python3.10/dist-packages/airflow/example_dags/example_branch_operator.py
[2023-10-29T01:08:45.314+0000] {processor.py:829} INFO - Processing file /usr/local/lib/python3.10/dist-packages/airflow/example_dags/example_branch_operator.py for tasks to queue
[2023-10-29T01:08:45.315+0000] {logging_mixin.py:151} INFO - [2023-10-29T01:08:45.314+0000] {dagbag.py:536} INFO - Filling up the DagBag from /usr/local/lib/python3.10/dist-packages/airflow/example_dags/example_branch_operator.py
[2023-10-29T01:08:45.324+0000] {processor.py:839} INFO - DAG(s) dict_keys(['example_branch_operator']) retrieved from /usr/local/lib/python3.10/dist-packages/airflow/example_dags/example_branch_operator.py
[2023-10-29T01:08:45.343+0000] {logging_mixin.py:151} INFO - [2023-10-29T01:08:45.343+0000] {dag.py:2941} INFO - Sync 1 DAGs
[2023-10-29T01:08:45.364+0000] {logging_mixin.py:151} INFO - [2023-10-29T01:08:45.363+0000] {dag.py:3722} INFO - Setting next_dagrun for example_branch_operator to 2023-10-28T00:00:00+00:00, run_after=2023-10-29T00:00:00+00:00
[2023-10-29T01:08:45.386+0000] {processor.py:179} INFO - Processing /usr/local/lib/python3.10/dist-packages/airflow/example_dags/example_branch_operator.py took 0.077 seconds
[2023-10-29T01:09:31.863+0000] {processor.py:157} INFO - Started process (PID=4141) to work on /usr/local/lib/python3.10/dist-packages/airflow/example_dags/example_branch_operator.py
[2023-10-29T01:09:31.865+0000] {processor.py:829} INFO - Processing file /usr/local/lib/python3.10/dist-packages/airflow/example_dags/example_branch_operator.py for tasks to queue
[2023-10-29T01:09:31.866+0000] {logging_mixin.py:151} INFO - [2023-10-29T01:09:31.865+0000] {dagbag.py:536} INFO - Filling up the DagBag from /usr/local/lib/python3.10/dist-packages/airflow/example_dags/example_branch_operator.py
[2023-10-29T01:09:31.876+0000] {processor.py:839} INFO - DAG(s) dict_keys(['example_branch_operator']) retrieved from /usr/local/lib/python3.10/dist-packages/airflow/example_dags/example_branch_operator.py
[2023-10-29T01:09:31.896+0000] {logging_mixin.py:151} INFO - [2023-10-29T01:09:31.895+0000] {dag.py:2941} INFO - Sync 1 DAGs
[2023-10-29T01:09:31.918+0000] {logging_mixin.py:151} INFO - [2023-10-29T01:09:31.918+0000] {dag.py:3722} INFO - Setting next_dagrun for example_branch_operator to 2023-10-28T00:00:00+00:00, run_after=2023-10-29T00:00:00+00:00
[2023-10-29T01:09:31.943+0000] {processor.py:179} INFO - Processing /usr/local/lib/python3.10/dist-packages/airflow/example_dags/example_branch_operator.py took 0.083 seconds
[2023-10-29T01:10:20.116+0000] {processor.py:157} INFO - Started process (PID=4189) to work on /usr/local/lib/python3.10/dist-packages/airflow/example_dags/example_branch_operator.py
[2023-10-29T01:10:20.117+0000] {processor.py:829} INFO - Processing file /usr/local/lib/python3.10/dist-packages/airflow/example_dags/example_branch_operator.py for tasks to queue
[2023-10-29T01:10:20.118+0000] {logging_mixin.py:151} INFO - [2023-10-29T01:10:20.118+0000] {dagbag.py:536} INFO - Filling up the DagBag from /usr/local/lib/python3.10/dist-packages/airflow/example_dags/example_branch_operator.py
[2023-10-29T01:10:20.128+0000] {processor.py:839} INFO - DAG(s) dict_keys(['example_branch_operator']) retrieved from /usr/local/lib/python3.10/dist-packages/airflow/example_dags/example_branch_operator.py
[2023-10-29T01:10:20.147+0000] {logging_mixin.py:151} INFO - [2023-10-29T01:10:20.146+0000] {dag.py:2941} INFO - Sync 1 DAGs
[2023-10-29T01:10:20.168+0000] {logging_mixin.py:151} INFO - [2023-10-29T01:10:20.167+0000] {dag.py:3722} INFO - Setting next_dagrun for example_branch_operator to 2023-10-28T00:00:00+00:00, run_after=2023-10-29T00:00:00+00:00
[2023-10-29T01:10:20.191+0000] {processor.py:179} INFO - Processing /usr/local/lib/python3.10/dist-packages/airflow/example_dags/example_branch_operator.py took 0.078 seconds
[2023-10-29T01:11:07.807+0000] {processor.py:157} INFO - Started process (PID=4237) to work on /usr/local/lib/python3.10/dist-packages/airflow/example_dags/example_branch_operator.py
[2023-10-29T01:11:07.809+0000] {processor.py:829} INFO - Processing file /usr/local/lib/python3.10/dist-packages/airflow/example_dags/example_branch_operator.py for tasks to queue
[2023-10-29T01:11:07.810+0000] {logging_mixin.py:151} INFO - [2023-10-29T01:11:07.809+0000] {dagbag.py:536} INFO - Filling up the DagBag from /usr/local/lib/python3.10/dist-packages/airflow/example_dags/example_branch_operator.py
[2023-10-29T01:11:07.820+0000] {processor.py:839} INFO - DAG(s) dict_keys(['example_branch_operator']) retrieved from /usr/local/lib/python3.10/dist-packages/airflow/example_dags/example_branch_operator.py
[2023-10-29T01:11:07.839+0000] {logging_mixin.py:151} INFO - [2023-10-29T01:11:07.839+0000] {dag.py:2941} INFO - Sync 1 DAGs
[2023-10-29T01:11:07.861+0000] {logging_mixin.py:151} INFO - [2023-10-29T01:11:07.861+0000] {dag.py:3722} INFO - Setting next_dagrun for example_branch_operator to 2023-10-28T00:00:00+00:00, run_after=2023-10-29T00:00:00+00:00
[2023-10-29T01:11:07.882+0000] {processor.py:179} INFO - Processing /usr/local/lib/python3.10/dist-packages/airflow/example_dags/example_branch_operator.py took 0.078 seconds
[2023-10-29T01:11:53.013+0000] {processor.py:157} INFO - Started process (PID=4659) to work on /usr/local/lib/python3.10/dist-packages/airflow/example_dags/example_branch_operator.py
[2023-10-29T01:11:53.014+0000] {processor.py:829} INFO - Processing file /usr/local/lib/python3.10/dist-packages/airflow/example_dags/example_branch_operator.py for tasks to queue
[2023-10-29T01:11:53.015+0000] {logging_mixin.py:151} INFO - [2023-10-29T01:11:53.014+0000] {dagbag.py:536} INFO - Filling up the DagBag from /usr/local/lib/python3.10/dist-packages/airflow/example_dags/example_branch_operator.py
[2023-10-29T01:11:53.025+0000] {processor.py:839} INFO - DAG(s) dict_keys(['example_branch_operator']) retrieved from /usr/local/lib/python3.10/dist-packages/airflow/example_dags/example_branch_operator.py
[2023-10-29T01:11:53.044+0000] {logging_mixin.py:151} INFO - [2023-10-29T01:11:53.044+0000] {dag.py:2941} INFO - Sync 1 DAGs
[2023-10-29T01:11:53.066+0000] {logging_mixin.py:151} INFO - [2023-10-29T01:11:53.066+0000] {dag.py:3722} INFO - Setting next_dagrun for example_branch_operator to 2023-10-28T00:00:00+00:00, run_after=2023-10-29T00:00:00+00:00
[2023-10-29T01:11:53.088+0000] {processor.py:179} INFO - Processing /usr/local/lib/python3.10/dist-packages/airflow/example_dags/example_branch_operator.py took 0.078 seconds
[2023-10-29T01:12:38.310+0000] {processor.py:157} INFO - Started process (PID=4707) to work on /usr/local/lib/python3.10/dist-packages/airflow/example_dags/example_branch_operator.py
[2023-10-29T01:12:38.312+0000] {processor.py:829} INFO - Processing file /usr/local/lib/python3.10/dist-packages/airflow/example_dags/example_branch_operator.py for tasks to queue
[2023-10-29T01:12:38.313+0000] {logging_mixin.py:151} INFO - [2023-10-29T01:12:38.312+0000] {dagbag.py:536} INFO - Filling up the DagBag from /usr/local/lib/python3.10/dist-packages/airflow/example_dags/example_branch_operator.py
[2023-10-29T01:12:38.323+0000] {processor.py:839} INFO - DAG(s) dict_keys(['example_branch_operator']) retrieved from /usr/local/lib/python3.10/dist-packages/airflow/example_dags/example_branch_operator.py
[2023-10-29T01:12:38.342+0000] {logging_mixin.py:151} INFO - [2023-10-29T01:12:38.342+0000] {dag.py:2941} INFO - Sync 1 DAGs
[2023-10-29T01:12:38.363+0000] {logging_mixin.py:151} INFO - [2023-10-29T01:12:38.363+0000] {dag.py:3722} INFO - Setting next_dagrun for example_branch_operator to 2023-10-28T00:00:00+00:00, run_after=2023-10-29T00:00:00+00:00
[2023-10-29T01:12:38.386+0000] {processor.py:179} INFO - Processing /usr/local/lib/python3.10/dist-packages/airflow/example_dags/example_branch_operator.py took 0.079 seconds
[2023-10-29T01:13:31.127+0000] {processor.py:157} INFO - Started process (PID=4770) to work on /usr/local/lib/python3.10/dist-packages/airflow/example_dags/example_branch_operator.py
[2023-10-29T01:13:31.128+0000] {processor.py:829} INFO - Processing file /usr/local/lib/python3.10/dist-packages/airflow/example_dags/example_branch_operator.py for tasks to queue
[2023-10-29T01:13:31.129+0000] {logging_mixin.py:151} INFO - [2023-10-29T01:13:31.129+0000] {dagbag.py:536} INFO - Filling up the DagBag from /usr/local/lib/python3.10/dist-packages/airflow/example_dags/example_branch_operator.py
[2023-10-29T01:13:31.139+0000] {processor.py:839} INFO - DAG(s) dict_keys(['example_branch_operator']) retrieved from /usr/local/lib/python3.10/dist-packages/airflow/example_dags/example_branch_operator.py
[2023-10-29T01:13:31.158+0000] {logging_mixin.py:151} INFO - [2023-10-29T01:13:31.158+0000] {dag.py:2941} INFO - Sync 1 DAGs
[2023-10-29T01:13:31.179+0000] {logging_mixin.py:151} INFO - [2023-10-29T01:13:31.179+0000] {dag.py:3722} INFO - Setting next_dagrun for example_branch_operator to 2023-10-28T00:00:00+00:00, run_after=2023-10-29T00:00:00+00:00
[2023-10-29T01:13:31.201+0000] {processor.py:179} INFO - Processing /usr/local/lib/python3.10/dist-packages/airflow/example_dags/example_branch_operator.py took 0.077 seconds
[2023-10-29T01:14:14.661+0000] {processor.py:157} INFO - Started process (PID=4815) to work on /usr/local/lib/python3.10/dist-packages/airflow/example_dags/example_branch_operator.py
[2023-10-29T01:14:14.662+0000] {processor.py:829} INFO - Processing file /usr/local/lib/python3.10/dist-packages/airflow/example_dags/example_branch_operator.py for tasks to queue
[2023-10-29T01:14:14.663+0000] {logging_mixin.py:151} INFO - [2023-10-29T01:14:14.663+0000] {dagbag.py:536} INFO - Filling up the DagBag from /usr/local/lib/python3.10/dist-packages/airflow/example_dags/example_branch_operator.py
[2023-10-29T01:14:14.673+0000] {processor.py:839} INFO - DAG(s) dict_keys(['example_branch_operator']) retrieved from /usr/local/lib/python3.10/dist-packages/airflow/example_dags/example_branch_operator.py
[2023-10-29T01:14:14.692+0000] {logging_mixin.py:151} INFO - [2023-10-29T01:14:14.692+0000] {dag.py:2941} INFO - Sync 1 DAGs
[2023-10-29T01:14:14.713+0000] {logging_mixin.py:151} INFO - [2023-10-29T01:14:14.713+0000] {dag.py:3722} INFO - Setting next_dagrun for example_branch_operator to 2023-10-28T00:00:00+00:00, run_after=2023-10-29T00:00:00+00:00
[2023-10-29T01:14:14.736+0000] {processor.py:179} INFO - Processing /usr/local/lib/python3.10/dist-packages/airflow/example_dags/example_branch_operator.py took 0.078 seconds
[2023-10-29T01:14:56.324+0000] {processor.py:157} INFO - Started process (PID=4861) to work on /usr/local/lib/python3.10/dist-packages/airflow/example_dags/example_branch_operator.py
[2023-10-29T01:14:56.325+0000] {processor.py:829} INFO - Processing file /usr/local/lib/python3.10/dist-packages/airflow/example_dags/example_branch_operator.py for tasks to queue
[2023-10-29T01:14:56.326+0000] {logging_mixin.py:151} INFO - [2023-10-29T01:14:56.326+0000] {dagbag.py:536} INFO - Filling up the DagBag from /usr/local/lib/python3.10/dist-packages/airflow/example_dags/example_branch_operator.py
[2023-10-29T01:14:56.336+0000] {processor.py:839} INFO - DAG(s) dict_keys(['example_branch_operator']) retrieved from /usr/local/lib/python3.10/dist-packages/airflow/example_dags/example_branch_operator.py
[2023-10-29T01:14:56.355+0000] {logging_mixin.py:151} INFO - [2023-10-29T01:14:56.355+0000] {dag.py:2941} INFO - Sync 1 DAGs
[2023-10-29T01:14:56.377+0000] {logging_mixin.py:151} INFO - [2023-10-29T01:14:56.376+0000] {dag.py:3722} INFO - Setting next_dagrun for example_branch_operator to 2023-10-28T00:00:00+00:00, run_after=2023-10-29T00:00:00+00:00
[2023-10-29T01:14:56.398+0000] {processor.py:179} INFO - Processing /usr/local/lib/python3.10/dist-packages/airflow/example_dags/example_branch_operator.py took 0.077 seconds
[2023-10-29T01:15:40.054+0000] {processor.py:157} INFO - Started process (PID=4905) to work on /usr/local/lib/python3.10/dist-packages/airflow/example_dags/example_branch_operator.py
[2023-10-29T01:15:40.056+0000] {processor.py:829} INFO - Processing file /usr/local/lib/python3.10/dist-packages/airflow/example_dags/example_branch_operator.py for tasks to queue
[2023-10-29T01:15:40.056+0000] {logging_mixin.py:151} INFO - [2023-10-29T01:15:40.056+0000] {dagbag.py:536} INFO - Filling up the DagBag from /usr/local/lib/python3.10/dist-packages/airflow/example_dags/example_branch_operator.py
[2023-10-29T01:15:40.066+0000] {processor.py:839} INFO - DAG(s) dict_keys(['example_branch_operator']) retrieved from /usr/local/lib/python3.10/dist-packages/airflow/example_dags/example_branch_operator.py
[2023-10-29T01:15:40.085+0000] {logging_mixin.py:151} INFO - [2023-10-29T01:15:40.085+0000] {dag.py:2941} INFO - Sync 1 DAGs
[2023-10-29T01:15:40.106+0000] {logging_mixin.py:151} INFO - [2023-10-29T01:15:40.106+0000] {dag.py:3722} INFO - Setting next_dagrun for example_branch_operator to 2023-10-28T00:00:00+00:00, run_after=2023-10-29T00:00:00+00:00
[2023-10-29T01:15:40.128+0000] {processor.py:179} INFO - Processing /usr/local/lib/python3.10/dist-packages/airflow/example_dags/example_branch_operator.py took 0.077 seconds
[2023-10-29T01:16:25.321+0000] {processor.py:157} INFO - Started process (PID=4951) to work on /usr/local/lib/python3.10/dist-packages/airflow/example_dags/example_branch_operator.py
[2023-10-29T01:16:25.322+0000] {processor.py:829} INFO - Processing file /usr/local/lib/python3.10/dist-packages/airflow/example_dags/example_branch_operator.py for tasks to queue
[2023-10-29T01:16:25.323+0000] {logging_mixin.py:151} INFO - [2023-10-29T01:16:25.322+0000] {dagbag.py:536} INFO - Filling up the DagBag from /usr/local/lib/python3.10/dist-packages/airflow/example_dags/example_branch_operator.py
[2023-10-29T01:16:25.333+0000] {processor.py:839} INFO - DAG(s) dict_keys(['example_branch_operator']) retrieved from /usr/local/lib/python3.10/dist-packages/airflow/example_dags/example_branch_operator.py
[2023-10-29T01:16:25.352+0000] {logging_mixin.py:151} INFO - [2023-10-29T01:16:25.352+0000] {dag.py:2941} INFO - Sync 1 DAGs
[2023-10-29T01:16:25.374+0000] {logging_mixin.py:151} INFO - [2023-10-29T01:16:25.374+0000] {dag.py:3722} INFO - Setting next_dagrun for example_branch_operator to 2023-10-28T00:00:00+00:00, run_after=2023-10-29T00:00:00+00:00
[2023-10-29T01:16:25.396+0000] {processor.py:179} INFO - Processing /usr/local/lib/python3.10/dist-packages/airflow/example_dags/example_branch_operator.py took 0.078 seconds
[2023-10-29T01:17:12.722+0000] {processor.py:157} INFO - Started process (PID=5002) to work on /usr/local/lib/python3.10/dist-packages/airflow/example_dags/example_branch_operator.py
[2023-10-29T01:17:12.724+0000] {processor.py:829} INFO - Processing file /usr/local/lib/python3.10/dist-packages/airflow/example_dags/example_branch_operator.py for tasks to queue
[2023-10-29T01:17:12.725+0000] {logging_mixin.py:151} INFO - [2023-10-29T01:17:12.724+0000] {dagbag.py:536} INFO - Filling up the DagBag from /usr/local/lib/python3.10/dist-packages/airflow/example_dags/example_branch_operator.py
[2023-10-29T01:17:12.735+0000] {processor.py:839} INFO - DAG(s) dict_keys(['example_branch_operator']) retrieved from /usr/local/lib/python3.10/dist-packages/airflow/example_dags/example_branch_operator.py
[2023-10-29T01:17:12.754+0000] {logging_mixin.py:151} INFO - [2023-10-29T01:17:12.754+0000] {dag.py:2941} INFO - Sync 1 DAGs
[2023-10-29T01:17:12.777+0000] {logging_mixin.py:151} INFO - [2023-10-29T01:17:12.776+0000] {dag.py:3722} INFO - Setting next_dagrun for example_branch_operator to 2023-10-28T00:00:00+00:00, run_after=2023-10-29T00:00:00+00:00
[2023-10-29T01:17:12.800+0000] {processor.py:179} INFO - Processing /usr/local/lib/python3.10/dist-packages/airflow/example_dags/example_branch_operator.py took 0.081 seconds
[2023-10-29T01:17:58.049+0000] {processor.py:157} INFO - Started process (PID=5049) to work on /usr/local/lib/python3.10/dist-packages/airflow/example_dags/example_branch_operator.py
[2023-10-29T01:17:58.050+0000] {processor.py:829} INFO - Processing file /usr/local/lib/python3.10/dist-packages/airflow/example_dags/example_branch_operator.py for tasks to queue
[2023-10-29T01:17:58.051+0000] {logging_mixin.py:151} INFO - [2023-10-29T01:17:58.051+0000] {dagbag.py:536} INFO - Filling up the DagBag from /usr/local/lib/python3.10/dist-packages/airflow/example_dags/example_branch_operator.py
[2023-10-29T01:17:58.061+0000] {processor.py:839} INFO - DAG(s) dict_keys(['example_branch_operator']) retrieved from /usr/local/lib/python3.10/dist-packages/airflow/example_dags/example_branch_operator.py
[2023-10-29T01:17:58.081+0000] {logging_mixin.py:151} INFO - [2023-10-29T01:17:58.081+0000] {dag.py:2941} INFO - Sync 1 DAGs
[2023-10-29T01:17:58.103+0000] {logging_mixin.py:151} INFO - [2023-10-29T01:17:58.102+0000] {dag.py:3722} INFO - Setting next_dagrun for example_branch_operator to 2023-10-28T00:00:00+00:00, run_after=2023-10-29T00:00:00+00:00
[2023-10-29T01:17:58.125+0000] {processor.py:179} INFO - Processing /usr/local/lib/python3.10/dist-packages/airflow/example_dags/example_branch_operator.py took 0.079 seconds
[2023-10-29T01:18:44.422+0000] {processor.py:157} INFO - Started process (PID=5097) to work on /usr/local/lib/python3.10/dist-packages/airflow/example_dags/example_branch_operator.py
[2023-10-29T01:18:44.423+0000] {processor.py:829} INFO - Processing file /usr/local/lib/python3.10/dist-packages/airflow/example_dags/example_branch_operator.py for tasks to queue
[2023-10-29T01:18:44.424+0000] {logging_mixin.py:151} INFO - [2023-10-29T01:18:44.424+0000] {dagbag.py:536} INFO - Filling up the DagBag from /usr/local/lib/python3.10/dist-packages/airflow/example_dags/example_branch_operator.py
[2023-10-29T01:18:44.434+0000] {processor.py:839} INFO - DAG(s) dict_keys(['example_branch_operator']) retrieved from /usr/local/lib/python3.10/dist-packages/airflow/example_dags/example_branch_operator.py
[2023-10-29T01:18:44.453+0000] {logging_mixin.py:151} INFO - [2023-10-29T01:18:44.453+0000] {dag.py:2941} INFO - Sync 1 DAGs
[2023-10-29T01:18:44.474+0000] {logging_mixin.py:151} INFO - [2023-10-29T01:18:44.474+0000] {dag.py:3722} INFO - Setting next_dagrun for example_branch_operator to 2023-10-28T00:00:00+00:00, run_after=2023-10-29T00:00:00+00:00
[2023-10-29T01:18:44.497+0000] {processor.py:179} INFO - Processing /usr/local/lib/python3.10/dist-packages/airflow/example_dags/example_branch_operator.py took 0.078 seconds
[2023-10-29T01:19:32.537+0000] {processor.py:157} INFO - Started process (PID=5145) to work on /usr/local/lib/python3.10/dist-packages/airflow/example_dags/example_branch_operator.py
[2023-10-29T01:19:32.538+0000] {processor.py:829} INFO - Processing file /usr/local/lib/python3.10/dist-packages/airflow/example_dags/example_branch_operator.py for tasks to queue
[2023-10-29T01:19:32.539+0000] {logging_mixin.py:151} INFO - [2023-10-29T01:19:32.538+0000] {dagbag.py:536} INFO - Filling up the DagBag from /usr/local/lib/python3.10/dist-packages/airflow/example_dags/example_branch_operator.py
[2023-10-29T01:19:32.548+0000] {processor.py:839} INFO - DAG(s) dict_keys(['example_branch_operator']) retrieved from /usr/local/lib/python3.10/dist-packages/airflow/example_dags/example_branch_operator.py
[2023-10-29T01:19:32.568+0000] {logging_mixin.py:151} INFO - [2023-10-29T01:19:32.568+0000] {dag.py:2941} INFO - Sync 1 DAGs
[2023-10-29T01:19:32.589+0000] {logging_mixin.py:151} INFO - [2023-10-29T01:19:32.589+0000] {dag.py:3722} INFO - Setting next_dagrun for example_branch_operator to 2023-10-28T00:00:00+00:00, run_after=2023-10-29T00:00:00+00:00
[2023-10-29T01:19:32.611+0000] {processor.py:179} INFO - Processing /usr/local/lib/python3.10/dist-packages/airflow/example_dags/example_branch_operator.py took 0.077 seconds
[2023-10-29T01:20:20.315+0000] {processor.py:157} INFO - Started process (PID=5194) to work on /usr/local/lib/python3.10/dist-packages/airflow/example_dags/example_branch_operator.py
[2023-10-29T01:20:20.316+0000] {processor.py:829} INFO - Processing file /usr/local/lib/python3.10/dist-packages/airflow/example_dags/example_branch_operator.py for tasks to queue
[2023-10-29T01:20:20.317+0000] {logging_mixin.py:151} INFO - [2023-10-29T01:20:20.317+0000] {dagbag.py:536} INFO - Filling up the DagBag from /usr/local/lib/python3.10/dist-packages/airflow/example_dags/example_branch_operator.py
[2023-10-29T01:20:20.327+0000] {processor.py:839} INFO - DAG(s) dict_keys(['example_branch_operator']) retrieved from /usr/local/lib/python3.10/dist-packages/airflow/example_dags/example_branch_operator.py
[2023-10-29T01:20:20.347+0000] {logging_mixin.py:151} INFO - [2023-10-29T01:20:20.346+0000] {dag.py:2941} INFO - Sync 1 DAGs
[2023-10-29T01:20:20.368+0000] {logging_mixin.py:151} INFO - [2023-10-29T01:20:20.368+0000] {dag.py:3722} INFO - Setting next_dagrun for example_branch_operator to 2023-10-28T00:00:00+00:00, run_after=2023-10-29T00:00:00+00:00
[2023-10-29T01:20:20.390+0000] {processor.py:179} INFO - Processing /usr/local/lib/python3.10/dist-packages/airflow/example_dags/example_branch_operator.py took 0.078 seconds
[2023-10-29T01:21:05.603+0000] {processor.py:157} INFO - Started process (PID=5241) to work on /usr/local/lib/python3.10/dist-packages/airflow/example_dags/example_branch_operator.py
[2023-10-29T01:21:05.604+0000] {processor.py:829} INFO - Processing file /usr/local/lib/python3.10/dist-packages/airflow/example_dags/example_branch_operator.py for tasks to queue
[2023-10-29T01:21:05.605+0000] {logging_mixin.py:151} INFO - [2023-10-29T01:21:05.604+0000] {dagbag.py:536} INFO - Filling up the DagBag from /usr/local/lib/python3.10/dist-packages/airflow/example_dags/example_branch_operator.py
[2023-10-29T01:21:05.615+0000] {processor.py:839} INFO - DAG(s) dict_keys(['example_branch_operator']) retrieved from /usr/local/lib/python3.10/dist-packages/airflow/example_dags/example_branch_operator.py
[2023-10-29T01:21:05.634+0000] {logging_mixin.py:151} INFO - [2023-10-29T01:21:05.634+0000] {dag.py:2941} INFO - Sync 1 DAGs
[2023-10-29T01:21:05.656+0000] {logging_mixin.py:151} INFO - [2023-10-29T01:21:05.655+0000] {dag.py:3722} INFO - Setting next_dagrun for example_branch_operator to 2023-10-28T00:00:00+00:00, run_after=2023-10-29T00:00:00+00:00
[2023-10-29T01:21:05.677+0000] {processor.py:179} INFO - Processing /usr/local/lib/python3.10/dist-packages/airflow/example_dags/example_branch_operator.py took 0.078 seconds
[2023-10-29T01:21:53.237+0000] {processor.py:157} INFO - Started process (PID=5289) to work on /usr/local/lib/python3.10/dist-packages/airflow/example_dags/example_branch_operator.py
[2023-10-29T01:21:53.238+0000] {processor.py:829} INFO - Processing file /usr/local/lib/python3.10/dist-packages/airflow/example_dags/example_branch_operator.py for tasks to queue
[2023-10-29T01:21:53.239+0000] {logging_mixin.py:151} INFO - [2023-10-29T01:21:53.238+0000] {dagbag.py:536} INFO - Filling up the DagBag from /usr/local/lib/python3.10/dist-packages/airflow/example_dags/example_branch_operator.py
[2023-10-29T01:21:53.249+0000] {processor.py:839} INFO - DAG(s) dict_keys(['example_branch_operator']) retrieved from /usr/local/lib/python3.10/dist-packages/airflow/example_dags/example_branch_operator.py
[2023-10-29T01:21:53.268+0000] {logging_mixin.py:151} INFO - [2023-10-29T01:21:53.268+0000] {dag.py:2941} INFO - Sync 1 DAGs
[2023-10-29T01:21:53.290+0000] {logging_mixin.py:151} INFO - [2023-10-29T01:21:53.290+0000] {dag.py:3722} INFO - Setting next_dagrun for example_branch_operator to 2023-10-28T00:00:00+00:00, run_after=2023-10-29T00:00:00+00:00
[2023-10-29T01:21:53.313+0000] {processor.py:179} INFO - Processing /usr/local/lib/python3.10/dist-packages/airflow/example_dags/example_branch_operator.py took 0.080 seconds
[2023-10-29T01:22:42.515+0000] {processor.py:157} INFO - Started process (PID=5340) to work on /usr/local/lib/python3.10/dist-packages/airflow/example_dags/example_branch_operator.py
[2023-10-29T01:22:42.517+0000] {processor.py:829} INFO - Processing file /usr/local/lib/python3.10/dist-packages/airflow/example_dags/example_branch_operator.py for tasks to queue
[2023-10-29T01:22:42.518+0000] {logging_mixin.py:151} INFO - [2023-10-29T01:22:42.517+0000] {dagbag.py:536} INFO - Filling up the DagBag from /usr/local/lib/python3.10/dist-packages/airflow/example_dags/example_branch_operator.py
[2023-10-29T01:22:42.527+0000] {processor.py:839} INFO - DAG(s) dict_keys(['example_branch_operator']) retrieved from /usr/local/lib/python3.10/dist-packages/airflow/example_dags/example_branch_operator.py
[2023-10-29T01:22:42.547+0000] {logging_mixin.py:151} INFO - [2023-10-29T01:22:42.547+0000] {dag.py:2941} INFO - Sync 1 DAGs
[2023-10-29T01:22:42.568+0000] {logging_mixin.py:151} INFO - [2023-10-29T01:22:42.568+0000] {dag.py:3722} INFO - Setting next_dagrun for example_branch_operator to 2023-10-28T00:00:00+00:00, run_after=2023-10-29T00:00:00+00:00
[2023-10-29T01:22:42.590+0000] {processor.py:179} INFO - Processing /usr/local/lib/python3.10/dist-packages/airflow/example_dags/example_branch_operator.py took 0.077 seconds
[2023-10-29T01:23:29.085+0000] {processor.py:157} INFO - Started process (PID=5388) to work on /usr/local/lib/python3.10/dist-packages/airflow/example_dags/example_branch_operator.py
[2023-10-29T01:23:29.087+0000] {processor.py:829} INFO - Processing file /usr/local/lib/python3.10/dist-packages/airflow/example_dags/example_branch_operator.py for tasks to queue
[2023-10-29T01:23:29.088+0000] {logging_mixin.py:151} INFO - [2023-10-29T01:23:29.087+0000] {dagbag.py:536} INFO - Filling up the DagBag from /usr/local/lib/python3.10/dist-packages/airflow/example_dags/example_branch_operator.py
[2023-10-29T01:23:29.097+0000] {processor.py:839} INFO - DAG(s) dict_keys(['example_branch_operator']) retrieved from /usr/local/lib/python3.10/dist-packages/airflow/example_dags/example_branch_operator.py
[2023-10-29T01:23:29.117+0000] {logging_mixin.py:151} INFO - [2023-10-29T01:23:29.116+0000] {dag.py:2941} INFO - Sync 1 DAGs
[2023-10-29T01:23:29.139+0000] {logging_mixin.py:151} INFO - [2023-10-29T01:23:29.139+0000] {dag.py:3722} INFO - Setting next_dagrun for example_branch_operator to 2023-10-28T00:00:00+00:00, run_after=2023-10-29T00:00:00+00:00
[2023-10-29T01:23:29.162+0000] {processor.py:179} INFO - Processing /usr/local/lib/python3.10/dist-packages/airflow/example_dags/example_branch_operator.py took 0.080 seconds
[2023-10-29T01:24:20.578+0000] {processor.py:157} INFO - Started process (PID=5440) to work on /usr/local/lib/python3.10/dist-packages/airflow/example_dags/example_branch_operator.py
[2023-10-29T01:24:20.579+0000] {processor.py:829} INFO - Processing file /usr/local/lib/python3.10/dist-packages/airflow/example_dags/example_branch_operator.py for tasks to queue
[2023-10-29T01:24:20.580+0000] {logging_mixin.py:151} INFO - [2023-10-29T01:24:20.580+0000] {dagbag.py:536} INFO - Filling up the DagBag from /usr/local/lib/python3.10/dist-packages/airflow/example_dags/example_branch_operator.py
[2023-10-29T01:24:20.590+0000] {processor.py:839} INFO - DAG(s) dict_keys(['example_branch_operator']) retrieved from /usr/local/lib/python3.10/dist-packages/airflow/example_dags/example_branch_operator.py
[2023-10-29T01:24:20.610+0000] {logging_mixin.py:151} INFO - [2023-10-29T01:24:20.609+0000] {dag.py:2941} INFO - Sync 1 DAGs
[2023-10-29T01:24:20.631+0000] {logging_mixin.py:151} INFO - [2023-10-29T01:24:20.631+0000] {dag.py:3722} INFO - Setting next_dagrun for example_branch_operator to 2023-10-28T00:00:00+00:00, run_after=2023-10-29T00:00:00+00:00
[2023-10-29T01:24:20.654+0000] {processor.py:179} INFO - Processing /usr/local/lib/python3.10/dist-packages/airflow/example_dags/example_branch_operator.py took 0.079 seconds
[2023-10-29T01:25:09.511+0000] {processor.py:157} INFO - Started process (PID=5490) to work on /usr/local/lib/python3.10/dist-packages/airflow/example_dags/example_branch_operator.py
[2023-10-29T01:25:09.512+0000] {processor.py:829} INFO - Processing file /usr/local/lib/python3.10/dist-packages/airflow/example_dags/example_branch_operator.py for tasks to queue
[2023-10-29T01:25:09.513+0000] {logging_mixin.py:151} INFO - [2023-10-29T01:25:09.512+0000] {dagbag.py:536} INFO - Filling up the DagBag from /usr/local/lib/python3.10/dist-packages/airflow/example_dags/example_branch_operator.py
[2023-10-29T01:25:09.522+0000] {processor.py:839} INFO - DAG(s) dict_keys(['example_branch_operator']) retrieved from /usr/local/lib/python3.10/dist-packages/airflow/example_dags/example_branch_operator.py
[2023-10-29T01:25:09.541+0000] {logging_mixin.py:151} INFO - [2023-10-29T01:25:09.541+0000] {dag.py:2941} INFO - Sync 1 DAGs
[2023-10-29T01:25:09.563+0000] {logging_mixin.py:151} INFO - [2023-10-29T01:25:09.563+0000] {dag.py:3722} INFO - Setting next_dagrun for example_branch_operator to 2023-10-28T00:00:00+00:00, run_after=2023-10-29T00:00:00+00:00
[2023-10-29T01:25:09.586+0000] {processor.py:179} INFO - Processing /usr/local/lib/python3.10/dist-packages/airflow/example_dags/example_branch_operator.py took 0.078 seconds
