[2023-10-29T01:01:34.788+0000] {processor.py:157} INFO - Started process (PID=3645) to work on /usr/local/lib/python3.10/dist-packages/airflow/example_dags/example_external_task_marker_dag.py
[2023-10-29T01:01:34.789+0000] {processor.py:829} INFO - Processing file /usr/local/lib/python3.10/dist-packages/airflow/example_dags/example_external_task_marker_dag.py for tasks to queue
[2023-10-29T01:01:34.790+0000] {logging_mixin.py:151} INFO - [2023-10-29T01:01:34.789+0000] {dagbag.py:536} INFO - Filling up the DagBag from /usr/local/lib/python3.10/dist-packages/airflow/example_dags/example_external_task_marker_dag.py
[2023-10-29T01:01:34.796+0000] {processor.py:839} INFO - DAG(s) dict_keys(['example_external_task_marker_parent', 'example_external_task_marker_child']) retrieved from /usr/local/lib/python3.10/dist-packages/airflow/example_dags/example_external_task_marker_dag.py
[2023-10-29T01:01:34.901+0000] {logging_mixin.py:151} INFO - [2023-10-29T01:01:34.901+0000] {manager.py:499} INFO - Created Permission View: %s
[2023-10-29T01:01:34.914+0000] {logging_mixin.py:151} INFO - [2023-10-29T01:01:34.913+0000] {manager.py:499} INFO - Created Permission View: %s
[2023-10-29T01:01:34.923+0000] {logging_mixin.py:151} INFO - [2023-10-29T01:01:34.922+0000] {manager.py:499} INFO - Created Permission View: %s
[2023-10-29T01:01:34.943+0000] {logging_mixin.py:151} INFO - [2023-10-29T01:01:34.943+0000] {manager.py:499} INFO - Created Permission View: %s
[2023-10-29T01:01:34.952+0000] {logging_mixin.py:151} INFO - [2023-10-29T01:01:34.952+0000] {manager.py:499} INFO - Created Permission View: %s
[2023-10-29T01:01:34.961+0000] {logging_mixin.py:151} INFO - [2023-10-29T01:01:34.961+0000] {manager.py:499} INFO - Created Permission View: %s
[2023-10-29T01:01:34.961+0000] {logging_mixin.py:151} INFO - [2023-10-29T01:01:34.961+0000] {dag.py:2941} INFO - Sync 2 DAGs
[2023-10-29T01:01:34.972+0000] {logging_mixin.py:151} INFO - [2023-10-29T01:01:34.972+0000] {dag.py:2963} INFO - Creating ORM DAG for example_external_task_marker_parent
[2023-10-29T01:01:34.972+0000] {logging_mixin.py:151} INFO - [2023-10-29T01:01:34.972+0000] {dag.py:2963} INFO - Creating ORM DAG for example_external_task_marker_child
[2023-10-29T01:01:34.973+0000] {logging_mixin.py:151} INFO - [2023-10-29T01:01:34.973+0000] {dag.py:3722} INFO - Setting next_dagrun for example_external_task_marker_child to None, run_after=None
[2023-10-29T01:01:34.973+0000] {logging_mixin.py:151} INFO - [2023-10-29T01:01:34.973+0000] {dag.py:3722} INFO - Setting next_dagrun for example_external_task_marker_parent to None, run_after=None
[2023-10-29T01:01:34.996+0000] {processor.py:179} INFO - Processing /usr/local/lib/python3.10/dist-packages/airflow/example_dags/example_external_task_marker_dag.py took 0.211 seconds
[2023-10-29T01:02:23.435+0000] {processor.py:157} INFO - Started process (PID=3693) to work on /usr/local/lib/python3.10/dist-packages/airflow/example_dags/example_external_task_marker_dag.py
[2023-10-29T01:02:23.436+0000] {processor.py:829} INFO - Processing file /usr/local/lib/python3.10/dist-packages/airflow/example_dags/example_external_task_marker_dag.py for tasks to queue
[2023-10-29T01:02:23.437+0000] {logging_mixin.py:151} INFO - [2023-10-29T01:02:23.436+0000] {dagbag.py:536} INFO - Filling up the DagBag from /usr/local/lib/python3.10/dist-packages/airflow/example_dags/example_external_task_marker_dag.py
[2023-10-29T01:02:23.444+0000] {processor.py:839} INFO - DAG(s) dict_keys(['example_external_task_marker_parent', 'example_external_task_marker_child']) retrieved from /usr/local/lib/python3.10/dist-packages/airflow/example_dags/example_external_task_marker_dag.py
[2023-10-29T01:02:23.464+0000] {logging_mixin.py:151} INFO - [2023-10-29T01:02:23.464+0000] {dag.py:2941} INFO - Sync 2 DAGs
[2023-10-29T01:02:23.476+0000] {logging_mixin.py:151} INFO - [2023-10-29T01:02:23.476+0000] {dag.py:3722} INFO - Setting next_dagrun for example_external_task_marker_child to None, run_after=None
[2023-10-29T01:02:23.479+0000] {logging_mixin.py:151} INFO - [2023-10-29T01:02:23.479+0000] {dag.py:3722} INFO - Setting next_dagrun for example_external_task_marker_parent to None, run_after=None
[2023-10-29T01:02:23.498+0000] {processor.py:179} INFO - Processing /usr/local/lib/python3.10/dist-packages/airflow/example_dags/example_external_task_marker_dag.py took 0.067 seconds
[2023-10-29T01:03:06.407+0000] {processor.py:157} INFO - Started process (PID=3740) to work on /usr/local/lib/python3.10/dist-packages/airflow/example_dags/example_external_task_marker_dag.py
[2023-10-29T01:03:06.408+0000] {processor.py:829} INFO - Processing file /usr/local/lib/python3.10/dist-packages/airflow/example_dags/example_external_task_marker_dag.py for tasks to queue
[2023-10-29T01:03:06.409+0000] {logging_mixin.py:151} INFO - [2023-10-29T01:03:06.409+0000] {dagbag.py:536} INFO - Filling up the DagBag from /usr/local/lib/python3.10/dist-packages/airflow/example_dags/example_external_task_marker_dag.py
[2023-10-29T01:03:06.415+0000] {processor.py:839} INFO - DAG(s) dict_keys(['example_external_task_marker_child', 'example_external_task_marker_parent']) retrieved from /usr/local/lib/python3.10/dist-packages/airflow/example_dags/example_external_task_marker_dag.py
[2023-10-29T01:03:06.435+0000] {logging_mixin.py:151} INFO - [2023-10-29T01:03:06.435+0000] {dag.py:2941} INFO - Sync 2 DAGs
[2023-10-29T01:03:06.447+0000] {logging_mixin.py:151} INFO - [2023-10-29T01:03:06.447+0000] {dag.py:3722} INFO - Setting next_dagrun for example_external_task_marker_child to None, run_after=None
[2023-10-29T01:03:06.450+0000] {logging_mixin.py:151} INFO - [2023-10-29T01:03:06.450+0000] {dag.py:3722} INFO - Setting next_dagrun for example_external_task_marker_parent to None, run_after=None
[2023-10-29T01:03:06.470+0000] {processor.py:179} INFO - Processing /usr/local/lib/python3.10/dist-packages/airflow/example_dags/example_external_task_marker_dag.py took 0.066 seconds
[2023-10-29T01:03:56.939+0000] {processor.py:157} INFO - Started process (PID=3793) to work on /usr/local/lib/python3.10/dist-packages/airflow/example_dags/example_external_task_marker_dag.py
[2023-10-29T01:03:56.940+0000] {processor.py:829} INFO - Processing file /usr/local/lib/python3.10/dist-packages/airflow/example_dags/example_external_task_marker_dag.py for tasks to queue
[2023-10-29T01:03:56.941+0000] {logging_mixin.py:151} INFO - [2023-10-29T01:03:56.941+0000] {dagbag.py:536} INFO - Filling up the DagBag from /usr/local/lib/python3.10/dist-packages/airflow/example_dags/example_external_task_marker_dag.py
[2023-10-29T01:03:56.948+0000] {processor.py:839} INFO - DAG(s) dict_keys(['example_external_task_marker_child', 'example_external_task_marker_parent']) retrieved from /usr/local/lib/python3.10/dist-packages/airflow/example_dags/example_external_task_marker_dag.py
[2023-10-29T01:03:56.969+0000] {logging_mixin.py:151} INFO - [2023-10-29T01:03:56.968+0000] {dag.py:2941} INFO - Sync 2 DAGs
[2023-10-29T01:03:56.981+0000] {logging_mixin.py:151} INFO - [2023-10-29T01:03:56.981+0000] {dag.py:3722} INFO - Setting next_dagrun for example_external_task_marker_child to None, run_after=None
[2023-10-29T01:03:56.984+0000] {logging_mixin.py:151} INFO - [2023-10-29T01:03:56.984+0000] {dag.py:3722} INFO - Setting next_dagrun for example_external_task_marker_parent to None, run_after=None
[2023-10-29T01:03:57.006+0000] {processor.py:179} INFO - Processing /usr/local/lib/python3.10/dist-packages/airflow/example_dags/example_external_task_marker_dag.py took 0.070 seconds
[2023-10-29T01:04:40.429+0000] {processor.py:157} INFO - Started process (PID=3839) to work on /usr/local/lib/python3.10/dist-packages/airflow/example_dags/example_external_task_marker_dag.py
[2023-10-29T01:04:40.430+0000] {processor.py:829} INFO - Processing file /usr/local/lib/python3.10/dist-packages/airflow/example_dags/example_external_task_marker_dag.py for tasks to queue
[2023-10-29T01:04:40.431+0000] {logging_mixin.py:151} INFO - [2023-10-29T01:04:40.431+0000] {dagbag.py:536} INFO - Filling up the DagBag from /usr/local/lib/python3.10/dist-packages/airflow/example_dags/example_external_task_marker_dag.py
[2023-10-29T01:04:40.438+0000] {processor.py:839} INFO - DAG(s) dict_keys(['example_external_task_marker_child', 'example_external_task_marker_parent']) retrieved from /usr/local/lib/python3.10/dist-packages/airflow/example_dags/example_external_task_marker_dag.py
[2023-10-29T01:04:40.458+0000] {logging_mixin.py:151} INFO - [2023-10-29T01:04:40.457+0000] {dag.py:2941} INFO - Sync 2 DAGs
[2023-10-29T01:04:40.470+0000] {logging_mixin.py:151} INFO - [2023-10-29T01:04:40.469+0000] {dag.py:3722} INFO - Setting next_dagrun for example_external_task_marker_child to None, run_after=None
[2023-10-29T01:04:40.473+0000] {logging_mixin.py:151} INFO - [2023-10-29T01:04:40.473+0000] {dag.py:3722} INFO - Setting next_dagrun for example_external_task_marker_parent to None, run_after=None
[2023-10-29T01:04:40.493+0000] {processor.py:179} INFO - Processing /usr/local/lib/python3.10/dist-packages/airflow/example_dags/example_external_task_marker_dag.py took 0.067 seconds
[2023-10-29T01:05:26.420+0000] {processor.py:157} INFO - Started process (PID=3887) to work on /usr/local/lib/python3.10/dist-packages/airflow/example_dags/example_external_task_marker_dag.py
[2023-10-29T01:05:26.421+0000] {processor.py:829} INFO - Processing file /usr/local/lib/python3.10/dist-packages/airflow/example_dags/example_external_task_marker_dag.py for tasks to queue
[2023-10-29T01:05:26.422+0000] {logging_mixin.py:151} INFO - [2023-10-29T01:05:26.421+0000] {dagbag.py:536} INFO - Filling up the DagBag from /usr/local/lib/python3.10/dist-packages/airflow/example_dags/example_external_task_marker_dag.py
[2023-10-29T01:05:26.428+0000] {processor.py:839} INFO - DAG(s) dict_keys(['example_external_task_marker_parent', 'example_external_task_marker_child']) retrieved from /usr/local/lib/python3.10/dist-packages/airflow/example_dags/example_external_task_marker_dag.py
[2023-10-29T01:05:26.449+0000] {logging_mixin.py:151} INFO - [2023-10-29T01:05:26.448+0000] {dag.py:2941} INFO - Sync 2 DAGs
[2023-10-29T01:05:26.461+0000] {logging_mixin.py:151} INFO - [2023-10-29T01:05:26.460+0000] {dag.py:3722} INFO - Setting next_dagrun for example_external_task_marker_child to None, run_after=None
[2023-10-29T01:05:26.463+0000] {logging_mixin.py:151} INFO - [2023-10-29T01:05:26.463+0000] {dag.py:3722} INFO - Setting next_dagrun for example_external_task_marker_parent to None, run_after=None
[2023-10-29T01:05:26.483+0000] {processor.py:179} INFO - Processing /usr/local/lib/python3.10/dist-packages/airflow/example_dags/example_external_task_marker_dag.py took 0.067 seconds
[2023-10-29T01:06:11.201+0000] {processor.py:157} INFO - Started process (PID=3934) to work on /usr/local/lib/python3.10/dist-packages/airflow/example_dags/example_external_task_marker_dag.py
[2023-10-29T01:06:11.202+0000] {processor.py:829} INFO - Processing file /usr/local/lib/python3.10/dist-packages/airflow/example_dags/example_external_task_marker_dag.py for tasks to queue
[2023-10-29T01:06:11.203+0000] {logging_mixin.py:151} INFO - [2023-10-29T01:06:11.203+0000] {dagbag.py:536} INFO - Filling up the DagBag from /usr/local/lib/python3.10/dist-packages/airflow/example_dags/example_external_task_marker_dag.py
[2023-10-29T01:06:11.209+0000] {processor.py:839} INFO - DAG(s) dict_keys(['example_external_task_marker_parent', 'example_external_task_marker_child']) retrieved from /usr/local/lib/python3.10/dist-packages/airflow/example_dags/example_external_task_marker_dag.py
[2023-10-29T01:06:11.229+0000] {logging_mixin.py:151} INFO - [2023-10-29T01:06:11.229+0000] {dag.py:2941} INFO - Sync 2 DAGs
[2023-10-29T01:06:11.241+0000] {logging_mixin.py:151} INFO - [2023-10-29T01:06:11.241+0000] {dag.py:3722} INFO - Setting next_dagrun for example_external_task_marker_child to None, run_after=None
[2023-10-29T01:06:11.244+0000] {logging_mixin.py:151} INFO - [2023-10-29T01:06:11.244+0000] {dag.py:3722} INFO - Setting next_dagrun for example_external_task_marker_parent to None, run_after=None
[2023-10-29T01:06:11.264+0000] {processor.py:179} INFO - Processing /usr/local/lib/python3.10/dist-packages/airflow/example_dags/example_external_task_marker_dag.py took 0.066 seconds
[2023-10-29T01:06:57.277+0000] {processor.py:157} INFO - Started process (PID=3984) to work on /usr/local/lib/python3.10/dist-packages/airflow/example_dags/example_external_task_marker_dag.py
[2023-10-29T01:06:57.278+0000] {processor.py:829} INFO - Processing file /usr/local/lib/python3.10/dist-packages/airflow/example_dags/example_external_task_marker_dag.py for tasks to queue
[2023-10-29T01:06:57.279+0000] {logging_mixin.py:151} INFO - [2023-10-29T01:06:57.279+0000] {dagbag.py:536} INFO - Filling up the DagBag from /usr/local/lib/python3.10/dist-packages/airflow/example_dags/example_external_task_marker_dag.py
[2023-10-29T01:06:57.286+0000] {processor.py:839} INFO - DAG(s) dict_keys(['example_external_task_marker_parent', 'example_external_task_marker_child']) retrieved from /usr/local/lib/python3.10/dist-packages/airflow/example_dags/example_external_task_marker_dag.py
[2023-10-29T01:06:57.308+0000] {logging_mixin.py:151} INFO - [2023-10-29T01:06:57.308+0000] {dag.py:2941} INFO - Sync 2 DAGs
[2023-10-29T01:06:57.320+0000] {logging_mixin.py:151} INFO - [2023-10-29T01:06:57.320+0000] {dag.py:3722} INFO - Setting next_dagrun for example_external_task_marker_child to None, run_after=None
[2023-10-29T01:06:57.323+0000] {logging_mixin.py:151} INFO - [2023-10-29T01:06:57.323+0000] {dag.py:3722} INFO - Setting next_dagrun for example_external_task_marker_parent to None, run_after=None
[2023-10-29T01:06:57.347+0000] {processor.py:179} INFO - Processing /usr/local/lib/python3.10/dist-packages/airflow/example_dags/example_external_task_marker_dag.py took 0.074 seconds
[2023-10-29T01:07:51.715+0000] {processor.py:157} INFO - Started process (PID=4039) to work on /usr/local/lib/python3.10/dist-packages/airflow/example_dags/example_external_task_marker_dag.py
[2023-10-29T01:07:51.716+0000] {processor.py:829} INFO - Processing file /usr/local/lib/python3.10/dist-packages/airflow/example_dags/example_external_task_marker_dag.py for tasks to queue
[2023-10-29T01:07:51.717+0000] {logging_mixin.py:151} INFO - [2023-10-29T01:07:51.716+0000] {dagbag.py:536} INFO - Filling up the DagBag from /usr/local/lib/python3.10/dist-packages/airflow/example_dags/example_external_task_marker_dag.py
[2023-10-29T01:07:51.723+0000] {processor.py:839} INFO - DAG(s) dict_keys(['example_external_task_marker_child', 'example_external_task_marker_parent']) retrieved from /usr/local/lib/python3.10/dist-packages/airflow/example_dags/example_external_task_marker_dag.py
[2023-10-29T01:07:51.743+0000] {logging_mixin.py:151} INFO - [2023-10-29T01:07:51.743+0000] {dag.py:2941} INFO - Sync 2 DAGs
[2023-10-29T01:07:51.755+0000] {logging_mixin.py:151} INFO - [2023-10-29T01:07:51.754+0000] {dag.py:3722} INFO - Setting next_dagrun for example_external_task_marker_child to None, run_after=None
[2023-10-29T01:07:51.757+0000] {logging_mixin.py:151} INFO - [2023-10-29T01:07:51.757+0000] {dag.py:3722} INFO - Setting next_dagrun for example_external_task_marker_parent to None, run_after=None
[2023-10-29T01:07:51.778+0000] {processor.py:179} INFO - Processing /usr/local/lib/python3.10/dist-packages/airflow/example_dags/example_external_task_marker_dag.py took 0.067 seconds
[2023-10-29T01:08:40.165+0000] {processor.py:157} INFO - Started process (PID=4088) to work on /usr/local/lib/python3.10/dist-packages/airflow/example_dags/example_external_task_marker_dag.py
[2023-10-29T01:08:40.166+0000] {processor.py:829} INFO - Processing file /usr/local/lib/python3.10/dist-packages/airflow/example_dags/example_external_task_marker_dag.py for tasks to queue
[2023-10-29T01:08:40.167+0000] {logging_mixin.py:151} INFO - [2023-10-29T01:08:40.166+0000] {dagbag.py:536} INFO - Filling up the DagBag from /usr/local/lib/python3.10/dist-packages/airflow/example_dags/example_external_task_marker_dag.py
[2023-10-29T01:08:40.174+0000] {processor.py:839} INFO - DAG(s) dict_keys(['example_external_task_marker_child', 'example_external_task_marker_parent']) retrieved from /usr/local/lib/python3.10/dist-packages/airflow/example_dags/example_external_task_marker_dag.py
[2023-10-29T01:08:40.194+0000] {logging_mixin.py:151} INFO - [2023-10-29T01:08:40.194+0000] {dag.py:2941} INFO - Sync 2 DAGs
[2023-10-29T01:08:40.206+0000] {logging_mixin.py:151} INFO - [2023-10-29T01:08:40.206+0000] {dag.py:3722} INFO - Setting next_dagrun for example_external_task_marker_child to None, run_after=None
[2023-10-29T01:08:40.209+0000] {logging_mixin.py:151} INFO - [2023-10-29T01:08:40.208+0000] {dag.py:3722} INFO - Setting next_dagrun for example_external_task_marker_parent to None, run_after=None
[2023-10-29T01:08:40.228+0000] {processor.py:179} INFO - Processing /usr/local/lib/python3.10/dist-packages/airflow/example_dags/example_external_task_marker_dag.py took 0.067 seconds
[2023-10-29T01:09:27.649+0000] {processor.py:157} INFO - Started process (PID=4136) to work on /usr/local/lib/python3.10/dist-packages/airflow/example_dags/example_external_task_marker_dag.py
[2023-10-29T01:09:27.650+0000] {processor.py:829} INFO - Processing file /usr/local/lib/python3.10/dist-packages/airflow/example_dags/example_external_task_marker_dag.py for tasks to queue
[2023-10-29T01:09:27.651+0000] {logging_mixin.py:151} INFO - [2023-10-29T01:09:27.650+0000] {dagbag.py:536} INFO - Filling up the DagBag from /usr/local/lib/python3.10/dist-packages/airflow/example_dags/example_external_task_marker_dag.py
[2023-10-29T01:09:27.657+0000] {processor.py:839} INFO - DAG(s) dict_keys(['example_external_task_marker_child', 'example_external_task_marker_parent']) retrieved from /usr/local/lib/python3.10/dist-packages/airflow/example_dags/example_external_task_marker_dag.py
[2023-10-29T01:09:27.677+0000] {logging_mixin.py:151} INFO - [2023-10-29T01:09:27.677+0000] {dag.py:2941} INFO - Sync 2 DAGs
[2023-10-29T01:09:27.689+0000] {logging_mixin.py:151} INFO - [2023-10-29T01:09:27.689+0000] {dag.py:3722} INFO - Setting next_dagrun for example_external_task_marker_child to None, run_after=None
[2023-10-29T01:09:27.692+0000] {logging_mixin.py:151} INFO - [2023-10-29T01:09:27.692+0000] {dag.py:3722} INFO - Setting next_dagrun for example_external_task_marker_parent to None, run_after=None
[2023-10-29T01:09:27.712+0000] {processor.py:179} INFO - Processing /usr/local/lib/python3.10/dist-packages/airflow/example_dags/example_external_task_marker_dag.py took 0.067 seconds
[2023-10-29T01:10:14.453+0000] {processor.py:157} INFO - Started process (PID=4184) to work on /usr/local/lib/python3.10/dist-packages/airflow/example_dags/example_external_task_marker_dag.py
[2023-10-29T01:10:14.454+0000] {processor.py:829} INFO - Processing file /usr/local/lib/python3.10/dist-packages/airflow/example_dags/example_external_task_marker_dag.py for tasks to queue
[2023-10-29T01:10:14.455+0000] {logging_mixin.py:151} INFO - [2023-10-29T01:10:14.455+0000] {dagbag.py:536} INFO - Filling up the DagBag from /usr/local/lib/python3.10/dist-packages/airflow/example_dags/example_external_task_marker_dag.py
[2023-10-29T01:10:14.462+0000] {processor.py:839} INFO - DAG(s) dict_keys(['example_external_task_marker_parent', 'example_external_task_marker_child']) retrieved from /usr/local/lib/python3.10/dist-packages/airflow/example_dags/example_external_task_marker_dag.py
[2023-10-29T01:10:14.482+0000] {logging_mixin.py:151} INFO - [2023-10-29T01:10:14.482+0000] {dag.py:2941} INFO - Sync 2 DAGs
[2023-10-29T01:10:14.494+0000] {logging_mixin.py:151} INFO - [2023-10-29T01:10:14.494+0000] {dag.py:3722} INFO - Setting next_dagrun for example_external_task_marker_child to None, run_after=None
[2023-10-29T01:10:14.497+0000] {logging_mixin.py:151} INFO - [2023-10-29T01:10:14.497+0000] {dag.py:3722} INFO - Setting next_dagrun for example_external_task_marker_parent to None, run_after=None
[2023-10-29T01:10:14.516+0000] {processor.py:179} INFO - Processing /usr/local/lib/python3.10/dist-packages/airflow/example_dags/example_external_task_marker_dag.py took 0.066 seconds
[2023-10-29T01:11:02.237+0000] {processor.py:157} INFO - Started process (PID=4232) to work on /usr/local/lib/python3.10/dist-packages/airflow/example_dags/example_external_task_marker_dag.py
[2023-10-29T01:11:02.238+0000] {processor.py:829} INFO - Processing file /usr/local/lib/python3.10/dist-packages/airflow/example_dags/example_external_task_marker_dag.py for tasks to queue
[2023-10-29T01:11:02.239+0000] {logging_mixin.py:151} INFO - [2023-10-29T01:11:02.238+0000] {dagbag.py:536} INFO - Filling up the DagBag from /usr/local/lib/python3.10/dist-packages/airflow/example_dags/example_external_task_marker_dag.py
[2023-10-29T01:11:02.246+0000] {processor.py:839} INFO - DAG(s) dict_keys(['example_external_task_marker_child', 'example_external_task_marker_parent']) retrieved from /usr/local/lib/python3.10/dist-packages/airflow/example_dags/example_external_task_marker_dag.py
[2023-10-29T01:11:02.266+0000] {logging_mixin.py:151} INFO - [2023-10-29T01:11:02.265+0000] {dag.py:2941} INFO - Sync 2 DAGs
[2023-10-29T01:11:02.278+0000] {logging_mixin.py:151} INFO - [2023-10-29T01:11:02.277+0000] {dag.py:3722} INFO - Setting next_dagrun for example_external_task_marker_child to None, run_after=None
[2023-10-29T01:11:02.281+0000] {logging_mixin.py:151} INFO - [2023-10-29T01:11:02.280+0000] {dag.py:3722} INFO - Setting next_dagrun for example_external_task_marker_parent to None, run_after=None
[2023-10-29T01:11:02.300+0000] {processor.py:179} INFO - Processing /usr/local/lib/python3.10/dist-packages/airflow/example_dags/example_external_task_marker_dag.py took 0.067 seconds
[2023-10-29T01:11:47.765+0000] {processor.py:157} INFO - Started process (PID=4654) to work on /usr/local/lib/python3.10/dist-packages/airflow/example_dags/example_external_task_marker_dag.py
[2023-10-29T01:11:47.767+0000] {processor.py:829} INFO - Processing file /usr/local/lib/python3.10/dist-packages/airflow/example_dags/example_external_task_marker_dag.py for tasks to queue
[2023-10-29T01:11:47.767+0000] {logging_mixin.py:151} INFO - [2023-10-29T01:11:47.767+0000] {dagbag.py:536} INFO - Filling up the DagBag from /usr/local/lib/python3.10/dist-packages/airflow/example_dags/example_external_task_marker_dag.py
[2023-10-29T01:11:47.774+0000] {processor.py:839} INFO - DAG(s) dict_keys(['example_external_task_marker_parent', 'example_external_task_marker_child']) retrieved from /usr/local/lib/python3.10/dist-packages/airflow/example_dags/example_external_task_marker_dag.py
[2023-10-29T01:11:47.794+0000] {logging_mixin.py:151} INFO - [2023-10-29T01:11:47.794+0000] {dag.py:2941} INFO - Sync 2 DAGs
[2023-10-29T01:11:47.806+0000] {logging_mixin.py:151} INFO - [2023-10-29T01:11:47.806+0000] {dag.py:3722} INFO - Setting next_dagrun for example_external_task_marker_child to None, run_after=None
[2023-10-29T01:11:47.809+0000] {logging_mixin.py:151} INFO - [2023-10-29T01:11:47.809+0000] {dag.py:3722} INFO - Setting next_dagrun for example_external_task_marker_parent to None, run_after=None
[2023-10-29T01:11:47.828+0000] {processor.py:179} INFO - Processing /usr/local/lib/python3.10/dist-packages/airflow/example_dags/example_external_task_marker_dag.py took 0.066 seconds
[2023-10-29T01:12:34.298+0000] {processor.py:157} INFO - Started process (PID=4702) to work on /usr/local/lib/python3.10/dist-packages/airflow/example_dags/example_external_task_marker_dag.py
[2023-10-29T01:12:34.300+0000] {processor.py:829} INFO - Processing file /usr/local/lib/python3.10/dist-packages/airflow/example_dags/example_external_task_marker_dag.py for tasks to queue
[2023-10-29T01:12:34.301+0000] {logging_mixin.py:151} INFO - [2023-10-29T01:12:34.300+0000] {dagbag.py:536} INFO - Filling up the DagBag from /usr/local/lib/python3.10/dist-packages/airflow/example_dags/example_external_task_marker_dag.py
[2023-10-29T01:12:34.307+0000] {processor.py:839} INFO - DAG(s) dict_keys(['example_external_task_marker_child', 'example_external_task_marker_parent']) retrieved from /usr/local/lib/python3.10/dist-packages/airflow/example_dags/example_external_task_marker_dag.py
[2023-10-29T01:12:34.328+0000] {logging_mixin.py:151} INFO - [2023-10-29T01:12:34.327+0000] {dag.py:2941} INFO - Sync 2 DAGs
[2023-10-29T01:12:34.340+0000] {logging_mixin.py:151} INFO - [2023-10-29T01:12:34.340+0000] {dag.py:3722} INFO - Setting next_dagrun for example_external_task_marker_child to None, run_after=None
[2023-10-29T01:12:34.343+0000] {logging_mixin.py:151} INFO - [2023-10-29T01:12:34.343+0000] {dag.py:3722} INFO - Setting next_dagrun for example_external_task_marker_parent to None, run_after=None
[2023-10-29T01:12:34.364+0000] {processor.py:179} INFO - Processing /usr/local/lib/python3.10/dist-packages/airflow/example_dags/example_external_task_marker_dag.py took 0.068 seconds
[2023-10-29T01:13:14.446+0000] {processor.py:157} INFO - Started process (PID=4750) to work on /usr/local/lib/python3.10/dist-packages/airflow/example_dags/example_external_task_marker_dag.py
[2023-10-29T01:13:14.447+0000] {processor.py:829} INFO - Processing file /usr/local/lib/python3.10/dist-packages/airflow/example_dags/example_external_task_marker_dag.py for tasks to queue
[2023-10-29T01:13:14.448+0000] {logging_mixin.py:151} INFO - [2023-10-29T01:13:14.448+0000] {dagbag.py:536} INFO - Filling up the DagBag from /usr/local/lib/python3.10/dist-packages/airflow/example_dags/example_external_task_marker_dag.py
[2023-10-29T01:13:14.455+0000] {processor.py:839} INFO - DAG(s) dict_keys(['example_external_task_marker_parent', 'example_external_task_marker_child']) retrieved from /usr/local/lib/python3.10/dist-packages/airflow/example_dags/example_external_task_marker_dag.py
[2023-10-29T01:13:14.475+0000] {logging_mixin.py:151} INFO - [2023-10-29T01:13:14.474+0000] {dag.py:2941} INFO - Sync 2 DAGs
[2023-10-29T01:13:14.487+0000] {logging_mixin.py:151} INFO - [2023-10-29T01:13:14.486+0000] {dag.py:3722} INFO - Setting next_dagrun for example_external_task_marker_child to None, run_after=None
[2023-10-29T01:13:14.489+0000] {logging_mixin.py:151} INFO - [2023-10-29T01:13:14.489+0000] {dag.py:3722} INFO - Setting next_dagrun for example_external_task_marker_parent to None, run_after=None
[2023-10-29T01:13:14.508+0000] {processor.py:179} INFO - Processing /usr/local/lib/python3.10/dist-packages/airflow/example_dags/example_external_task_marker_dag.py took 0.065 seconds
[2023-10-29T01:13:56.478+0000] {processor.py:157} INFO - Started process (PID=4797) to work on /usr/local/lib/python3.10/dist-packages/airflow/example_dags/example_external_task_marker_dag.py
[2023-10-29T01:13:56.479+0000] {processor.py:829} INFO - Processing file /usr/local/lib/python3.10/dist-packages/airflow/example_dags/example_external_task_marker_dag.py for tasks to queue
[2023-10-29T01:13:56.480+0000] {logging_mixin.py:151} INFO - [2023-10-29T01:13:56.480+0000] {dagbag.py:536} INFO - Filling up the DagBag from /usr/local/lib/python3.10/dist-packages/airflow/example_dags/example_external_task_marker_dag.py
[2023-10-29T01:13:56.487+0000] {processor.py:839} INFO - DAG(s) dict_keys(['example_external_task_marker_child', 'example_external_task_marker_parent']) retrieved from /usr/local/lib/python3.10/dist-packages/airflow/example_dags/example_external_task_marker_dag.py
[2023-10-29T01:13:56.507+0000] {logging_mixin.py:151} INFO - [2023-10-29T01:13:56.507+0000] {dag.py:2941} INFO - Sync 2 DAGs
[2023-10-29T01:13:56.518+0000] {logging_mixin.py:151} INFO - [2023-10-29T01:13:56.518+0000] {dag.py:3722} INFO - Setting next_dagrun for example_external_task_marker_child to None, run_after=None
[2023-10-29T01:13:56.521+0000] {logging_mixin.py:151} INFO - [2023-10-29T01:13:56.521+0000] {dag.py:3722} INFO - Setting next_dagrun for example_external_task_marker_parent to None, run_after=None
[2023-10-29T01:13:56.540+0000] {processor.py:179} INFO - Processing /usr/local/lib/python3.10/dist-packages/airflow/example_dags/example_external_task_marker_dag.py took 0.065 seconds
[2023-10-29T01:14:40.880+0000] {processor.py:157} INFO - Started process (PID=4845) to work on /usr/local/lib/python3.10/dist-packages/airflow/example_dags/example_external_task_marker_dag.py
[2023-10-29T01:14:40.881+0000] {processor.py:829} INFO - Processing file /usr/local/lib/python3.10/dist-packages/airflow/example_dags/example_external_task_marker_dag.py for tasks to queue
[2023-10-29T01:14:40.882+0000] {logging_mixin.py:151} INFO - [2023-10-29T01:14:40.882+0000] {dagbag.py:536} INFO - Filling up the DagBag from /usr/local/lib/python3.10/dist-packages/airflow/example_dags/example_external_task_marker_dag.py
[2023-10-29T01:14:40.888+0000] {processor.py:839} INFO - DAG(s) dict_keys(['example_external_task_marker_child', 'example_external_task_marker_parent']) retrieved from /usr/local/lib/python3.10/dist-packages/airflow/example_dags/example_external_task_marker_dag.py
[2023-10-29T01:14:40.908+0000] {logging_mixin.py:151} INFO - [2023-10-29T01:14:40.908+0000] {dag.py:2941} INFO - Sync 2 DAGs
[2023-10-29T01:14:40.921+0000] {logging_mixin.py:151} INFO - [2023-10-29T01:14:40.921+0000] {dag.py:3722} INFO - Setting next_dagrun for example_external_task_marker_child to None, run_after=None
[2023-10-29T01:14:40.924+0000] {logging_mixin.py:151} INFO - [2023-10-29T01:14:40.924+0000] {dag.py:3722} INFO - Setting next_dagrun for example_external_task_marker_parent to None, run_after=None
[2023-10-29T01:14:40.943+0000] {processor.py:179} INFO - Processing /usr/local/lib/python3.10/dist-packages/airflow/example_dags/example_external_task_marker_dag.py took 0.067 seconds
[2023-10-29T01:15:25.546+0000] {processor.py:157} INFO - Started process (PID=4890) to work on /usr/local/lib/python3.10/dist-packages/airflow/example_dags/example_external_task_marker_dag.py
[2023-10-29T01:15:25.548+0000] {processor.py:829} INFO - Processing file /usr/local/lib/python3.10/dist-packages/airflow/example_dags/example_external_task_marker_dag.py for tasks to queue
[2023-10-29T01:15:25.548+0000] {logging_mixin.py:151} INFO - [2023-10-29T01:15:25.548+0000] {dagbag.py:536} INFO - Filling up the DagBag from /usr/local/lib/python3.10/dist-packages/airflow/example_dags/example_external_task_marker_dag.py
[2023-10-29T01:15:25.555+0000] {processor.py:839} INFO - DAG(s) dict_keys(['example_external_task_marker_child', 'example_external_task_marker_parent']) retrieved from /usr/local/lib/python3.10/dist-packages/airflow/example_dags/example_external_task_marker_dag.py
[2023-10-29T01:15:25.575+0000] {logging_mixin.py:151} INFO - [2023-10-29T01:15:25.575+0000] {dag.py:2941} INFO - Sync 2 DAGs
[2023-10-29T01:15:25.587+0000] {logging_mixin.py:151} INFO - [2023-10-29T01:15:25.587+0000] {dag.py:3722} INFO - Setting next_dagrun for example_external_task_marker_child to None, run_after=None
[2023-10-29T01:15:25.590+0000] {logging_mixin.py:151} INFO - [2023-10-29T01:15:25.590+0000] {dag.py:3722} INFO - Setting next_dagrun for example_external_task_marker_parent to None, run_after=None
[2023-10-29T01:15:25.609+0000] {processor.py:179} INFO - Processing /usr/local/lib/python3.10/dist-packages/airflow/example_dags/example_external_task_marker_dag.py took 0.066 seconds
[2023-10-29T01:16:09.879+0000] {processor.py:157} INFO - Started process (PID=4936) to work on /usr/local/lib/python3.10/dist-packages/airflow/example_dags/example_external_task_marker_dag.py
[2023-10-29T01:16:09.880+0000] {processor.py:829} INFO - Processing file /usr/local/lib/python3.10/dist-packages/airflow/example_dags/example_external_task_marker_dag.py for tasks to queue
[2023-10-29T01:16:09.881+0000] {logging_mixin.py:151} INFO - [2023-10-29T01:16:09.880+0000] {dagbag.py:536} INFO - Filling up the DagBag from /usr/local/lib/python3.10/dist-packages/airflow/example_dags/example_external_task_marker_dag.py
[2023-10-29T01:16:09.887+0000] {processor.py:839} INFO - DAG(s) dict_keys(['example_external_task_marker_child', 'example_external_task_marker_parent']) retrieved from /usr/local/lib/python3.10/dist-packages/airflow/example_dags/example_external_task_marker_dag.py
[2023-10-29T01:16:09.907+0000] {logging_mixin.py:151} INFO - [2023-10-29T01:16:09.907+0000] {dag.py:2941} INFO - Sync 2 DAGs
[2023-10-29T01:16:09.920+0000] {logging_mixin.py:151} INFO - [2023-10-29T01:16:09.919+0000] {dag.py:3722} INFO - Setting next_dagrun for example_external_task_marker_child to None, run_after=None
[2023-10-29T01:16:09.923+0000] {logging_mixin.py:151} INFO - [2023-10-29T01:16:09.922+0000] {dag.py:3722} INFO - Setting next_dagrun for example_external_task_marker_parent to None, run_after=None
[2023-10-29T01:16:09.942+0000] {processor.py:179} INFO - Processing /usr/local/lib/python3.10/dist-packages/airflow/example_dags/example_external_task_marker_dag.py took 0.067 seconds
[2023-10-29T01:16:57.815+0000] {processor.py:157} INFO - Started process (PID=4985) to work on /usr/local/lib/python3.10/dist-packages/airflow/example_dags/example_external_task_marker_dag.py
[2023-10-29T01:16:57.817+0000] {processor.py:829} INFO - Processing file /usr/local/lib/python3.10/dist-packages/airflow/example_dags/example_external_task_marker_dag.py for tasks to queue
[2023-10-29T01:16:57.817+0000] {logging_mixin.py:151} INFO - [2023-10-29T01:16:57.817+0000] {dagbag.py:536} INFO - Filling up the DagBag from /usr/local/lib/python3.10/dist-packages/airflow/example_dags/example_external_task_marker_dag.py
[2023-10-29T01:16:57.824+0000] {processor.py:839} INFO - DAG(s) dict_keys(['example_external_task_marker_parent', 'example_external_task_marker_child']) retrieved from /usr/local/lib/python3.10/dist-packages/airflow/example_dags/example_external_task_marker_dag.py
[2023-10-29T01:16:57.843+0000] {logging_mixin.py:151} INFO - [2023-10-29T01:16:57.843+0000] {dag.py:2941} INFO - Sync 2 DAGs
[2023-10-29T01:16:57.855+0000] {logging_mixin.py:151} INFO - [2023-10-29T01:16:57.855+0000] {dag.py:3722} INFO - Setting next_dagrun for example_external_task_marker_child to None, run_after=None
[2023-10-29T01:16:57.858+0000] {logging_mixin.py:151} INFO - [2023-10-29T01:16:57.858+0000] {dag.py:3722} INFO - Setting next_dagrun for example_external_task_marker_parent to None, run_after=None
[2023-10-29T01:16:57.876+0000] {processor.py:179} INFO - Processing /usr/local/lib/python3.10/dist-packages/airflow/example_dags/example_external_task_marker_dag.py took 0.064 seconds
[2023-10-29T01:17:44.882+0000] {processor.py:157} INFO - Started process (PID=5035) to work on /usr/local/lib/python3.10/dist-packages/airflow/example_dags/example_external_task_marker_dag.py
[2023-10-29T01:17:44.883+0000] {processor.py:829} INFO - Processing file /usr/local/lib/python3.10/dist-packages/airflow/example_dags/example_external_task_marker_dag.py for tasks to queue
[2023-10-29T01:17:44.884+0000] {logging_mixin.py:151} INFO - [2023-10-29T01:17:44.884+0000] {dagbag.py:536} INFO - Filling up the DagBag from /usr/local/lib/python3.10/dist-packages/airflow/example_dags/example_external_task_marker_dag.py
[2023-10-29T01:17:44.890+0000] {processor.py:839} INFO - DAG(s) dict_keys(['example_external_task_marker_child', 'example_external_task_marker_parent']) retrieved from /usr/local/lib/python3.10/dist-packages/airflow/example_dags/example_external_task_marker_dag.py
[2023-10-29T01:17:44.911+0000] {logging_mixin.py:151} INFO - [2023-10-29T01:17:44.910+0000] {dag.py:2941} INFO - Sync 2 DAGs
[2023-10-29T01:17:44.923+0000] {logging_mixin.py:151} INFO - [2023-10-29T01:17:44.923+0000] {dag.py:3722} INFO - Setting next_dagrun for example_external_task_marker_child to None, run_after=None
[2023-10-29T01:17:44.926+0000] {logging_mixin.py:151} INFO - [2023-10-29T01:17:44.926+0000] {dag.py:3722} INFO - Setting next_dagrun for example_external_task_marker_parent to None, run_after=None
[2023-10-29T01:17:44.946+0000] {processor.py:179} INFO - Processing /usr/local/lib/python3.10/dist-packages/airflow/example_dags/example_external_task_marker_dag.py took 0.068 seconds
[2023-10-29T01:18:30.390+0000] {processor.py:157} INFO - Started process (PID=5082) to work on /usr/local/lib/python3.10/dist-packages/airflow/example_dags/example_external_task_marker_dag.py
[2023-10-29T01:18:30.391+0000] {processor.py:829} INFO - Processing file /usr/local/lib/python3.10/dist-packages/airflow/example_dags/example_external_task_marker_dag.py for tasks to queue
[2023-10-29T01:18:30.392+0000] {logging_mixin.py:151} INFO - [2023-10-29T01:18:30.392+0000] {dagbag.py:536} INFO - Filling up the DagBag from /usr/local/lib/python3.10/dist-packages/airflow/example_dags/example_external_task_marker_dag.py
[2023-10-29T01:18:30.398+0000] {processor.py:839} INFO - DAG(s) dict_keys(['example_external_task_marker_parent', 'example_external_task_marker_child']) retrieved from /usr/local/lib/python3.10/dist-packages/airflow/example_dags/example_external_task_marker_dag.py
[2023-10-29T01:18:30.418+0000] {logging_mixin.py:151} INFO - [2023-10-29T01:18:30.418+0000] {dag.py:2941} INFO - Sync 2 DAGs
[2023-10-29T01:18:30.430+0000] {logging_mixin.py:151} INFO - [2023-10-29T01:18:30.430+0000] {dag.py:3722} INFO - Setting next_dagrun for example_external_task_marker_child to None, run_after=None
[2023-10-29T01:18:30.433+0000] {logging_mixin.py:151} INFO - [2023-10-29T01:18:30.433+0000] {dag.py:3722} INFO - Setting next_dagrun for example_external_task_marker_parent to None, run_after=None
[2023-10-29T01:18:30.453+0000] {processor.py:179} INFO - Processing /usr/local/lib/python3.10/dist-packages/airflow/example_dags/example_external_task_marker_dag.py took 0.066 seconds
[2023-10-29T01:19:17.611+0000] {processor.py:157} INFO - Started process (PID=5129) to work on /usr/local/lib/python3.10/dist-packages/airflow/example_dags/example_external_task_marker_dag.py
[2023-10-29T01:19:17.612+0000] {processor.py:829} INFO - Processing file /usr/local/lib/python3.10/dist-packages/airflow/example_dags/example_external_task_marker_dag.py for tasks to queue
[2023-10-29T01:19:17.613+0000] {logging_mixin.py:151} INFO - [2023-10-29T01:19:17.613+0000] {dagbag.py:536} INFO - Filling up the DagBag from /usr/local/lib/python3.10/dist-packages/airflow/example_dags/example_external_task_marker_dag.py
[2023-10-29T01:19:17.619+0000] {processor.py:839} INFO - DAG(s) dict_keys(['example_external_task_marker_parent', 'example_external_task_marker_child']) retrieved from /usr/local/lib/python3.10/dist-packages/airflow/example_dags/example_external_task_marker_dag.py
[2023-10-29T01:19:17.639+0000] {logging_mixin.py:151} INFO - [2023-10-29T01:19:17.639+0000] {dag.py:2941} INFO - Sync 2 DAGs
[2023-10-29T01:19:17.651+0000] {logging_mixin.py:151} INFO - [2023-10-29T01:19:17.651+0000] {dag.py:3722} INFO - Setting next_dagrun for example_external_task_marker_child to None, run_after=None
[2023-10-29T01:19:17.654+0000] {logging_mixin.py:151} INFO - [2023-10-29T01:19:17.654+0000] {dag.py:3722} INFO - Setting next_dagrun for example_external_task_marker_parent to None, run_after=None
[2023-10-29T01:19:17.675+0000] {processor.py:179} INFO - Processing /usr/local/lib/python3.10/dist-packages/airflow/example_dags/example_external_task_marker_dag.py took 0.067 seconds
[2023-10-29T01:20:06.539+0000] {processor.py:157} INFO - Started process (PID=5180) to work on /usr/local/lib/python3.10/dist-packages/airflow/example_dags/example_external_task_marker_dag.py
[2023-10-29T01:20:06.540+0000] {processor.py:829} INFO - Processing file /usr/local/lib/python3.10/dist-packages/airflow/example_dags/example_external_task_marker_dag.py for tasks to queue
[2023-10-29T01:20:06.541+0000] {logging_mixin.py:151} INFO - [2023-10-29T01:20:06.540+0000] {dagbag.py:536} INFO - Filling up the DagBag from /usr/local/lib/python3.10/dist-packages/airflow/example_dags/example_external_task_marker_dag.py
[2023-10-29T01:20:06.547+0000] {processor.py:839} INFO - DAG(s) dict_keys(['example_external_task_marker_parent', 'example_external_task_marker_child']) retrieved from /usr/local/lib/python3.10/dist-packages/airflow/example_dags/example_external_task_marker_dag.py
[2023-10-29T01:20:06.567+0000] {logging_mixin.py:151} INFO - [2023-10-29T01:20:06.567+0000] {dag.py:2941} INFO - Sync 2 DAGs
[2023-10-29T01:20:06.578+0000] {logging_mixin.py:151} INFO - [2023-10-29T01:20:06.578+0000] {dag.py:3722} INFO - Setting next_dagrun for example_external_task_marker_child to None, run_after=None
[2023-10-29T01:20:06.581+0000] {logging_mixin.py:151} INFO - [2023-10-29T01:20:06.581+0000] {dag.py:3722} INFO - Setting next_dagrun for example_external_task_marker_parent to None, run_after=None
[2023-10-29T01:20:06.601+0000] {processor.py:179} INFO - Processing /usr/local/lib/python3.10/dist-packages/airflow/example_dags/example_external_task_marker_dag.py took 0.065 seconds
[2023-10-29T01:20:51.372+0000] {processor.py:157} INFO - Started process (PID=5226) to work on /usr/local/lib/python3.10/dist-packages/airflow/example_dags/example_external_task_marker_dag.py
[2023-10-29T01:20:51.373+0000] {processor.py:829} INFO - Processing file /usr/local/lib/python3.10/dist-packages/airflow/example_dags/example_external_task_marker_dag.py for tasks to queue
[2023-10-29T01:20:51.374+0000] {logging_mixin.py:151} INFO - [2023-10-29T01:20:51.374+0000] {dagbag.py:536} INFO - Filling up the DagBag from /usr/local/lib/python3.10/dist-packages/airflow/example_dags/example_external_task_marker_dag.py
[2023-10-29T01:20:51.380+0000] {processor.py:839} INFO - DAG(s) dict_keys(['example_external_task_marker_child', 'example_external_task_marker_parent']) retrieved from /usr/local/lib/python3.10/dist-packages/airflow/example_dags/example_external_task_marker_dag.py
[2023-10-29T01:20:51.400+0000] {logging_mixin.py:151} INFO - [2023-10-29T01:20:51.400+0000] {dag.py:2941} INFO - Sync 2 DAGs
[2023-10-29T01:20:51.413+0000] {logging_mixin.py:151} INFO - [2023-10-29T01:20:51.412+0000] {dag.py:3722} INFO - Setting next_dagrun for example_external_task_marker_child to None, run_after=None
[2023-10-29T01:20:51.416+0000] {logging_mixin.py:151} INFO - [2023-10-29T01:20:51.415+0000] {dag.py:3722} INFO - Setting next_dagrun for example_external_task_marker_parent to None, run_after=None
[2023-10-29T01:20:51.436+0000] {processor.py:179} INFO - Processing /usr/local/lib/python3.10/dist-packages/airflow/example_dags/example_external_task_marker_dag.py took 0.067 seconds
[2023-10-29T01:21:37.368+0000] {processor.py:157} INFO - Started process (PID=5273) to work on /usr/local/lib/python3.10/dist-packages/airflow/example_dags/example_external_task_marker_dag.py
[2023-10-29T01:21:37.369+0000] {processor.py:829} INFO - Processing file /usr/local/lib/python3.10/dist-packages/airflow/example_dags/example_external_task_marker_dag.py for tasks to queue
[2023-10-29T01:21:37.370+0000] {logging_mixin.py:151} INFO - [2023-10-29T01:21:37.370+0000] {dagbag.py:536} INFO - Filling up the DagBag from /usr/local/lib/python3.10/dist-packages/airflow/example_dags/example_external_task_marker_dag.py
[2023-10-29T01:21:37.377+0000] {processor.py:839} INFO - DAG(s) dict_keys(['example_external_task_marker_child', 'example_external_task_marker_parent']) retrieved from /usr/local/lib/python3.10/dist-packages/airflow/example_dags/example_external_task_marker_dag.py
[2023-10-29T01:21:37.396+0000] {logging_mixin.py:151} INFO - [2023-10-29T01:21:37.396+0000] {dag.py:2941} INFO - Sync 2 DAGs
[2023-10-29T01:21:37.408+0000] {logging_mixin.py:151} INFO - [2023-10-29T01:21:37.408+0000] {dag.py:3722} INFO - Setting next_dagrun for example_external_task_marker_child to None, run_after=None
[2023-10-29T01:21:37.411+0000] {logging_mixin.py:151} INFO - [2023-10-29T01:21:37.411+0000] {dag.py:3722} INFO - Setting next_dagrun for example_external_task_marker_parent to None, run_after=None
[2023-10-29T01:21:37.430+0000] {processor.py:179} INFO - Processing /usr/local/lib/python3.10/dist-packages/airflow/example_dags/example_external_task_marker_dag.py took 0.065 seconds
[2023-10-29T01:22:26.767+0000] {processor.py:157} INFO - Started process (PID=5325) to work on /usr/local/lib/python3.10/dist-packages/airflow/example_dags/example_external_task_marker_dag.py
[2023-10-29T01:22:26.769+0000] {processor.py:829} INFO - Processing file /usr/local/lib/python3.10/dist-packages/airflow/example_dags/example_external_task_marker_dag.py for tasks to queue
[2023-10-29T01:22:26.770+0000] {logging_mixin.py:151} INFO - [2023-10-29T01:22:26.770+0000] {dagbag.py:536} INFO - Filling up the DagBag from /usr/local/lib/python3.10/dist-packages/airflow/example_dags/example_external_task_marker_dag.py
[2023-10-29T01:22:26.776+0000] {processor.py:839} INFO - DAG(s) dict_keys(['example_external_task_marker_child', 'example_external_task_marker_parent']) retrieved from /usr/local/lib/python3.10/dist-packages/airflow/example_dags/example_external_task_marker_dag.py
[2023-10-29T01:22:26.796+0000] {logging_mixin.py:151} INFO - [2023-10-29T01:22:26.796+0000] {dag.py:2941} INFO - Sync 2 DAGs
[2023-10-29T01:22:26.809+0000] {logging_mixin.py:151} INFO - [2023-10-29T01:22:26.808+0000] {dag.py:3722} INFO - Setting next_dagrun for example_external_task_marker_child to None, run_after=None
[2023-10-29T01:22:26.812+0000] {logging_mixin.py:151} INFO - [2023-10-29T01:22:26.811+0000] {dag.py:3722} INFO - Setting next_dagrun for example_external_task_marker_parent to None, run_after=None
[2023-10-29T01:22:26.833+0000] {processor.py:179} INFO - Processing /usr/local/lib/python3.10/dist-packages/airflow/example_dags/example_external_task_marker_dag.py took 0.069 seconds
[2023-10-29T01:23:13.252+0000] {processor.py:157} INFO - Started process (PID=5373) to work on /usr/local/lib/python3.10/dist-packages/airflow/example_dags/example_external_task_marker_dag.py
[2023-10-29T01:23:13.253+0000] {processor.py:829} INFO - Processing file /usr/local/lib/python3.10/dist-packages/airflow/example_dags/example_external_task_marker_dag.py for tasks to queue
[2023-10-29T01:23:13.254+0000] {logging_mixin.py:151} INFO - [2023-10-29T01:23:13.254+0000] {dagbag.py:536} INFO - Filling up the DagBag from /usr/local/lib/python3.10/dist-packages/airflow/example_dags/example_external_task_marker_dag.py
[2023-10-29T01:23:13.260+0000] {processor.py:839} INFO - DAG(s) dict_keys(['example_external_task_marker_child', 'example_external_task_marker_parent']) retrieved from /usr/local/lib/python3.10/dist-packages/airflow/example_dags/example_external_task_marker_dag.py
[2023-10-29T01:23:13.281+0000] {logging_mixin.py:151} INFO - [2023-10-29T01:23:13.281+0000] {dag.py:2941} INFO - Sync 2 DAGs
[2023-10-29T01:23:13.293+0000] {logging_mixin.py:151} INFO - [2023-10-29T01:23:13.293+0000] {dag.py:3722} INFO - Setting next_dagrun for example_external_task_marker_child to None, run_after=None
[2023-10-29T01:23:13.296+0000] {logging_mixin.py:151} INFO - [2023-10-29T01:23:13.296+0000] {dag.py:3722} INFO - Setting next_dagrun for example_external_task_marker_parent to None, run_after=None
[2023-10-29T01:23:13.316+0000] {processor.py:179} INFO - Processing /usr/local/lib/python3.10/dist-packages/airflow/example_dags/example_external_task_marker_dag.py took 0.068 seconds
[2023-10-29T01:24:03.953+0000] {processor.py:157} INFO - Started process (PID=5424) to work on /usr/local/lib/python3.10/dist-packages/airflow/example_dags/example_external_task_marker_dag.py
[2023-10-29T01:24:03.954+0000] {processor.py:829} INFO - Processing file /usr/local/lib/python3.10/dist-packages/airflow/example_dags/example_external_task_marker_dag.py for tasks to queue
[2023-10-29T01:24:03.955+0000] {logging_mixin.py:151} INFO - [2023-10-29T01:24:03.955+0000] {dagbag.py:536} INFO - Filling up the DagBag from /usr/local/lib/python3.10/dist-packages/airflow/example_dags/example_external_task_marker_dag.py
[2023-10-29T01:24:03.961+0000] {processor.py:839} INFO - DAG(s) dict_keys(['example_external_task_marker_child', 'example_external_task_marker_parent']) retrieved from /usr/local/lib/python3.10/dist-packages/airflow/example_dags/example_external_task_marker_dag.py
[2023-10-29T01:24:03.981+0000] {logging_mixin.py:151} INFO - [2023-10-29T01:24:03.981+0000] {dag.py:2941} INFO - Sync 2 DAGs
[2023-10-29T01:24:03.993+0000] {logging_mixin.py:151} INFO - [2023-10-29T01:24:03.993+0000] {dag.py:3722} INFO - Setting next_dagrun for example_external_task_marker_child to None, run_after=None
[2023-10-29T01:24:03.996+0000] {logging_mixin.py:151} INFO - [2023-10-29T01:24:03.996+0000] {dag.py:3722} INFO - Setting next_dagrun for example_external_task_marker_parent to None, run_after=None
[2023-10-29T01:24:04.017+0000] {processor.py:179} INFO - Processing /usr/local/lib/python3.10/dist-packages/airflow/example_dags/example_external_task_marker_dag.py took 0.067 seconds
[2023-10-29T01:24:54.659+0000] {processor.py:157} INFO - Started process (PID=5475) to work on /usr/local/lib/python3.10/dist-packages/airflow/example_dags/example_external_task_marker_dag.py
[2023-10-29T01:24:54.660+0000] {processor.py:829} INFO - Processing file /usr/local/lib/python3.10/dist-packages/airflow/example_dags/example_external_task_marker_dag.py for tasks to queue
[2023-10-29T01:24:54.661+0000] {logging_mixin.py:151} INFO - [2023-10-29T01:24:54.661+0000] {dagbag.py:536} INFO - Filling up the DagBag from /usr/local/lib/python3.10/dist-packages/airflow/example_dags/example_external_task_marker_dag.py
[2023-10-29T01:24:54.668+0000] {processor.py:839} INFO - DAG(s) dict_keys(['example_external_task_marker_parent', 'example_external_task_marker_child']) retrieved from /usr/local/lib/python3.10/dist-packages/airflow/example_dags/example_external_task_marker_dag.py
[2023-10-29T01:24:54.688+0000] {logging_mixin.py:151} INFO - [2023-10-29T01:24:54.688+0000] {dag.py:2941} INFO - Sync 2 DAGs
[2023-10-29T01:24:54.700+0000] {logging_mixin.py:151} INFO - [2023-10-29T01:24:54.700+0000] {dag.py:3722} INFO - Setting next_dagrun for example_external_task_marker_child to None, run_after=None
[2023-10-29T01:24:54.703+0000] {logging_mixin.py:151} INFO - [2023-10-29T01:24:54.703+0000] {dag.py:3722} INFO - Setting next_dagrun for example_external_task_marker_parent to None, run_after=None
[2023-10-29T01:24:54.723+0000] {processor.py:179} INFO - Processing /usr/local/lib/python3.10/dist-packages/airflow/example_dags/example_external_task_marker_dag.py took 0.067 seconds
