[2023-10-29T01:01:43.863+0000] {processor.py:157} INFO - Started process (PID=3653) to work on /usr/local/lib/python3.10/dist-packages/airflow/example_dags/example_branch_day_of_week_operator.py
[2023-10-29T01:01:43.864+0000] {processor.py:829} INFO - Processing file /usr/local/lib/python3.10/dist-packages/airflow/example_dags/example_branch_day_of_week_operator.py for tasks to queue
[2023-10-29T01:01:43.865+0000] {logging_mixin.py:151} INFO - [2023-10-29T01:01:43.864+0000] {dagbag.py:536} INFO - Filling up the DagBag from /usr/local/lib/python3.10/dist-packages/airflow/example_dags/example_branch_day_of_week_operator.py
[2023-10-29T01:01:43.873+0000] {processor.py:839} INFO - DAG(s) dict_keys(['example_weekday_branch_operator']) retrieved from /usr/local/lib/python3.10/dist-packages/airflow/example_dags/example_branch_day_of_week_operator.py
[2023-10-29T01:01:43.982+0000] {logging_mixin.py:151} INFO - [2023-10-29T01:01:43.982+0000] {manager.py:499} INFO - Created Permission View: %s
[2023-10-29T01:01:43.994+0000] {logging_mixin.py:151} INFO - [2023-10-29T01:01:43.994+0000] {manager.py:499} INFO - Created Permission View: %s
[2023-10-29T01:01:44.004+0000] {logging_mixin.py:151} INFO - [2023-10-29T01:01:44.003+0000] {manager.py:499} INFO - Created Permission View: %s
[2023-10-29T01:01:44.004+0000] {logging_mixin.py:151} INFO - [2023-10-29T01:01:44.004+0000] {dag.py:2941} INFO - Sync 1 DAGs
[2023-10-29T01:01:44.016+0000] {logging_mixin.py:151} INFO - [2023-10-29T01:01:44.016+0000] {dag.py:2963} INFO - Creating ORM DAG for example_weekday_branch_operator
[2023-10-29T01:01:44.026+0000] {logging_mixin.py:151} INFO - [2023-10-29T01:01:44.026+0000] {dag.py:3722} INFO - Setting next_dagrun for example_weekday_branch_operator to 2023-10-28T00:00:00+00:00, run_after=2023-10-29T00:00:00+00:00
[2023-10-29T01:01:44.046+0000] {processor.py:179} INFO - Processing /usr/local/lib/python3.10/dist-packages/airflow/example_dags/example_branch_day_of_week_operator.py took 0.186 seconds
[2023-10-29T01:02:39.524+0000] {processor.py:157} INFO - Started process (PID=3709) to work on /usr/local/lib/python3.10/dist-packages/airflow/example_dags/example_branch_day_of_week_operator.py
[2023-10-29T01:02:39.525+0000] {processor.py:829} INFO - Processing file /usr/local/lib/python3.10/dist-packages/airflow/example_dags/example_branch_day_of_week_operator.py for tasks to queue
[2023-10-29T01:02:39.526+0000] {logging_mixin.py:151} INFO - [2023-10-29T01:02:39.526+0000] {dagbag.py:536} INFO - Filling up the DagBag from /usr/local/lib/python3.10/dist-packages/airflow/example_dags/example_branch_day_of_week_operator.py
[2023-10-29T01:02:39.534+0000] {processor.py:839} INFO - DAG(s) dict_keys(['example_weekday_branch_operator']) retrieved from /usr/local/lib/python3.10/dist-packages/airflow/example_dags/example_branch_day_of_week_operator.py
[2023-10-29T01:02:39.552+0000] {logging_mixin.py:151} INFO - [2023-10-29T01:02:39.552+0000] {dag.py:2941} INFO - Sync 1 DAGs
[2023-10-29T01:02:39.574+0000] {logging_mixin.py:151} INFO - [2023-10-29T01:02:39.574+0000] {dag.py:3722} INFO - Setting next_dagrun for example_weekday_branch_operator to 2023-10-28T00:00:00+00:00, run_after=2023-10-29T00:00:00+00:00
[2023-10-29T01:02:39.596+0000] {processor.py:179} INFO - Processing /usr/local/lib/python3.10/dist-packages/airflow/example_dags/example_branch_day_of_week_operator.py took 0.075 seconds
[2023-10-29T01:03:20.905+0000] {processor.py:157} INFO - Started process (PID=3755) to work on /usr/local/lib/python3.10/dist-packages/airflow/example_dags/example_branch_day_of_week_operator.py
[2023-10-29T01:03:20.906+0000] {processor.py:829} INFO - Processing file /usr/local/lib/python3.10/dist-packages/airflow/example_dags/example_branch_day_of_week_operator.py for tasks to queue
[2023-10-29T01:03:20.907+0000] {logging_mixin.py:151} INFO - [2023-10-29T01:03:20.906+0000] {dagbag.py:536} INFO - Filling up the DagBag from /usr/local/lib/python3.10/dist-packages/airflow/example_dags/example_branch_day_of_week_operator.py
[2023-10-29T01:03:20.915+0000] {processor.py:839} INFO - DAG(s) dict_keys(['example_weekday_branch_operator']) retrieved from /usr/local/lib/python3.10/dist-packages/airflow/example_dags/example_branch_day_of_week_operator.py
[2023-10-29T01:03:20.933+0000] {logging_mixin.py:151} INFO - [2023-10-29T01:03:20.933+0000] {dag.py:2941} INFO - Sync 1 DAGs
[2023-10-29T01:03:20.955+0000] {logging_mixin.py:151} INFO - [2023-10-29T01:03:20.955+0000] {dag.py:3722} INFO - Setting next_dagrun for example_weekday_branch_operator to 2023-10-28T00:00:00+00:00, run_after=2023-10-29T00:00:00+00:00
[2023-10-29T01:03:20.977+0000] {processor.py:179} INFO - Processing /usr/local/lib/python3.10/dist-packages/airflow/example_dags/example_branch_day_of_week_operator.py took 0.075 seconds
[2023-10-29T01:04:04.483+0000] {processor.py:157} INFO - Started process (PID=3801) to work on /usr/local/lib/python3.10/dist-packages/airflow/example_dags/example_branch_day_of_week_operator.py
[2023-10-29T01:04:04.484+0000] {processor.py:829} INFO - Processing file /usr/local/lib/python3.10/dist-packages/airflow/example_dags/example_branch_day_of_week_operator.py for tasks to queue
[2023-10-29T01:04:04.485+0000] {logging_mixin.py:151} INFO - [2023-10-29T01:04:04.484+0000] {dagbag.py:536} INFO - Filling up the DagBag from /usr/local/lib/python3.10/dist-packages/airflow/example_dags/example_branch_day_of_week_operator.py
[2023-10-29T01:04:04.493+0000] {processor.py:839} INFO - DAG(s) dict_keys(['example_weekday_branch_operator']) retrieved from /usr/local/lib/python3.10/dist-packages/airflow/example_dags/example_branch_day_of_week_operator.py
[2023-10-29T01:04:04.511+0000] {logging_mixin.py:151} INFO - [2023-10-29T01:04:04.511+0000] {dag.py:2941} INFO - Sync 1 DAGs
[2023-10-29T01:04:04.533+0000] {logging_mixin.py:151} INFO - [2023-10-29T01:04:04.533+0000] {dag.py:3722} INFO - Setting next_dagrun for example_weekday_branch_operator to 2023-10-28T00:00:00+00:00, run_after=2023-10-29T00:00:00+00:00
[2023-10-29T01:04:04.556+0000] {processor.py:179} INFO - Processing /usr/local/lib/python3.10/dist-packages/airflow/example_dags/example_branch_day_of_week_operator.py took 0.076 seconds
[2023-10-29T01:04:58.151+0000] {processor.py:157} INFO - Started process (PID=3857) to work on /usr/local/lib/python3.10/dist-packages/airflow/example_dags/example_branch_day_of_week_operator.py
[2023-10-29T01:04:58.153+0000] {processor.py:829} INFO - Processing file /usr/local/lib/python3.10/dist-packages/airflow/example_dags/example_branch_day_of_week_operator.py for tasks to queue
[2023-10-29T01:04:58.154+0000] {logging_mixin.py:151} INFO - [2023-10-29T01:04:58.153+0000] {dagbag.py:536} INFO - Filling up the DagBag from /usr/local/lib/python3.10/dist-packages/airflow/example_dags/example_branch_day_of_week_operator.py
[2023-10-29T01:04:58.162+0000] {processor.py:839} INFO - DAG(s) dict_keys(['example_weekday_branch_operator']) retrieved from /usr/local/lib/python3.10/dist-packages/airflow/example_dags/example_branch_day_of_week_operator.py
[2023-10-29T01:04:58.180+0000] {logging_mixin.py:151} INFO - [2023-10-29T01:04:58.179+0000] {dag.py:2941} INFO - Sync 1 DAGs
[2023-10-29T01:04:58.202+0000] {logging_mixin.py:151} INFO - [2023-10-29T01:04:58.202+0000] {dag.py:3722} INFO - Setting next_dagrun for example_weekday_branch_operator to 2023-10-28T00:00:00+00:00, run_after=2023-10-29T00:00:00+00:00
[2023-10-29T01:04:58.224+0000] {processor.py:179} INFO - Processing /usr/local/lib/python3.10/dist-packages/airflow/example_dags/example_branch_day_of_week_operator.py took 0.076 seconds
[2023-10-29T01:05:45.360+0000] {processor.py:157} INFO - Started process (PID=3907) to work on /usr/local/lib/python3.10/dist-packages/airflow/example_dags/example_branch_day_of_week_operator.py
[2023-10-29T01:05:45.361+0000] {processor.py:829} INFO - Processing file /usr/local/lib/python3.10/dist-packages/airflow/example_dags/example_branch_day_of_week_operator.py for tasks to queue
[2023-10-29T01:05:45.362+0000] {logging_mixin.py:151} INFO - [2023-10-29T01:05:45.362+0000] {dagbag.py:536} INFO - Filling up the DagBag from /usr/local/lib/python3.10/dist-packages/airflow/example_dags/example_branch_day_of_week_operator.py
[2023-10-29T01:05:45.370+0000] {processor.py:839} INFO - DAG(s) dict_keys(['example_weekday_branch_operator']) retrieved from /usr/local/lib/python3.10/dist-packages/airflow/example_dags/example_branch_day_of_week_operator.py
[2023-10-29T01:05:45.388+0000] {logging_mixin.py:151} INFO - [2023-10-29T01:05:45.387+0000] {dag.py:2941} INFO - Sync 1 DAGs
[2023-10-29T01:05:45.408+0000] {logging_mixin.py:151} INFO - [2023-10-29T01:05:45.408+0000] {dag.py:3722} INFO - Setting next_dagrun for example_weekday_branch_operator to 2023-10-28T00:00:00+00:00, run_after=2023-10-29T00:00:00+00:00
[2023-10-29T01:05:45.429+0000] {processor.py:179} INFO - Processing /usr/local/lib/python3.10/dist-packages/airflow/example_dags/example_branch_day_of_week_operator.py took 0.072 seconds
[2023-10-29T01:06:31.654+0000] {processor.py:157} INFO - Started process (PID=3955) to work on /usr/local/lib/python3.10/dist-packages/airflow/example_dags/example_branch_day_of_week_operator.py
[2023-10-29T01:06:31.655+0000] {processor.py:829} INFO - Processing file /usr/local/lib/python3.10/dist-packages/airflow/example_dags/example_branch_day_of_week_operator.py for tasks to queue
[2023-10-29T01:06:31.656+0000] {logging_mixin.py:151} INFO - [2023-10-29T01:06:31.656+0000] {dagbag.py:536} INFO - Filling up the DagBag from /usr/local/lib/python3.10/dist-packages/airflow/example_dags/example_branch_day_of_week_operator.py
[2023-10-29T01:06:31.664+0000] {processor.py:839} INFO - DAG(s) dict_keys(['example_weekday_branch_operator']) retrieved from /usr/local/lib/python3.10/dist-packages/airflow/example_dags/example_branch_day_of_week_operator.py
[2023-10-29T01:06:31.682+0000] {logging_mixin.py:151} INFO - [2023-10-29T01:06:31.682+0000] {dag.py:2941} INFO - Sync 1 DAGs
[2023-10-29T01:06:31.705+0000] {logging_mixin.py:151} INFO - [2023-10-29T01:06:31.705+0000] {dag.py:3722} INFO - Setting next_dagrun for example_weekday_branch_operator to 2023-10-28T00:00:00+00:00, run_after=2023-10-29T00:00:00+00:00
[2023-10-29T01:06:31.727+0000] {processor.py:179} INFO - Processing /usr/local/lib/python3.10/dist-packages/airflow/example_dags/example_branch_day_of_week_operator.py took 0.076 seconds
[2023-10-29T01:07:25.301+0000] {processor.py:157} INFO - Started process (PID=4013) to work on /usr/local/lib/python3.10/dist-packages/airflow/example_dags/example_branch_day_of_week_operator.py
[2023-10-29T01:07:25.303+0000] {processor.py:829} INFO - Processing file /usr/local/lib/python3.10/dist-packages/airflow/example_dags/example_branch_day_of_week_operator.py for tasks to queue
[2023-10-29T01:07:25.303+0000] {logging_mixin.py:151} INFO - [2023-10-29T01:07:25.303+0000] {dagbag.py:536} INFO - Filling up the DagBag from /usr/local/lib/python3.10/dist-packages/airflow/example_dags/example_branch_day_of_week_operator.py
[2023-10-29T01:07:25.311+0000] {processor.py:839} INFO - DAG(s) dict_keys(['example_weekday_branch_operator']) retrieved from /usr/local/lib/python3.10/dist-packages/airflow/example_dags/example_branch_day_of_week_operator.py
[2023-10-29T01:07:25.329+0000] {logging_mixin.py:151} INFO - [2023-10-29T01:07:25.329+0000] {dag.py:2941} INFO - Sync 1 DAGs
[2023-10-29T01:07:25.351+0000] {logging_mixin.py:151} INFO - [2023-10-29T01:07:25.350+0000] {dag.py:3722} INFO - Setting next_dagrun for example_weekday_branch_operator to 2023-10-28T00:00:00+00:00, run_after=2023-10-29T00:00:00+00:00
[2023-10-29T01:07:25.373+0000] {processor.py:179} INFO - Processing /usr/local/lib/python3.10/dist-packages/airflow/example_dags/example_branch_day_of_week_operator.py took 0.075 seconds
[2023-10-29T01:08:14.429+0000] {processor.py:157} INFO - Started process (PID=4062) to work on /usr/local/lib/python3.10/dist-packages/airflow/example_dags/example_branch_day_of_week_operator.py
[2023-10-29T01:08:14.430+0000] {processor.py:829} INFO - Processing file /usr/local/lib/python3.10/dist-packages/airflow/example_dags/example_branch_day_of_week_operator.py for tasks to queue
[2023-10-29T01:08:14.431+0000] {logging_mixin.py:151} INFO - [2023-10-29T01:08:14.430+0000] {dagbag.py:536} INFO - Filling up the DagBag from /usr/local/lib/python3.10/dist-packages/airflow/example_dags/example_branch_day_of_week_operator.py
[2023-10-29T01:08:14.439+0000] {processor.py:839} INFO - DAG(s) dict_keys(['example_weekday_branch_operator']) retrieved from /usr/local/lib/python3.10/dist-packages/airflow/example_dags/example_branch_day_of_week_operator.py
[2023-10-29T01:08:14.457+0000] {logging_mixin.py:151} INFO - [2023-10-29T01:08:14.457+0000] {dag.py:2941} INFO - Sync 1 DAGs
[2023-10-29T01:08:14.478+0000] {logging_mixin.py:151} INFO - [2023-10-29T01:08:14.478+0000] {dag.py:3722} INFO - Setting next_dagrun for example_weekday_branch_operator to 2023-10-28T00:00:00+00:00, run_after=2023-10-29T00:00:00+00:00
[2023-10-29T01:08:14.501+0000] {processor.py:179} INFO - Processing /usr/local/lib/python3.10/dist-packages/airflow/example_dags/example_branch_day_of_week_operator.py took 0.075 seconds
[2023-10-29T01:09:01.440+0000] {processor.py:157} INFO - Started process (PID=4110) to work on /usr/local/lib/python3.10/dist-packages/airflow/example_dags/example_branch_day_of_week_operator.py
[2023-10-29T01:09:01.441+0000] {processor.py:829} INFO - Processing file /usr/local/lib/python3.10/dist-packages/airflow/example_dags/example_branch_day_of_week_operator.py for tasks to queue
[2023-10-29T01:09:01.442+0000] {logging_mixin.py:151} INFO - [2023-10-29T01:09:01.442+0000] {dagbag.py:536} INFO - Filling up the DagBag from /usr/local/lib/python3.10/dist-packages/airflow/example_dags/example_branch_day_of_week_operator.py
[2023-10-29T01:09:01.451+0000] {processor.py:839} INFO - DAG(s) dict_keys(['example_weekday_branch_operator']) retrieved from /usr/local/lib/python3.10/dist-packages/airflow/example_dags/example_branch_day_of_week_operator.py
[2023-10-29T01:09:01.469+0000] {logging_mixin.py:151} INFO - [2023-10-29T01:09:01.469+0000] {dag.py:2941} INFO - Sync 1 DAGs
[2023-10-29T01:09:01.493+0000] {logging_mixin.py:151} INFO - [2023-10-29T01:09:01.493+0000] {dag.py:3722} INFO - Setting next_dagrun for example_weekday_branch_operator to 2023-10-28T00:00:00+00:00, run_after=2023-10-29T00:00:00+00:00
[2023-10-29T01:09:01.516+0000] {processor.py:179} INFO - Processing /usr/local/lib/python3.10/dist-packages/airflow/example_dags/example_branch_day_of_week_operator.py took 0.079 seconds
[2023-10-29T01:09:49.313+0000] {processor.py:157} INFO - Started process (PID=4158) to work on /usr/local/lib/python3.10/dist-packages/airflow/example_dags/example_branch_day_of_week_operator.py
[2023-10-29T01:09:49.315+0000] {processor.py:829} INFO - Processing file /usr/local/lib/python3.10/dist-packages/airflow/example_dags/example_branch_day_of_week_operator.py for tasks to queue
[2023-10-29T01:09:49.315+0000] {logging_mixin.py:151} INFO - [2023-10-29T01:09:49.315+0000] {dagbag.py:536} INFO - Filling up the DagBag from /usr/local/lib/python3.10/dist-packages/airflow/example_dags/example_branch_day_of_week_operator.py
[2023-10-29T01:09:49.323+0000] {processor.py:839} INFO - DAG(s) dict_keys(['example_weekday_branch_operator']) retrieved from /usr/local/lib/python3.10/dist-packages/airflow/example_dags/example_branch_day_of_week_operator.py
[2023-10-29T01:09:49.341+0000] {logging_mixin.py:151} INFO - [2023-10-29T01:09:49.341+0000] {dag.py:2941} INFO - Sync 1 DAGs
[2023-10-29T01:09:49.362+0000] {logging_mixin.py:151} INFO - [2023-10-29T01:09:49.362+0000] {dag.py:3722} INFO - Setting next_dagrun for example_weekday_branch_operator to 2023-10-28T00:00:00+00:00, run_after=2023-10-29T00:00:00+00:00
[2023-10-29T01:09:49.383+0000] {processor.py:179} INFO - Processing /usr/local/lib/python3.10/dist-packages/airflow/example_dags/example_branch_day_of_week_operator.py took 0.073 seconds
[2023-10-29T01:10:37.834+0000] {processor.py:157} INFO - Started process (PID=4207) to work on /usr/local/lib/python3.10/dist-packages/airflow/example_dags/example_branch_day_of_week_operator.py
[2023-10-29T01:10:37.835+0000] {processor.py:829} INFO - Processing file /usr/local/lib/python3.10/dist-packages/airflow/example_dags/example_branch_day_of_week_operator.py for tasks to queue
[2023-10-29T01:10:37.836+0000] {logging_mixin.py:151} INFO - [2023-10-29T01:10:37.836+0000] {dagbag.py:536} INFO - Filling up the DagBag from /usr/local/lib/python3.10/dist-packages/airflow/example_dags/example_branch_day_of_week_operator.py
[2023-10-29T01:10:37.844+0000] {processor.py:839} INFO - DAG(s) dict_keys(['example_weekday_branch_operator']) retrieved from /usr/local/lib/python3.10/dist-packages/airflow/example_dags/example_branch_day_of_week_operator.py
[2023-10-29T01:10:37.862+0000] {logging_mixin.py:151} INFO - [2023-10-29T01:10:37.861+0000] {dag.py:2941} INFO - Sync 1 DAGs
[2023-10-29T01:10:37.883+0000] {logging_mixin.py:151} INFO - [2023-10-29T01:10:37.883+0000] {dag.py:3722} INFO - Setting next_dagrun for example_weekday_branch_operator to 2023-10-28T00:00:00+00:00, run_after=2023-10-29T00:00:00+00:00
[2023-10-29T01:10:37.905+0000] {processor.py:179} INFO - Processing /usr/local/lib/python3.10/dist-packages/airflow/example_dags/example_branch_day_of_week_operator.py took 0.074 seconds
[2023-10-29T01:11:23.315+0000] {processor.py:157} INFO - Started process (PID=4483) to work on /usr/local/lib/python3.10/dist-packages/airflow/example_dags/example_branch_day_of_week_operator.py
[2023-10-29T01:11:23.317+0000] {processor.py:829} INFO - Processing file /usr/local/lib/python3.10/dist-packages/airflow/example_dags/example_branch_day_of_week_operator.py for tasks to queue
[2023-10-29T01:11:23.318+0000] {logging_mixin.py:151} INFO - [2023-10-29T01:11:23.317+0000] {dagbag.py:536} INFO - Filling up the DagBag from /usr/local/lib/python3.10/dist-packages/airflow/example_dags/example_branch_day_of_week_operator.py
[2023-10-29T01:11:23.325+0000] {processor.py:839} INFO - DAG(s) dict_keys(['example_weekday_branch_operator']) retrieved from /usr/local/lib/python3.10/dist-packages/airflow/example_dags/example_branch_day_of_week_operator.py
[2023-10-29T01:11:23.343+0000] {logging_mixin.py:151} INFO - [2023-10-29T01:11:23.343+0000] {dag.py:2941} INFO - Sync 1 DAGs
[2023-10-29T01:11:23.364+0000] {logging_mixin.py:151} INFO - [2023-10-29T01:11:23.364+0000] {dag.py:3722} INFO - Setting next_dagrun for example_weekday_branch_operator to 2023-10-28T00:00:00+00:00, run_after=2023-10-29T00:00:00+00:00
[2023-10-29T01:11:23.386+0000] {processor.py:179} INFO - Processing /usr/local/lib/python3.10/dist-packages/airflow/example_dags/example_branch_day_of_week_operator.py took 0.073 seconds
[2023-10-29T01:12:10.733+0000] {processor.py:157} INFO - Started process (PID=4677) to work on /usr/local/lib/python3.10/dist-packages/airflow/example_dags/example_branch_day_of_week_operator.py
[2023-10-29T01:12:10.734+0000] {processor.py:829} INFO - Processing file /usr/local/lib/python3.10/dist-packages/airflow/example_dags/example_branch_day_of_week_operator.py for tasks to queue
[2023-10-29T01:12:10.735+0000] {logging_mixin.py:151} INFO - [2023-10-29T01:12:10.735+0000] {dagbag.py:536} INFO - Filling up the DagBag from /usr/local/lib/python3.10/dist-packages/airflow/example_dags/example_branch_day_of_week_operator.py
[2023-10-29T01:12:10.743+0000] {processor.py:839} INFO - DAG(s) dict_keys(['example_weekday_branch_operator']) retrieved from /usr/local/lib/python3.10/dist-packages/airflow/example_dags/example_branch_day_of_week_operator.py
[2023-10-29T01:12:10.761+0000] {logging_mixin.py:151} INFO - [2023-10-29T01:12:10.761+0000] {dag.py:2941} INFO - Sync 1 DAGs
[2023-10-29T01:12:10.783+0000] {logging_mixin.py:151} INFO - [2023-10-29T01:12:10.783+0000] {dag.py:3722} INFO - Setting next_dagrun for example_weekday_branch_operator to 2023-10-28T00:00:00+00:00, run_after=2023-10-29T00:00:00+00:00
[2023-10-29T01:12:10.805+0000] {processor.py:179} INFO - Processing /usr/local/lib/python3.10/dist-packages/airflow/example_dags/example_branch_day_of_week_operator.py took 0.075 seconds
[2023-10-29T01:13:04.876+0000] {processor.py:157} INFO - Started process (PID=4741) to work on /usr/local/lib/python3.10/dist-packages/airflow/example_dags/example_branch_day_of_week_operator.py
[2023-10-29T01:13:04.877+0000] {processor.py:829} INFO - Processing file /usr/local/lib/python3.10/dist-packages/airflow/example_dags/example_branch_day_of_week_operator.py for tasks to queue
[2023-10-29T01:13:04.878+0000] {logging_mixin.py:151} INFO - [2023-10-29T01:13:04.878+0000] {dagbag.py:536} INFO - Filling up the DagBag from /usr/local/lib/python3.10/dist-packages/airflow/example_dags/example_branch_day_of_week_operator.py
[2023-10-29T01:13:04.886+0000] {processor.py:839} INFO - DAG(s) dict_keys(['example_weekday_branch_operator']) retrieved from /usr/local/lib/python3.10/dist-packages/airflow/example_dags/example_branch_day_of_week_operator.py
[2023-10-29T01:13:04.904+0000] {logging_mixin.py:151} INFO - [2023-10-29T01:13:04.904+0000] {dag.py:2941} INFO - Sync 1 DAGs
[2023-10-29T01:13:04.926+0000] {logging_mixin.py:151} INFO - [2023-10-29T01:13:04.926+0000] {dag.py:3722} INFO - Setting next_dagrun for example_weekday_branch_operator to 2023-10-28T00:00:00+00:00, run_after=2023-10-29T00:00:00+00:00
[2023-10-29T01:13:04.947+0000] {processor.py:179} INFO - Processing /usr/local/lib/python3.10/dist-packages/airflow/example_dags/example_branch_day_of_week_operator.py took 0.075 seconds
[2023-10-29T01:13:59.602+0000] {processor.py:157} INFO - Started process (PID=4800) to work on /usr/local/lib/python3.10/dist-packages/airflow/example_dags/example_branch_day_of_week_operator.py
[2023-10-29T01:13:59.603+0000] {processor.py:829} INFO - Processing file /usr/local/lib/python3.10/dist-packages/airflow/example_dags/example_branch_day_of_week_operator.py for tasks to queue
[2023-10-29T01:13:59.604+0000] {logging_mixin.py:151} INFO - [2023-10-29T01:13:59.603+0000] {dagbag.py:536} INFO - Filling up the DagBag from /usr/local/lib/python3.10/dist-packages/airflow/example_dags/example_branch_day_of_week_operator.py
[2023-10-29T01:13:59.612+0000] {processor.py:839} INFO - DAG(s) dict_keys(['example_weekday_branch_operator']) retrieved from /usr/local/lib/python3.10/dist-packages/airflow/example_dags/example_branch_day_of_week_operator.py
[2023-10-29T01:13:59.630+0000] {logging_mixin.py:151} INFO - [2023-10-29T01:13:59.630+0000] {dag.py:2941} INFO - Sync 1 DAGs
[2023-10-29T01:13:59.652+0000] {logging_mixin.py:151} INFO - [2023-10-29T01:13:59.652+0000] {dag.py:3722} INFO - Setting next_dagrun for example_weekday_branch_operator to 2023-10-28T00:00:00+00:00, run_after=2023-10-29T00:00:00+00:00
[2023-10-29T01:13:59.673+0000] {processor.py:179} INFO - Processing /usr/local/lib/python3.10/dist-packages/airflow/example_dags/example_branch_day_of_week_operator.py took 0.075 seconds
[2023-10-29T01:14:44.306+0000] {processor.py:157} INFO - Started process (PID=4848) to work on /usr/local/lib/python3.10/dist-packages/airflow/example_dags/example_branch_day_of_week_operator.py
[2023-10-29T01:14:44.307+0000] {processor.py:829} INFO - Processing file /usr/local/lib/python3.10/dist-packages/airflow/example_dags/example_branch_day_of_week_operator.py for tasks to queue
[2023-10-29T01:14:44.308+0000] {logging_mixin.py:151} INFO - [2023-10-29T01:14:44.307+0000] {dagbag.py:536} INFO - Filling up the DagBag from /usr/local/lib/python3.10/dist-packages/airflow/example_dags/example_branch_day_of_week_operator.py
[2023-10-29T01:14:44.316+0000] {processor.py:839} INFO - DAG(s) dict_keys(['example_weekday_branch_operator']) retrieved from /usr/local/lib/python3.10/dist-packages/airflow/example_dags/example_branch_day_of_week_operator.py
[2023-10-29T01:14:44.334+0000] {logging_mixin.py:151} INFO - [2023-10-29T01:14:44.334+0000] {dag.py:2941} INFO - Sync 1 DAGs
[2023-10-29T01:14:44.356+0000] {logging_mixin.py:151} INFO - [2023-10-29T01:14:44.356+0000] {dag.py:3722} INFO - Setting next_dagrun for example_weekday_branch_operator to 2023-10-28T00:00:00+00:00, run_after=2023-10-29T00:00:00+00:00
[2023-10-29T01:14:44.378+0000] {processor.py:179} INFO - Processing /usr/local/lib/python3.10/dist-packages/airflow/example_dags/example_branch_day_of_week_operator.py took 0.075 seconds
[2023-10-29T01:15:42.433+0000] {processor.py:157} INFO - Started process (PID=4907) to work on /usr/local/lib/python3.10/dist-packages/airflow/example_dags/example_branch_day_of_week_operator.py
[2023-10-29T01:15:42.434+0000] {processor.py:829} INFO - Processing file /usr/local/lib/python3.10/dist-packages/airflow/example_dags/example_branch_day_of_week_operator.py for tasks to queue
[2023-10-29T01:15:42.435+0000] {logging_mixin.py:151} INFO - [2023-10-29T01:15:42.435+0000] {dagbag.py:536} INFO - Filling up the DagBag from /usr/local/lib/python3.10/dist-packages/airflow/example_dags/example_branch_day_of_week_operator.py
[2023-10-29T01:15:42.443+0000] {processor.py:839} INFO - DAG(s) dict_keys(['example_weekday_branch_operator']) retrieved from /usr/local/lib/python3.10/dist-packages/airflow/example_dags/example_branch_day_of_week_operator.py
[2023-10-29T01:15:42.461+0000] {logging_mixin.py:151} INFO - [2023-10-29T01:15:42.461+0000] {dag.py:2941} INFO - Sync 1 DAGs
[2023-10-29T01:15:42.483+0000] {logging_mixin.py:151} INFO - [2023-10-29T01:15:42.482+0000] {dag.py:3722} INFO - Setting next_dagrun for example_weekday_branch_operator to 2023-10-28T00:00:00+00:00, run_after=2023-10-29T00:00:00+00:00
[2023-10-29T01:15:42.504+0000] {processor.py:179} INFO - Processing /usr/local/lib/python3.10/dist-packages/airflow/example_dags/example_branch_day_of_week_operator.py took 0.075 seconds
[2023-10-29T01:16:27.391+0000] {processor.py:157} INFO - Started process (PID=4953) to work on /usr/local/lib/python3.10/dist-packages/airflow/example_dags/example_branch_day_of_week_operator.py
[2023-10-29T01:16:27.392+0000] {processor.py:829} INFO - Processing file /usr/local/lib/python3.10/dist-packages/airflow/example_dags/example_branch_day_of_week_operator.py for tasks to queue
[2023-10-29T01:16:27.393+0000] {logging_mixin.py:151} INFO - [2023-10-29T01:16:27.393+0000] {dagbag.py:536} INFO - Filling up the DagBag from /usr/local/lib/python3.10/dist-packages/airflow/example_dags/example_branch_day_of_week_operator.py
[2023-10-29T01:16:27.401+0000] {processor.py:839} INFO - DAG(s) dict_keys(['example_weekday_branch_operator']) retrieved from /usr/local/lib/python3.10/dist-packages/airflow/example_dags/example_branch_day_of_week_operator.py
[2023-10-29T01:16:27.419+0000] {logging_mixin.py:151} INFO - [2023-10-29T01:16:27.419+0000] {dag.py:2941} INFO - Sync 1 DAGs
[2023-10-29T01:16:27.440+0000] {logging_mixin.py:151} INFO - [2023-10-29T01:16:27.440+0000] {dag.py:3722} INFO - Setting next_dagrun for example_weekday_branch_operator to 2023-10-28T00:00:00+00:00, run_after=2023-10-29T00:00:00+00:00
[2023-10-29T01:16:27.461+0000] {processor.py:179} INFO - Processing /usr/local/lib/python3.10/dist-packages/airflow/example_dags/example_branch_day_of_week_operator.py took 0.073 seconds
[2023-10-29T01:17:15.101+0000] {processor.py:157} INFO - Started process (PID=5004) to work on /usr/local/lib/python3.10/dist-packages/airflow/example_dags/example_branch_day_of_week_operator.py
[2023-10-29T01:17:15.103+0000] {processor.py:829} INFO - Processing file /usr/local/lib/python3.10/dist-packages/airflow/example_dags/example_branch_day_of_week_operator.py for tasks to queue
[2023-10-29T01:17:15.103+0000] {logging_mixin.py:151} INFO - [2023-10-29T01:17:15.103+0000] {dagbag.py:536} INFO - Filling up the DagBag from /usr/local/lib/python3.10/dist-packages/airflow/example_dags/example_branch_day_of_week_operator.py
[2023-10-29T01:17:15.112+0000] {processor.py:839} INFO - DAG(s) dict_keys(['example_weekday_branch_operator']) retrieved from /usr/local/lib/python3.10/dist-packages/airflow/example_dags/example_branch_day_of_week_operator.py
[2023-10-29T01:17:15.130+0000] {logging_mixin.py:151} INFO - [2023-10-29T01:17:15.129+0000] {dag.py:2941} INFO - Sync 1 DAGs
[2023-10-29T01:17:15.151+0000] {logging_mixin.py:151} INFO - [2023-10-29T01:17:15.151+0000] {dag.py:3722} INFO - Setting next_dagrun for example_weekday_branch_operator to 2023-10-28T00:00:00+00:00, run_after=2023-10-29T00:00:00+00:00
[2023-10-29T01:17:15.173+0000] {processor.py:179} INFO - Processing /usr/local/lib/python3.10/dist-packages/airflow/example_dags/example_branch_day_of_week_operator.py took 0.075 seconds
[2023-10-29T01:17:59.970+0000] {processor.py:157} INFO - Started process (PID=5051) to work on /usr/local/lib/python3.10/dist-packages/airflow/example_dags/example_branch_day_of_week_operator.py
[2023-10-29T01:17:59.971+0000] {processor.py:829} INFO - Processing file /usr/local/lib/python3.10/dist-packages/airflow/example_dags/example_branch_day_of_week_operator.py for tasks to queue
[2023-10-29T01:17:59.972+0000] {logging_mixin.py:151} INFO - [2023-10-29T01:17:59.972+0000] {dagbag.py:536} INFO - Filling up the DagBag from /usr/local/lib/python3.10/dist-packages/airflow/example_dags/example_branch_day_of_week_operator.py
[2023-10-29T01:17:59.980+0000] {processor.py:839} INFO - DAG(s) dict_keys(['example_weekday_branch_operator']) retrieved from /usr/local/lib/python3.10/dist-packages/airflow/example_dags/example_branch_day_of_week_operator.py
[2023-10-29T01:17:59.998+0000] {logging_mixin.py:151} INFO - [2023-10-29T01:17:59.998+0000] {dag.py:2941} INFO - Sync 1 DAGs
[2023-10-29T01:18:00.021+0000] {logging_mixin.py:151} INFO - [2023-10-29T01:18:00.021+0000] {dag.py:3722} INFO - Setting next_dagrun for example_weekday_branch_operator to 2023-10-28T00:00:00+00:00, run_after=2023-10-29T00:00:00+00:00
[2023-10-29T01:18:00.046+0000] {processor.py:179} INFO - Processing /usr/local/lib/python3.10/dist-packages/airflow/example_dags/example_branch_day_of_week_operator.py took 0.079 seconds
[2023-10-29T01:18:46.800+0000] {processor.py:157} INFO - Started process (PID=5099) to work on /usr/local/lib/python3.10/dist-packages/airflow/example_dags/example_branch_day_of_week_operator.py
[2023-10-29T01:18:46.801+0000] {processor.py:829} INFO - Processing file /usr/local/lib/python3.10/dist-packages/airflow/example_dags/example_branch_day_of_week_operator.py for tasks to queue
[2023-10-29T01:18:46.802+0000] {logging_mixin.py:151} INFO - [2023-10-29T01:18:46.802+0000] {dagbag.py:536} INFO - Filling up the DagBag from /usr/local/lib/python3.10/dist-packages/airflow/example_dags/example_branch_day_of_week_operator.py
[2023-10-29T01:18:46.810+0000] {processor.py:839} INFO - DAG(s) dict_keys(['example_weekday_branch_operator']) retrieved from /usr/local/lib/python3.10/dist-packages/airflow/example_dags/example_branch_day_of_week_operator.py
[2023-10-29T01:18:46.828+0000] {logging_mixin.py:151} INFO - [2023-10-29T01:18:46.828+0000] {dag.py:2941} INFO - Sync 1 DAGs
[2023-10-29T01:18:46.850+0000] {logging_mixin.py:151} INFO - [2023-10-29T01:18:46.850+0000] {dag.py:3722} INFO - Setting next_dagrun for example_weekday_branch_operator to 2023-10-28T00:00:00+00:00, run_after=2023-10-29T00:00:00+00:00
[2023-10-29T01:18:46.871+0000] {processor.py:179} INFO - Processing /usr/local/lib/python3.10/dist-packages/airflow/example_dags/example_branch_day_of_week_operator.py took 0.074 seconds
[2023-10-29T01:19:34.767+0000] {processor.py:157} INFO - Started process (PID=5147) to work on /usr/local/lib/python3.10/dist-packages/airflow/example_dags/example_branch_day_of_week_operator.py
[2023-10-29T01:19:34.769+0000] {processor.py:829} INFO - Processing file /usr/local/lib/python3.10/dist-packages/airflow/example_dags/example_branch_day_of_week_operator.py for tasks to queue
[2023-10-29T01:19:34.770+0000] {logging_mixin.py:151} INFO - [2023-10-29T01:19:34.769+0000] {dagbag.py:536} INFO - Filling up the DagBag from /usr/local/lib/python3.10/dist-packages/airflow/example_dags/example_branch_day_of_week_operator.py
[2023-10-29T01:19:34.777+0000] {processor.py:839} INFO - DAG(s) dict_keys(['example_weekday_branch_operator']) retrieved from /usr/local/lib/python3.10/dist-packages/airflow/example_dags/example_branch_day_of_week_operator.py
[2023-10-29T01:19:34.796+0000] {logging_mixin.py:151} INFO - [2023-10-29T01:19:34.795+0000] {dag.py:2941} INFO - Sync 1 DAGs
[2023-10-29T01:19:34.818+0000] {logging_mixin.py:151} INFO - [2023-10-29T01:19:34.818+0000] {dag.py:3722} INFO - Setting next_dagrun for example_weekday_branch_operator to 2023-10-28T00:00:00+00:00, run_after=2023-10-29T00:00:00+00:00
[2023-10-29T01:19:34.840+0000] {processor.py:179} INFO - Processing /usr/local/lib/python3.10/dist-packages/airflow/example_dags/example_branch_day_of_week_operator.py took 0.076 seconds
[2023-10-29T01:20:22.085+0000] {processor.py:157} INFO - Started process (PID=5196) to work on /usr/local/lib/python3.10/dist-packages/airflow/example_dags/example_branch_day_of_week_operator.py
[2023-10-29T01:20:22.086+0000] {processor.py:829} INFO - Processing file /usr/local/lib/python3.10/dist-packages/airflow/example_dags/example_branch_day_of_week_operator.py for tasks to queue
[2023-10-29T01:20:22.087+0000] {logging_mixin.py:151} INFO - [2023-10-29T01:20:22.087+0000] {dagbag.py:536} INFO - Filling up the DagBag from /usr/local/lib/python3.10/dist-packages/airflow/example_dags/example_branch_day_of_week_operator.py
[2023-10-29T01:20:22.095+0000] {processor.py:839} INFO - DAG(s) dict_keys(['example_weekday_branch_operator']) retrieved from /usr/local/lib/python3.10/dist-packages/airflow/example_dags/example_branch_day_of_week_operator.py
[2023-10-29T01:20:22.113+0000] {logging_mixin.py:151} INFO - [2023-10-29T01:20:22.113+0000] {dag.py:2941} INFO - Sync 1 DAGs
[2023-10-29T01:20:22.135+0000] {logging_mixin.py:151} INFO - [2023-10-29T01:20:22.135+0000] {dag.py:3722} INFO - Setting next_dagrun for example_weekday_branch_operator to 2023-10-28T00:00:00+00:00, run_after=2023-10-29T00:00:00+00:00
[2023-10-29T01:20:22.156+0000] {processor.py:179} INFO - Processing /usr/local/lib/python3.10/dist-packages/airflow/example_dags/example_branch_day_of_week_operator.py took 0.074 seconds
[2023-10-29T01:21:07.081+0000] {processor.py:157} INFO - Started process (PID=5243) to work on /usr/local/lib/python3.10/dist-packages/airflow/example_dags/example_branch_day_of_week_operator.py
[2023-10-29T01:21:07.083+0000] {processor.py:829} INFO - Processing file /usr/local/lib/python3.10/dist-packages/airflow/example_dags/example_branch_day_of_week_operator.py for tasks to queue
[2023-10-29T01:21:07.083+0000] {logging_mixin.py:151} INFO - [2023-10-29T01:21:07.083+0000] {dagbag.py:536} INFO - Filling up the DagBag from /usr/local/lib/python3.10/dist-packages/airflow/example_dags/example_branch_day_of_week_operator.py
[2023-10-29T01:21:07.092+0000] {processor.py:839} INFO - DAG(s) dict_keys(['example_weekday_branch_operator']) retrieved from /usr/local/lib/python3.10/dist-packages/airflow/example_dags/example_branch_day_of_week_operator.py
[2023-10-29T01:21:07.110+0000] {logging_mixin.py:151} INFO - [2023-10-29T01:21:07.110+0000] {dag.py:2941} INFO - Sync 1 DAGs
[2023-10-29T01:21:07.132+0000] {logging_mixin.py:151} INFO - [2023-10-29T01:21:07.131+0000] {dag.py:3722} INFO - Setting next_dagrun for example_weekday_branch_operator to 2023-10-28T00:00:00+00:00, run_after=2023-10-29T00:00:00+00:00
[2023-10-29T01:21:07.153+0000] {processor.py:179} INFO - Processing /usr/local/lib/python3.10/dist-packages/airflow/example_dags/example_branch_day_of_week_operator.py took 0.074 seconds
[2023-10-29T01:21:54.640+0000] {processor.py:157} INFO - Started process (PID=5291) to work on /usr/local/lib/python3.10/dist-packages/airflow/example_dags/example_branch_day_of_week_operator.py
[2023-10-29T01:21:54.641+0000] {processor.py:829} INFO - Processing file /usr/local/lib/python3.10/dist-packages/airflow/example_dags/example_branch_day_of_week_operator.py for tasks to queue
[2023-10-29T01:21:54.642+0000] {logging_mixin.py:151} INFO - [2023-10-29T01:21:54.642+0000] {dagbag.py:536} INFO - Filling up the DagBag from /usr/local/lib/python3.10/dist-packages/airflow/example_dags/example_branch_day_of_week_operator.py
[2023-10-29T01:21:54.650+0000] {processor.py:839} INFO - DAG(s) dict_keys(['example_weekday_branch_operator']) retrieved from /usr/local/lib/python3.10/dist-packages/airflow/example_dags/example_branch_day_of_week_operator.py
[2023-10-29T01:21:54.668+0000] {logging_mixin.py:151} INFO - [2023-10-29T01:21:54.668+0000] {dag.py:2941} INFO - Sync 1 DAGs
[2023-10-29T01:21:54.690+0000] {logging_mixin.py:151} INFO - [2023-10-29T01:21:54.690+0000] {dag.py:3722} INFO - Setting next_dagrun for example_weekday_branch_operator to 2023-10-28T00:00:00+00:00, run_after=2023-10-29T00:00:00+00:00
[2023-10-29T01:21:54.711+0000] {processor.py:179} INFO - Processing /usr/local/lib/python3.10/dist-packages/airflow/example_dags/example_branch_day_of_week_operator.py took 0.075 seconds
[2023-10-29T01:22:44.042+0000] {processor.py:157} INFO - Started process (PID=5342) to work on /usr/local/lib/python3.10/dist-packages/airflow/example_dags/example_branch_day_of_week_operator.py
[2023-10-29T01:22:44.043+0000] {processor.py:829} INFO - Processing file /usr/local/lib/python3.10/dist-packages/airflow/example_dags/example_branch_day_of_week_operator.py for tasks to queue
[2023-10-29T01:22:44.044+0000] {logging_mixin.py:151} INFO - [2023-10-29T01:22:44.044+0000] {dagbag.py:536} INFO - Filling up the DagBag from /usr/local/lib/python3.10/dist-packages/airflow/example_dags/example_branch_day_of_week_operator.py
[2023-10-29T01:22:44.052+0000] {processor.py:839} INFO - DAG(s) dict_keys(['example_weekday_branch_operator']) retrieved from /usr/local/lib/python3.10/dist-packages/airflow/example_dags/example_branch_day_of_week_operator.py
[2023-10-29T01:22:44.071+0000] {logging_mixin.py:151} INFO - [2023-10-29T01:22:44.071+0000] {dag.py:2941} INFO - Sync 1 DAGs
[2023-10-29T01:22:44.093+0000] {logging_mixin.py:151} INFO - [2023-10-29T01:22:44.093+0000] {dag.py:3722} INFO - Setting next_dagrun for example_weekday_branch_operator to 2023-10-28T00:00:00+00:00, run_after=2023-10-29T00:00:00+00:00
[2023-10-29T01:22:44.115+0000] {processor.py:179} INFO - Processing /usr/local/lib/python3.10/dist-packages/airflow/example_dags/example_branch_day_of_week_operator.py took 0.076 seconds
[2023-10-29T01:23:31.463+0000] {processor.py:157} INFO - Started process (PID=5390) to work on /usr/local/lib/python3.10/dist-packages/airflow/example_dags/example_branch_day_of_week_operator.py
[2023-10-29T01:23:31.464+0000] {processor.py:829} INFO - Processing file /usr/local/lib/python3.10/dist-packages/airflow/example_dags/example_branch_day_of_week_operator.py for tasks to queue
[2023-10-29T01:23:31.465+0000] {logging_mixin.py:151} INFO - [2023-10-29T01:23:31.465+0000] {dagbag.py:536} INFO - Filling up the DagBag from /usr/local/lib/python3.10/dist-packages/airflow/example_dags/example_branch_day_of_week_operator.py
[2023-10-29T01:23:31.473+0000] {processor.py:839} INFO - DAG(s) dict_keys(['example_weekday_branch_operator']) retrieved from /usr/local/lib/python3.10/dist-packages/airflow/example_dags/example_branch_day_of_week_operator.py
[2023-10-29T01:23:31.491+0000] {logging_mixin.py:151} INFO - [2023-10-29T01:23:31.490+0000] {dag.py:2941} INFO - Sync 1 DAGs
[2023-10-29T01:23:31.512+0000] {logging_mixin.py:151} INFO - [2023-10-29T01:23:31.512+0000] {dag.py:3722} INFO - Setting next_dagrun for example_weekday_branch_operator to 2023-10-28T00:00:00+00:00, run_after=2023-10-29T00:00:00+00:00
[2023-10-29T01:23:31.533+0000] {processor.py:179} INFO - Processing /usr/local/lib/python3.10/dist-packages/airflow/example_dags/example_branch_day_of_week_operator.py took 0.074 seconds
[2023-10-29T01:24:22.944+0000] {processor.py:157} INFO - Started process (PID=5442) to work on /usr/local/lib/python3.10/dist-packages/airflow/example_dags/example_branch_day_of_week_operator.py
[2023-10-29T01:24:22.946+0000] {processor.py:829} INFO - Processing file /usr/local/lib/python3.10/dist-packages/airflow/example_dags/example_branch_day_of_week_operator.py for tasks to queue
[2023-10-29T01:24:22.946+0000] {logging_mixin.py:151} INFO - [2023-10-29T01:24:22.946+0000] {dagbag.py:536} INFO - Filling up the DagBag from /usr/local/lib/python3.10/dist-packages/airflow/example_dags/example_branch_day_of_week_operator.py
[2023-10-29T01:24:22.954+0000] {processor.py:839} INFO - DAG(s) dict_keys(['example_weekday_branch_operator']) retrieved from /usr/local/lib/python3.10/dist-packages/airflow/example_dags/example_branch_day_of_week_operator.py
[2023-10-29T01:24:22.973+0000] {logging_mixin.py:151} INFO - [2023-10-29T01:24:22.973+0000] {dag.py:2941} INFO - Sync 1 DAGs
[2023-10-29T01:24:22.994+0000] {logging_mixin.py:151} INFO - [2023-10-29T01:24:22.994+0000] {dag.py:3722} INFO - Setting next_dagrun for example_weekday_branch_operator to 2023-10-28T00:00:00+00:00, run_after=2023-10-29T00:00:00+00:00
[2023-10-29T01:24:23.017+0000] {processor.py:179} INFO - Processing /usr/local/lib/python3.10/dist-packages/airflow/example_dags/example_branch_day_of_week_operator.py took 0.076 seconds
[2023-10-29T01:25:10.921+0000] {processor.py:157} INFO - Started process (PID=5492) to work on /usr/local/lib/python3.10/dist-packages/airflow/example_dags/example_branch_day_of_week_operator.py
[2023-10-29T01:25:10.922+0000] {processor.py:829} INFO - Processing file /usr/local/lib/python3.10/dist-packages/airflow/example_dags/example_branch_day_of_week_operator.py for tasks to queue
[2023-10-29T01:25:10.923+0000] {logging_mixin.py:151} INFO - [2023-10-29T01:25:10.922+0000] {dagbag.py:536} INFO - Filling up the DagBag from /usr/local/lib/python3.10/dist-packages/airflow/example_dags/example_branch_day_of_week_operator.py
[2023-10-29T01:25:10.931+0000] {processor.py:839} INFO - DAG(s) dict_keys(['example_weekday_branch_operator']) retrieved from /usr/local/lib/python3.10/dist-packages/airflow/example_dags/example_branch_day_of_week_operator.py
[2023-10-29T01:25:10.949+0000] {logging_mixin.py:151} INFO - [2023-10-29T01:25:10.949+0000] {dag.py:2941} INFO - Sync 1 DAGs
[2023-10-29T01:25:10.972+0000] {logging_mixin.py:151} INFO - [2023-10-29T01:25:10.972+0000] {dag.py:3722} INFO - Setting next_dagrun for example_weekday_branch_operator to 2023-10-28T00:00:00+00:00, run_after=2023-10-29T00:00:00+00:00
[2023-10-29T01:25:10.995+0000] {processor.py:179} INFO - Processing /usr/local/lib/python3.10/dist-packages/airflow/example_dags/example_branch_day_of_week_operator.py took 0.077 seconds
