[2023-10-29T01:01:24.443+0000] {processor.py:157} INFO - Started process (PID=3636) to work on /usr/local/lib/python3.10/dist-packages/airflow/example_dags/example_dynamic_task_mapping.py
[2023-10-29T01:01:24.444+0000] {processor.py:829} INFO - Processing file /usr/local/lib/python3.10/dist-packages/airflow/example_dags/example_dynamic_task_mapping.py for tasks to queue
[2023-10-29T01:01:24.445+0000] {logging_mixin.py:151} INFO - [2023-10-29T01:01:24.445+0000] {dagbag.py:536} INFO - Filling up the DagBag from /usr/local/lib/python3.10/dist-packages/airflow/example_dags/example_dynamic_task_mapping.py
[2023-10-29T01:01:24.569+0000] {processor.py:839} INFO - DAG(s) dict_keys(['example_dynamic_task_mapping']) retrieved from /usr/local/lib/python3.10/dist-packages/airflow/example_dags/example_dynamic_task_mapping.py
[2023-10-29T01:01:24.669+0000] {logging_mixin.py:151} INFO - [2023-10-29T01:01:24.669+0000] {manager.py:499} INFO - Created Permission View: %s
[2023-10-29T01:01:24.683+0000] {logging_mixin.py:151} INFO - [2023-10-29T01:01:24.683+0000] {manager.py:499} INFO - Created Permission View: %s
[2023-10-29T01:01:24.692+0000] {logging_mixin.py:151} INFO - [2023-10-29T01:01:24.692+0000] {manager.py:499} INFO - Created Permission View: %s
[2023-10-29T01:01:24.693+0000] {logging_mixin.py:151} INFO - [2023-10-29T01:01:24.692+0000] {dag.py:2941} INFO - Sync 1 DAGs
[2023-10-29T01:01:24.702+0000] {logging_mixin.py:151} INFO - [2023-10-29T01:01:24.702+0000] {dag.py:2963} INFO - Creating ORM DAG for example_dynamic_task_mapping
[2023-10-29T01:01:24.711+0000] {logging_mixin.py:151} INFO - [2023-10-29T01:01:24.710+0000] {dag.py:3722} INFO - Setting next_dagrun for example_dynamic_task_mapping to 2022-03-04T00:00:00+00:00, run_after=2022-03-05T00:00:00+00:00
[2023-10-29T01:01:24.731+0000] {processor.py:179} INFO - Processing /usr/local/lib/python3.10/dist-packages/airflow/example_dags/example_dynamic_task_mapping.py took 0.291 seconds
[2023-10-29T01:02:13.624+0000] {processor.py:157} INFO - Started process (PID=3684) to work on /usr/local/lib/python3.10/dist-packages/airflow/example_dags/example_dynamic_task_mapping.py
[2023-10-29T01:02:13.625+0000] {processor.py:829} INFO - Processing file /usr/local/lib/python3.10/dist-packages/airflow/example_dags/example_dynamic_task_mapping.py for tasks to queue
[2023-10-29T01:02:13.626+0000] {logging_mixin.py:151} INFO - [2023-10-29T01:02:13.626+0000] {dagbag.py:536} INFO - Filling up the DagBag from /usr/local/lib/python3.10/dist-packages/airflow/example_dags/example_dynamic_task_mapping.py
[2023-10-29T01:02:13.634+0000] {processor.py:839} INFO - DAG(s) dict_keys(['example_dynamic_task_mapping']) retrieved from /usr/local/lib/python3.10/dist-packages/airflow/example_dags/example_dynamic_task_mapping.py
[2023-10-29T01:02:13.649+0000] {logging_mixin.py:151} INFO - [2023-10-29T01:02:13.649+0000] {dag.py:2941} INFO - Sync 1 DAGs
[2023-10-29T01:02:13.670+0000] {logging_mixin.py:151} INFO - [2023-10-29T01:02:13.670+0000] {dag.py:3722} INFO - Setting next_dagrun for example_dynamic_task_mapping to 2022-03-04T00:00:00+00:00, run_after=2022-03-05T00:00:00+00:00
[2023-10-29T01:02:13.691+0000] {processor.py:179} INFO - Processing /usr/local/lib/python3.10/dist-packages/airflow/example_dags/example_dynamic_task_mapping.py took 0.070 seconds
[2023-10-29T01:02:57.425+0000] {processor.py:157} INFO - Started process (PID=3731) to work on /usr/local/lib/python3.10/dist-packages/airflow/example_dags/example_dynamic_task_mapping.py
[2023-10-29T01:02:57.426+0000] {processor.py:829} INFO - Processing file /usr/local/lib/python3.10/dist-packages/airflow/example_dags/example_dynamic_task_mapping.py for tasks to queue
[2023-10-29T01:02:57.427+0000] {logging_mixin.py:151} INFO - [2023-10-29T01:02:57.427+0000] {dagbag.py:536} INFO - Filling up the DagBag from /usr/local/lib/python3.10/dist-packages/airflow/example_dags/example_dynamic_task_mapping.py
[2023-10-29T01:02:57.435+0000] {processor.py:839} INFO - DAG(s) dict_keys(['example_dynamic_task_mapping']) retrieved from /usr/local/lib/python3.10/dist-packages/airflow/example_dags/example_dynamic_task_mapping.py
[2023-10-29T01:02:57.450+0000] {logging_mixin.py:151} INFO - [2023-10-29T01:02:57.449+0000] {dag.py:2941} INFO - Sync 1 DAGs
[2023-10-29T01:02:57.469+0000] {logging_mixin.py:151} INFO - [2023-10-29T01:02:57.469+0000] {dag.py:3722} INFO - Setting next_dagrun for example_dynamic_task_mapping to 2022-03-04T00:00:00+00:00, run_after=2022-03-05T00:00:00+00:00
[2023-10-29T01:02:57.492+0000] {processor.py:179} INFO - Processing /usr/local/lib/python3.10/dist-packages/airflow/example_dags/example_dynamic_task_mapping.py took 0.070 seconds
[2023-10-29T01:03:42.646+0000] {processor.py:157} INFO - Started process (PID=3777) to work on /usr/local/lib/python3.10/dist-packages/airflow/example_dags/example_dynamic_task_mapping.py
[2023-10-29T01:03:42.647+0000] {processor.py:829} INFO - Processing file /usr/local/lib/python3.10/dist-packages/airflow/example_dags/example_dynamic_task_mapping.py for tasks to queue
[2023-10-29T01:03:42.648+0000] {logging_mixin.py:151} INFO - [2023-10-29T01:03:42.648+0000] {dagbag.py:536} INFO - Filling up the DagBag from /usr/local/lib/python3.10/dist-packages/airflow/example_dags/example_dynamic_task_mapping.py
[2023-10-29T01:03:42.656+0000] {processor.py:839} INFO - DAG(s) dict_keys(['example_dynamic_task_mapping']) retrieved from /usr/local/lib/python3.10/dist-packages/airflow/example_dags/example_dynamic_task_mapping.py
[2023-10-29T01:03:42.671+0000] {logging_mixin.py:151} INFO - [2023-10-29T01:03:42.671+0000] {dag.py:2941} INFO - Sync 1 DAGs
[2023-10-29T01:03:42.692+0000] {logging_mixin.py:151} INFO - [2023-10-29T01:03:42.691+0000] {dag.py:3722} INFO - Setting next_dagrun for example_dynamic_task_mapping to 2022-03-04T00:00:00+00:00, run_after=2022-03-05T00:00:00+00:00
[2023-10-29T01:03:42.712+0000] {processor.py:179} INFO - Processing /usr/local/lib/python3.10/dist-packages/airflow/example_dags/example_dynamic_task_mapping.py took 0.070 seconds
[2023-10-29T01:04:25.820+0000] {processor.py:157} INFO - Started process (PID=3823) to work on /usr/local/lib/python3.10/dist-packages/airflow/example_dags/example_dynamic_task_mapping.py
[2023-10-29T01:04:25.821+0000] {processor.py:829} INFO - Processing file /usr/local/lib/python3.10/dist-packages/airflow/example_dags/example_dynamic_task_mapping.py for tasks to queue
[2023-10-29T01:04:25.822+0000] {logging_mixin.py:151} INFO - [2023-10-29T01:04:25.822+0000] {dagbag.py:536} INFO - Filling up the DagBag from /usr/local/lib/python3.10/dist-packages/airflow/example_dags/example_dynamic_task_mapping.py
[2023-10-29T01:04:25.830+0000] {processor.py:839} INFO - DAG(s) dict_keys(['example_dynamic_task_mapping']) retrieved from /usr/local/lib/python3.10/dist-packages/airflow/example_dags/example_dynamic_task_mapping.py
[2023-10-29T01:04:25.846+0000] {logging_mixin.py:151} INFO - [2023-10-29T01:04:25.845+0000] {dag.py:2941} INFO - Sync 1 DAGs
[2023-10-29T01:04:25.866+0000] {logging_mixin.py:151} INFO - [2023-10-29T01:04:25.866+0000] {dag.py:3722} INFO - Setting next_dagrun for example_dynamic_task_mapping to 2022-03-04T00:00:00+00:00, run_after=2022-03-05T00:00:00+00:00
[2023-10-29T01:04:25.888+0000] {processor.py:179} INFO - Processing /usr/local/lib/python3.10/dist-packages/airflow/example_dags/example_dynamic_task_mapping.py took 0.071 seconds
[2023-10-29T01:05:07.462+0000] {processor.py:157} INFO - Started process (PID=3866) to work on /usr/local/lib/python3.10/dist-packages/airflow/example_dags/example_dynamic_task_mapping.py
[2023-10-29T01:05:07.464+0000] {processor.py:829} INFO - Processing file /usr/local/lib/python3.10/dist-packages/airflow/example_dags/example_dynamic_task_mapping.py for tasks to queue
[2023-10-29T01:05:07.465+0000] {logging_mixin.py:151} INFO - [2023-10-29T01:05:07.464+0000] {dagbag.py:536} INFO - Filling up the DagBag from /usr/local/lib/python3.10/dist-packages/airflow/example_dags/example_dynamic_task_mapping.py
[2023-10-29T01:05:07.472+0000] {processor.py:839} INFO - DAG(s) dict_keys(['example_dynamic_task_mapping']) retrieved from /usr/local/lib/python3.10/dist-packages/airflow/example_dags/example_dynamic_task_mapping.py
[2023-10-29T01:05:07.488+0000] {logging_mixin.py:151} INFO - [2023-10-29T01:05:07.488+0000] {dag.py:2941} INFO - Sync 1 DAGs
[2023-10-29T01:05:07.508+0000] {logging_mixin.py:151} INFO - [2023-10-29T01:05:07.508+0000] {dag.py:3722} INFO - Setting next_dagrun for example_dynamic_task_mapping to 2022-03-04T00:00:00+00:00, run_after=2022-03-05T00:00:00+00:00
[2023-10-29T01:05:07.530+0000] {processor.py:179} INFO - Processing /usr/local/lib/python3.10/dist-packages/airflow/example_dags/example_dynamic_task_mapping.py took 0.071 seconds
[2023-10-29T01:05:53.888+0000] {processor.py:157} INFO - Started process (PID=3916) to work on /usr/local/lib/python3.10/dist-packages/airflow/example_dags/example_dynamic_task_mapping.py
[2023-10-29T01:05:53.890+0000] {processor.py:829} INFO - Processing file /usr/local/lib/python3.10/dist-packages/airflow/example_dags/example_dynamic_task_mapping.py for tasks to queue
[2023-10-29T01:05:53.890+0000] {logging_mixin.py:151} INFO - [2023-10-29T01:05:53.890+0000] {dagbag.py:536} INFO - Filling up the DagBag from /usr/local/lib/python3.10/dist-packages/airflow/example_dags/example_dynamic_task_mapping.py
[2023-10-29T01:05:53.898+0000] {processor.py:839} INFO - DAG(s) dict_keys(['example_dynamic_task_mapping']) retrieved from /usr/local/lib/python3.10/dist-packages/airflow/example_dags/example_dynamic_task_mapping.py
[2023-10-29T01:05:53.914+0000] {logging_mixin.py:151} INFO - [2023-10-29T01:05:53.914+0000] {dag.py:2941} INFO - Sync 1 DAGs
[2023-10-29T01:05:53.934+0000] {logging_mixin.py:151} INFO - [2023-10-29T01:05:53.933+0000] {dag.py:3722} INFO - Setting next_dagrun for example_dynamic_task_mapping to 2022-03-04T00:00:00+00:00, run_after=2022-03-05T00:00:00+00:00
[2023-10-29T01:05:53.954+0000] {processor.py:179} INFO - Processing /usr/local/lib/python3.10/dist-packages/airflow/example_dags/example_dynamic_task_mapping.py took 0.069 seconds
[2023-10-29T01:06:41.949+0000] {processor.py:157} INFO - Started process (PID=3966) to work on /usr/local/lib/python3.10/dist-packages/airflow/example_dags/example_dynamic_task_mapping.py
[2023-10-29T01:06:41.950+0000] {processor.py:829} INFO - Processing file /usr/local/lib/python3.10/dist-packages/airflow/example_dags/example_dynamic_task_mapping.py for tasks to queue
[2023-10-29T01:06:41.951+0000] {logging_mixin.py:151} INFO - [2023-10-29T01:06:41.951+0000] {dagbag.py:536} INFO - Filling up the DagBag from /usr/local/lib/python3.10/dist-packages/airflow/example_dags/example_dynamic_task_mapping.py
[2023-10-29T01:06:41.959+0000] {processor.py:839} INFO - DAG(s) dict_keys(['example_dynamic_task_mapping']) retrieved from /usr/local/lib/python3.10/dist-packages/airflow/example_dags/example_dynamic_task_mapping.py
[2023-10-29T01:06:41.974+0000] {logging_mixin.py:151} INFO - [2023-10-29T01:06:41.974+0000] {dag.py:2941} INFO - Sync 1 DAGs
[2023-10-29T01:06:41.994+0000] {logging_mixin.py:151} INFO - [2023-10-29T01:06:41.994+0000] {dag.py:3722} INFO - Setting next_dagrun for example_dynamic_task_mapping to 2022-03-04T00:00:00+00:00, run_after=2022-03-05T00:00:00+00:00
[2023-10-29T01:06:42.016+0000] {processor.py:179} INFO - Processing /usr/local/lib/python3.10/dist-packages/airflow/example_dags/example_dynamic_task_mapping.py took 0.070 seconds
[2023-10-29T01:07:23.014+0000] {processor.py:157} INFO - Started process (PID=4011) to work on /usr/local/lib/python3.10/dist-packages/airflow/example_dags/example_dynamic_task_mapping.py
[2023-10-29T01:07:23.015+0000] {processor.py:829} INFO - Processing file /usr/local/lib/python3.10/dist-packages/airflow/example_dags/example_dynamic_task_mapping.py for tasks to queue
[2023-10-29T01:07:23.016+0000] {logging_mixin.py:151} INFO - [2023-10-29T01:07:23.016+0000] {dagbag.py:536} INFO - Filling up the DagBag from /usr/local/lib/python3.10/dist-packages/airflow/example_dags/example_dynamic_task_mapping.py
[2023-10-29T01:07:23.024+0000] {processor.py:839} INFO - DAG(s) dict_keys(['example_dynamic_task_mapping']) retrieved from /usr/local/lib/python3.10/dist-packages/airflow/example_dags/example_dynamic_task_mapping.py
[2023-10-29T01:07:23.039+0000] {logging_mixin.py:151} INFO - [2023-10-29T01:07:23.039+0000] {dag.py:2941} INFO - Sync 1 DAGs
[2023-10-29T01:07:23.058+0000] {logging_mixin.py:151} INFO - [2023-10-29T01:07:23.058+0000] {dag.py:3722} INFO - Setting next_dagrun for example_dynamic_task_mapping to 2022-03-04T00:00:00+00:00, run_after=2022-03-05T00:00:00+00:00
[2023-10-29T01:07:23.080+0000] {processor.py:179} INFO - Processing /usr/local/lib/python3.10/dist-packages/airflow/example_dags/example_dynamic_task_mapping.py took 0.069 seconds
[2023-10-29T01:08:11.996+0000] {processor.py:157} INFO - Started process (PID=4059) to work on /usr/local/lib/python3.10/dist-packages/airflow/example_dags/example_dynamic_task_mapping.py
[2023-10-29T01:08:11.997+0000] {processor.py:829} INFO - Processing file /usr/local/lib/python3.10/dist-packages/airflow/example_dags/example_dynamic_task_mapping.py for tasks to queue
[2023-10-29T01:08:11.998+0000] {logging_mixin.py:151} INFO - [2023-10-29T01:08:11.997+0000] {dagbag.py:536} INFO - Filling up the DagBag from /usr/local/lib/python3.10/dist-packages/airflow/example_dags/example_dynamic_task_mapping.py
[2023-10-29T01:08:12.006+0000] {processor.py:839} INFO - DAG(s) dict_keys(['example_dynamic_task_mapping']) retrieved from /usr/local/lib/python3.10/dist-packages/airflow/example_dags/example_dynamic_task_mapping.py
[2023-10-29T01:08:12.021+0000] {logging_mixin.py:151} INFO - [2023-10-29T01:08:12.021+0000] {dag.py:2941} INFO - Sync 1 DAGs
[2023-10-29T01:08:12.041+0000] {logging_mixin.py:151} INFO - [2023-10-29T01:08:12.041+0000] {dag.py:3722} INFO - Setting next_dagrun for example_dynamic_task_mapping to 2022-03-04T00:00:00+00:00, run_after=2022-03-05T00:00:00+00:00
[2023-10-29T01:08:12.062+0000] {processor.py:179} INFO - Processing /usr/local/lib/python3.10/dist-packages/airflow/example_dags/example_dynamic_task_mapping.py took 0.070 seconds
[2023-10-29T01:08:58.728+0000] {processor.py:157} INFO - Started process (PID=4107) to work on /usr/local/lib/python3.10/dist-packages/airflow/example_dags/example_dynamic_task_mapping.py
[2023-10-29T01:08:58.729+0000] {processor.py:829} INFO - Processing file /usr/local/lib/python3.10/dist-packages/airflow/example_dags/example_dynamic_task_mapping.py for tasks to queue
[2023-10-29T01:08:58.730+0000] {logging_mixin.py:151} INFO - [2023-10-29T01:08:58.730+0000] {dagbag.py:536} INFO - Filling up the DagBag from /usr/local/lib/python3.10/dist-packages/airflow/example_dags/example_dynamic_task_mapping.py
[2023-10-29T01:08:58.738+0000] {processor.py:839} INFO - DAG(s) dict_keys(['example_dynamic_task_mapping']) retrieved from /usr/local/lib/python3.10/dist-packages/airflow/example_dags/example_dynamic_task_mapping.py
[2023-10-29T01:08:58.753+0000] {logging_mixin.py:151} INFO - [2023-10-29T01:08:58.753+0000] {dag.py:2941} INFO - Sync 1 DAGs
[2023-10-29T01:08:58.773+0000] {logging_mixin.py:151} INFO - [2023-10-29T01:08:58.773+0000] {dag.py:3722} INFO - Setting next_dagrun for example_dynamic_task_mapping to 2022-03-04T00:00:00+00:00, run_after=2022-03-05T00:00:00+00:00
[2023-10-29T01:08:58.794+0000] {processor.py:179} INFO - Processing /usr/local/lib/python3.10/dist-packages/airflow/example_dags/example_dynamic_task_mapping.py took 0.070 seconds
[2023-10-29T01:09:46.446+0000] {processor.py:157} INFO - Started process (PID=4155) to work on /usr/local/lib/python3.10/dist-packages/airflow/example_dags/example_dynamic_task_mapping.py
[2023-10-29T01:09:46.447+0000] {processor.py:829} INFO - Processing file /usr/local/lib/python3.10/dist-packages/airflow/example_dags/example_dynamic_task_mapping.py for tasks to queue
[2023-10-29T01:09:46.448+0000] {logging_mixin.py:151} INFO - [2023-10-29T01:09:46.448+0000] {dagbag.py:536} INFO - Filling up the DagBag from /usr/local/lib/python3.10/dist-packages/airflow/example_dags/example_dynamic_task_mapping.py
[2023-10-29T01:09:46.456+0000] {processor.py:839} INFO - DAG(s) dict_keys(['example_dynamic_task_mapping']) retrieved from /usr/local/lib/python3.10/dist-packages/airflow/example_dags/example_dynamic_task_mapping.py
[2023-10-29T01:09:46.471+0000] {logging_mixin.py:151} INFO - [2023-10-29T01:09:46.471+0000] {dag.py:2941} INFO - Sync 1 DAGs
[2023-10-29T01:09:46.491+0000] {logging_mixin.py:151} INFO - [2023-10-29T01:09:46.491+0000] {dag.py:3722} INFO - Setting next_dagrun for example_dynamic_task_mapping to 2022-03-04T00:00:00+00:00, run_after=2022-03-05T00:00:00+00:00
[2023-10-29T01:09:46.523+0000] {processor.py:179} INFO - Processing /usr/local/lib/python3.10/dist-packages/airflow/example_dags/example_dynamic_task_mapping.py took 0.080 seconds
[2023-10-29T01:10:34.418+0000] {processor.py:157} INFO - Started process (PID=4204) to work on /usr/local/lib/python3.10/dist-packages/airflow/example_dags/example_dynamic_task_mapping.py
[2023-10-29T01:10:34.419+0000] {processor.py:829} INFO - Processing file /usr/local/lib/python3.10/dist-packages/airflow/example_dags/example_dynamic_task_mapping.py for tasks to queue
[2023-10-29T01:10:34.420+0000] {logging_mixin.py:151} INFO - [2023-10-29T01:10:34.420+0000] {dagbag.py:536} INFO - Filling up the DagBag from /usr/local/lib/python3.10/dist-packages/airflow/example_dags/example_dynamic_task_mapping.py
[2023-10-29T01:10:34.428+0000] {processor.py:839} INFO - DAG(s) dict_keys(['example_dynamic_task_mapping']) retrieved from /usr/local/lib/python3.10/dist-packages/airflow/example_dags/example_dynamic_task_mapping.py
[2023-10-29T01:10:34.444+0000] {logging_mixin.py:151} INFO - [2023-10-29T01:10:34.443+0000] {dag.py:2941} INFO - Sync 1 DAGs
[2023-10-29T01:10:34.464+0000] {logging_mixin.py:151} INFO - [2023-10-29T01:10:34.464+0000] {dag.py:3722} INFO - Setting next_dagrun for example_dynamic_task_mapping to 2022-03-04T00:00:00+00:00, run_after=2022-03-05T00:00:00+00:00
[2023-10-29T01:10:34.485+0000] {processor.py:179} INFO - Processing /usr/local/lib/python3.10/dist-packages/airflow/example_dags/example_dynamic_task_mapping.py took 0.070 seconds
[2023-10-29T01:11:20.875+0000] {processor.py:157} INFO - Started process (PID=4456) to work on /usr/local/lib/python3.10/dist-packages/airflow/example_dags/example_dynamic_task_mapping.py
[2023-10-29T01:11:20.879+0000] {processor.py:829} INFO - Processing file /usr/local/lib/python3.10/dist-packages/airflow/example_dags/example_dynamic_task_mapping.py for tasks to queue
[2023-10-29T01:11:20.880+0000] {logging_mixin.py:151} INFO - [2023-10-29T01:11:20.880+0000] {dagbag.py:536} INFO - Filling up the DagBag from /usr/local/lib/python3.10/dist-packages/airflow/example_dags/example_dynamic_task_mapping.py
[2023-10-29T01:11:20.890+0000] {processor.py:839} INFO - DAG(s) dict_keys(['example_dynamic_task_mapping']) retrieved from /usr/local/lib/python3.10/dist-packages/airflow/example_dags/example_dynamic_task_mapping.py
[2023-10-29T01:11:20.906+0000] {logging_mixin.py:151} INFO - [2023-10-29T01:11:20.906+0000] {dag.py:2941} INFO - Sync 1 DAGs
[2023-10-29T01:11:20.926+0000] {logging_mixin.py:151} INFO - [2023-10-29T01:11:20.925+0000] {dag.py:3722} INFO - Setting next_dagrun for example_dynamic_task_mapping to 2022-03-04T00:00:00+00:00, run_after=2022-03-05T00:00:00+00:00
[2023-10-29T01:11:20.946+0000] {processor.py:179} INFO - Processing /usr/local/lib/python3.10/dist-packages/airflow/example_dags/example_dynamic_task_mapping.py took 0.073 seconds
[2023-10-29T01:12:07.316+0000] {processor.py:157} INFO - Started process (PID=4674) to work on /usr/local/lib/python3.10/dist-packages/airflow/example_dags/example_dynamic_task_mapping.py
[2023-10-29T01:12:07.318+0000] {processor.py:829} INFO - Processing file /usr/local/lib/python3.10/dist-packages/airflow/example_dags/example_dynamic_task_mapping.py for tasks to queue
[2023-10-29T01:12:07.319+0000] {logging_mixin.py:151} INFO - [2023-10-29T01:12:07.318+0000] {dagbag.py:536} INFO - Filling up the DagBag from /usr/local/lib/python3.10/dist-packages/airflow/example_dags/example_dynamic_task_mapping.py
[2023-10-29T01:12:07.327+0000] {processor.py:839} INFO - DAG(s) dict_keys(['example_dynamic_task_mapping']) retrieved from /usr/local/lib/python3.10/dist-packages/airflow/example_dags/example_dynamic_task_mapping.py
[2023-10-29T01:12:07.342+0000] {logging_mixin.py:151} INFO - [2023-10-29T01:12:07.342+0000] {dag.py:2941} INFO - Sync 1 DAGs
[2023-10-29T01:12:07.363+0000] {logging_mixin.py:151} INFO - [2023-10-29T01:12:07.362+0000] {dag.py:3722} INFO - Setting next_dagrun for example_dynamic_task_mapping to 2022-03-04T00:00:00+00:00, run_after=2022-03-05T00:00:00+00:00
[2023-10-29T01:12:07.384+0000] {processor.py:179} INFO - Processing /usr/local/lib/python3.10/dist-packages/airflow/example_dags/example_dynamic_task_mapping.py took 0.070 seconds
[2023-10-29T01:12:50.982+0000] {processor.py:157} INFO - Started process (PID=4725) to work on /usr/local/lib/python3.10/dist-packages/airflow/example_dags/example_dynamic_task_mapping.py
[2023-10-29T01:12:50.983+0000] {processor.py:829} INFO - Processing file /usr/local/lib/python3.10/dist-packages/airflow/example_dags/example_dynamic_task_mapping.py for tasks to queue
[2023-10-29T01:12:50.984+0000] {logging_mixin.py:151} INFO - [2023-10-29T01:12:50.984+0000] {dagbag.py:536} INFO - Filling up the DagBag from /usr/local/lib/python3.10/dist-packages/airflow/example_dags/example_dynamic_task_mapping.py
[2023-10-29T01:12:50.992+0000] {processor.py:839} INFO - DAG(s) dict_keys(['example_dynamic_task_mapping']) retrieved from /usr/local/lib/python3.10/dist-packages/airflow/example_dags/example_dynamic_task_mapping.py
[2023-10-29T01:12:51.008+0000] {logging_mixin.py:151} INFO - [2023-10-29T01:12:51.007+0000] {dag.py:2941} INFO - Sync 1 DAGs
[2023-10-29T01:12:51.028+0000] {logging_mixin.py:151} INFO - [2023-10-29T01:12:51.027+0000] {dag.py:3722} INFO - Setting next_dagrun for example_dynamic_task_mapping to 2022-03-04T00:00:00+00:00, run_after=2022-03-05T00:00:00+00:00
[2023-10-29T01:12:51.049+0000] {processor.py:179} INFO - Processing /usr/local/lib/python3.10/dist-packages/airflow/example_dags/example_dynamic_task_mapping.py took 0.070 seconds
[2023-10-29T01:13:40.156+0000] {processor.py:157} INFO - Started process (PID=4780) to work on /usr/local/lib/python3.10/dist-packages/airflow/example_dags/example_dynamic_task_mapping.py
[2023-10-29T01:13:40.157+0000] {processor.py:829} INFO - Processing file /usr/local/lib/python3.10/dist-packages/airflow/example_dags/example_dynamic_task_mapping.py for tasks to queue
[2023-10-29T01:13:40.158+0000] {logging_mixin.py:151} INFO - [2023-10-29T01:13:40.157+0000] {dagbag.py:536} INFO - Filling up the DagBag from /usr/local/lib/python3.10/dist-packages/airflow/example_dags/example_dynamic_task_mapping.py
[2023-10-29T01:13:40.165+0000] {processor.py:839} INFO - DAG(s) dict_keys(['example_dynamic_task_mapping']) retrieved from /usr/local/lib/python3.10/dist-packages/airflow/example_dags/example_dynamic_task_mapping.py
[2023-10-29T01:13:40.181+0000] {logging_mixin.py:151} INFO - [2023-10-29T01:13:40.180+0000] {dag.py:2941} INFO - Sync 1 DAGs
[2023-10-29T01:13:40.200+0000] {logging_mixin.py:151} INFO - [2023-10-29T01:13:40.200+0000] {dag.py:3722} INFO - Setting next_dagrun for example_dynamic_task_mapping to 2022-03-04T00:00:00+00:00, run_after=2022-03-05T00:00:00+00:00
[2023-10-29T01:13:40.221+0000] {processor.py:179} INFO - Processing /usr/local/lib/python3.10/dist-packages/airflow/example_dags/example_dynamic_task_mapping.py took 0.068 seconds
[2023-10-29T01:14:25.758+0000] {processor.py:157} INFO - Started process (PID=4828) to work on /usr/local/lib/python3.10/dist-packages/airflow/example_dags/example_dynamic_task_mapping.py
[2023-10-29T01:14:25.759+0000] {processor.py:829} INFO - Processing file /usr/local/lib/python3.10/dist-packages/airflow/example_dags/example_dynamic_task_mapping.py for tasks to queue
[2023-10-29T01:14:25.760+0000] {logging_mixin.py:151} INFO - [2023-10-29T01:14:25.760+0000] {dagbag.py:536} INFO - Filling up the DagBag from /usr/local/lib/python3.10/dist-packages/airflow/example_dags/example_dynamic_task_mapping.py
[2023-10-29T01:14:25.768+0000] {processor.py:839} INFO - DAG(s) dict_keys(['example_dynamic_task_mapping']) retrieved from /usr/local/lib/python3.10/dist-packages/airflow/example_dags/example_dynamic_task_mapping.py
[2023-10-29T01:14:25.783+0000] {logging_mixin.py:151} INFO - [2023-10-29T01:14:25.783+0000] {dag.py:2941} INFO - Sync 1 DAGs
[2023-10-29T01:14:25.802+0000] {logging_mixin.py:151} INFO - [2023-10-29T01:14:25.802+0000] {dag.py:3722} INFO - Setting next_dagrun for example_dynamic_task_mapping to 2022-03-04T00:00:00+00:00, run_after=2022-03-05T00:00:00+00:00
[2023-10-29T01:14:25.823+0000] {processor.py:179} INFO - Processing /usr/local/lib/python3.10/dist-packages/airflow/example_dags/example_dynamic_task_mapping.py took 0.068 seconds
[2023-10-29T01:15:07.767+0000] {processor.py:157} INFO - Started process (PID=4873) to work on /usr/local/lib/python3.10/dist-packages/airflow/example_dags/example_dynamic_task_mapping.py
[2023-10-29T01:15:07.768+0000] {processor.py:829} INFO - Processing file /usr/local/lib/python3.10/dist-packages/airflow/example_dags/example_dynamic_task_mapping.py for tasks to queue
[2023-10-29T01:15:07.769+0000] {logging_mixin.py:151} INFO - [2023-10-29T01:15:07.769+0000] {dagbag.py:536} INFO - Filling up the DagBag from /usr/local/lib/python3.10/dist-packages/airflow/example_dags/example_dynamic_task_mapping.py
[2023-10-29T01:15:07.777+0000] {processor.py:839} INFO - DAG(s) dict_keys(['example_dynamic_task_mapping']) retrieved from /usr/local/lib/python3.10/dist-packages/airflow/example_dags/example_dynamic_task_mapping.py
[2023-10-29T01:15:07.793+0000] {logging_mixin.py:151} INFO - [2023-10-29T01:15:07.792+0000] {dag.py:2941} INFO - Sync 1 DAGs
[2023-10-29T01:15:07.812+0000] {logging_mixin.py:151} INFO - [2023-10-29T01:15:07.812+0000] {dag.py:3722} INFO - Setting next_dagrun for example_dynamic_task_mapping to 2022-03-04T00:00:00+00:00, run_after=2022-03-05T00:00:00+00:00
[2023-10-29T01:15:07.833+0000] {processor.py:179} INFO - Processing /usr/local/lib/python3.10/dist-packages/airflow/example_dags/example_dynamic_task_mapping.py took 0.069 seconds
[2023-10-29T01:15:53.286+0000] {processor.py:157} INFO - Started process (PID=4919) to work on /usr/local/lib/python3.10/dist-packages/airflow/example_dags/example_dynamic_task_mapping.py
[2023-10-29T01:15:53.287+0000] {processor.py:829} INFO - Processing file /usr/local/lib/python3.10/dist-packages/airflow/example_dags/example_dynamic_task_mapping.py for tasks to queue
[2023-10-29T01:15:53.288+0000] {logging_mixin.py:151} INFO - [2023-10-29T01:15:53.288+0000] {dagbag.py:536} INFO - Filling up the DagBag from /usr/local/lib/python3.10/dist-packages/airflow/example_dags/example_dynamic_task_mapping.py
[2023-10-29T01:15:53.296+0000] {processor.py:839} INFO - DAG(s) dict_keys(['example_dynamic_task_mapping']) retrieved from /usr/local/lib/python3.10/dist-packages/airflow/example_dags/example_dynamic_task_mapping.py
[2023-10-29T01:15:53.312+0000] {logging_mixin.py:151} INFO - [2023-10-29T01:15:53.312+0000] {dag.py:2941} INFO - Sync 1 DAGs
[2023-10-29T01:15:53.333+0000] {logging_mixin.py:151} INFO - [2023-10-29T01:15:53.332+0000] {dag.py:3722} INFO - Setting next_dagrun for example_dynamic_task_mapping to 2022-03-04T00:00:00+00:00, run_after=2022-03-05T00:00:00+00:00
[2023-10-29T01:15:53.354+0000] {processor.py:179} INFO - Processing /usr/local/lib/python3.10/dist-packages/airflow/example_dags/example_dynamic_task_mapping.py took 0.071 seconds
[2023-10-29T01:16:39.613+0000] {processor.py:157} INFO - Started process (PID=4966) to work on /usr/local/lib/python3.10/dist-packages/airflow/example_dags/example_dynamic_task_mapping.py
[2023-10-29T01:16:39.614+0000] {processor.py:829} INFO - Processing file /usr/local/lib/python3.10/dist-packages/airflow/example_dags/example_dynamic_task_mapping.py for tasks to queue
[2023-10-29T01:16:39.615+0000] {logging_mixin.py:151} INFO - [2023-10-29T01:16:39.615+0000] {dagbag.py:536} INFO - Filling up the DagBag from /usr/local/lib/python3.10/dist-packages/airflow/example_dags/example_dynamic_task_mapping.py
[2023-10-29T01:16:39.623+0000] {processor.py:839} INFO - DAG(s) dict_keys(['example_dynamic_task_mapping']) retrieved from /usr/local/lib/python3.10/dist-packages/airflow/example_dags/example_dynamic_task_mapping.py
[2023-10-29T01:16:39.639+0000] {logging_mixin.py:151} INFO - [2023-10-29T01:16:39.638+0000] {dag.py:2941} INFO - Sync 1 DAGs
[2023-10-29T01:16:39.659+0000] {logging_mixin.py:151} INFO - [2023-10-29T01:16:39.658+0000] {dag.py:3722} INFO - Setting next_dagrun for example_dynamic_task_mapping to 2022-03-04T00:00:00+00:00, run_after=2022-03-05T00:00:00+00:00
[2023-10-29T01:16:39.679+0000] {processor.py:179} INFO - Processing /usr/local/lib/python3.10/dist-packages/airflow/example_dags/example_dynamic_task_mapping.py took 0.069 seconds
[2023-10-29T01:17:25.917+0000] {processor.py:157} INFO - Started process (PID=5016) to work on /usr/local/lib/python3.10/dist-packages/airflow/example_dags/example_dynamic_task_mapping.py
[2023-10-29T01:17:25.919+0000] {processor.py:829} INFO - Processing file /usr/local/lib/python3.10/dist-packages/airflow/example_dags/example_dynamic_task_mapping.py for tasks to queue
[2023-10-29T01:17:25.919+0000] {logging_mixin.py:151} INFO - [2023-10-29T01:17:25.919+0000] {dagbag.py:536} INFO - Filling up the DagBag from /usr/local/lib/python3.10/dist-packages/airflow/example_dags/example_dynamic_task_mapping.py
[2023-10-29T01:17:25.927+0000] {processor.py:839} INFO - DAG(s) dict_keys(['example_dynamic_task_mapping']) retrieved from /usr/local/lib/python3.10/dist-packages/airflow/example_dags/example_dynamic_task_mapping.py
[2023-10-29T01:17:25.943+0000] {logging_mixin.py:151} INFO - [2023-10-29T01:17:25.942+0000] {dag.py:2941} INFO - Sync 1 DAGs
[2023-10-29T01:17:25.962+0000] {logging_mixin.py:151} INFO - [2023-10-29T01:17:25.962+0000] {dag.py:3722} INFO - Setting next_dagrun for example_dynamic_task_mapping to 2022-03-04T00:00:00+00:00, run_after=2022-03-05T00:00:00+00:00
[2023-10-29T01:17:25.983+0000] {processor.py:179} INFO - Processing /usr/local/lib/python3.10/dist-packages/airflow/example_dags/example_dynamic_task_mapping.py took 0.069 seconds
[2023-10-29T01:18:11.246+0000] {processor.py:157} INFO - Started process (PID=5063) to work on /usr/local/lib/python3.10/dist-packages/airflow/example_dags/example_dynamic_task_mapping.py
[2023-10-29T01:18:11.248+0000] {processor.py:829} INFO - Processing file /usr/local/lib/python3.10/dist-packages/airflow/example_dags/example_dynamic_task_mapping.py for tasks to queue
[2023-10-29T01:18:11.249+0000] {logging_mixin.py:151} INFO - [2023-10-29T01:18:11.248+0000] {dagbag.py:536} INFO - Filling up the DagBag from /usr/local/lib/python3.10/dist-packages/airflow/example_dags/example_dynamic_task_mapping.py
[2023-10-29T01:18:11.257+0000] {processor.py:839} INFO - DAG(s) dict_keys(['example_dynamic_task_mapping']) retrieved from /usr/local/lib/python3.10/dist-packages/airflow/example_dags/example_dynamic_task_mapping.py
[2023-10-29T01:18:11.272+0000] {logging_mixin.py:151} INFO - [2023-10-29T01:18:11.272+0000] {dag.py:2941} INFO - Sync 1 DAGs
[2023-10-29T01:18:11.292+0000] {logging_mixin.py:151} INFO - [2023-10-29T01:18:11.292+0000] {dag.py:3722} INFO - Setting next_dagrun for example_dynamic_task_mapping to 2022-03-04T00:00:00+00:00, run_after=2022-03-05T00:00:00+00:00
[2023-10-29T01:18:11.314+0000] {processor.py:179} INFO - Processing /usr/local/lib/python3.10/dist-packages/airflow/example_dags/example_dynamic_task_mapping.py took 0.071 seconds
[2023-10-29T01:18:57.500+0000] {processor.py:157} INFO - Started process (PID=5110) to work on /usr/local/lib/python3.10/dist-packages/airflow/example_dags/example_dynamic_task_mapping.py
[2023-10-29T01:18:57.501+0000] {processor.py:829} INFO - Processing file /usr/local/lib/python3.10/dist-packages/airflow/example_dags/example_dynamic_task_mapping.py for tasks to queue
[2023-10-29T01:18:57.502+0000] {logging_mixin.py:151} INFO - [2023-10-29T01:18:57.502+0000] {dagbag.py:536} INFO - Filling up the DagBag from /usr/local/lib/python3.10/dist-packages/airflow/example_dags/example_dynamic_task_mapping.py
[2023-10-29T01:18:57.510+0000] {processor.py:839} INFO - DAG(s) dict_keys(['example_dynamic_task_mapping']) retrieved from /usr/local/lib/python3.10/dist-packages/airflow/example_dags/example_dynamic_task_mapping.py
[2023-10-29T01:18:57.526+0000] {logging_mixin.py:151} INFO - [2023-10-29T01:18:57.525+0000] {dag.py:2941} INFO - Sync 1 DAGs
[2023-10-29T01:18:57.546+0000] {logging_mixin.py:151} INFO - [2023-10-29T01:18:57.546+0000] {dag.py:3722} INFO - Setting next_dagrun for example_dynamic_task_mapping to 2022-03-04T00:00:00+00:00, run_after=2022-03-05T00:00:00+00:00
[2023-10-29T01:18:57.570+0000] {processor.py:179} INFO - Processing /usr/local/lib/python3.10/dist-packages/airflow/example_dags/example_dynamic_task_mapping.py took 0.073 seconds
[2023-10-29T01:19:48.378+0000] {processor.py:157} INFO - Started process (PID=5160) to work on /usr/local/lib/python3.10/dist-packages/airflow/example_dags/example_dynamic_task_mapping.py
[2023-10-29T01:19:48.379+0000] {processor.py:829} INFO - Processing file /usr/local/lib/python3.10/dist-packages/airflow/example_dags/example_dynamic_task_mapping.py for tasks to queue
[2023-10-29T01:19:48.380+0000] {logging_mixin.py:151} INFO - [2023-10-29T01:19:48.380+0000] {dagbag.py:536} INFO - Filling up the DagBag from /usr/local/lib/python3.10/dist-packages/airflow/example_dags/example_dynamic_task_mapping.py
[2023-10-29T01:19:48.388+0000] {processor.py:839} INFO - DAG(s) dict_keys(['example_dynamic_task_mapping']) retrieved from /usr/local/lib/python3.10/dist-packages/airflow/example_dags/example_dynamic_task_mapping.py
[2023-10-29T01:19:48.403+0000] {logging_mixin.py:151} INFO - [2023-10-29T01:19:48.403+0000] {dag.py:2941} INFO - Sync 1 DAGs
[2023-10-29T01:19:48.423+0000] {logging_mixin.py:151} INFO - [2023-10-29T01:19:48.423+0000] {dag.py:3722} INFO - Setting next_dagrun for example_dynamic_task_mapping to 2022-03-04T00:00:00+00:00, run_after=2022-03-05T00:00:00+00:00
[2023-10-29T01:19:48.443+0000] {processor.py:179} INFO - Processing /usr/local/lib/python3.10/dist-packages/airflow/example_dags/example_dynamic_task_mapping.py took 0.069 seconds
[2023-10-29T01:20:33.374+0000] {processor.py:157} INFO - Started process (PID=5207) to work on /usr/local/lib/python3.10/dist-packages/airflow/example_dags/example_dynamic_task_mapping.py
[2023-10-29T01:20:33.375+0000] {processor.py:829} INFO - Processing file /usr/local/lib/python3.10/dist-packages/airflow/example_dags/example_dynamic_task_mapping.py for tasks to queue
[2023-10-29T01:20:33.376+0000] {logging_mixin.py:151} INFO - [2023-10-29T01:20:33.376+0000] {dagbag.py:536} INFO - Filling up the DagBag from /usr/local/lib/python3.10/dist-packages/airflow/example_dags/example_dynamic_task_mapping.py
[2023-10-29T01:20:33.384+0000] {processor.py:839} INFO - DAG(s) dict_keys(['example_dynamic_task_mapping']) retrieved from /usr/local/lib/python3.10/dist-packages/airflow/example_dags/example_dynamic_task_mapping.py
[2023-10-29T01:20:33.400+0000] {logging_mixin.py:151} INFO - [2023-10-29T01:20:33.400+0000] {dag.py:2941} INFO - Sync 1 DAGs
[2023-10-29T01:20:33.420+0000] {logging_mixin.py:151} INFO - [2023-10-29T01:20:33.420+0000] {dag.py:3722} INFO - Setting next_dagrun for example_dynamic_task_mapping to 2022-03-04T00:00:00+00:00, run_after=2022-03-05T00:00:00+00:00
[2023-10-29T01:20:33.441+0000] {processor.py:179} INFO - Processing /usr/local/lib/python3.10/dist-packages/airflow/example_dags/example_dynamic_task_mapping.py took 0.070 seconds
[2023-10-29T01:21:18.526+0000] {processor.py:157} INFO - Started process (PID=5254) to work on /usr/local/lib/python3.10/dist-packages/airflow/example_dags/example_dynamic_task_mapping.py
[2023-10-29T01:21:18.527+0000] {processor.py:829} INFO - Processing file /usr/local/lib/python3.10/dist-packages/airflow/example_dags/example_dynamic_task_mapping.py for tasks to queue
[2023-10-29T01:21:18.528+0000] {logging_mixin.py:151} INFO - [2023-10-29T01:21:18.527+0000] {dagbag.py:536} INFO - Filling up the DagBag from /usr/local/lib/python3.10/dist-packages/airflow/example_dags/example_dynamic_task_mapping.py
[2023-10-29T01:21:18.536+0000] {processor.py:839} INFO - DAG(s) dict_keys(['example_dynamic_task_mapping']) retrieved from /usr/local/lib/python3.10/dist-packages/airflow/example_dags/example_dynamic_task_mapping.py
[2023-10-29T01:21:18.551+0000] {logging_mixin.py:151} INFO - [2023-10-29T01:21:18.551+0000] {dag.py:2941} INFO - Sync 1 DAGs
[2023-10-29T01:21:18.571+0000] {logging_mixin.py:151} INFO - [2023-10-29T01:21:18.571+0000] {dag.py:3722} INFO - Setting next_dagrun for example_dynamic_task_mapping to 2022-03-04T00:00:00+00:00, run_after=2022-03-05T00:00:00+00:00
[2023-10-29T01:21:18.592+0000] {processor.py:179} INFO - Processing /usr/local/lib/python3.10/dist-packages/airflow/example_dags/example_dynamic_task_mapping.py took 0.070 seconds
[2023-10-29T01:22:06.709+0000] {processor.py:157} INFO - Started process (PID=5305) to work on /usr/local/lib/python3.10/dist-packages/airflow/example_dags/example_dynamic_task_mapping.py
[2023-10-29T01:22:06.710+0000] {processor.py:829} INFO - Processing file /usr/local/lib/python3.10/dist-packages/airflow/example_dags/example_dynamic_task_mapping.py for tasks to queue
[2023-10-29T01:22:06.711+0000] {logging_mixin.py:151} INFO - [2023-10-29T01:22:06.711+0000] {dagbag.py:536} INFO - Filling up the DagBag from /usr/local/lib/python3.10/dist-packages/airflow/example_dags/example_dynamic_task_mapping.py
[2023-10-29T01:22:06.719+0000] {processor.py:839} INFO - DAG(s) dict_keys(['example_dynamic_task_mapping']) retrieved from /usr/local/lib/python3.10/dist-packages/airflow/example_dags/example_dynamic_task_mapping.py
[2023-10-29T01:22:06.734+0000] {logging_mixin.py:151} INFO - [2023-10-29T01:22:06.734+0000] {dag.py:2941} INFO - Sync 1 DAGs
[2023-10-29T01:22:06.754+0000] {logging_mixin.py:151} INFO - [2023-10-29T01:22:06.754+0000] {dag.py:3722} INFO - Setting next_dagrun for example_dynamic_task_mapping to 2022-03-04T00:00:00+00:00, run_after=2022-03-05T00:00:00+00:00
[2023-10-29T01:22:06.774+0000] {processor.py:179} INFO - Processing /usr/local/lib/python3.10/dist-packages/airflow/example_dags/example_dynamic_task_mapping.py took 0.068 seconds
[2023-10-29T01:22:54.812+0000] {processor.py:157} INFO - Started process (PID=5354) to work on /usr/local/lib/python3.10/dist-packages/airflow/example_dags/example_dynamic_task_mapping.py
[2023-10-29T01:22:54.814+0000] {processor.py:829} INFO - Processing file /usr/local/lib/python3.10/dist-packages/airflow/example_dags/example_dynamic_task_mapping.py for tasks to queue
[2023-10-29T01:22:54.815+0000] {logging_mixin.py:151} INFO - [2023-10-29T01:22:54.814+0000] {dagbag.py:536} INFO - Filling up the DagBag from /usr/local/lib/python3.10/dist-packages/airflow/example_dags/example_dynamic_task_mapping.py
[2023-10-29T01:22:54.822+0000] {processor.py:839} INFO - DAG(s) dict_keys(['example_dynamic_task_mapping']) retrieved from /usr/local/lib/python3.10/dist-packages/airflow/example_dags/example_dynamic_task_mapping.py
[2023-10-29T01:22:54.838+0000] {logging_mixin.py:151} INFO - [2023-10-29T01:22:54.838+0000] {dag.py:2941} INFO - Sync 1 DAGs
[2023-10-29T01:22:54.858+0000] {logging_mixin.py:151} INFO - [2023-10-29T01:22:54.857+0000] {dag.py:3722} INFO - Setting next_dagrun for example_dynamic_task_mapping to 2022-03-04T00:00:00+00:00, run_after=2022-03-05T00:00:00+00:00
[2023-10-29T01:22:54.879+0000] {processor.py:179} INFO - Processing /usr/local/lib/python3.10/dist-packages/airflow/example_dags/example_dynamic_task_mapping.py took 0.069 seconds
[2023-10-29T01:23:43.672+0000] {processor.py:157} INFO - Started process (PID=5403) to work on /usr/local/lib/python3.10/dist-packages/airflow/example_dags/example_dynamic_task_mapping.py
[2023-10-29T01:23:43.675+0000] {processor.py:829} INFO - Processing file /usr/local/lib/python3.10/dist-packages/airflow/example_dags/example_dynamic_task_mapping.py for tasks to queue
[2023-10-29T01:23:43.676+0000] {logging_mixin.py:151} INFO - [2023-10-29T01:23:43.675+0000] {dagbag.py:536} INFO - Filling up the DagBag from /usr/local/lib/python3.10/dist-packages/airflow/example_dags/example_dynamic_task_mapping.py
[2023-10-29T01:23:43.684+0000] {processor.py:839} INFO - DAG(s) dict_keys(['example_dynamic_task_mapping']) retrieved from /usr/local/lib/python3.10/dist-packages/airflow/example_dags/example_dynamic_task_mapping.py
[2023-10-29T01:23:43.699+0000] {logging_mixin.py:151} INFO - [2023-10-29T01:23:43.699+0000] {dag.py:2941} INFO - Sync 1 DAGs
[2023-10-29T01:23:43.720+0000] {logging_mixin.py:151} INFO - [2023-10-29T01:23:43.719+0000] {dag.py:3722} INFO - Setting next_dagrun for example_dynamic_task_mapping to 2022-03-04T00:00:00+00:00, run_after=2022-03-05T00:00:00+00:00
[2023-10-29T01:23:43.742+0000] {processor.py:179} INFO - Processing /usr/local/lib/python3.10/dist-packages/airflow/example_dags/example_dynamic_task_mapping.py took 0.074 seconds
[2023-10-29T01:24:35.519+0000] {processor.py:157} INFO - Started process (PID=5455) to work on /usr/local/lib/python3.10/dist-packages/airflow/example_dags/example_dynamic_task_mapping.py
[2023-10-29T01:24:35.520+0000] {processor.py:829} INFO - Processing file /usr/local/lib/python3.10/dist-packages/airflow/example_dags/example_dynamic_task_mapping.py for tasks to queue
[2023-10-29T01:24:35.521+0000] {logging_mixin.py:151} INFO - [2023-10-29T01:24:35.520+0000] {dagbag.py:536} INFO - Filling up the DagBag from /usr/local/lib/python3.10/dist-packages/airflow/example_dags/example_dynamic_task_mapping.py
[2023-10-29T01:24:35.529+0000] {processor.py:839} INFO - DAG(s) dict_keys(['example_dynamic_task_mapping']) retrieved from /usr/local/lib/python3.10/dist-packages/airflow/example_dags/example_dynamic_task_mapping.py
[2023-10-29T01:24:35.545+0000] {logging_mixin.py:151} INFO - [2023-10-29T01:24:35.545+0000] {dag.py:2941} INFO - Sync 1 DAGs
[2023-10-29T01:24:35.565+0000] {logging_mixin.py:151} INFO - [2023-10-29T01:24:35.565+0000] {dag.py:3722} INFO - Setting next_dagrun for example_dynamic_task_mapping to 2022-03-04T00:00:00+00:00, run_after=2022-03-05T00:00:00+00:00
[2023-10-29T01:24:35.587+0000] {processor.py:179} INFO - Processing /usr/local/lib/python3.10/dist-packages/airflow/example_dags/example_dynamic_task_mapping.py took 0.072 seconds
[2023-10-29T01:25:23.494+0000] {processor.py:157} INFO - Started process (PID=5504) to work on /usr/local/lib/python3.10/dist-packages/airflow/example_dags/example_dynamic_task_mapping.py
[2023-10-29T01:25:23.495+0000] {processor.py:829} INFO - Processing file /usr/local/lib/python3.10/dist-packages/airflow/example_dags/example_dynamic_task_mapping.py for tasks to queue
[2023-10-29T01:25:23.496+0000] {logging_mixin.py:151} INFO - [2023-10-29T01:25:23.496+0000] {dagbag.py:536} INFO - Filling up the DagBag from /usr/local/lib/python3.10/dist-packages/airflow/example_dags/example_dynamic_task_mapping.py
[2023-10-29T01:25:23.504+0000] {processor.py:839} INFO - DAG(s) dict_keys(['example_dynamic_task_mapping']) retrieved from /usr/local/lib/python3.10/dist-packages/airflow/example_dags/example_dynamic_task_mapping.py
[2023-10-29T01:25:23.520+0000] {logging_mixin.py:151} INFO - [2023-10-29T01:25:23.520+0000] {dag.py:2941} INFO - Sync 1 DAGs
[2023-10-29T01:25:23.540+0000] {logging_mixin.py:151} INFO - [2023-10-29T01:25:23.540+0000] {dag.py:3722} INFO - Setting next_dagrun for example_dynamic_task_mapping to 2022-03-04T00:00:00+00:00, run_after=2022-03-05T00:00:00+00:00
[2023-10-29T01:25:23.562+0000] {processor.py:179} INFO - Processing /usr/local/lib/python3.10/dist-packages/airflow/example_dags/example_dynamic_task_mapping.py took 0.071 seconds
