[2023-10-29T01:01:36.129+0000] {processor.py:157} INFO - Started process (PID=3646) to work on /usr/local/lib/python3.10/dist-packages/airflow/example_dags/example_branch_operator_decorator.py
[2023-10-29T01:01:36.129+0000] {processor.py:829} INFO - Processing file /usr/local/lib/python3.10/dist-packages/airflow/example_dags/example_branch_operator_decorator.py for tasks to queue
[2023-10-29T01:01:36.130+0000] {logging_mixin.py:151} INFO - [2023-10-29T01:01:36.130+0000] {dagbag.py:536} INFO - Filling up the DagBag from /usr/local/lib/python3.10/dist-packages/airflow/example_dags/example_branch_operator_decorator.py
[2023-10-29T01:01:36.141+0000] {processor.py:839} INFO - DAG(s) dict_keys(['example_branch_python_operator_decorator']) retrieved from /usr/local/lib/python3.10/dist-packages/airflow/example_dags/example_branch_operator_decorator.py
[2023-10-29T01:01:36.248+0000] {logging_mixin.py:151} INFO - [2023-10-29T01:01:36.248+0000] {manager.py:499} INFO - Created Permission View: %s
[2023-10-29T01:01:36.260+0000] {logging_mixin.py:151} INFO - [2023-10-29T01:01:36.260+0000] {manager.py:499} INFO - Created Permission View: %s
[2023-10-29T01:01:36.268+0000] {logging_mixin.py:151} INFO - [2023-10-29T01:01:36.268+0000] {manager.py:499} INFO - Created Permission View: %s
[2023-10-29T01:01:36.269+0000] {logging_mixin.py:151} INFO - [2023-10-29T01:01:36.269+0000] {dag.py:2941} INFO - Sync 1 DAGs
[2023-10-29T01:01:36.280+0000] {logging_mixin.py:151} INFO - [2023-10-29T01:01:36.279+0000] {dag.py:2963} INFO - Creating ORM DAG for example_branch_python_operator_decorator
[2023-10-29T01:01:36.291+0000] {logging_mixin.py:151} INFO - [2023-10-29T01:01:36.291+0000] {dag.py:3722} INFO - Setting next_dagrun for example_branch_python_operator_decorator to 2023-10-28T00:00:00+00:00, run_after=2023-10-29T00:00:00+00:00
[2023-10-29T01:01:36.313+0000] {processor.py:179} INFO - Processing /usr/local/lib/python3.10/dist-packages/airflow/example_dags/example_branch_operator_decorator.py took 0.188 seconds
[2023-10-29T01:02:23.917+0000] {processor.py:157} INFO - Started process (PID=3694) to work on /usr/local/lib/python3.10/dist-packages/airflow/example_dags/example_branch_operator_decorator.py
[2023-10-29T01:02:23.919+0000] {processor.py:829} INFO - Processing file /usr/local/lib/python3.10/dist-packages/airflow/example_dags/example_branch_operator_decorator.py for tasks to queue
[2023-10-29T01:02:23.920+0000] {logging_mixin.py:151} INFO - [2023-10-29T01:02:23.919+0000] {dagbag.py:536} INFO - Filling up the DagBag from /usr/local/lib/python3.10/dist-packages/airflow/example_dags/example_branch_operator_decorator.py
[2023-10-29T01:02:23.930+0000] {processor.py:839} INFO - DAG(s) dict_keys(['example_branch_python_operator_decorator']) retrieved from /usr/local/lib/python3.10/dist-packages/airflow/example_dags/example_branch_operator_decorator.py
[2023-10-29T01:02:23.949+0000] {logging_mixin.py:151} INFO - [2023-10-29T01:02:23.949+0000] {dag.py:2941} INFO - Sync 1 DAGs
[2023-10-29T01:02:23.970+0000] {logging_mixin.py:151} INFO - [2023-10-29T01:02:23.970+0000] {dag.py:3722} INFO - Setting next_dagrun for example_branch_python_operator_decorator to 2023-10-28T00:00:00+00:00, run_after=2023-10-29T00:00:00+00:00
[2023-10-29T01:02:23.991+0000] {processor.py:179} INFO - Processing /usr/local/lib/python3.10/dist-packages/airflow/example_dags/example_branch_operator_decorator.py took 0.077 seconds
[2023-10-29T01:03:07.548+0000] {processor.py:157} INFO - Started process (PID=3741) to work on /usr/local/lib/python3.10/dist-packages/airflow/example_dags/example_branch_operator_decorator.py
[2023-10-29T01:03:07.549+0000] {processor.py:829} INFO - Processing file /usr/local/lib/python3.10/dist-packages/airflow/example_dags/example_branch_operator_decorator.py for tasks to queue
[2023-10-29T01:03:07.550+0000] {logging_mixin.py:151} INFO - [2023-10-29T01:03:07.550+0000] {dagbag.py:536} INFO - Filling up the DagBag from /usr/local/lib/python3.10/dist-packages/airflow/example_dags/example_branch_operator_decorator.py
[2023-10-29T01:03:07.561+0000] {processor.py:839} INFO - DAG(s) dict_keys(['example_branch_python_operator_decorator']) retrieved from /usr/local/lib/python3.10/dist-packages/airflow/example_dags/example_branch_operator_decorator.py
[2023-10-29T01:03:07.580+0000] {logging_mixin.py:151} INFO - [2023-10-29T01:03:07.580+0000] {dag.py:2941} INFO - Sync 1 DAGs
[2023-10-29T01:03:07.602+0000] {logging_mixin.py:151} INFO - [2023-10-29T01:03:07.602+0000] {dag.py:3722} INFO - Setting next_dagrun for example_branch_python_operator_decorator to 2023-10-28T00:00:00+00:00, run_after=2023-10-29T00:00:00+00:00
[2023-10-29T01:03:07.624+0000] {processor.py:179} INFO - Processing /usr/local/lib/python3.10/dist-packages/airflow/example_dags/example_branch_operator_decorator.py took 0.079 seconds
[2023-10-29T01:03:57.109+0000] {processor.py:157} INFO - Started process (PID=3794) to work on /usr/local/lib/python3.10/dist-packages/airflow/example_dags/example_branch_operator_decorator.py
[2023-10-29T01:03:57.110+0000] {processor.py:829} INFO - Processing file /usr/local/lib/python3.10/dist-packages/airflow/example_dags/example_branch_operator_decorator.py for tasks to queue
[2023-10-29T01:03:57.111+0000] {logging_mixin.py:151} INFO - [2023-10-29T01:03:57.111+0000] {dagbag.py:536} INFO - Filling up the DagBag from /usr/local/lib/python3.10/dist-packages/airflow/example_dags/example_branch_operator_decorator.py
[2023-10-29T01:03:57.123+0000] {processor.py:839} INFO - DAG(s) dict_keys(['example_branch_python_operator_decorator']) retrieved from /usr/local/lib/python3.10/dist-packages/airflow/example_dags/example_branch_operator_decorator.py
[2023-10-29T01:03:57.143+0000] {logging_mixin.py:151} INFO - [2023-10-29T01:03:57.143+0000] {dag.py:2941} INFO - Sync 1 DAGs
[2023-10-29T01:03:57.166+0000] {logging_mixin.py:151} INFO - [2023-10-29T01:03:57.165+0000] {dag.py:3722} INFO - Setting next_dagrun for example_branch_python_operator_decorator to 2023-10-28T00:00:00+00:00, run_after=2023-10-29T00:00:00+00:00
[2023-10-29T01:03:57.189+0000] {processor.py:179} INFO - Processing /usr/local/lib/python3.10/dist-packages/airflow/example_dags/example_branch_operator_decorator.py took 0.083 seconds
[2023-10-29T01:04:40.964+0000] {processor.py:157} INFO - Started process (PID=3840) to work on /usr/local/lib/python3.10/dist-packages/airflow/example_dags/example_branch_operator_decorator.py
[2023-10-29T01:04:40.965+0000] {processor.py:829} INFO - Processing file /usr/local/lib/python3.10/dist-packages/airflow/example_dags/example_branch_operator_decorator.py for tasks to queue
[2023-10-29T01:04:40.966+0000] {logging_mixin.py:151} INFO - [2023-10-29T01:04:40.965+0000] {dagbag.py:536} INFO - Filling up the DagBag from /usr/local/lib/python3.10/dist-packages/airflow/example_dags/example_branch_operator_decorator.py
[2023-10-29T01:04:40.977+0000] {processor.py:839} INFO - DAG(s) dict_keys(['example_branch_python_operator_decorator']) retrieved from /usr/local/lib/python3.10/dist-packages/airflow/example_dags/example_branch_operator_decorator.py
[2023-10-29T01:04:40.996+0000] {logging_mixin.py:151} INFO - [2023-10-29T01:04:40.996+0000] {dag.py:2941} INFO - Sync 1 DAGs
[2023-10-29T01:04:41.018+0000] {logging_mixin.py:151} INFO - [2023-10-29T01:04:41.017+0000] {dag.py:3722} INFO - Setting next_dagrun for example_branch_python_operator_decorator to 2023-10-28T00:00:00+00:00, run_after=2023-10-29T00:00:00+00:00
[2023-10-29T01:04:41.041+0000] {processor.py:179} INFO - Processing /usr/local/lib/python3.10/dist-packages/airflow/example_dags/example_branch_operator_decorator.py took 0.080 seconds
[2023-10-29T01:05:27.564+0000] {processor.py:157} INFO - Started process (PID=3888) to work on /usr/local/lib/python3.10/dist-packages/airflow/example_dags/example_branch_operator_decorator.py
[2023-10-29T01:05:27.565+0000] {processor.py:829} INFO - Processing file /usr/local/lib/python3.10/dist-packages/airflow/example_dags/example_branch_operator_decorator.py for tasks to queue
[2023-10-29T01:05:27.566+0000] {logging_mixin.py:151} INFO - [2023-10-29T01:05:27.566+0000] {dagbag.py:536} INFO - Filling up the DagBag from /usr/local/lib/python3.10/dist-packages/airflow/example_dags/example_branch_operator_decorator.py
[2023-10-29T01:05:27.577+0000] {processor.py:839} INFO - DAG(s) dict_keys(['example_branch_python_operator_decorator']) retrieved from /usr/local/lib/python3.10/dist-packages/airflow/example_dags/example_branch_operator_decorator.py
[2023-10-29T01:05:27.596+0000] {logging_mixin.py:151} INFO - [2023-10-29T01:05:27.596+0000] {dag.py:2941} INFO - Sync 1 DAGs
[2023-10-29T01:05:27.617+0000] {logging_mixin.py:151} INFO - [2023-10-29T01:05:27.617+0000] {dag.py:3722} INFO - Setting next_dagrun for example_branch_python_operator_decorator to 2023-10-28T00:00:00+00:00, run_after=2023-10-29T00:00:00+00:00
[2023-10-29T01:05:27.638+0000] {processor.py:179} INFO - Processing /usr/local/lib/python3.10/dist-packages/airflow/example_dags/example_branch_operator_decorator.py took 0.077 seconds
[2023-10-29T01:06:11.850+0000] {processor.py:157} INFO - Started process (PID=3935) to work on /usr/local/lib/python3.10/dist-packages/airflow/example_dags/example_branch_operator_decorator.py
[2023-10-29T01:06:11.851+0000] {processor.py:829} INFO - Processing file /usr/local/lib/python3.10/dist-packages/airflow/example_dags/example_branch_operator_decorator.py for tasks to queue
[2023-10-29T01:06:11.852+0000] {logging_mixin.py:151} INFO - [2023-10-29T01:06:11.852+0000] {dagbag.py:536} INFO - Filling up the DagBag from /usr/local/lib/python3.10/dist-packages/airflow/example_dags/example_branch_operator_decorator.py
[2023-10-29T01:06:11.863+0000] {processor.py:839} INFO - DAG(s) dict_keys(['example_branch_python_operator_decorator']) retrieved from /usr/local/lib/python3.10/dist-packages/airflow/example_dags/example_branch_operator_decorator.py
[2023-10-29T01:06:11.882+0000] {logging_mixin.py:151} INFO - [2023-10-29T01:06:11.882+0000] {dag.py:2941} INFO - Sync 1 DAGs
[2023-10-29T01:06:11.903+0000] {logging_mixin.py:151} INFO - [2023-10-29T01:06:11.903+0000] {dag.py:3722} INFO - Setting next_dagrun for example_branch_python_operator_decorator to 2023-10-28T00:00:00+00:00, run_after=2023-10-29T00:00:00+00:00
[2023-10-29T01:06:11.925+0000] {processor.py:179} INFO - Processing /usr/local/lib/python3.10/dist-packages/airflow/example_dags/example_branch_operator_decorator.py took 0.078 seconds
[2023-10-29T01:06:58.432+0000] {processor.py:157} INFO - Started process (PID=3985) to work on /usr/local/lib/python3.10/dist-packages/airflow/example_dags/example_branch_operator_decorator.py
[2023-10-29T01:06:58.433+0000] {processor.py:829} INFO - Processing file /usr/local/lib/python3.10/dist-packages/airflow/example_dags/example_branch_operator_decorator.py for tasks to queue
[2023-10-29T01:06:58.434+0000] {logging_mixin.py:151} INFO - [2023-10-29T01:06:58.434+0000] {dagbag.py:536} INFO - Filling up the DagBag from /usr/local/lib/python3.10/dist-packages/airflow/example_dags/example_branch_operator_decorator.py
[2023-10-29T01:06:58.445+0000] {processor.py:839} INFO - DAG(s) dict_keys(['example_branch_python_operator_decorator']) retrieved from /usr/local/lib/python3.10/dist-packages/airflow/example_dags/example_branch_operator_decorator.py
[2023-10-29T01:06:58.464+0000] {logging_mixin.py:151} INFO - [2023-10-29T01:06:58.464+0000] {dag.py:2941} INFO - Sync 1 DAGs
[2023-10-29T01:06:58.486+0000] {logging_mixin.py:151} INFO - [2023-10-29T01:06:58.485+0000] {dag.py:3722} INFO - Setting next_dagrun for example_branch_python_operator_decorator to 2023-10-28T00:00:00+00:00, run_after=2023-10-29T00:00:00+00:00
[2023-10-29T01:06:58.509+0000] {processor.py:179} INFO - Processing /usr/local/lib/python3.10/dist-packages/airflow/example_dags/example_branch_operator_decorator.py took 0.080 seconds
[2023-10-29T01:07:52.854+0000] {processor.py:157} INFO - Started process (PID=4040) to work on /usr/local/lib/python3.10/dist-packages/airflow/example_dags/example_branch_operator_decorator.py
[2023-10-29T01:07:52.855+0000] {processor.py:829} INFO - Processing file /usr/local/lib/python3.10/dist-packages/airflow/example_dags/example_branch_operator_decorator.py for tasks to queue
[2023-10-29T01:07:52.856+0000] {logging_mixin.py:151} INFO - [2023-10-29T01:07:52.855+0000] {dagbag.py:536} INFO - Filling up the DagBag from /usr/local/lib/python3.10/dist-packages/airflow/example_dags/example_branch_operator_decorator.py
[2023-10-29T01:07:52.867+0000] {processor.py:839} INFO - DAG(s) dict_keys(['example_branch_python_operator_decorator']) retrieved from /usr/local/lib/python3.10/dist-packages/airflow/example_dags/example_branch_operator_decorator.py
[2023-10-29T01:07:52.886+0000] {logging_mixin.py:151} INFO - [2023-10-29T01:07:52.886+0000] {dag.py:2941} INFO - Sync 1 DAGs
[2023-10-29T01:07:52.908+0000] {logging_mixin.py:151} INFO - [2023-10-29T01:07:52.907+0000] {dag.py:3722} INFO - Setting next_dagrun for example_branch_python_operator_decorator to 2023-10-28T00:00:00+00:00, run_after=2023-10-29T00:00:00+00:00
[2023-10-29T01:07:52.930+0000] {processor.py:179} INFO - Processing /usr/local/lib/python3.10/dist-packages/airflow/example_dags/example_branch_operator_decorator.py took 0.079 seconds
[2023-10-29T01:08:41.159+0000] {processor.py:157} INFO - Started process (PID=4089) to work on /usr/local/lib/python3.10/dist-packages/airflow/example_dags/example_branch_operator_decorator.py
[2023-10-29T01:08:41.160+0000] {processor.py:829} INFO - Processing file /usr/local/lib/python3.10/dist-packages/airflow/example_dags/example_branch_operator_decorator.py for tasks to queue
[2023-10-29T01:08:41.161+0000] {logging_mixin.py:151} INFO - [2023-10-29T01:08:41.160+0000] {dagbag.py:536} INFO - Filling up the DagBag from /usr/local/lib/python3.10/dist-packages/airflow/example_dags/example_branch_operator_decorator.py
[2023-10-29T01:08:41.172+0000] {processor.py:839} INFO - DAG(s) dict_keys(['example_branch_python_operator_decorator']) retrieved from /usr/local/lib/python3.10/dist-packages/airflow/example_dags/example_branch_operator_decorator.py
[2023-10-29T01:08:41.191+0000] {logging_mixin.py:151} INFO - [2023-10-29T01:08:41.190+0000] {dag.py:2941} INFO - Sync 1 DAGs
[2023-10-29T01:08:41.212+0000] {logging_mixin.py:151} INFO - [2023-10-29T01:08:41.212+0000] {dag.py:3722} INFO - Setting next_dagrun for example_branch_python_operator_decorator to 2023-10-28T00:00:00+00:00, run_after=2023-10-29T00:00:00+00:00
[2023-10-29T01:08:41.232+0000] {processor.py:179} INFO - Processing /usr/local/lib/python3.10/dist-packages/airflow/example_dags/example_branch_operator_decorator.py took 0.077 seconds
[2023-10-29T01:09:28.787+0000] {processor.py:157} INFO - Started process (PID=4137) to work on /usr/local/lib/python3.10/dist-packages/airflow/example_dags/example_branch_operator_decorator.py
[2023-10-29T01:09:28.788+0000] {processor.py:829} INFO - Processing file /usr/local/lib/python3.10/dist-packages/airflow/example_dags/example_branch_operator_decorator.py for tasks to queue
[2023-10-29T01:09:28.789+0000] {logging_mixin.py:151} INFO - [2023-10-29T01:09:28.789+0000] {dagbag.py:536} INFO - Filling up the DagBag from /usr/local/lib/python3.10/dist-packages/airflow/example_dags/example_branch_operator_decorator.py
[2023-10-29T01:09:28.800+0000] {processor.py:839} INFO - DAG(s) dict_keys(['example_branch_python_operator_decorator']) retrieved from /usr/local/lib/python3.10/dist-packages/airflow/example_dags/example_branch_operator_decorator.py
[2023-10-29T01:09:28.819+0000] {logging_mixin.py:151} INFO - [2023-10-29T01:09:28.819+0000] {dag.py:2941} INFO - Sync 1 DAGs
[2023-10-29T01:09:28.841+0000] {logging_mixin.py:151} INFO - [2023-10-29T01:09:28.841+0000] {dag.py:3722} INFO - Setting next_dagrun for example_branch_python_operator_decorator to 2023-10-28T00:00:00+00:00, run_after=2023-10-29T00:00:00+00:00
[2023-10-29T01:09:28.862+0000] {processor.py:179} INFO - Processing /usr/local/lib/python3.10/dist-packages/airflow/example_dags/example_branch_operator_decorator.py took 0.078 seconds
[2023-10-29T01:10:15.594+0000] {processor.py:157} INFO - Started process (PID=4185) to work on /usr/local/lib/python3.10/dist-packages/airflow/example_dags/example_branch_operator_decorator.py
[2023-10-29T01:10:15.595+0000] {processor.py:829} INFO - Processing file /usr/local/lib/python3.10/dist-packages/airflow/example_dags/example_branch_operator_decorator.py for tasks to queue
[2023-10-29T01:10:15.596+0000] {logging_mixin.py:151} INFO - [2023-10-29T01:10:15.596+0000] {dagbag.py:536} INFO - Filling up the DagBag from /usr/local/lib/python3.10/dist-packages/airflow/example_dags/example_branch_operator_decorator.py
[2023-10-29T01:10:15.607+0000] {processor.py:839} INFO - DAG(s) dict_keys(['example_branch_python_operator_decorator']) retrieved from /usr/local/lib/python3.10/dist-packages/airflow/example_dags/example_branch_operator_decorator.py
[2023-10-29T01:10:15.626+0000] {logging_mixin.py:151} INFO - [2023-10-29T01:10:15.626+0000] {dag.py:2941} INFO - Sync 1 DAGs
[2023-10-29T01:10:15.648+0000] {logging_mixin.py:151} INFO - [2023-10-29T01:10:15.647+0000] {dag.py:3722} INFO - Setting next_dagrun for example_branch_python_operator_decorator to 2023-10-28T00:00:00+00:00, run_after=2023-10-29T00:00:00+00:00
[2023-10-29T01:10:15.670+0000] {processor.py:179} INFO - Processing /usr/local/lib/python3.10/dist-packages/airflow/example_dags/example_branch_operator_decorator.py took 0.079 seconds
[2023-10-29T01:11:03.034+0000] {processor.py:157} INFO - Started process (PID=4233) to work on /usr/local/lib/python3.10/dist-packages/airflow/example_dags/example_branch_operator_decorator.py
[2023-10-29T01:11:03.035+0000] {processor.py:829} INFO - Processing file /usr/local/lib/python3.10/dist-packages/airflow/example_dags/example_branch_operator_decorator.py for tasks to queue
[2023-10-29T01:11:03.036+0000] {logging_mixin.py:151} INFO - [2023-10-29T01:11:03.036+0000] {dagbag.py:536} INFO - Filling up the DagBag from /usr/local/lib/python3.10/dist-packages/airflow/example_dags/example_branch_operator_decorator.py
[2023-10-29T01:11:03.048+0000] {processor.py:839} INFO - DAG(s) dict_keys(['example_branch_python_operator_decorator']) retrieved from /usr/local/lib/python3.10/dist-packages/airflow/example_dags/example_branch_operator_decorator.py
[2023-10-29T01:11:03.068+0000] {logging_mixin.py:151} INFO - [2023-10-29T01:11:03.068+0000] {dag.py:2941} INFO - Sync 1 DAGs
[2023-10-29T01:11:03.091+0000] {logging_mixin.py:151} INFO - [2023-10-29T01:11:03.091+0000] {dag.py:3722} INFO - Setting next_dagrun for example_branch_python_operator_decorator to 2023-10-28T00:00:00+00:00, run_after=2023-10-29T00:00:00+00:00
[2023-10-29T01:11:03.115+0000] {processor.py:179} INFO - Processing /usr/local/lib/python3.10/dist-packages/airflow/example_dags/example_branch_operator_decorator.py took 0.084 seconds
[2023-10-29T01:11:48.908+0000] {processor.py:157} INFO - Started process (PID=4655) to work on /usr/local/lib/python3.10/dist-packages/airflow/example_dags/example_branch_operator_decorator.py
[2023-10-29T01:11:48.910+0000] {processor.py:829} INFO - Processing file /usr/local/lib/python3.10/dist-packages/airflow/example_dags/example_branch_operator_decorator.py for tasks to queue
[2023-10-29T01:11:48.911+0000] {logging_mixin.py:151} INFO - [2023-10-29T01:11:48.910+0000] {dagbag.py:536} INFO - Filling up the DagBag from /usr/local/lib/python3.10/dist-packages/airflow/example_dags/example_branch_operator_decorator.py
[2023-10-29T01:11:48.922+0000] {processor.py:839} INFO - DAG(s) dict_keys(['example_branch_python_operator_decorator']) retrieved from /usr/local/lib/python3.10/dist-packages/airflow/example_dags/example_branch_operator_decorator.py
[2023-10-29T01:11:48.941+0000] {logging_mixin.py:151} INFO - [2023-10-29T01:11:48.941+0000] {dag.py:2941} INFO - Sync 1 DAGs
[2023-10-29T01:11:48.963+0000] {logging_mixin.py:151} INFO - [2023-10-29T01:11:48.963+0000] {dag.py:3722} INFO - Setting next_dagrun for example_branch_python_operator_decorator to 2023-10-28T00:00:00+00:00, run_after=2023-10-29T00:00:00+00:00
[2023-10-29T01:11:48.984+0000] {processor.py:179} INFO - Processing /usr/local/lib/python3.10/dist-packages/airflow/example_dags/example_branch_operator_decorator.py took 0.080 seconds
[2023-10-29T01:12:34.505+0000] {processor.py:157} INFO - Started process (PID=4703) to work on /usr/local/lib/python3.10/dist-packages/airflow/example_dags/example_branch_operator_decorator.py
[2023-10-29T01:12:34.506+0000] {processor.py:829} INFO - Processing file /usr/local/lib/python3.10/dist-packages/airflow/example_dags/example_branch_operator_decorator.py for tasks to queue
[2023-10-29T01:12:34.507+0000] {logging_mixin.py:151} INFO - [2023-10-29T01:12:34.507+0000] {dagbag.py:536} INFO - Filling up the DagBag from /usr/local/lib/python3.10/dist-packages/airflow/example_dags/example_branch_operator_decorator.py
[2023-10-29T01:12:34.518+0000] {processor.py:839} INFO - DAG(s) dict_keys(['example_branch_python_operator_decorator']) retrieved from /usr/local/lib/python3.10/dist-packages/airflow/example_dags/example_branch_operator_decorator.py
[2023-10-29T01:12:34.537+0000] {logging_mixin.py:151} INFO - [2023-10-29T01:12:34.536+0000] {dag.py:2941} INFO - Sync 1 DAGs
[2023-10-29T01:12:34.558+0000] {logging_mixin.py:151} INFO - [2023-10-29T01:12:34.558+0000] {dag.py:3722} INFO - Setting next_dagrun for example_branch_python_operator_decorator to 2023-10-28T00:00:00+00:00, run_after=2023-10-29T00:00:00+00:00
[2023-10-29T01:12:34.580+0000] {processor.py:179} INFO - Processing /usr/local/lib/python3.10/dist-packages/airflow/example_dags/example_branch_operator_decorator.py took 0.078 seconds
[2023-10-29T01:13:15.017+0000] {processor.py:157} INFO - Started process (PID=4751) to work on /usr/local/lib/python3.10/dist-packages/airflow/example_dags/example_branch_operator_decorator.py
[2023-10-29T01:13:15.018+0000] {processor.py:829} INFO - Processing file /usr/local/lib/python3.10/dist-packages/airflow/example_dags/example_branch_operator_decorator.py for tasks to queue
[2023-10-29T01:13:15.019+0000] {logging_mixin.py:151} INFO - [2023-10-29T01:13:15.018+0000] {dagbag.py:536} INFO - Filling up the DagBag from /usr/local/lib/python3.10/dist-packages/airflow/example_dags/example_branch_operator_decorator.py
[2023-10-29T01:13:15.030+0000] {processor.py:839} INFO - DAG(s) dict_keys(['example_branch_python_operator_decorator']) retrieved from /usr/local/lib/python3.10/dist-packages/airflow/example_dags/example_branch_operator_decorator.py
[2023-10-29T01:13:15.049+0000] {logging_mixin.py:151} INFO - [2023-10-29T01:13:15.049+0000] {dag.py:2941} INFO - Sync 1 DAGs
[2023-10-29T01:13:15.071+0000] {logging_mixin.py:151} INFO - [2023-10-29T01:13:15.071+0000] {dag.py:3722} INFO - Setting next_dagrun for example_branch_python_operator_decorator to 2023-10-28T00:00:00+00:00, run_after=2023-10-29T00:00:00+00:00
[2023-10-29T01:13:15.092+0000] {processor.py:179} INFO - Processing /usr/local/lib/python3.10/dist-packages/airflow/example_dags/example_branch_operator_decorator.py took 0.078 seconds
[2023-10-29T01:13:57.616+0000] {processor.py:157} INFO - Started process (PID=4798) to work on /usr/local/lib/python3.10/dist-packages/airflow/example_dags/example_branch_operator_decorator.py
[2023-10-29T01:13:57.618+0000] {processor.py:829} INFO - Processing file /usr/local/lib/python3.10/dist-packages/airflow/example_dags/example_branch_operator_decorator.py for tasks to queue
[2023-10-29T01:13:57.619+0000] {logging_mixin.py:151} INFO - [2023-10-29T01:13:57.618+0000] {dagbag.py:536} INFO - Filling up the DagBag from /usr/local/lib/python3.10/dist-packages/airflow/example_dags/example_branch_operator_decorator.py
[2023-10-29T01:13:57.630+0000] {processor.py:839} INFO - DAG(s) dict_keys(['example_branch_python_operator_decorator']) retrieved from /usr/local/lib/python3.10/dist-packages/airflow/example_dags/example_branch_operator_decorator.py
[2023-10-29T01:13:57.649+0000] {logging_mixin.py:151} INFO - [2023-10-29T01:13:57.648+0000] {dag.py:2941} INFO - Sync 1 DAGs
[2023-10-29T01:13:57.670+0000] {logging_mixin.py:151} INFO - [2023-10-29T01:13:57.670+0000] {dag.py:3722} INFO - Setting next_dagrun for example_branch_python_operator_decorator to 2023-10-28T00:00:00+00:00, run_after=2023-10-29T00:00:00+00:00
[2023-10-29T01:13:57.691+0000] {processor.py:179} INFO - Processing /usr/local/lib/python3.10/dist-packages/airflow/example_dags/example_branch_operator_decorator.py took 0.078 seconds
[2023-10-29T01:14:42.028+0000] {processor.py:157} INFO - Started process (PID=4846) to work on /usr/local/lib/python3.10/dist-packages/airflow/example_dags/example_branch_operator_decorator.py
[2023-10-29T01:14:42.029+0000] {processor.py:829} INFO - Processing file /usr/local/lib/python3.10/dist-packages/airflow/example_dags/example_branch_operator_decorator.py for tasks to queue
[2023-10-29T01:14:42.030+0000] {logging_mixin.py:151} INFO - [2023-10-29T01:14:42.030+0000] {dagbag.py:536} INFO - Filling up the DagBag from /usr/local/lib/python3.10/dist-packages/airflow/example_dags/example_branch_operator_decorator.py
[2023-10-29T01:14:42.041+0000] {processor.py:839} INFO - DAG(s) dict_keys(['example_branch_python_operator_decorator']) retrieved from /usr/local/lib/python3.10/dist-packages/airflow/example_dags/example_branch_operator_decorator.py
[2023-10-29T01:14:42.060+0000] {logging_mixin.py:151} INFO - [2023-10-29T01:14:42.060+0000] {dag.py:2941} INFO - Sync 1 DAGs
[2023-10-29T01:14:42.083+0000] {logging_mixin.py:151} INFO - [2023-10-29T01:14:42.082+0000] {dag.py:3722} INFO - Setting next_dagrun for example_branch_python_operator_decorator to 2023-10-28T00:00:00+00:00, run_after=2023-10-29T00:00:00+00:00
[2023-10-29T01:14:42.104+0000] {processor.py:179} INFO - Processing /usr/local/lib/python3.10/dist-packages/airflow/example_dags/example_branch_operator_decorator.py took 0.079 seconds
[2023-10-29T01:15:26.472+0000] {processor.py:157} INFO - Started process (PID=4891) to work on /usr/local/lib/python3.10/dist-packages/airflow/example_dags/example_branch_operator_decorator.py
[2023-10-29T01:15:26.473+0000] {processor.py:829} INFO - Processing file /usr/local/lib/python3.10/dist-packages/airflow/example_dags/example_branch_operator_decorator.py for tasks to queue
[2023-10-29T01:15:26.474+0000] {logging_mixin.py:151} INFO - [2023-10-29T01:15:26.474+0000] {dagbag.py:536} INFO - Filling up the DagBag from /usr/local/lib/python3.10/dist-packages/airflow/example_dags/example_branch_operator_decorator.py
[2023-10-29T01:15:26.485+0000] {processor.py:839} INFO - DAG(s) dict_keys(['example_branch_python_operator_decorator']) retrieved from /usr/local/lib/python3.10/dist-packages/airflow/example_dags/example_branch_operator_decorator.py
[2023-10-29T01:15:26.504+0000] {logging_mixin.py:151} INFO - [2023-10-29T01:15:26.504+0000] {dag.py:2941} INFO - Sync 1 DAGs
[2023-10-29T01:15:26.525+0000] {logging_mixin.py:151} INFO - [2023-10-29T01:15:26.525+0000] {dag.py:3722} INFO - Setting next_dagrun for example_branch_python_operator_decorator to 2023-10-28T00:00:00+00:00, run_after=2023-10-29T00:00:00+00:00
[2023-10-29T01:15:26.546+0000] {processor.py:179} INFO - Processing /usr/local/lib/python3.10/dist-packages/airflow/example_dags/example_branch_operator_decorator.py took 0.078 seconds
[2023-10-29T01:16:11.017+0000] {processor.py:157} INFO - Started process (PID=4937) to work on /usr/local/lib/python3.10/dist-packages/airflow/example_dags/example_branch_operator_decorator.py
[2023-10-29T01:16:11.018+0000] {processor.py:829} INFO - Processing file /usr/local/lib/python3.10/dist-packages/airflow/example_dags/example_branch_operator_decorator.py for tasks to queue
[2023-10-29T01:16:11.019+0000] {logging_mixin.py:151} INFO - [2023-10-29T01:16:11.018+0000] {dagbag.py:536} INFO - Filling up the DagBag from /usr/local/lib/python3.10/dist-packages/airflow/example_dags/example_branch_operator_decorator.py
[2023-10-29T01:16:11.030+0000] {processor.py:839} INFO - DAG(s) dict_keys(['example_branch_python_operator_decorator']) retrieved from /usr/local/lib/python3.10/dist-packages/airflow/example_dags/example_branch_operator_decorator.py
[2023-10-29T01:16:11.049+0000] {logging_mixin.py:151} INFO - [2023-10-29T01:16:11.048+0000] {dag.py:2941} INFO - Sync 1 DAGs
[2023-10-29T01:16:11.070+0000] {logging_mixin.py:151} INFO - [2023-10-29T01:16:11.070+0000] {dag.py:3722} INFO - Setting next_dagrun for example_branch_python_operator_decorator to 2023-10-28T00:00:00+00:00, run_after=2023-10-29T00:00:00+00:00
[2023-10-29T01:16:11.092+0000] {processor.py:179} INFO - Processing /usr/local/lib/python3.10/dist-packages/airflow/example_dags/example_branch_operator_decorator.py took 0.078 seconds
[2023-10-29T01:16:58.957+0000] {processor.py:157} INFO - Started process (PID=4986) to work on /usr/local/lib/python3.10/dist-packages/airflow/example_dags/example_branch_operator_decorator.py
[2023-10-29T01:16:58.958+0000] {processor.py:829} INFO - Processing file /usr/local/lib/python3.10/dist-packages/airflow/example_dags/example_branch_operator_decorator.py for tasks to queue
[2023-10-29T01:16:58.959+0000] {logging_mixin.py:151} INFO - [2023-10-29T01:16:58.958+0000] {dagbag.py:536} INFO - Filling up the DagBag from /usr/local/lib/python3.10/dist-packages/airflow/example_dags/example_branch_operator_decorator.py
[2023-10-29T01:16:58.970+0000] {processor.py:839} INFO - DAG(s) dict_keys(['example_branch_python_operator_decorator']) retrieved from /usr/local/lib/python3.10/dist-packages/airflow/example_dags/example_branch_operator_decorator.py
[2023-10-29T01:16:58.989+0000] {logging_mixin.py:151} INFO - [2023-10-29T01:16:58.989+0000] {dag.py:2941} INFO - Sync 1 DAGs
[2023-10-29T01:16:59.011+0000] {logging_mixin.py:151} INFO - [2023-10-29T01:16:59.010+0000] {dag.py:3722} INFO - Setting next_dagrun for example_branch_python_operator_decorator to 2023-10-28T00:00:00+00:00, run_after=2023-10-29T00:00:00+00:00
[2023-10-29T01:16:59.056+0000] {processor.py:179} INFO - Processing /usr/local/lib/python3.10/dist-packages/airflow/example_dags/example_branch_operator_decorator.py took 0.103 seconds
[2023-10-29T01:17:46.021+0000] {processor.py:157} INFO - Started process (PID=5036) to work on /usr/local/lib/python3.10/dist-packages/airflow/example_dags/example_branch_operator_decorator.py
[2023-10-29T01:17:46.022+0000] {processor.py:829} INFO - Processing file /usr/local/lib/python3.10/dist-packages/airflow/example_dags/example_branch_operator_decorator.py for tasks to queue
[2023-10-29T01:17:46.023+0000] {logging_mixin.py:151} INFO - [2023-10-29T01:17:46.023+0000] {dagbag.py:536} INFO - Filling up the DagBag from /usr/local/lib/python3.10/dist-packages/airflow/example_dags/example_branch_operator_decorator.py
[2023-10-29T01:17:46.034+0000] {processor.py:839} INFO - DAG(s) dict_keys(['example_branch_python_operator_decorator']) retrieved from /usr/local/lib/python3.10/dist-packages/airflow/example_dags/example_branch_operator_decorator.py
[2023-10-29T01:17:46.053+0000] {logging_mixin.py:151} INFO - [2023-10-29T01:17:46.053+0000] {dag.py:2941} INFO - Sync 1 DAGs
[2023-10-29T01:17:46.075+0000] {logging_mixin.py:151} INFO - [2023-10-29T01:17:46.075+0000] {dag.py:3722} INFO - Setting next_dagrun for example_branch_python_operator_decorator to 2023-10-28T00:00:00+00:00, run_after=2023-10-29T00:00:00+00:00
[2023-10-29T01:17:46.096+0000] {processor.py:179} INFO - Processing /usr/local/lib/python3.10/dist-packages/airflow/example_dags/example_branch_operator_decorator.py took 0.078 seconds
[2023-10-29T01:18:31.528+0000] {processor.py:157} INFO - Started process (PID=5083) to work on /usr/local/lib/python3.10/dist-packages/airflow/example_dags/example_branch_operator_decorator.py
[2023-10-29T01:18:31.530+0000] {processor.py:829} INFO - Processing file /usr/local/lib/python3.10/dist-packages/airflow/example_dags/example_branch_operator_decorator.py for tasks to queue
[2023-10-29T01:18:31.530+0000] {logging_mixin.py:151} INFO - [2023-10-29T01:18:31.530+0000] {dagbag.py:536} INFO - Filling up the DagBag from /usr/local/lib/python3.10/dist-packages/airflow/example_dags/example_branch_operator_decorator.py
[2023-10-29T01:18:31.541+0000] {processor.py:839} INFO - DAG(s) dict_keys(['example_branch_python_operator_decorator']) retrieved from /usr/local/lib/python3.10/dist-packages/airflow/example_dags/example_branch_operator_decorator.py
[2023-10-29T01:18:31.560+0000] {logging_mixin.py:151} INFO - [2023-10-29T01:18:31.560+0000] {dag.py:2941} INFO - Sync 1 DAGs
[2023-10-29T01:18:31.581+0000] {logging_mixin.py:151} INFO - [2023-10-29T01:18:31.581+0000] {dag.py:3722} INFO - Setting next_dagrun for example_branch_python_operator_decorator to 2023-10-28T00:00:00+00:00, run_after=2023-10-29T00:00:00+00:00
[2023-10-29T01:18:31.603+0000] {processor.py:179} INFO - Processing /usr/local/lib/python3.10/dist-packages/airflow/example_dags/example_branch_operator_decorator.py took 0.078 seconds
[2023-10-29T01:19:18.749+0000] {processor.py:157} INFO - Started process (PID=5130) to work on /usr/local/lib/python3.10/dist-packages/airflow/example_dags/example_branch_operator_decorator.py
[2023-10-29T01:19:18.750+0000] {processor.py:829} INFO - Processing file /usr/local/lib/python3.10/dist-packages/airflow/example_dags/example_branch_operator_decorator.py for tasks to queue
[2023-10-29T01:19:18.751+0000] {logging_mixin.py:151} INFO - [2023-10-29T01:19:18.751+0000] {dagbag.py:536} INFO - Filling up the DagBag from /usr/local/lib/python3.10/dist-packages/airflow/example_dags/example_branch_operator_decorator.py
[2023-10-29T01:19:18.762+0000] {processor.py:839} INFO - DAG(s) dict_keys(['example_branch_python_operator_decorator']) retrieved from /usr/local/lib/python3.10/dist-packages/airflow/example_dags/example_branch_operator_decorator.py
[2023-10-29T01:19:18.781+0000] {logging_mixin.py:151} INFO - [2023-10-29T01:19:18.781+0000] {dag.py:2941} INFO - Sync 1 DAGs
[2023-10-29T01:19:18.802+0000] {logging_mixin.py:151} INFO - [2023-10-29T01:19:18.802+0000] {dag.py:3722} INFO - Setting next_dagrun for example_branch_python_operator_decorator to 2023-10-28T00:00:00+00:00, run_after=2023-10-29T00:00:00+00:00
[2023-10-29T01:19:18.825+0000] {processor.py:179} INFO - Processing /usr/local/lib/python3.10/dist-packages/airflow/example_dags/example_branch_operator_decorator.py took 0.079 seconds
[2023-10-29T01:20:07.677+0000] {processor.py:157} INFO - Started process (PID=5181) to work on /usr/local/lib/python3.10/dist-packages/airflow/example_dags/example_branch_operator_decorator.py
[2023-10-29T01:20:07.678+0000] {processor.py:829} INFO - Processing file /usr/local/lib/python3.10/dist-packages/airflow/example_dags/example_branch_operator_decorator.py for tasks to queue
[2023-10-29T01:20:07.679+0000] {logging_mixin.py:151} INFO - [2023-10-29T01:20:07.679+0000] {dagbag.py:536} INFO - Filling up the DagBag from /usr/local/lib/python3.10/dist-packages/airflow/example_dags/example_branch_operator_decorator.py
[2023-10-29T01:20:07.690+0000] {processor.py:839} INFO - DAG(s) dict_keys(['example_branch_python_operator_decorator']) retrieved from /usr/local/lib/python3.10/dist-packages/airflow/example_dags/example_branch_operator_decorator.py
[2023-10-29T01:20:07.708+0000] {logging_mixin.py:151} INFO - [2023-10-29T01:20:07.708+0000] {dag.py:2941} INFO - Sync 1 DAGs
[2023-10-29T01:20:07.729+0000] {logging_mixin.py:151} INFO - [2023-10-29T01:20:07.729+0000] {dag.py:3722} INFO - Setting next_dagrun for example_branch_python_operator_decorator to 2023-10-28T00:00:00+00:00, run_after=2023-10-29T00:00:00+00:00
[2023-10-29T01:20:07.751+0000] {processor.py:179} INFO - Processing /usr/local/lib/python3.10/dist-packages/airflow/example_dags/example_branch_operator_decorator.py took 0.078 seconds
[2023-10-29T01:20:51.674+0000] {processor.py:157} INFO - Started process (PID=5227) to work on /usr/local/lib/python3.10/dist-packages/airflow/example_dags/example_branch_operator_decorator.py
[2023-10-29T01:20:51.676+0000] {processor.py:829} INFO - Processing file /usr/local/lib/python3.10/dist-packages/airflow/example_dags/example_branch_operator_decorator.py for tasks to queue
[2023-10-29T01:20:51.677+0000] {logging_mixin.py:151} INFO - [2023-10-29T01:20:51.676+0000] {dagbag.py:536} INFO - Filling up the DagBag from /usr/local/lib/python3.10/dist-packages/airflow/example_dags/example_branch_operator_decorator.py
[2023-10-29T01:20:51.687+0000] {processor.py:839} INFO - DAG(s) dict_keys(['example_branch_python_operator_decorator']) retrieved from /usr/local/lib/python3.10/dist-packages/airflow/example_dags/example_branch_operator_decorator.py
[2023-10-29T01:20:51.706+0000] {logging_mixin.py:151} INFO - [2023-10-29T01:20:51.706+0000] {dag.py:2941} INFO - Sync 1 DAGs
[2023-10-29T01:20:51.728+0000] {logging_mixin.py:151} INFO - [2023-10-29T01:20:51.728+0000] {dag.py:3722} INFO - Setting next_dagrun for example_branch_python_operator_decorator to 2023-10-28T00:00:00+00:00, run_after=2023-10-29T00:00:00+00:00
[2023-10-29T01:20:51.749+0000] {processor.py:179} INFO - Processing /usr/local/lib/python3.10/dist-packages/airflow/example_dags/example_branch_operator_decorator.py took 0.078 seconds
[2023-10-29T01:21:37.966+0000] {processor.py:157} INFO - Started process (PID=5274) to work on /usr/local/lib/python3.10/dist-packages/airflow/example_dags/example_branch_operator_decorator.py
[2023-10-29T01:21:37.968+0000] {processor.py:829} INFO - Processing file /usr/local/lib/python3.10/dist-packages/airflow/example_dags/example_branch_operator_decorator.py for tasks to queue
[2023-10-29T01:21:37.968+0000] {logging_mixin.py:151} INFO - [2023-10-29T01:21:37.968+0000] {dagbag.py:536} INFO - Filling up the DagBag from /usr/local/lib/python3.10/dist-packages/airflow/example_dags/example_branch_operator_decorator.py
[2023-10-29T01:21:37.979+0000] {processor.py:839} INFO - DAG(s) dict_keys(['example_branch_python_operator_decorator']) retrieved from /usr/local/lib/python3.10/dist-packages/airflow/example_dags/example_branch_operator_decorator.py
[2023-10-29T01:21:37.998+0000] {logging_mixin.py:151} INFO - [2023-10-29T01:21:37.998+0000] {dag.py:2941} INFO - Sync 1 DAGs
[2023-10-29T01:21:38.020+0000] {logging_mixin.py:151} INFO - [2023-10-29T01:21:38.020+0000] {dag.py:3722} INFO - Setting next_dagrun for example_branch_python_operator_decorator to 2023-10-28T00:00:00+00:00, run_after=2023-10-29T00:00:00+00:00
[2023-10-29T01:21:38.041+0000] {processor.py:179} INFO - Processing /usr/local/lib/python3.10/dist-packages/airflow/example_dags/example_branch_operator_decorator.py took 0.078 seconds
[2023-10-29T01:22:27.905+0000] {processor.py:157} INFO - Started process (PID=5326) to work on /usr/local/lib/python3.10/dist-packages/airflow/example_dags/example_branch_operator_decorator.py
[2023-10-29T01:22:27.906+0000] {processor.py:829} INFO - Processing file /usr/local/lib/python3.10/dist-packages/airflow/example_dags/example_branch_operator_decorator.py for tasks to queue
[2023-10-29T01:22:27.907+0000] {logging_mixin.py:151} INFO - [2023-10-29T01:22:27.907+0000] {dagbag.py:536} INFO - Filling up the DagBag from /usr/local/lib/python3.10/dist-packages/airflow/example_dags/example_branch_operator_decorator.py
[2023-10-29T01:22:27.918+0000] {processor.py:839} INFO - DAG(s) dict_keys(['example_branch_python_operator_decorator']) retrieved from /usr/local/lib/python3.10/dist-packages/airflow/example_dags/example_branch_operator_decorator.py
[2023-10-29T01:22:27.937+0000] {logging_mixin.py:151} INFO - [2023-10-29T01:22:27.937+0000] {dag.py:2941} INFO - Sync 1 DAGs
[2023-10-29T01:22:27.959+0000] {logging_mixin.py:151} INFO - [2023-10-29T01:22:27.959+0000] {dag.py:3722} INFO - Setting next_dagrun for example_branch_python_operator_decorator to 2023-10-28T00:00:00+00:00, run_after=2023-10-29T00:00:00+00:00
[2023-10-29T01:22:27.984+0000] {processor.py:179} INFO - Processing /usr/local/lib/python3.10/dist-packages/airflow/example_dags/example_branch_operator_decorator.py took 0.082 seconds
[2023-10-29T01:23:14.393+0000] {processor.py:157} INFO - Started process (PID=5374) to work on /usr/local/lib/python3.10/dist-packages/airflow/example_dags/example_branch_operator_decorator.py
[2023-10-29T01:23:14.394+0000] {processor.py:829} INFO - Processing file /usr/local/lib/python3.10/dist-packages/airflow/example_dags/example_branch_operator_decorator.py for tasks to queue
[2023-10-29T01:23:14.395+0000] {logging_mixin.py:151} INFO - [2023-10-29T01:23:14.395+0000] {dagbag.py:536} INFO - Filling up the DagBag from /usr/local/lib/python3.10/dist-packages/airflow/example_dags/example_branch_operator_decorator.py
[2023-10-29T01:23:14.406+0000] {processor.py:839} INFO - DAG(s) dict_keys(['example_branch_python_operator_decorator']) retrieved from /usr/local/lib/python3.10/dist-packages/airflow/example_dags/example_branch_operator_decorator.py
[2023-10-29T01:23:14.425+0000] {logging_mixin.py:151} INFO - [2023-10-29T01:23:14.424+0000] {dag.py:2941} INFO - Sync 1 DAGs
[2023-10-29T01:23:14.446+0000] {logging_mixin.py:151} INFO - [2023-10-29T01:23:14.446+0000] {dag.py:3722} INFO - Setting next_dagrun for example_branch_python_operator_decorator to 2023-10-28T00:00:00+00:00, run_after=2023-10-29T00:00:00+00:00
[2023-10-29T01:23:14.468+0000] {processor.py:179} INFO - Processing /usr/local/lib/python3.10/dist-packages/airflow/example_dags/example_branch_operator_decorator.py took 0.078 seconds
[2023-10-29T01:24:05.094+0000] {processor.py:157} INFO - Started process (PID=5425) to work on /usr/local/lib/python3.10/dist-packages/airflow/example_dags/example_branch_operator_decorator.py
[2023-10-29T01:24:05.095+0000] {processor.py:829} INFO - Processing file /usr/local/lib/python3.10/dist-packages/airflow/example_dags/example_branch_operator_decorator.py for tasks to queue
[2023-10-29T01:24:05.096+0000] {logging_mixin.py:151} INFO - [2023-10-29T01:24:05.096+0000] {dagbag.py:536} INFO - Filling up the DagBag from /usr/local/lib/python3.10/dist-packages/airflow/example_dags/example_branch_operator_decorator.py
[2023-10-29T01:24:05.107+0000] {processor.py:839} INFO - DAG(s) dict_keys(['example_branch_python_operator_decorator']) retrieved from /usr/local/lib/python3.10/dist-packages/airflow/example_dags/example_branch_operator_decorator.py
[2023-10-29T01:24:05.125+0000] {logging_mixin.py:151} INFO - [2023-10-29T01:24:05.125+0000] {dag.py:2941} INFO - Sync 1 DAGs
[2023-10-29T01:24:05.146+0000] {logging_mixin.py:151} INFO - [2023-10-29T01:24:05.146+0000] {dag.py:3722} INFO - Setting next_dagrun for example_branch_python_operator_decorator to 2023-10-28T00:00:00+00:00, run_after=2023-10-29T00:00:00+00:00
[2023-10-29T01:24:05.168+0000] {processor.py:179} INFO - Processing /usr/local/lib/python3.10/dist-packages/airflow/example_dags/example_branch_operator_decorator.py took 0.077 seconds
[2023-10-29T01:24:54.953+0000] {processor.py:157} INFO - Started process (PID=5476) to work on /usr/local/lib/python3.10/dist-packages/airflow/example_dags/example_branch_operator_decorator.py
[2023-10-29T01:24:54.955+0000] {processor.py:829} INFO - Processing file /usr/local/lib/python3.10/dist-packages/airflow/example_dags/example_branch_operator_decorator.py for tasks to queue
[2023-10-29T01:24:54.956+0000] {logging_mixin.py:151} INFO - [2023-10-29T01:24:54.955+0000] {dagbag.py:536} INFO - Filling up the DagBag from /usr/local/lib/python3.10/dist-packages/airflow/example_dags/example_branch_operator_decorator.py
[2023-10-29T01:24:54.967+0000] {processor.py:839} INFO - DAG(s) dict_keys(['example_branch_python_operator_decorator']) retrieved from /usr/local/lib/python3.10/dist-packages/airflow/example_dags/example_branch_operator_decorator.py
[2023-10-29T01:24:54.985+0000] {logging_mixin.py:151} INFO - [2023-10-29T01:24:54.985+0000] {dag.py:2941} INFO - Sync 1 DAGs
[2023-10-29T01:24:55.008+0000] {logging_mixin.py:151} INFO - [2023-10-29T01:24:55.008+0000] {dag.py:3722} INFO - Setting next_dagrun for example_branch_python_operator_decorator to 2023-10-28T00:00:00+00:00, run_after=2023-10-29T00:00:00+00:00
[2023-10-29T01:24:55.030+0000] {processor.py:179} INFO - Processing /usr/local/lib/python3.10/dist-packages/airflow/example_dags/example_branch_operator_decorator.py took 0.080 seconds
