[2023-10-29T01:01:20.147+0000] {processor.py:157} INFO - Started process (PID=3629) to work on /usr/local/lib/python3.10/dist-packages/airflow/example_dags/tutorial_dag.py
[2023-10-29T01:01:20.147+0000] {processor.py:829} INFO - Processing file /usr/local/lib/python3.10/dist-packages/airflow/example_dags/tutorial_dag.py for tasks to queue
[2023-10-29T01:01:20.148+0000] {logging_mixin.py:151} INFO - [2023-10-29T01:01:20.148+0000] {dagbag.py:536} INFO - Filling up the DagBag from /usr/local/lib/python3.10/dist-packages/airflow/example_dags/tutorial_dag.py
[2023-10-29T01:01:20.154+0000] {processor.py:839} INFO - DAG(s) dict_keys(['tutorial_dag']) retrieved from /usr/local/lib/python3.10/dist-packages/airflow/example_dags/tutorial_dag.py
[2023-10-29T01:01:20.375+0000] {logging_mixin.py:151} INFO - [2023-10-29T01:01:20.375+0000] {manager.py:499} INFO - Created Permission View: %s
[2023-10-29T01:01:20.389+0000] {logging_mixin.py:151} INFO - [2023-10-29T01:01:20.388+0000] {manager.py:499} INFO - Created Permission View: %s
[2023-10-29T01:01:20.398+0000] {logging_mixin.py:151} INFO - [2023-10-29T01:01:20.398+0000] {manager.py:499} INFO - Created Permission View: %s
[2023-10-29T01:01:20.399+0000] {logging_mixin.py:151} INFO - [2023-10-29T01:01:20.399+0000] {dag.py:2941} INFO - Sync 1 DAGs
[2023-10-29T01:01:20.409+0000] {logging_mixin.py:151} INFO - [2023-10-29T01:01:20.409+0000] {dag.py:2963} INFO - Creating ORM DAG for tutorial_dag
[2023-10-29T01:01:20.409+0000] {logging_mixin.py:151} INFO - [2023-10-29T01:01:20.409+0000] {dag.py:3722} INFO - Setting next_dagrun for tutorial_dag to None, run_after=None
[2023-10-29T01:01:20.431+0000] {processor.py:179} INFO - Processing /usr/local/lib/python3.10/dist-packages/airflow/example_dags/tutorial_dag.py took 0.288 seconds
[2023-10-29T01:02:09.580+0000] {processor.py:157} INFO - Started process (PID=3680) to work on /usr/local/lib/python3.10/dist-packages/airflow/example_dags/tutorial_dag.py
[2023-10-29T01:02:09.581+0000] {processor.py:829} INFO - Processing file /usr/local/lib/python3.10/dist-packages/airflow/example_dags/tutorial_dag.py for tasks to queue
[2023-10-29T01:02:09.582+0000] {logging_mixin.py:151} INFO - [2023-10-29T01:02:09.581+0000] {dagbag.py:536} INFO - Filling up the DagBag from /usr/local/lib/python3.10/dist-packages/airflow/example_dags/tutorial_dag.py
[2023-10-29T01:02:09.587+0000] {processor.py:839} INFO - DAG(s) dict_keys(['tutorial_dag']) retrieved from /usr/local/lib/python3.10/dist-packages/airflow/example_dags/tutorial_dag.py
[2023-10-29T01:02:09.604+0000] {logging_mixin.py:151} INFO - [2023-10-29T01:02:09.604+0000] {dag.py:2941} INFO - Sync 1 DAGs
[2023-10-29T01:02:09.616+0000] {logging_mixin.py:151} INFO - [2023-10-29T01:02:09.616+0000] {dag.py:3722} INFO - Setting next_dagrun for tutorial_dag to None, run_after=None
[2023-10-29T01:02:09.637+0000] {processor.py:179} INFO - Processing /usr/local/lib/python3.10/dist-packages/airflow/example_dags/tutorial_dag.py took 0.061 seconds
[2023-10-29T01:02:53.593+0000] {processor.py:157} INFO - Started process (PID=3726) to work on /usr/local/lib/python3.10/dist-packages/airflow/example_dags/tutorial_dag.py
[2023-10-29T01:02:53.595+0000] {processor.py:829} INFO - Processing file /usr/local/lib/python3.10/dist-packages/airflow/example_dags/tutorial_dag.py for tasks to queue
[2023-10-29T01:02:53.595+0000] {logging_mixin.py:151} INFO - [2023-10-29T01:02:53.595+0000] {dagbag.py:536} INFO - Filling up the DagBag from /usr/local/lib/python3.10/dist-packages/airflow/example_dags/tutorial_dag.py
[2023-10-29T01:02:53.601+0000] {processor.py:839} INFO - DAG(s) dict_keys(['tutorial_dag']) retrieved from /usr/local/lib/python3.10/dist-packages/airflow/example_dags/tutorial_dag.py
[2023-10-29T01:02:53.618+0000] {logging_mixin.py:151} INFO - [2023-10-29T01:02:53.618+0000] {dag.py:2941} INFO - Sync 1 DAGs
[2023-10-29T01:02:53.630+0000] {logging_mixin.py:151} INFO - [2023-10-29T01:02:53.630+0000] {dag.py:3722} INFO - Setting next_dagrun for tutorial_dag to None, run_after=None
[2023-10-29T01:02:53.651+0000] {processor.py:179} INFO - Processing /usr/local/lib/python3.10/dist-packages/airflow/example_dags/tutorial_dag.py took 0.061 seconds
[2023-10-29T01:03:39.107+0000] {processor.py:157} INFO - Started process (PID=3773) to work on /usr/local/lib/python3.10/dist-packages/airflow/example_dags/tutorial_dag.py
[2023-10-29T01:03:39.109+0000] {processor.py:829} INFO - Processing file /usr/local/lib/python3.10/dist-packages/airflow/example_dags/tutorial_dag.py for tasks to queue
[2023-10-29T01:03:39.110+0000] {logging_mixin.py:151} INFO - [2023-10-29T01:03:39.109+0000] {dagbag.py:536} INFO - Filling up the DagBag from /usr/local/lib/python3.10/dist-packages/airflow/example_dags/tutorial_dag.py
[2023-10-29T01:03:39.115+0000] {processor.py:839} INFO - DAG(s) dict_keys(['tutorial_dag']) retrieved from /usr/local/lib/python3.10/dist-packages/airflow/example_dags/tutorial_dag.py
[2023-10-29T01:03:39.132+0000] {logging_mixin.py:151} INFO - [2023-10-29T01:03:39.132+0000] {dag.py:2941} INFO - Sync 1 DAGs
[2023-10-29T01:03:39.144+0000] {logging_mixin.py:151} INFO - [2023-10-29T01:03:39.144+0000] {dag.py:3722} INFO - Setting next_dagrun for tutorial_dag to None, run_after=None
[2023-10-29T01:03:39.166+0000] {processor.py:179} INFO - Processing /usr/local/lib/python3.10/dist-packages/airflow/example_dags/tutorial_dag.py took 0.062 seconds
[2023-10-29T01:04:22.113+0000] {processor.py:157} INFO - Started process (PID=3819) to work on /usr/local/lib/python3.10/dist-packages/airflow/example_dags/tutorial_dag.py
[2023-10-29T01:04:22.116+0000] {processor.py:829} INFO - Processing file /usr/local/lib/python3.10/dist-packages/airflow/example_dags/tutorial_dag.py for tasks to queue
[2023-10-29T01:04:22.117+0000] {logging_mixin.py:151} INFO - [2023-10-29T01:04:22.117+0000] {dagbag.py:536} INFO - Filling up the DagBag from /usr/local/lib/python3.10/dist-packages/airflow/example_dags/tutorial_dag.py
[2023-10-29T01:04:22.123+0000] {processor.py:839} INFO - DAG(s) dict_keys(['tutorial_dag']) retrieved from /usr/local/lib/python3.10/dist-packages/airflow/example_dags/tutorial_dag.py
[2023-10-29T01:04:22.140+0000] {logging_mixin.py:151} INFO - [2023-10-29T01:04:22.140+0000] {dag.py:2941} INFO - Sync 1 DAGs
[2023-10-29T01:04:22.152+0000] {logging_mixin.py:151} INFO - [2023-10-29T01:04:22.152+0000] {dag.py:3722} INFO - Setting next_dagrun for tutorial_dag to None, run_after=None
[2023-10-29T01:04:22.174+0000] {processor.py:179} INFO - Processing /usr/local/lib/python3.10/dist-packages/airflow/example_dags/tutorial_dag.py took 0.064 seconds
[2023-10-29T01:05:03.453+0000] {processor.py:157} INFO - Started process (PID=3862) to work on /usr/local/lib/python3.10/dist-packages/airflow/example_dags/tutorial_dag.py
[2023-10-29T01:05:03.454+0000] {processor.py:829} INFO - Processing file /usr/local/lib/python3.10/dist-packages/airflow/example_dags/tutorial_dag.py for tasks to queue
[2023-10-29T01:05:03.455+0000] {logging_mixin.py:151} INFO - [2023-10-29T01:05:03.454+0000] {dagbag.py:536} INFO - Filling up the DagBag from /usr/local/lib/python3.10/dist-packages/airflow/example_dags/tutorial_dag.py
[2023-10-29T01:05:03.460+0000] {processor.py:839} INFO - DAG(s) dict_keys(['tutorial_dag']) retrieved from /usr/local/lib/python3.10/dist-packages/airflow/example_dags/tutorial_dag.py
[2023-10-29T01:05:03.477+0000] {logging_mixin.py:151} INFO - [2023-10-29T01:05:03.477+0000] {dag.py:2941} INFO - Sync 1 DAGs
[2023-10-29T01:05:03.489+0000] {logging_mixin.py:151} INFO - [2023-10-29T01:05:03.489+0000] {dag.py:3722} INFO - Setting next_dagrun for tutorial_dag to None, run_after=None
[2023-10-29T01:05:03.512+0000] {processor.py:179} INFO - Processing /usr/local/lib/python3.10/dist-packages/airflow/example_dags/tutorial_dag.py took 0.062 seconds
[2023-10-29T01:05:50.507+0000] {processor.py:157} INFO - Started process (PID=3912) to work on /usr/local/lib/python3.10/dist-packages/airflow/example_dags/tutorial_dag.py
[2023-10-29T01:05:50.508+0000] {processor.py:829} INFO - Processing file /usr/local/lib/python3.10/dist-packages/airflow/example_dags/tutorial_dag.py for tasks to queue
[2023-10-29T01:05:50.509+0000] {logging_mixin.py:151} INFO - [2023-10-29T01:05:50.509+0000] {dagbag.py:536} INFO - Filling up the DagBag from /usr/local/lib/python3.10/dist-packages/airflow/example_dags/tutorial_dag.py
[2023-10-29T01:05:50.515+0000] {processor.py:839} INFO - DAG(s) dict_keys(['tutorial_dag']) retrieved from /usr/local/lib/python3.10/dist-packages/airflow/example_dags/tutorial_dag.py
[2023-10-29T01:05:50.532+0000] {logging_mixin.py:151} INFO - [2023-10-29T01:05:50.532+0000] {dag.py:2941} INFO - Sync 1 DAGs
[2023-10-29T01:05:50.544+0000] {logging_mixin.py:151} INFO - [2023-10-29T01:05:50.544+0000] {dag.py:3722} INFO - Setting next_dagrun for tutorial_dag to None, run_after=None
[2023-10-29T01:05:50.566+0000] {processor.py:179} INFO - Processing /usr/local/lib/python3.10/dist-packages/airflow/example_dags/tutorial_dag.py took 0.062 seconds
[2023-10-29T01:06:39.090+0000] {processor.py:157} INFO - Started process (PID=3962) to work on /usr/local/lib/python3.10/dist-packages/airflow/example_dags/tutorial_dag.py
[2023-10-29T01:06:39.091+0000] {processor.py:829} INFO - Processing file /usr/local/lib/python3.10/dist-packages/airflow/example_dags/tutorial_dag.py for tasks to queue
[2023-10-29T01:06:39.092+0000] {logging_mixin.py:151} INFO - [2023-10-29T01:06:39.092+0000] {dagbag.py:536} INFO - Filling up the DagBag from /usr/local/lib/python3.10/dist-packages/airflow/example_dags/tutorial_dag.py
[2023-10-29T01:06:39.098+0000] {processor.py:839} INFO - DAG(s) dict_keys(['tutorial_dag']) retrieved from /usr/local/lib/python3.10/dist-packages/airflow/example_dags/tutorial_dag.py
[2023-10-29T01:06:39.115+0000] {logging_mixin.py:151} INFO - [2023-10-29T01:06:39.115+0000] {dag.py:2941} INFO - Sync 1 DAGs
[2023-10-29T01:06:39.127+0000] {logging_mixin.py:151} INFO - [2023-10-29T01:06:39.127+0000] {dag.py:3722} INFO - Setting next_dagrun for tutorial_dag to None, run_after=None
[2023-10-29T01:06:39.148+0000] {processor.py:179} INFO - Processing /usr/local/lib/python3.10/dist-packages/airflow/example_dags/tutorial_dag.py took 0.061 seconds
[2023-10-29T01:07:19.015+0000] {processor.py:157} INFO - Started process (PID=4007) to work on /usr/local/lib/python3.10/dist-packages/airflow/example_dags/tutorial_dag.py
[2023-10-29T01:07:19.017+0000] {processor.py:829} INFO - Processing file /usr/local/lib/python3.10/dist-packages/airflow/example_dags/tutorial_dag.py for tasks to queue
[2023-10-29T01:07:19.017+0000] {logging_mixin.py:151} INFO - [2023-10-29T01:07:19.017+0000] {dagbag.py:536} INFO - Filling up the DagBag from /usr/local/lib/python3.10/dist-packages/airflow/example_dags/tutorial_dag.py
[2023-10-29T01:07:19.023+0000] {processor.py:839} INFO - DAG(s) dict_keys(['tutorial_dag']) retrieved from /usr/local/lib/python3.10/dist-packages/airflow/example_dags/tutorial_dag.py
[2023-10-29T01:07:19.040+0000] {logging_mixin.py:151} INFO - [2023-10-29T01:07:19.040+0000] {dag.py:2941} INFO - Sync 1 DAGs
[2023-10-29T01:07:19.052+0000] {logging_mixin.py:151} INFO - [2023-10-29T01:07:19.051+0000] {dag.py:3722} INFO - Setting next_dagrun for tutorial_dag to None, run_after=None
[2023-10-29T01:07:19.074+0000] {processor.py:179} INFO - Processing /usr/local/lib/python3.10/dist-packages/airflow/example_dags/tutorial_dag.py took 0.062 seconds
[2023-10-29T01:08:08.697+0000] {processor.py:157} INFO - Started process (PID=4055) to work on /usr/local/lib/python3.10/dist-packages/airflow/example_dags/tutorial_dag.py
[2023-10-29T01:08:08.699+0000] {processor.py:829} INFO - Processing file /usr/local/lib/python3.10/dist-packages/airflow/example_dags/tutorial_dag.py for tasks to queue
[2023-10-29T01:08:08.700+0000] {logging_mixin.py:151} INFO - [2023-10-29T01:08:08.699+0000] {dagbag.py:536} INFO - Filling up the DagBag from /usr/local/lib/python3.10/dist-packages/airflow/example_dags/tutorial_dag.py
[2023-10-29T01:08:08.706+0000] {processor.py:839} INFO - DAG(s) dict_keys(['tutorial_dag']) retrieved from /usr/local/lib/python3.10/dist-packages/airflow/example_dags/tutorial_dag.py
[2023-10-29T01:08:08.723+0000] {logging_mixin.py:151} INFO - [2023-10-29T01:08:08.722+0000] {dag.py:2941} INFO - Sync 1 DAGs
[2023-10-29T01:08:08.734+0000] {logging_mixin.py:151} INFO - [2023-10-29T01:08:08.734+0000] {dag.py:3722} INFO - Setting next_dagrun for tutorial_dag to None, run_after=None
[2023-10-29T01:08:08.755+0000] {processor.py:179} INFO - Processing /usr/local/lib/python3.10/dist-packages/airflow/example_dags/tutorial_dag.py took 0.060 seconds
[2023-10-29T01:08:54.613+0000] {processor.py:157} INFO - Started process (PID=4103) to work on /usr/local/lib/python3.10/dist-packages/airflow/example_dags/tutorial_dag.py
[2023-10-29T01:08:54.614+0000] {processor.py:829} INFO - Processing file /usr/local/lib/python3.10/dist-packages/airflow/example_dags/tutorial_dag.py for tasks to queue
[2023-10-29T01:08:54.615+0000] {logging_mixin.py:151} INFO - [2023-10-29T01:08:54.615+0000] {dagbag.py:536} INFO - Filling up the DagBag from /usr/local/lib/python3.10/dist-packages/airflow/example_dags/tutorial_dag.py
[2023-10-29T01:08:54.621+0000] {processor.py:839} INFO - DAG(s) dict_keys(['tutorial_dag']) retrieved from /usr/local/lib/python3.10/dist-packages/airflow/example_dags/tutorial_dag.py
[2023-10-29T01:08:54.637+0000] {logging_mixin.py:151} INFO - [2023-10-29T01:08:54.637+0000] {dag.py:2941} INFO - Sync 1 DAGs
[2023-10-29T01:08:54.648+0000] {logging_mixin.py:151} INFO - [2023-10-29T01:08:54.648+0000] {dag.py:3722} INFO - Setting next_dagrun for tutorial_dag to None, run_after=None
[2023-10-29T01:08:54.670+0000] {processor.py:179} INFO - Processing /usr/local/lib/python3.10/dist-packages/airflow/example_dags/tutorial_dag.py took 0.061 seconds
[2023-10-29T01:09:41.878+0000] {processor.py:157} INFO - Started process (PID=4151) to work on /usr/local/lib/python3.10/dist-packages/airflow/example_dags/tutorial_dag.py
[2023-10-29T01:09:41.880+0000] {processor.py:829} INFO - Processing file /usr/local/lib/python3.10/dist-packages/airflow/example_dags/tutorial_dag.py for tasks to queue
[2023-10-29T01:09:41.880+0000] {logging_mixin.py:151} INFO - [2023-10-29T01:09:41.880+0000] {dagbag.py:536} INFO - Filling up the DagBag from /usr/local/lib/python3.10/dist-packages/airflow/example_dags/tutorial_dag.py
[2023-10-29T01:09:41.886+0000] {processor.py:839} INFO - DAG(s) dict_keys(['tutorial_dag']) retrieved from /usr/local/lib/python3.10/dist-packages/airflow/example_dags/tutorial_dag.py
[2023-10-29T01:09:41.903+0000] {logging_mixin.py:151} INFO - [2023-10-29T01:09:41.903+0000] {dag.py:2941} INFO - Sync 1 DAGs
[2023-10-29T01:09:41.915+0000] {logging_mixin.py:151} INFO - [2023-10-29T01:09:41.915+0000] {dag.py:3722} INFO - Setting next_dagrun for tutorial_dag to None, run_after=None
[2023-10-29T01:09:41.937+0000] {processor.py:179} INFO - Processing /usr/local/lib/python3.10/dist-packages/airflow/example_dags/tutorial_dag.py took 0.062 seconds
[2023-10-29T01:10:30.737+0000] {processor.py:157} INFO - Started process (PID=4200) to work on /usr/local/lib/python3.10/dist-packages/airflow/example_dags/tutorial_dag.py
[2023-10-29T01:10:30.738+0000] {processor.py:829} INFO - Processing file /usr/local/lib/python3.10/dist-packages/airflow/example_dags/tutorial_dag.py for tasks to queue
[2023-10-29T01:10:30.739+0000] {logging_mixin.py:151} INFO - [2023-10-29T01:10:30.739+0000] {dagbag.py:536} INFO - Filling up the DagBag from /usr/local/lib/python3.10/dist-packages/airflow/example_dags/tutorial_dag.py
[2023-10-29T01:10:30.745+0000] {processor.py:839} INFO - DAG(s) dict_keys(['tutorial_dag']) retrieved from /usr/local/lib/python3.10/dist-packages/airflow/example_dags/tutorial_dag.py
[2023-10-29T01:10:30.761+0000] {logging_mixin.py:151} INFO - [2023-10-29T01:10:30.761+0000] {dag.py:2941} INFO - Sync 1 DAGs
[2023-10-29T01:10:30.773+0000] {logging_mixin.py:151} INFO - [2023-10-29T01:10:30.773+0000] {dag.py:3722} INFO - Setting next_dagrun for tutorial_dag to None, run_after=None
[2023-10-29T01:10:30.795+0000] {processor.py:179} INFO - Processing /usr/local/lib/python3.10/dist-packages/airflow/example_dags/tutorial_dag.py took 0.061 seconds
[2023-10-29T01:11:16.240+0000] {processor.py:157} INFO - Started process (PID=4249) to work on /usr/local/lib/python3.10/dist-packages/airflow/example_dags/tutorial_dag.py
[2023-10-29T01:11:16.241+0000] {processor.py:829} INFO - Processing file /usr/local/lib/python3.10/dist-packages/airflow/example_dags/tutorial_dag.py for tasks to queue
[2023-10-29T01:11:16.242+0000] {logging_mixin.py:151} INFO - [2023-10-29T01:11:16.241+0000] {dagbag.py:536} INFO - Filling up the DagBag from /usr/local/lib/python3.10/dist-packages/airflow/example_dags/tutorial_dag.py
[2023-10-29T01:11:16.248+0000] {processor.py:839} INFO - DAG(s) dict_keys(['tutorial_dag']) retrieved from /usr/local/lib/python3.10/dist-packages/airflow/example_dags/tutorial_dag.py
[2023-10-29T01:11:16.264+0000] {logging_mixin.py:151} INFO - [2023-10-29T01:11:16.264+0000] {dag.py:2941} INFO - Sync 1 DAGs
[2023-10-29T01:11:16.276+0000] {logging_mixin.py:151} INFO - [2023-10-29T01:11:16.276+0000] {dag.py:3722} INFO - Setting next_dagrun for tutorial_dag to None, run_after=None
[2023-10-29T01:11:16.298+0000] {processor.py:179} INFO - Processing /usr/local/lib/python3.10/dist-packages/airflow/example_dags/tutorial_dag.py took 0.062 seconds
[2023-10-29T01:12:03.309+0000] {processor.py:157} INFO - Started process (PID=4670) to work on /usr/local/lib/python3.10/dist-packages/airflow/example_dags/tutorial_dag.py
[2023-10-29T01:12:03.310+0000] {processor.py:829} INFO - Processing file /usr/local/lib/python3.10/dist-packages/airflow/example_dags/tutorial_dag.py for tasks to queue
[2023-10-29T01:12:03.311+0000] {logging_mixin.py:151} INFO - [2023-10-29T01:12:03.311+0000] {dagbag.py:536} INFO - Filling up the DagBag from /usr/local/lib/python3.10/dist-packages/airflow/example_dags/tutorial_dag.py
[2023-10-29T01:12:03.317+0000] {processor.py:839} INFO - DAG(s) dict_keys(['tutorial_dag']) retrieved from /usr/local/lib/python3.10/dist-packages/airflow/example_dags/tutorial_dag.py
[2023-10-29T01:12:03.335+0000] {logging_mixin.py:151} INFO - [2023-10-29T01:12:03.334+0000] {dag.py:2941} INFO - Sync 1 DAGs
[2023-10-29T01:12:03.348+0000] {logging_mixin.py:151} INFO - [2023-10-29T01:12:03.347+0000] {dag.py:3722} INFO - Setting next_dagrun for tutorial_dag to None, run_after=None
[2023-10-29T01:12:03.378+0000] {processor.py:179} INFO - Processing /usr/local/lib/python3.10/dist-packages/airflow/example_dags/tutorial_dag.py took 0.073 seconds
[2023-10-29T01:12:47.192+0000] {processor.py:157} INFO - Started process (PID=4721) to work on /usr/local/lib/python3.10/dist-packages/airflow/example_dags/tutorial_dag.py
[2023-10-29T01:12:47.193+0000] {processor.py:829} INFO - Processing file /usr/local/lib/python3.10/dist-packages/airflow/example_dags/tutorial_dag.py for tasks to queue
[2023-10-29T01:12:47.194+0000] {logging_mixin.py:151} INFO - [2023-10-29T01:12:47.194+0000] {dagbag.py:536} INFO - Filling up the DagBag from /usr/local/lib/python3.10/dist-packages/airflow/example_dags/tutorial_dag.py
[2023-10-29T01:12:47.200+0000] {processor.py:839} INFO - DAG(s) dict_keys(['tutorial_dag']) retrieved from /usr/local/lib/python3.10/dist-packages/airflow/example_dags/tutorial_dag.py
[2023-10-29T01:12:47.217+0000] {logging_mixin.py:151} INFO - [2023-10-29T01:12:47.217+0000] {dag.py:2941} INFO - Sync 1 DAGs
[2023-10-29T01:12:47.229+0000] {logging_mixin.py:151} INFO - [2023-10-29T01:12:47.229+0000] {dag.py:3722} INFO - Setting next_dagrun for tutorial_dag to None, run_after=None
[2023-10-29T01:12:47.253+0000] {processor.py:179} INFO - Processing /usr/local/lib/python3.10/dist-packages/airflow/example_dags/tutorial_dag.py took 0.064 seconds
[2023-10-29T01:13:26.297+0000] {processor.py:157} INFO - Started process (PID=4765) to work on /usr/local/lib/python3.10/dist-packages/airflow/example_dags/tutorial_dag.py
[2023-10-29T01:13:26.299+0000] {processor.py:829} INFO - Processing file /usr/local/lib/python3.10/dist-packages/airflow/example_dags/tutorial_dag.py for tasks to queue
[2023-10-29T01:13:26.300+0000] {logging_mixin.py:151} INFO - [2023-10-29T01:13:26.299+0000] {dagbag.py:536} INFO - Filling up the DagBag from /usr/local/lib/python3.10/dist-packages/airflow/example_dags/tutorial_dag.py
[2023-10-29T01:13:26.306+0000] {processor.py:839} INFO - DAG(s) dict_keys(['tutorial_dag']) retrieved from /usr/local/lib/python3.10/dist-packages/airflow/example_dags/tutorial_dag.py
[2023-10-29T01:13:26.322+0000] {logging_mixin.py:151} INFO - [2023-10-29T01:13:26.322+0000] {dag.py:2941} INFO - Sync 1 DAGs
[2023-10-29T01:13:26.335+0000] {logging_mixin.py:151} INFO - [2023-10-29T01:13:26.334+0000] {dag.py:3722} INFO - Setting next_dagrun for tutorial_dag to None, run_after=None
[2023-10-29T01:13:26.355+0000] {processor.py:179} INFO - Processing /usr/local/lib/python3.10/dist-packages/airflow/example_dags/tutorial_dag.py took 0.061 seconds
[2023-10-29T01:14:08.896+0000] {processor.py:157} INFO - Started process (PID=4810) to work on /usr/local/lib/python3.10/dist-packages/airflow/example_dags/tutorial_dag.py
[2023-10-29T01:14:08.897+0000] {processor.py:829} INFO - Processing file /usr/local/lib/python3.10/dist-packages/airflow/example_dags/tutorial_dag.py for tasks to queue
[2023-10-29T01:14:08.898+0000] {logging_mixin.py:151} INFO - [2023-10-29T01:14:08.898+0000] {dagbag.py:536} INFO - Filling up the DagBag from /usr/local/lib/python3.10/dist-packages/airflow/example_dags/tutorial_dag.py
[2023-10-29T01:14:08.904+0000] {processor.py:839} INFO - DAG(s) dict_keys(['tutorial_dag']) retrieved from /usr/local/lib/python3.10/dist-packages/airflow/example_dags/tutorial_dag.py
[2023-10-29T01:14:08.921+0000] {logging_mixin.py:151} INFO - [2023-10-29T01:14:08.921+0000] {dag.py:2941} INFO - Sync 1 DAGs
[2023-10-29T01:14:08.933+0000] {logging_mixin.py:151} INFO - [2023-10-29T01:14:08.933+0000] {dag.py:3722} INFO - Setting next_dagrun for tutorial_dag to None, run_after=None
[2023-10-29T01:14:08.955+0000] {processor.py:179} INFO - Processing /usr/local/lib/python3.10/dist-packages/airflow/example_dags/tutorial_dag.py took 0.062 seconds
[2023-10-29T01:14:52.328+0000] {processor.py:157} INFO - Started process (PID=4856) to work on /usr/local/lib/python3.10/dist-packages/airflow/example_dags/tutorial_dag.py
[2023-10-29T01:14:52.330+0000] {processor.py:829} INFO - Processing file /usr/local/lib/python3.10/dist-packages/airflow/example_dags/tutorial_dag.py for tasks to queue
[2023-10-29T01:14:52.331+0000] {logging_mixin.py:151} INFO - [2023-10-29T01:14:52.331+0000] {dagbag.py:536} INFO - Filling up the DagBag from /usr/local/lib/python3.10/dist-packages/airflow/example_dags/tutorial_dag.py
[2023-10-29T01:14:52.338+0000] {processor.py:839} INFO - DAG(s) dict_keys(['tutorial_dag']) retrieved from /usr/local/lib/python3.10/dist-packages/airflow/example_dags/tutorial_dag.py
[2023-10-29T01:14:52.356+0000] {logging_mixin.py:151} INFO - [2023-10-29T01:14:52.356+0000] {dag.py:2941} INFO - Sync 1 DAGs
[2023-10-29T01:14:52.369+0000] {logging_mixin.py:151} INFO - [2023-10-29T01:14:52.369+0000] {dag.py:3722} INFO - Setting next_dagrun for tutorial_dag to None, run_after=None
[2023-10-29T01:14:52.390+0000] {processor.py:179} INFO - Processing /usr/local/lib/python3.10/dist-packages/airflow/example_dags/tutorial_dag.py took 0.066 seconds
[2023-10-29T01:15:33.744+0000] {processor.py:157} INFO - Started process (PID=4899) to work on /usr/local/lib/python3.10/dist-packages/airflow/example_dags/tutorial_dag.py
[2023-10-29T01:15:33.745+0000] {processor.py:829} INFO - Processing file /usr/local/lib/python3.10/dist-packages/airflow/example_dags/tutorial_dag.py for tasks to queue
[2023-10-29T01:15:33.746+0000] {logging_mixin.py:151} INFO - [2023-10-29T01:15:33.745+0000] {dagbag.py:536} INFO - Filling up the DagBag from /usr/local/lib/python3.10/dist-packages/airflow/example_dags/tutorial_dag.py
[2023-10-29T01:15:33.751+0000] {processor.py:839} INFO - DAG(s) dict_keys(['tutorial_dag']) retrieved from /usr/local/lib/python3.10/dist-packages/airflow/example_dags/tutorial_dag.py
[2023-10-29T01:15:33.768+0000] {logging_mixin.py:151} INFO - [2023-10-29T01:15:33.768+0000] {dag.py:2941} INFO - Sync 1 DAGs
[2023-10-29T01:15:33.780+0000] {logging_mixin.py:151} INFO - [2023-10-29T01:15:33.779+0000] {dag.py:3722} INFO - Setting next_dagrun for tutorial_dag to None, run_after=None
[2023-10-29T01:15:33.801+0000] {processor.py:179} INFO - Processing /usr/local/lib/python3.10/dist-packages/airflow/example_dags/tutorial_dag.py took 0.061 seconds
[2023-10-29T01:16:19.025+0000] {processor.py:157} INFO - Started process (PID=4945) to work on /usr/local/lib/python3.10/dist-packages/airflow/example_dags/tutorial_dag.py
[2023-10-29T01:16:19.026+0000] {processor.py:829} INFO - Processing file /usr/local/lib/python3.10/dist-packages/airflow/example_dags/tutorial_dag.py for tasks to queue
[2023-10-29T01:16:19.027+0000] {logging_mixin.py:151} INFO - [2023-10-29T01:16:19.027+0000] {dagbag.py:536} INFO - Filling up the DagBag from /usr/local/lib/python3.10/dist-packages/airflow/example_dags/tutorial_dag.py
[2023-10-29T01:16:19.033+0000] {processor.py:839} INFO - DAG(s) dict_keys(['tutorial_dag']) retrieved from /usr/local/lib/python3.10/dist-packages/airflow/example_dags/tutorial_dag.py
[2023-10-29T01:16:19.050+0000] {logging_mixin.py:151} INFO - [2023-10-29T01:16:19.050+0000] {dag.py:2941} INFO - Sync 1 DAGs
[2023-10-29T01:16:19.062+0000] {logging_mixin.py:151} INFO - [2023-10-29T01:16:19.062+0000] {dag.py:3722} INFO - Setting next_dagrun for tutorial_dag to None, run_after=None
[2023-10-29T01:16:19.083+0000] {processor.py:179} INFO - Processing /usr/local/lib/python3.10/dist-packages/airflow/example_dags/tutorial_dag.py took 0.061 seconds
[2023-10-29T01:17:06.490+0000] {processor.py:157} INFO - Started process (PID=4996) to work on /usr/local/lib/python3.10/dist-packages/airflow/example_dags/tutorial_dag.py
[2023-10-29T01:17:06.491+0000] {processor.py:829} INFO - Processing file /usr/local/lib/python3.10/dist-packages/airflow/example_dags/tutorial_dag.py for tasks to queue
[2023-10-29T01:17:06.492+0000] {logging_mixin.py:151} INFO - [2023-10-29T01:17:06.492+0000] {dagbag.py:536} INFO - Filling up the DagBag from /usr/local/lib/python3.10/dist-packages/airflow/example_dags/tutorial_dag.py
[2023-10-29T01:17:06.498+0000] {processor.py:839} INFO - DAG(s) dict_keys(['tutorial_dag']) retrieved from /usr/local/lib/python3.10/dist-packages/airflow/example_dags/tutorial_dag.py
[2023-10-29T01:17:06.515+0000] {logging_mixin.py:151} INFO - [2023-10-29T01:17:06.515+0000] {dag.py:2941} INFO - Sync 1 DAGs
[2023-10-29T01:17:06.527+0000] {logging_mixin.py:151} INFO - [2023-10-29T01:17:06.527+0000] {dag.py:3722} INFO - Setting next_dagrun for tutorial_dag to None, run_after=None
[2023-10-29T01:17:06.548+0000] {processor.py:179} INFO - Processing /usr/local/lib/python3.10/dist-packages/airflow/example_dags/tutorial_dag.py took 0.061 seconds
[2023-10-29T01:17:51.751+0000] {processor.py:157} INFO - Started process (PID=5043) to work on /usr/local/lib/python3.10/dist-packages/airflow/example_dags/tutorial_dag.py
[2023-10-29T01:17:51.752+0000] {processor.py:829} INFO - Processing file /usr/local/lib/python3.10/dist-packages/airflow/example_dags/tutorial_dag.py for tasks to queue
[2023-10-29T01:17:51.753+0000] {logging_mixin.py:151} INFO - [2023-10-29T01:17:51.752+0000] {dagbag.py:536} INFO - Filling up the DagBag from /usr/local/lib/python3.10/dist-packages/airflow/example_dags/tutorial_dag.py
[2023-10-29T01:17:51.758+0000] {processor.py:839} INFO - DAG(s) dict_keys(['tutorial_dag']) retrieved from /usr/local/lib/python3.10/dist-packages/airflow/example_dags/tutorial_dag.py
[2023-10-29T01:17:51.775+0000] {logging_mixin.py:151} INFO - [2023-10-29T01:17:51.775+0000] {dag.py:2941} INFO - Sync 1 DAGs
[2023-10-29T01:17:51.787+0000] {logging_mixin.py:151} INFO - [2023-10-29T01:17:51.787+0000] {dag.py:3722} INFO - Setting next_dagrun for tutorial_dag to None, run_after=None
[2023-10-29T01:17:51.808+0000] {processor.py:179} INFO - Processing /usr/local/lib/python3.10/dist-packages/airflow/example_dags/tutorial_dag.py took 0.060 seconds
[2023-10-29T01:18:38.079+0000] {processor.py:157} INFO - Started process (PID=5091) to work on /usr/local/lib/python3.10/dist-packages/airflow/example_dags/tutorial_dag.py
[2023-10-29T01:18:38.080+0000] {processor.py:829} INFO - Processing file /usr/local/lib/python3.10/dist-packages/airflow/example_dags/tutorial_dag.py for tasks to queue
[2023-10-29T01:18:38.081+0000] {logging_mixin.py:151} INFO - [2023-10-29T01:18:38.081+0000] {dagbag.py:536} INFO - Filling up the DagBag from /usr/local/lib/python3.10/dist-packages/airflow/example_dags/tutorial_dag.py
[2023-10-29T01:18:38.086+0000] {processor.py:839} INFO - DAG(s) dict_keys(['tutorial_dag']) retrieved from /usr/local/lib/python3.10/dist-packages/airflow/example_dags/tutorial_dag.py
[2023-10-29T01:18:38.104+0000] {logging_mixin.py:151} INFO - [2023-10-29T01:18:38.103+0000] {dag.py:2941} INFO - Sync 1 DAGs
[2023-10-29T01:18:38.115+0000] {logging_mixin.py:151} INFO - [2023-10-29T01:18:38.115+0000] {dag.py:3722} INFO - Setting next_dagrun for tutorial_dag to None, run_after=None
[2023-10-29T01:18:38.136+0000] {processor.py:179} INFO - Processing /usr/local/lib/python3.10/dist-packages/airflow/example_dags/tutorial_dag.py took 0.061 seconds
[2023-10-29T01:19:26.758+0000] {processor.py:157} INFO - Started process (PID=5139) to work on /usr/local/lib/python3.10/dist-packages/airflow/example_dags/tutorial_dag.py
[2023-10-29T01:19:26.759+0000] {processor.py:829} INFO - Processing file /usr/local/lib/python3.10/dist-packages/airflow/example_dags/tutorial_dag.py for tasks to queue
[2023-10-29T01:19:26.760+0000] {logging_mixin.py:151} INFO - [2023-10-29T01:19:26.759+0000] {dagbag.py:536} INFO - Filling up the DagBag from /usr/local/lib/python3.10/dist-packages/airflow/example_dags/tutorial_dag.py
[2023-10-29T01:19:26.766+0000] {processor.py:839} INFO - DAG(s) dict_keys(['tutorial_dag']) retrieved from /usr/local/lib/python3.10/dist-packages/airflow/example_dags/tutorial_dag.py
[2023-10-29T01:19:26.782+0000] {logging_mixin.py:151} INFO - [2023-10-29T01:19:26.782+0000] {dag.py:2941} INFO - Sync 1 DAGs
[2023-10-29T01:19:26.794+0000] {logging_mixin.py:151} INFO - [2023-10-29T01:19:26.794+0000] {dag.py:3722} INFO - Setting next_dagrun for tutorial_dag to None, run_after=None
[2023-10-29T01:19:26.815+0000] {processor.py:179} INFO - Processing /usr/local/lib/python3.10/dist-packages/airflow/example_dags/tutorial_dag.py took 0.061 seconds
[2023-10-29T01:20:14.233+0000] {processor.py:157} INFO - Started process (PID=5188) to work on /usr/local/lib/python3.10/dist-packages/airflow/example_dags/tutorial_dag.py
[2023-10-29T01:20:14.234+0000] {processor.py:829} INFO - Processing file /usr/local/lib/python3.10/dist-packages/airflow/example_dags/tutorial_dag.py for tasks to queue
[2023-10-29T01:20:14.235+0000] {logging_mixin.py:151} INFO - [2023-10-29T01:20:14.235+0000] {dagbag.py:536} INFO - Filling up the DagBag from /usr/local/lib/python3.10/dist-packages/airflow/example_dags/tutorial_dag.py
[2023-10-29T01:20:14.241+0000] {processor.py:839} INFO - DAG(s) dict_keys(['tutorial_dag']) retrieved from /usr/local/lib/python3.10/dist-packages/airflow/example_dags/tutorial_dag.py
[2023-10-29T01:20:14.258+0000] {logging_mixin.py:151} INFO - [2023-10-29T01:20:14.257+0000] {dag.py:2941} INFO - Sync 1 DAGs
[2023-10-29T01:20:14.269+0000] {logging_mixin.py:151} INFO - [2023-10-29T01:20:14.269+0000] {dag.py:3722} INFO - Setting next_dagrun for tutorial_dag to None, run_after=None
[2023-10-29T01:20:14.291+0000] {processor.py:179} INFO - Processing /usr/local/lib/python3.10/dist-packages/airflow/example_dags/tutorial_dag.py took 0.060 seconds
[2023-10-29T01:20:59.109+0000] {processor.py:157} INFO - Started process (PID=5235) to work on /usr/local/lib/python3.10/dist-packages/airflow/example_dags/tutorial_dag.py
[2023-10-29T01:20:59.111+0000] {processor.py:829} INFO - Processing file /usr/local/lib/python3.10/dist-packages/airflow/example_dags/tutorial_dag.py for tasks to queue
[2023-10-29T01:20:59.111+0000] {logging_mixin.py:151} INFO - [2023-10-29T01:20:59.111+0000] {dagbag.py:536} INFO - Filling up the DagBag from /usr/local/lib/python3.10/dist-packages/airflow/example_dags/tutorial_dag.py
[2023-10-29T01:20:59.117+0000] {processor.py:839} INFO - DAG(s) dict_keys(['tutorial_dag']) retrieved from /usr/local/lib/python3.10/dist-packages/airflow/example_dags/tutorial_dag.py
[2023-10-29T01:20:59.134+0000] {logging_mixin.py:151} INFO - [2023-10-29T01:20:59.134+0000] {dag.py:2941} INFO - Sync 1 DAGs
[2023-10-29T01:20:59.146+0000] {logging_mixin.py:151} INFO - [2023-10-29T01:20:59.146+0000] {dag.py:3722} INFO - Setting next_dagrun for tutorial_dag to None, run_after=None
[2023-10-29T01:20:59.167+0000] {processor.py:179} INFO - Processing /usr/local/lib/python3.10/dist-packages/airflow/example_dags/tutorial_dag.py took 0.061 seconds
[2023-10-29T01:21:47.659+0000] {processor.py:157} INFO - Started process (PID=5283) to work on /usr/local/lib/python3.10/dist-packages/airflow/example_dags/tutorial_dag.py
[2023-10-29T01:21:47.660+0000] {processor.py:829} INFO - Processing file /usr/local/lib/python3.10/dist-packages/airflow/example_dags/tutorial_dag.py for tasks to queue
[2023-10-29T01:21:47.661+0000] {logging_mixin.py:151} INFO - [2023-10-29T01:21:47.661+0000] {dagbag.py:536} INFO - Filling up the DagBag from /usr/local/lib/python3.10/dist-packages/airflow/example_dags/tutorial_dag.py
[2023-10-29T01:21:47.667+0000] {processor.py:839} INFO - DAG(s) dict_keys(['tutorial_dag']) retrieved from /usr/local/lib/python3.10/dist-packages/airflow/example_dags/tutorial_dag.py
[2023-10-29T01:21:47.684+0000] {logging_mixin.py:151} INFO - [2023-10-29T01:21:47.683+0000] {dag.py:2941} INFO - Sync 1 DAGs
[2023-10-29T01:21:47.695+0000] {logging_mixin.py:151} INFO - [2023-10-29T01:21:47.695+0000] {dag.py:3722} INFO - Setting next_dagrun for tutorial_dag to None, run_after=None
[2023-10-29T01:21:47.717+0000] {processor.py:179} INFO - Processing /usr/local/lib/python3.10/dist-packages/airflow/example_dags/tutorial_dag.py took 0.062 seconds
[2023-10-29T01:22:36.028+0000] {processor.py:157} INFO - Started process (PID=5334) to work on /usr/local/lib/python3.10/dist-packages/airflow/example_dags/tutorial_dag.py
[2023-10-29T01:22:36.029+0000] {processor.py:829} INFO - Processing file /usr/local/lib/python3.10/dist-packages/airflow/example_dags/tutorial_dag.py for tasks to queue
[2023-10-29T01:22:36.030+0000] {logging_mixin.py:151} INFO - [2023-10-29T01:22:36.030+0000] {dagbag.py:536} INFO - Filling up the DagBag from /usr/local/lib/python3.10/dist-packages/airflow/example_dags/tutorial_dag.py
[2023-10-29T01:22:36.036+0000] {processor.py:839} INFO - DAG(s) dict_keys(['tutorial_dag']) retrieved from /usr/local/lib/python3.10/dist-packages/airflow/example_dags/tutorial_dag.py
[2023-10-29T01:22:36.054+0000] {logging_mixin.py:151} INFO - [2023-10-29T01:22:36.054+0000] {dag.py:2941} INFO - Sync 1 DAGs
[2023-10-29T01:22:36.066+0000] {logging_mixin.py:151} INFO - [2023-10-29T01:22:36.065+0000] {dag.py:3722} INFO - Setting next_dagrun for tutorial_dag to None, run_after=None
[2023-10-29T01:22:36.087+0000] {processor.py:179} INFO - Processing /usr/local/lib/python3.10/dist-packages/airflow/example_dags/tutorial_dag.py took 0.062 seconds
[2023-10-29T01:23:22.417+0000] {processor.py:157} INFO - Started process (PID=5382) to work on /usr/local/lib/python3.10/dist-packages/airflow/example_dags/tutorial_dag.py
[2023-10-29T01:23:22.418+0000] {processor.py:829} INFO - Processing file /usr/local/lib/python3.10/dist-packages/airflow/example_dags/tutorial_dag.py for tasks to queue
[2023-10-29T01:23:22.419+0000] {logging_mixin.py:151} INFO - [2023-10-29T01:23:22.419+0000] {dagbag.py:536} INFO - Filling up the DagBag from /usr/local/lib/python3.10/dist-packages/airflow/example_dags/tutorial_dag.py
[2023-10-29T01:23:22.424+0000] {processor.py:839} INFO - DAG(s) dict_keys(['tutorial_dag']) retrieved from /usr/local/lib/python3.10/dist-packages/airflow/example_dags/tutorial_dag.py
[2023-10-29T01:23:22.442+0000] {logging_mixin.py:151} INFO - [2023-10-29T01:23:22.442+0000] {dag.py:2941} INFO - Sync 1 DAGs
[2023-10-29T01:23:22.453+0000] {logging_mixin.py:151} INFO - [2023-10-29T01:23:22.453+0000] {dag.py:3722} INFO - Setting next_dagrun for tutorial_dag to None, run_after=None
[2023-10-29T01:23:22.476+0000] {processor.py:179} INFO - Processing /usr/local/lib/python3.10/dist-packages/airflow/example_dags/tutorial_dag.py took 0.062 seconds
[2023-10-29T01:24:14.088+0000] {processor.py:157} INFO - Started process (PID=5434) to work on /usr/local/lib/python3.10/dist-packages/airflow/example_dags/tutorial_dag.py
[2023-10-29T01:24:14.090+0000] {processor.py:829} INFO - Processing file /usr/local/lib/python3.10/dist-packages/airflow/example_dags/tutorial_dag.py for tasks to queue
[2023-10-29T01:24:14.091+0000] {logging_mixin.py:151} INFO - [2023-10-29T01:24:14.090+0000] {dagbag.py:536} INFO - Filling up the DagBag from /usr/local/lib/python3.10/dist-packages/airflow/example_dags/tutorial_dag.py
[2023-10-29T01:24:14.096+0000] {processor.py:839} INFO - DAG(s) dict_keys(['tutorial_dag']) retrieved from /usr/local/lib/python3.10/dist-packages/airflow/example_dags/tutorial_dag.py
[2023-10-29T01:24:14.114+0000] {logging_mixin.py:151} INFO - [2023-10-29T01:24:14.114+0000] {dag.py:2941} INFO - Sync 1 DAGs
[2023-10-29T01:24:14.126+0000] {logging_mixin.py:151} INFO - [2023-10-29T01:24:14.126+0000] {dag.py:3722} INFO - Setting next_dagrun for tutorial_dag to None, run_after=None
[2023-10-29T01:24:14.148+0000] {processor.py:179} INFO - Processing /usr/local/lib/python3.10/dist-packages/airflow/example_dags/tutorial_dag.py took 0.062 seconds
[2023-10-29T01:25:03.938+0000] {processor.py:157} INFO - Started process (PID=5484) to work on /usr/local/lib/python3.10/dist-packages/airflow/example_dags/tutorial_dag.py
[2023-10-29T01:25:03.940+0000] {processor.py:829} INFO - Processing file /usr/local/lib/python3.10/dist-packages/airflow/example_dags/tutorial_dag.py for tasks to queue
[2023-10-29T01:25:03.941+0000] {logging_mixin.py:151} INFO - [2023-10-29T01:25:03.940+0000] {dagbag.py:536} INFO - Filling up the DagBag from /usr/local/lib/python3.10/dist-packages/airflow/example_dags/tutorial_dag.py
[2023-10-29T01:25:03.946+0000] {processor.py:839} INFO - DAG(s) dict_keys(['tutorial_dag']) retrieved from /usr/local/lib/python3.10/dist-packages/airflow/example_dags/tutorial_dag.py
[2023-10-29T01:25:03.964+0000] {logging_mixin.py:151} INFO - [2023-10-29T01:25:03.963+0000] {dag.py:2941} INFO - Sync 1 DAGs
[2023-10-29T01:25:03.975+0000] {logging_mixin.py:151} INFO - [2023-10-29T01:25:03.975+0000] {dag.py:3722} INFO - Setting next_dagrun for tutorial_dag to None, run_after=None
[2023-10-29T01:25:03.998+0000] {processor.py:179} INFO - Processing /usr/local/lib/python3.10/dist-packages/airflow/example_dags/tutorial_dag.py took 0.062 seconds
