[2023-10-29T01:01:18.802+0000] {processor.py:157} INFO - Started process (PID=3628) to work on /usr/local/lib/python3.10/dist-packages/airflow/example_dags/tutorial.py
[2023-10-29T01:01:18.803+0000] {processor.py:829} INFO - Processing file /usr/local/lib/python3.10/dist-packages/airflow/example_dags/tutorial.py for tasks to queue
[2023-10-29T01:01:18.803+0000] {logging_mixin.py:151} INFO - [2023-10-29T01:01:18.803+0000] {dagbag.py:536} INFO - Filling up the DagBag from /usr/local/lib/python3.10/dist-packages/airflow/example_dags/tutorial.py
[2023-10-29T01:01:18.812+0000] {processor.py:839} INFO - DAG(s) dict_keys(['tutorial']) retrieved from /usr/local/lib/python3.10/dist-packages/airflow/example_dags/tutorial.py
[2023-10-29T01:01:19.029+0000] {logging_mixin.py:151} INFO - [2023-10-29T01:01:19.029+0000] {manager.py:499} INFO - Created Permission View: %s
[2023-10-29T01:01:19.044+0000] {logging_mixin.py:151} INFO - [2023-10-29T01:01:19.043+0000] {manager.py:499} INFO - Created Permission View: %s
[2023-10-29T01:01:19.054+0000] {logging_mixin.py:151} INFO - [2023-10-29T01:01:19.054+0000] {manager.py:499} INFO - Created Permission View: %s
[2023-10-29T01:01:19.055+0000] {logging_mixin.py:151} INFO - [2023-10-29T01:01:19.054+0000] {dag.py:2941} INFO - Sync 1 DAGs
[2023-10-29T01:01:19.065+0000] {logging_mixin.py:151} INFO - [2023-10-29T01:01:19.065+0000] {dag.py:2963} INFO - Creating ORM DAG for tutorial
[2023-10-29T01:01:19.073+0000] {logging_mixin.py:151} INFO - [2023-10-29T01:01:19.073+0000] {dag.py:3722} INFO - Setting next_dagrun for tutorial to 2023-10-28T01:01:19.073066+00:00, run_after=2023-10-29T01:01:19.073066+00:00
[2023-10-29T01:01:19.096+0000] {processor.py:179} INFO - Processing /usr/local/lib/python3.10/dist-packages/airflow/example_dags/tutorial.py took 0.297 seconds
[2023-10-29T01:02:08.475+0000] {processor.py:157} INFO - Started process (PID=3679) to work on /usr/local/lib/python3.10/dist-packages/airflow/example_dags/tutorial.py
[2023-10-29T01:02:08.477+0000] {processor.py:829} INFO - Processing file /usr/local/lib/python3.10/dist-packages/airflow/example_dags/tutorial.py for tasks to queue
[2023-10-29T01:02:08.477+0000] {logging_mixin.py:151} INFO - [2023-10-29T01:02:08.477+0000] {dagbag.py:536} INFO - Filling up the DagBag from /usr/local/lib/python3.10/dist-packages/airflow/example_dags/tutorial.py
[2023-10-29T01:02:08.485+0000] {processor.py:839} INFO - DAG(s) dict_keys(['tutorial']) retrieved from /usr/local/lib/python3.10/dist-packages/airflow/example_dags/tutorial.py
[2023-10-29T01:02:08.501+0000] {logging_mixin.py:151} INFO - [2023-10-29T01:02:08.501+0000] {dag.py:2941} INFO - Sync 1 DAGs
[2023-10-29T01:02:08.522+0000] {logging_mixin.py:151} INFO - [2023-10-29T01:02:08.522+0000] {dag.py:3722} INFO - Setting next_dagrun for tutorial to 2023-10-28T01:02:08.522086+00:00, run_after=2023-10-29T01:02:08.522086+00:00
[2023-10-29T01:02:08.544+0000] {processor.py:179} INFO - Processing /usr/local/lib/python3.10/dist-packages/airflow/example_dags/tutorial.py took 0.072 seconds
[2023-10-29T01:02:53.451+0000] {processor.py:157} INFO - Started process (PID=3725) to work on /usr/local/lib/python3.10/dist-packages/airflow/example_dags/tutorial.py
[2023-10-29T01:02:53.452+0000] {processor.py:829} INFO - Processing file /usr/local/lib/python3.10/dist-packages/airflow/example_dags/tutorial.py for tasks to queue
[2023-10-29T01:02:53.453+0000] {logging_mixin.py:151} INFO - [2023-10-29T01:02:53.453+0000] {dagbag.py:536} INFO - Filling up the DagBag from /usr/local/lib/python3.10/dist-packages/airflow/example_dags/tutorial.py
[2023-10-29T01:02:53.460+0000] {processor.py:839} INFO - DAG(s) dict_keys(['tutorial']) retrieved from /usr/local/lib/python3.10/dist-packages/airflow/example_dags/tutorial.py
[2023-10-29T01:02:53.476+0000] {logging_mixin.py:151} INFO - [2023-10-29T01:02:53.476+0000] {dag.py:2941} INFO - Sync 1 DAGs
[2023-10-29T01:02:53.496+0000] {logging_mixin.py:151} INFO - [2023-10-29T01:02:53.496+0000] {dag.py:3722} INFO - Setting next_dagrun for tutorial to 2023-10-28T01:02:53.495941+00:00, run_after=2023-10-29T01:02:53.495941+00:00
[2023-10-29T01:02:53.517+0000] {processor.py:179} INFO - Processing /usr/local/lib/python3.10/dist-packages/airflow/example_dags/tutorial.py took 0.069 seconds
[2023-10-29T01:03:37.969+0000] {processor.py:157} INFO - Started process (PID=3772) to work on /usr/local/lib/python3.10/dist-packages/airflow/example_dags/tutorial.py
[2023-10-29T01:03:37.971+0000] {processor.py:829} INFO - Processing file /usr/local/lib/python3.10/dist-packages/airflow/example_dags/tutorial.py for tasks to queue
[2023-10-29T01:03:37.971+0000] {logging_mixin.py:151} INFO - [2023-10-29T01:03:37.971+0000] {dagbag.py:536} INFO - Filling up the DagBag from /usr/local/lib/python3.10/dist-packages/airflow/example_dags/tutorial.py
[2023-10-29T01:03:37.978+0000] {processor.py:839} INFO - DAG(s) dict_keys(['tutorial']) retrieved from /usr/local/lib/python3.10/dist-packages/airflow/example_dags/tutorial.py
[2023-10-29T01:03:37.995+0000] {logging_mixin.py:151} INFO - [2023-10-29T01:03:37.995+0000] {dag.py:2941} INFO - Sync 1 DAGs
[2023-10-29T01:03:38.015+0000] {logging_mixin.py:151} INFO - [2023-10-29T01:03:38.015+0000] {dag.py:3722} INFO - Setting next_dagrun for tutorial to 2023-10-28T01:03:38.015029+00:00, run_after=2023-10-29T01:03:38.015029+00:00
[2023-10-29T01:03:38.038+0000] {processor.py:179} INFO - Processing /usr/local/lib/python3.10/dist-packages/airflow/example_dags/tutorial.py took 0.072 seconds
[2023-10-29T01:04:20.975+0000] {processor.py:157} INFO - Started process (PID=3818) to work on /usr/local/lib/python3.10/dist-packages/airflow/example_dags/tutorial.py
[2023-10-29T01:04:20.976+0000] {processor.py:829} INFO - Processing file /usr/local/lib/python3.10/dist-packages/airflow/example_dags/tutorial.py for tasks to queue
[2023-10-29T01:04:20.977+0000] {logging_mixin.py:151} INFO - [2023-10-29T01:04:20.976+0000] {dagbag.py:536} INFO - Filling up the DagBag from /usr/local/lib/python3.10/dist-packages/airflow/example_dags/tutorial.py
[2023-10-29T01:04:20.984+0000] {processor.py:839} INFO - DAG(s) dict_keys(['tutorial']) retrieved from /usr/local/lib/python3.10/dist-packages/airflow/example_dags/tutorial.py
[2023-10-29T01:04:20.999+0000] {logging_mixin.py:151} INFO - [2023-10-29T01:04:20.999+0000] {dag.py:2941} INFO - Sync 1 DAGs
[2023-10-29T01:04:21.019+0000] {logging_mixin.py:151} INFO - [2023-10-29T01:04:21.019+0000] {dag.py:3722} INFO - Setting next_dagrun for tutorial to 2023-10-28T01:04:21.019215+00:00, run_after=2023-10-29T01:04:21.019215+00:00
[2023-10-29T01:04:21.041+0000] {processor.py:179} INFO - Processing /usr/local/lib/python3.10/dist-packages/airflow/example_dags/tutorial.py took 0.070 seconds
[2023-10-29T01:05:02.313+0000] {processor.py:157} INFO - Started process (PID=3861) to work on /usr/local/lib/python3.10/dist-packages/airflow/example_dags/tutorial.py
[2023-10-29T01:05:02.315+0000] {processor.py:829} INFO - Processing file /usr/local/lib/python3.10/dist-packages/airflow/example_dags/tutorial.py for tasks to queue
[2023-10-29T01:05:02.316+0000] {logging_mixin.py:151} INFO - [2023-10-29T01:05:02.315+0000] {dagbag.py:536} INFO - Filling up the DagBag from /usr/local/lib/python3.10/dist-packages/airflow/example_dags/tutorial.py
[2023-10-29T01:05:02.323+0000] {processor.py:839} INFO - DAG(s) dict_keys(['tutorial']) retrieved from /usr/local/lib/python3.10/dist-packages/airflow/example_dags/tutorial.py
[2023-10-29T01:05:02.340+0000] {logging_mixin.py:151} INFO - [2023-10-29T01:05:02.340+0000] {dag.py:2941} INFO - Sync 1 DAGs
[2023-10-29T01:05:02.361+0000] {logging_mixin.py:151} INFO - [2023-10-29T01:05:02.360+0000] {dag.py:3722} INFO - Setting next_dagrun for tutorial to 2023-10-28T01:05:02.360674+00:00, run_after=2023-10-29T01:05:02.360674+00:00
[2023-10-29T01:05:02.384+0000] {processor.py:179} INFO - Processing /usr/local/lib/python3.10/dist-packages/airflow/example_dags/tutorial.py took 0.074 seconds
[2023-10-29T01:05:49.927+0000] {processor.py:157} INFO - Started process (PID=3911) to work on /usr/local/lib/python3.10/dist-packages/airflow/example_dags/tutorial.py
[2023-10-29T01:05:49.928+0000] {processor.py:829} INFO - Processing file /usr/local/lib/python3.10/dist-packages/airflow/example_dags/tutorial.py for tasks to queue
[2023-10-29T01:05:49.929+0000] {logging_mixin.py:151} INFO - [2023-10-29T01:05:49.929+0000] {dagbag.py:536} INFO - Filling up the DagBag from /usr/local/lib/python3.10/dist-packages/airflow/example_dags/tutorial.py
[2023-10-29T01:05:49.936+0000] {processor.py:839} INFO - DAG(s) dict_keys(['tutorial']) retrieved from /usr/local/lib/python3.10/dist-packages/airflow/example_dags/tutorial.py
[2023-10-29T01:05:49.953+0000] {logging_mixin.py:151} INFO - [2023-10-29T01:05:49.952+0000] {dag.py:2941} INFO - Sync 1 DAGs
[2023-10-29T01:05:49.972+0000] {logging_mixin.py:151} INFO - [2023-10-29T01:05:49.972+0000] {dag.py:3722} INFO - Setting next_dagrun for tutorial to 2023-10-28T01:05:49.972155+00:00, run_after=2023-10-29T01:05:49.972155+00:00
[2023-10-29T01:05:49.993+0000] {processor.py:179} INFO - Processing /usr/local/lib/python3.10/dist-packages/airflow/example_dags/tutorial.py took 0.069 seconds
[2023-10-29T01:06:37.951+0000] {processor.py:157} INFO - Started process (PID=3961) to work on /usr/local/lib/python3.10/dist-packages/airflow/example_dags/tutorial.py
[2023-10-29T01:06:37.953+0000] {processor.py:829} INFO - Processing file /usr/local/lib/python3.10/dist-packages/airflow/example_dags/tutorial.py for tasks to queue
[2023-10-29T01:06:37.954+0000] {logging_mixin.py:151} INFO - [2023-10-29T01:06:37.953+0000] {dagbag.py:536} INFO - Filling up the DagBag from /usr/local/lib/python3.10/dist-packages/airflow/example_dags/tutorial.py
[2023-10-29T01:06:37.961+0000] {processor.py:839} INFO - DAG(s) dict_keys(['tutorial']) retrieved from /usr/local/lib/python3.10/dist-packages/airflow/example_dags/tutorial.py
[2023-10-29T01:06:37.977+0000] {logging_mixin.py:151} INFO - [2023-10-29T01:06:37.976+0000] {dag.py:2941} INFO - Sync 1 DAGs
[2023-10-29T01:06:37.996+0000] {logging_mixin.py:151} INFO - [2023-10-29T01:06:37.996+0000] {dag.py:3722} INFO - Setting next_dagrun for tutorial to 2023-10-28T01:06:37.996524+00:00, run_after=2023-10-29T01:06:37.996524+00:00
[2023-10-29T01:06:38.019+0000] {processor.py:179} INFO - Processing /usr/local/lib/python3.10/dist-packages/airflow/example_dags/tutorial.py took 0.070 seconds
[2023-10-29T01:07:17.867+0000] {processor.py:157} INFO - Started process (PID=4006) to work on /usr/local/lib/python3.10/dist-packages/airflow/example_dags/tutorial.py
[2023-10-29T01:07:17.868+0000] {processor.py:829} INFO - Processing file /usr/local/lib/python3.10/dist-packages/airflow/example_dags/tutorial.py for tasks to queue
[2023-10-29T01:07:17.869+0000] {logging_mixin.py:151} INFO - [2023-10-29T01:07:17.869+0000] {dagbag.py:536} INFO - Filling up the DagBag from /usr/local/lib/python3.10/dist-packages/airflow/example_dags/tutorial.py
[2023-10-29T01:07:17.876+0000] {processor.py:839} INFO - DAG(s) dict_keys(['tutorial']) retrieved from /usr/local/lib/python3.10/dist-packages/airflow/example_dags/tutorial.py
[2023-10-29T01:07:17.893+0000] {logging_mixin.py:151} INFO - [2023-10-29T01:07:17.893+0000] {dag.py:2941} INFO - Sync 1 DAGs
[2023-10-29T01:07:17.913+0000] {logging_mixin.py:151} INFO - [2023-10-29T01:07:17.913+0000] {dag.py:3722} INFO - Setting next_dagrun for tutorial to 2023-10-28T01:07:17.912938+00:00, run_after=2023-10-29T01:07:17.912938+00:00
[2023-10-29T01:07:17.936+0000] {processor.py:179} INFO - Processing /usr/local/lib/python3.10/dist-packages/airflow/example_dags/tutorial.py took 0.072 seconds
[2023-10-29T01:08:07.559+0000] {processor.py:157} INFO - Started process (PID=4054) to work on /usr/local/lib/python3.10/dist-packages/airflow/example_dags/tutorial.py
[2023-10-29T01:08:07.560+0000] {processor.py:829} INFO - Processing file /usr/local/lib/python3.10/dist-packages/airflow/example_dags/tutorial.py for tasks to queue
[2023-10-29T01:08:07.561+0000] {logging_mixin.py:151} INFO - [2023-10-29T01:08:07.561+0000] {dagbag.py:536} INFO - Filling up the DagBag from /usr/local/lib/python3.10/dist-packages/airflow/example_dags/tutorial.py
[2023-10-29T01:08:07.568+0000] {processor.py:839} INFO - DAG(s) dict_keys(['tutorial']) retrieved from /usr/local/lib/python3.10/dist-packages/airflow/example_dags/tutorial.py
[2023-10-29T01:08:07.585+0000] {logging_mixin.py:151} INFO - [2023-10-29T01:08:07.585+0000] {dag.py:2941} INFO - Sync 1 DAGs
[2023-10-29T01:08:07.605+0000] {logging_mixin.py:151} INFO - [2023-10-29T01:08:07.605+0000] {dag.py:3722} INFO - Setting next_dagrun for tutorial to 2023-10-28T01:08:07.605007+00:00, run_after=2023-10-29T01:08:07.605007+00:00
[2023-10-29T01:08:07.627+0000] {processor.py:179} INFO - Processing /usr/local/lib/python3.10/dist-packages/airflow/example_dags/tutorial.py took 0.071 seconds
[2023-10-29T01:08:53.871+0000] {processor.py:157} INFO - Started process (PID=4102) to work on /usr/local/lib/python3.10/dist-packages/airflow/example_dags/tutorial.py
[2023-10-29T01:08:53.872+0000] {processor.py:829} INFO - Processing file /usr/local/lib/python3.10/dist-packages/airflow/example_dags/tutorial.py for tasks to queue
[2023-10-29T01:08:53.873+0000] {logging_mixin.py:151} INFO - [2023-10-29T01:08:53.873+0000] {dagbag.py:536} INFO - Filling up the DagBag from /usr/local/lib/python3.10/dist-packages/airflow/example_dags/tutorial.py
[2023-10-29T01:08:53.881+0000] {processor.py:839} INFO - DAG(s) dict_keys(['tutorial']) retrieved from /usr/local/lib/python3.10/dist-packages/airflow/example_dags/tutorial.py
[2023-10-29T01:08:53.897+0000] {logging_mixin.py:151} INFO - [2023-10-29T01:08:53.897+0000] {dag.py:2941} INFO - Sync 1 DAGs
[2023-10-29T01:08:53.917+0000] {logging_mixin.py:151} INFO - [2023-10-29T01:08:53.917+0000] {dag.py:3722} INFO - Setting next_dagrun for tutorial to 2023-10-28T01:08:53.916823+00:00, run_after=2023-10-29T01:08:53.916823+00:00
[2023-10-29T01:08:53.941+0000] {processor.py:179} INFO - Processing /usr/local/lib/python3.10/dist-packages/airflow/example_dags/tutorial.py took 0.073 seconds
[2023-10-29T01:09:41.294+0000] {processor.py:157} INFO - Started process (PID=4150) to work on /usr/local/lib/python3.10/dist-packages/airflow/example_dags/tutorial.py
[2023-10-29T01:09:41.295+0000] {processor.py:829} INFO - Processing file /usr/local/lib/python3.10/dist-packages/airflow/example_dags/tutorial.py for tasks to queue
[2023-10-29T01:09:41.296+0000] {logging_mixin.py:151} INFO - [2023-10-29T01:09:41.295+0000] {dagbag.py:536} INFO - Filling up the DagBag from /usr/local/lib/python3.10/dist-packages/airflow/example_dags/tutorial.py
[2023-10-29T01:09:41.303+0000] {processor.py:839} INFO - DAG(s) dict_keys(['tutorial']) retrieved from /usr/local/lib/python3.10/dist-packages/airflow/example_dags/tutorial.py
[2023-10-29T01:09:41.319+0000] {logging_mixin.py:151} INFO - [2023-10-29T01:09:41.319+0000] {dag.py:2941} INFO - Sync 1 DAGs
[2023-10-29T01:09:41.338+0000] {logging_mixin.py:151} INFO - [2023-10-29T01:09:41.338+0000] {dag.py:3722} INFO - Setting next_dagrun for tutorial to 2023-10-28T01:09:41.338312+00:00, run_after=2023-10-29T01:09:41.338312+00:00
[2023-10-29T01:09:41.360+0000] {processor.py:179} INFO - Processing /usr/local/lib/python3.10/dist-packages/airflow/example_dags/tutorial.py took 0.069 seconds
[2023-10-29T01:10:29.593+0000] {processor.py:157} INFO - Started process (PID=4199) to work on /usr/local/lib/python3.10/dist-packages/airflow/example_dags/tutorial.py
[2023-10-29T01:10:29.594+0000] {processor.py:829} INFO - Processing file /usr/local/lib/python3.10/dist-packages/airflow/example_dags/tutorial.py for tasks to queue
[2023-10-29T01:10:29.595+0000] {logging_mixin.py:151} INFO - [2023-10-29T01:10:29.595+0000] {dagbag.py:536} INFO - Filling up the DagBag from /usr/local/lib/python3.10/dist-packages/airflow/example_dags/tutorial.py
[2023-10-29T01:10:29.602+0000] {processor.py:839} INFO - DAG(s) dict_keys(['tutorial']) retrieved from /usr/local/lib/python3.10/dist-packages/airflow/example_dags/tutorial.py
[2023-10-29T01:10:29.618+0000] {logging_mixin.py:151} INFO - [2023-10-29T01:10:29.618+0000] {dag.py:2941} INFO - Sync 1 DAGs
[2023-10-29T01:10:29.638+0000] {logging_mixin.py:151} INFO - [2023-10-29T01:10:29.638+0000] {dag.py:3722} INFO - Setting next_dagrun for tutorial to 2023-10-28T01:10:29.637864+00:00, run_after=2023-10-29T01:10:29.637864+00:00
[2023-10-29T01:10:29.659+0000] {processor.py:179} INFO - Processing /usr/local/lib/python3.10/dist-packages/airflow/example_dags/tutorial.py took 0.069 seconds
[2023-10-29T01:11:15.098+0000] {processor.py:157} INFO - Started process (PID=4248) to work on /usr/local/lib/python3.10/dist-packages/airflow/example_dags/tutorial.py
[2023-10-29T01:11:15.099+0000] {processor.py:829} INFO - Processing file /usr/local/lib/python3.10/dist-packages/airflow/example_dags/tutorial.py for tasks to queue
[2023-10-29T01:11:15.100+0000] {logging_mixin.py:151} INFO - [2023-10-29T01:11:15.100+0000] {dagbag.py:536} INFO - Filling up the DagBag from /usr/local/lib/python3.10/dist-packages/airflow/example_dags/tutorial.py
[2023-10-29T01:11:15.107+0000] {processor.py:839} INFO - DAG(s) dict_keys(['tutorial']) retrieved from /usr/local/lib/python3.10/dist-packages/airflow/example_dags/tutorial.py
[2023-10-29T01:11:15.124+0000] {logging_mixin.py:151} INFO - [2023-10-29T01:11:15.123+0000] {dag.py:2941} INFO - Sync 1 DAGs
[2023-10-29T01:11:15.143+0000] {logging_mixin.py:151} INFO - [2023-10-29T01:11:15.143+0000] {dag.py:3722} INFO - Setting next_dagrun for tutorial to 2023-10-28T01:11:15.143311+00:00, run_after=2023-10-29T01:11:15.143311+00:00
[2023-10-29T01:11:15.165+0000] {processor.py:179} INFO - Processing /usr/local/lib/python3.10/dist-packages/airflow/example_dags/tutorial.py took 0.070 seconds
[2023-10-29T01:12:02.169+0000] {processor.py:157} INFO - Started process (PID=4669) to work on /usr/local/lib/python3.10/dist-packages/airflow/example_dags/tutorial.py
[2023-10-29T01:12:02.170+0000] {processor.py:829} INFO - Processing file /usr/local/lib/python3.10/dist-packages/airflow/example_dags/tutorial.py for tasks to queue
[2023-10-29T01:12:02.171+0000] {logging_mixin.py:151} INFO - [2023-10-29T01:12:02.171+0000] {dagbag.py:536} INFO - Filling up the DagBag from /usr/local/lib/python3.10/dist-packages/airflow/example_dags/tutorial.py
[2023-10-29T01:12:02.178+0000] {processor.py:839} INFO - DAG(s) dict_keys(['tutorial']) retrieved from /usr/local/lib/python3.10/dist-packages/airflow/example_dags/tutorial.py
[2023-10-29T01:12:02.195+0000] {logging_mixin.py:151} INFO - [2023-10-29T01:12:02.195+0000] {dag.py:2941} INFO - Sync 1 DAGs
[2023-10-29T01:12:02.216+0000] {logging_mixin.py:151} INFO - [2023-10-29T01:12:02.215+0000] {dag.py:3722} INFO - Setting next_dagrun for tutorial to 2023-10-28T01:12:02.215673+00:00, run_after=2023-10-29T01:12:02.215673+00:00
[2023-10-29T01:12:02.238+0000] {processor.py:179} INFO - Processing /usr/local/lib/python3.10/dist-packages/airflow/example_dags/tutorial.py took 0.072 seconds
[2023-10-29T01:12:46.051+0000] {processor.py:157} INFO - Started process (PID=4720) to work on /usr/local/lib/python3.10/dist-packages/airflow/example_dags/tutorial.py
[2023-10-29T01:12:46.052+0000] {processor.py:829} INFO - Processing file /usr/local/lib/python3.10/dist-packages/airflow/example_dags/tutorial.py for tasks to queue
[2023-10-29T01:12:46.053+0000] {logging_mixin.py:151} INFO - [2023-10-29T01:12:46.053+0000] {dagbag.py:536} INFO - Filling up the DagBag from /usr/local/lib/python3.10/dist-packages/airflow/example_dags/tutorial.py
[2023-10-29T01:12:46.060+0000] {processor.py:839} INFO - DAG(s) dict_keys(['tutorial']) retrieved from /usr/local/lib/python3.10/dist-packages/airflow/example_dags/tutorial.py
[2023-10-29T01:12:46.077+0000] {logging_mixin.py:151} INFO - [2023-10-29T01:12:46.077+0000] {dag.py:2941} INFO - Sync 1 DAGs
[2023-10-29T01:12:46.097+0000] {logging_mixin.py:151} INFO - [2023-10-29T01:12:46.097+0000] {dag.py:3722} INFO - Setting next_dagrun for tutorial to 2023-10-28T01:12:46.097449+00:00, run_after=2023-10-29T01:12:46.097449+00:00
[2023-10-29T01:12:46.120+0000] {processor.py:179} INFO - Processing /usr/local/lib/python3.10/dist-packages/airflow/example_dags/tutorial.py took 0.073 seconds
[2023-10-29T01:13:25.157+0000] {processor.py:157} INFO - Started process (PID=4764) to work on /usr/local/lib/python3.10/dist-packages/airflow/example_dags/tutorial.py
[2023-10-29T01:13:25.158+0000] {processor.py:829} INFO - Processing file /usr/local/lib/python3.10/dist-packages/airflow/example_dags/tutorial.py for tasks to queue
[2023-10-29T01:13:25.159+0000] {logging_mixin.py:151} INFO - [2023-10-29T01:13:25.159+0000] {dagbag.py:536} INFO - Filling up the DagBag from /usr/local/lib/python3.10/dist-packages/airflow/example_dags/tutorial.py
[2023-10-29T01:13:25.166+0000] {processor.py:839} INFO - DAG(s) dict_keys(['tutorial']) retrieved from /usr/local/lib/python3.10/dist-packages/airflow/example_dags/tutorial.py
[2023-10-29T01:13:25.182+0000] {logging_mixin.py:151} INFO - [2023-10-29T01:13:25.182+0000] {dag.py:2941} INFO - Sync 1 DAGs
[2023-10-29T01:13:25.202+0000] {logging_mixin.py:151} INFO - [2023-10-29T01:13:25.202+0000] {dag.py:3722} INFO - Setting next_dagrun for tutorial to 2023-10-28T01:13:25.202122+00:00, run_after=2023-10-29T01:13:25.202122+00:00
[2023-10-29T01:13:25.223+0000] {processor.py:179} INFO - Processing /usr/local/lib/python3.10/dist-packages/airflow/example_dags/tutorial.py took 0.070 seconds
[2023-10-29T01:14:07.757+0000] {processor.py:157} INFO - Started process (PID=4809) to work on /usr/local/lib/python3.10/dist-packages/airflow/example_dags/tutorial.py
[2023-10-29T01:14:07.758+0000] {processor.py:829} INFO - Processing file /usr/local/lib/python3.10/dist-packages/airflow/example_dags/tutorial.py for tasks to queue
[2023-10-29T01:14:07.759+0000] {logging_mixin.py:151} INFO - [2023-10-29T01:14:07.758+0000] {dagbag.py:536} INFO - Filling up the DagBag from /usr/local/lib/python3.10/dist-packages/airflow/example_dags/tutorial.py
[2023-10-29T01:14:07.766+0000] {processor.py:839} INFO - DAG(s) dict_keys(['tutorial']) retrieved from /usr/local/lib/python3.10/dist-packages/airflow/example_dags/tutorial.py
[2023-10-29T01:14:07.782+0000] {logging_mixin.py:151} INFO - [2023-10-29T01:14:07.782+0000] {dag.py:2941} INFO - Sync 1 DAGs
[2023-10-29T01:14:07.802+0000] {logging_mixin.py:151} INFO - [2023-10-29T01:14:07.802+0000] {dag.py:3722} INFO - Setting next_dagrun for tutorial to 2023-10-28T01:14:07.801986+00:00, run_after=2023-10-29T01:14:07.801986+00:00
[2023-10-29T01:14:07.823+0000] {processor.py:179} INFO - Processing /usr/local/lib/python3.10/dist-packages/airflow/example_dags/tutorial.py took 0.069 seconds
[2023-10-29T01:14:51.176+0000] {processor.py:157} INFO - Started process (PID=4855) to work on /usr/local/lib/python3.10/dist-packages/airflow/example_dags/tutorial.py
[2023-10-29T01:14:51.177+0000] {processor.py:829} INFO - Processing file /usr/local/lib/python3.10/dist-packages/airflow/example_dags/tutorial.py for tasks to queue
[2023-10-29T01:14:51.178+0000] {logging_mixin.py:151} INFO - [2023-10-29T01:14:51.178+0000] {dagbag.py:536} INFO - Filling up the DagBag from /usr/local/lib/python3.10/dist-packages/airflow/example_dags/tutorial.py
[2023-10-29T01:14:51.186+0000] {processor.py:839} INFO - DAG(s) dict_keys(['tutorial']) retrieved from /usr/local/lib/python3.10/dist-packages/airflow/example_dags/tutorial.py
[2023-10-29T01:14:51.203+0000] {logging_mixin.py:151} INFO - [2023-10-29T01:14:51.203+0000] {dag.py:2941} INFO - Sync 1 DAGs
[2023-10-29T01:14:51.224+0000] {logging_mixin.py:151} INFO - [2023-10-29T01:14:51.224+0000] {dag.py:3722} INFO - Setting next_dagrun for tutorial to 2023-10-28T01:14:51.224490+00:00, run_after=2023-10-29T01:14:51.224490+00:00
[2023-10-29T01:14:51.248+0000] {processor.py:179} INFO - Processing /usr/local/lib/python3.10/dist-packages/airflow/example_dags/tutorial.py took 0.075 seconds
[2023-10-29T01:15:32.603+0000] {processor.py:157} INFO - Started process (PID=4898) to work on /usr/local/lib/python3.10/dist-packages/airflow/example_dags/tutorial.py
[2023-10-29T01:15:32.604+0000] {processor.py:829} INFO - Processing file /usr/local/lib/python3.10/dist-packages/airflow/example_dags/tutorial.py for tasks to queue
[2023-10-29T01:15:32.605+0000] {logging_mixin.py:151} INFO - [2023-10-29T01:15:32.604+0000] {dagbag.py:536} INFO - Filling up the DagBag from /usr/local/lib/python3.10/dist-packages/airflow/example_dags/tutorial.py
[2023-10-29T01:15:32.612+0000] {processor.py:839} INFO - DAG(s) dict_keys(['tutorial']) retrieved from /usr/local/lib/python3.10/dist-packages/airflow/example_dags/tutorial.py
[2023-10-29T01:15:32.628+0000] {logging_mixin.py:151} INFO - [2023-10-29T01:15:32.628+0000] {dag.py:2941} INFO - Sync 1 DAGs
[2023-10-29T01:15:32.648+0000] {logging_mixin.py:151} INFO - [2023-10-29T01:15:32.647+0000] {dag.py:3722} INFO - Setting next_dagrun for tutorial to 2023-10-28T01:15:32.647655+00:00, run_after=2023-10-29T01:15:32.647655+00:00
[2023-10-29T01:15:32.670+0000] {processor.py:179} INFO - Processing /usr/local/lib/python3.10/dist-packages/airflow/example_dags/tutorial.py took 0.071 seconds
[2023-10-29T01:16:18.029+0000] {processor.py:157} INFO - Started process (PID=4944) to work on /usr/local/lib/python3.10/dist-packages/airflow/example_dags/tutorial.py
[2023-10-29T01:16:18.030+0000] {processor.py:829} INFO - Processing file /usr/local/lib/python3.10/dist-packages/airflow/example_dags/tutorial.py for tasks to queue
[2023-10-29T01:16:18.031+0000] {logging_mixin.py:151} INFO - [2023-10-29T01:16:18.031+0000] {dagbag.py:536} INFO - Filling up the DagBag from /usr/local/lib/python3.10/dist-packages/airflow/example_dags/tutorial.py
[2023-10-29T01:16:18.038+0000] {processor.py:839} INFO - DAG(s) dict_keys(['tutorial']) retrieved from /usr/local/lib/python3.10/dist-packages/airflow/example_dags/tutorial.py
[2023-10-29T01:16:18.055+0000] {logging_mixin.py:151} INFO - [2023-10-29T01:16:18.054+0000] {dag.py:2941} INFO - Sync 1 DAGs
[2023-10-29T01:16:18.075+0000] {logging_mixin.py:151} INFO - [2023-10-29T01:16:18.074+0000] {dag.py:3722} INFO - Setting next_dagrun for tutorial to 2023-10-28T01:16:18.074646+00:00, run_after=2023-10-29T01:16:18.074646+00:00
[2023-10-29T01:16:18.096+0000] {processor.py:179} INFO - Processing /usr/local/lib/python3.10/dist-packages/airflow/example_dags/tutorial.py took 0.070 seconds
[2023-10-29T01:17:05.343+0000] {processor.py:157} INFO - Started process (PID=4995) to work on /usr/local/lib/python3.10/dist-packages/airflow/example_dags/tutorial.py
[2023-10-29T01:17:05.344+0000] {processor.py:829} INFO - Processing file /usr/local/lib/python3.10/dist-packages/airflow/example_dags/tutorial.py for tasks to queue
[2023-10-29T01:17:05.345+0000] {logging_mixin.py:151} INFO - [2023-10-29T01:17:05.344+0000] {dagbag.py:536} INFO - Filling up the DagBag from /usr/local/lib/python3.10/dist-packages/airflow/example_dags/tutorial.py
[2023-10-29T01:17:05.352+0000] {processor.py:839} INFO - DAG(s) dict_keys(['tutorial']) retrieved from /usr/local/lib/python3.10/dist-packages/airflow/example_dags/tutorial.py
[2023-10-29T01:17:05.368+0000] {logging_mixin.py:151} INFO - [2023-10-29T01:17:05.368+0000] {dag.py:2941} INFO - Sync 1 DAGs
[2023-10-29T01:17:05.388+0000] {logging_mixin.py:151} INFO - [2023-10-29T01:17:05.388+0000] {dag.py:3722} INFO - Setting next_dagrun for tutorial to 2023-10-28T01:17:05.388342+00:00, run_after=2023-10-29T01:17:05.388342+00:00
[2023-10-29T01:17:05.410+0000] {processor.py:179} INFO - Processing /usr/local/lib/python3.10/dist-packages/airflow/example_dags/tutorial.py took 0.070 seconds
[2023-10-29T01:17:51.167+0000] {processor.py:157} INFO - Started process (PID=5042) to work on /usr/local/lib/python3.10/dist-packages/airflow/example_dags/tutorial.py
[2023-10-29T01:17:51.169+0000] {processor.py:829} INFO - Processing file /usr/local/lib/python3.10/dist-packages/airflow/example_dags/tutorial.py for tasks to queue
[2023-10-29T01:17:51.169+0000] {logging_mixin.py:151} INFO - [2023-10-29T01:17:51.169+0000] {dagbag.py:536} INFO - Filling up the DagBag from /usr/local/lib/python3.10/dist-packages/airflow/example_dags/tutorial.py
[2023-10-29T01:17:51.177+0000] {processor.py:839} INFO - DAG(s) dict_keys(['tutorial']) retrieved from /usr/local/lib/python3.10/dist-packages/airflow/example_dags/tutorial.py
[2023-10-29T01:17:51.193+0000] {logging_mixin.py:151} INFO - [2023-10-29T01:17:51.193+0000] {dag.py:2941} INFO - Sync 1 DAGs
[2023-10-29T01:17:51.213+0000] {logging_mixin.py:151} INFO - [2023-10-29T01:17:51.213+0000] {dag.py:3722} INFO - Setting next_dagrun for tutorial to 2023-10-28T01:17:51.213287+00:00, run_after=2023-10-29T01:17:51.213287+00:00
[2023-10-29T01:17:51.235+0000] {processor.py:179} INFO - Processing /usr/local/lib/python3.10/dist-packages/airflow/example_dags/tutorial.py took 0.071 seconds
[2023-10-29T01:18:37.667+0000] {processor.py:157} INFO - Started process (PID=5090) to work on /usr/local/lib/python3.10/dist-packages/airflow/example_dags/tutorial.py
[2023-10-29T01:18:37.669+0000] {processor.py:829} INFO - Processing file /usr/local/lib/python3.10/dist-packages/airflow/example_dags/tutorial.py for tasks to queue
[2023-10-29T01:18:37.670+0000] {logging_mixin.py:151} INFO - [2023-10-29T01:18:37.669+0000] {dagbag.py:536} INFO - Filling up the DagBag from /usr/local/lib/python3.10/dist-packages/airflow/example_dags/tutorial.py
[2023-10-29T01:18:37.677+0000] {processor.py:839} INFO - DAG(s) dict_keys(['tutorial']) retrieved from /usr/local/lib/python3.10/dist-packages/airflow/example_dags/tutorial.py
[2023-10-29T01:18:37.693+0000] {logging_mixin.py:151} INFO - [2023-10-29T01:18:37.693+0000] {dag.py:2941} INFO - Sync 1 DAGs
[2023-10-29T01:18:37.713+0000] {logging_mixin.py:151} INFO - [2023-10-29T01:18:37.712+0000] {dag.py:3722} INFO - Setting next_dagrun for tutorial to 2023-10-28T01:18:37.712629+00:00, run_after=2023-10-29T01:18:37.712629+00:00
[2023-10-29T01:18:37.734+0000] {processor.py:179} INFO - Processing /usr/local/lib/python3.10/dist-packages/airflow/example_dags/tutorial.py took 0.070 seconds
[2023-10-29T01:19:25.619+0000] {processor.py:157} INFO - Started process (PID=5138) to work on /usr/local/lib/python3.10/dist-packages/airflow/example_dags/tutorial.py
[2023-10-29T01:19:25.620+0000] {processor.py:829} INFO - Processing file /usr/local/lib/python3.10/dist-packages/airflow/example_dags/tutorial.py for tasks to queue
[2023-10-29T01:19:25.621+0000] {logging_mixin.py:151} INFO - [2023-10-29T01:19:25.621+0000] {dagbag.py:536} INFO - Filling up the DagBag from /usr/local/lib/python3.10/dist-packages/airflow/example_dags/tutorial.py
[2023-10-29T01:19:25.629+0000] {processor.py:839} INFO - DAG(s) dict_keys(['tutorial']) retrieved from /usr/local/lib/python3.10/dist-packages/airflow/example_dags/tutorial.py
[2023-10-29T01:19:25.645+0000] {logging_mixin.py:151} INFO - [2023-10-29T01:19:25.645+0000] {dag.py:2941} INFO - Sync 1 DAGs
[2023-10-29T01:19:25.665+0000] {logging_mixin.py:151} INFO - [2023-10-29T01:19:25.665+0000] {dag.py:3722} INFO - Setting next_dagrun for tutorial to 2023-10-28T01:19:25.665104+00:00, run_after=2023-10-29T01:19:25.665104+00:00
[2023-10-29T01:19:25.687+0000] {processor.py:179} INFO - Processing /usr/local/lib/python3.10/dist-packages/airflow/example_dags/tutorial.py took 0.071 seconds
[2023-10-29T01:20:13.095+0000] {processor.py:157} INFO - Started process (PID=5187) to work on /usr/local/lib/python3.10/dist-packages/airflow/example_dags/tutorial.py
[2023-10-29T01:20:13.096+0000] {processor.py:829} INFO - Processing file /usr/local/lib/python3.10/dist-packages/airflow/example_dags/tutorial.py for tasks to queue
[2023-10-29T01:20:13.097+0000] {logging_mixin.py:151} INFO - [2023-10-29T01:20:13.097+0000] {dagbag.py:536} INFO - Filling up the DagBag from /usr/local/lib/python3.10/dist-packages/airflow/example_dags/tutorial.py
[2023-10-29T01:20:13.104+0000] {processor.py:839} INFO - DAG(s) dict_keys(['tutorial']) retrieved from /usr/local/lib/python3.10/dist-packages/airflow/example_dags/tutorial.py
[2023-10-29T01:20:13.120+0000] {logging_mixin.py:151} INFO - [2023-10-29T01:20:13.120+0000] {dag.py:2941} INFO - Sync 1 DAGs
[2023-10-29T01:20:13.139+0000] {logging_mixin.py:151} INFO - [2023-10-29T01:20:13.139+0000] {dag.py:3722} INFO - Setting next_dagrun for tutorial to 2023-10-28T01:20:13.139162+00:00, run_after=2023-10-29T01:20:13.139162+00:00
[2023-10-29T01:20:13.160+0000] {processor.py:179} INFO - Processing /usr/local/lib/python3.10/dist-packages/airflow/example_dags/tutorial.py took 0.068 seconds
[2023-10-29T01:20:57.971+0000] {processor.py:157} INFO - Started process (PID=5234) to work on /usr/local/lib/python3.10/dist-packages/airflow/example_dags/tutorial.py
[2023-10-29T01:20:57.972+0000] {processor.py:829} INFO - Processing file /usr/local/lib/python3.10/dist-packages/airflow/example_dags/tutorial.py for tasks to queue
[2023-10-29T01:20:57.973+0000] {logging_mixin.py:151} INFO - [2023-10-29T01:20:57.973+0000] {dagbag.py:536} INFO - Filling up the DagBag from /usr/local/lib/python3.10/dist-packages/airflow/example_dags/tutorial.py
[2023-10-29T01:20:57.980+0000] {processor.py:839} INFO - DAG(s) dict_keys(['tutorial']) retrieved from /usr/local/lib/python3.10/dist-packages/airflow/example_dags/tutorial.py
[2023-10-29T01:20:57.996+0000] {logging_mixin.py:151} INFO - [2023-10-29T01:20:57.996+0000] {dag.py:2941} INFO - Sync 1 DAGs
[2023-10-29T01:20:58.016+0000] {logging_mixin.py:151} INFO - [2023-10-29T01:20:58.016+0000] {dag.py:3722} INFO - Setting next_dagrun for tutorial to 2023-10-28T01:20:58.016309+00:00, run_after=2023-10-29T01:20:58.016309+00:00
[2023-10-29T01:20:58.038+0000] {processor.py:179} INFO - Processing /usr/local/lib/python3.10/dist-packages/airflow/example_dags/tutorial.py took 0.071 seconds
[2023-10-29T01:21:46.520+0000] {processor.py:157} INFO - Started process (PID=5282) to work on /usr/local/lib/python3.10/dist-packages/airflow/example_dags/tutorial.py
[2023-10-29T01:21:46.521+0000] {processor.py:829} INFO - Processing file /usr/local/lib/python3.10/dist-packages/airflow/example_dags/tutorial.py for tasks to queue
[2023-10-29T01:21:46.522+0000] {logging_mixin.py:151} INFO - [2023-10-29T01:21:46.522+0000] {dagbag.py:536} INFO - Filling up the DagBag from /usr/local/lib/python3.10/dist-packages/airflow/example_dags/tutorial.py
[2023-10-29T01:21:46.529+0000] {processor.py:839} INFO - DAG(s) dict_keys(['tutorial']) retrieved from /usr/local/lib/python3.10/dist-packages/airflow/example_dags/tutorial.py
[2023-10-29T01:21:46.545+0000] {logging_mixin.py:151} INFO - [2023-10-29T01:21:46.545+0000] {dag.py:2941} INFO - Sync 1 DAGs
[2023-10-29T01:21:46.564+0000] {logging_mixin.py:151} INFO - [2023-10-29T01:21:46.564+0000] {dag.py:3722} INFO - Setting next_dagrun for tutorial to 2023-10-28T01:21:46.564399+00:00, run_after=2023-10-29T01:21:46.564399+00:00
[2023-10-29T01:21:46.585+0000] {processor.py:179} INFO - Processing /usr/local/lib/python3.10/dist-packages/airflow/example_dags/tutorial.py took 0.068 seconds
[2023-10-29T01:22:34.779+0000] {processor.py:157} INFO - Started process (PID=5333) to work on /usr/local/lib/python3.10/dist-packages/airflow/example_dags/tutorial.py
[2023-10-29T01:22:34.780+0000] {processor.py:829} INFO - Processing file /usr/local/lib/python3.10/dist-packages/airflow/example_dags/tutorial.py for tasks to queue
[2023-10-29T01:22:34.781+0000] {logging_mixin.py:151} INFO - [2023-10-29T01:22:34.780+0000] {dagbag.py:536} INFO - Filling up the DagBag from /usr/local/lib/python3.10/dist-packages/airflow/example_dags/tutorial.py
[2023-10-29T01:22:34.788+0000] {processor.py:839} INFO - DAG(s) dict_keys(['tutorial']) retrieved from /usr/local/lib/python3.10/dist-packages/airflow/example_dags/tutorial.py
[2023-10-29T01:22:34.804+0000] {logging_mixin.py:151} INFO - [2023-10-29T01:22:34.804+0000] {dag.py:2941} INFO - Sync 1 DAGs
[2023-10-29T01:22:34.824+0000] {logging_mixin.py:151} INFO - [2023-10-29T01:22:34.823+0000] {dag.py:3722} INFO - Setting next_dagrun for tutorial to 2023-10-28T01:22:34.823720+00:00, run_after=2023-10-29T01:22:34.823720+00:00
[2023-10-29T01:22:34.937+0000] {processor.py:179} INFO - Processing /usr/local/lib/python3.10/dist-packages/airflow/example_dags/tutorial.py took 0.161 seconds
[2023-10-29T01:23:21.413+0000] {processor.py:157} INFO - Started process (PID=5381) to work on /usr/local/lib/python3.10/dist-packages/airflow/example_dags/tutorial.py
[2023-10-29T01:23:21.414+0000] {processor.py:829} INFO - Processing file /usr/local/lib/python3.10/dist-packages/airflow/example_dags/tutorial.py for tasks to queue
[2023-10-29T01:23:21.415+0000] {logging_mixin.py:151} INFO - [2023-10-29T01:23:21.414+0000] {dagbag.py:536} INFO - Filling up the DagBag from /usr/local/lib/python3.10/dist-packages/airflow/example_dags/tutorial.py
[2023-10-29T01:23:21.422+0000] {processor.py:839} INFO - DAG(s) dict_keys(['tutorial']) retrieved from /usr/local/lib/python3.10/dist-packages/airflow/example_dags/tutorial.py
[2023-10-29T01:23:21.438+0000] {logging_mixin.py:151} INFO - [2023-10-29T01:23:21.438+0000] {dag.py:2941} INFO - Sync 1 DAGs
[2023-10-29T01:23:21.457+0000] {logging_mixin.py:151} INFO - [2023-10-29T01:23:21.457+0000] {dag.py:3722} INFO - Setting next_dagrun for tutorial to 2023-10-28T01:23:21.457225+00:00, run_after=2023-10-29T01:23:21.457225+00:00
[2023-10-29T01:23:21.479+0000] {processor.py:179} INFO - Processing /usr/local/lib/python3.10/dist-packages/airflow/example_dags/tutorial.py took 0.069 seconds
[2023-10-29T01:24:12.941+0000] {processor.py:157} INFO - Started process (PID=5433) to work on /usr/local/lib/python3.10/dist-packages/airflow/example_dags/tutorial.py
[2023-10-29T01:24:12.942+0000] {processor.py:829} INFO - Processing file /usr/local/lib/python3.10/dist-packages/airflow/example_dags/tutorial.py for tasks to queue
[2023-10-29T01:24:12.943+0000] {logging_mixin.py:151} INFO - [2023-10-29T01:24:12.943+0000] {dagbag.py:536} INFO - Filling up the DagBag from /usr/local/lib/python3.10/dist-packages/airflow/example_dags/tutorial.py
[2023-10-29T01:24:12.951+0000] {processor.py:839} INFO - DAG(s) dict_keys(['tutorial']) retrieved from /usr/local/lib/python3.10/dist-packages/airflow/example_dags/tutorial.py
[2023-10-29T01:24:12.966+0000] {logging_mixin.py:151} INFO - [2023-10-29T01:24:12.966+0000] {dag.py:2941} INFO - Sync 1 DAGs
[2023-10-29T01:24:12.985+0000] {logging_mixin.py:151} INFO - [2023-10-29T01:24:12.985+0000] {dag.py:3722} INFO - Setting next_dagrun for tutorial to 2023-10-28T01:24:12.985465+00:00, run_after=2023-10-29T01:24:12.985465+00:00
[2023-10-29T01:24:13.008+0000] {processor.py:179} INFO - Processing /usr/local/lib/python3.10/dist-packages/airflow/example_dags/tutorial.py took 0.070 seconds
[2023-10-29T01:25:02.800+0000] {processor.py:157} INFO - Started process (PID=5483) to work on /usr/local/lib/python3.10/dist-packages/airflow/example_dags/tutorial.py
[2023-10-29T01:25:02.801+0000] {processor.py:829} INFO - Processing file /usr/local/lib/python3.10/dist-packages/airflow/example_dags/tutorial.py for tasks to queue
[2023-10-29T01:25:02.802+0000] {logging_mixin.py:151} INFO - [2023-10-29T01:25:02.802+0000] {dagbag.py:536} INFO - Filling up the DagBag from /usr/local/lib/python3.10/dist-packages/airflow/example_dags/tutorial.py
[2023-10-29T01:25:02.809+0000] {processor.py:839} INFO - DAG(s) dict_keys(['tutorial']) retrieved from /usr/local/lib/python3.10/dist-packages/airflow/example_dags/tutorial.py
[2023-10-29T01:25:02.826+0000] {logging_mixin.py:151} INFO - [2023-10-29T01:25:02.826+0000] {dag.py:2941} INFO - Sync 1 DAGs
[2023-10-29T01:25:02.847+0000] {logging_mixin.py:151} INFO - [2023-10-29T01:25:02.847+0000] {dag.py:3722} INFO - Setting next_dagrun for tutorial to 2023-10-28T01:25:02.846821+00:00, run_after=2023-10-29T01:25:02.846821+00:00
[2023-10-29T01:25:02.870+0000] {processor.py:179} INFO - Processing /usr/local/lib/python3.10/dist-packages/airflow/example_dags/tutorial.py took 0.073 seconds
