[2023-10-29T02:54:19.317+0000] {taskinstance.py:1159} INFO - Dependencies all met for dep_context=non-requeueable deps ti=<TaskInstance: zillow_analytics_dag.tsk_transfer_s3_to_redshift manual__2023-10-29T02:54:03.055953+00:00 [queued]>
[2023-10-29T02:54:19.324+0000] {taskinstance.py:1159} INFO - Dependencies all met for dep_context=requeueable deps ti=<TaskInstance: zillow_analytics_dag.tsk_transfer_s3_to_redshift manual__2023-10-29T02:54:03.055953+00:00 [queued]>
[2023-10-29T02:54:19.324+0000] {taskinstance.py:1361} INFO - Starting attempt 1 of 3
[2023-10-29T02:54:19.341+0000] {taskinstance.py:1382} INFO - Executing <Task(S3ToRedshiftOperator): tsk_transfer_s3_to_redshift> on 2023-10-29 02:54:03.055953+00:00
[2023-10-29T02:54:19.343+0000] {standard_task_runner.py:57} INFO - Started process 1699 to run task
[2023-10-29T02:54:19.347+0000] {standard_task_runner.py:84} INFO - Running: ['airflow', 'tasks', 'run', 'zillow_analytics_dag', 'tsk_transfer_s3_to_redshift', 'manual__2023-10-29T02:54:03.055953+00:00', '--job-id', '38', '--raw', '--subdir', 'DAGS_FOLDER/analytics.py', '--cfg-path', '/tmp/tmpnjry1o72']
[2023-10-29T02:54:19.348+0000] {standard_task_runner.py:85} INFO - Job 38: Subtask tsk_transfer_s3_to_redshift
[2023-10-29T02:54:19.384+0000] {task_command.py:416} INFO - Running <TaskInstance: zillow_analytics_dag.tsk_transfer_s3_to_redshift manual__2023-10-29T02:54:03.055953+00:00 [running]> on host ip-172-31-56-104.ec2.internal
[2023-10-29T02:54:19.444+0000] {taskinstance.py:1662} INFO - Exporting env vars: AIRFLOW_CTX_DAG_EMAIL='chattisowmya@gmail.com' AIRFLOW_CTX_DAG_OWNER='airflow' AIRFLOW_CTX_DAG_ID='zillow_analytics_dag' AIRFLOW_CTX_TASK_ID='tsk_transfer_s3_to_redshift' AIRFLOW_CTX_EXECUTION_DATE='2023-10-29T02:54:03.055953+00:00' AIRFLOW_CTX_TRY_NUMBER='1' AIRFLOW_CTX_DAG_RUN_ID='manual__2023-10-29T02:54:03.055953+00:00'
[2023-10-29T02:54:19.449+0000] {base.py:73} INFO - Using connection ID 'aws_s3_conn' for task execution.
[2023-10-29T02:54:19.451+0000] {base.py:73} INFO - Using connection ID 'aws_s3_conn' for task execution.
[2023-10-29T02:54:19.451+0000] {connection_wrapper.py:378} INFO - AWS Connection (conn_id='aws_s3_conn', conn_type='aws') credentials retrieved from login and password.
[2023-10-29T02:54:19.462+0000] {s3_to_redshift.py:192} INFO - Executing COPY command...
[2023-10-29T02:54:19.464+0000] {base.py:73} INFO - Using connection ID 'conn_id_redshift' for task execution.
[2023-10-29T02:54:20.078+0000] {sql.py:418} INFO - Running statement: 
                    COPY PUBLIC.zillowdata 
                    FROM 's3://cleaned-data-zone-for-csv-bucket/response_data_29102023025406.csv'
                    credentials
                    'aws_access_key_id=AKIAWW2BTAHINNUBQQTN;aws_secret_access_key=***'
                    
                    csv IGNOREHEADER 1;
        , parameters: None
[2023-10-29T02:54:32.469+0000] {s3_to_redshift.py:197} INFO - COPY command complete...
[2023-10-29T02:54:32.474+0000] {taskinstance.py:1400} INFO - Marking task as SUCCESS. dag_id=zillow_analytics_dag, task_id=tsk_transfer_s3_to_redshift, execution_date=20231029T025403, start_date=20231029T025419, end_date=20231029T025432
[2023-10-29T02:54:32.491+0000] {local_task_job_runner.py:228} INFO - Task exited with return code 0
[2023-10-29T02:54:32.500+0000] {taskinstance.py:2778} INFO - 0 downstream tasks scheduled from follow-on schedule check
