[2023-10-29T01:00:55.840+0000] {processor.py:157} INFO - Started process (PID=3606) to work on /usr/local/lib/python3.10/dist-packages/airflow/example_dags/plugins/workday.py
[2023-10-29T01:00:55.842+0000] {processor.py:829} INFO - Processing file /usr/local/lib/python3.10/dist-packages/airflow/example_dags/plugins/workday.py for tasks to queue
[2023-10-29T01:00:55.843+0000] {logging_mixin.py:151} INFO - [2023-10-29T01:00:55.842+0000] {dagbag.py:536} INFO - Filling up the DagBag from /usr/local/lib/python3.10/dist-packages/airflow/example_dags/plugins/workday.py
[2023-10-29T01:00:55.846+0000] {logging_mixin.py:151} INFO - [2023-10-29T01:00:55.846+0000] {workday.py:36} WARNING - Could not import pandas. Holidays will not be considered.
[2023-10-29T01:00:55.846+0000] {processor.py:841} WARNING - No viable dags retrieved from /usr/local/lib/python3.10/dist-packages/airflow/example_dags/plugins/workday.py
[2023-10-29T01:00:55.873+0000] {processor.py:179} INFO - Processing /usr/local/lib/python3.10/dist-packages/airflow/example_dags/plugins/workday.py took 0.038 seconds
[2023-10-29T01:01:51.310+0000] {processor.py:157} INFO - Started process (PID=3659) to work on /usr/local/lib/python3.10/dist-packages/airflow/example_dags/plugins/workday.py
[2023-10-29T01:01:51.311+0000] {processor.py:829} INFO - Processing file /usr/local/lib/python3.10/dist-packages/airflow/example_dags/plugins/workday.py for tasks to queue
[2023-10-29T01:01:51.312+0000] {logging_mixin.py:151} INFO - [2023-10-29T01:01:51.312+0000] {dagbag.py:536} INFO - Filling up the DagBag from /usr/local/lib/python3.10/dist-packages/airflow/example_dags/plugins/workday.py
[2023-10-29T01:01:51.315+0000] {logging_mixin.py:151} INFO - [2023-10-29T01:01:51.315+0000] {workday.py:36} WARNING - Could not import pandas. Holidays will not be considered.
[2023-10-29T01:01:51.315+0000] {processor.py:841} WARNING - No viable dags retrieved from /usr/local/lib/python3.10/dist-packages/airflow/example_dags/plugins/workday.py
[2023-10-29T01:01:51.325+0000] {processor.py:179} INFO - Processing /usr/local/lib/python3.10/dist-packages/airflow/example_dags/plugins/workday.py took 0.019 seconds
[2023-10-29T01:02:28.144+0000] {processor.py:157} INFO - Started process (PID=3698) to work on /usr/local/lib/python3.10/dist-packages/airflow/example_dags/plugins/workday.py
[2023-10-29T01:02:28.145+0000] {processor.py:829} INFO - Processing file /usr/local/lib/python3.10/dist-packages/airflow/example_dags/plugins/workday.py for tasks to queue
[2023-10-29T01:02:28.146+0000] {logging_mixin.py:151} INFO - [2023-10-29T01:02:28.146+0000] {dagbag.py:536} INFO - Filling up the DagBag from /usr/local/lib/python3.10/dist-packages/airflow/example_dags/plugins/workday.py
[2023-10-29T01:02:28.149+0000] {logging_mixin.py:151} INFO - [2023-10-29T01:02:28.149+0000] {workday.py:36} WARNING - Could not import pandas. Holidays will not be considered.
[2023-10-29T01:02:28.149+0000] {processor.py:841} WARNING - No viable dags retrieved from /usr/local/lib/python3.10/dist-packages/airflow/example_dags/plugins/workday.py
[2023-10-29T01:02:28.159+0000] {processor.py:179} INFO - Processing /usr/local/lib/python3.10/dist-packages/airflow/example_dags/plugins/workday.py took 0.018 seconds
[2023-10-29T01:03:10.115+0000] {processor.py:157} INFO - Started process (PID=3744) to work on /usr/local/lib/python3.10/dist-packages/airflow/example_dags/plugins/workday.py
[2023-10-29T01:03:10.117+0000] {processor.py:829} INFO - Processing file /usr/local/lib/python3.10/dist-packages/airflow/example_dags/plugins/workday.py for tasks to queue
[2023-10-29T01:03:10.117+0000] {logging_mixin.py:151} INFO - [2023-10-29T01:03:10.117+0000] {dagbag.py:536} INFO - Filling up the DagBag from /usr/local/lib/python3.10/dist-packages/airflow/example_dags/plugins/workday.py
[2023-10-29T01:03:10.120+0000] {logging_mixin.py:151} INFO - [2023-10-29T01:03:10.120+0000] {workday.py:36} WARNING - Could not import pandas. Holidays will not be considered.
[2023-10-29T01:03:10.121+0000] {processor.py:841} WARNING - No viable dags retrieved from /usr/local/lib/python3.10/dist-packages/airflow/example_dags/plugins/workday.py
[2023-10-29T01:03:10.131+0000] {processor.py:179} INFO - Processing /usr/local/lib/python3.10/dist-packages/airflow/example_dags/plugins/workday.py took 0.018 seconds
[2023-10-29T01:03:51.792+0000] {processor.py:157} INFO - Started process (PID=3787) to work on /usr/local/lib/python3.10/dist-packages/airflow/example_dags/plugins/workday.py
[2023-10-29T01:03:51.793+0000] {processor.py:829} INFO - Processing file /usr/local/lib/python3.10/dist-packages/airflow/example_dags/plugins/workday.py for tasks to queue
[2023-10-29T01:03:51.794+0000] {logging_mixin.py:151} INFO - [2023-10-29T01:03:51.794+0000] {dagbag.py:536} INFO - Filling up the DagBag from /usr/local/lib/python3.10/dist-packages/airflow/example_dags/plugins/workday.py
[2023-10-29T01:03:51.797+0000] {logging_mixin.py:151} INFO - [2023-10-29T01:03:51.797+0000] {workday.py:36} WARNING - Could not import pandas. Holidays will not be considered.
[2023-10-29T01:03:51.797+0000] {processor.py:841} WARNING - No viable dags retrieved from /usr/local/lib/python3.10/dist-packages/airflow/example_dags/plugins/workday.py
[2023-10-29T01:03:51.807+0000] {processor.py:179} INFO - Processing /usr/local/lib/python3.10/dist-packages/airflow/example_dags/plugins/workday.py took 0.018 seconds
[2023-10-29T01:04:32.411+0000] {processor.py:157} INFO - Started process (PID=3830) to work on /usr/local/lib/python3.10/dist-packages/airflow/example_dags/plugins/workday.py
[2023-10-29T01:04:32.412+0000] {processor.py:829} INFO - Processing file /usr/local/lib/python3.10/dist-packages/airflow/example_dags/plugins/workday.py for tasks to queue
[2023-10-29T01:04:32.413+0000] {logging_mixin.py:151} INFO - [2023-10-29T01:04:32.412+0000] {dagbag.py:536} INFO - Filling up the DagBag from /usr/local/lib/python3.10/dist-packages/airflow/example_dags/plugins/workday.py
[2023-10-29T01:04:32.416+0000] {logging_mixin.py:151} INFO - [2023-10-29T01:04:32.416+0000] {workday.py:36} WARNING - Could not import pandas. Holidays will not be considered.
[2023-10-29T01:04:32.416+0000] {processor.py:841} WARNING - No viable dags retrieved from /usr/local/lib/python3.10/dist-packages/airflow/example_dags/plugins/workday.py
[2023-10-29T01:04:32.426+0000] {processor.py:179} INFO - Processing /usr/local/lib/python3.10/dist-packages/airflow/example_dags/plugins/workday.py took 0.019 seconds
[2023-10-29T01:05:15.582+0000] {processor.py:157} INFO - Started process (PID=3874) to work on /usr/local/lib/python3.10/dist-packages/airflow/example_dags/plugins/workday.py
[2023-10-29T01:05:15.583+0000] {processor.py:829} INFO - Processing file /usr/local/lib/python3.10/dist-packages/airflow/example_dags/plugins/workday.py for tasks to queue
[2023-10-29T01:05:15.584+0000] {logging_mixin.py:151} INFO - [2023-10-29T01:05:15.584+0000] {dagbag.py:536} INFO - Filling up the DagBag from /usr/local/lib/python3.10/dist-packages/airflow/example_dags/plugins/workday.py
[2023-10-29T01:05:15.587+0000] {logging_mixin.py:151} INFO - [2023-10-29T01:05:15.587+0000] {workday.py:36} WARNING - Could not import pandas. Holidays will not be considered.
[2023-10-29T01:05:15.587+0000] {processor.py:841} WARNING - No viable dags retrieved from /usr/local/lib/python3.10/dist-packages/airflow/example_dags/plugins/workday.py
[2023-10-29T01:05:15.597+0000] {processor.py:179} INFO - Processing /usr/local/lib/python3.10/dist-packages/airflow/example_dags/plugins/workday.py took 0.018 seconds
[2023-10-29T01:05:47.646+0000] {processor.py:157} INFO - Started process (PID=3909) to work on /usr/local/lib/python3.10/dist-packages/airflow/example_dags/plugins/workday.py
[2023-10-29T01:05:47.648+0000] {processor.py:829} INFO - Processing file /usr/local/lib/python3.10/dist-packages/airflow/example_dags/plugins/workday.py for tasks to queue
[2023-10-29T01:05:47.649+0000] {logging_mixin.py:151} INFO - [2023-10-29T01:05:47.648+0000] {dagbag.py:536} INFO - Filling up the DagBag from /usr/local/lib/python3.10/dist-packages/airflow/example_dags/plugins/workday.py
[2023-10-29T01:05:47.651+0000] {logging_mixin.py:151} INFO - [2023-10-29T01:05:47.651+0000] {workday.py:36} WARNING - Could not import pandas. Holidays will not be considered.
[2023-10-29T01:05:47.652+0000] {processor.py:841} WARNING - No viable dags retrieved from /usr/local/lib/python3.10/dist-packages/airflow/example_dags/plugins/workday.py
[2023-10-29T01:05:47.662+0000] {processor.py:179} INFO - Processing /usr/local/lib/python3.10/dist-packages/airflow/example_dags/plugins/workday.py took 0.018 seconds
[2023-10-29T01:06:33.941+0000] {processor.py:157} INFO - Started process (PID=3957) to work on /usr/local/lib/python3.10/dist-packages/airflow/example_dags/plugins/workday.py
[2023-10-29T01:06:33.943+0000] {processor.py:829} INFO - Processing file /usr/local/lib/python3.10/dist-packages/airflow/example_dags/plugins/workday.py for tasks to queue
[2023-10-29T01:06:33.944+0000] {logging_mixin.py:151} INFO - [2023-10-29T01:06:33.943+0000] {dagbag.py:536} INFO - Filling up the DagBag from /usr/local/lib/python3.10/dist-packages/airflow/example_dags/plugins/workday.py
[2023-10-29T01:06:33.946+0000] {logging_mixin.py:151} INFO - [2023-10-29T01:06:33.946+0000] {workday.py:36} WARNING - Could not import pandas. Holidays will not be considered.
[2023-10-29T01:06:33.947+0000] {processor.py:841} WARNING - No viable dags retrieved from /usr/local/lib/python3.10/dist-packages/airflow/example_dags/plugins/workday.py
[2023-10-29T01:06:33.957+0000] {processor.py:179} INFO - Processing /usr/local/lib/python3.10/dist-packages/airflow/example_dags/plugins/workday.py took 0.018 seconds
[2023-10-29T01:07:13.868+0000] {processor.py:157} INFO - Started process (PID=4002) to work on /usr/local/lib/python3.10/dist-packages/airflow/example_dags/plugins/workday.py
[2023-10-29T01:07:13.869+0000] {processor.py:829} INFO - Processing file /usr/local/lib/python3.10/dist-packages/airflow/example_dags/plugins/workday.py for tasks to queue
[2023-10-29T01:07:13.870+0000] {logging_mixin.py:151} INFO - [2023-10-29T01:07:13.869+0000] {dagbag.py:536} INFO - Filling up the DagBag from /usr/local/lib/python3.10/dist-packages/airflow/example_dags/plugins/workday.py
[2023-10-29T01:07:13.872+0000] {logging_mixin.py:151} INFO - [2023-10-29T01:07:13.872+0000] {workday.py:36} WARNING - Could not import pandas. Holidays will not be considered.
[2023-10-29T01:07:13.873+0000] {processor.py:841} WARNING - No viable dags retrieved from /usr/local/lib/python3.10/dist-packages/airflow/example_dags/plugins/workday.py
[2023-10-29T01:07:13.883+0000] {processor.py:179} INFO - Processing /usr/local/lib/python3.10/dist-packages/airflow/example_dags/plugins/workday.py took 0.018 seconds
[2023-10-29T01:08:00.714+0000] {processor.py:157} INFO - Started process (PID=4048) to work on /usr/local/lib/python3.10/dist-packages/airflow/example_dags/plugins/workday.py
[2023-10-29T01:08:00.716+0000] {processor.py:829} INFO - Processing file /usr/local/lib/python3.10/dist-packages/airflow/example_dags/plugins/workday.py for tasks to queue
[2023-10-29T01:08:00.716+0000] {logging_mixin.py:151} INFO - [2023-10-29T01:08:00.716+0000] {dagbag.py:536} INFO - Filling up the DagBag from /usr/local/lib/python3.10/dist-packages/airflow/example_dags/plugins/workday.py
[2023-10-29T01:08:00.719+0000] {logging_mixin.py:151} INFO - [2023-10-29T01:08:00.719+0000] {workday.py:36} WARNING - Could not import pandas. Holidays will not be considered.
[2023-10-29T01:08:00.720+0000] {processor.py:841} WARNING - No viable dags retrieved from /usr/local/lib/python3.10/dist-packages/airflow/example_dags/plugins/workday.py
[2023-10-29T01:08:00.729+0000] {processor.py:179} INFO - Processing /usr/local/lib/python3.10/dist-packages/airflow/example_dags/plugins/workday.py took 0.018 seconds
[2023-10-29T01:08:33.300+0000] {processor.py:157} INFO - Started process (PID=4081) to work on /usr/local/lib/python3.10/dist-packages/airflow/example_dags/plugins/workday.py
[2023-10-29T01:08:33.301+0000] {processor.py:829} INFO - Processing file /usr/local/lib/python3.10/dist-packages/airflow/example_dags/plugins/workday.py for tasks to queue
[2023-10-29T01:08:33.302+0000] {logging_mixin.py:151} INFO - [2023-10-29T01:08:33.301+0000] {dagbag.py:536} INFO - Filling up the DagBag from /usr/local/lib/python3.10/dist-packages/airflow/example_dags/plugins/workday.py
[2023-10-29T01:08:33.305+0000] {logging_mixin.py:151} INFO - [2023-10-29T01:08:33.304+0000] {workday.py:36} WARNING - Could not import pandas. Holidays will not be considered.
[2023-10-29T01:08:33.305+0000] {processor.py:841} WARNING - No viable dags retrieved from /usr/local/lib/python3.10/dist-packages/airflow/example_dags/plugins/workday.py
[2023-10-29T01:08:33.315+0000] {processor.py:179} INFO - Processing /usr/local/lib/python3.10/dist-packages/airflow/example_dags/plugins/workday.py took 0.018 seconds
[2023-10-29T01:09:19.630+0000] {processor.py:157} INFO - Started process (PID=4127) to work on /usr/local/lib/python3.10/dist-packages/airflow/example_dags/plugins/workday.py
[2023-10-29T01:09:19.631+0000] {processor.py:829} INFO - Processing file /usr/local/lib/python3.10/dist-packages/airflow/example_dags/plugins/workday.py for tasks to queue
[2023-10-29T01:09:19.632+0000] {logging_mixin.py:151} INFO - [2023-10-29T01:09:19.632+0000] {dagbag.py:536} INFO - Filling up the DagBag from /usr/local/lib/python3.10/dist-packages/airflow/example_dags/plugins/workday.py
[2023-10-29T01:09:19.635+0000] {logging_mixin.py:151} INFO - [2023-10-29T01:09:19.635+0000] {workday.py:36} WARNING - Could not import pandas. Holidays will not be considered.
[2023-10-29T01:09:19.635+0000] {processor.py:841} WARNING - No viable dags retrieved from /usr/local/lib/python3.10/dist-packages/airflow/example_dags/plugins/workday.py
[2023-10-29T01:09:19.645+0000] {processor.py:179} INFO - Processing /usr/local/lib/python3.10/dist-packages/airflow/example_dags/plugins/workday.py took 0.019 seconds
[2023-10-29T01:09:50.453+0000] {processor.py:157} INFO - Started process (PID=4159) to work on /usr/local/lib/python3.10/dist-packages/airflow/example_dags/plugins/workday.py
[2023-10-29T01:09:50.453+0000] {processor.py:829} INFO - Processing file /usr/local/lib/python3.10/dist-packages/airflow/example_dags/plugins/workday.py for tasks to queue
[2023-10-29T01:09:50.454+0000] {logging_mixin.py:151} INFO - [2023-10-29T01:09:50.454+0000] {dagbag.py:536} INFO - Filling up the DagBag from /usr/local/lib/python3.10/dist-packages/airflow/example_dags/plugins/workday.py
[2023-10-29T01:09:50.457+0000] {logging_mixin.py:151} INFO - [2023-10-29T01:09:50.457+0000] {workday.py:36} WARNING - Could not import pandas. Holidays will not be considered.
[2023-10-29T01:09:50.457+0000] {processor.py:841} WARNING - No viable dags retrieved from /usr/local/lib/python3.10/dist-packages/airflow/example_dags/plugins/workday.py
[2023-10-29T01:09:50.467+0000] {processor.py:179} INFO - Processing /usr/local/lib/python3.10/dist-packages/airflow/example_dags/plugins/workday.py took 0.018 seconds
[2023-10-29T01:10:22.471+0000] {processor.py:157} INFO - Started process (PID=4191) to work on /usr/local/lib/python3.10/dist-packages/airflow/example_dags/plugins/workday.py
[2023-10-29T01:10:22.473+0000] {processor.py:829} INFO - Processing file /usr/local/lib/python3.10/dist-packages/airflow/example_dags/plugins/workday.py for tasks to queue
[2023-10-29T01:10:22.473+0000] {logging_mixin.py:151} INFO - [2023-10-29T01:10:22.473+0000] {dagbag.py:536} INFO - Filling up the DagBag from /usr/local/lib/python3.10/dist-packages/airflow/example_dags/plugins/workday.py
[2023-10-29T01:10:22.476+0000] {logging_mixin.py:151} INFO - [2023-10-29T01:10:22.476+0000] {workday.py:36} WARNING - Could not import pandas. Holidays will not be considered.
[2023-10-29T01:10:22.477+0000] {processor.py:841} WARNING - No viable dags retrieved from /usr/local/lib/python3.10/dist-packages/airflow/example_dags/plugins/workday.py
[2023-10-29T01:10:22.487+0000] {processor.py:179} INFO - Processing /usr/local/lib/python3.10/dist-packages/airflow/example_dags/plugins/workday.py took 0.019 seconds
[2023-10-29T01:10:53.653+0000] {processor.py:157} INFO - Started process (PID=4223) to work on /usr/local/lib/python3.10/dist-packages/airflow/example_dags/plugins/workday.py
[2023-10-29T01:10:53.653+0000] {processor.py:829} INFO - Processing file /usr/local/lib/python3.10/dist-packages/airflow/example_dags/plugins/workday.py for tasks to queue
[2023-10-29T01:10:53.654+0000] {logging_mixin.py:151} INFO - [2023-10-29T01:10:53.654+0000] {dagbag.py:536} INFO - Filling up the DagBag from /usr/local/lib/python3.10/dist-packages/airflow/example_dags/plugins/workday.py
[2023-10-29T01:10:53.657+0000] {logging_mixin.py:151} INFO - [2023-10-29T01:10:53.657+0000] {workday.py:36} WARNING - Could not import pandas. Holidays will not be considered.
[2023-10-29T01:10:53.657+0000] {processor.py:841} WARNING - No viable dags retrieved from /usr/local/lib/python3.10/dist-packages/airflow/example_dags/plugins/workday.py
[2023-10-29T01:10:53.667+0000] {processor.py:179} INFO - Processing /usr/local/lib/python3.10/dist-packages/airflow/example_dags/plugins/workday.py took 0.018 seconds
[2023-10-29T01:11:24.874+0000] {processor.py:157} INFO - Started process (PID=4485) to work on /usr/local/lib/python3.10/dist-packages/airflow/example_dags/plugins/workday.py
[2023-10-29T01:11:24.875+0000] {processor.py:829} INFO - Processing file /usr/local/lib/python3.10/dist-packages/airflow/example_dags/plugins/workday.py for tasks to queue
[2023-10-29T01:11:24.876+0000] {logging_mixin.py:151} INFO - [2023-10-29T01:11:24.875+0000] {dagbag.py:536} INFO - Filling up the DagBag from /usr/local/lib/python3.10/dist-packages/airflow/example_dags/plugins/workday.py
[2023-10-29T01:11:24.879+0000] {logging_mixin.py:151} INFO - [2023-10-29T01:11:24.878+0000] {workday.py:36} WARNING - Could not import pandas. Holidays will not be considered.
[2023-10-29T01:11:24.879+0000] {processor.py:841} WARNING - No viable dags retrieved from /usr/local/lib/python3.10/dist-packages/airflow/example_dags/plugins/workday.py
[2023-10-29T01:11:24.889+0000] {processor.py:179} INFO - Processing /usr/local/lib/python3.10/dist-packages/airflow/example_dags/plugins/workday.py took 0.018 seconds
[2023-10-29T01:11:55.873+0000] {processor.py:157} INFO - Started process (PID=4662) to work on /usr/local/lib/python3.10/dist-packages/airflow/example_dags/plugins/workday.py
[2023-10-29T01:11:55.874+0000] {processor.py:829} INFO - Processing file /usr/local/lib/python3.10/dist-packages/airflow/example_dags/plugins/workday.py for tasks to queue
[2023-10-29T01:11:55.875+0000] {logging_mixin.py:151} INFO - [2023-10-29T01:11:55.875+0000] {dagbag.py:536} INFO - Filling up the DagBag from /usr/local/lib/python3.10/dist-packages/airflow/example_dags/plugins/workday.py
[2023-10-29T01:11:55.878+0000] {logging_mixin.py:151} INFO - [2023-10-29T01:11:55.878+0000] {workday.py:36} WARNING - Could not import pandas. Holidays will not be considered.
[2023-10-29T01:11:55.879+0000] {processor.py:841} WARNING - No viable dags retrieved from /usr/local/lib/python3.10/dist-packages/airflow/example_dags/plugins/workday.py
[2023-10-29T01:11:55.889+0000] {processor.py:179} INFO - Processing /usr/local/lib/python3.10/dist-packages/airflow/example_dags/plugins/workday.py took 0.019 seconds
[2023-10-29T01:12:26.861+0000] {processor.py:157} INFO - Started process (PID=4695) to work on /usr/local/lib/python3.10/dist-packages/airflow/example_dags/plugins/workday.py
[2023-10-29T01:12:26.862+0000] {processor.py:829} INFO - Processing file /usr/local/lib/python3.10/dist-packages/airflow/example_dags/plugins/workday.py for tasks to queue
[2023-10-29T01:12:26.863+0000] {logging_mixin.py:151} INFO - [2023-10-29T01:12:26.863+0000] {dagbag.py:536} INFO - Filling up the DagBag from /usr/local/lib/python3.10/dist-packages/airflow/example_dags/plugins/workday.py
[2023-10-29T01:12:26.866+0000] {logging_mixin.py:151} INFO - [2023-10-29T01:12:26.866+0000] {workday.py:36} WARNING - Could not import pandas. Holidays will not be considered.
[2023-10-29T01:12:26.867+0000] {processor.py:841} WARNING - No viable dags retrieved from /usr/local/lib/python3.10/dist-packages/airflow/example_dags/plugins/workday.py
[2023-10-29T01:12:26.877+0000] {processor.py:179} INFO - Processing /usr/local/lib/python3.10/dist-packages/airflow/example_dags/plugins/workday.py took 0.019 seconds
[2023-10-29T01:13:07.156+0000] {processor.py:157} INFO - Started process (PID=4743) to work on /usr/local/lib/python3.10/dist-packages/airflow/example_dags/plugins/workday.py
[2023-10-29T01:13:07.157+0000] {processor.py:829} INFO - Processing file /usr/local/lib/python3.10/dist-packages/airflow/example_dags/plugins/workday.py for tasks to queue
[2023-10-29T01:13:07.158+0000] {logging_mixin.py:151} INFO - [2023-10-29T01:13:07.158+0000] {dagbag.py:536} INFO - Filling up the DagBag from /usr/local/lib/python3.10/dist-packages/airflow/example_dags/plugins/workday.py
[2023-10-29T01:13:07.161+0000] {logging_mixin.py:151} INFO - [2023-10-29T01:13:07.161+0000] {workday.py:36} WARNING - Could not import pandas. Holidays will not be considered.
[2023-10-29T01:13:07.161+0000] {processor.py:841} WARNING - No viable dags retrieved from /usr/local/lib/python3.10/dist-packages/airflow/example_dags/plugins/workday.py
[2023-10-29T01:13:07.171+0000] {processor.py:179} INFO - Processing /usr/local/lib/python3.10/dist-packages/airflow/example_dags/plugins/workday.py took 0.018 seconds
[2023-10-29T01:13:47.881+0000] {processor.py:157} INFO - Started process (PID=4788) to work on /usr/local/lib/python3.10/dist-packages/airflow/example_dags/plugins/workday.py
[2023-10-29T01:13:47.882+0000] {processor.py:829} INFO - Processing file /usr/local/lib/python3.10/dist-packages/airflow/example_dags/plugins/workday.py for tasks to queue
[2023-10-29T01:13:47.883+0000] {logging_mixin.py:151} INFO - [2023-10-29T01:13:47.883+0000] {dagbag.py:536} INFO - Filling up the DagBag from /usr/local/lib/python3.10/dist-packages/airflow/example_dags/plugins/workday.py
[2023-10-29T01:13:47.886+0000] {logging_mixin.py:151} INFO - [2023-10-29T01:13:47.886+0000] {workday.py:36} WARNING - Could not import pandas. Holidays will not be considered.
[2023-10-29T01:13:47.887+0000] {processor.py:841} WARNING - No viable dags retrieved from /usr/local/lib/python3.10/dist-packages/airflow/example_dags/plugins/workday.py
[2023-10-29T01:13:47.926+0000] {processor.py:179} INFO - Processing /usr/local/lib/python3.10/dist-packages/airflow/example_dags/plugins/workday.py took 0.049 seconds
[2023-10-29T01:14:32.150+0000] {processor.py:157} INFO - Started process (PID=4835) to work on /usr/local/lib/python3.10/dist-packages/airflow/example_dags/plugins/workday.py
[2023-10-29T01:14:32.151+0000] {processor.py:829} INFO - Processing file /usr/local/lib/python3.10/dist-packages/airflow/example_dags/plugins/workday.py for tasks to queue
[2023-10-29T01:14:32.152+0000] {logging_mixin.py:151} INFO - [2023-10-29T01:14:32.152+0000] {dagbag.py:536} INFO - Filling up the DagBag from /usr/local/lib/python3.10/dist-packages/airflow/example_dags/plugins/workday.py
[2023-10-29T01:14:32.155+0000] {logging_mixin.py:151} INFO - [2023-10-29T01:14:32.155+0000] {workday.py:36} WARNING - Could not import pandas. Holidays will not be considered.
[2023-10-29T01:14:32.155+0000] {processor.py:841} WARNING - No viable dags retrieved from /usr/local/lib/python3.10/dist-packages/airflow/example_dags/plugins/workday.py
[2023-10-29T01:14:32.166+0000] {processor.py:179} INFO - Processing /usr/local/lib/python3.10/dist-packages/airflow/example_dags/plugins/workday.py took 0.019 seconds
[2023-10-29T01:15:12.915+0000] {processor.py:157} INFO - Started process (PID=4878) to work on /usr/local/lib/python3.10/dist-packages/airflow/example_dags/plugins/workday.py
[2023-10-29T01:15:12.916+0000] {processor.py:829} INFO - Processing file /usr/local/lib/python3.10/dist-packages/airflow/example_dags/plugins/workday.py for tasks to queue
[2023-10-29T01:15:12.917+0000] {logging_mixin.py:151} INFO - [2023-10-29T01:15:12.917+0000] {dagbag.py:536} INFO - Filling up the DagBag from /usr/local/lib/python3.10/dist-packages/airflow/example_dags/plugins/workday.py
[2023-10-29T01:15:12.920+0000] {logging_mixin.py:151} INFO - [2023-10-29T01:15:12.920+0000] {workday.py:36} WARNING - Could not import pandas. Holidays will not be considered.
[2023-10-29T01:15:12.920+0000] {processor.py:841} WARNING - No viable dags retrieved from /usr/local/lib/python3.10/dist-packages/airflow/example_dags/plugins/workday.py
[2023-10-29T01:15:12.930+0000] {processor.py:179} INFO - Processing /usr/local/lib/python3.10/dist-packages/airflow/example_dags/plugins/workday.py took 0.018 seconds
[2023-10-29T01:15:46.339+0000] {processor.py:157} INFO - Started process (PID=4911) to work on /usr/local/lib/python3.10/dist-packages/airflow/example_dags/plugins/workday.py
[2023-10-29T01:15:46.340+0000] {processor.py:829} INFO - Processing file /usr/local/lib/python3.10/dist-packages/airflow/example_dags/plugins/workday.py for tasks to queue
[2023-10-29T01:15:46.341+0000] {logging_mixin.py:151} INFO - [2023-10-29T01:15:46.341+0000] {dagbag.py:536} INFO - Filling up the DagBag from /usr/local/lib/python3.10/dist-packages/airflow/example_dags/plugins/workday.py
[2023-10-29T01:15:46.344+0000] {logging_mixin.py:151} INFO - [2023-10-29T01:15:46.344+0000] {workday.py:36} WARNING - Could not import pandas. Holidays will not be considered.
[2023-10-29T01:15:46.345+0000] {processor.py:841} WARNING - No viable dags retrieved from /usr/local/lib/python3.10/dist-packages/airflow/example_dags/plugins/workday.py
[2023-10-29T01:15:46.355+0000] {processor.py:179} INFO - Processing /usr/local/lib/python3.10/dist-packages/airflow/example_dags/plugins/workday.py took 0.019 seconds
[2023-10-29T01:16:31.605+0000] {processor.py:157} INFO - Started process (PID=4957) to work on /usr/local/lib/python3.10/dist-packages/airflow/example_dags/plugins/workday.py
[2023-10-29T01:16:31.607+0000] {processor.py:829} INFO - Processing file /usr/local/lib/python3.10/dist-packages/airflow/example_dags/plugins/workday.py for tasks to queue
[2023-10-29T01:16:31.607+0000] {logging_mixin.py:151} INFO - [2023-10-29T01:16:31.607+0000] {dagbag.py:536} INFO - Filling up the DagBag from /usr/local/lib/python3.10/dist-packages/airflow/example_dags/plugins/workday.py
[2023-10-29T01:16:31.610+0000] {logging_mixin.py:151} INFO - [2023-10-29T01:16:31.610+0000] {workday.py:36} WARNING - Could not import pandas. Holidays will not be considered.
[2023-10-29T01:16:31.611+0000] {processor.py:841} WARNING - No viable dags retrieved from /usr/local/lib/python3.10/dist-packages/airflow/example_dags/plugins/workday.py
[2023-10-29T01:16:31.621+0000] {processor.py:179} INFO - Processing /usr/local/lib/python3.10/dist-packages/airflow/example_dags/plugins/workday.py took 0.018 seconds
[2023-10-29T01:17:16.770+0000] {processor.py:157} INFO - Started process (PID=5006) to work on /usr/local/lib/python3.10/dist-packages/airflow/example_dags/plugins/workday.py
[2023-10-29T01:17:16.771+0000] {processor.py:829} INFO - Processing file /usr/local/lib/python3.10/dist-packages/airflow/example_dags/plugins/workday.py for tasks to queue
[2023-10-29T01:17:16.772+0000] {logging_mixin.py:151} INFO - [2023-10-29T01:17:16.772+0000] {dagbag.py:536} INFO - Filling up the DagBag from /usr/local/lib/python3.10/dist-packages/airflow/example_dags/plugins/workday.py
[2023-10-29T01:17:16.775+0000] {logging_mixin.py:151} INFO - [2023-10-29T01:17:16.775+0000] {workday.py:36} WARNING - Could not import pandas. Holidays will not be considered.
[2023-10-29T01:17:16.775+0000] {processor.py:841} WARNING - No viable dags retrieved from /usr/local/lib/python3.10/dist-packages/airflow/example_dags/plugins/workday.py
[2023-10-29T01:17:16.785+0000] {processor.py:179} INFO - Processing /usr/local/lib/python3.10/dist-packages/airflow/example_dags/plugins/workday.py took 0.019 seconds
[2023-10-29T01:17:48.587+0000] {processor.py:157} INFO - Started process (PID=5039) to work on /usr/local/lib/python3.10/dist-packages/airflow/example_dags/plugins/workday.py
[2023-10-29T01:17:48.588+0000] {processor.py:829} INFO - Processing file /usr/local/lib/python3.10/dist-packages/airflow/example_dags/plugins/workday.py for tasks to queue
[2023-10-29T01:17:48.589+0000] {logging_mixin.py:151} INFO - [2023-10-29T01:17:48.589+0000] {dagbag.py:536} INFO - Filling up the DagBag from /usr/local/lib/python3.10/dist-packages/airflow/example_dags/plugins/workday.py
[2023-10-29T01:17:48.592+0000] {logging_mixin.py:151} INFO - [2023-10-29T01:17:48.592+0000] {workday.py:36} WARNING - Could not import pandas. Holidays will not be considered.
[2023-10-29T01:17:48.592+0000] {processor.py:841} WARNING - No viable dags retrieved from /usr/local/lib/python3.10/dist-packages/airflow/example_dags/plugins/workday.py
[2023-10-29T01:17:48.602+0000] {processor.py:179} INFO - Processing /usr/local/lib/python3.10/dist-packages/airflow/example_dags/plugins/workday.py took 0.018 seconds
[2023-10-29T01:18:34.080+0000] {processor.py:157} INFO - Started process (PID=5086) to work on /usr/local/lib/python3.10/dist-packages/airflow/example_dags/plugins/workday.py
[2023-10-29T01:18:34.081+0000] {processor.py:829} INFO - Processing file /usr/local/lib/python3.10/dist-packages/airflow/example_dags/plugins/workday.py for tasks to queue
[2023-10-29T01:18:34.082+0000] {logging_mixin.py:151} INFO - [2023-10-29T01:18:34.082+0000] {dagbag.py:536} INFO - Filling up the DagBag from /usr/local/lib/python3.10/dist-packages/airflow/example_dags/plugins/workday.py
[2023-10-29T01:18:34.085+0000] {logging_mixin.py:151} INFO - [2023-10-29T01:18:34.085+0000] {workday.py:36} WARNING - Could not import pandas. Holidays will not be considered.
[2023-10-29T01:18:34.085+0000] {processor.py:841} WARNING - No viable dags retrieved from /usr/local/lib/python3.10/dist-packages/airflow/example_dags/plugins/workday.py
[2023-10-29T01:18:34.095+0000] {processor.py:179} INFO - Processing /usr/local/lib/python3.10/dist-packages/airflow/example_dags/plugins/workday.py took 0.019 seconds
[2023-10-29T01:19:19.916+0000] {processor.py:157} INFO - Started process (PID=5133) to work on /usr/local/lib/python3.10/dist-packages/airflow/example_dags/plugins/workday.py
[2023-10-29T01:19:19.918+0000] {processor.py:829} INFO - Processing file /usr/local/lib/python3.10/dist-packages/airflow/example_dags/plugins/workday.py for tasks to queue
[2023-10-29T01:19:19.919+0000] {logging_mixin.py:151} INFO - [2023-10-29T01:19:19.918+0000] {dagbag.py:536} INFO - Filling up the DagBag from /usr/local/lib/python3.10/dist-packages/airflow/example_dags/plugins/workday.py
[2023-10-29T01:19:19.922+0000] {logging_mixin.py:151} INFO - [2023-10-29T01:19:19.921+0000] {workday.py:36} WARNING - Could not import pandas. Holidays will not be considered.
[2023-10-29T01:19:19.922+0000] {processor.py:841} WARNING - No viable dags retrieved from /usr/local/lib/python3.10/dist-packages/airflow/example_dags/plugins/workday.py
[2023-10-29T01:19:19.932+0000] {processor.py:179} INFO - Processing /usr/local/lib/python3.10/dist-packages/airflow/example_dags/plugins/workday.py took 0.019 seconds
[2023-10-29T01:19:55.095+0000] {processor.py:157} INFO - Started process (PID=5167) to work on /usr/local/lib/python3.10/dist-packages/airflow/example_dags/plugins/workday.py
[2023-10-29T01:19:55.097+0000] {processor.py:829} INFO - Processing file /usr/local/lib/python3.10/dist-packages/airflow/example_dags/plugins/workday.py for tasks to queue
[2023-10-29T01:19:55.097+0000] {logging_mixin.py:151} INFO - [2023-10-29T01:19:55.097+0000] {dagbag.py:536} INFO - Filling up the DagBag from /usr/local/lib/python3.10/dist-packages/airflow/example_dags/plugins/workday.py
[2023-10-29T01:19:55.100+0000] {logging_mixin.py:151} INFO - [2023-10-29T01:19:55.100+0000] {workday.py:36} WARNING - Could not import pandas. Holidays will not be considered.
[2023-10-29T01:19:55.101+0000] {processor.py:841} WARNING - No viable dags retrieved from /usr/local/lib/python3.10/dist-packages/airflow/example_dags/plugins/workday.py
[2023-10-29T01:19:55.111+0000] {processor.py:179} INFO - Processing /usr/local/lib/python3.10/dist-packages/airflow/example_dags/plugins/workday.py took 0.019 seconds
[2023-10-29T01:20:39.661+0000] {processor.py:157} INFO - Started process (PID=5213) to work on /usr/local/lib/python3.10/dist-packages/airflow/example_dags/plugins/workday.py
[2023-10-29T01:20:39.662+0000] {processor.py:829} INFO - Processing file /usr/local/lib/python3.10/dist-packages/airflow/example_dags/plugins/workday.py for tasks to queue
[2023-10-29T01:20:39.663+0000] {logging_mixin.py:151} INFO - [2023-10-29T01:20:39.662+0000] {dagbag.py:536} INFO - Filling up the DagBag from /usr/local/lib/python3.10/dist-packages/airflow/example_dags/plugins/workday.py
[2023-10-29T01:20:39.666+0000] {logging_mixin.py:151} INFO - [2023-10-29T01:20:39.665+0000] {workday.py:36} WARNING - Could not import pandas. Holidays will not be considered.
[2023-10-29T01:20:39.666+0000] {processor.py:841} WARNING - No viable dags retrieved from /usr/local/lib/python3.10/dist-packages/airflow/example_dags/plugins/workday.py
[2023-10-29T01:20:39.676+0000] {processor.py:179} INFO - Processing /usr/local/lib/python3.10/dist-packages/airflow/example_dags/plugins/workday.py took 0.019 seconds
[2023-10-29T01:21:23.674+0000] {processor.py:157} INFO - Started process (PID=5260) to work on /usr/local/lib/python3.10/dist-packages/airflow/example_dags/plugins/workday.py
[2023-10-29T01:21:23.675+0000] {processor.py:829} INFO - Processing file /usr/local/lib/python3.10/dist-packages/airflow/example_dags/plugins/workday.py for tasks to queue
[2023-10-29T01:21:23.676+0000] {logging_mixin.py:151} INFO - [2023-10-29T01:21:23.676+0000] {dagbag.py:536} INFO - Filling up the DagBag from /usr/local/lib/python3.10/dist-packages/airflow/example_dags/plugins/workday.py
[2023-10-29T01:21:23.679+0000] {logging_mixin.py:151} INFO - [2023-10-29T01:21:23.679+0000] {workday.py:36} WARNING - Could not import pandas. Holidays will not be considered.
[2023-10-29T01:21:23.679+0000] {processor.py:841} WARNING - No viable dags retrieved from /usr/local/lib/python3.10/dist-packages/airflow/example_dags/plugins/workday.py
[2023-10-29T01:21:23.690+0000] {processor.py:179} INFO - Processing /usr/local/lib/python3.10/dist-packages/airflow/example_dags/plugins/workday.py took 0.019 seconds
[2023-10-29T01:21:56.780+0000] {processor.py:157} INFO - Started process (PID=5293) to work on /usr/local/lib/python3.10/dist-packages/airflow/example_dags/plugins/workday.py
[2023-10-29T01:21:56.781+0000] {processor.py:829} INFO - Processing file /usr/local/lib/python3.10/dist-packages/airflow/example_dags/plugins/workday.py for tasks to queue
[2023-10-29T01:21:56.782+0000] {logging_mixin.py:151} INFO - [2023-10-29T01:21:56.782+0000] {dagbag.py:536} INFO - Filling up the DagBag from /usr/local/lib/python3.10/dist-packages/airflow/example_dags/plugins/workday.py
[2023-10-29T01:21:56.785+0000] {logging_mixin.py:151} INFO - [2023-10-29T01:21:56.785+0000] {workday.py:36} WARNING - Could not import pandas. Holidays will not be considered.
[2023-10-29T01:21:56.785+0000] {processor.py:841} WARNING - No viable dags retrieved from /usr/local/lib/python3.10/dist-packages/airflow/example_dags/plugins/workday.py
[2023-10-29T01:21:56.795+0000] {processor.py:179} INFO - Processing /usr/local/lib/python3.10/dist-packages/airflow/example_dags/plugins/workday.py took 0.019 seconds
[2023-10-29T01:22:29.630+0000] {processor.py:157} INFO - Started process (PID=5328) to work on /usr/local/lib/python3.10/dist-packages/airflow/example_dags/plugins/workday.py
[2023-10-29T01:22:29.631+0000] {processor.py:829} INFO - Processing file /usr/local/lib/python3.10/dist-packages/airflow/example_dags/plugins/workday.py for tasks to queue
[2023-10-29T01:22:29.632+0000] {logging_mixin.py:151} INFO - [2023-10-29T01:22:29.632+0000] {dagbag.py:536} INFO - Filling up the DagBag from /usr/local/lib/python3.10/dist-packages/airflow/example_dags/plugins/workday.py
[2023-10-29T01:22:29.635+0000] {logging_mixin.py:151} INFO - [2023-10-29T01:22:29.635+0000] {workday.py:36} WARNING - Could not import pandas. Holidays will not be considered.
[2023-10-29T01:22:29.636+0000] {processor.py:841} WARNING - No viable dags retrieved from /usr/local/lib/python3.10/dist-packages/airflow/example_dags/plugins/workday.py
[2023-10-29T01:22:29.646+0000] {processor.py:179} INFO - Processing /usr/local/lib/python3.10/dist-packages/airflow/example_dags/plugins/workday.py took 0.019 seconds
[2023-10-29T01:23:01.971+0000] {processor.py:157} INFO - Started process (PID=5361) to work on /usr/local/lib/python3.10/dist-packages/airflow/example_dags/plugins/workday.py
[2023-10-29T01:23:01.972+0000] {processor.py:829} INFO - Processing file /usr/local/lib/python3.10/dist-packages/airflow/example_dags/plugins/workday.py for tasks to queue
[2023-10-29T01:23:01.972+0000] {logging_mixin.py:151} INFO - [2023-10-29T01:23:01.972+0000] {dagbag.py:536} INFO - Filling up the DagBag from /usr/local/lib/python3.10/dist-packages/airflow/example_dags/plugins/workday.py
[2023-10-29T01:23:01.975+0000] {logging_mixin.py:151} INFO - [2023-10-29T01:23:01.975+0000] {workday.py:36} WARNING - Could not import pandas. Holidays will not be considered.
[2023-10-29T01:23:01.976+0000] {processor.py:841} WARNING - No viable dags retrieved from /usr/local/lib/python3.10/dist-packages/airflow/example_dags/plugins/workday.py
[2023-10-29T01:23:01.986+0000] {processor.py:179} INFO - Processing /usr/local/lib/python3.10/dist-packages/airflow/example_dags/plugins/workday.py took 0.019 seconds
[2023-10-29T01:23:34.673+0000] {processor.py:157} INFO - Started process (PID=5394) to work on /usr/local/lib/python3.10/dist-packages/airflow/example_dags/plugins/workday.py
[2023-10-29T01:23:34.675+0000] {processor.py:829} INFO - Processing file /usr/local/lib/python3.10/dist-packages/airflow/example_dags/plugins/workday.py for tasks to queue
[2023-10-29T01:23:34.676+0000] {logging_mixin.py:151} INFO - [2023-10-29T01:23:34.676+0000] {dagbag.py:536} INFO - Filling up the DagBag from /usr/local/lib/python3.10/dist-packages/airflow/example_dags/plugins/workday.py
[2023-10-29T01:23:34.679+0000] {logging_mixin.py:151} INFO - [2023-10-29T01:23:34.679+0000] {workday.py:36} WARNING - Could not import pandas. Holidays will not be considered.
[2023-10-29T01:23:34.679+0000] {processor.py:841} WARNING - No viable dags retrieved from /usr/local/lib/python3.10/dist-packages/airflow/example_dags/plugins/workday.py
[2023-10-29T01:23:34.690+0000] {processor.py:179} INFO - Processing /usr/local/lib/python3.10/dist-packages/airflow/example_dags/plugins/workday.py took 0.019 seconds
[2023-10-29T01:24:08.945+0000] {processor.py:157} INFO - Started process (PID=5429) to work on /usr/local/lib/python3.10/dist-packages/airflow/example_dags/plugins/workday.py
[2023-10-29T01:24:08.945+0000] {processor.py:829} INFO - Processing file /usr/local/lib/python3.10/dist-packages/airflow/example_dags/plugins/workday.py for tasks to queue
[2023-10-29T01:24:08.946+0000] {logging_mixin.py:151} INFO - [2023-10-29T01:24:08.946+0000] {dagbag.py:536} INFO - Filling up the DagBag from /usr/local/lib/python3.10/dist-packages/airflow/example_dags/plugins/workday.py
[2023-10-29T01:24:08.949+0000] {logging_mixin.py:151} INFO - [2023-10-29T01:24:08.949+0000] {workday.py:36} WARNING - Could not import pandas. Holidays will not be considered.
[2023-10-29T01:24:08.949+0000] {processor.py:841} WARNING - No viable dags retrieved from /usr/local/lib/python3.10/dist-packages/airflow/example_dags/plugins/workday.py
[2023-10-29T01:24:08.960+0000] {processor.py:179} INFO - Processing /usr/local/lib/python3.10/dist-packages/airflow/example_dags/plugins/workday.py took 0.018 seconds
[2023-10-29T01:24:43.439+0000] {processor.py:157} INFO - Started process (PID=5463) to work on /usr/local/lib/python3.10/dist-packages/airflow/example_dags/plugins/workday.py
[2023-10-29T01:24:43.441+0000] {processor.py:829} INFO - Processing file /usr/local/lib/python3.10/dist-packages/airflow/example_dags/plugins/workday.py for tasks to queue
[2023-10-29T01:24:43.442+0000] {logging_mixin.py:151} INFO - [2023-10-29T01:24:43.441+0000] {dagbag.py:536} INFO - Filling up the DagBag from /usr/local/lib/python3.10/dist-packages/airflow/example_dags/plugins/workday.py
[2023-10-29T01:24:43.444+0000] {logging_mixin.py:151} INFO - [2023-10-29T01:24:43.444+0000] {workday.py:36} WARNING - Could not import pandas. Holidays will not be considered.
[2023-10-29T01:24:43.445+0000] {processor.py:841} WARNING - No viable dags retrieved from /usr/local/lib/python3.10/dist-packages/airflow/example_dags/plugins/workday.py
[2023-10-29T01:24:43.455+0000] {processor.py:179} INFO - Processing /usr/local/lib/python3.10/dist-packages/airflow/example_dags/plugins/workday.py took 0.019 seconds
[2023-10-29T01:25:30.320+0000] {processor.py:157} INFO - Started process (PID=5511) to work on /usr/local/lib/python3.10/dist-packages/airflow/example_dags/plugins/workday.py
[2023-10-29T01:25:30.322+0000] {processor.py:829} INFO - Processing file /usr/local/lib/python3.10/dist-packages/airflow/example_dags/plugins/workday.py for tasks to queue
[2023-10-29T01:25:30.323+0000] {logging_mixin.py:151} INFO - [2023-10-29T01:25:30.322+0000] {dagbag.py:536} INFO - Filling up the DagBag from /usr/local/lib/python3.10/dist-packages/airflow/example_dags/plugins/workday.py
[2023-10-29T01:25:30.325+0000] {logging_mixin.py:151} INFO - [2023-10-29T01:25:30.325+0000] {workday.py:36} WARNING - Could not import pandas. Holidays will not be considered.
[2023-10-29T01:25:30.326+0000] {processor.py:841} WARNING - No viable dags retrieved from /usr/local/lib/python3.10/dist-packages/airflow/example_dags/plugins/workday.py
[2023-10-29T01:25:30.336+0000] {processor.py:179} INFO - Processing /usr/local/lib/python3.10/dist-packages/airflow/example_dags/plugins/workday.py took 0.019 seconds
